[0.424s] Invoking command in '/home/GTL/apaul/ros2_hw1/build/vrep4_helpers': CMAKE_PREFIX_PATH=/opt/ros/humble /usr/bin/cmake --build /home/GTL/apaul/ros2_hw1/build/vrep4_helpers -- -j16 -l16
[0.478s] [100%] Built target image_flip
[0.478s] [100%] Built target clock_repeat
[0.632s] Invoked command in '/home/GTL/apaul/ros2_hw1/build/vrep4_helpers' returned '0': CMAKE_PREFIX_PATH=/opt/ros/humble /usr/bin/cmake --build /home/GTL/apaul/ros2_hw1/build/vrep4_helpers -- -j16 -l16
[0.651s] Invoking command in '/home/GTL/apaul/ros2_hw1/build/vrep4_helpers': CMAKE_PREFIX_PATH=/opt/ros/humble /usr/bin/cmake --install /home/GTL/apaul/ros2_hw1/build/vrep4_helpers
[0.656s] -- Install configuration: ""
[0.657s] -- Up-to-date: /home/GTL/apaul/ros2_hw1/install/vrep4_helpers/lib/vrep4_helpers/image_flip
[0.658s] -- Up-to-date: /home/GTL/apaul/ros2_hw1/install/vrep4_helpers/lib/vrep4_helpers/clock_repeat
[0.661s] -- Up-to-date: /home/GTL/apaul/ros2_hw1/install/vrep4_helpers/share/vrep4_helpers
[0.662s] -- Up-to-date: /home/GTL/apaul/ros2_hw1/install/vrep4_helpers/share/vrep4_helpers/kinect_pc.launch.py
[0.663s] -- Up-to-date: /home/GTL/apaul/ros2_hw1/install/vrep4_helpers/share/vrep4_helpers/kinect_pc_min.launch.py
[0.663s] -- Up-to-date: /home/GTL/apaul/ros2_hw1/install/vrep4_helpers/share/vrep4_helpers/__pycache__
[0.665s] -- Up-to-date: /home/GTL/apaul/ros2_hw1/install/vrep4_helpers/share/vrep4_helpers/__pycache__/kinect_pc_min.launch.cpython-310.pyc
[0.666s] -- Up-to-date: /home/GTL/apaul/ros2_hw1/install/vrep4_helpers/share/ament_index/resource_index/package_run_dependencies/vrep4_helpers
[0.667s] -- Up-to-date: /home/GTL/apaul/ros2_hw1/install/vrep4_helpers/share/ament_index/resource_index/parent_prefix_path/vrep4_helpers
[0.668s] -- Up-to-date: /home/GTL/apaul/ros2_hw1/install/vrep4_helpers/share/vrep4_helpers/environment/ament_prefix_path.sh
[0.669s] -- Up-to-date: /home/GTL/apaul/ros2_hw1/install/vrep4_helpers/share/vrep4_helpers/environment/ament_prefix_path.dsv
[0.670s] -- Up-to-date: /home/GTL/apaul/ros2_hw1/install/vrep4_helpers/share/vrep4_helpers/environment/path.sh
[0.671s] -- Up-to-date: /home/GTL/apaul/ros2_hw1/install/vrep4_helpers/share/vrep4_helpers/environment/path.dsv
[0.671s] -- Up-to-date: /home/GTL/apaul/ros2_hw1/install/vrep4_helpers/share/vrep4_helpers/local_setup.bash
[0.672s] -- Up-to-date: /home/GTL/apaul/ros2_hw1/install/vrep4_helpers/share/vrep4_helpers/local_setup.sh
[0.673s] -- Up-to-date: /home/GTL/apaul/ros2_hw1/install/vrep4_helpers/share/vrep4_helpers/local_setup.zsh
[0.673s] -- Up-to-date: /home/GTL/apaul/ros2_hw1/install/vrep4_helpers/share/vrep4_helpers/local_setup.dsv
[0.674s] -- Installing: /home/GTL/apaul/ros2_hw1/install/vrep4_helpers/share/vrep4_helpers/package.dsv
[0.679s] -- Up-to-date: /home/GTL/apaul/ros2_hw1/install/vrep4_helpers/share/ament_index/resource_index/packages/vrep4_helpers
[0.679s] -- Up-to-date: /home/GTL/apaul/ros2_hw1/install/vrep4_helpers/share/vrep4_helpers/cmake/vrep4_helpersConfig.cmake
[0.680s] -- Up-to-date: /home/GTL/apaul/ros2_hw1/install/vrep4_helpers/share/vrep4_helpers/cmake/vrep4_helpersConfig-version.cmake
[0.680s] -- Up-to-date: /home/GTL/apaul/ros2_hw1/install/vrep4_helpers/share/vrep4_helpers/package.xml
[0.704s] Invoked command in '/home/GTL/apaul/ros2_hw1/build/vrep4_helpers' returned '0': CMAKE_PREFIX_PATH=/opt/ros/humble /usr/bin/cmake --install /home/GTL/apaul/ros2_hw1/build/vrep4_helpers
