[0.664s] Invoking command in '/home/GTL/pcastere/ros_hw1/ros2_hw1/build/joy_pack': CMAKE_PREFIX_PATH=/opt/ros/humble /usr/bin/cmake --build /home/GTL/pcastere/ros_hw1/ros2_hw1/build/joy_pack -- -j16 -l16
[0.866s] [100%] Built target joy_node
[1.059s] Invoked command in '/home/GTL/pcastere/ros_hw1/ros2_hw1/build/joy_pack' returned '0': CMAKE_PREFIX_PATH=/opt/ros/humble /usr/bin/cmake --build /home/GTL/pcastere/ros_hw1/ros2_hw1/build/joy_pack -- -j16 -l16
[1.097s] Invoking command in '/home/GTL/pcastere/ros_hw1/ros2_hw1/build/joy_pack': CMAKE_PREFIX_PATH=/opt/ros/humble /usr/bin/cmake --install /home/GTL/pcastere/ros_hw1/ros2_hw1/build/joy_pack
[1.102s] -- Install configuration: ""
[1.102s] -- Up-to-date: /home/GTL/pcastere/ros_hw1/ros2_hw1/install/joy_pack/lib/joy_pack/joy_node
[1.105s] -- Up-to-date: /home/GTL/pcastere/ros_hw1/ros2_hw1/install/joy_pack/share/ament_index/resource_index/package_run_dependencies/joy_pack
[1.105s] -- Up-to-date: /home/GTL/pcastere/ros_hw1/ros2_hw1/install/joy_pack/share/ament_index/resource_index/parent_prefix_path/joy_pack
[1.105s] -- Up-to-date: /home/GTL/pcastere/ros_hw1/ros2_hw1/install/joy_pack/share/joy_pack/environment/ament_prefix_path.sh
[1.105s] -- Up-to-date: /home/GTL/pcastere/ros_hw1/ros2_hw1/install/joy_pack/share/joy_pack/environment/ament_prefix_path.dsv
[1.105s] -- Up-to-date: /home/GTL/pcastere/ros_hw1/ros2_hw1/install/joy_pack/share/joy_pack/environment/path.sh
[1.105s] -- Up-to-date: /home/GTL/pcastere/ros_hw1/ros2_hw1/install/joy_pack/share/joy_pack/environment/path.dsv
[1.105s] -- Up-to-date: /home/GTL/pcastere/ros_hw1/ros2_hw1/install/joy_pack/share/joy_pack/local_setup.bash
[1.105s] -- Up-to-date: /home/GTL/pcastere/ros_hw1/ros2_hw1/install/joy_pack/share/joy_pack/local_setup.sh
[1.106s] -- Up-to-date: /home/GTL/pcastere/ros_hw1/ros2_hw1/install/joy_pack/share/joy_pack/local_setup.zsh
[1.106s] -- Up-to-date: /home/GTL/pcastere/ros_hw1/ros2_hw1/install/joy_pack/share/joy_pack/local_setup.dsv
[1.109s] -- Installing: /home/GTL/pcastere/ros_hw1/ros2_hw1/install/joy_pack/share/joy_pack/package.dsv
[1.110s] -- Up-to-date: /home/GTL/pcastere/ros_hw1/ros2_hw1/install/joy_pack/share/ament_index/resource_index/packages/joy_pack
[1.110s] -- Up-to-date: /home/GTL/pcastere/ros_hw1/ros2_hw1/install/joy_pack/share/joy_pack/cmake/joy_packConfig.cmake
[1.110s] -- Up-to-date: /home/GTL/pcastere/ros_hw1/ros2_hw1/install/joy_pack/share/joy_pack/cmake/joy_packConfig-version.cmake
[1.110s] -- Up-to-date: /home/GTL/pcastere/ros_hw1/ros2_hw1/install/joy_pack/share/joy_pack/package.xml
[1.121s] Invoked command in '/home/GTL/pcastere/ros_hw1/ros2_hw1/build/joy_pack' returned '0': CMAKE_PREFIX_PATH=/opt/ros/humble /usr/bin/cmake --install /home/GTL/pcastere/ros_hw1/ros2_hw1/build/joy_pack
