[0.594s] Invoking command in '/home/GTL/apaul/ros2_hw1/src/ar_loc_base': AMENT_PREFIX_PATH=/home/GTL/apaul/ros2_hw1/install/rover_driver_base:${AMENT_PREFIX_PATH} PYTHONPATH=/home/GTL/apaul/ros2_hw1/build/ar_loc_base/prefix_override:/usr/lib/python3/dist-packages/colcon_core/task/python/colcon_distutils_commands:/home/GTL/apaul/ros2_hw1/install/ar_loc_base/lib/python3.10/site-packages:/home/GTL/apaul/ros2_hw1/install/rover_driver_base/lib/python3.10/site-packages:${PYTHONPATH} /usr/bin/python3 -W ignore:setup.py install is deprecated setup.py egg_info --egg-base ../../build/ar_loc_base build --build-base /home/GTL/apaul/ros2_hw1/build/ar_loc_base/build install --record /home/GTL/apaul/ros2_hw1/build/ar_loc_base/install.log --single-version-externally-managed install_data
[0.800s] running egg_info
[0.801s] writing ../../build/ar_loc_base/ar_loc_base.egg-info/PKG-INFO
[0.801s] writing dependency_links to ../../build/ar_loc_base/ar_loc_base.egg-info/dependency_links.txt
[0.802s] writing entry points to ../../build/ar_loc_base/ar_loc_base.egg-info/entry_points.txt
[0.803s] writing requirements to ../../build/ar_loc_base/ar_loc_base.egg-info/requires.txt
[0.803s] writing top-level names to ../../build/ar_loc_base/ar_loc_base.egg-info/top_level.txt
[0.806s] reading manifest file '../../build/ar_loc_base/ar_loc_base.egg-info/SOURCES.txt'
[0.807s] writing manifest file '../../build/ar_loc_base/ar_loc_base.egg-info/SOURCES.txt'
[0.809s] running build
[0.809s] running build_py
[0.809s] copying ar_loc_base/rover_kf.py -> /home/GTL/apaul/ros2_hw1/build/ar_loc_base/build/lib/ar_loc_base
[0.811s] running install
[0.811s] running install_lib
[0.812s] copying /home/GTL/apaul/ros2_hw1/build/ar_loc_base/build/lib/ar_loc_base/rover_kf.py -> /home/GTL/apaul/ros2_hw1/install/ar_loc_base/lib/python3.10/site-packages/ar_loc_base
[0.815s] byte-compiling /home/GTL/apaul/ros2_hw1/install/ar_loc_base/lib/python3.10/site-packages/ar_loc_base/rover_kf.py to rover_kf.cpython-310.pyc
[0.841s] running install_data
[0.841s] running install_egg_info
[0.841s] removing '/home/GTL/apaul/ros2_hw1/install/ar_loc_base/lib/python3.10/site-packages/ar_loc_base-0.0.0-py3.10.egg-info' (and everything under it)
[0.841s] Copying ../../build/ar_loc_base/ar_loc_base.egg-info to /home/GTL/apaul/ros2_hw1/install/ar_loc_base/lib/python3.10/site-packages/ar_loc_base-0.0.0-py3.10.egg-info
[0.855s] running install_scripts
[0.870s] Installing ar_loc_node script to /home/GTL/apaul/ros2_hw1/install/ar_loc_base/lib/ar_loc_base
[0.872s] writing list of installed files to '/home/GTL/apaul/ros2_hw1/build/ar_loc_base/install.log'
[0.903s] Invoked command in '/home/GTL/apaul/ros2_hw1/src/ar_loc_base' returned '0': AMENT_PREFIX_PATH=/home/GTL/apaul/ros2_hw1/install/rover_driver_base:${AMENT_PREFIX_PATH} PYTHONPATH=/home/GTL/apaul/ros2_hw1/build/ar_loc_base/prefix_override:/usr/lib/python3/dist-packages/colcon_core/task/python/colcon_distutils_commands:/home/GTL/apaul/ros2_hw1/install/ar_loc_base/lib/python3.10/site-packages:/home/GTL/apaul/ros2_hw1/install/rover_driver_base/lib/python3.10/site-packages:${PYTHONPATH} /usr/bin/python3 -W ignore:setup.py install is deprecated setup.py egg_info --egg-base ../../build/ar_loc_base build --build-base /home/GTL/apaul/ros2_hw1/build/ar_loc_base/build install --record /home/GTL/apaul/ros2_hw1/build/ar_loc_base/install.log --single-version-externally-managed install_data
