[0.083s] Invoking command in '/home/GTL/apaul/ros2_hw1/build/collision_avoidance_base': CMAKE_PREFIX_PATH=/opt/ros/humble /usr/bin/cmake --build /home/GTL/apaul/ros2_hw1/build/collision_avoidance_base -- -j16 -l16
[0.146s] [100%] Built target collision_avoidance_base
[0.153s] Invoked command in '/home/GTL/apaul/ros2_hw1/build/collision_avoidance_base' returned '0': CMAKE_PREFIX_PATH=/opt/ros/humble /usr/bin/cmake --build /home/GTL/apaul/ros2_hw1/build/collision_avoidance_base -- -j16 -l16
[0.172s] Invoking command in '/home/GTL/apaul/ros2_hw1/build/collision_avoidance_base': CMAKE_PREFIX_PATH=/opt/ros/humble /usr/bin/cmake --install /home/GTL/apaul/ros2_hw1/build/collision_avoidance_base
[0.177s] -- Install configuration: ""
[0.177s] -- Up-to-date: /home/GTL/apaul/ros2_hw1/install/collision_avoidance_base/lib/collision_avoidance_base/collision_avoidance_base
[0.179s] -- Up-to-date: /home/GTL/apaul/ros2_hw1/install/collision_avoidance_base/share/collision_avoidance_base
[0.180s] -- Up-to-date: /home/GTL/apaul/ros2_hw1/install/collision_avoidance_base/share/collision_avoidance_base/coll_teleop.launch.py
[0.184s] -- Up-to-date: /home/GTL/apaul/ros2_hw1/install/collision_avoidance_base/share/collision_avoidance_base/ca_auto.launch.py
[0.184s] -- Up-to-date: /home/GTL/apaul/ros2_hw1/install/collision_avoidance_base/share/collision_avoidance_base/ca.launch.py
[0.184s] -- Up-to-date: /home/GTL/apaul/ros2_hw1/install/collision_avoidance_base/share/collision_avoidance_base/__pycache__
[0.184s] -- Up-to-date: /home/GTL/apaul/ros2_hw1/install/collision_avoidance_base/share/collision_avoidance_base/__pycache__/coll_teleop.launch.cpython-310.pyc
[0.184s] -- Up-to-date: /home/GTL/apaul/ros2_hw1/install/collision_avoidance_base/share/collision_avoidance_base/__pycache__/ca.launch.cpython-310.pyc
[0.184s] -- Up-to-date: /home/GTL/apaul/ros2_hw1/install/collision_avoidance_base/share/ament_index/resource_index/package_run_dependencies/collision_avoidance_base
[0.184s] -- Up-to-date: /home/GTL/apaul/ros2_hw1/install/collision_avoidance_base/share/ament_index/resource_index/parent_prefix_path/collision_avoidance_base
[0.184s] -- Up-to-date: /home/GTL/apaul/ros2_hw1/install/collision_avoidance_base/share/collision_avoidance_base/environment/ament_prefix_path.sh
[0.184s] -- Up-to-date: /home/GTL/apaul/ros2_hw1/install/collision_avoidance_base/share/collision_avoidance_base/environment/ament_prefix_path.dsv
[0.184s] -- Up-to-date: /home/GTL/apaul/ros2_hw1/install/collision_avoidance_base/share/collision_avoidance_base/environment/path.sh
[0.184s] -- Up-to-date: /home/GTL/apaul/ros2_hw1/install/collision_avoidance_base/share/collision_avoidance_base/environment/path.dsv
[0.185s] -- Up-to-date: /home/GTL/apaul/ros2_hw1/install/collision_avoidance_base/share/collision_avoidance_base/local_setup.bash
[0.185s] -- Up-to-date: /home/GTL/apaul/ros2_hw1/install/collision_avoidance_base/share/collision_avoidance_base/local_setup.sh
[0.185s] -- Up-to-date: /home/GTL/apaul/ros2_hw1/install/collision_avoidance_base/share/collision_avoidance_base/local_setup.zsh
[0.185s] -- Up-to-date: /home/GTL/apaul/ros2_hw1/install/collision_avoidance_base/share/collision_avoidance_base/local_setup.dsv
[0.187s] -- Installing: /home/GTL/apaul/ros2_hw1/install/collision_avoidance_base/share/collision_avoidance_base/package.dsv
[0.189s] -- Up-to-date: /home/GTL/apaul/ros2_hw1/install/collision_avoidance_base/share/ament_index/resource_index/packages/collision_avoidance_base
[0.190s] -- Up-to-date: /home/GTL/apaul/ros2_hw1/install/collision_avoidance_base/share/collision_avoidance_base/cmake/collision_avoidance_baseConfig.cmake
[0.190s] -- Up-to-date: /home/GTL/apaul/ros2_hw1/install/collision_avoidance_base/share/collision_avoidance_base/cmake/collision_avoidance_baseConfig-version.cmake
[0.190s] -- Up-to-date: /home/GTL/apaul/ros2_hw1/install/collision_avoidance_base/share/collision_avoidance_base/package.xml
[0.249s] Invoked command in '/home/GTL/apaul/ros2_hw1/build/collision_avoidance_base' returned '0': CMAKE_PREFIX_PATH=/opt/ros/humble /usr/bin/cmake --install /home/GTL/apaul/ros2_hw1/build/collision_avoidance_base
