[0.126s] Invoking command in '/home/GTL/apaul/ros2_hw1/build/wifi_map_base': AMENT_PREFIX_PATH=/home/GTL/apaul/ros2_hw1/install/wpa_cli_msgs:${AMENT_PREFIX_PATH} CMAKE_PREFIX_PATH=/home/GTL/apaul/ros2_hw1/install/wpa_cli_msgs:/opt/ros/humble LD_LIBRARY_PATH=/home/GTL/apaul/ros2_hw1/install/wpa_cli_msgs/lib:${LD_LIBRARY_PATH} PYTHONPATH=/home/GTL/apaul/ros2_hw1/install/wpa_cli_msgs/local/lib/python3.10/dist-packages:${PYTHONPATH} /usr/bin/cmake --build /home/GTL/apaul/ros2_hw1/build/wifi_map_base -- -j16 -l16
[0.170s] [35m[1mConsolidate compiler generated dependencies of target wifi_map_node[0m
[0.212s] [100%] Built target wifi_map_node
[0.358s] Invoked command in '/home/GTL/apaul/ros2_hw1/build/wifi_map_base' returned '0': AMENT_PREFIX_PATH=/home/GTL/apaul/ros2_hw1/install/wpa_cli_msgs:${AMENT_PREFIX_PATH} CMAKE_PREFIX_PATH=/home/GTL/apaul/ros2_hw1/install/wpa_cli_msgs:/opt/ros/humble LD_LIBRARY_PATH=/home/GTL/apaul/ros2_hw1/install/wpa_cli_msgs/lib:${LD_LIBRARY_PATH} PYTHONPATH=/home/GTL/apaul/ros2_hw1/install/wpa_cli_msgs/local/lib/python3.10/dist-packages:${PYTHONPATH} /usr/bin/cmake --build /home/GTL/apaul/ros2_hw1/build/wifi_map_base -- -j16 -l16
[0.530s] Invoking command in '/home/GTL/apaul/ros2_hw1/build/wifi_map_base': AMENT_PREFIX_PATH=/home/GTL/apaul/ros2_hw1/install/wpa_cli_msgs:${AMENT_PREFIX_PATH} CMAKE_PREFIX_PATH=/home/GTL/apaul/ros2_hw1/install/wpa_cli_msgs:/opt/ros/humble LD_LIBRARY_PATH=/home/GTL/apaul/ros2_hw1/install/wpa_cli_msgs/lib:${LD_LIBRARY_PATH} PYTHONPATH=/home/GTL/apaul/ros2_hw1/install/wpa_cli_msgs/local/lib/python3.10/dist-packages:${PYTHONPATH} /usr/bin/cmake --install /home/GTL/apaul/ros2_hw1/build/wifi_map_base
[0.534s] -- Install configuration: ""
[0.534s] -- Up-to-date: /home/GTL/apaul/ros2_hw1/install/wifi_map_base/lib/wifi_map_base/wifi_map_node
[0.537s] -- Up-to-date: /home/GTL/apaul/ros2_hw1/install/wifi_map_base/share/wifi_map_base
[0.538s] -- Up-to-date: /home/GTL/apaul/ros2_hw1/install/wifi_map_base/share/wifi_map_base/wifi_map.launch.py
[0.538s] -- Up-to-date: /home/GTL/apaul/ros2_hw1/install/wifi_map_base/share/wifi_map_base/wifi_map_sim.launch.py
[0.539s] -- Up-to-date: /home/GTL/apaul/ros2_hw1/install/wifi_map_base/share/ament_index/resource_index/package_run_dependencies/wifi_map_base
[0.539s] -- Up-to-date: /home/GTL/apaul/ros2_hw1/install/wifi_map_base/share/ament_index/resource_index/parent_prefix_path/wifi_map_base
[0.539s] -- Up-to-date: /home/GTL/apaul/ros2_hw1/install/wifi_map_base/share/wifi_map_base/environment/ament_prefix_path.sh
[0.539s] -- Up-to-date: /home/GTL/apaul/ros2_hw1/install/wifi_map_base/share/wifi_map_base/environment/ament_prefix_path.dsv
[0.540s] -- Up-to-date: /home/GTL/apaul/ros2_hw1/install/wifi_map_base/share/wifi_map_base/environment/path.sh
[0.540s] -- Up-to-date: /home/GTL/apaul/ros2_hw1/install/wifi_map_base/share/wifi_map_base/environment/path.dsv
[0.540s] -- Up-to-date: /home/GTL/apaul/ros2_hw1/install/wifi_map_base/share/wifi_map_base/local_setup.bash
[0.541s] -- Up-to-date: /home/GTL/apaul/ros2_hw1/install/wifi_map_base/share/wifi_map_base/local_setup.sh
[0.541s] -- Up-to-date: /home/GTL/apaul/ros2_hw1/install/wifi_map_base/share/wifi_map_base/local_setup.zsh
[0.541s] -- Up-to-date: /home/GTL/apaul/ros2_hw1/install/wifi_map_base/share/wifi_map_base/local_setup.dsv
[0.541s] -- Installing: /home/GTL/apaul/ros2_hw1/install/wifi_map_base/share/wifi_map_base/package.dsv
[0.545s] -- Up-to-date: /home/GTL/apaul/ros2_hw1/install/wifi_map_base/share/ament_index/resource_index/packages/wifi_map_base
[0.546s] -- Up-to-date: /home/GTL/apaul/ros2_hw1/install/wifi_map_base/share/wifi_map_base/cmake/wifi_map_baseConfig.cmake
[0.546s] -- Up-to-date: /home/GTL/apaul/ros2_hw1/install/wifi_map_base/share/wifi_map_base/cmake/wifi_map_baseConfig-version.cmake
[0.546s] -- Up-to-date: /home/GTL/apaul/ros2_hw1/install/wifi_map_base/share/wifi_map_base/package.xml
[0.971s] Invoked command in '/home/GTL/apaul/ros2_hw1/build/wifi_map_base' returned '0': AMENT_PREFIX_PATH=/home/GTL/apaul/ros2_hw1/install/wpa_cli_msgs:${AMENT_PREFIX_PATH} CMAKE_PREFIX_PATH=/home/GTL/apaul/ros2_hw1/install/wpa_cli_msgs:/opt/ros/humble LD_LIBRARY_PATH=/home/GTL/apaul/ros2_hw1/install/wpa_cli_msgs/lib:${LD_LIBRARY_PATH} PYTHONPATH=/home/GTL/apaul/ros2_hw1/install/wpa_cli_msgs/local/lib/python3.10/dist-packages:${PYTHONPATH} /usr/bin/cmake --install /home/GTL/apaul/ros2_hw1/build/wifi_map_base
