[0.320s] Invoking command in '/home/GTL/apaul/ros2_hw1/build/wifi_map_base': AMENT_PREFIX_PATH=/home/GTL/apaul/ros2_hw1/install/wpa_cli_msgs:${AMENT_PREFIX_PATH} CMAKE_PREFIX_PATH=/home/GTL/apaul/ros2_hw1/install/wpa_cli_msgs:/opt/ros/humble LD_LIBRARY_PATH=/home/GTL/apaul/ros2_hw1/install/wpa_cli_msgs/lib:${LD_LIBRARY_PATH} PYTHONPATH=/home/GTL/apaul/ros2_hw1/install/wpa_cli_msgs/local/lib/python3.10/dist-packages:${PYTHONPATH} /usr/bin/cmake --build /home/GTL/apaul/ros2_hw1/build/wifi_map_base -- -j16 -l16
[0.391s] [100%] Built target wifi_map_node
[0.403s] Invoked command in '/home/GTL/apaul/ros2_hw1/build/wifi_map_base' returned '0': AMENT_PREFIX_PATH=/home/GTL/apaul/ros2_hw1/install/wpa_cli_msgs:${AMENT_PREFIX_PATH} CMAKE_PREFIX_PATH=/home/GTL/apaul/ros2_hw1/install/wpa_cli_msgs:/opt/ros/humble LD_LIBRARY_PATH=/home/GTL/apaul/ros2_hw1/install/wpa_cli_msgs/lib:${LD_LIBRARY_PATH} PYTHONPATH=/home/GTL/apaul/ros2_hw1/install/wpa_cli_msgs/local/lib/python3.10/dist-packages:${PYTHONPATH} /usr/bin/cmake --build /home/GTL/apaul/ros2_hw1/build/wifi_map_base -- -j16 -l16
[0.808s] Invoking command in '/home/GTL/apaul/ros2_hw1/build/wifi_map_base': AMENT_PREFIX_PATH=/home/GTL/apaul/ros2_hw1/install/wpa_cli_msgs:${AMENT_PREFIX_PATH} CMAKE_PREFIX_PATH=/home/GTL/apaul/ros2_hw1/install/wpa_cli_msgs:/opt/ros/humble LD_LIBRARY_PATH=/home/GTL/apaul/ros2_hw1/install/wpa_cli_msgs/lib:${LD_LIBRARY_PATH} PYTHONPATH=/home/GTL/apaul/ros2_hw1/install/wpa_cli_msgs/local/lib/python3.10/dist-packages:${PYTHONPATH} /usr/bin/cmake --install /home/GTL/apaul/ros2_hw1/build/wifi_map_base
[0.816s] -- Install configuration: ""
[0.816s] -- Up-to-date: /home/GTL/apaul/ros2_hw1/install/wifi_map_base/lib/wifi_map_base/wifi_map_node
[0.817s] -- Up-to-date: /home/GTL/apaul/ros2_hw1/install/wifi_map_base/share/wifi_map_base
[0.818s] -- Up-to-date: /home/GTL/apaul/ros2_hw1/install/wifi_map_base/share/wifi_map_base/wifi_map.launch.py
[0.818s] -- Up-to-date: /home/GTL/apaul/ros2_hw1/install/wifi_map_base/share/wifi_map_base/wifi_map_sim.launch.py
[0.819s] -- Up-to-date: /home/GTL/apaul/ros2_hw1/install/wifi_map_base/share/ament_index/resource_index/package_run_dependencies/wifi_map_base
[0.819s] -- Up-to-date: /home/GTL/apaul/ros2_hw1/install/wifi_map_base/share/ament_index/resource_index/parent_prefix_path/wifi_map_base
[0.822s] -- Up-to-date: /home/GTL/apaul/ros2_hw1/install/wifi_map_base/share/wifi_map_base/environment/ament_prefix_path.sh
[0.822s] -- Up-to-date: /home/GTL/apaul/ros2_hw1/install/wifi_map_base/share/wifi_map_base/environment/ament_prefix_path.dsv
[0.822s] -- Up-to-date: /home/GTL/apaul/ros2_hw1/install/wifi_map_base/share/wifi_map_base/environment/path.sh
[0.822s] -- Up-to-date: /home/GTL/apaul/ros2_hw1/install/wifi_map_base/share/wifi_map_base/environment/path.dsv
[0.822s] -- Up-to-date: /home/GTL/apaul/ros2_hw1/install/wifi_map_base/share/wifi_map_base/local_setup.bash
[0.822s] -- Up-to-date: /home/GTL/apaul/ros2_hw1/install/wifi_map_base/share/wifi_map_base/local_setup.sh
[0.822s] -- Up-to-date: /home/GTL/apaul/ros2_hw1/install/wifi_map_base/share/wifi_map_base/local_setup.zsh
[0.822s] -- Up-to-date: /home/GTL/apaul/ros2_hw1/install/wifi_map_base/share/wifi_map_base/local_setup.dsv
[0.822s] -- Installing: /home/GTL/apaul/ros2_hw1/install/wifi_map_base/share/wifi_map_base/package.dsv
[0.830s] -- Up-to-date: /home/GTL/apaul/ros2_hw1/install/wifi_map_base/share/ament_index/resource_index/packages/wifi_map_base
[0.831s] -- Up-to-date: /home/GTL/apaul/ros2_hw1/install/wifi_map_base/share/wifi_map_base/cmake/wifi_map_baseConfig.cmake
[0.831s] -- Up-to-date: /home/GTL/apaul/ros2_hw1/install/wifi_map_base/share/wifi_map_base/cmake/wifi_map_baseConfig-version.cmake
[0.831s] -- Up-to-date: /home/GTL/apaul/ros2_hw1/install/wifi_map_base/share/wifi_map_base/package.xml
[0.832s] Invoked command in '/home/GTL/apaul/ros2_hw1/build/wifi_map_base' returned '0': AMENT_PREFIX_PATH=/home/GTL/apaul/ros2_hw1/install/wpa_cli_msgs:${AMENT_PREFIX_PATH} CMAKE_PREFIX_PATH=/home/GTL/apaul/ros2_hw1/install/wpa_cli_msgs:/opt/ros/humble LD_LIBRARY_PATH=/home/GTL/apaul/ros2_hw1/install/wpa_cli_msgs/lib:${LD_LIBRARY_PATH} PYTHONPATH=/home/GTL/apaul/ros2_hw1/install/wpa_cli_msgs/local/lib/python3.10/dist-packages:${PYTHONPATH} /usr/bin/cmake --install /home/GTL/apaul/ros2_hw1/build/wifi_map_base
