[0.071s] Invoking command in '/home/GTL/apaul/ros2_hw1/build/cs7630_msgs': CMAKE_PREFIX_PATH=/opt/ros/humble /usr/bin/cmake --build /home/GTL/apaul/ros2_hw1/build/cs7630_msgs -- -j16 -l16
[4.328s] [  2%] Built target cs7630_msgs__cpp
[4.328s] [ 12%] Built target cs7630_msgs__rosidl_generator_c
[4.328s] [ 51%] Built target cs7630_msgs__rosidl_typesupport_cpp
[4.328s] [ 51%] Built target cs7630_msgs__rosidl_typesupport_introspection_cpp
[4.328s] [ 59%] Built target cs7630_msgs__rosidl_typesupport_fastrtps_cpp
[4.328s] [ 76%] Built target cs7630_msgs__rosidl_typesupport_introspection_c
[4.328s] [ 72%] Built target cs7630_msgs__rosidl_typesupport_c
[4.328s] [ 76%] Built target cs7630_msgs__rosidl_typesupport_fastrtps_c
[4.328s] [ 76%] Built target ament_cmake_python_copy_cs7630_msgs
[4.328s] [ 76%] Built target cs7630_msgs
[4.328s] [ 78%] Built target cs7630_msgs__py
[4.328s] [ 87%] Built target cs7630_msgs__rosidl_generator_py
[4.328s] [100%] Built target cs7630_msgs__rosidl_typesupport_fastrtps_c__pyext
[4.328s] [100%] Built target cs7630_msgs__rosidl_typesupport_c__pyext
[4.328s] [100%] Built target cs7630_msgs__rosidl_typesupport_introspection_c__pyext
[4.328s] running egg_info
[4.328s] writing cs7630_msgs.egg-info/PKG-INFO
[4.328s] writing dependency_links to cs7630_msgs.egg-info/dependency_links.txt
[4.329s] writing top-level names to cs7630_msgs.egg-info/top_level.txt
[4.329s] reading manifest file 'cs7630_msgs.egg-info/SOURCES.txt'
[4.329s] writing manifest file 'cs7630_msgs.egg-info/SOURCES.txt'
[4.329s] [100%] Built target ament_cmake_python_build_cs7630_msgs_egg
[4.531s] Invoked command in '/home/GTL/apaul/ros2_hw1/build/cs7630_msgs' returned '0': CMAKE_PREFIX_PATH=/opt/ros/humble /usr/bin/cmake --build /home/GTL/apaul/ros2_hw1/build/cs7630_msgs -- -j16 -l16
[4.632s] Invoking command in '/home/GTL/apaul/ros2_hw1/build/cs7630_msgs': CMAKE_PREFIX_PATH=/opt/ros/humble /usr/bin/cmake --install /home/GTL/apaul/ros2_hw1/build/cs7630_msgs
[4.641s] -- Install configuration: ""
[4.641s] -- Up-to-date: /home/GTL/apaul/ros2_hw1/install/cs7630_msgs/share/ament_index/resource_index/rosidl_interfaces/cs7630_msgs
[4.642s] -- Up-to-date: /home/GTL/apaul/ros2_hw1/install/cs7630_msgs/include/cs7630_msgs/cs7630_msgs
[4.643s] -- Up-to-date: /home/GTL/apaul/ros2_hw1/install/cs7630_msgs/include/cs7630_msgs/cs7630_msgs/msg
[4.644s] -- Up-to-date: /home/GTL/apaul/ros2_hw1/install/cs7630_msgs/include/cs7630_msgs/cs7630_msgs/msg/trajectory.h
[4.645s] -- Up-to-date: /home/GTL/apaul/ros2_hw1/install/cs7630_msgs/include/cs7630_msgs/cs7630_msgs/msg/roi_array.h
[4.645s] -- Up-to-date: /home/GTL/apaul/ros2_hw1/install/cs7630_msgs/include/cs7630_msgs/cs7630_msgs/msg/detail
[4.646s] -- Up-to-date: /home/GTL/apaul/ros2_hw1/install/cs7630_msgs/include/cs7630_msgs/cs7630_msgs/msg/detail/trajectory_element__functions.h
[4.647s] -- Up-to-date: /home/GTL/apaul/ros2_hw1/install/cs7630_msgs/include/cs7630_msgs/cs7630_msgs/msg/detail/trajectory_element__functions.c
[4.647s] -- Up-to-date: /home/GTL/apaul/ros2_hw1/install/cs7630_msgs/include/cs7630_msgs/cs7630_msgs/msg/detail/trajectory__struct.h
[4.647s] -- Up-to-date: /home/GTL/apaul/ros2_hw1/install/cs7630_msgs/include/cs7630_msgs/cs7630_msgs/msg/detail/roi_array__type_support.h
[4.647s] -- Up-to-date: /home/GTL/apaul/ros2_hw1/install/cs7630_msgs/include/cs7630_msgs/cs7630_msgs/msg/detail/trajectory__functions.c
[4.648s] -- Up-to-date: /home/GTL/apaul/ros2_hw1/install/cs7630_msgs/include/cs7630_msgs/cs7630_msgs/msg/detail/trajectory_element__type_support.h
[4.648s] -- Up-to-date: /home/GTL/apaul/ros2_hw1/install/cs7630_msgs/include/cs7630_msgs/cs7630_msgs/msg/detail/trajectory__functions.h
[4.648s] -- Up-to-date: /home/GTL/apaul/ros2_hw1/install/cs7630_msgs/include/cs7630_msgs/cs7630_msgs/msg/detail/roi_array__functions.c
[4.649s] -- Up-to-date: /home/GTL/apaul/ros2_hw1/install/cs7630_msgs/include/cs7630_msgs/cs7630_msgs/msg/detail/trajectory__type_support.h
[4.649s] -- Up-to-date: /home/GTL/apaul/ros2_hw1/install/cs7630_msgs/include/cs7630_msgs/cs7630_msgs/msg/detail/roi_array__functions.h
[4.649s] -- Up-to-date: /home/GTL/apaul/ros2_hw1/install/cs7630_msgs/include/cs7630_msgs/cs7630_msgs/msg/detail/roi_array__struct.h
[4.650s] -- Up-to-date: /home/GTL/apaul/ros2_hw1/install/cs7630_msgs/include/cs7630_msgs/cs7630_msgs/msg/detail/trajectory_element__struct.h
[4.650s] -- Up-to-date: /home/GTL/apaul/ros2_hw1/install/cs7630_msgs/include/cs7630_msgs/cs7630_msgs/msg/rosidl_generator_c__visibility_control.h
[4.650s] -- Up-to-date: /home/GTL/apaul/ros2_hw1/install/cs7630_msgs/include/cs7630_msgs/cs7630_msgs/msg/trajectory_element.h
[4.651s] -- Up-to-date: /home/GTL/apaul/ros2_hw1/install/cs7630_msgs/share/cs7630_msgs/environment/library_path.sh
[4.651s] -- Up-to-date: /home/GTL/apaul/ros2_hw1/install/cs7630_msgs/share/cs7630_msgs/environment/library_path.dsv
[4.652s] -- Up-to-date: /home/GTL/apaul/ros2_hw1/install/cs7630_msgs/lib/libcs7630_msgs__rosidl_generator_c.so
[4.653s] -- Up-to-date: /home/GTL/apaul/ros2_hw1/install/cs7630_msgs/include/cs7630_msgs/cs7630_msgs
[4.654s] -- Up-to-date: /home/GTL/apaul/ros2_hw1/install/cs7630_msgs/include/cs7630_msgs/cs7630_msgs/msg
[4.655s] -- Up-to-date: /home/GTL/apaul/ros2_hw1/install/cs7630_msgs/include/cs7630_msgs/cs7630_msgs/msg/detail
[4.655s] -- Up-to-date: /home/GTL/apaul/ros2_hw1/install/cs7630_msgs/include/cs7630_msgs/cs7630_msgs/msg/detail/trajectory_element__rosidl_typesupport_fastrtps_c.h
[4.655s] -- Up-to-date: /home/GTL/apaul/ros2_hw1/install/cs7630_msgs/include/cs7630_msgs/cs7630_msgs/msg/detail/trajectory__rosidl_typesupport_fastrtps_c.h
[4.656s] -- Up-to-date: /home/GTL/apaul/ros2_hw1/install/cs7630_msgs/include/cs7630_msgs/cs7630_msgs/msg/detail/roi_array__rosidl_typesupport_fastrtps_c.h
[4.656s] -- Up-to-date: /home/GTL/apaul/ros2_hw1/install/cs7630_msgs/include/cs7630_msgs/cs7630_msgs/msg/rosidl_typesupport_fastrtps_c__visibility_control.h
[4.657s] -- Up-to-date: /home/GTL/apaul/ros2_hw1/install/cs7630_msgs/lib/libcs7630_msgs__rosidl_typesupport_fastrtps_c.so
[4.658s] -- Up-to-date: /home/GTL/apaul/ros2_hw1/install/cs7630_msgs/include/cs7630_msgs/cs7630_msgs
[4.664s] -- Up-to-date: /home/GTL/apaul/ros2_hw1/install/cs7630_msgs/include/cs7630_msgs/cs7630_msgs/msg
[4.664s] -- Up-to-date: /home/GTL/apaul/ros2_hw1/install/cs7630_msgs/include/cs7630_msgs/cs7630_msgs/msg/detail
[4.664s] -- Up-to-date: /home/GTL/apaul/ros2_hw1/install/cs7630_msgs/include/cs7630_msgs/cs7630_msgs/msg/detail/trajectory_element__struct.hpp
[4.664s] -- Up-to-date: /home/GTL/apaul/ros2_hw1/install/cs7630_msgs/include/cs7630_msgs/cs7630_msgs/msg/detail/trajectory_element__traits.hpp
[4.664s] -- Up-to-date: /home/GTL/apaul/ros2_hw1/install/cs7630_msgs/include/cs7630_msgs/cs7630_msgs/msg/detail/trajectory__builder.hpp
[4.664s] -- Up-to-date: /home/GTL/apaul/ros2_hw1/install/cs7630_msgs/include/cs7630_msgs/cs7630_msgs/msg/detail/roi_array__struct.hpp
[4.664s] -- Up-to-date: /home/GTL/apaul/ros2_hw1/install/cs7630_msgs/include/cs7630_msgs/cs7630_msgs/msg/detail/trajectory_element__builder.hpp
[4.664s] -- Up-to-date: /home/GTL/apaul/ros2_hw1/install/cs7630_msgs/include/cs7630_msgs/cs7630_msgs/msg/detail/roi_array__builder.hpp
[4.664s] -- Up-to-date: /home/GTL/apaul/ros2_hw1/install/cs7630_msgs/include/cs7630_msgs/cs7630_msgs/msg/detail/trajectory__struct.hpp
[4.665s] -- Up-to-date: /home/GTL/apaul/ros2_hw1/install/cs7630_msgs/include/cs7630_msgs/cs7630_msgs/msg/detail/trajectory__traits.hpp
[4.665s] -- Up-to-date: /home/GTL/apaul/ros2_hw1/install/cs7630_msgs/include/cs7630_msgs/cs7630_msgs/msg/detail/roi_array__traits.hpp
[4.665s] -- Up-to-date: /home/GTL/apaul/ros2_hw1/install/cs7630_msgs/include/cs7630_msgs/cs7630_msgs/msg/roi_array.hpp
[4.665s] -- Up-to-date: /home/GTL/apaul/ros2_hw1/install/cs7630_msgs/include/cs7630_msgs/cs7630_msgs/msg/trajectory.hpp
[4.665s] -- Up-to-date: /home/GTL/apaul/ros2_hw1/install/cs7630_msgs/include/cs7630_msgs/cs7630_msgs/msg/trajectory_element.hpp
[4.665s] -- Up-to-date: /home/GTL/apaul/ros2_hw1/install/cs7630_msgs/include/cs7630_msgs/cs7630_msgs
[4.666s] -- Up-to-date: /home/GTL/apaul/ros2_hw1/install/cs7630_msgs/include/cs7630_msgs/cs7630_msgs/msg
[4.667s] -- Up-to-date: /home/GTL/apaul/ros2_hw1/install/cs7630_msgs/include/cs7630_msgs/cs7630_msgs/msg/detail
[4.668s] -- Up-to-date: /home/GTL/apaul/ros2_hw1/install/cs7630_msgs/include/cs7630_msgs/cs7630_msgs/msg/detail/roi_array__rosidl_typesupport_fastrtps_cpp.hpp
[4.668s] -- Up-to-date: /home/GTL/apaul/ros2_hw1/install/cs7630_msgs/include/cs7630_msgs/cs7630_msgs/msg/detail/dds_fastrtps
[4.669s] -- Up-to-date: /home/GTL/apaul/ros2_hw1/install/cs7630_msgs/include/cs7630_msgs/cs7630_msgs/msg/detail/trajectory_element__rosidl_typesupport_fastrtps_cpp.hpp
[4.669s] -- Up-to-date: /home/GTL/apaul/ros2_hw1/install/cs7630_msgs/include/cs7630_msgs/cs7630_msgs/msg/detail/trajectory__rosidl_typesupport_fastrtps_cpp.hpp
[4.669s] -- Up-to-date: /home/GTL/apaul/ros2_hw1/install/cs7630_msgs/include/cs7630_msgs/cs7630_msgs/msg/rosidl_typesupport_fastrtps_cpp__visibility_control.h
[4.670s] -- Up-to-date: /home/GTL/apaul/ros2_hw1/install/cs7630_msgs/lib/libcs7630_msgs__rosidl_typesupport_fastrtps_cpp.so
[4.671s] -- Up-to-date: /home/GTL/apaul/ros2_hw1/install/cs7630_msgs/include/cs7630_msgs/cs7630_msgs
[4.672s] -- Up-to-date: /home/GTL/apaul/ros2_hw1/install/cs7630_msgs/include/cs7630_msgs/cs7630_msgs/msg
[4.673s] -- Up-to-date: /home/GTL/apaul/ros2_hw1/install/cs7630_msgs/include/cs7630_msgs/cs7630_msgs/msg/detail
[4.674s] -- Up-to-date: /home/GTL/apaul/ros2_hw1/install/cs7630_msgs/include/cs7630_msgs/cs7630_msgs/msg/detail/roi_array__rosidl_typesupport_introspection_c.h
[4.674s] -- Up-to-date: /home/GTL/apaul/ros2_hw1/install/cs7630_msgs/include/cs7630_msgs/cs7630_msgs/msg/detail/trajectory_element__rosidl_typesupport_introspection_c.h
[4.675s] -- Up-to-date: /home/GTL/apaul/ros2_hw1/install/cs7630_msgs/include/cs7630_msgs/cs7630_msgs/msg/detail/roi_array__type_support.c
[4.675s] -- Up-to-date: /home/GTL/apaul/ros2_hw1/install/cs7630_msgs/include/cs7630_msgs/cs7630_msgs/msg/detail/trajectory__rosidl_typesupport_introspection_c.h
[4.676s] -- Up-to-date: /home/GTL/apaul/ros2_hw1/install/cs7630_msgs/include/cs7630_msgs/cs7630_msgs/msg/detail/trajectory_element__type_support.c
[4.676s] -- Up-to-date: /home/GTL/apaul/ros2_hw1/install/cs7630_msgs/include/cs7630_msgs/cs7630_msgs/msg/detail/trajectory__type_support.c
[4.676s] -- Up-to-date: /home/GTL/apaul/ros2_hw1/install/cs7630_msgs/include/cs7630_msgs/cs7630_msgs/msg/rosidl_typesupport_introspection_c__visibility_control.h
[4.677s] -- Up-to-date: /home/GTL/apaul/ros2_hw1/install/cs7630_msgs/lib/libcs7630_msgs__rosidl_typesupport_introspection_c.so
[4.679s] -- Up-to-date: /home/GTL/apaul/ros2_hw1/install/cs7630_msgs/lib/libcs7630_msgs__rosidl_typesupport_c.so
[4.680s] -- Up-to-date: /home/GTL/apaul/ros2_hw1/install/cs7630_msgs/include/cs7630_msgs/cs7630_msgs
[4.681s] -- Up-to-date: /home/GTL/apaul/ros2_hw1/install/cs7630_msgs/include/cs7630_msgs/cs7630_msgs/msg
[4.682s] -- Up-to-date: /home/GTL/apaul/ros2_hw1/install/cs7630_msgs/include/cs7630_msgs/cs7630_msgs/msg/detail
[4.683s] -- Up-to-date: /home/GTL/apaul/ros2_hw1/install/cs7630_msgs/include/cs7630_msgs/cs7630_msgs/msg/detail/roi_array__type_support.cpp
[4.684s] -- Up-to-date: /home/GTL/apaul/ros2_hw1/install/cs7630_msgs/include/cs7630_msgs/cs7630_msgs/msg/detail/trajectory_element__rosidl_typesupport_introspection_cpp.hpp
[4.684s] -- Up-to-date: /home/GTL/apaul/ros2_hw1/install/cs7630_msgs/include/cs7630_msgs/cs7630_msgs/msg/detail/roi_array__rosidl_typesupport_introspection_cpp.hpp
[4.684s] -- Up-to-date: /home/GTL/apaul/ros2_hw1/install/cs7630_msgs/include/cs7630_msgs/cs7630_msgs/msg/detail/trajectory__rosidl_typesupport_introspection_cpp.hpp
[4.684s] -- Up-to-date: /home/GTL/apaul/ros2_hw1/install/cs7630_msgs/include/cs7630_msgs/cs7630_msgs/msg/detail/trajectory_element__type_support.cpp
[4.685s] -- Up-to-date: /home/GTL/apaul/ros2_hw1/install/cs7630_msgs/include/cs7630_msgs/cs7630_msgs/msg/detail/trajectory__type_support.cpp
[4.685s] -- Up-to-date: /home/GTL/apaul/ros2_hw1/install/cs7630_msgs/lib/libcs7630_msgs__rosidl_typesupport_introspection_cpp.so
[4.692s] -- Up-to-date: /home/GTL/apaul/ros2_hw1/install/cs7630_msgs/lib/libcs7630_msgs__rosidl_typesupport_cpp.so
[4.693s] -- Up-to-date: /home/GTL/apaul/ros2_hw1/install/cs7630_msgs/share/cs7630_msgs/environment/pythonpath.sh
[4.693s] -- Up-to-date: /home/GTL/apaul/ros2_hw1/install/cs7630_msgs/share/cs7630_msgs/environment/pythonpath.dsv
[4.693s] -- Up-to-date: /home/GTL/apaul/ros2_hw1/install/cs7630_msgs/local/lib/python3.10/dist-packages/cs7630_msgs-0.0.0-py3.10.egg-info
[4.693s] -- Installing: /home/GTL/apaul/ros2_hw1/install/cs7630_msgs/local/lib/python3.10/dist-packages/cs7630_msgs-0.0.0-py3.10.egg-info/dependency_links.txt
[4.699s] -- Installing: /home/GTL/apaul/ros2_hw1/install/cs7630_msgs/local/lib/python3.10/dist-packages/cs7630_msgs-0.0.0-py3.10.egg-info/top_level.txt
[4.703s] -- Installing: /home/GTL/apaul/ros2_hw1/install/cs7630_msgs/local/lib/python3.10/dist-packages/cs7630_msgs-0.0.0-py3.10.egg-info/PKG-INFO
[4.708s] -- Installing: /home/GTL/apaul/ros2_hw1/install/cs7630_msgs/local/lib/python3.10/dist-packages/cs7630_msgs-0.0.0-py3.10.egg-info/SOURCES.txt
[4.713s] -- Up-to-date: /home/GTL/apaul/ros2_hw1/install/cs7630_msgs/local/lib/python3.10/dist-packages/cs7630_msgs
[4.714s] -- Up-to-date: /home/GTL/apaul/ros2_hw1/install/cs7630_msgs/local/lib/python3.10/dist-packages/cs7630_msgs/msg
[4.715s] -- Up-to-date: /home/GTL/apaul/ros2_hw1/install/cs7630_msgs/local/lib/python3.10/dist-packages/cs7630_msgs/msg/_trajectory.py
[4.715s] -- Up-to-date: /home/GTL/apaul/ros2_hw1/install/cs7630_msgs/local/lib/python3.10/dist-packages/cs7630_msgs/msg/_roi_array_s.c
[4.716s] -- Up-to-date: /home/GTL/apaul/ros2_hw1/install/cs7630_msgs/local/lib/python3.10/dist-packages/cs7630_msgs/msg/_roi_array.py
[4.716s] -- Up-to-date: /home/GTL/apaul/ros2_hw1/install/cs7630_msgs/local/lib/python3.10/dist-packages/cs7630_msgs/msg/_trajectory_s.c
[4.716s] -- Up-to-date: /home/GTL/apaul/ros2_hw1/install/cs7630_msgs/local/lib/python3.10/dist-packages/cs7630_msgs/msg/__init__.py
[4.716s] -- Up-to-date: /home/GTL/apaul/ros2_hw1/install/cs7630_msgs/local/lib/python3.10/dist-packages/cs7630_msgs/msg/_trajectory_element_s.c
[4.717s] -- Up-to-date: /home/GTL/apaul/ros2_hw1/install/cs7630_msgs/local/lib/python3.10/dist-packages/cs7630_msgs/msg/_trajectory_element.py
[4.717s] -- Up-to-date: /home/GTL/apaul/ros2_hw1/install/cs7630_msgs/local/lib/python3.10/dist-packages/cs7630_msgs/cs7630_msgs_s__rosidl_typesupport_c.cpython-310-x86_64-linux-gnu.so
[4.718s] -- Up-to-date: /home/GTL/apaul/ros2_hw1/install/cs7630_msgs/local/lib/python3.10/dist-packages/cs7630_msgs/libcs7630_msgs__rosidl_generator_py.so
[4.718s] -- Up-to-date: /home/GTL/apaul/ros2_hw1/install/cs7630_msgs/local/lib/python3.10/dist-packages/cs7630_msgs/cs7630_msgs_s__rosidl_typesupport_fastrtps_c.cpython-310-x86_64-linux-gnu.so
[4.718s] -- Up-to-date: /home/GTL/apaul/ros2_hw1/install/cs7630_msgs/local/lib/python3.10/dist-packages/cs7630_msgs/_cs7630_msgs_s.ep.rosidl_typesupport_c.c
[4.718s] -- Up-to-date: /home/GTL/apaul/ros2_hw1/install/cs7630_msgs/local/lib/python3.10/dist-packages/cs7630_msgs/cs7630_msgs_s__rosidl_typesupport_introspection_c.cpython-310-x86_64-linux-gnu.so
[4.718s] -- Up-to-date: /home/GTL/apaul/ros2_hw1/install/cs7630_msgs/local/lib/python3.10/dist-packages/cs7630_msgs/_cs7630_msgs_s.ep.rosidl_typesupport_fastrtps_c.c
[4.719s] -- Up-to-date: /home/GTL/apaul/ros2_hw1/install/cs7630_msgs/local/lib/python3.10/dist-packages/cs7630_msgs/__init__.py
[4.719s] -- Up-to-date: /home/GTL/apaul/ros2_hw1/install/cs7630_msgs/local/lib/python3.10/dist-packages/cs7630_msgs/_cs7630_msgs_s.ep.rosidl_typesupport_introspection_c.c
[4.747s] Listing '/home/GTL/apaul/ros2_hw1/install/cs7630_msgs/local/lib/python3.10/dist-packages/cs7630_msgs'...
[4.747s] Listing '/home/GTL/apaul/ros2_hw1/install/cs7630_msgs/local/lib/python3.10/dist-packages/cs7630_msgs/msg'...
[4.755s] -- Up-to-date: /home/GTL/apaul/ros2_hw1/install/cs7630_msgs/local/lib/python3.10/dist-packages/cs7630_msgs/cs7630_msgs_s__rosidl_typesupport_fastrtps_c.cpython-310-x86_64-linux-gnu.so
[4.755s] -- Up-to-date: /home/GTL/apaul/ros2_hw1/install/cs7630_msgs/local/lib/python3.10/dist-packages/cs7630_msgs/cs7630_msgs_s__rosidl_typesupport_introspection_c.cpython-310-x86_64-linux-gnu.so
[4.756s] -- Up-to-date: /home/GTL/apaul/ros2_hw1/install/cs7630_msgs/local/lib/python3.10/dist-packages/cs7630_msgs/cs7630_msgs_s__rosidl_typesupport_c.cpython-310-x86_64-linux-gnu.so
[4.758s] -- Up-to-date: /home/GTL/apaul/ros2_hw1/install/cs7630_msgs/lib/libcs7630_msgs__rosidl_generator_py.so
[4.759s] -- Up-to-date: /home/GTL/apaul/ros2_hw1/install/cs7630_msgs/share/cs7630_msgs/msg/ROIArray.idl
[4.759s] -- Up-to-date: /home/GTL/apaul/ros2_hw1/install/cs7630_msgs/share/cs7630_msgs/msg/Trajectory.idl
[4.759s] -- Up-to-date: /home/GTL/apaul/ros2_hw1/install/cs7630_msgs/share/cs7630_msgs/msg/TrajectoryElement.idl
[4.760s] -- Up-to-date: /home/GTL/apaul/ros2_hw1/install/cs7630_msgs/share/cs7630_msgs/msg/ROIArray.msg
[4.760s] -- Up-to-date: /home/GTL/apaul/ros2_hw1/install/cs7630_msgs/share/cs7630_msgs/msg/Trajectory.msg
[4.760s] -- Up-to-date: /home/GTL/apaul/ros2_hw1/install/cs7630_msgs/share/cs7630_msgs/msg/TrajectoryElement.msg
[4.761s] -- Up-to-date: /home/GTL/apaul/ros2_hw1/install/cs7630_msgs/share/ament_index/resource_index/package_run_dependencies/cs7630_msgs
[4.761s] -- Up-to-date: /home/GTL/apaul/ros2_hw1/install/cs7630_msgs/share/ament_index/resource_index/parent_prefix_path/cs7630_msgs
[4.761s] -- Up-to-date: /home/GTL/apaul/ros2_hw1/install/cs7630_msgs/share/cs7630_msgs/environment/ament_prefix_path.sh
[4.762s] -- Up-to-date: /home/GTL/apaul/ros2_hw1/install/cs7630_msgs/share/cs7630_msgs/environment/ament_prefix_path.dsv
[4.763s] -- Up-to-date: /home/GTL/apaul/ros2_hw1/install/cs7630_msgs/share/cs7630_msgs/environment/path.sh
[4.763s] -- Up-to-date: /home/GTL/apaul/ros2_hw1/install/cs7630_msgs/share/cs7630_msgs/environment/path.dsv
[4.764s] -- Up-to-date: /home/GTL/apaul/ros2_hw1/install/cs7630_msgs/share/cs7630_msgs/local_setup.bash
[4.764s] -- Up-to-date: /home/GTL/apaul/ros2_hw1/install/cs7630_msgs/share/cs7630_msgs/local_setup.sh
[4.765s] -- Up-to-date: /home/GTL/apaul/ros2_hw1/install/cs7630_msgs/share/cs7630_msgs/local_setup.zsh
[4.765s] -- Up-to-date: /home/GTL/apaul/ros2_hw1/install/cs7630_msgs/share/cs7630_msgs/local_setup.dsv
[4.766s] -- Installing: /home/GTL/apaul/ros2_hw1/install/cs7630_msgs/share/cs7630_msgs/package.dsv
[4.771s] -- Up-to-date: /home/GTL/apaul/ros2_hw1/install/cs7630_msgs/share/ament_index/resource_index/packages/cs7630_msgs
[4.773s] -- Up-to-date: /home/GTL/apaul/ros2_hw1/install/cs7630_msgs/share/cs7630_msgs/cmake/export_cs7630_msgs__rosidl_generator_cExport.cmake
[4.774s] -- Up-to-date: /home/GTL/apaul/ros2_hw1/install/cs7630_msgs/share/cs7630_msgs/cmake/export_cs7630_msgs__rosidl_generator_cExport-noconfig.cmake
[4.775s] -- Up-to-date: /home/GTL/apaul/ros2_hw1/install/cs7630_msgs/share/cs7630_msgs/cmake/export_cs7630_msgs__rosidl_typesupport_fastrtps_cExport.cmake
[4.775s] -- Up-to-date: /home/GTL/apaul/ros2_hw1/install/cs7630_msgs/share/cs7630_msgs/cmake/export_cs7630_msgs__rosidl_typesupport_fastrtps_cExport-noconfig.cmake
[4.777s] -- Up-to-date: /home/GTL/apaul/ros2_hw1/install/cs7630_msgs/share/cs7630_msgs/cmake/export_cs7630_msgs__rosidl_generator_cppExport.cmake
[4.778s] -- Up-to-date: /home/GTL/apaul/ros2_hw1/install/cs7630_msgs/share/cs7630_msgs/cmake/export_cs7630_msgs__rosidl_typesupport_fastrtps_cppExport.cmake
[4.778s] -- Up-to-date: /home/GTL/apaul/ros2_hw1/install/cs7630_msgs/share/cs7630_msgs/cmake/export_cs7630_msgs__rosidl_typesupport_fastrtps_cppExport-noconfig.cmake
[4.779s] -- Up-to-date: /home/GTL/apaul/ros2_hw1/install/cs7630_msgs/share/cs7630_msgs/cmake/cs7630_msgs__rosidl_typesupport_introspection_cExport.cmake
[4.780s] -- Up-to-date: /home/GTL/apaul/ros2_hw1/install/cs7630_msgs/share/cs7630_msgs/cmake/cs7630_msgs__rosidl_typesupport_introspection_cExport-noconfig.cmake
[4.782s] -- Up-to-date: /home/GTL/apaul/ros2_hw1/install/cs7630_msgs/share/cs7630_msgs/cmake/cs7630_msgs__rosidl_typesupport_cExport.cmake
[4.782s] -- Up-to-date: /home/GTL/apaul/ros2_hw1/install/cs7630_msgs/share/cs7630_msgs/cmake/cs7630_msgs__rosidl_typesupport_cExport-noconfig.cmake
[4.784s] -- Up-to-date: /home/GTL/apaul/ros2_hw1/install/cs7630_msgs/share/cs7630_msgs/cmake/cs7630_msgs__rosidl_typesupport_introspection_cppExport.cmake
[4.785s] -- Up-to-date: /home/GTL/apaul/ros2_hw1/install/cs7630_msgs/share/cs7630_msgs/cmake/cs7630_msgs__rosidl_typesupport_introspection_cppExport-noconfig.cmake
[4.786s] -- Up-to-date: /home/GTL/apaul/ros2_hw1/install/cs7630_msgs/share/cs7630_msgs/cmake/cs7630_msgs__rosidl_typesupport_cppExport.cmake
[4.787s] -- Up-to-date: /home/GTL/apaul/ros2_hw1/install/cs7630_msgs/share/cs7630_msgs/cmake/cs7630_msgs__rosidl_typesupport_cppExport-noconfig.cmake
[4.788s] -- Up-to-date: /home/GTL/apaul/ros2_hw1/install/cs7630_msgs/share/cs7630_msgs/cmake/export_cs7630_msgs__rosidl_generator_pyExport.cmake
[4.789s] -- Up-to-date: /home/GTL/apaul/ros2_hw1/install/cs7630_msgs/share/cs7630_msgs/cmake/export_cs7630_msgs__rosidl_generator_pyExport-noconfig.cmake
[4.789s] -- Up-to-date: /home/GTL/apaul/ros2_hw1/install/cs7630_msgs/share/cs7630_msgs/cmake/rosidl_cmake-extras.cmake
[4.790s] -- Up-to-date: /home/GTL/apaul/ros2_hw1/install/cs7630_msgs/share/cs7630_msgs/cmake/ament_cmake_export_dependencies-extras.cmake
[4.790s] -- Up-to-date: /home/GTL/apaul/ros2_hw1/install/cs7630_msgs/share/cs7630_msgs/cmake/ament_cmake_export_include_directories-extras.cmake
[4.790s] -- Up-to-date: /home/GTL/apaul/ros2_hw1/install/cs7630_msgs/share/cs7630_msgs/cmake/ament_cmake_export_libraries-extras.cmake
[4.791s] -- Up-to-date: /home/GTL/apaul/ros2_hw1/install/cs7630_msgs/share/cs7630_msgs/cmake/ament_cmake_export_targets-extras.cmake
[4.791s] -- Up-to-date: /home/GTL/apaul/ros2_hw1/install/cs7630_msgs/share/cs7630_msgs/cmake/rosidl_cmake_export_typesupport_targets-extras.cmake
[4.792s] -- Up-to-date: /home/GTL/apaul/ros2_hw1/install/cs7630_msgs/share/cs7630_msgs/cmake/rosidl_cmake_export_typesupport_libraries-extras.cmake
[4.792s] -- Up-to-date: /home/GTL/apaul/ros2_hw1/install/cs7630_msgs/share/cs7630_msgs/cmake/cs7630_msgsConfig.cmake
[4.792s] -- Up-to-date: /home/GTL/apaul/ros2_hw1/install/cs7630_msgs/share/cs7630_msgs/cmake/cs7630_msgsConfig-version.cmake
[4.793s] -- Up-to-date: /home/GTL/apaul/ros2_hw1/install/cs7630_msgs/share/cs7630_msgs/package.xml
[4.818s] Invoked command in '/home/GTL/apaul/ros2_hw1/build/cs7630_msgs' returned '0': CMAKE_PREFIX_PATH=/opt/ros/humble /usr/bin/cmake --install /home/GTL/apaul/ros2_hw1/build/cs7630_msgs
