[1.740s] Invoking command in '/home/GTL/apaul/ros2_hw1/src/ros_task_manager/src/button_server': PYTHONPATH=/home/GTL/apaul/ros2_hw1/build/button_server/prefix_override:/home/GTL/apaul/ros2_hw1/install/button_server/lib/python3.10/site-packages:${PYTHONPATH} /usr/bin/python3 setup.py egg_info --egg-base ../../../../build/button_server build --build-base /home/GTL/apaul/ros2_hw1/build/button_server/build install --record /home/GTL/apaul/ros2_hw1/build/button_server/install.log --single-version-externally-managed
[1.958s] running egg_info
[1.958s] creating ../../../../build/button_server/button_server.egg-info
[1.959s] writing ../../../../build/button_server/button_server.egg-info/PKG-INFO
[1.962s] writing dependency_links to ../../../../build/button_server/button_server.egg-info/dependency_links.txt
[1.964s] writing entry points to ../../../../build/button_server/button_server.egg-info/entry_points.txt
[1.965s] writing requirements to ../../../../build/button_server/button_server.egg-info/requires.txt
[1.967s] writing top-level names to ../../../../build/button_server/button_server.egg-info/top_level.txt
[1.969s] writing manifest file '../../../../build/button_server/button_server.egg-info/SOURCES.txt'
[1.975s] reading manifest file '../../../../build/button_server/button_server.egg-info/SOURCES.txt'
[1.977s] writing manifest file '../../../../build/button_server/button_server.egg-info/SOURCES.txt'
[1.978s] running build
[1.978s] running build_py
[1.978s] creating /home/GTL/apaul/ros2_hw1/build/button_server/build
[1.979s] creating /home/GTL/apaul/ros2_hw1/build/button_server/build/lib
[1.980s] creating /home/GTL/apaul/ros2_hw1/build/button_server/build/lib/button_server
[1.982s] copying button_server/ButtonServer3.py -> /home/GTL/apaul/ros2_hw1/build/button_server/build/lib/button_server
[1.984s] copying button_server/__init__.py -> /home/GTL/apaul/ros2_hw1/build/button_server/build/lib/button_server
[1.986s] copying button_server/requesthdl3.py -> /home/GTL/apaul/ros2_hw1/build/button_server/build/lib/button_server
[1.989s] running build_scripts
[1.989s] creating /home/GTL/apaul/ros2_hw1/build/button_server/build/scripts-3.10
[2.006s] copying and adjusting nodes/button_server_node -> /home/GTL/apaul/ros2_hw1/build/button_server/build/scripts-3.10
[2.007s] changing mode of /home/GTL/apaul/ros2_hw1/build/button_server/build/scripts-3.10/button_server_node from 664 to 775
[2.007s] running install
[2.008s] /usr/lib/python3/dist-packages/setuptools/command/install.py:34: SetuptoolsDeprecationWarning: setup.py install is deprecated. Use build and pip and other standards-based tools.
[2.008s]   warnings.warn(
[2.008s] running install_lib
[2.010s] creating /home/GTL/apaul/ros2_hw1/install/button_server/lib/python3.10/site-packages/button_server
[2.012s] copying /home/GTL/apaul/ros2_hw1/build/button_server/build/lib/button_server/ButtonServer3.py -> /home/GTL/apaul/ros2_hw1/install/button_server/lib/python3.10/site-packages/button_server
[2.014s] copying /home/GTL/apaul/ros2_hw1/build/button_server/build/lib/button_server/__init__.py -> /home/GTL/apaul/ros2_hw1/install/button_server/lib/python3.10/site-packages/button_server
[2.016s] copying /home/GTL/apaul/ros2_hw1/build/button_server/build/lib/button_server/requesthdl3.py -> /home/GTL/apaul/ros2_hw1/install/button_server/lib/python3.10/site-packages/button_server
[2.020s] byte-compiling /home/GTL/apaul/ros2_hw1/install/button_server/lib/python3.10/site-packages/button_server/ButtonServer3.py to ButtonServer3.cpython-310.pyc
[2.025s] byte-compiling /home/GTL/apaul/ros2_hw1/install/button_server/lib/python3.10/site-packages/button_server/__init__.py to __init__.cpython-310.pyc
[2.027s] byte-compiling /home/GTL/apaul/ros2_hw1/install/button_server/lib/python3.10/site-packages/button_server/requesthdl3.py to requesthdl3.cpython-310.pyc
[2.029s] running install_data
[2.030s] creating /home/GTL/apaul/ros2_hw1/install/button_server/share/ament_index
[2.031s] creating /home/GTL/apaul/ros2_hw1/install/button_server/share/ament_index/resource_index
[2.032s] creating /home/GTL/apaul/ros2_hw1/install/button_server/share/ament_index/resource_index/packages
[2.034s] copying resource/button_server -> /home/GTL/apaul/ros2_hw1/install/button_server/share/ament_index/resource_index/packages
[2.036s] copying package.xml -> /home/GTL/apaul/ros2_hw1/install/button_server/share/button_server
[2.039s] creating /home/GTL/apaul/ros2_hw1/install/button_server/share/button_server/launch
[2.040s] copying launch/button_server.launch -> /home/GTL/apaul/ros2_hw1/install/button_server/share/button_server/launch
[2.049s] creating /home/GTL/apaul/ros2_hw1/install/button_server/share/button_server/lib
[2.050s] copying lib/jquery-3.6.4.min.js -> /home/GTL/apaul/ros2_hw1/install/button_server/share/button_server/lib
[2.066s] running install_egg_info
[2.068s] Copying ../../../../build/button_server/button_server.egg-info to /home/GTL/apaul/ros2_hw1/install/button_server/lib/python3.10/site-packages/button_server-0.0.0-py3.10.egg-info
[2.089s] running install_scripts
[2.104s] creating /home/GTL/apaul/ros2_hw1/install/button_server/lib/button_server
[2.106s] copying /home/GTL/apaul/ros2_hw1/build/button_server/build/scripts-3.10/button_server_node -> /home/GTL/apaul/ros2_hw1/install/button_server/lib/button_server
[2.108s] changing mode of /home/GTL/apaul/ros2_hw1/install/button_server/lib/button_server/button_server_node to 775
[2.110s] writing list of installed files to '/home/GTL/apaul/ros2_hw1/build/button_server/install.log'
[2.199s] Invoked command in '/home/GTL/apaul/ros2_hw1/src/ros_task_manager/src/button_server' returned '0': PYTHONPATH=/home/GTL/apaul/ros2_hw1/build/button_server/prefix_override:/home/GTL/apaul/ros2_hw1/install/button_server/lib/python3.10/site-packages:${PYTHONPATH} /usr/bin/python3 setup.py egg_info --egg-base ../../../../build/button_server build --build-base /home/GTL/apaul/ros2_hw1/build/button_server/build install --record /home/GTL/apaul/ros2_hw1/build/button_server/install.log --single-version-externally-managed
