[0.545s] Invoking command in '/home/GTL/apaul/ros2_hw1/src/ar_slam_base': AMENT_PREFIX_PATH=/home/GTL/apaul/ros2_hw1/install/ar_loc_base:/home/GTL/apaul/ros2_hw1/install/rover_driver_base:/home/GTL/apaul/ros2_hw1/install/ar_mapping_base:${AMENT_PREFIX_PATH} PYTHONPATH=/home/GTL/apaul/ros2_hw1/build/ar_slam_base/prefix_override:/usr/lib/python3/dist-packages/colcon_core/task/python/colcon_distutils_commands:/home/GTL/apaul/ros2_hw1/install/ar_slam_base/lib/python3.10/site-packages:/home/GTL/apaul/ros2_hw1/install/ar_loc_base/lib/python3.10/site-packages:/home/GTL/apaul/ros2_hw1/install/rover_driver_base/lib/python3.10/site-packages:/home/GTL/apaul/ros2_hw1/install/ar_mapping_base/lib/python3.10/site-packages:${PYTHONPATH} /usr/bin/python3 -W ignore:setup.py install is deprecated setup.py egg_info --egg-base ../../build/ar_slam_base build --build-base /home/GTL/apaul/ros2_hw1/build/ar_slam_base/build install --record /home/GTL/apaul/ros2_hw1/build/ar_slam_base/install.log --single-version-externally-managed install_data
[0.724s] running egg_info
[0.725s] writing ../../build/ar_slam_base/ar_slam_base.egg-info/PKG-INFO
[0.726s] writing dependency_links to ../../build/ar_slam_base/ar_slam_base.egg-info/dependency_links.txt
[0.727s] writing entry points to ../../build/ar_slam_base/ar_slam_base.egg-info/entry_points.txt
[0.728s] writing requirements to ../../build/ar_slam_base/ar_slam_base.egg-info/requires.txt
[0.729s] writing top-level names to ../../build/ar_slam_base/ar_slam_base.egg-info/top_level.txt
[0.732s] reading manifest file '../../build/ar_slam_base/ar_slam_base.egg-info/SOURCES.txt'
[0.734s] writing manifest file '../../build/ar_slam_base/ar_slam_base.egg-info/SOURCES.txt'
[0.735s] running build
[0.735s] running build_py
[0.736s] running install
[0.736s] running install_lib
[0.738s] running install_data
[0.738s] running install_egg_info
[0.739s] removing '/home/GTL/apaul/ros2_hw1/install/ar_slam_base/lib/python3.10/site-packages/ar_slam_base-0.0.0-py3.10.egg-info' (and everything under it)
[0.743s] Copying ../../build/ar_slam_base/ar_slam_base.egg-info to /home/GTL/apaul/ros2_hw1/install/ar_slam_base/lib/python3.10/site-packages/ar_slam_base-0.0.0-py3.10.egg-info
[0.768s] running install_scripts
[0.782s] Installing ar_slam_node script to /home/GTL/apaul/ros2_hw1/install/ar_slam_base/lib/ar_slam_base
[0.784s] Installing tb_slam_node script to /home/GTL/apaul/ros2_hw1/install/ar_slam_base/lib/ar_slam_base
[0.787s] writing list of installed files to '/home/GTL/apaul/ros2_hw1/build/ar_slam_base/install.log'
[0.804s] Invoked command in '/home/GTL/apaul/ros2_hw1/src/ar_slam_base' returned '0': AMENT_PREFIX_PATH=/home/GTL/apaul/ros2_hw1/install/ar_loc_base:/home/GTL/apaul/ros2_hw1/install/rover_driver_base:/home/GTL/apaul/ros2_hw1/install/ar_mapping_base:${AMENT_PREFIX_PATH} PYTHONPATH=/home/GTL/apaul/ros2_hw1/build/ar_slam_base/prefix_override:/usr/lib/python3/dist-packages/colcon_core/task/python/colcon_distutils_commands:/home/GTL/apaul/ros2_hw1/install/ar_slam_base/lib/python3.10/site-packages:/home/GTL/apaul/ros2_hw1/install/ar_loc_base/lib/python3.10/site-packages:/home/GTL/apaul/ros2_hw1/install/rover_driver_base/lib/python3.10/site-packages:/home/GTL/apaul/ros2_hw1/install/ar_mapping_base/lib/python3.10/site-packages:${PYTHONPATH} /usr/bin/python3 -W ignore:setup.py install is deprecated setup.py egg_info --egg-base ../../build/ar_slam_base build --build-base /home/GTL/apaul/ros2_hw1/build/ar_slam_base/build install --record /home/GTL/apaul/ros2_hw1/build/ar_slam_base/install.log --single-version-externally-managed install_data
