[0.692s] Invoking command in '/home/GTL/pcastere/ros_hw1/ros2_hw1/src/ros_task_manager/src/task_manager_client_py': CMAKE_PREFIX_PATH=/home/GTL/pcastere/ros_hw1/ros2_hw1/install/task_manager_msgs:/home/GTL/pcastere/ros_hw1/ros2_hw1/install/vrep4_helpers:/home/GTL/pcastere/ros_hw1/ros2_hw1/install/task_manager_sync:/home/GTL/pcastere/ros_hw1/ros2_hw1/install/floor_nav:/home/GTL/pcastere/ros_hw1/ros2_hw1/install/task_manager_nav2:/home/GTL/pcastere/ros_hw1/ros2_hw1/install/task_manager_lib:/home/GTL/pcastere/ros_hw1/ros2_hw1/install/joy_pack:/home/GTL/pcastere/ros_hw1/ros2_hw1/install/face_msg:/home/GTL/pcastere/ros_hw1/ros2_hw1/install/cs7630_msgs:/home/GTL/pcastere/ros_hw1/ros2_hw1/install/collision_avoidance_base LD_LIBRARY_PATH=/home/GTL/pcastere/ros_hw1/ros2_hw1/install/task_manager_msgs/lib:/home/GTL/pcastere/ros_hw1/ros2_hw1/install/task_manager_sync/lib:/home/GTL/pcastere/ros_hw1/ros2_hw1/install/task_manager_lib/lib:/home/GTL/pcastere/ros_hw1/ros2_hw1/install/face_msg/lib:/home/GTL/pcastere/ros_hw1/ros2_hw1/install/cs7630_msgs/lib:/usr/lib/x86_64-linux-gnu/gazebo-11/plugins:/opt/ros/humble/opt/rviz_ogre_vendor/lib:/opt/ros/humble/lib/x86_64-linux-gnu:/opt/ros/humble/lib PYTHONPATH=/home/GTL/pcastere/ros_hw1/ros2_hw1/build/task_manager_client_py/prefix_override:/usr/lib/python3/dist-packages/colcon_core/task/python/colcon_distutils_commands:/home/GTL/pcastere/ros_hw1/ros2_hw1/install/task_manager_client_py/lib/python3.10/site-packages:${PYTHONPATH} /usr/bin/python3 -W ignore:setup.py install is deprecated setup.py egg_info --egg-base ../../../../build/task_manager_client_py build --build-base /home/GTL/pcastere/ros_hw1/ros2_hw1/build/task_manager_client_py/build install --record /home/GTL/pcastere/ros_hw1/ros2_hw1/build/task_manager_client_py/install.log --install-scripts $base/lib/task_manager_client_py --single-version-externally-managed install_data
[0.938s] /usr/lib/python3/dist-packages/setuptools/dist.py:723: UserWarning: Usage of dash-separated 'script-dir' will not be supported in future versions. Please use the underscore name 'script_dir' instead
[0.939s]   warnings.warn(
[0.947s] running egg_info
[0.948s] writing ../../../../build/task_manager_client_py/task_manager_client_py.egg-info/PKG-INFO
[0.949s] writing dependency_links to ../../../../build/task_manager_client_py/task_manager_client_py.egg-info/dependency_links.txt
[0.953s] writing entry points to ../../../../build/task_manager_client_py/task_manager_client_py.egg-info/entry_points.txt
[0.954s] writing requirements to ../../../../build/task_manager_client_py/task_manager_client_py.egg-info/requires.txt
[0.955s] writing top-level names to ../../../../build/task_manager_client_py/task_manager_client_py.egg-info/top_level.txt
[0.962s] reading manifest file '../../../../build/task_manager_client_py/task_manager_client_py.egg-info/SOURCES.txt'
[0.964s] writing manifest file '../../../../build/task_manager_client_py/task_manager_client_py.egg-info/SOURCES.txt'
[0.965s] running build
[0.965s] running build_py
[0.967s] running build_scripts
[0.969s] running install
[0.969s] running install_lib
[0.974s] running install_data
[0.975s] running install_egg_info
[0.976s] removing '/home/GTL/pcastere/ros_hw1/ros2_hw1/install/task_manager_client_py/lib/python3.10/site-packages/task_manager_client_py-0.0.0-py3.10.egg-info' (and everything under it)
[0.981s] Copying ../../../../build/task_manager_client_py/task_manager_client_py.egg-info to /home/GTL/pcastere/ros_hw1/ros2_hw1/install/task_manager_client_py/lib/python3.10/site-packages/task_manager_client_py-0.0.0-py3.10.egg-info
[1.001s] running install_scripts
[1.015s] changing mode of /home/GTL/pcastere/ros_hw1/ros2_hw1/install/task_manager_client_py/lib/task_manager_client_py/console to 755
[1.015s] changing mode of /home/GTL/pcastere/ros_hw1/ros2_hw1/install/task_manager_client_py/lib/task_manager_client_py/console.py to 775
[1.017s] Installing tasklist script to /home/GTL/pcastere/ros_hw1/ros2_hw1/install/task_manager_client_py/lib/task_manager_client_py
[1.019s] writing list of installed files to '/home/GTL/pcastere/ros_hw1/ros2_hw1/build/task_manager_client_py/install.log'
[1.154s] Invoked command in '/home/GTL/pcastere/ros_hw1/ros2_hw1/src/ros_task_manager/src/task_manager_client_py' returned '0': CMAKE_PREFIX_PATH=/home/GTL/pcastere/ros_hw1/ros2_hw1/install/task_manager_msgs:/home/GTL/pcastere/ros_hw1/ros2_hw1/install/vrep4_helpers:/home/GTL/pcastere/ros_hw1/ros2_hw1/install/task_manager_sync:/home/GTL/pcastere/ros_hw1/ros2_hw1/install/floor_nav:/home/GTL/pcastere/ros_hw1/ros2_hw1/install/task_manager_nav2:/home/GTL/pcastere/ros_hw1/ros2_hw1/install/task_manager_lib:/home/GTL/pcastere/ros_hw1/ros2_hw1/install/joy_pack:/home/GTL/pcastere/ros_hw1/ros2_hw1/install/face_msg:/home/GTL/pcastere/ros_hw1/ros2_hw1/install/cs7630_msgs:/home/GTL/pcastere/ros_hw1/ros2_hw1/install/collision_avoidance_base LD_LIBRARY_PATH=/home/GTL/pcastere/ros_hw1/ros2_hw1/install/task_manager_msgs/lib:/home/GTL/pcastere/ros_hw1/ros2_hw1/install/task_manager_sync/lib:/home/GTL/pcastere/ros_hw1/ros2_hw1/install/task_manager_lib/lib:/home/GTL/pcastere/ros_hw1/ros2_hw1/install/face_msg/lib:/home/GTL/pcastere/ros_hw1/ros2_hw1/install/cs7630_msgs/lib:/usr/lib/x86_64-linux-gnu/gazebo-11/plugins:/opt/ros/humble/opt/rviz_ogre_vendor/lib:/opt/ros/humble/lib/x86_64-linux-gnu:/opt/ros/humble/lib PYTHONPATH=/home/GTL/pcastere/ros_hw1/ros2_hw1/build/task_manager_client_py/prefix_override:/usr/lib/python3/dist-packages/colcon_core/task/python/colcon_distutils_commands:/home/GTL/pcastere/ros_hw1/ros2_hw1/install/task_manager_client_py/lib/python3.10/site-packages:${PYTHONPATH} /usr/bin/python3 -W ignore:setup.py install is deprecated setup.py egg_info --egg-base ../../../../build/task_manager_client_py build --build-base /home/GTL/pcastere/ros_hw1/ros2_hw1/build/task_manager_client_py/build install --record /home/GTL/pcastere/ros_hw1/ros2_hw1/build/task_manager_client_py/install.log --install-scripts $base/lib/task_manager_client_py --single-version-externally-managed install_data
