[1.357s] Invoking command in '/home/GTL/apaul/ros2_hw1/src/rover_driver_base': PYTHONPATH=/home/GTL/apaul/ros2_hw1/build/rover_driver_base/prefix_override:/usr/lib/python3/dist-packages/colcon_core/task/python/colcon_distutils_commands:/home/GTL/apaul/ros2_hw1/install/rover_driver_base/lib/python3.10/site-packages:${PYTHONPATH} /usr/bin/python3 -W ignore:setup.py install is deprecated setup.py egg_info --egg-base ../../build/rover_driver_base build --build-base /home/GTL/apaul/ros2_hw1/build/rover_driver_base/build install --record /home/GTL/apaul/ros2_hw1/build/rover_driver_base/install.log --single-version-externally-managed install_data
[1.540s] running egg_info
[1.541s] writing ../../build/rover_driver_base/rover_driver_base.egg-info/PKG-INFO
[1.542s] writing dependency_links to ../../build/rover_driver_base/rover_driver_base.egg-info/dependency_links.txt
[1.544s] writing entry points to ../../build/rover_driver_base/rover_driver_base.egg-info/entry_points.txt
[1.545s] writing requirements to ../../build/rover_driver_base/rover_driver_base.egg-info/requires.txt
[1.546s] writing top-level names to ../../build/rover_driver_base/rover_driver_base.egg-info/top_level.txt
[1.550s] reading manifest file '../../build/rover_driver_base/rover_driver_base.egg-info/SOURCES.txt'
[1.563s] writing manifest file '../../build/rover_driver_base/rover_driver_base.egg-info/SOURCES.txt'
[1.563s] running build
[1.563s] running build_py
[1.564s] copying rover_driver_base/rover_kinematics.py -> /home/GTL/apaul/ros2_hw1/build/rover_driver_base/build/lib/rover_driver_base
[1.567s] running install
[1.567s] running install_lib
[1.569s] copying /home/GTL/apaul/ros2_hw1/build/rover_driver_base/build/lib/rover_driver_base/rover_kinematics.py -> /home/GTL/apaul/ros2_hw1/install/rover_driver_base/lib/python3.10/site-packages/rover_driver_base
[1.572s] byte-compiling /home/GTL/apaul/ros2_hw1/install/rover_driver_base/lib/python3.10/site-packages/rover_driver_base/rover_kinematics.py to rover_kinematics.cpython-310.pyc
[1.609s] running install_data
[1.609s] running install_egg_info
[1.611s] removing '/home/GTL/apaul/ros2_hw1/install/rover_driver_base/lib/python3.10/site-packages/rover_driver_base-0.0.0-py3.10.egg-info' (and everything under it)
[1.614s] Copying ../../build/rover_driver_base/rover_driver_base.egg-info to /home/GTL/apaul/ros2_hw1/install/rover_driver_base/lib/python3.10/site-packages/rover_driver_base-0.0.0-py3.10.egg-info
[1.643s] running install_scripts
[1.657s] Installing rover_command_node script to /home/GTL/apaul/ros2_hw1/install/rover_driver_base/lib/rover_driver_base
[1.659s] Installing rover_odom_node script to /home/GTL/apaul/ros2_hw1/install/rover_driver_base/lib/rover_driver_base
[1.661s] writing list of installed files to '/home/GTL/apaul/ros2_hw1/build/rover_driver_base/install.log'
[1.809s] Invoked command in '/home/GTL/apaul/ros2_hw1/src/rover_driver_base' returned '0': PYTHONPATH=/home/GTL/apaul/ros2_hw1/build/rover_driver_base/prefix_override:/usr/lib/python3/dist-packages/colcon_core/task/python/colcon_distutils_commands:/home/GTL/apaul/ros2_hw1/install/rover_driver_base/lib/python3.10/site-packages:${PYTHONPATH} /usr/bin/python3 -W ignore:setup.py install is deprecated setup.py egg_info --egg-base ../../build/rover_driver_base build --build-base /home/GTL/apaul/ros2_hw1/build/rover_driver_base/build install --record /home/GTL/apaul/ros2_hw1/build/rover_driver_base/install.log --single-version-externally-managed install_data
