[0.000000] (-) TimerEvent: {}
[0.000531] (-) JobUnselected: {'identifier': 'ar_loc_base'}
[0.000578] (-) JobUnselected: {'identifier': 'ar_mapping_base'}
[0.000590] (-) JobUnselected: {'identifier': 'ar_slam_base'}
[0.000599] (-) JobUnselected: {'identifier': 'button_server'}
[0.000606] (-) JobUnselected: {'identifier': 'collision_avoidance_base'}
[0.000615] (-) JobUnselected: {'identifier': 'cs7630_msgs'}
[0.000622] (-) JobUnselected: {'identifier': 'face_detect_base'}
[0.000630] (-) JobUnselected: {'identifier': 'face_msg'}
[0.000638] (-) JobUnselected: {'identifier': 'final_project'}
[0.000645] (-) JobUnselected: {'identifier': 'floor_nav'}
[0.000653] (-) JobUnselected: {'identifier': 'joy_pack'}
[0.000660] (-) JobUnselected: {'identifier': 'keyboard_teleop'}
[0.000668] (-) JobUnselected: {'identifier': 'obstacle_avoidance_base'}
[0.000676] (-) JobUnselected: {'identifier': 'occgrid_planner'}
[0.000683] (-) JobUnselected: {'identifier': 'rover_driver_base'}
[0.000691] (-) JobUnselected: {'identifier': 'task_manager_client_py'}
[0.000698] (-) JobUnselected: {'identifier': 'task_manager_lib'}
[0.000706] (-) JobUnselected: {'identifier': 'task_manager_msgs'}
[0.000713] (-) JobUnselected: {'identifier': 'task_manager_nav2'}
[0.000722] (-) JobUnselected: {'identifier': 'task_manager_sync'}
[0.000729] (-) JobUnselected: {'identifier': 'turtlebot_launch'}
[0.000736] (-) JobUnselected: {'identifier': 'vrep4_helpers'}
[0.000744] (-) JobUnselected: {'identifier': 'vrep_ros_teleop'}
[0.000751] (-) JobUnselected: {'identifier': 'wifi_map_base'}
[0.000759] (-) JobUnselected: {'identifier': 'wpa_cli_msgs'}
[0.000769] (occgrid_planner_base) JobQueued: {'identifier': 'occgrid_planner_base', 'dependencies': OrderedDict([('cs7630_msgs', '/home/GTL/apaul/ros2_hw1/install/cs7630_msgs')])}
[0.000783] (occgrid_planner_base) JobStarted: {'identifier': 'occgrid_planner_base'}
[0.025692] (occgrid_planner_base) JobProgress: {'identifier': 'occgrid_planner_base', 'progress': 'cmake'}
[0.028673] (occgrid_planner_base) JobProgress: {'identifier': 'occgrid_planner_base', 'progress': 'build'}
[0.029337] (occgrid_planner_base) Command: {'cmd': ['/usr/bin/cmake', '--build', '/home/GTL/apaul/ros2_hw1/build/occgrid_planner_base', '--', '-j16', '-l16'], 'cwd': '/home/GTL/apaul/ros2_hw1/build/occgrid_planner_base', 'env': OrderedDict([('USER', 'apaul'), ('XDG_SESSION_TYPE', 'x11'), ('SHLVL', '1'), ('LD_LIBRARY_PATH', '/home/GTL/apaul/ros2_hw1/install/cs7630_msgs/lib:/home/GTL/apaul/ros2_hw1/install/wpa_cli_msgs/lib:/home/GTL/apaul/ros2_hw1/install/task_manager_sync/lib:/home/GTL/apaul/ros2_hw1/install/task_manager_lib/lib:/home/GTL/apaul/ros2_hw1/install/task_manager_msgs/lib:/home/GTL/apaul/ros2_hw1/install/face_msg/lib:/usr/lib/x86_64-linux-gnu/gazebo-11/plugins:/opt/ros/humble/opt/rviz_ogre_vendor/lib:/opt/ros/humble/lib/x86_64-linux-gnu:/opt/ros/humble/lib'), ('HOME', '/home/GTL/apaul'), ('CYCLONEDDS_URI', '/cs-share/pradalier/gtlpc_cyclonedds.xml'), ('OLDPWD', '/home/GTL/apaul'), ('DESKTOP_SESSION', 'ubuntu'), ('ROS_PYTHON_VERSION', '3'), ('GNOME_SHELL_SESSION_MODE', 'ubuntu'), ('GTK_MODULES', 'gail:atk-bridge'), ('MANAGERPID', '2455'), ('SYSTEMD_EXEC_PID', '2795'), ('DBUS_SESSION_BUS_ADDRESS', 'unix:path=/run/user/37726/bus'), ('COLORTERM', 'truecolor'), ('TERMINATOR_DBUS_NAME', 'net.tenshu.Terminator23558193cd9818af7fe4d2c2f5bd9d00f'), ('GIO_LAUNCHED_DESKTOP_FILE_PID', '5090'), ('COLCON_PREFIX_PATH', '/home/GTL/apaul/ros2_hw1/install'), ('ROS_DISTRO', 'humble'), ('GTK_IM_MODULE', 'ibus'), ('LOGNAME', 'apaul'), ('JOURNAL_STREAM', '8:25449'), ('_', '/usr/bin/colcon'), ('ROS_VERSION', '2'), ('XDG_SESSION_CLASS', 'user'), ('USERNAME', 'apaul'), ('TERM', 'xterm-256color'), ('GNOME_DESKTOP_SESSION_ID', 'this-is-deprecated'), ('ROS_LOCALHOST_ONLY', '0'), ('WINDOWPATH', '2'), ('PATH', '/opt/ros/humble/bin:/usr/local/sbin:/usr/local/bin:/usr/sbin:/usr/bin:/sbin:/bin:/usr/games:/usr/local/games:/snap/bin:/snap/bin'), ('SESSION_MANAGER', 'local/gtlpc102.georgiatech-metz.fr:@/tmp/.ICE-unix/2636,unix/gtlpc102.georgiatech-metz.fr:/tmp/.ICE-unix/2636'), ('INVOCATION_ID', 'c5192aa7cf5d441f858d35f6f08bc4ba'), ('XDG_MENU_PREFIX', 'gnome-'), ('XDG_RUNTIME_DIR', '/run/user/37726'), ('DISPLAY', ':1'), ('TERMINATOR_DBUS_PATH', '/net/tenshu/Terminator2'), ('LANG', 'en_US.UTF-8'), ('XDG_CURRENT_DESKTOP', 'ubuntu:GNOME'), ('IBUS_DISABLE_SNOOPER', '1'), ('RMW_IMPLEMENTATION', 'rmw_cyclonedds_cpp'), ('XMODIFIERS', '@im=ibus'), ('XDG_SESSION_DESKTOP', 'ubuntu'), ('XAUTHORITY', '/run/user/37726/gdm/Xauthority'), ('SSH_AGENT_LAUNCHER', 'gnome-keyring'), ('SSH_AUTH_SOCK', '/run/user/37726/keyring/ssh'), ('ROS_DOMAIN_ID', '152'), ('AMENT_PREFIX_PATH', '/home/GTL/apaul/ros2_hw1/install/wifi_map_base:/home/GTL/apaul/ros2_hw1/install/vrep_ros_teleop:/home/GTL/apaul/ros2_hw1/install/task_manager_sync:/home/GTL/apaul/ros2_hw1/install/floor_nav:/home/GTL/apaul/ros2_hw1/install/task_manager_nav2:/home/GTL/apaul/ros2_hw1/install/task_manager_lib:/home/GTL/apaul/ros2_hw1/install/task_manager_client_py:/home/GTL/apaul/ros2_hw1/install/task_manager_msgs:/home/GTL/apaul/ros2_hw1/install/ar_slam_base:/home/GTL/apaul/ros2_hw1/install/ar_loc_base:/home/GTL/apaul/ros2_hw1/install/rover_driver_base:/home/GTL/apaul/ros2_hw1/install/occgrid_planner_base:/home/GTL/apaul/ros2_hw1/install/occgrid_planner:/home/GTL/apaul/ros2_hw1/install/obstacle_avoidance_base:/home/GTL/apaul/ros2_hw1/install/keyboard_teleop:/home/GTL/apaul/ros2_hw1/install/joy_pack:/home/GTL/apaul/ros2_hw1/install/face_detect_base:/home/GTL/apaul/ros2_hw1/install/collision_avoidance_base:/home/GTL/apaul/ros2_hw1/install/button_server:/home/GTL/apaul/ros2_hw1/install/ar_mapping_base:/opt/ros/humble'), ('SHELL', '/bin/bash'), ('TERMINATOR_UUID', 'urn:uuid:9610aacc-ff65-48bf-9883-d615ec1d32b5'), ('KRB5CCNAME', 'FILE:/tmp/krb5cc_37726'), ('QT_ACCESSIBILITY', '1'), ('GDMSESSION', 'ubuntu'), ('GPG_AGENT_INFO', '/run/user/37726/gnupg/S.gpg-agent:0:1'), ('QT_IM_MODULE', 'ibus'), ('PWD', '/home/GTL/apaul/ros2_hw1/build/occgrid_planner_base'), ('XDG_CONFIG_DIRS', '/etc/xdg/xdg-ubuntu:/etc/xdg'), ('XDG_DATA_DIRS', '/usr/share/ubuntu:/usr/share/gnome:/usr/local/share/:/usr/share/:/var/lib/snapd/desktop'), ('PYTHONPATH', '/home/GTL/apaul/ros2_hw1/install/vrep_ros_teleop/lib/python3.10/site-packages:/home/GTL/apaul/ros2_hw1/install/task_manager_client_py/lib/python3.10/site-packages:/home/GTL/apaul/ros2_hw1/install/task_manager_msgs/local/lib/python3.10/dist-packages:/home/GTL/apaul/ros2_hw1/install/ar_slam_base/lib/python3.10/site-packages:/home/GTL/apaul/ros2_hw1/install/ar_loc_base/lib/python3.10/site-packages:/home/GTL/apaul/ros2_hw1/install/rover_driver_base/lib/python3.10/site-packages:/home/GTL/apaul/ros2_hw1/install/keyboard_teleop/lib/python3.10/site-packages:/home/GTL/apaul/ros2_hw1/install/face_detect_base/lib/python3.10/site-packages:/home/GTL/apaul/ros2_hw1/install/button_server/lib/python3.10/site-packages:/home/GTL/apaul/ros2_hw1/install/ar_mapping_base/lib/python3.10/site-packages:/opt/ros/humble/lib/python3.10/site-packages:/opt/ros/humble/local/lib/python3.10/dist-packages'), ('COLCON', '1'), ('VTE_VERSION', '6800'), ('CMAKE_PREFIX_PATH', '/home/GTL/apaul/ros2_hw1/install/cs7630_msgs:/home/GTL/apaul/ros2_hw1/install/wifi_map_base:/home/GTL/apaul/ros2_hw1/install/wpa_cli_msgs:/home/GTL/apaul/ros2_hw1/install/vrep4_helpers:/home/GTL/apaul/ros2_hw1/install/turtlebot_launch:/home/GTL/apaul/ros2_hw1/install/task_manager_sync:/home/GTL/apaul/ros2_hw1/install/floor_nav:/home/GTL/apaul/ros2_hw1/install/task_manager_nav2:/home/GTL/apaul/ros2_hw1/install/task_manager_lib:/home/GTL/apaul/ros2_hw1/install/occgrid_planner_base:/home/GTL/apaul/ros2_hw1/install/occgrid_planner:/home/GTL/apaul/ros2_hw1/install/obstacle_avoidance_base:/home/GTL/apaul/ros2_hw1/install/joy_pack:/home/GTL/apaul/ros2_hw1/install/face_msg:/home/GTL/apaul/ros2_hw1/install/collision_avoidance_base:/home/GTL/apaul/ros2_hw1/install/vrep_ros_teleop:/home/GTL/apaul/ros2_hw1/install/task_manager_client_py:/home/GTL/apaul/ros2_hw1/install/task_manager_msgs:/home/GTL/apaul/ros2_hw1/install/ar_slam_base:/home/GTL/apaul/ros2_hw1/install/ar_loc_base:/home/GTL/apaul/ros2_hw1/install/rover_driver_base:/home/GTL/apaul/ros2_hw1/install/keyboard_teleop:/home/GTL/apaul/ros2_hw1/install/face_detect_base:/home/GTL/apaul/ros2_hw1/install/button_server:/home/GTL/apaul/ros2_hw1/install/ar_mapping_base:/opt/ros/humble')]), 'shell': False}
[0.095525] (occgrid_planner_base) StdoutLine: {'line': b'[ 16%] \x1b[32mBuilding CXX object CMakeFiles/occgrid_planner_base.dir/src/occgrid_planner.cpp.o\x1b[0m\n'}
[0.099146] (-) TimerEvent: {}
[0.099279] (occgrid_planner_base) StdoutLine: {'line': b'[ 83%] Built target path_optimizer_base\n'}
[0.099391] (occgrid_planner_base) StdoutLine: {'line': b'[ 83%] Built target path_follower_base\n'}
[0.199241] (-) TimerEvent: {}
[0.299500] (-) TimerEvent: {}
[0.399750] (-) TimerEvent: {}
[0.500011] (-) TimerEvent: {}
[0.600241] (-) TimerEvent: {}
[0.700492] (-) TimerEvent: {}
[0.800743] (-) TimerEvent: {}
[0.900995] (-) TimerEvent: {}
[1.001230] (-) TimerEvent: {}
[1.101499] (-) TimerEvent: {}
[1.201717] (-) TimerEvent: {}
[1.301982] (-) TimerEvent: {}
[1.402246] (-) TimerEvent: {}
[1.502512] (-) TimerEvent: {}
[1.602786] (-) TimerEvent: {}
[1.703046] (-) TimerEvent: {}
[1.803276] (-) TimerEvent: {}
[1.903523] (-) TimerEvent: {}
[2.003788] (-) TimerEvent: {}
[2.104049] (-) TimerEvent: {}
[2.204301] (-) TimerEvent: {}
[2.304542] (-) TimerEvent: {}
[2.404787] (-) TimerEvent: {}
[2.505026] (-) TimerEvent: {}
[2.605239] (-) TimerEvent: {}
[2.705477] (-) TimerEvent: {}
[2.805739] (-) TimerEvent: {}
[2.906012] (-) TimerEvent: {}
[3.006279] (-) TimerEvent: {}
[3.106551] (-) TimerEvent: {}
[3.206789] (-) TimerEvent: {}
[3.307039] (-) TimerEvent: {}
[3.407289] (-) TimerEvent: {}
[3.507539] (-) TimerEvent: {}
[3.607778] (-) TimerEvent: {}
[3.708022] (-) TimerEvent: {}
[3.808269] (-) TimerEvent: {}
[3.908517] (-) TimerEvent: {}
[4.008743] (-) TimerEvent: {}
[4.108973] (-) TimerEvent: {}
[4.209206] (-) TimerEvent: {}
[4.309513] (-) TimerEvent: {}
[4.409794] (-) TimerEvent: {}
[4.510106] (-) TimerEvent: {}
[4.610354] (-) TimerEvent: {}
[4.710615] (-) TimerEvent: {}
[4.810867] (-) TimerEvent: {}
[4.911115] (-) TimerEvent: {}
[5.011345] (-) TimerEvent: {}
[5.111569] (-) TimerEvent: {}
[5.211854] (-) TimerEvent: {}
[5.312099] (-) TimerEvent: {}
[5.412330] (-) TimerEvent: {}
[5.512593] (-) TimerEvent: {}
[5.612851] (-) TimerEvent: {}
[5.713093] (-) TimerEvent: {}
[5.813412] (-) TimerEvent: {}
[5.913665] (-) TimerEvent: {}
[6.013886] (-) TimerEvent: {}
[6.114141] (-) TimerEvent: {}
[6.214420] (-) TimerEvent: {}
[6.314709] (-) TimerEvent: {}
[6.414978] (-) TimerEvent: {}
[6.515233] (-) TimerEvent: {}
[6.615489] (-) TimerEvent: {}
[6.715729] (-) TimerEvent: {}
[6.815998] (-) TimerEvent: {}
[6.916221] (-) TimerEvent: {}
[7.016455] (-) TimerEvent: {}
[7.116688] (-) TimerEvent: {}
[7.216928] (-) TimerEvent: {}
[7.317160] (-) TimerEvent: {}
[7.417393] (-) TimerEvent: {}
[7.517619] (-) TimerEvent: {}
[7.617869] (-) TimerEvent: {}
[7.718088] (-) TimerEvent: {}
[7.818317] (-) TimerEvent: {}
[7.918531] (-) TimerEvent: {}
[8.018763] (-) TimerEvent: {}
[8.118987] (-) TimerEvent: {}
[8.219245] (-) TimerEvent: {}
[8.319516] (-) TimerEvent: {}
[8.419778] (-) TimerEvent: {}
[8.520048] (-) TimerEvent: {}
[8.620320] (-) TimerEvent: {}
[8.720547] (-) TimerEvent: {}
[8.820785] (-) TimerEvent: {}
[8.921006] (-) TimerEvent: {}
[9.021244] (-) TimerEvent: {}
[9.121484] (-) TimerEvent: {}
[9.221697] (-) TimerEvent: {}
[9.321955] (-) TimerEvent: {}
[9.422219] (-) TimerEvent: {}
[9.522441] (-) TimerEvent: {}
[9.622688] (-) TimerEvent: {}
[9.722903] (-) TimerEvent: {}
[9.823156] (-) TimerEvent: {}
[9.923408] (-) TimerEvent: {}
[10.023630] (-) TimerEvent: {}
[10.123908] (-) TimerEvent: {}
[10.224161] (-) TimerEvent: {}
[10.324384] (-) TimerEvent: {}
[10.424599] (-) TimerEvent: {}
[10.524844] (-) TimerEvent: {}
[10.625075] (-) TimerEvent: {}
[10.725309] (-) TimerEvent: {}
[10.825555] (-) TimerEvent: {}
[10.925811] (-) TimerEvent: {}
[11.026056] (-) TimerEvent: {}
[11.126322] (-) TimerEvent: {}
[11.226584] (-) TimerEvent: {}
[11.326900] (-) TimerEvent: {}
[11.427186] (-) TimerEvent: {}
[11.527441] (-) TimerEvent: {}
[11.627683] (-) TimerEvent: {}
[11.727929] (-) TimerEvent: {}
[11.828178] (-) TimerEvent: {}
[11.928399] (-) TimerEvent: {}
[12.028622] (-) TimerEvent: {}
[12.128874] (-) TimerEvent: {}
[12.229124] (-) TimerEvent: {}
[12.329363] (-) TimerEvent: {}
[12.429600] (-) TimerEvent: {}
[12.529825] (-) TimerEvent: {}
[12.630051] (-) TimerEvent: {}
[12.730275] (-) TimerEvent: {}
[12.830489] (-) TimerEvent: {}
[12.930726] (-) TimerEvent: {}
[13.030987] (-) TimerEvent: {}
[13.131219] (-) TimerEvent: {}
[13.231447] (-) TimerEvent: {}
[13.331663] (-) TimerEvent: {}
[13.431917] (-) TimerEvent: {}
[13.532173] (-) TimerEvent: {}
[13.632403] (-) TimerEvent: {}
[13.732621] (-) TimerEvent: {}
[13.832876] (-) TimerEvent: {}
[13.933107] (-) TimerEvent: {}
[14.033358] (-) TimerEvent: {}
[14.133595] (-) TimerEvent: {}
[14.233850] (-) TimerEvent: {}
[14.334089] (-) TimerEvent: {}
[14.434314] (-) TimerEvent: {}
[14.534537] (-) TimerEvent: {}
[14.634775] (-) TimerEvent: {}
[14.735038] (-) TimerEvent: {}
[14.835268] (-) TimerEvent: {}
[14.935514] (-) TimerEvent: {}
[15.035739] (-) TimerEvent: {}
[15.135974] (-) TimerEvent: {}
[15.236189] (-) TimerEvent: {}
[15.336428] (-) TimerEvent: {}
[15.436669] (-) TimerEvent: {}
[15.536908] (-) TimerEvent: {}
[15.637151] (-) TimerEvent: {}
[15.737411] (-) TimerEvent: {}
[15.837665] (-) TimerEvent: {}
[15.937887] (-) TimerEvent: {}
[16.038118] (-) TimerEvent: {}
[16.138343] (-) TimerEvent: {}
[16.238600] (-) TimerEvent: {}
[16.338821] (-) TimerEvent: {}
[16.439036] (-) TimerEvent: {}
[16.539256] (-) TimerEvent: {}
[16.639495] (-) TimerEvent: {}
[16.739777] (-) TimerEvent: {}
[16.840057] (-) TimerEvent: {}
[16.940284] (-) TimerEvent: {}
[17.040522] (-) TimerEvent: {}
[17.140761] (-) TimerEvent: {}
[17.205064] (occgrid_planner_base) StdoutLine: {'line': b'[100%] \x1b[32m\x1b[1mLinking CXX executable occgrid_planner_base\x1b[0m\n'}
[17.240854] (-) TimerEvent: {}
[17.341097] (-) TimerEvent: {}
[17.441342] (-) TimerEvent: {}
[17.541622] (-) TimerEvent: {}
[17.641916] (-) TimerEvent: {}
[17.742200] (-) TimerEvent: {}
[17.842424] (-) TimerEvent: {}
[17.942654] (-) TimerEvent: {}
[18.042887] (-) TimerEvent: {}
[18.143174] (-) TimerEvent: {}
[18.243412] (-) TimerEvent: {}
[18.311942] (occgrid_planner_base) StdoutLine: {'line': b'[100%] Built target occgrid_planner_base\n'}
[18.321726] (occgrid_planner_base) CommandEnded: {'returncode': 0}
[18.343510] (-) TimerEvent: {}
[18.344200] (occgrid_planner_base) JobProgress: {'identifier': 'occgrid_planner_base', 'progress': 'install'}
[18.350760] (occgrid_planner_base) Command: {'cmd': ['/usr/bin/cmake', '--install', '/home/GTL/apaul/ros2_hw1/build/occgrid_planner_base'], 'cwd': '/home/GTL/apaul/ros2_hw1/build/occgrid_planner_base', 'env': OrderedDict([('USER', 'apaul'), ('XDG_SESSION_TYPE', 'x11'), ('SHLVL', '1'), ('LD_LIBRARY_PATH', '/home/GTL/apaul/ros2_hw1/install/cs7630_msgs/lib:/home/GTL/apaul/ros2_hw1/install/wpa_cli_msgs/lib:/home/GTL/apaul/ros2_hw1/install/task_manager_sync/lib:/home/GTL/apaul/ros2_hw1/install/task_manager_lib/lib:/home/GTL/apaul/ros2_hw1/install/task_manager_msgs/lib:/home/GTL/apaul/ros2_hw1/install/face_msg/lib:/usr/lib/x86_64-linux-gnu/gazebo-11/plugins:/opt/ros/humble/opt/rviz_ogre_vendor/lib:/opt/ros/humble/lib/x86_64-linux-gnu:/opt/ros/humble/lib'), ('HOME', '/home/GTL/apaul'), ('CYCLONEDDS_URI', '/cs-share/pradalier/gtlpc_cyclonedds.xml'), ('OLDPWD', '/home/GTL/apaul'), ('DESKTOP_SESSION', 'ubuntu'), ('ROS_PYTHON_VERSION', '3'), ('GNOME_SHELL_SESSION_MODE', 'ubuntu'), ('GTK_MODULES', 'gail:atk-bridge'), ('MANAGERPID', '2455'), ('SYSTEMD_EXEC_PID', '2795'), ('DBUS_SESSION_BUS_ADDRESS', 'unix:path=/run/user/37726/bus'), ('COLORTERM', 'truecolor'), ('TERMINATOR_DBUS_NAME', 'net.tenshu.Terminator23558193cd9818af7fe4d2c2f5bd9d00f'), ('GIO_LAUNCHED_DESKTOP_FILE_PID', '5090'), ('COLCON_PREFIX_PATH', '/home/GTL/apaul/ros2_hw1/install'), ('ROS_DISTRO', 'humble'), ('GTK_IM_MODULE', 'ibus'), ('LOGNAME', 'apaul'), ('JOURNAL_STREAM', '8:25449'), ('_', '/usr/bin/colcon'), ('ROS_VERSION', '2'), ('XDG_SESSION_CLASS', 'user'), ('USERNAME', 'apaul'), ('TERM', 'xterm-256color'), ('GNOME_DESKTOP_SESSION_ID', 'this-is-deprecated'), ('ROS_LOCALHOST_ONLY', '0'), ('WINDOWPATH', '2'), ('PATH', '/opt/ros/humble/bin:/usr/local/sbin:/usr/local/bin:/usr/sbin:/usr/bin:/sbin:/bin:/usr/games:/usr/local/games:/snap/bin:/snap/bin'), ('SESSION_MANAGER', 'local/gtlpc102.georgiatech-metz.fr:@/tmp/.ICE-unix/2636,unix/gtlpc102.georgiatech-metz.fr:/tmp/.ICE-unix/2636'), ('INVOCATION_ID', 'c5192aa7cf5d441f858d35f6f08bc4ba'), ('XDG_MENU_PREFIX', 'gnome-'), ('XDG_RUNTIME_DIR', '/run/user/37726'), ('DISPLAY', ':1'), ('TERMINATOR_DBUS_PATH', '/net/tenshu/Terminator2'), ('LANG', 'en_US.UTF-8'), ('XDG_CURRENT_DESKTOP', 'ubuntu:GNOME'), ('IBUS_DISABLE_SNOOPER', '1'), ('RMW_IMPLEMENTATION', 'rmw_cyclonedds_cpp'), ('XMODIFIERS', '@im=ibus'), ('XDG_SESSION_DESKTOP', 'ubuntu'), ('XAUTHORITY', '/run/user/37726/gdm/Xauthority'), ('SSH_AGENT_LAUNCHER', 'gnome-keyring'), ('SSH_AUTH_SOCK', '/run/user/37726/keyring/ssh'), ('ROS_DOMAIN_ID', '152'), ('AMENT_PREFIX_PATH', '/home/GTL/apaul/ros2_hw1/install/wifi_map_base:/home/GTL/apaul/ros2_hw1/install/vrep_ros_teleop:/home/GTL/apaul/ros2_hw1/install/task_manager_sync:/home/GTL/apaul/ros2_hw1/install/floor_nav:/home/GTL/apaul/ros2_hw1/install/task_manager_nav2:/home/GTL/apaul/ros2_hw1/install/task_manager_lib:/home/GTL/apaul/ros2_hw1/install/task_manager_client_py:/home/GTL/apaul/ros2_hw1/install/task_manager_msgs:/home/GTL/apaul/ros2_hw1/install/ar_slam_base:/home/GTL/apaul/ros2_hw1/install/ar_loc_base:/home/GTL/apaul/ros2_hw1/install/rover_driver_base:/home/GTL/apaul/ros2_hw1/install/occgrid_planner_base:/home/GTL/apaul/ros2_hw1/install/occgrid_planner:/home/GTL/apaul/ros2_hw1/install/obstacle_avoidance_base:/home/GTL/apaul/ros2_hw1/install/keyboard_teleop:/home/GTL/apaul/ros2_hw1/install/joy_pack:/home/GTL/apaul/ros2_hw1/install/face_detect_base:/home/GTL/apaul/ros2_hw1/install/collision_avoidance_base:/home/GTL/apaul/ros2_hw1/install/button_server:/home/GTL/apaul/ros2_hw1/install/ar_mapping_base:/opt/ros/humble'), ('SHELL', '/bin/bash'), ('TERMINATOR_UUID', 'urn:uuid:9610aacc-ff65-48bf-9883-d615ec1d32b5'), ('KRB5CCNAME', 'FILE:/tmp/krb5cc_37726'), ('QT_ACCESSIBILITY', '1'), ('GDMSESSION', 'ubuntu'), ('GPG_AGENT_INFO', '/run/user/37726/gnupg/S.gpg-agent:0:1'), ('QT_IM_MODULE', 'ibus'), ('PWD', '/home/GTL/apaul/ros2_hw1/build/occgrid_planner_base'), ('XDG_CONFIG_DIRS', '/etc/xdg/xdg-ubuntu:/etc/xdg'), ('XDG_DATA_DIRS', '/usr/share/ubuntu:/usr/share/gnome:/usr/local/share/:/usr/share/:/var/lib/snapd/desktop'), ('PYTHONPATH', '/home/GTL/apaul/ros2_hw1/install/vrep_ros_teleop/lib/python3.10/site-packages:/home/GTL/apaul/ros2_hw1/install/task_manager_client_py/lib/python3.10/site-packages:/home/GTL/apaul/ros2_hw1/install/task_manager_msgs/local/lib/python3.10/dist-packages:/home/GTL/apaul/ros2_hw1/install/ar_slam_base/lib/python3.10/site-packages:/home/GTL/apaul/ros2_hw1/install/ar_loc_base/lib/python3.10/site-packages:/home/GTL/apaul/ros2_hw1/install/rover_driver_base/lib/python3.10/site-packages:/home/GTL/apaul/ros2_hw1/install/keyboard_teleop/lib/python3.10/site-packages:/home/GTL/apaul/ros2_hw1/install/face_detect_base/lib/python3.10/site-packages:/home/GTL/apaul/ros2_hw1/install/button_server/lib/python3.10/site-packages:/home/GTL/apaul/ros2_hw1/install/ar_mapping_base/lib/python3.10/site-packages:/opt/ros/humble/lib/python3.10/site-packages:/opt/ros/humble/local/lib/python3.10/dist-packages'), ('COLCON', '1'), ('VTE_VERSION', '6800'), ('CMAKE_PREFIX_PATH', '/home/GTL/apaul/ros2_hw1/install/cs7630_msgs:/home/GTL/apaul/ros2_hw1/install/wifi_map_base:/home/GTL/apaul/ros2_hw1/install/wpa_cli_msgs:/home/GTL/apaul/ros2_hw1/install/vrep4_helpers:/home/GTL/apaul/ros2_hw1/install/turtlebot_launch:/home/GTL/apaul/ros2_hw1/install/task_manager_sync:/home/GTL/apaul/ros2_hw1/install/floor_nav:/home/GTL/apaul/ros2_hw1/install/task_manager_nav2:/home/GTL/apaul/ros2_hw1/install/task_manager_lib:/home/GTL/apaul/ros2_hw1/install/occgrid_planner_base:/home/GTL/apaul/ros2_hw1/install/occgrid_planner:/home/GTL/apaul/ros2_hw1/install/obstacle_avoidance_base:/home/GTL/apaul/ros2_hw1/install/joy_pack:/home/GTL/apaul/ros2_hw1/install/face_msg:/home/GTL/apaul/ros2_hw1/install/collision_avoidance_base:/home/GTL/apaul/ros2_hw1/install/vrep_ros_teleop:/home/GTL/apaul/ros2_hw1/install/task_manager_client_py:/home/GTL/apaul/ros2_hw1/install/task_manager_msgs:/home/GTL/apaul/ros2_hw1/install/ar_slam_base:/home/GTL/apaul/ros2_hw1/install/ar_loc_base:/home/GTL/apaul/ros2_hw1/install/rover_driver_base:/home/GTL/apaul/ros2_hw1/install/keyboard_teleop:/home/GTL/apaul/ros2_hw1/install/face_detect_base:/home/GTL/apaul/ros2_hw1/install/button_server:/home/GTL/apaul/ros2_hw1/install/ar_mapping_base:/opt/ros/humble')]), 'shell': False}
[18.356591] (occgrid_planner_base) StdoutLine: {'line': b'-- Install configuration: ""\n'}
[18.358661] (occgrid_planner_base) StdoutLine: {'line': b'-- Installing: /home/GTL/apaul/ros2_hw1/install/occgrid_planner_base/lib/occgrid_planner_base/occgrid_planner_base\n'}
[18.443625] (-) TimerEvent: {}
[18.543845] (-) TimerEvent: {}
[18.547939] (occgrid_planner_base) StdoutLine: {'line': b'-- Set runtime path of "/home/GTL/apaul/ros2_hw1/install/occgrid_planner_base/lib/occgrid_planner_base/occgrid_planner_base" to ""\n'}
[18.548998] (occgrid_planner_base) StdoutLine: {'line': b'-- Up-to-date: /home/GTL/apaul/ros2_hw1/install/occgrid_planner_base/lib/occgrid_planner_base/path_optimizer_base\n'}
[18.552161] (occgrid_planner_base) StdoutLine: {'line': b'-- Up-to-date: /home/GTL/apaul/ros2_hw1/install/occgrid_planner_base/lib/occgrid_planner_base/path_follower_base\n'}
[18.554740] (occgrid_planner_base) StdoutLine: {'line': b'-- Up-to-date: /home/GTL/apaul/ros2_hw1/install/occgrid_planner_base/share/occgrid_planner_base\n'}
[18.555891] (occgrid_planner_base) StdoutLine: {'line': b'-- Up-to-date: /home/GTL/apaul/ros2_hw1/install/occgrid_planner_base/share/occgrid_planner_base/planner.launch.py\n'}
[18.556484] (occgrid_planner_base) StdoutLine: {'line': b'-- Up-to-date: /home/GTL/apaul/ros2_hw1/install/occgrid_planner_base/share/occgrid_planner_base/mapper_params_online_sync.yaml\n'}
[18.557504] (occgrid_planner_base) StdoutLine: {'line': b'-- Up-to-date: /home/GTL/apaul/ros2_hw1/install/occgrid_planner_base/share/occgrid_planner_base/slam_tb_sync.launch.py\n'}
[18.558442] (occgrid_planner_base) StdoutLine: {'line': b'-- Up-to-date: /home/GTL/apaul/ros2_hw1/install/occgrid_planner_base/share/occgrid_planner_base/mapper_params_tb_sync.yaml\n'}
[18.559676] (occgrid_planner_base) StdoutLine: {'line': b'-- Up-to-date: /home/GTL/apaul/ros2_hw1/install/occgrid_planner_base/share/occgrid_planner_base/slam_online_sync.launch.py\n'}
[18.560689] (occgrid_planner_base) StdoutLine: {'line': b'-- Up-to-date: /home/GTL/apaul/ros2_hw1/install/occgrid_planner_base/share/occgrid_planner_base/__pycache__\n'}
[18.561935] (occgrid_planner_base) StdoutLine: {'line': b'-- Installing: /home/GTL/apaul/ros2_hw1/install/occgrid_planner_base/share/occgrid_planner_base/__pycache__/slam_online_sync.launch.cpython-310.pyc\n'}
[18.567120] (occgrid_planner_base) StdoutLine: {'line': b'-- Installing: /home/GTL/apaul/ros2_hw1/install/occgrid_planner_base/share/occgrid_planner_base/__pycache__/planner.launch.cpython-310.pyc\n'}
[18.571354] (occgrid_planner_base) StdoutLine: {'line': b'-- Up-to-date: /home/GTL/apaul/ros2_hw1/install/occgrid_planner_base/share/ament_index/resource_index/package_run_dependencies/occgrid_planner_base\n'}
[18.572188] (occgrid_planner_base) StdoutLine: {'line': b'-- Up-to-date: /home/GTL/apaul/ros2_hw1/install/occgrid_planner_base/share/ament_index/resource_index/parent_prefix_path/occgrid_planner_base\n'}
[18.573348] (occgrid_planner_base) StdoutLine: {'line': b'-- Up-to-date: /home/GTL/apaul/ros2_hw1/install/occgrid_planner_base/share/occgrid_planner_base/environment/ament_prefix_path.sh\n'}
[18.574198] (occgrid_planner_base) StdoutLine: {'line': b'-- Up-to-date: /home/GTL/apaul/ros2_hw1/install/occgrid_planner_base/share/occgrid_planner_base/environment/ament_prefix_path.dsv\n'}
[18.574763] (occgrid_planner_base) StdoutLine: {'line': b'-- Up-to-date: /home/GTL/apaul/ros2_hw1/install/occgrid_planner_base/share/occgrid_planner_base/environment/path.sh\n'}
[18.575386] (occgrid_planner_base) StdoutLine: {'line': b'-- Up-to-date: /home/GTL/apaul/ros2_hw1/install/occgrid_planner_base/share/occgrid_planner_base/environment/path.dsv\n'}
[18.575991] (occgrid_planner_base) StdoutLine: {'line': b'-- Up-to-date: /home/GTL/apaul/ros2_hw1/install/occgrid_planner_base/share/occgrid_planner_base/local_setup.bash\n'}
[18.576584] (occgrid_planner_base) StdoutLine: {'line': b'-- Up-to-date: /home/GTL/apaul/ros2_hw1/install/occgrid_planner_base/share/occgrid_planner_base/local_setup.sh\n'}
[18.576962] (occgrid_planner_base) StdoutLine: {'line': b'-- Up-to-date: /home/GTL/apaul/ros2_hw1/install/occgrid_planner_base/share/occgrid_planner_base/local_setup.zsh\n'}
[18.578047] (occgrid_planner_base) StdoutLine: {'line': b'-- Up-to-date: /home/GTL/apaul/ros2_hw1/install/occgrid_planner_base/share/occgrid_planner_base/local_setup.dsv\n'}
[18.578882] (occgrid_planner_base) StdoutLine: {'line': b'-- Installing: /home/GTL/apaul/ros2_hw1/install/occgrid_planner_base/share/occgrid_planner_base/package.dsv\n'}
[18.583478] (occgrid_planner_base) StdoutLine: {'line': b'-- Up-to-date: /home/GTL/apaul/ros2_hw1/install/occgrid_planner_base/share/ament_index/resource_index/packages/occgrid_planner_base\n'}
[18.584489] (occgrid_planner_base) StdoutLine: {'line': b'-- Up-to-date: /home/GTL/apaul/ros2_hw1/install/occgrid_planner_base/share/occgrid_planner_base/cmake/occgrid_planner_baseConfig.cmake\n'}
[18.584967] (occgrid_planner_base) StdoutLine: {'line': b'-- Up-to-date: /home/GTL/apaul/ros2_hw1/install/occgrid_planner_base/share/occgrid_planner_base/cmake/occgrid_planner_baseConfig-version.cmake\n'}
[18.585536] (occgrid_planner_base) StdoutLine: {'line': b'-- Up-to-date: /home/GTL/apaul/ros2_hw1/install/occgrid_planner_base/share/occgrid_planner_base/package.xml\n'}
[18.587763] (occgrid_planner_base) CommandEnded: {'returncode': 0}
[18.643915] (-) TimerEvent: {}
[18.655791] (occgrid_planner_base) JobEnded: {'identifier': 'occgrid_planner_base', 'rc': 0}
[18.657046] (-) EventReactorShutdown: {}
