[0.000000] (-) TimerEvent: {}
[0.000173] (-) JobUnselected: {'identifier': 'ar_loc_base'}
[0.000193] (-) JobUnselected: {'identifier': 'ar_mapping_base'}
[0.000204] (-) JobUnselected: {'identifier': 'ar_slam_base'}
[0.000213] (-) JobUnselected: {'identifier': 'button_server'}
[0.000222] (-) JobUnselected: {'identifier': 'collision_avoidance_base'}
[0.000231] (-) JobUnselected: {'identifier': 'cs7630_msgs'}
[0.000239] (-) JobUnselected: {'identifier': 'face_detect_base'}
[0.000248] (-) JobUnselected: {'identifier': 'face_msg'}
[0.000256] (-) JobUnselected: {'identifier': 'floor_nav'}
[0.000264] (-) JobUnselected: {'identifier': 'joy_pack'}
[0.000272] (-) JobUnselected: {'identifier': 'keyboard_teleop'}
[0.000280] (-) JobUnselected: {'identifier': 'rover_driver_base'}
[0.000288] (-) JobUnselected: {'identifier': 'task_manager_client_py'}
[0.000296] (-) JobUnselected: {'identifier': 'task_manager_lib'}
[0.000304] (-) JobUnselected: {'identifier': 'task_manager_msgs'}
[0.000313] (-) JobUnselected: {'identifier': 'task_manager_nav2'}
[0.000321] (-) JobUnselected: {'identifier': 'task_manager_sync'}
[0.000329] (-) JobUnselected: {'identifier': 'turtlebot_launch'}
[0.000337] (-) JobUnselected: {'identifier': 'vrep4_helpers'}
[0.000345] (-) JobUnselected: {'identifier': 'vrep_ros_teleop'}
[0.000353] (-) JobUnselected: {'identifier': 'wifi_map_base'}
[0.000361] (-) JobUnselected: {'identifier': 'wpa_cli_msgs'}
[0.000371] (occgrid_planner_base) JobQueued: {'identifier': 'occgrid_planner_base', 'dependencies': OrderedDict([('cs7630_msgs', '/home/GTL/apaul/ros2_hw1/install/cs7630_msgs')])}
[0.000387] (occgrid_planner_base) JobStarted: {'identifier': 'occgrid_planner_base'}
[0.011653] (occgrid_planner_base) JobProgress: {'identifier': 'occgrid_planner_base', 'progress': 'cmake'}
[0.014034] (occgrid_planner_base) JobProgress: {'identifier': 'occgrid_planner_base', 'progress': 'build'}
[0.014656] (occgrid_planner_base) Command: {'cmd': ['/usr/bin/cmake', '--build', '/home/GTL/apaul/ros2_hw1/build/occgrid_planner_base', '--', '-j16', '-l16'], 'cwd': '/home/GTL/apaul/ros2_hw1/build/occgrid_planner_base', 'env': OrderedDict([('USER', 'apaul'), ('XDG_SESSION_TYPE', 'x11'), ('SHLVL', '1'), ('LD_LIBRARY_PATH', '/home/GTL/apaul/ros2_hw1/install/cs7630_msgs/lib:/usr/lib/x86_64-linux-gnu/gazebo-11/plugins:/opt/ros/humble/opt/rviz_ogre_vendor/lib:/opt/ros/humble/lib/x86_64-linux-gnu:/opt/ros/humble/lib'), ('HOME', '/home/GTL/apaul'), ('CYCLONEDDS_URI', '/cs-share/pradalier/gtlpc_cyclonedds.xml'), ('DESKTOP_SESSION', 'ubuntu'), ('ROS_PYTHON_VERSION', '3'), ('GNOME_SHELL_SESSION_MODE', 'ubuntu'), ('GTK_MODULES', 'gail:atk-bridge'), ('MANAGERPID', '2242'), ('SYSTEMD_EXEC_PID', '2598'), ('DBUS_SESSION_BUS_ADDRESS', 'unix:path=/run/user/37726/bus'), ('COLORTERM', 'truecolor'), ('TERMINATOR_DBUS_NAME', 'net.tenshu.Terminator23558193cd9818af7fe4d2c2f5bd9d00f'), ('GIO_LAUNCHED_DESKTOP_FILE_PID', '3386'), ('ROS_DISTRO', 'humble'), ('GTK_IM_MODULE', 'ibus'), ('LOGNAME', 'apaul'), ('JOURNAL_STREAM', '8:36620'), ('_', '/usr/bin/colcon'), ('ROS_VERSION', '2'), ('XDG_SESSION_CLASS', 'user'), ('USERNAME', 'apaul'), ('TERM', 'xterm-256color'), ('GNOME_DESKTOP_SESSION_ID', 'this-is-deprecated'), ('ROS_LOCALHOST_ONLY', '0'), ('WINDOWPATH', '2'), ('PATH', '/opt/ros/humble/bin:/usr/local/sbin:/usr/local/bin:/usr/sbin:/usr/bin:/sbin:/bin:/usr/games:/usr/local/games:/snap/bin:/snap/bin'), ('SESSION_MANAGER', 'local/gtlpc108.georgiatech-metz.fr:@/tmp/.ICE-unix/2414,unix/gtlpc108.georgiatech-metz.fr:/tmp/.ICE-unix/2414'), ('INVOCATION_ID', '2d5e767462ae4c3d8dce90902bcbe92c'), ('XDG_MENU_PREFIX', 'gnome-'), ('XDG_RUNTIME_DIR', '/run/user/37726'), ('DISPLAY', ':1'), ('TERMINATOR_DBUS_PATH', '/net/tenshu/Terminator2'), ('LANG', 'en_US.UTF-8'), ('XDG_CURRENT_DESKTOP', 'ubuntu:GNOME'), ('IBUS_DISABLE_SNOOPER', '1'), ('RMW_IMPLEMENTATION', 'rmw_cyclonedds_cpp'), ('XMODIFIERS', '@im=ibus'), ('XDG_SESSION_DESKTOP', 'ubuntu'), ('XAUTHORITY', '/run/user/37726/gdm/Xauthority'), ('SSH_AGENT_LAUNCHER', 'gnome-keyring'), ('SSH_AUTH_SOCK', '/run/user/37726/keyring/ssh'), ('ROS_DOMAIN_ID', '58'), ('AMENT_PREFIX_PATH', '/home/GTL/apaul/ros2_hw1/install/cs7630_msgs:/opt/ros/humble'), ('SHELL', '/bin/bash'), ('TERMINATOR_UUID', 'urn:uuid:254aed36-f209-4698-9d86-93dcbe7eb139'), ('KRB5CCNAME', 'FILE:/tmp/krb5cc_37726'), ('QT_ACCESSIBILITY', '1'), ('GDMSESSION', 'ubuntu'), ('GPG_AGENT_INFO', '/run/user/37726/gnupg/S.gpg-agent:0:1'), ('QT_IM_MODULE', 'ibus'), ('PWD', '/home/GTL/apaul/ros2_hw1/build/occgrid_planner_base'), ('XDG_CONFIG_DIRS', '/etc/xdg/xdg-ubuntu:/etc/xdg'), ('XDG_DATA_DIRS', '/usr/share/ubuntu:/usr/share/gnome:/usr/local/share/:/usr/share/:/var/lib/snapd/desktop'), ('PYTHONPATH', '/home/GTL/apaul/ros2_hw1/install/cs7630_msgs/local/lib/python3.10/dist-packages:/opt/ros/humble/lib/python3.10/site-packages:/opt/ros/humble/local/lib/python3.10/dist-packages'), ('COLCON', '1'), ('VTE_VERSION', '6800'), ('CMAKE_PREFIX_PATH', '/home/GTL/apaul/ros2_hw1/install/cs7630_msgs:/opt/ros/humble')]), 'shell': False}
[0.049288] (occgrid_planner_base) StdoutLine: {'line': b'\x1b[35m\x1b[1mConsolidate compiler generated dependencies of target occgrid_planner_base\x1b[0m\n'}
[0.061275] (occgrid_planner_base) StdoutLine: {'line': b'[ 66%] Built target path_optimizer_base\n'}
[0.061674] (occgrid_planner_base) StdoutLine: {'line': b'[ 66%] Built target path_follower_base\n'}
[0.070236] (occgrid_planner_base) StdoutLine: {'line': b'[ 83%] \x1b[32mBuilding CXX object CMakeFiles/occgrid_planner_base.dir/src/occgrid_planner.cpp.o\x1b[0m\n'}
[0.098279] (-) TimerEvent: {}
[0.198519] (-) TimerEvent: {}
[0.298763] (-) TimerEvent: {}
[0.398992] (-) TimerEvent: {}
[0.499209] (-) TimerEvent: {}
[0.599470] (-) TimerEvent: {}
[0.699754] (-) TimerEvent: {}
[0.800039] (-) TimerEvent: {}
[0.900283] (-) TimerEvent: {}
[1.000563] (-) TimerEvent: {}
[1.100822] (-) TimerEvent: {}
[1.201097] (-) TimerEvent: {}
[1.301367] (-) TimerEvent: {}
[1.401642] (-) TimerEvent: {}
[1.501881] (-) TimerEvent: {}
[1.602230] (-) TimerEvent: {}
[1.702450] (-) TimerEvent: {}
[1.802709] (-) TimerEvent: {}
[1.902937] (-) TimerEvent: {}
[2.003180] (-) TimerEvent: {}
[2.103408] (-) TimerEvent: {}
[2.203630] (-) TimerEvent: {}
[2.303870] (-) TimerEvent: {}
[2.404120] (-) TimerEvent: {}
[2.504363] (-) TimerEvent: {}
[2.604619] (-) TimerEvent: {}
[2.704865] (-) TimerEvent: {}
[2.805082] (-) TimerEvent: {}
[2.905348] (-) TimerEvent: {}
[3.005563] (-) TimerEvent: {}
[3.105781] (-) TimerEvent: {}
[3.206023] (-) TimerEvent: {}
[3.306265] (-) TimerEvent: {}
[3.406507] (-) TimerEvent: {}
[3.506779] (-) TimerEvent: {}
[3.607058] (-) TimerEvent: {}
[3.707315] (-) TimerEvent: {}
[3.807568] (-) TimerEvent: {}
[3.907793] (-) TimerEvent: {}
[4.008065] (-) TimerEvent: {}
[4.108329] (-) TimerEvent: {}
[4.208588] (-) TimerEvent: {}
[4.308819] (-) TimerEvent: {}
[4.409053] (-) TimerEvent: {}
[4.509280] (-) TimerEvent: {}
[4.609550] (-) TimerEvent: {}
[4.709802] (-) TimerEvent: {}
[4.810053] (-) TimerEvent: {}
[4.910283] (-) TimerEvent: {}
[5.010548] (-) TimerEvent: {}
[5.110774] (-) TimerEvent: {}
[5.211036] (-) TimerEvent: {}
[5.311308] (-) TimerEvent: {}
[5.411594] (-) TimerEvent: {}
[5.511816] (-) TimerEvent: {}
[5.612064] (-) TimerEvent: {}
[5.712347] (-) TimerEvent: {}
[5.812613] (-) TimerEvent: {}
[5.912874] (-) TimerEvent: {}
[6.013159] (-) TimerEvent: {}
[6.113428] (-) TimerEvent: {}
[6.213696] (-) TimerEvent: {}
[6.313932] (-) TimerEvent: {}
[6.414173] (-) TimerEvent: {}
[6.514436] (-) TimerEvent: {}
[6.614703] (-) TimerEvent: {}
[6.714924] (-) TimerEvent: {}
[6.815168] (-) TimerEvent: {}
[6.915408] (-) TimerEvent: {}
[7.015661] (-) TimerEvent: {}
[7.115934] (-) TimerEvent: {}
[7.216181] (-) TimerEvent: {}
[7.316439] (-) TimerEvent: {}
[7.416708] (-) TimerEvent: {}
[7.516981] (-) TimerEvent: {}
[7.617211] (-) TimerEvent: {}
[7.717433] (-) TimerEvent: {}
[7.817653] (-) TimerEvent: {}
[7.917873] (-) TimerEvent: {}
[8.018099] (-) TimerEvent: {}
[8.118311] (-) TimerEvent: {}
[8.218550] (-) TimerEvent: {}
[8.318809] (-) TimerEvent: {}
[8.419037] (-) TimerEvent: {}
[8.519291] (-) TimerEvent: {}
[8.619557] (-) TimerEvent: {}
[8.719823] (-) TimerEvent: {}
[8.820082] (-) TimerEvent: {}
[8.920332] (-) TimerEvent: {}
[9.020586] (-) TimerEvent: {}
[9.120827] (-) TimerEvent: {}
[9.221066] (-) TimerEvent: {}
[9.321290] (-) TimerEvent: {}
[9.422335] (-) TimerEvent: {}
[9.522573] (-) TimerEvent: {}
[9.622809] (-) TimerEvent: {}
[9.723059] (-) TimerEvent: {}
[9.823303] (-) TimerEvent: {}
[9.923562] (-) TimerEvent: {}
[10.023801] (-) TimerEvent: {}
[10.124044] (-) TimerEvent: {}
[10.224337] (-) TimerEvent: {}
[10.324599] (-) TimerEvent: {}
[10.424822] (-) TimerEvent: {}
[10.525043] (-) TimerEvent: {}
[10.625243] (-) TimerEvent: {}
[10.725507] (-) TimerEvent: {}
[10.825752] (-) TimerEvent: {}
[10.925989] (-) TimerEvent: {}
[11.026266] (-) TimerEvent: {}
[11.126490] (-) TimerEvent: {}
[11.226708] (-) TimerEvent: {}
[11.326987] (-) TimerEvent: {}
[11.427260] (-) TimerEvent: {}
[11.527494] (-) TimerEvent: {}
[11.627762] (-) TimerEvent: {}
[11.728035] (-) TimerEvent: {}
[11.828269] (-) TimerEvent: {}
[11.928488] (-) TimerEvent: {}
[12.028755] (-) TimerEvent: {}
[12.128987] (-) TimerEvent: {}
[12.229203] (-) TimerEvent: {}
[12.329429] (-) TimerEvent: {}
[12.429663] (-) TimerEvent: {}
[12.529893] (-) TimerEvent: {}
[12.630131] (-) TimerEvent: {}
[12.730378] (-) TimerEvent: {}
[12.830605] (-) TimerEvent: {}
[12.930836] (-) TimerEvent: {}
[13.031077] (-) TimerEvent: {}
[13.131323] (-) TimerEvent: {}
[13.231550] (-) TimerEvent: {}
[13.331796] (-) TimerEvent: {}
[13.432059] (-) TimerEvent: {}
[13.532247] (-) TimerEvent: {}
[13.632517] (-) TimerEvent: {}
[13.732754] (-) TimerEvent: {}
[13.833014] (-) TimerEvent: {}
[13.933240] (-) TimerEvent: {}
[14.033459] (-) TimerEvent: {}
[14.133707] (-) TimerEvent: {}
[14.233950] (-) TimerEvent: {}
[14.334172] (-) TimerEvent: {}
[14.434393] (-) TimerEvent: {}
[14.534632] (-) TimerEvent: {}
[14.634891] (-) TimerEvent: {}
[14.735120] (-) TimerEvent: {}
[14.835398] (-) TimerEvent: {}
[14.935643] (-) TimerEvent: {}
[15.035906] (-) TimerEvent: {}
[15.136166] (-) TimerEvent: {}
[15.236441] (-) TimerEvent: {}
[15.336677] (-) TimerEvent: {}
[15.436944] (-) TimerEvent: {}
[15.537241] (-) TimerEvent: {}
[15.637468] (-) TimerEvent: {}
[15.737715] (-) TimerEvent: {}
[15.837962] (-) TimerEvent: {}
[15.938202] (-) TimerEvent: {}
[16.038448] (-) TimerEvent: {}
[16.138712] (-) TimerEvent: {}
[16.238947] (-) TimerEvent: {}
[16.339205] (-) TimerEvent: {}
[16.439464] (-) TimerEvent: {}
[16.539696] (-) TimerEvent: {}
[16.639979] (-) TimerEvent: {}
[16.740222] (-) TimerEvent: {}
[16.840506] (-) TimerEvent: {}
[16.940812] (-) TimerEvent: {}
[17.041096] (-) TimerEvent: {}
[17.141322] (-) TimerEvent: {}
[17.241552] (-) TimerEvent: {}
[17.341781] (-) TimerEvent: {}
[17.419164] (occgrid_planner_base) StdoutLine: {'line': b'[100%] \x1b[32m\x1b[1mLinking CXX executable occgrid_planner_base\x1b[0m\n'}
[17.441914] (-) TimerEvent: {}
[17.542193] (-) TimerEvent: {}
[17.642463] (-) TimerEvent: {}
[17.742726] (-) TimerEvent: {}
[17.843028] (-) TimerEvent: {}
[17.943324] (-) TimerEvent: {}
[18.043572] (-) TimerEvent: {}
[18.143796] (-) TimerEvent: {}
[18.244050] (-) TimerEvent: {}
[18.344304] (-) TimerEvent: {}
[18.444560] (-) TimerEvent: {}
[18.531525] (occgrid_planner_base) StdoutLine: {'line': b'[100%] Built target occgrid_planner_base\n'}
[18.541165] (occgrid_planner_base) CommandEnded: {'returncode': 0}
[18.544656] (-) TimerEvent: {}
[18.560128] (occgrid_planner_base) JobProgress: {'identifier': 'occgrid_planner_base', 'progress': 'install'}
[18.565435] (occgrid_planner_base) Command: {'cmd': ['/usr/bin/cmake', '--install', '/home/GTL/apaul/ros2_hw1/build/occgrid_planner_base'], 'cwd': '/home/GTL/apaul/ros2_hw1/build/occgrid_planner_base', 'env': OrderedDict([('USER', 'apaul'), ('XDG_SESSION_TYPE', 'x11'), ('SHLVL', '1'), ('LD_LIBRARY_PATH', '/home/GTL/apaul/ros2_hw1/install/cs7630_msgs/lib:/usr/lib/x86_64-linux-gnu/gazebo-11/plugins:/opt/ros/humble/opt/rviz_ogre_vendor/lib:/opt/ros/humble/lib/x86_64-linux-gnu:/opt/ros/humble/lib'), ('HOME', '/home/GTL/apaul'), ('CYCLONEDDS_URI', '/cs-share/pradalier/gtlpc_cyclonedds.xml'), ('DESKTOP_SESSION', 'ubuntu'), ('ROS_PYTHON_VERSION', '3'), ('GNOME_SHELL_SESSION_MODE', 'ubuntu'), ('GTK_MODULES', 'gail:atk-bridge'), ('MANAGERPID', '2242'), ('SYSTEMD_EXEC_PID', '2598'), ('DBUS_SESSION_BUS_ADDRESS', 'unix:path=/run/user/37726/bus'), ('COLORTERM', 'truecolor'), ('TERMINATOR_DBUS_NAME', 'net.tenshu.Terminator23558193cd9818af7fe4d2c2f5bd9d00f'), ('GIO_LAUNCHED_DESKTOP_FILE_PID', '3386'), ('ROS_DISTRO', 'humble'), ('GTK_IM_MODULE', 'ibus'), ('LOGNAME', 'apaul'), ('JOURNAL_STREAM', '8:36620'), ('_', '/usr/bin/colcon'), ('ROS_VERSION', '2'), ('XDG_SESSION_CLASS', 'user'), ('USERNAME', 'apaul'), ('TERM', 'xterm-256color'), ('GNOME_DESKTOP_SESSION_ID', 'this-is-deprecated'), ('ROS_LOCALHOST_ONLY', '0'), ('WINDOWPATH', '2'), ('PATH', '/opt/ros/humble/bin:/usr/local/sbin:/usr/local/bin:/usr/sbin:/usr/bin:/sbin:/bin:/usr/games:/usr/local/games:/snap/bin:/snap/bin'), ('SESSION_MANAGER', 'local/gtlpc108.georgiatech-metz.fr:@/tmp/.ICE-unix/2414,unix/gtlpc108.georgiatech-metz.fr:/tmp/.ICE-unix/2414'), ('INVOCATION_ID', '2d5e767462ae4c3d8dce90902bcbe92c'), ('XDG_MENU_PREFIX', 'gnome-'), ('XDG_RUNTIME_DIR', '/run/user/37726'), ('DISPLAY', ':1'), ('TERMINATOR_DBUS_PATH', '/net/tenshu/Terminator2'), ('LANG', 'en_US.UTF-8'), ('XDG_CURRENT_DESKTOP', 'ubuntu:GNOME'), ('IBUS_DISABLE_SNOOPER', '1'), ('RMW_IMPLEMENTATION', 'rmw_cyclonedds_cpp'), ('XMODIFIERS', '@im=ibus'), ('XDG_SESSION_DESKTOP', 'ubuntu'), ('XAUTHORITY', '/run/user/37726/gdm/Xauthority'), ('SSH_AGENT_LAUNCHER', 'gnome-keyring'), ('SSH_AUTH_SOCK', '/run/user/37726/keyring/ssh'), ('ROS_DOMAIN_ID', '58'), ('AMENT_PREFIX_PATH', '/home/GTL/apaul/ros2_hw1/install/cs7630_msgs:/opt/ros/humble'), ('SHELL', '/bin/bash'), ('TERMINATOR_UUID', 'urn:uuid:254aed36-f209-4698-9d86-93dcbe7eb139'), ('KRB5CCNAME', 'FILE:/tmp/krb5cc_37726'), ('QT_ACCESSIBILITY', '1'), ('GDMSESSION', 'ubuntu'), ('GPG_AGENT_INFO', '/run/user/37726/gnupg/S.gpg-agent:0:1'), ('QT_IM_MODULE', 'ibus'), ('PWD', '/home/GTL/apaul/ros2_hw1/build/occgrid_planner_base'), ('XDG_CONFIG_DIRS', '/etc/xdg/xdg-ubuntu:/etc/xdg'), ('XDG_DATA_DIRS', '/usr/share/ubuntu:/usr/share/gnome:/usr/local/share/:/usr/share/:/var/lib/snapd/desktop'), ('PYTHONPATH', '/home/GTL/apaul/ros2_hw1/install/cs7630_msgs/local/lib/python3.10/dist-packages:/opt/ros/humble/lib/python3.10/site-packages:/opt/ros/humble/local/lib/python3.10/dist-packages'), ('COLCON', '1'), ('VTE_VERSION', '6800'), ('CMAKE_PREFIX_PATH', '/home/GTL/apaul/ros2_hw1/install/cs7630_msgs:/opt/ros/humble')]), 'shell': False}
[18.569509] (occgrid_planner_base) StdoutLine: {'line': b'-- Install configuration: ""\n'}
[18.570441] (occgrid_planner_base) StdoutLine: {'line': b'-- Installing: /home/GTL/apaul/ros2_hw1/install/occgrid_planner_base/lib/occgrid_planner_base/occgrid_planner_base\n'}
[18.644790] (-) TimerEvent: {}
[18.745030] (-) TimerEvent: {}
[18.756993] (occgrid_planner_base) StdoutLine: {'line': b'-- Set runtime path of "/home/GTL/apaul/ros2_hw1/install/occgrid_planner_base/lib/occgrid_planner_base/occgrid_planner_base" to ""\n'}
[18.757839] (occgrid_planner_base) StdoutLine: {'line': b'-- Up-to-date: /home/GTL/apaul/ros2_hw1/install/occgrid_planner_base/lib/occgrid_planner_base/path_optimizer_base\n'}
[18.761615] (occgrid_planner_base) StdoutLine: {'line': b'-- Up-to-date: /home/GTL/apaul/ros2_hw1/install/occgrid_planner_base/lib/occgrid_planner_base/path_follower_base\n'}
[18.764910] (occgrid_planner_base) StdoutLine: {'line': b'-- Up-to-date: /home/GTL/apaul/ros2_hw1/install/occgrid_planner_base/share/occgrid_planner_base\n'}
[18.766107] (occgrid_planner_base) StdoutLine: {'line': b'-- Up-to-date: /home/GTL/apaul/ros2_hw1/install/occgrid_planner_base/share/occgrid_planner_base/planner.launch.py\n'}
[18.766279] (occgrid_planner_base) StdoutLine: {'line': b'-- Up-to-date: /home/GTL/apaul/ros2_hw1/install/occgrid_planner_base/share/occgrid_planner_base/mapper_params_online_sync.yaml\n'}
[18.766887] (occgrid_planner_base) StdoutLine: {'line': b'-- Up-to-date: /home/GTL/apaul/ros2_hw1/install/occgrid_planner_base/share/occgrid_planner_base/slam_tb_sync.launch.py\n'}
[18.767104] (occgrid_planner_base) StdoutLine: {'line': b'-- Up-to-date: /home/GTL/apaul/ros2_hw1/install/occgrid_planner_base/share/occgrid_planner_base/mapper_params_tb_sync.yaml\n'}
[18.767346] (occgrid_planner_base) StdoutLine: {'line': b'-- Up-to-date: /home/GTL/apaul/ros2_hw1/install/occgrid_planner_base/share/occgrid_planner_base/slam_online_sync.launch.py\n'}
[18.767574] (occgrid_planner_base) StdoutLine: {'line': b'-- Up-to-date: /home/GTL/apaul/ros2_hw1/install/occgrid_planner_base/share/occgrid_planner_base/__pycache__\n'}
[18.768955] (occgrid_planner_base) StdoutLine: {'line': b'-- Up-to-date: /home/GTL/apaul/ros2_hw1/install/occgrid_planner_base/share/occgrid_planner_base/__pycache__/slam_online_sync.launch.cpython-310.pyc\n'}
[18.769196] (occgrid_planner_base) StdoutLine: {'line': b'-- Up-to-date: /home/GTL/apaul/ros2_hw1/install/occgrid_planner_base/share/occgrid_planner_base/__pycache__/planner.launch.cpython-310.pyc\n'}
[18.769842] (occgrid_planner_base) StdoutLine: {'line': b'-- Up-to-date: /home/GTL/apaul/ros2_hw1/install/occgrid_planner_base/share/ament_index/resource_index/package_run_dependencies/occgrid_planner_base\n'}
[18.770076] (occgrid_planner_base) StdoutLine: {'line': b'-- Up-to-date: /home/GTL/apaul/ros2_hw1/install/occgrid_planner_base/share/ament_index/resource_index/parent_prefix_path/occgrid_planner_base\n'}
[18.770357] (occgrid_planner_base) StdoutLine: {'line': b'-- Up-to-date: /home/GTL/apaul/ros2_hw1/install/occgrid_planner_base/share/occgrid_planner_base/environment/ament_prefix_path.sh\n'}
[18.770593] (occgrid_planner_base) StdoutLine: {'line': b'-- Up-to-date: /home/GTL/apaul/ros2_hw1/install/occgrid_planner_base/share/occgrid_planner_base/environment/ament_prefix_path.dsv\n'}
[18.771189] (occgrid_planner_base) StdoutLine: {'line': b'-- Up-to-date: /home/GTL/apaul/ros2_hw1/install/occgrid_planner_base/share/occgrid_planner_base/environment/path.sh\n'}
[18.771435] (occgrid_planner_base) StdoutLine: {'line': b'-- Up-to-date: /home/GTL/apaul/ros2_hw1/install/occgrid_planner_base/share/occgrid_planner_base/environment/path.dsv\n'}
[18.771712] (occgrid_planner_base) StdoutLine: {'line': b'-- Up-to-date: /home/GTL/apaul/ros2_hw1/install/occgrid_planner_base/share/occgrid_planner_base/local_setup.bash\n'}
[18.772007] (occgrid_planner_base) StdoutLine: {'line': b'-- Up-to-date: /home/GTL/apaul/ros2_hw1/install/occgrid_planner_base/share/occgrid_planner_base/local_setup.sh\n'}
[18.772545] (occgrid_planner_base) StdoutLine: {'line': b'-- Up-to-date: /home/GTL/apaul/ros2_hw1/install/occgrid_planner_base/share/occgrid_planner_base/local_setup.zsh\n'}
[18.772783] (occgrid_planner_base) StdoutLine: {'line': b'-- Up-to-date: /home/GTL/apaul/ros2_hw1/install/occgrid_planner_base/share/occgrid_planner_base/local_setup.dsv\n'}
[18.773062] (occgrid_planner_base) StdoutLine: {'line': b'-- Installing: /home/GTL/apaul/ros2_hw1/install/occgrid_planner_base/share/occgrid_planner_base/package.dsv\n'}
[18.778221] (occgrid_planner_base) StdoutLine: {'line': b'-- Up-to-date: /home/GTL/apaul/ros2_hw1/install/occgrid_planner_base/share/ament_index/resource_index/packages/occgrid_planner_base\n'}
[18.778630] (occgrid_planner_base) StdoutLine: {'line': b'-- Up-to-date: /home/GTL/apaul/ros2_hw1/install/occgrid_planner_base/share/occgrid_planner_base/cmake/occgrid_planner_baseConfig.cmake\n'}
[18.778840] (occgrid_planner_base) StdoutLine: {'line': b'-- Up-to-date: /home/GTL/apaul/ros2_hw1/install/occgrid_planner_base/share/occgrid_planner_base/cmake/occgrid_planner_baseConfig-version.cmake\n'}
[18.779091] (occgrid_planner_base) StdoutLine: {'line': b'-- Up-to-date: /home/GTL/apaul/ros2_hw1/install/occgrid_planner_base/share/occgrid_planner_base/package.xml\n'}
[18.781656] (occgrid_planner_base) CommandEnded: {'returncode': 0}
[18.842859] (occgrid_planner_base) JobEnded: {'identifier': 'occgrid_planner_base', 'rc': 0}
[18.844674] (-) EventReactorShutdown: {}
