[0.099s] Invoking command in '/home/GTL/apaul/ros2_hw1/build/wifi_map_base': CMAKE_PREFIX_PATH=/home/GTL/apaul/ros2_hw1/install/wpa_cli_msgs:/home/GTL/apaul/ros2_hw1/install/wifi_map_base:/home/GTL/apaul/ros2_hw1/install/vrep4_helpers:/home/GTL/apaul/ros2_hw1/install/turtlebot_launch:/home/GTL/apaul/ros2_hw1/install/task_manager_sync:/home/GTL/apaul/ros2_hw1/install/floor_nav:/home/GTL/apaul/ros2_hw1/install/task_manager_nav2:/home/GTL/apaul/ros2_hw1/install/task_manager_lib:/home/GTL/apaul/ros2_hw1/install/task_manager_msgs:/home/GTL/apaul/ros2_hw1/install/joy_pack:/home/GTL/apaul/ros2_hw1/install/face_msg:/home/GTL/apaul/ros2_hw1/install/cs7630_msgs:/home/GTL/apaul/ros2_hw1/install/collision_avoidance_base:/home/GTL/apaul/ros2_hw1/install/vrep_ros_teleop:/home/GTL/apaul/ros2_hw1/install/task_manager_client_py:/home/GTL/apaul/ros2_hw1/install/ar_slam_base:/home/GTL/apaul/ros2_hw1/install/ar_loc_base:/home/GTL/apaul/ros2_hw1/install/rover_driver_base:/home/GTL/apaul/ros2_hw1/install/keyboard_teleop:/home/GTL/apaul/ros2_hw1/install/face_detect_base:/home/GTL/apaul/ros2_hw1/install/button_server:/home/GTL/apaul/ros2_hw1/install/ar_mapping_base:/opt/ros/humble /usr/bin/cmake --build /home/GTL/apaul/ros2_hw1/build/wifi_map_base -- -j16 -l16
[0.141s] [ 50%] [32mBuilding CXX object CMakeFiles/wifi_map_node.dir/src/wifi_map_node.cpp.o[0m
[8.442s] [100%] [32m[1mLinking CXX executable wifi_map_node[0m
[9.158s] [100%] Built target wifi_map_node
[9.169s] Invoked command in '/home/GTL/apaul/ros2_hw1/build/wifi_map_base' returned '0': CMAKE_PREFIX_PATH=/home/GTL/apaul/ros2_hw1/install/wpa_cli_msgs:/home/GTL/apaul/ros2_hw1/install/wifi_map_base:/home/GTL/apaul/ros2_hw1/install/vrep4_helpers:/home/GTL/apaul/ros2_hw1/install/turtlebot_launch:/home/GTL/apaul/ros2_hw1/install/task_manager_sync:/home/GTL/apaul/ros2_hw1/install/floor_nav:/home/GTL/apaul/ros2_hw1/install/task_manager_nav2:/home/GTL/apaul/ros2_hw1/install/task_manager_lib:/home/GTL/apaul/ros2_hw1/install/task_manager_msgs:/home/GTL/apaul/ros2_hw1/install/joy_pack:/home/GTL/apaul/ros2_hw1/install/face_msg:/home/GTL/apaul/ros2_hw1/install/cs7630_msgs:/home/GTL/apaul/ros2_hw1/install/collision_avoidance_base:/home/GTL/apaul/ros2_hw1/install/vrep_ros_teleop:/home/GTL/apaul/ros2_hw1/install/task_manager_client_py:/home/GTL/apaul/ros2_hw1/install/ar_slam_base:/home/GTL/apaul/ros2_hw1/install/ar_loc_base:/home/GTL/apaul/ros2_hw1/install/rover_driver_base:/home/GTL/apaul/ros2_hw1/install/keyboard_teleop:/home/GTL/apaul/ros2_hw1/install/face_detect_base:/home/GTL/apaul/ros2_hw1/install/button_server:/home/GTL/apaul/ros2_hw1/install/ar_mapping_base:/opt/ros/humble /usr/bin/cmake --build /home/GTL/apaul/ros2_hw1/build/wifi_map_base -- -j16 -l16
[9.190s] Invoking command in '/home/GTL/apaul/ros2_hw1/build/wifi_map_base': CMAKE_PREFIX_PATH=/home/GTL/apaul/ros2_hw1/install/wpa_cli_msgs:/home/GTL/apaul/ros2_hw1/install/wifi_map_base:/home/GTL/apaul/ros2_hw1/install/vrep4_helpers:/home/GTL/apaul/ros2_hw1/install/turtlebot_launch:/home/GTL/apaul/ros2_hw1/install/task_manager_sync:/home/GTL/apaul/ros2_hw1/install/floor_nav:/home/GTL/apaul/ros2_hw1/install/task_manager_nav2:/home/GTL/apaul/ros2_hw1/install/task_manager_lib:/home/GTL/apaul/ros2_hw1/install/task_manager_msgs:/home/GTL/apaul/ros2_hw1/install/joy_pack:/home/GTL/apaul/ros2_hw1/install/face_msg:/home/GTL/apaul/ros2_hw1/install/cs7630_msgs:/home/GTL/apaul/ros2_hw1/install/collision_avoidance_base:/home/GTL/apaul/ros2_hw1/install/vrep_ros_teleop:/home/GTL/apaul/ros2_hw1/install/task_manager_client_py:/home/GTL/apaul/ros2_hw1/install/ar_slam_base:/home/GTL/apaul/ros2_hw1/install/ar_loc_base:/home/GTL/apaul/ros2_hw1/install/rover_driver_base:/home/GTL/apaul/ros2_hw1/install/keyboard_teleop:/home/GTL/apaul/ros2_hw1/install/face_detect_base:/home/GTL/apaul/ros2_hw1/install/button_server:/home/GTL/apaul/ros2_hw1/install/ar_mapping_base:/opt/ros/humble /usr/bin/cmake --install /home/GTL/apaul/ros2_hw1/build/wifi_map_base
[9.195s] -- Install configuration: ""
[9.197s] -- Installing: /home/GTL/apaul/ros2_hw1/install/wifi_map_base/lib/wifi_map_base/wifi_map_node
[9.251s] -- Set runtime path of "/home/GTL/apaul/ros2_hw1/install/wifi_map_base/lib/wifi_map_base/wifi_map_node" to ""
[9.252s] -- Up-to-date: /home/GTL/apaul/ros2_hw1/install/wifi_map_base/share/wifi_map_base
[9.252s] -- Up-to-date: /home/GTL/apaul/ros2_hw1/install/wifi_map_base/share/wifi_map_base/wifi_map.launch.py
[9.253s] -- Up-to-date: /home/GTL/apaul/ros2_hw1/install/wifi_map_base/share/wifi_map_base/wifi_map_sim.launch.py
[9.253s] -- Up-to-date: /home/GTL/apaul/ros2_hw1/install/wifi_map_base/share/ament_index/resource_index/package_run_dependencies/wifi_map_base
[9.253s] -- Up-to-date: /home/GTL/apaul/ros2_hw1/install/wifi_map_base/share/ament_index/resource_index/parent_prefix_path/wifi_map_base
[9.254s] -- Up-to-date: /home/GTL/apaul/ros2_hw1/install/wifi_map_base/share/wifi_map_base/environment/ament_prefix_path.sh
[9.254s] -- Up-to-date: /home/GTL/apaul/ros2_hw1/install/wifi_map_base/share/wifi_map_base/environment/ament_prefix_path.dsv
[9.254s] -- Up-to-date: /home/GTL/apaul/ros2_hw1/install/wifi_map_base/share/wifi_map_base/environment/path.sh
[9.254s] -- Up-to-date: /home/GTL/apaul/ros2_hw1/install/wifi_map_base/share/wifi_map_base/environment/path.dsv
[9.255s] -- Up-to-date: /home/GTL/apaul/ros2_hw1/install/wifi_map_base/share/wifi_map_base/local_setup.bash
[9.255s] -- Up-to-date: /home/GTL/apaul/ros2_hw1/install/wifi_map_base/share/wifi_map_base/local_setup.sh
[9.255s] -- Up-to-date: /home/GTL/apaul/ros2_hw1/install/wifi_map_base/share/wifi_map_base/local_setup.zsh
[9.255s] -- Up-to-date: /home/GTL/apaul/ros2_hw1/install/wifi_map_base/share/wifi_map_base/local_setup.dsv
[9.256s] -- Installing: /home/GTL/apaul/ros2_hw1/install/wifi_map_base/share/wifi_map_base/package.dsv
[9.260s] -- Up-to-date: /home/GTL/apaul/ros2_hw1/install/wifi_map_base/share/ament_index/resource_index/packages/wifi_map_base
[9.260s] -- Up-to-date: /home/GTL/apaul/ros2_hw1/install/wifi_map_base/share/wifi_map_base/cmake/wifi_map_baseConfig.cmake
[9.260s] -- Up-to-date: /home/GTL/apaul/ros2_hw1/install/wifi_map_base/share/wifi_map_base/cmake/wifi_map_baseConfig-version.cmake
[9.261s] -- Up-to-date: /home/GTL/apaul/ros2_hw1/install/wifi_map_base/share/wifi_map_base/package.xml
[9.264s] Invoked command in '/home/GTL/apaul/ros2_hw1/build/wifi_map_base' returned '0': CMAKE_PREFIX_PATH=/home/GTL/apaul/ros2_hw1/install/wpa_cli_msgs:/home/GTL/apaul/ros2_hw1/install/wifi_map_base:/home/GTL/apaul/ros2_hw1/install/vrep4_helpers:/home/GTL/apaul/ros2_hw1/install/turtlebot_launch:/home/GTL/apaul/ros2_hw1/install/task_manager_sync:/home/GTL/apaul/ros2_hw1/install/floor_nav:/home/GTL/apaul/ros2_hw1/install/task_manager_nav2:/home/GTL/apaul/ros2_hw1/install/task_manager_lib:/home/GTL/apaul/ros2_hw1/install/task_manager_msgs:/home/GTL/apaul/ros2_hw1/install/joy_pack:/home/GTL/apaul/ros2_hw1/install/face_msg:/home/GTL/apaul/ros2_hw1/install/cs7630_msgs:/home/GTL/apaul/ros2_hw1/install/collision_avoidance_base:/home/GTL/apaul/ros2_hw1/install/vrep_ros_teleop:/home/GTL/apaul/ros2_hw1/install/task_manager_client_py:/home/GTL/apaul/ros2_hw1/install/ar_slam_base:/home/GTL/apaul/ros2_hw1/install/ar_loc_base:/home/GTL/apaul/ros2_hw1/install/rover_driver_base:/home/GTL/apaul/ros2_hw1/install/keyboard_teleop:/home/GTL/apaul/ros2_hw1/install/face_detect_base:/home/GTL/apaul/ros2_hw1/install/button_server:/home/GTL/apaul/ros2_hw1/install/ar_mapping_base:/opt/ros/humble /usr/bin/cmake --install /home/GTL/apaul/ros2_hw1/build/wifi_map_base
