[1.476s] Invoking command in '/home/GTL/apaul/ros2_hw1/src/ar_mapping_base': PYTHONPATH=/home/GTL/apaul/ros2_hw1/build/ar_mapping_base/prefix_override:/usr/lib/python3/dist-packages/colcon_core/task/python/colcon_distutils_commands:/home/GTL/apaul/ros2_hw1/install/ar_mapping_base/lib/python3.10/site-packages:${PYTHONPATH} /usr/bin/python3 -W ignore:setup.py install is deprecated setup.py egg_info --egg-base ../../build/ar_mapping_base build --build-base /home/GTL/apaul/ros2_hw1/build/ar_mapping_base/build install --record /home/GTL/apaul/ros2_hw1/build/ar_mapping_base/install.log --single-version-externally-managed install_data
[1.657s] running egg_info
[1.658s] writing ../../build/ar_mapping_base/ar_mapping_base.egg-info/PKG-INFO
[1.659s] writing dependency_links to ../../build/ar_mapping_base/ar_mapping_base.egg-info/dependency_links.txt
[1.660s] writing entry points to ../../build/ar_mapping_base/ar_mapping_base.egg-info/entry_points.txt
[1.661s] writing requirements to ../../build/ar_mapping_base/ar_mapping_base.egg-info/requires.txt
[1.662s] writing top-level names to ../../build/ar_mapping_base/ar_mapping_base.egg-info/top_level.txt
[1.665s] reading manifest file '../../build/ar_mapping_base/ar_mapping_base.egg-info/SOURCES.txt'
[1.666s] writing manifest file '../../build/ar_mapping_base/ar_mapping_base.egg-info/SOURCES.txt'
[1.667s] running build
[1.667s] running build_py
[1.668s] running install
[1.668s] running install_lib
[1.670s] running install_data
[1.670s] running install_egg_info
[1.671s] removing '/home/GTL/apaul/ros2_hw1/install/ar_mapping_base/lib/python3.10/site-packages/ar_mapping_base-0.0.0-py3.10.egg-info' (and everything under it)
[1.674s] Copying ../../build/ar_mapping_base/ar_mapping_base.egg-info to /home/GTL/apaul/ros2_hw1/install/ar_mapping_base/lib/python3.10/site-packages/ar_mapping_base-0.0.0-py3.10.egg-info
[1.689s] running install_scripts
[1.706s] Installing ar_mapping_node script to /home/GTL/apaul/ros2_hw1/install/ar_mapping_base/lib/ar_mapping_base
[1.707s] writing list of installed files to '/home/GTL/apaul/ros2_hw1/build/ar_mapping_base/install.log'
[1.968s] Invoked command in '/home/GTL/apaul/ros2_hw1/src/ar_mapping_base' returned '0': PYTHONPATH=/home/GTL/apaul/ros2_hw1/build/ar_mapping_base/prefix_override:/usr/lib/python3/dist-packages/colcon_core/task/python/colcon_distutils_commands:/home/GTL/apaul/ros2_hw1/install/ar_mapping_base/lib/python3.10/site-packages:${PYTHONPATH} /usr/bin/python3 -W ignore:setup.py install is deprecated setup.py egg_info --egg-base ../../build/ar_mapping_base build --build-base /home/GTL/apaul/ros2_hw1/build/ar_mapping_base/build install --record /home/GTL/apaul/ros2_hw1/build/ar_mapping_base/install.log --single-version-externally-managed install_data
