[0.073s] Invoking command in '/home/GTL/apaul/ros2_hw1/build/face_msg': CMAKE_PREFIX_PATH=/opt/ros/humble /usr/bin/cmake --build /home/GTL/apaul/ros2_hw1/build/face_msg -- -j16 -l16
[0.696s] [  3%] Built target face_msg__cpp
[0.696s] [ 12%] Built target face_msg__rosidl_generator_c
[0.696s] [ 51%] Built target face_msg__rosidl_typesupport_fastrtps_cpp
[0.696s] [ 51%] Built target face_msg__rosidl_typesupport_cpp
[0.696s] [ 64%] Built target face_msg__rosidl_typesupport_introspection_cpp
[0.696s] [ 70%] Built target face_msg__rosidl_typesupport_fastrtps_c
[0.696s] [ 70%] Built target face_msg__rosidl_typesupport_introspection_c
[0.696s] [ 70%] Built target face_msg__rosidl_typesupport_c
[0.696s] [ 70%] Built target ament_cmake_python_copy_face_msg
[0.696s] [ 70%] Built target face_msg
[0.696s] [ 74%] Built target face_msg__py
[0.696s] [ 80%] Built target face_msg__rosidl_generator_py
[0.696s] [100%] Built target face_msg__rosidl_typesupport_c__pyext
[0.696s] [100%] Built target face_msg__rosidl_typesupport_fastrtps_c__pyext
[0.696s] [100%] Built target face_msg__rosidl_typesupport_introspection_c__pyext
[0.696s] running egg_info
[0.696s] writing face_msg.egg-info/PKG-INFO
[0.696s] writing dependency_links to face_msg.egg-info/dependency_links.txt
[0.696s] writing top-level names to face_msg.egg-info/top_level.txt
[0.696s] reading manifest file 'face_msg.egg-info/SOURCES.txt'
[0.696s] writing manifest file 'face_msg.egg-info/SOURCES.txt'
[0.696s] [100%] Built target ament_cmake_python_build_face_msg_egg
[0.887s] Invoked command in '/home/GTL/apaul/ros2_hw1/build/face_msg' returned '0': CMAKE_PREFIX_PATH=/opt/ros/humble /usr/bin/cmake --build /home/GTL/apaul/ros2_hw1/build/face_msg -- -j16 -l16
[0.897s] Invoking command in '/home/GTL/apaul/ros2_hw1/build/face_msg': CMAKE_PREFIX_PATH=/opt/ros/humble /usr/bin/cmake --install /home/GTL/apaul/ros2_hw1/build/face_msg
[0.913s] -- Install configuration: ""
[0.913s] -- Up-to-date: /home/GTL/apaul/ros2_hw1/install/face_msg/share/ament_index/resource_index/rosidl_interfaces/face_msg
[0.914s] -- Up-to-date: /home/GTL/apaul/ros2_hw1/install/face_msg/include/face_msg/face_msg
[0.914s] -- Up-to-date: /home/GTL/apaul/ros2_hw1/install/face_msg/include/face_msg/face_msg/msg
[0.914s] -- Up-to-date: /home/GTL/apaul/ros2_hw1/install/face_msg/include/face_msg/face_msg/msg/roilist.h
[0.914s] -- Up-to-date: /home/GTL/apaul/ros2_hw1/install/face_msg/include/face_msg/face_msg/msg/detail
[0.914s] -- Up-to-date: /home/GTL/apaul/ros2_hw1/install/face_msg/include/face_msg/face_msg/msg/detail/roilist__type_support.h
[0.914s] -- Up-to-date: /home/GTL/apaul/ros2_hw1/install/face_msg/include/face_msg/face_msg/msg/detail/roilist__struct.h
[0.914s] -- Up-to-date: /home/GTL/apaul/ros2_hw1/install/face_msg/include/face_msg/face_msg/msg/detail/roilist__functions.c
[0.914s] -- Up-to-date: /home/GTL/apaul/ros2_hw1/install/face_msg/include/face_msg/face_msg/msg/detail/roilist__functions.h
[0.914s] -- Up-to-date: /home/GTL/apaul/ros2_hw1/install/face_msg/include/face_msg/face_msg/msg/rosidl_generator_c__visibility_control.h
[0.914s] -- Up-to-date: /home/GTL/apaul/ros2_hw1/install/face_msg/share/face_msg/environment/library_path.sh
[0.914s] -- Up-to-date: /home/GTL/apaul/ros2_hw1/install/face_msg/share/face_msg/environment/library_path.dsv
[0.914s] -- Up-to-date: /home/GTL/apaul/ros2_hw1/install/face_msg/lib/libface_msg__rosidl_generator_c.so
[0.914s] -- Up-to-date: /home/GTL/apaul/ros2_hw1/install/face_msg/include/face_msg/face_msg
[0.914s] -- Up-to-date: /home/GTL/apaul/ros2_hw1/install/face_msg/include/face_msg/face_msg/msg
[0.914s] -- Up-to-date: /home/GTL/apaul/ros2_hw1/install/face_msg/include/face_msg/face_msg/msg/detail
[0.914s] -- Up-to-date: /home/GTL/apaul/ros2_hw1/install/face_msg/include/face_msg/face_msg/msg/detail/roilist__rosidl_typesupport_fastrtps_c.h
[0.914s] -- Up-to-date: /home/GTL/apaul/ros2_hw1/install/face_msg/include/face_msg/face_msg/msg/rosidl_typesupport_fastrtps_c__visibility_control.h
[0.914s] -- Up-to-date: /home/GTL/apaul/ros2_hw1/install/face_msg/lib/libface_msg__rosidl_typesupport_fastrtps_c.so
[0.915s] -- Up-to-date: /home/GTL/apaul/ros2_hw1/install/face_msg/include/face_msg/face_msg
[0.915s] -- Up-to-date: /home/GTL/apaul/ros2_hw1/install/face_msg/include/face_msg/face_msg/msg
[0.915s] -- Up-to-date: /home/GTL/apaul/ros2_hw1/install/face_msg/include/face_msg/face_msg/msg/roilist.hpp
[0.915s] -- Up-to-date: /home/GTL/apaul/ros2_hw1/install/face_msg/include/face_msg/face_msg/msg/detail
[0.915s] -- Up-to-date: /home/GTL/apaul/ros2_hw1/install/face_msg/include/face_msg/face_msg/msg/detail/roilist__struct.hpp
[0.915s] -- Up-to-date: /home/GTL/apaul/ros2_hw1/install/face_msg/include/face_msg/face_msg/msg/detail/roilist__traits.hpp
[0.915s] -- Up-to-date: /home/GTL/apaul/ros2_hw1/install/face_msg/include/face_msg/face_msg/msg/detail/roilist__type_support.hpp
[0.915s] -- Up-to-date: /home/GTL/apaul/ros2_hw1/install/face_msg/include/face_msg/face_msg/msg/detail/roilist__builder.hpp
[0.917s] -- Up-to-date: /home/GTL/apaul/ros2_hw1/install/face_msg/include/face_msg/face_msg/msg/rosidl_generator_cpp__visibility_control.hpp
[0.917s] -- Up-to-date: /home/GTL/apaul/ros2_hw1/install/face_msg/include/face_msg/face_msg
[0.918s] -- Up-to-date: /home/GTL/apaul/ros2_hw1/install/face_msg/include/face_msg/face_msg/msg
[0.918s] -- Up-to-date: /home/GTL/apaul/ros2_hw1/install/face_msg/include/face_msg/face_msg/msg/detail
[0.919s] -- Up-to-date: /home/GTL/apaul/ros2_hw1/install/face_msg/include/face_msg/face_msg/msg/detail/dds_fastrtps
[0.919s] -- Up-to-date: /home/GTL/apaul/ros2_hw1/install/face_msg/include/face_msg/face_msg/msg/detail/roilist__rosidl_typesupport_fastrtps_cpp.hpp
[0.919s] -- Up-to-date: /home/GTL/apaul/ros2_hw1/install/face_msg/include/face_msg/face_msg/msg/rosidl_typesupport_fastrtps_cpp__visibility_control.h
[0.925s] -- Up-to-date: /home/GTL/apaul/ros2_hw1/install/face_msg/lib/libface_msg__rosidl_typesupport_fastrtps_cpp.so
[0.926s] -- Up-to-date: /home/GTL/apaul/ros2_hw1/install/face_msg/include/face_msg/face_msg
[0.926s] -- Up-to-date: /home/GTL/apaul/ros2_hw1/install/face_msg/include/face_msg/face_msg/msg
[0.926s] -- Up-to-date: /home/GTL/apaul/ros2_hw1/install/face_msg/include/face_msg/face_msg/msg/detail
[0.927s] -- Up-to-date: /home/GTL/apaul/ros2_hw1/install/face_msg/include/face_msg/face_msg/msg/detail/roilist__type_support.c
[0.927s] -- Up-to-date: /home/GTL/apaul/ros2_hw1/install/face_msg/include/face_msg/face_msg/msg/detail/roilist__rosidl_typesupport_introspection_c.h
[0.928s] -- Up-to-date: /home/GTL/apaul/ros2_hw1/install/face_msg/include/face_msg/face_msg/msg/rosidl_typesupport_introspection_c__visibility_control.h
[0.928s] -- Up-to-date: /home/GTL/apaul/ros2_hw1/install/face_msg/lib/libface_msg__rosidl_typesupport_introspection_c.so
[0.928s] -- Up-to-date: /home/GTL/apaul/ros2_hw1/install/face_msg/lib/libface_msg__rosidl_typesupport_c.so
[0.929s] -- Up-to-date: /home/GTL/apaul/ros2_hw1/install/face_msg/include/face_msg/face_msg
[0.929s] -- Up-to-date: /home/GTL/apaul/ros2_hw1/install/face_msg/include/face_msg/face_msg/msg
[0.929s] -- Up-to-date: /home/GTL/apaul/ros2_hw1/install/face_msg/include/face_msg/face_msg/msg/detail
[0.929s] -- Up-to-date: /home/GTL/apaul/ros2_hw1/install/face_msg/include/face_msg/face_msg/msg/detail/roilist__type_support.cpp
[0.929s] -- Up-to-date: /home/GTL/apaul/ros2_hw1/install/face_msg/include/face_msg/face_msg/msg/detail/roilist__rosidl_typesupport_introspection_cpp.hpp
[0.929s] -- Up-to-date: /home/GTL/apaul/ros2_hw1/install/face_msg/lib/libface_msg__rosidl_typesupport_introspection_cpp.so
[0.929s] -- Up-to-date: /home/GTL/apaul/ros2_hw1/install/face_msg/lib/libface_msg__rosidl_typesupport_cpp.so
[0.929s] -- Up-to-date: /home/GTL/apaul/ros2_hw1/install/face_msg/share/face_msg/environment/pythonpath.sh
[0.929s] -- Up-to-date: /home/GTL/apaul/ros2_hw1/install/face_msg/share/face_msg/environment/pythonpath.dsv
[0.930s] -- Up-to-date: /home/GTL/apaul/ros2_hw1/install/face_msg/local/lib/python3.10/dist-packages/face_msg-0.0.0-py3.10.egg-info
[0.930s] -- Installing: /home/GTL/apaul/ros2_hw1/install/face_msg/local/lib/python3.10/dist-packages/face_msg-0.0.0-py3.10.egg-info/dependency_links.txt
[0.937s] -- Installing: /home/GTL/apaul/ros2_hw1/install/face_msg/local/lib/python3.10/dist-packages/face_msg-0.0.0-py3.10.egg-info/top_level.txt
[0.937s] -- Installing: /home/GTL/apaul/ros2_hw1/install/face_msg/local/lib/python3.10/dist-packages/face_msg-0.0.0-py3.10.egg-info/PKG-INFO
[0.941s] -- Installing: /home/GTL/apaul/ros2_hw1/install/face_msg/local/lib/python3.10/dist-packages/face_msg-0.0.0-py3.10.egg-info/SOURCES.txt
[0.945s] -- Up-to-date: /home/GTL/apaul/ros2_hw1/install/face_msg/local/lib/python3.10/dist-packages/face_msg
[0.946s] -- Up-to-date: /home/GTL/apaul/ros2_hw1/install/face_msg/local/lib/python3.10/dist-packages/face_msg/face_msg_s__rosidl_typesupport_c.cpython-310-x86_64-linux-gnu.so
[0.946s] -- Up-to-date: /home/GTL/apaul/ros2_hw1/install/face_msg/local/lib/python3.10/dist-packages/face_msg/face_msg_s__rosidl_typesupport_fastrtps_c.cpython-310-x86_64-linux-gnu.so
[0.946s] -- Up-to-date: /home/GTL/apaul/ros2_hw1/install/face_msg/local/lib/python3.10/dist-packages/face_msg/msg
[0.946s] -- Up-to-date: /home/GTL/apaul/ros2_hw1/install/face_msg/local/lib/python3.10/dist-packages/face_msg/msg/_roilist.py
[0.947s] -- Up-to-date: /home/GTL/apaul/ros2_hw1/install/face_msg/local/lib/python3.10/dist-packages/face_msg/msg/__init__.py
[0.947s] -- Up-to-date: /home/GTL/apaul/ros2_hw1/install/face_msg/local/lib/python3.10/dist-packages/face_msg/msg/_roilist_s.c
[0.947s] -- Up-to-date: /home/GTL/apaul/ros2_hw1/install/face_msg/local/lib/python3.10/dist-packages/face_msg/_face_msg_s.ep.rosidl_typesupport_c.c
[0.947s] -- Up-to-date: /home/GTL/apaul/ros2_hw1/install/face_msg/local/lib/python3.10/dist-packages/face_msg/_face_msg_s.ep.rosidl_typesupport_introspection_c.c
[0.947s] -- Up-to-date: /home/GTL/apaul/ros2_hw1/install/face_msg/local/lib/python3.10/dist-packages/face_msg/__init__.py
[0.948s] -- Up-to-date: /home/GTL/apaul/ros2_hw1/install/face_msg/local/lib/python3.10/dist-packages/face_msg/_face_msg_s.ep.rosidl_typesupport_fastrtps_c.c
[0.948s] -- Up-to-date: /home/GTL/apaul/ros2_hw1/install/face_msg/local/lib/python3.10/dist-packages/face_msg/face_msg_s__rosidl_typesupport_introspection_c.cpython-310-x86_64-linux-gnu.so
[0.948s] -- Up-to-date: /home/GTL/apaul/ros2_hw1/install/face_msg/local/lib/python3.10/dist-packages/face_msg/libface_msg__rosidl_generator_py.so
[0.976s] Listing '/home/GTL/apaul/ros2_hw1/install/face_msg/local/lib/python3.10/dist-packages/face_msg'...
[0.976s] Listing '/home/GTL/apaul/ros2_hw1/install/face_msg/local/lib/python3.10/dist-packages/face_msg/msg'...
[0.981s] -- Up-to-date: /home/GTL/apaul/ros2_hw1/install/face_msg/local/lib/python3.10/dist-packages/face_msg/face_msg_s__rosidl_typesupport_fastrtps_c.cpython-310-x86_64-linux-gnu.so
[0.982s] -- Up-to-date: /home/GTL/apaul/ros2_hw1/install/face_msg/local/lib/python3.10/dist-packages/face_msg/face_msg_s__rosidl_typesupport_introspection_c.cpython-310-x86_64-linux-gnu.so
[0.984s] -- Up-to-date: /home/GTL/apaul/ros2_hw1/install/face_msg/local/lib/python3.10/dist-packages/face_msg/face_msg_s__rosidl_typesupport_c.cpython-310-x86_64-linux-gnu.so
[0.985s] -- Up-to-date: /home/GTL/apaul/ros2_hw1/install/face_msg/lib/libface_msg__rosidl_generator_py.so
[0.986s] -- Up-to-date: /home/GTL/apaul/ros2_hw1/install/face_msg/share/face_msg/msg/Roilist.idl
[0.986s] -- Up-to-date: /home/GTL/apaul/ros2_hw1/install/face_msg/share/face_msg/msg/Roilist.msg
[0.986s] -- Up-to-date: /home/GTL/apaul/ros2_hw1/install/face_msg/share/ament_index/resource_index/package_run_dependencies/face_msg
[0.987s] -- Up-to-date: /home/GTL/apaul/ros2_hw1/install/face_msg/share/ament_index/resource_index/parent_prefix_path/face_msg
[0.987s] -- Up-to-date: /home/GTL/apaul/ros2_hw1/install/face_msg/share/face_msg/environment/ament_prefix_path.sh
[0.987s] -- Up-to-date: /home/GTL/apaul/ros2_hw1/install/face_msg/share/face_msg/environment/ament_prefix_path.dsv
[0.987s] -- Up-to-date: /home/GTL/apaul/ros2_hw1/install/face_msg/share/face_msg/environment/path.sh
[0.988s] -- Up-to-date: /home/GTL/apaul/ros2_hw1/install/face_msg/share/face_msg/environment/path.dsv
[0.988s] -- Up-to-date: /home/GTL/apaul/ros2_hw1/install/face_msg/share/face_msg/local_setup.bash
[0.988s] -- Up-to-date: /home/GTL/apaul/ros2_hw1/install/face_msg/share/face_msg/local_setup.sh
[0.988s] -- Up-to-date: /home/GTL/apaul/ros2_hw1/install/face_msg/share/face_msg/local_setup.zsh
[0.989s] -- Up-to-date: /home/GTL/apaul/ros2_hw1/install/face_msg/share/face_msg/local_setup.dsv
[0.989s] -- Installing: /home/GTL/apaul/ros2_hw1/install/face_msg/share/face_msg/package.dsv
[0.992s] -- Up-to-date: /home/GTL/apaul/ros2_hw1/install/face_msg/share/ament_index/resource_index/packages/face_msg
[0.992s] -- Up-to-date: /home/GTL/apaul/ros2_hw1/install/face_msg/share/face_msg/cmake/export_face_msg__rosidl_generator_cExport.cmake
[0.993s] -- Up-to-date: /home/GTL/apaul/ros2_hw1/install/face_msg/share/face_msg/cmake/export_face_msg__rosidl_generator_cExport-noconfig.cmake
[0.993s] -- Up-to-date: /home/GTL/apaul/ros2_hw1/install/face_msg/share/face_msg/cmake/export_face_msg__rosidl_typesupport_fastrtps_cExport.cmake
[0.993s] -- Up-to-date: /home/GTL/apaul/ros2_hw1/install/face_msg/share/face_msg/cmake/export_face_msg__rosidl_typesupport_fastrtps_cExport-noconfig.cmake
[0.994s] -- Up-to-date: /home/GTL/apaul/ros2_hw1/install/face_msg/share/face_msg/cmake/export_face_msg__rosidl_generator_cppExport.cmake
[0.995s] -- Up-to-date: /home/GTL/apaul/ros2_hw1/install/face_msg/share/face_msg/cmake/export_face_msg__rosidl_typesupport_fastrtps_cppExport.cmake
[0.995s] -- Up-to-date: /home/GTL/apaul/ros2_hw1/install/face_msg/share/face_msg/cmake/export_face_msg__rosidl_typesupport_fastrtps_cppExport-noconfig.cmake
[0.996s] -- Up-to-date: /home/GTL/apaul/ros2_hw1/install/face_msg/share/face_msg/cmake/face_msg__rosidl_typesupport_introspection_cExport.cmake
[0.996s] -- Up-to-date: /home/GTL/apaul/ros2_hw1/install/face_msg/share/face_msg/cmake/face_msg__rosidl_typesupport_introspection_cExport-noconfig.cmake
[0.997s] -- Up-to-date: /home/GTL/apaul/ros2_hw1/install/face_msg/share/face_msg/cmake/face_msg__rosidl_typesupport_cExport.cmake
[0.997s] -- Up-to-date: /home/GTL/apaul/ros2_hw1/install/face_msg/share/face_msg/cmake/face_msg__rosidl_typesupport_cExport-noconfig.cmake
[0.998s] -- Up-to-date: /home/GTL/apaul/ros2_hw1/install/face_msg/share/face_msg/cmake/face_msg__rosidl_typesupport_introspection_cppExport.cmake
[0.998s] -- Up-to-date: /home/GTL/apaul/ros2_hw1/install/face_msg/share/face_msg/cmake/face_msg__rosidl_typesupport_introspection_cppExport-noconfig.cmake
[0.999s] -- Up-to-date: /home/GTL/apaul/ros2_hw1/install/face_msg/share/face_msg/cmake/face_msg__rosidl_typesupport_cppExport.cmake
[0.999s] -- Up-to-date: /home/GTL/apaul/ros2_hw1/install/face_msg/share/face_msg/cmake/face_msg__rosidl_typesupport_cppExport-noconfig.cmake
[1.000s] -- Up-to-date: /home/GTL/apaul/ros2_hw1/install/face_msg/share/face_msg/cmake/export_face_msg__rosidl_generator_pyExport.cmake
[1.000s] -- Up-to-date: /home/GTL/apaul/ros2_hw1/install/face_msg/share/face_msg/cmake/export_face_msg__rosidl_generator_pyExport-noconfig.cmake
[1.001s] -- Up-to-date: /home/GTL/apaul/ros2_hw1/install/face_msg/share/face_msg/cmake/rosidl_cmake-extras.cmake
[1.001s] -- Up-to-date: /home/GTL/apaul/ros2_hw1/install/face_msg/share/face_msg/cmake/ament_cmake_export_dependencies-extras.cmake
[1.001s] -- Up-to-date: /home/GTL/apaul/ros2_hw1/install/face_msg/share/face_msg/cmake/ament_cmake_export_include_directories-extras.cmake
[1.001s] -- Up-to-date: /home/GTL/apaul/ros2_hw1/install/face_msg/share/face_msg/cmake/ament_cmake_export_libraries-extras.cmake
[1.002s] -- Up-to-date: /home/GTL/apaul/ros2_hw1/install/face_msg/share/face_msg/cmake/ament_cmake_export_targets-extras.cmake
[1.002s] -- Up-to-date: /home/GTL/apaul/ros2_hw1/install/face_msg/share/face_msg/cmake/rosidl_cmake_export_typesupport_targets-extras.cmake
[1.002s] -- Up-to-date: /home/GTL/apaul/ros2_hw1/install/face_msg/share/face_msg/cmake/rosidl_cmake_export_typesupport_libraries-extras.cmake
[1.002s] -- Up-to-date: /home/GTL/apaul/ros2_hw1/install/face_msg/share/face_msg/cmake/face_msgConfig.cmake
[1.002s] -- Up-to-date: /home/GTL/apaul/ros2_hw1/install/face_msg/share/face_msg/cmake/face_msgConfig-version.cmake
[1.003s] -- Up-to-date: /home/GTL/apaul/ros2_hw1/install/face_msg/share/face_msg/package.xml
[1.095s] Invoked command in '/home/GTL/apaul/ros2_hw1/build/face_msg' returned '0': CMAKE_PREFIX_PATH=/opt/ros/humble /usr/bin/cmake --install /home/GTL/apaul/ros2_hw1/build/face_msg
