[2.442s] Invoking command in '/home/GTL/apaul/ros2_hw1/src/rover_driver_base': PYTHONPATH=/home/GTL/apaul/ros2_hw1/build/rover_driver_base/prefix_override:/usr/lib/python3/dist-packages/colcon_core/task/python/colcon_distutils_commands:/home/GTL/apaul/ros2_hw1/install/rover_driver_base/lib/python3.10/site-packages:${PYTHONPATH} /usr/bin/python3 -W ignore:setup.py install is deprecated -W ignore:easy_install command is deprecated setup.py egg_info --egg-base ../../build/rover_driver_base build --build-base /home/GTL/apaul/ros2_hw1/build/rover_driver_base/build install --record /home/GTL/apaul/ros2_hw1/build/rover_driver_base/install.log --single-version-externally-managed install_data
[2.722s] running egg_info
[2.722s] writing ../../build/rover_driver_base/rover_driver_base.egg-info/PKG-INFO
[2.722s] writing dependency_links to ../../build/rover_driver_base/rover_driver_base.egg-info/dependency_links.txt
[2.722s] writing entry points to ../../build/rover_driver_base/rover_driver_base.egg-info/entry_points.txt
[2.722s] writing requirements to ../../build/rover_driver_base/rover_driver_base.egg-info/requires.txt
[2.722s] writing top-level names to ../../build/rover_driver_base/rover_driver_base.egg-info/top_level.txt
[2.726s] reading manifest file '../../build/rover_driver_base/rover_driver_base.egg-info/SOURCES.txt'
[2.728s] writing manifest file '../../build/rover_driver_base/rover_driver_base.egg-info/SOURCES.txt'
[2.743s] running build
[2.743s] running build_py
[2.743s] running install
[2.743s] running install_lib
[2.743s] running install_data
[2.743s] running install_egg_info
[2.745s] removing '/home/GTL/apaul/ros2_hw1/install/rover_driver_base/lib/python3.10/site-packages/rover_driver_base-0.0.0-py3.10.egg-info' (and everything under it)
[2.748s] Copying ../../build/rover_driver_base/rover_driver_base.egg-info to /home/GTL/apaul/ros2_hw1/install/rover_driver_base/lib/python3.10/site-packages/rover_driver_base-0.0.0-py3.10.egg-info
[2.777s] running install_scripts
[2.783s] Installing rover_command_node script to /home/GTL/apaul/ros2_hw1/install/rover_driver_base/lib/rover_driver_base
[2.784s] Installing rover_odom_node script to /home/GTL/apaul/ros2_hw1/install/rover_driver_base/lib/rover_driver_base
[2.784s] writing list of installed files to '/home/GTL/apaul/ros2_hw1/build/rover_driver_base/install.log'
[2.909s] Invoked command in '/home/GTL/apaul/ros2_hw1/src/rover_driver_base' returned '0': PYTHONPATH=/home/GTL/apaul/ros2_hw1/build/rover_driver_base/prefix_override:/usr/lib/python3/dist-packages/colcon_core/task/python/colcon_distutils_commands:/home/GTL/apaul/ros2_hw1/install/rover_driver_base/lib/python3.10/site-packages:${PYTHONPATH} /usr/bin/python3 -W ignore:setup.py install is deprecated -W ignore:easy_install command is deprecated setup.py egg_info --egg-base ../../build/rover_driver_base build --build-base /home/GTL/apaul/ros2_hw1/build/rover_driver_base/build install --record /home/GTL/apaul/ros2_hw1/build/rover_driver_base/install.log --single-version-externally-managed install_data
