[1.779s] Invoking command in '/home/GTL/apaul/ros2_hw1/src/ros_task_manager/src/button_server': PYTHONPATH=/home/GTL/apaul/ros2_hw1/build/button_server/prefix_override:/usr/lib/python3/dist-packages/colcon_core/task/python/colcon_distutils_commands:/home/GTL/apaul/ros2_hw1/install/button_server/lib/python3.10/site-packages:${PYTHONPATH} /usr/bin/python3 -W ignore:setup.py install is deprecated setup.py egg_info --egg-base ../../../../build/button_server build --build-base /home/GTL/apaul/ros2_hw1/build/button_server/build install --record /home/GTL/apaul/ros2_hw1/build/button_server/install.log --single-version-externally-managed install_data
[2.056s] running egg_info
[2.057s] writing ../../../../build/button_server/button_server.egg-info/PKG-INFO
[2.059s] writing dependency_links to ../../../../build/button_server/button_server.egg-info/dependency_links.txt
[2.060s] writing entry points to ../../../../build/button_server/button_server.egg-info/entry_points.txt
[2.061s] writing requirements to ../../../../build/button_server/button_server.egg-info/requires.txt
[2.062s] writing top-level names to ../../../../build/button_server/button_server.egg-info/top_level.txt
[2.069s] reading manifest file '../../../../build/button_server/button_server.egg-info/SOURCES.txt'
[2.071s] writing manifest file '../../../../build/button_server/button_server.egg-info/SOURCES.txt'
[2.072s] running build
[2.072s] running build_py
[2.073s] running build_scripts
[2.073s] running install
[2.074s] running install_lib
[2.076s] running install_data
[2.076s] running install_egg_info
[2.078s] removing '/home/GTL/apaul/ros2_hw1/install/button_server/lib/python3.10/site-packages/button_server-0.0.0-py3.10.egg-info' (and everything under it)
[2.082s] Copying ../../../../build/button_server/button_server.egg-info to /home/GTL/apaul/ros2_hw1/install/button_server/lib/python3.10/site-packages/button_server-0.0.0-py3.10.egg-info
[2.107s] running install_scripts
[2.127s] changing mode of /home/GTL/apaul/ros2_hw1/install/button_server/lib/button_server/button_server_node to 775
[2.129s] writing list of installed files to '/home/GTL/apaul/ros2_hw1/build/button_server/install.log'
[2.288s] Invoked command in '/home/GTL/apaul/ros2_hw1/src/ros_task_manager/src/button_server' returned '0': PYTHONPATH=/home/GTL/apaul/ros2_hw1/build/button_server/prefix_override:/usr/lib/python3/dist-packages/colcon_core/task/python/colcon_distutils_commands:/home/GTL/apaul/ros2_hw1/install/button_server/lib/python3.10/site-packages:${PYTHONPATH} /usr/bin/python3 -W ignore:setup.py install is deprecated setup.py egg_info --egg-base ../../../../build/button_server build --build-base /home/GTL/apaul/ros2_hw1/build/button_server/build install --record /home/GTL/apaul/ros2_hw1/build/button_server/install.log --single-version-externally-managed install_data
