[0.076s] Invoking command in '/home/GTL/apaul/ros2_hw1/build/floor_nav': CMAKE_PREFIX_PATH=/home/GTL/apaul/ros2_hw1/install/task_manager_nav2:/home/GTL/apaul/ros2_hw1/install/task_manager_lib:/home/GTL/apaul/ros2_hw1/install/task_manager_msgs:/home/GTL/apaul/ros2_hw1/install/cs7630_msgs:/home/GTL/apaul/ros2_hw1/install/vrep4_helpers:/home/GTL/apaul/ros2_hw1/install/task_manager_sync:/home/GTL/apaul/ros2_hw1/install/floor_nav:/home/GTL/apaul/ros2_hw1/install/joy_pack:/home/GTL/apaul/ros2_hw1/install/face_msg:/home/GTL/apaul/ros2_hw1/install/collision_avoidance_base:/home/GTL/apaul/ros2_hw1/install/vrep_ros_teleop:/home/GTL/apaul/ros2_hw1/install/task_manager_client_py:/home/GTL/apaul/ros2_hw1/install/keyboard_teleop:/home/GTL/apaul/ros2_hw1/install/face_detect_base:/home/GTL/apaul/ros2_hw1/install/button_server:/opt/ros/humble LD_LIBRARY_PATH=/home/GTL/apaul/ros2_hw1/install/task_manager_lib/lib:/home/GTL/apaul/ros2_hw1/install/task_manager_msgs/lib:/home/GTL/apaul/ros2_hw1/install/cs7630_msgs/lib:/home/GTL/apaul/ros2_hw1/install/task_manager_sync/lib:/home/GTL/apaul/ros2_hw1/install/face_msg/lib:/usr/lib/x86_64-linux-gnu/gazebo-11/plugins:/opt/ros/humble/opt/rviz_ogre_vendor/lib:/opt/ros/humble/lib/x86_64-linux-gnu:/opt/ros/humble/lib /usr/bin/cmake --build /home/GTL/apaul/ros2_hw1/build/floor_nav -- -j16 -l16
[0.172s] [35m[1mConsolidate compiler generated dependencies of target floornav_TaskWaitForFace[0m
[0.221s] [ 24%] Built target floornav_TaskWander
[0.221s] [ 24%] Built target floornav_TaskSetHeading
[0.222s] [ 24%] Built target floornav_TaskWaitForROI
[0.223s] [ 31%] Built target floornav_TaskSetBool
[0.229s] [ 41%] Built target floornav_TaskSetMux
[0.231s] [ 55%] Built target floornav_TaskNav2
[0.232s] [ 65%] Built target floornav_TaskPlanTo
[0.233s] [ 65%] Built target floornav_TaskConstant
[0.233s] [ 65%] Built target floornav_TaskTrigger
[0.235s] [ 68%] Built target floornav_TaskWander_modif
[0.243s] [ 86%] Built target floornav_TaskGoTo
[0.243s] [ 86%] Built target floornav_task_server
[0.248s] [ 93%] Built target floornav_TaskAutoDock
[0.253s] [ 96%] [32mBuilding CXX object CMakeFiles/floornav_TaskWaitForFace.dir/tasks/TaskWaitForFace.cpp.o[0m
[8.416s] [100%] [32m[1mLinking CXX shared library libfloornav_TaskWaitForFace.so[0m
[14.072s] [100%] Built target floornav_TaskWaitForFace
[14.092s] Invoked command in '/home/GTL/apaul/ros2_hw1/build/floor_nav' returned '0': CMAKE_PREFIX_PATH=/home/GTL/apaul/ros2_hw1/install/task_manager_nav2:/home/GTL/apaul/ros2_hw1/install/task_manager_lib:/home/GTL/apaul/ros2_hw1/install/task_manager_msgs:/home/GTL/apaul/ros2_hw1/install/cs7630_msgs:/home/GTL/apaul/ros2_hw1/install/vrep4_helpers:/home/GTL/apaul/ros2_hw1/install/task_manager_sync:/home/GTL/apaul/ros2_hw1/install/floor_nav:/home/GTL/apaul/ros2_hw1/install/joy_pack:/home/GTL/apaul/ros2_hw1/install/face_msg:/home/GTL/apaul/ros2_hw1/install/collision_avoidance_base:/home/GTL/apaul/ros2_hw1/install/vrep_ros_teleop:/home/GTL/apaul/ros2_hw1/install/task_manager_client_py:/home/GTL/apaul/ros2_hw1/install/keyboard_teleop:/home/GTL/apaul/ros2_hw1/install/face_detect_base:/home/GTL/apaul/ros2_hw1/install/button_server:/opt/ros/humble LD_LIBRARY_PATH=/home/GTL/apaul/ros2_hw1/install/task_manager_lib/lib:/home/GTL/apaul/ros2_hw1/install/task_manager_msgs/lib:/home/GTL/apaul/ros2_hw1/install/cs7630_msgs/lib:/home/GTL/apaul/ros2_hw1/install/task_manager_sync/lib:/home/GTL/apaul/ros2_hw1/install/face_msg/lib:/usr/lib/x86_64-linux-gnu/gazebo-11/plugins:/opt/ros/humble/opt/rviz_ogre_vendor/lib:/opt/ros/humble/lib/x86_64-linux-gnu:/opt/ros/humble/lib /usr/bin/cmake --build /home/GTL/apaul/ros2_hw1/build/floor_nav -- -j16 -l16
[14.167s] Invoking command in '/home/GTL/apaul/ros2_hw1/build/floor_nav': CMAKE_PREFIX_PATH=/home/GTL/apaul/ros2_hw1/install/task_manager_nav2:/home/GTL/apaul/ros2_hw1/install/task_manager_lib:/home/GTL/apaul/ros2_hw1/install/task_manager_msgs:/home/GTL/apaul/ros2_hw1/install/cs7630_msgs:/home/GTL/apaul/ros2_hw1/install/vrep4_helpers:/home/GTL/apaul/ros2_hw1/install/task_manager_sync:/home/GTL/apaul/ros2_hw1/install/floor_nav:/home/GTL/apaul/ros2_hw1/install/joy_pack:/home/GTL/apaul/ros2_hw1/install/face_msg:/home/GTL/apaul/ros2_hw1/install/collision_avoidance_base:/home/GTL/apaul/ros2_hw1/install/vrep_ros_teleop:/home/GTL/apaul/ros2_hw1/install/task_manager_client_py:/home/GTL/apaul/ros2_hw1/install/keyboard_teleop:/home/GTL/apaul/ros2_hw1/install/face_detect_base:/home/GTL/apaul/ros2_hw1/install/button_server:/opt/ros/humble LD_LIBRARY_PATH=/home/GTL/apaul/ros2_hw1/install/task_manager_lib/lib:/home/GTL/apaul/ros2_hw1/install/task_manager_msgs/lib:/home/GTL/apaul/ros2_hw1/install/cs7630_msgs/lib:/home/GTL/apaul/ros2_hw1/install/task_manager_sync/lib:/home/GTL/apaul/ros2_hw1/install/face_msg/lib:/usr/lib/x86_64-linux-gnu/gazebo-11/plugins:/opt/ros/humble/opt/rviz_ogre_vendor/lib:/opt/ros/humble/lib/x86_64-linux-gnu:/opt/ros/humble/lib /usr/bin/cmake --install /home/GTL/apaul/ros2_hw1/build/floor_nav
[14.176s] -- Install configuration: ""
[14.179s] -- Installing: /home/GTL/apaul/ros2_hw1/install/floor_nav/lib/floor_nav/floornav_task_server
[14.392s] -- Set runtime path of "/home/GTL/apaul/ros2_hw1/install/floor_nav/lib/floor_nav/floornav_task_server" to ""
[14.393s] -- Installing: /home/GTL/apaul/ros2_hw1/install/floor_nav/lib/floor_nav/libfloornav_TaskAutoDock.so
[14.442s] -- Set runtime path of "/home/GTL/apaul/ros2_hw1/install/floor_nav/lib/floor_nav/libfloornav_TaskAutoDock.so" to ""
[14.442s] -- Installing: /home/GTL/apaul/ros2_hw1/install/floor_nav/lib/floor_nav/libfloornav_TaskWaitForROI.so
[14.478s] -- Set runtime path of "/home/GTL/apaul/ros2_hw1/install/floor_nav/lib/floor_nav/libfloornav_TaskWaitForROI.so" to ""
[14.478s] -- Installing: /home/GTL/apaul/ros2_hw1/install/floor_nav/lib/floor_nav/libfloornav_TaskWaitForFace.so
[14.574s] -- Set runtime path of "/home/GTL/apaul/ros2_hw1/install/floor_nav/lib/floor_nav/libfloornav_TaskWaitForFace.so" to ""
[14.575s] -- Installing: /home/GTL/apaul/ros2_hw1/install/floor_nav/lib/floor_nav/libfloornav_TaskWander.so
[14.613s] -- Set runtime path of "/home/GTL/apaul/ros2_hw1/install/floor_nav/lib/floor_nav/libfloornav_TaskWander.so" to ""
[14.614s] -- Installing: /home/GTL/apaul/ros2_hw1/install/floor_nav/lib/floor_nav/libfloornav_TaskSetHeading.so
[14.650s] -- Set runtime path of "/home/GTL/apaul/ros2_hw1/install/floor_nav/lib/floor_nav/libfloornav_TaskSetHeading.so" to ""
[14.651s] -- Installing: /home/GTL/apaul/ros2_hw1/install/floor_nav/lib/floor_nav/libfloornav_TaskPlanTo.so
[14.781s] -- Set runtime path of "/home/GTL/apaul/ros2_hw1/install/floor_nav/lib/floor_nav/libfloornav_TaskPlanTo.so" to ""
[14.782s] -- Installing: /home/GTL/apaul/ros2_hw1/install/floor_nav/lib/floor_nav/libfloornav_TaskGoTo.so
[14.828s] -- Set runtime path of "/home/GTL/apaul/ros2_hw1/install/floor_nav/lib/floor_nav/libfloornav_TaskGoTo.so" to ""
[14.829s] -- Installing: /home/GTL/apaul/ros2_hw1/install/floor_nav/lib/floor_nav/libfloornav_TaskConstant.so
[14.865s] -- Set runtime path of "/home/GTL/apaul/ros2_hw1/install/floor_nav/lib/floor_nav/libfloornav_TaskConstant.so" to ""
[14.866s] -- Installing: /home/GTL/apaul/ros2_hw1/install/floor_nav/lib/floor_nav/libfloornav_TaskTrigger.so
[14.913s] -- Set runtime path of "/home/GTL/apaul/ros2_hw1/install/floor_nav/lib/floor_nav/libfloornav_TaskTrigger.so" to ""
[14.914s] -- Installing: /home/GTL/apaul/ros2_hw1/install/floor_nav/lib/floor_nav/libfloornav_TaskSetBool.so
[14.961s] -- Set runtime path of "/home/GTL/apaul/ros2_hw1/install/floor_nav/lib/floor_nav/libfloornav_TaskSetBool.so" to ""
[14.962s] -- Installing: /home/GTL/apaul/ros2_hw1/install/floor_nav/lib/floor_nav/libfloornav_TaskSetMux.so
[15.010s] -- Set runtime path of "/home/GTL/apaul/ros2_hw1/install/floor_nav/lib/floor_nav/libfloornav_TaskSetMux.so" to ""
[15.010s] -- Installing: /home/GTL/apaul/ros2_hw1/install/floor_nav/lib/floor_nav/libfloornav_TaskNav2.so
[15.060s] -- Set runtime path of "/home/GTL/apaul/ros2_hw1/install/floor_nav/lib/floor_nav/libfloornav_TaskNav2.so" to ""
[15.061s] -- Up-to-date: /home/GTL/apaul/ros2_hw1/install/floor_nav/share/floor_nav
[15.063s] -- Installing: /home/GTL/apaul/ros2_hw1/install/floor_nav/share/floor_nav/launch_server_tb.launch.py
[15.068s] -- Installing: /home/GTL/apaul/ros2_hw1/install/floor_nav/share/floor_nav/launch_server_tb.launch
[15.072s] -- Installing: /home/GTL/apaul/ros2_hw1/install/floor_nav/share/floor_nav/__pycache__
[15.076s] -- Installing: /home/GTL/apaul/ros2_hw1/install/floor_nav/share/floor_nav/__pycache__/launch_server_tb.launch.cpython-310.pyc
[15.081s] -- Installing: /home/GTL/apaul/ros2_hw1/install/floor_nav/share/floor_nav/launch_server.launch
[15.086s] -- Installing: /home/GTL/apaul/ros2_hw1/install/floor_nav/lib/floor_nav/graph_forever.py
[15.090s] -- Installing: /home/GTL/apaul/ros2_hw1/install/floor_nav/lib/floor_nav/test_goto.py
[15.094s] -- Installing: /home/GTL/apaul/ros2_hw1/install/floor_nav/lib/floor_nav/test_graph_2d.py
[15.098s] -- Installing: /home/GTL/apaul/ros2_hw1/install/floor_nav/lib/floor_nav/test_graph.py
[15.102s] -- Installing: /home/GTL/apaul/ros2_hw1/install/floor_nav/lib/floor_nav/test_graph-test.py
[15.106s] -- Installing: /home/GTL/apaul/ros2_hw1/install/floor_nav/lib/floor_nav/test_planto.py
[15.110s] -- Installing: /home/GTL/apaul/ros2_hw1/install/floor_nav/lib/floor_nav/test_set_heading.py
[15.115s] -- Installing: /home/GTL/apaul/ros2_hw1/install/floor_nav/lib/floor_nav/test_wander.py
[15.123s] -- Installing: /home/GTL/apaul/ros2_hw1/install/floor_nav/share/ament_index/resource_index/package_run_dependencies/floor_nav
[15.130s] -- Installing: /home/GTL/apaul/ros2_hw1/install/floor_nav/share/ament_index/resource_index/parent_prefix_path/floor_nav
[15.137s] -- Installing: /home/GTL/apaul/ros2_hw1/install/floor_nav/share/floor_nav/environment/ament_prefix_path.sh
[15.140s] -- Installing: /home/GTL/apaul/ros2_hw1/install/floor_nav/share/floor_nav/environment/ament_prefix_path.dsv
[15.145s] -- Installing: /home/GTL/apaul/ros2_hw1/install/floor_nav/share/floor_nav/environment/path.sh
[15.149s] -- Installing: /home/GTL/apaul/ros2_hw1/install/floor_nav/share/floor_nav/environment/path.dsv
[15.153s] -- Installing: /home/GTL/apaul/ros2_hw1/install/floor_nav/share/floor_nav/local_setup.bash
[15.157s] -- Installing: /home/GTL/apaul/ros2_hw1/install/floor_nav/share/floor_nav/local_setup.sh
[15.162s] -- Installing: /home/GTL/apaul/ros2_hw1/install/floor_nav/share/floor_nav/local_setup.zsh
[15.167s] -- Installing: /home/GTL/apaul/ros2_hw1/install/floor_nav/share/floor_nav/local_setup.dsv
[15.171s] -- Installing: /home/GTL/apaul/ros2_hw1/install/floor_nav/share/floor_nav/package.dsv
[15.179s] -- Installing: /home/GTL/apaul/ros2_hw1/install/floor_nav/share/ament_index/resource_index/packages/floor_nav
[15.185s] -- Installing: /home/GTL/apaul/ros2_hw1/install/floor_nav/share/floor_nav/cmake/floor_navConfig.cmake
[15.189s] -- Installing: /home/GTL/apaul/ros2_hw1/install/floor_nav/share/floor_nav/cmake/floor_navConfig-version.cmake
[15.193s] -- Installing: /home/GTL/apaul/ros2_hw1/install/floor_nav/share/floor_nav/package.xml
[15.199s] Invoked command in '/home/GTL/apaul/ros2_hw1/build/floor_nav' returned '0': CMAKE_PREFIX_PATH=/home/GTL/apaul/ros2_hw1/install/task_manager_nav2:/home/GTL/apaul/ros2_hw1/install/task_manager_lib:/home/GTL/apaul/ros2_hw1/install/task_manager_msgs:/home/GTL/apaul/ros2_hw1/install/cs7630_msgs:/home/GTL/apaul/ros2_hw1/install/vrep4_helpers:/home/GTL/apaul/ros2_hw1/install/task_manager_sync:/home/GTL/apaul/ros2_hw1/install/floor_nav:/home/GTL/apaul/ros2_hw1/install/joy_pack:/home/GTL/apaul/ros2_hw1/install/face_msg:/home/GTL/apaul/ros2_hw1/install/collision_avoidance_base:/home/GTL/apaul/ros2_hw1/install/vrep_ros_teleop:/home/GTL/apaul/ros2_hw1/install/task_manager_client_py:/home/GTL/apaul/ros2_hw1/install/keyboard_teleop:/home/GTL/apaul/ros2_hw1/install/face_detect_base:/home/GTL/apaul/ros2_hw1/install/button_server:/opt/ros/humble LD_LIBRARY_PATH=/home/GTL/apaul/ros2_hw1/install/task_manager_lib/lib:/home/GTL/apaul/ros2_hw1/install/task_manager_msgs/lib:/home/GTL/apaul/ros2_hw1/install/cs7630_msgs/lib:/home/GTL/apaul/ros2_hw1/install/task_manager_sync/lib:/home/GTL/apaul/ros2_hw1/install/face_msg/lib:/usr/lib/x86_64-linux-gnu/gazebo-11/plugins:/opt/ros/humble/opt/rviz_ogre_vendor/lib:/opt/ros/humble/lib/x86_64-linux-gnu:/opt/ros/humble/lib /usr/bin/cmake --install /home/GTL/apaul/ros2_hw1/build/floor_nav
