[0.000000] (-) TimerEvent: {}
[0.000121] (joy_pack) JobQueued: {'identifier': 'joy_pack', 'dependencies': OrderedDict()}
[0.000141] (joy_pack) JobStarted: {'identifier': 'joy_pack'}
[0.010231] (joy_pack) JobProgress: {'identifier': 'joy_pack', 'progress': 'cmake'}
[0.013123] (joy_pack) JobProgress: {'identifier': 'joy_pack', 'progress': 'build'}
[0.014352] (joy_pack) Command: {'cmd': ['/usr/bin/cmake', '--build', '/home/GTL/apaul/ros2_hw1/build/joy_pack', '--', '-j16', '-l16'], 'cwd': '/home/GTL/apaul/ros2_hw1/build/joy_pack', 'env': OrderedDict([('USER', 'apaul'), ('XDG_SESSION_TYPE', 'x11'), ('SHLVL', '1'), ('LD_LIBRARY_PATH', '/usr/lib/x86_64-linux-gnu/gazebo-11/plugins:/opt/ros/humble/opt/rviz_ogre_vendor/lib:/opt/ros/humble/lib/x86_64-linux-gnu:/opt/ros/humble/lib'), ('HOME', '/home/GTL/apaul'), ('CYCLONEDDS_URI', '/cs-share/pradalier/gtlpc_cyclonedds.xml'), ('OLDPWD', '/home/GTL/apaul/ros2_hw1/src'), ('DESKTOP_SESSION', 'ubuntu'), ('ROS_PYTHON_VERSION', '3'), ('GNOME_SHELL_SESSION_MODE', 'ubuntu'), ('GTK_MODULES', 'gail:atk-bridge'), ('MANAGERPID', '475083'), ('SYSTEMD_EXEC_PID', '475526'), ('DBUS_SESSION_BUS_ADDRESS', 'unix:path=/run/user/37726/bus'), ('COLORTERM', 'truecolor'), ('TERMINATOR_DBUS_NAME', 'net.tenshu.Terminator23558193cd9818af7fe4d2c2f5bd9d00f'), ('GIO_LAUNCHED_DESKTOP_FILE_PID', '476146'), ('COLCON_PREFIX_PATH', '/home/GTL/apaul/ros2_hw1/install'), ('ROS_DISTRO', 'humble'), ('GTK_IM_MODULE', 'ibus'), ('LOGNAME', 'apaul'), ('JOURNAL_STREAM', '8:1046791'), ('_', '/usr/bin/colcon'), ('ROS_VERSION', '2'), ('XDG_SESSION_CLASS', 'user'), ('USERNAME', 'apaul'), ('TERM', 'xterm-256color'), ('GNOME_DESKTOP_SESSION_ID', 'this-is-deprecated'), ('ROS_LOCALHOST_ONLY', '0'), ('WINDOWPATH', '2'), ('PATH', '/opt/ros/humble/bin:/usr/local/sbin:/usr/local/bin:/usr/sbin:/usr/bin:/sbin:/bin:/usr/games:/usr/local/games:/snap/bin:/snap/bin'), ('SESSION_MANAGER', 'local/gtlpc106.georgiatech-metz.fr:@/tmp/.ICE-unix/475331,unix/gtlpc106.georgiatech-metz.fr:/tmp/.ICE-unix/475331'), ('INVOCATION_ID', '3fdb088795ea40f0a91da07674d3b41e'), ('XDG_MENU_PREFIX', 'gnome-'), ('XDG_RUNTIME_DIR', '/run/user/37726'), ('DISPLAY', ':1'), ('TERMINATOR_DBUS_PATH', '/net/tenshu/Terminator2'), ('LANG', 'en_US.UTF-8'), ('XDG_CURRENT_DESKTOP', 'ubuntu:GNOME'), ('IBUS_DISABLE_SNOOPER', '1'), ('RMW_IMPLEMENTATION', 'rmw_cyclonedds_cpp'), ('XMODIFIERS', '@im=ibus'), ('XDG_SESSION_DESKTOP', 'ubuntu'), ('XAUTHORITY', '/run/user/37726/gdm/Xauthority'), ('SSH_AGENT_LAUNCHER', 'gnome-keyring'), ('SSH_AUTH_SOCK', '/run/user/37726/keyring/ssh'), ('ROS_DOMAIN_ID', '56'), ('AMENT_PREFIX_PATH', '/home/GTL/apaul/ros2_hw1/install/joy_pack:/opt/ros/humble'), ('SHELL', '/bin/bash'), ('TERMINATOR_UUID', 'urn:uuid:7fe1fe2d-3206-4189-bbf7-91ea4dee5b83'), ('KRB5CCNAME', 'FILE:/tmp/krb5cc_37726'), ('QT_ACCESSIBILITY', '1'), ('GDMSESSION', 'ubuntu'), ('GPG_AGENT_INFO', '/run/user/37726/gnupg/S.gpg-agent:0:1'), ('QT_IM_MODULE', 'ibus'), ('PWD', '/home/GTL/apaul/ros2_hw1/build/joy_pack'), ('XDG_CONFIG_DIRS', '/etc/xdg/xdg-ubuntu:/etc/xdg'), ('XDG_DATA_DIRS', '/usr/share/ubuntu:/usr/share/gnome:/usr/local/share/:/usr/share/:/var/lib/snapd/desktop'), ('PYTHONPATH', '/opt/ros/humble/lib/python3.10/site-packages:/opt/ros/humble/local/lib/python3.10/dist-packages'), ('COLCON', '1'), ('VTE_VERSION', '6800'), ('CMAKE_PREFIX_PATH', '/home/GTL/apaul/ros2_hw1/install/joy_pack:/opt/ros/humble')]), 'shell': False}
[0.060313] (joy_pack) StdoutLine: {'line': b'\x1b[35m\x1b[1mConsolidate compiler generated dependencies of target listener\x1b[0m\n'}
[0.098902] (-) TimerEvent: {}
[0.104778] (joy_pack) StdoutLine: {'line': b'[ 50%] \x1b[32mBuilding CXX object CMakeFiles/listener.dir/src/joy_function.cpp.o\x1b[0m\n'}
[0.198969] (-) TimerEvent: {}
[0.299209] (-) TimerEvent: {}
[0.399442] (-) TimerEvent: {}
[0.499681] (-) TimerEvent: {}
[0.599914] (-) TimerEvent: {}
[0.700152] (-) TimerEvent: {}
[0.800391] (-) TimerEvent: {}
[0.900630] (-) TimerEvent: {}
[1.000899] (-) TimerEvent: {}
[1.101127] (-) TimerEvent: {}
[1.201379] (-) TimerEvent: {}
[1.301656] (-) TimerEvent: {}
[1.401919] (-) TimerEvent: {}
[1.502191] (-) TimerEvent: {}
[1.602450] (-) TimerEvent: {}
[1.702700] (-) TimerEvent: {}
[1.802951] (-) TimerEvent: {}
[1.903207] (-) TimerEvent: {}
[2.003461] (-) TimerEvent: {}
[2.103720] (-) TimerEvent: {}
[2.203965] (-) TimerEvent: {}
[2.304185] (-) TimerEvent: {}
[2.404447] (-) TimerEvent: {}
[2.504710] (-) TimerEvent: {}
[2.604972] (-) TimerEvent: {}
[2.705198] (-) TimerEvent: {}
[2.805418] (-) TimerEvent: {}
[2.905655] (-) TimerEvent: {}
[3.005887] (-) TimerEvent: {}
[3.106115] (-) TimerEvent: {}
[3.206369] (-) TimerEvent: {}
[3.306622] (-) TimerEvent: {}
[3.406907] (-) TimerEvent: {}
[3.507161] (-) TimerEvent: {}
[3.607411] (-) TimerEvent: {}
[3.707643] (-) TimerEvent: {}
[3.807920] (-) TimerEvent: {}
[3.908243] (-) TimerEvent: {}
[4.008511] (-) TimerEvent: {}
[4.108737] (-) TimerEvent: {}
[4.209014] (-) TimerEvent: {}
[4.309279] (-) TimerEvent: {}
[4.409577] (-) TimerEvent: {}
[4.509868] (-) TimerEvent: {}
[4.610186] (-) TimerEvent: {}
[4.710556] (-) TimerEvent: {}
[4.810814] (-) TimerEvent: {}
[4.911055] (-) TimerEvent: {}
[5.011335] (-) TimerEvent: {}
[5.111599] (-) TimerEvent: {}
[5.171142] (joy_pack) StdoutLine: {'line': b'[100%] \x1b[32m\x1b[1mLinking CXX executable listener\x1b[0m\n'}
[5.211701] (-) TimerEvent: {}
[5.311944] (-) TimerEvent: {}
[5.412183] (-) TimerEvent: {}
[5.430833] (joy_pack) StdoutLine: {'line': b'[100%] Built target listener\n'}
[5.438783] (joy_pack) CommandEnded: {'returncode': 0}
[5.454009] (joy_pack) JobProgress: {'identifier': 'joy_pack', 'progress': 'install'}
[5.459113] (joy_pack) Command: {'cmd': ['/usr/bin/cmake', '--install', '/home/GTL/apaul/ros2_hw1/build/joy_pack'], 'cwd': '/home/GTL/apaul/ros2_hw1/build/joy_pack', 'env': OrderedDict([('USER', 'apaul'), ('XDG_SESSION_TYPE', 'x11'), ('SHLVL', '1'), ('LD_LIBRARY_PATH', '/usr/lib/x86_64-linux-gnu/gazebo-11/plugins:/opt/ros/humble/opt/rviz_ogre_vendor/lib:/opt/ros/humble/lib/x86_64-linux-gnu:/opt/ros/humble/lib'), ('HOME', '/home/GTL/apaul'), ('CYCLONEDDS_URI', '/cs-share/pradalier/gtlpc_cyclonedds.xml'), ('OLDPWD', '/home/GTL/apaul/ros2_hw1/src'), ('DESKTOP_SESSION', 'ubuntu'), ('ROS_PYTHON_VERSION', '3'), ('GNOME_SHELL_SESSION_MODE', 'ubuntu'), ('GTK_MODULES', 'gail:atk-bridge'), ('MANAGERPID', '475083'), ('SYSTEMD_EXEC_PID', '475526'), ('DBUS_SESSION_BUS_ADDRESS', 'unix:path=/run/user/37726/bus'), ('COLORTERM', 'truecolor'), ('TERMINATOR_DBUS_NAME', 'net.tenshu.Terminator23558193cd9818af7fe4d2c2f5bd9d00f'), ('GIO_LAUNCHED_DESKTOP_FILE_PID', '476146'), ('COLCON_PREFIX_PATH', '/home/GTL/apaul/ros2_hw1/install'), ('ROS_DISTRO', 'humble'), ('GTK_IM_MODULE', 'ibus'), ('LOGNAME', 'apaul'), ('JOURNAL_STREAM', '8:1046791'), ('_', '/usr/bin/colcon'), ('ROS_VERSION', '2'), ('XDG_SESSION_CLASS', 'user'), ('USERNAME', 'apaul'), ('TERM', 'xterm-256color'), ('GNOME_DESKTOP_SESSION_ID', 'this-is-deprecated'), ('ROS_LOCALHOST_ONLY', '0'), ('WINDOWPATH', '2'), ('PATH', '/opt/ros/humble/bin:/usr/local/sbin:/usr/local/bin:/usr/sbin:/usr/bin:/sbin:/bin:/usr/games:/usr/local/games:/snap/bin:/snap/bin'), ('SESSION_MANAGER', 'local/gtlpc106.georgiatech-metz.fr:@/tmp/.ICE-unix/475331,unix/gtlpc106.georgiatech-metz.fr:/tmp/.ICE-unix/475331'), ('INVOCATION_ID', '3fdb088795ea40f0a91da07674d3b41e'), ('XDG_MENU_PREFIX', 'gnome-'), ('XDG_RUNTIME_DIR', '/run/user/37726'), ('DISPLAY', ':1'), ('TERMINATOR_DBUS_PATH', '/net/tenshu/Terminator2'), ('LANG', 'en_US.UTF-8'), ('XDG_CURRENT_DESKTOP', 'ubuntu:GNOME'), ('IBUS_DISABLE_SNOOPER', '1'), ('RMW_IMPLEMENTATION', 'rmw_cyclonedds_cpp'), ('XMODIFIERS', '@im=ibus'), ('XDG_SESSION_DESKTOP', 'ubuntu'), ('XAUTHORITY', '/run/user/37726/gdm/Xauthority'), ('SSH_AGENT_LAUNCHER', 'gnome-keyring'), ('SSH_AUTH_SOCK', '/run/user/37726/keyring/ssh'), ('ROS_DOMAIN_ID', '56'), ('AMENT_PREFIX_PATH', '/home/GTL/apaul/ros2_hw1/install/joy_pack:/opt/ros/humble'), ('SHELL', '/bin/bash'), ('TERMINATOR_UUID', 'urn:uuid:7fe1fe2d-3206-4189-bbf7-91ea4dee5b83'), ('KRB5CCNAME', 'FILE:/tmp/krb5cc_37726'), ('QT_ACCESSIBILITY', '1'), ('GDMSESSION', 'ubuntu'), ('GPG_AGENT_INFO', '/run/user/37726/gnupg/S.gpg-agent:0:1'), ('QT_IM_MODULE', 'ibus'), ('PWD', '/home/GTL/apaul/ros2_hw1/build/joy_pack'), ('XDG_CONFIG_DIRS', '/etc/xdg/xdg-ubuntu:/etc/xdg'), ('XDG_DATA_DIRS', '/usr/share/ubuntu:/usr/share/gnome:/usr/local/share/:/usr/share/:/var/lib/snapd/desktop'), ('PYTHONPATH', '/opt/ros/humble/lib/python3.10/site-packages:/opt/ros/humble/local/lib/python3.10/dist-packages'), ('COLCON', '1'), ('VTE_VERSION', '6800'), ('CMAKE_PREFIX_PATH', '/home/GTL/apaul/ros2_hw1/install/joy_pack:/opt/ros/humble')]), 'shell': False}
[5.464977] (joy_pack) StdoutLine: {'line': b'-- Install configuration: ""\n'}
[5.466639] (joy_pack) StdoutLine: {'line': b'-- Installing: /home/GTL/apaul/ros2_hw1/install/joy_pack/lib/joy_pack/listener\n'}
[5.502131] (joy_pack) StdoutLine: {'line': b'-- Set runtime path of "/home/GTL/apaul/ros2_hw1/install/joy_pack/lib/joy_pack/listener" to ""\n'}
[5.502377] (joy_pack) StdoutLine: {'line': b'-- Up-to-date: /home/GTL/apaul/ros2_hw1/install/joy_pack/share/ament_index/resource_index/package_run_dependencies/joy_pack\n'}
[5.503322] (joy_pack) StdoutLine: {'line': b'-- Up-to-date: /home/GTL/apaul/ros2_hw1/install/joy_pack/share/ament_index/resource_index/parent_prefix_path/joy_pack\n'}
[5.504191] (joy_pack) StdoutLine: {'line': b'-- Up-to-date: /home/GTL/apaul/ros2_hw1/install/joy_pack/share/joy_pack/environment/ament_prefix_path.sh\n'}
[5.505089] (joy_pack) StdoutLine: {'line': b'-- Up-to-date: /home/GTL/apaul/ros2_hw1/install/joy_pack/share/joy_pack/environment/ament_prefix_path.dsv\n'}
[5.505576] (joy_pack) StdoutLine: {'line': b'-- Up-to-date: /home/GTL/apaul/ros2_hw1/install/joy_pack/share/joy_pack/environment/path.sh\n'}
[5.506550] (joy_pack) StdoutLine: {'line': b'-- Up-to-date: /home/GTL/apaul/ros2_hw1/install/joy_pack/share/joy_pack/environment/path.dsv\n'}
[5.506944] (joy_pack) StdoutLine: {'line': b'-- Up-to-date: /home/GTL/apaul/ros2_hw1/install/joy_pack/share/joy_pack/local_setup.bash\n'}
[5.507689] (joy_pack) StdoutLine: {'line': b'-- Up-to-date: /home/GTL/apaul/ros2_hw1/install/joy_pack/share/joy_pack/local_setup.sh\n'}
[5.508140] (joy_pack) StdoutLine: {'line': b'-- Up-to-date: /home/GTL/apaul/ros2_hw1/install/joy_pack/share/joy_pack/local_setup.zsh\n'}
[5.509021] (joy_pack) StdoutLine: {'line': b'-- Up-to-date: /home/GTL/apaul/ros2_hw1/install/joy_pack/share/joy_pack/local_setup.dsv\n'}
[5.509792] (joy_pack) StdoutLine: {'line': b'-- Installing: /home/GTL/apaul/ros2_hw1/install/joy_pack/share/joy_pack/package.dsv\n'}
[5.512252] (-) TimerEvent: {}
[5.514089] (joy_pack) StdoutLine: {'line': b'-- Up-to-date: /home/GTL/apaul/ros2_hw1/install/joy_pack/share/ament_index/resource_index/packages/joy_pack\n'}
[5.514968] (joy_pack) StdoutLine: {'line': b'-- Up-to-date: /home/GTL/apaul/ros2_hw1/install/joy_pack/share/joy_pack/cmake/joy_packConfig.cmake\n'}
[5.515405] (joy_pack) StdoutLine: {'line': b'-- Up-to-date: /home/GTL/apaul/ros2_hw1/install/joy_pack/share/joy_pack/cmake/joy_packConfig-version.cmake\n'}
[5.516286] (joy_pack) StdoutLine: {'line': b'-- Up-to-date: /home/GTL/apaul/ros2_hw1/install/joy_pack/share/joy_pack/package.xml\n'}
[5.518734] (joy_pack) CommandEnded: {'returncode': 0}
[5.578549] (joy_pack) JobEnded: {'identifier': 'joy_pack', 'rc': 0}
[5.579994] (-) EventReactorShutdown: {}
