[2.168s] Invoking command in '/home/GTL/apaul/ros2_hw1/build/vrep4_helpers': CMAKE_PREFIX_PATH=/opt/ros/humble /usr/bin/cmake --build /home/GTL/apaul/ros2_hw1/build/vrep4_helpers -- -j16 -l16
[3.055s] [ 75%] Built target clock_repeat
[3.069s] [100%] Built target image_flip
[3.102s] Invoked command in '/home/GTL/apaul/ros2_hw1/build/vrep4_helpers' returned '0': CMAKE_PREFIX_PATH=/opt/ros/humble /usr/bin/cmake --build /home/GTL/apaul/ros2_hw1/build/vrep4_helpers -- -j16 -l16
[3.166s] Invoking command in '/home/GTL/apaul/ros2_hw1/build/vrep4_helpers': CMAKE_PREFIX_PATH=/opt/ros/humble /usr/bin/cmake --install /home/GTL/apaul/ros2_hw1/build/vrep4_helpers
[3.189s] -- Install configuration: ""
[3.219s] -- Up-to-date: /home/GTL/apaul/ros2_hw1/install/vrep4_helpers/lib/vrep4_helpers/image_flip
[3.254s] -- Up-to-date: /home/GTL/apaul/ros2_hw1/install/vrep4_helpers/lib/vrep4_helpers/clock_repeat
[3.255s] -- Up-to-date: /home/GTL/apaul/ros2_hw1/install/vrep4_helpers/share/vrep4_helpers
[3.265s] -- Up-to-date: /home/GTL/apaul/ros2_hw1/install/vrep4_helpers/share/vrep4_helpers/kinect_pc.launch.py
[3.266s] -- Up-to-date: /home/GTL/apaul/ros2_hw1/install/vrep4_helpers/share/vrep4_helpers/kinect_pc_min.launch.py
[3.266s] -- Up-to-date: /home/GTL/apaul/ros2_hw1/install/vrep4_helpers/share/vrep4_helpers/__pycache__
[3.298s] -- Up-to-date: /home/GTL/apaul/ros2_hw1/install/vrep4_helpers/share/vrep4_helpers/__pycache__/kinect_pc_min.launch.cpython-310.pyc
[3.300s] -- Up-to-date: /home/GTL/apaul/ros2_hw1/install/vrep4_helpers/share/ament_index/resource_index/package_run_dependencies/vrep4_helpers
[3.348s] -- Up-to-date: /home/GTL/apaul/ros2_hw1/install/vrep4_helpers/share/ament_index/resource_index/parent_prefix_path/vrep4_helpers
[3.348s] -- Up-to-date: /home/GTL/apaul/ros2_hw1/install/vrep4_helpers/share/vrep4_helpers/environment/ament_prefix_path.sh
[3.349s] -- Up-to-date: /home/GTL/apaul/ros2_hw1/install/vrep4_helpers/share/vrep4_helpers/environment/ament_prefix_path.dsv
[3.349s] -- Up-to-date: /home/GTL/apaul/ros2_hw1/install/vrep4_helpers/share/vrep4_helpers/environment/path.sh
[3.351s] -- Up-to-date: /home/GTL/apaul/ros2_hw1/install/vrep4_helpers/share/vrep4_helpers/environment/path.dsv
[3.351s] -- Up-to-date: /home/GTL/apaul/ros2_hw1/install/vrep4_helpers/share/vrep4_helpers/local_setup.bash
[3.352s] -- Up-to-date: /home/GTL/apaul/ros2_hw1/install/vrep4_helpers/share/vrep4_helpers/local_setup.sh
[3.352s] -- Up-to-date: /home/GTL/apaul/ros2_hw1/install/vrep4_helpers/share/vrep4_helpers/local_setup.zsh
[3.354s] -- Up-to-date: /home/GTL/apaul/ros2_hw1/install/vrep4_helpers/share/vrep4_helpers/local_setup.dsv
[3.355s] -- Installing: /home/GTL/apaul/ros2_hw1/install/vrep4_helpers/share/vrep4_helpers/package.dsv
[3.377s] -- Up-to-date: /home/GTL/apaul/ros2_hw1/install/vrep4_helpers/share/ament_index/resource_index/packages/vrep4_helpers
[3.382s] -- Up-to-date: /home/GTL/apaul/ros2_hw1/install/vrep4_helpers/share/vrep4_helpers/cmake/vrep4_helpersConfig.cmake
[3.382s] -- Up-to-date: /home/GTL/apaul/ros2_hw1/install/vrep4_helpers/share/vrep4_helpers/cmake/vrep4_helpersConfig-version.cmake
[3.383s] -- Up-to-date: /home/GTL/apaul/ros2_hw1/install/vrep4_helpers/share/vrep4_helpers/package.xml
[3.387s] Invoked command in '/home/GTL/apaul/ros2_hw1/build/vrep4_helpers' returned '0': CMAKE_PREFIX_PATH=/opt/ros/humble /usr/bin/cmake --install /home/GTL/apaul/ros2_hw1/build/vrep4_helpers
