[1.647s] Invoking command in '/home/GTL/apaul/ros2_hw1/src/vrep_ros_teleop': PYTHONPATH=/home/GTL/apaul/ros2_hw1/build/vrep_ros_teleop/prefix_override:/usr/lib/python3/dist-packages/colcon_core/task/python/colcon_distutils_commands:/home/GTL/apaul/ros2_hw1/install/vrep_ros_teleop/lib/python3.10/site-packages:${PYTHONPATH} /usr/bin/python3 -W ignore:setup.py install is deprecated setup.py egg_info --egg-base ../../build/vrep_ros_teleop build --build-base /home/GTL/apaul/ros2_hw1/build/vrep_ros_teleop/build install --record /home/GTL/apaul/ros2_hw1/build/vrep_ros_teleop/install.log --single-version-externally-managed install_data
[1.815s] running egg_info
[1.816s] writing ../../build/vrep_ros_teleop/vrep_ros_teleop.egg-info/PKG-INFO
[1.816s] writing dependency_links to ../../build/vrep_ros_teleop/vrep_ros_teleop.egg-info/dependency_links.txt
[1.817s] writing entry points to ../../build/vrep_ros_teleop/vrep_ros_teleop.egg-info/entry_points.txt
[1.818s] writing requirements to ../../build/vrep_ros_teleop/vrep_ros_teleop.egg-info/requires.txt
[1.819s] writing top-level names to ../../build/vrep_ros_teleop/vrep_ros_teleop.egg-info/top_level.txt
[1.823s] reading manifest file '../../build/vrep_ros_teleop/vrep_ros_teleop.egg-info/SOURCES.txt'
[1.825s] writing manifest file '../../build/vrep_ros_teleop/vrep_ros_teleop.egg-info/SOURCES.txt'
[1.826s] running build
[1.826s] running build_py
[1.826s] running install
[1.827s] running install_lib
[1.828s] running install_data
[1.829s] running install_egg_info
[1.830s] removing '/home/GTL/apaul/ros2_hw1/install/vrep_ros_teleop/lib/python3.10/site-packages/vrep_ros_teleop-0.0.0-py3.10.egg-info' (and everything under it)
[1.833s] Copying ../../build/vrep_ros_teleop/vrep_ros_teleop.egg-info to /home/GTL/apaul/ros2_hw1/install/vrep_ros_teleop/lib/python3.10/site-packages/vrep_ros_teleop-0.0.0-py3.10.egg-info
[1.857s] running install_scripts
[1.874s] Installing teleop_mux_node script to /home/GTL/apaul/ros2_hw1/install/vrep_ros_teleop/lib/vrep_ros_teleop
[1.876s] Installing teleop_node script to /home/GTL/apaul/ros2_hw1/install/vrep_ros_teleop/lib/vrep_ros_teleop
[1.878s] writing list of installed files to '/home/GTL/apaul/ros2_hw1/build/vrep_ros_teleop/install.log'
[2.208s] Invoked command in '/home/GTL/apaul/ros2_hw1/src/vrep_ros_teleop' returned '0': PYTHONPATH=/home/GTL/apaul/ros2_hw1/build/vrep_ros_teleop/prefix_override:/usr/lib/python3/dist-packages/colcon_core/task/python/colcon_distutils_commands:/home/GTL/apaul/ros2_hw1/install/vrep_ros_teleop/lib/python3.10/site-packages:${PYTHONPATH} /usr/bin/python3 -W ignore:setup.py install is deprecated setup.py egg_info --egg-base ../../build/vrep_ros_teleop build --build-base /home/GTL/apaul/ros2_hw1/build/vrep_ros_teleop/build install --record /home/GTL/apaul/ros2_hw1/build/vrep_ros_teleop/install.log --single-version-externally-managed install_data
