[0.054s] Invoking command in '/home/GTL/apaul/ros2_hw1/build/obstacle_avoidance_base': CMAKE_PREFIX_PATH=/opt/ros/humble /usr/bin/cmake --build /home/GTL/apaul/ros2_hw1/build/obstacle_avoidance_base -- -j16 -l16
[0.087s] [35m[1mConsolidate compiler generated dependencies of target obstacle_avoidance_base[0m
[0.388s] [ 50%] [32mBuilding CXX object CMakeFiles/obstacle_avoidance_base.dir/src/obstacle_avoidance.cpp.o[0m
[23.708s] [100%] [32m[1mLinking CXX executable obstacle_avoidance_base[0m
[25.105s] [100%] Built target obstacle_avoidance_base
[25.114s] Invoked command in '/home/GTL/apaul/ros2_hw1/build/obstacle_avoidance_base' returned '0': CMAKE_PREFIX_PATH=/opt/ros/humble /usr/bin/cmake --build /home/GTL/apaul/ros2_hw1/build/obstacle_avoidance_base -- -j16 -l16
[25.527s] Invoking command in '/home/GTL/apaul/ros2_hw1/build/obstacle_avoidance_base': CMAKE_PREFIX_PATH=/opt/ros/humble /usr/bin/cmake --install /home/GTL/apaul/ros2_hw1/build/obstacle_avoidance_base
[25.531s] -- Install configuration: ""
[25.533s] -- Installing: /home/GTL/apaul/ros2_hw1/install/obstacle_avoidance_base/lib/obstacle_avoidance_base/obstacle_avoidance_base
[25.777s] -- Set runtime path of "/home/GTL/apaul/ros2_hw1/install/obstacle_avoidance_base/lib/obstacle_avoidance_base/obstacle_avoidance_base" to ""
[25.777s] -- Up-to-date: /home/GTL/apaul/ros2_hw1/install/obstacle_avoidance_base/share/obstacle_avoidance_base
[25.778s] -- Up-to-date: /home/GTL/apaul/ros2_hw1/install/obstacle_avoidance_base/share/obstacle_avoidance_base/teleop_mux_planner_oa.launch.py
[25.778s] -- Up-to-date: /home/GTL/apaul/ros2_hw1/install/obstacle_avoidance_base/share/obstacle_avoidance_base/teleop_mux_oa.launch.py
[25.779s] -- Up-to-date: /home/GTL/apaul/ros2_hw1/install/obstacle_avoidance_base/share/ament_index/resource_index/package_run_dependencies/obstacle_avoidance_base
[25.779s] -- Up-to-date: /home/GTL/apaul/ros2_hw1/install/obstacle_avoidance_base/share/ament_index/resource_index/parent_prefix_path/obstacle_avoidance_base
[25.779s] -- Up-to-date: /home/GTL/apaul/ros2_hw1/install/obstacle_avoidance_base/share/obstacle_avoidance_base/environment/ament_prefix_path.sh
[25.780s] -- Up-to-date: /home/GTL/apaul/ros2_hw1/install/obstacle_avoidance_base/share/obstacle_avoidance_base/environment/ament_prefix_path.dsv
[25.780s] -- Up-to-date: /home/GTL/apaul/ros2_hw1/install/obstacle_avoidance_base/share/obstacle_avoidance_base/environment/path.sh
[25.780s] -- Up-to-date: /home/GTL/apaul/ros2_hw1/install/obstacle_avoidance_base/share/obstacle_avoidance_base/environment/path.dsv
[25.781s] -- Up-to-date: /home/GTL/apaul/ros2_hw1/install/obstacle_avoidance_base/share/obstacle_avoidance_base/local_setup.bash
[25.781s] -- Up-to-date: /home/GTL/apaul/ros2_hw1/install/obstacle_avoidance_base/share/obstacle_avoidance_base/local_setup.sh
[25.781s] -- Up-to-date: /home/GTL/apaul/ros2_hw1/install/obstacle_avoidance_base/share/obstacle_avoidance_base/local_setup.zsh
[25.782s] -- Up-to-date: /home/GTL/apaul/ros2_hw1/install/obstacle_avoidance_base/share/obstacle_avoidance_base/local_setup.dsv
[25.782s] -- Installing: /home/GTL/apaul/ros2_hw1/install/obstacle_avoidance_base/share/obstacle_avoidance_base/package.dsv
[25.787s] -- Up-to-date: /home/GTL/apaul/ros2_hw1/install/obstacle_avoidance_base/share/ament_index/resource_index/packages/obstacle_avoidance_base
[25.787s] -- Up-to-date: /home/GTL/apaul/ros2_hw1/install/obstacle_avoidance_base/share/obstacle_avoidance_base/cmake/obstacle_avoidance_baseConfig.cmake
[25.787s] -- Up-to-date: /home/GTL/apaul/ros2_hw1/install/obstacle_avoidance_base/share/obstacle_avoidance_base/cmake/obstacle_avoidance_baseConfig-version.cmake
[25.788s] -- Up-to-date: /home/GTL/apaul/ros2_hw1/install/obstacle_avoidance_base/share/obstacle_avoidance_base/package.xml
[25.790s] Invoked command in '/home/GTL/apaul/ros2_hw1/build/obstacle_avoidance_base' returned '0': CMAKE_PREFIX_PATH=/opt/ros/humble /usr/bin/cmake --install /home/GTL/apaul/ros2_hw1/build/obstacle_avoidance_base
