[0.519s] Invoking command in '/home/GTL/apaul/ros2_hw1/build/wpa_cli_msgs': CMAKE_PREFIX_PATH=/opt/ros/humble /usr/bin/cmake --build /home/GTL/apaul/ros2_hw1/build/wpa_cli_msgs -- -j16 -l16
[0.971s] [  2%] Built target wpa_cli_msgs__cpp
[0.975s] [ 12%] Built target wpa_cli_msgs__rosidl_generator_c
[0.975s] [ 51%] Built target wpa_cli_msgs__rosidl_typesupport_cpp
[0.975s] [ 51%] Built target wpa_cli_msgs__rosidl_typesupport_introspection_cpp
[0.975s] [ 51%] Built target wpa_cli_msgs__rosidl_typesupport_fastrtps_cpp
[0.975s] [ 74%] Built target wpa_cli_msgs__rosidl_typesupport_c
[0.975s] [ 74%] Built target wpa_cli_msgs__rosidl_typesupport_introspection_c
[0.975s] [ 74%] Built target wpa_cli_msgs__rosidl_typesupport_fastrtps_c
[0.975s] [ 74%] Built target ament_cmake_python_copy_wpa_cli_msgs
[0.975s] [ 74%] Built target wpa_cli_msgs
[0.975s] [ 76%] Built target wpa_cli_msgs__py
[0.975s] [ 84%] Built target wpa_cli_msgs__rosidl_generator_py
[0.975s] [ 97%] Built target wpa_cli_msgs__rosidl_typesupport_introspection_c__pyext
[0.975s] [ 97%] Built target wpa_cli_msgs__rosidl_typesupport_c__pyext
[0.975s] [100%] Built target wpa_cli_msgs__rosidl_typesupport_fastrtps_c__pyext
[0.975s] running egg_info
[0.975s] writing wpa_cli_msgs.egg-info/PKG-INFO
[0.975s] writing dependency_links to wpa_cli_msgs.egg-info/dependency_links.txt
[0.976s] writing top-level names to wpa_cli_msgs.egg-info/top_level.txt
[0.976s] reading manifest file 'wpa_cli_msgs.egg-info/SOURCES.txt'
[0.976s] writing manifest file 'wpa_cli_msgs.egg-info/SOURCES.txt'
[0.976s] [100%] Built target ament_cmake_python_build_wpa_cli_msgs_egg
[1.171s] Invoked command in '/home/GTL/apaul/ros2_hw1/build/wpa_cli_msgs' returned '0': CMAKE_PREFIX_PATH=/opt/ros/humble /usr/bin/cmake --build /home/GTL/apaul/ros2_hw1/build/wpa_cli_msgs -- -j16 -l16
[1.265s] Invoking command in '/home/GTL/apaul/ros2_hw1/build/wpa_cli_msgs': CMAKE_PREFIX_PATH=/opt/ros/humble /usr/bin/cmake --install /home/GTL/apaul/ros2_hw1/build/wpa_cli_msgs
[1.274s] -- Install configuration: ""
[1.274s] -- Up-to-date: /home/GTL/apaul/ros2_hw1/install/wpa_cli_msgs/share/ament_index/resource_index/rosidl_interfaces/wpa_cli_msgs
[1.275s] -- Up-to-date: /home/GTL/apaul/ros2_hw1/install/wpa_cli_msgs/include/wpa_cli_msgs/wpa_cli_msgs
[1.275s] -- Up-to-date: /home/GTL/apaul/ros2_hw1/install/wpa_cli_msgs/include/wpa_cli_msgs/wpa_cli_msgs/msg
[1.276s] -- Up-to-date: /home/GTL/apaul/ros2_hw1/install/wpa_cli_msgs/include/wpa_cli_msgs/wpa_cli_msgs/msg/detail
[1.276s] -- Up-to-date: /home/GTL/apaul/ros2_hw1/install/wpa_cli_msgs/include/wpa_cli_msgs/wpa_cli_msgs/msg/detail/network__functions.h
[1.276s] -- Up-to-date: /home/GTL/apaul/ros2_hw1/install/wpa_cli_msgs/include/wpa_cli_msgs/wpa_cli_msgs/msg/detail/network__type_support.h
[1.276s] -- Up-to-date: /home/GTL/apaul/ros2_hw1/install/wpa_cli_msgs/include/wpa_cli_msgs/wpa_cli_msgs/msg/detail/scan__struct.h
[1.276s] -- Up-to-date: /home/GTL/apaul/ros2_hw1/install/wpa_cli_msgs/include/wpa_cli_msgs/wpa_cli_msgs/msg/detail/scan__type_support.h
[1.277s] -- Up-to-date: /home/GTL/apaul/ros2_hw1/install/wpa_cli_msgs/include/wpa_cli_msgs/wpa_cli_msgs/msg/detail/scan__functions.c
[1.277s] -- Up-to-date: /home/GTL/apaul/ros2_hw1/install/wpa_cli_msgs/include/wpa_cli_msgs/wpa_cli_msgs/msg/detail/scan__functions.h
[1.277s] -- Up-to-date: /home/GTL/apaul/ros2_hw1/install/wpa_cli_msgs/include/wpa_cli_msgs/wpa_cli_msgs/msg/detail/network__functions.c
[1.277s] -- Up-to-date: /home/GTL/apaul/ros2_hw1/install/wpa_cli_msgs/include/wpa_cli_msgs/wpa_cli_msgs/msg/detail/network__struct.h
[1.277s] -- Up-to-date: /home/GTL/apaul/ros2_hw1/install/wpa_cli_msgs/include/wpa_cli_msgs/wpa_cli_msgs/msg/rosidl_generator_c__visibility_control.h
[1.277s] -- Up-to-date: /home/GTL/apaul/ros2_hw1/install/wpa_cli_msgs/include/wpa_cli_msgs/wpa_cli_msgs/msg/scan.h
[1.278s] -- Up-to-date: /home/GTL/apaul/ros2_hw1/install/wpa_cli_msgs/include/wpa_cli_msgs/wpa_cli_msgs/msg/network.h
[1.278s] -- Up-to-date: /home/GTL/apaul/ros2_hw1/install/wpa_cli_msgs/share/wpa_cli_msgs/environment/library_path.sh
[1.278s] -- Up-to-date: /home/GTL/apaul/ros2_hw1/install/wpa_cli_msgs/share/wpa_cli_msgs/environment/library_path.dsv
[1.278s] -- Up-to-date: /home/GTL/apaul/ros2_hw1/install/wpa_cli_msgs/lib/libwpa_cli_msgs__rosidl_generator_c.so
[1.281s] -- Up-to-date: /home/GTL/apaul/ros2_hw1/install/wpa_cli_msgs/include/wpa_cli_msgs/wpa_cli_msgs
[1.282s] -- Up-to-date: /home/GTL/apaul/ros2_hw1/install/wpa_cli_msgs/include/wpa_cli_msgs/wpa_cli_msgs/msg
[1.282s] -- Up-to-date: /home/GTL/apaul/ros2_hw1/install/wpa_cli_msgs/include/wpa_cli_msgs/wpa_cli_msgs/msg/detail
[1.283s] -- Up-to-date: /home/GTL/apaul/ros2_hw1/install/wpa_cli_msgs/include/wpa_cli_msgs/wpa_cli_msgs/msg/detail/network__rosidl_typesupport_fastrtps_c.h
[1.283s] -- Up-to-date: /home/GTL/apaul/ros2_hw1/install/wpa_cli_msgs/include/wpa_cli_msgs/wpa_cli_msgs/msg/detail/scan__rosidl_typesupport_fastrtps_c.h
[1.284s] -- Up-to-date: /home/GTL/apaul/ros2_hw1/install/wpa_cli_msgs/include/wpa_cli_msgs/wpa_cli_msgs/msg/rosidl_typesupport_fastrtps_c__visibility_control.h
[1.286s] -- Up-to-date: /home/GTL/apaul/ros2_hw1/install/wpa_cli_msgs/lib/libwpa_cli_msgs__rosidl_typesupport_fastrtps_c.so
[1.289s] -- Up-to-date: /home/GTL/apaul/ros2_hw1/install/wpa_cli_msgs/include/wpa_cli_msgs/wpa_cli_msgs
[1.290s] -- Up-to-date: /home/GTL/apaul/ros2_hw1/install/wpa_cli_msgs/include/wpa_cli_msgs/wpa_cli_msgs/msg
[1.291s] -- Up-to-date: /home/GTL/apaul/ros2_hw1/install/wpa_cli_msgs/include/wpa_cli_msgs/wpa_cli_msgs/msg/detail
[1.291s] -- Up-to-date: /home/GTL/apaul/ros2_hw1/install/wpa_cli_msgs/include/wpa_cli_msgs/wpa_cli_msgs/msg/detail/scan__builder.hpp
[1.291s] -- Up-to-date: /home/GTL/apaul/ros2_hw1/install/wpa_cli_msgs/include/wpa_cli_msgs/wpa_cli_msgs/msg/detail/scan__struct.hpp
[1.292s] -- Up-to-date: /home/GTL/apaul/ros2_hw1/install/wpa_cli_msgs/include/wpa_cli_msgs/wpa_cli_msgs/msg/detail/network__traits.hpp
[1.292s] -- Up-to-date: /home/GTL/apaul/ros2_hw1/install/wpa_cli_msgs/include/wpa_cli_msgs/wpa_cli_msgs/msg/detail/network__struct.hpp
[1.293s] -- Up-to-date: /home/GTL/apaul/ros2_hw1/install/wpa_cli_msgs/include/wpa_cli_msgs/wpa_cli_msgs/msg/detail/network__builder.hpp
[1.293s] -- Up-to-date: /home/GTL/apaul/ros2_hw1/install/wpa_cli_msgs/include/wpa_cli_msgs/wpa_cli_msgs/msg/detail/scan__traits.hpp
[1.293s] -- Up-to-date: /home/GTL/apaul/ros2_hw1/install/wpa_cli_msgs/include/wpa_cli_msgs/wpa_cli_msgs/msg/scan.hpp
[1.294s] -- Up-to-date: /home/GTL/apaul/ros2_hw1/install/wpa_cli_msgs/include/wpa_cli_msgs/wpa_cli_msgs/msg/network.hpp
[1.294s] -- Up-to-date: /home/GTL/apaul/ros2_hw1/install/wpa_cli_msgs/include/wpa_cli_msgs/wpa_cli_msgs
[1.295s] -- Up-to-date: /home/GTL/apaul/ros2_hw1/install/wpa_cli_msgs/include/wpa_cli_msgs/wpa_cli_msgs/msg
[1.296s] -- Up-to-date: /home/GTL/apaul/ros2_hw1/install/wpa_cli_msgs/include/wpa_cli_msgs/wpa_cli_msgs/msg/detail
[1.297s] -- Up-to-date: /home/GTL/apaul/ros2_hw1/install/wpa_cli_msgs/include/wpa_cli_msgs/wpa_cli_msgs/msg/detail/scan__rosidl_typesupport_fastrtps_cpp.hpp
[1.297s] -- Up-to-date: /home/GTL/apaul/ros2_hw1/install/wpa_cli_msgs/include/wpa_cli_msgs/wpa_cli_msgs/msg/detail/dds_fastrtps
[1.298s] -- Up-to-date: /home/GTL/apaul/ros2_hw1/install/wpa_cli_msgs/include/wpa_cli_msgs/wpa_cli_msgs/msg/detail/network__rosidl_typesupport_fastrtps_cpp.hpp
[1.298s] -- Up-to-date: /home/GTL/apaul/ros2_hw1/install/wpa_cli_msgs/include/wpa_cli_msgs/wpa_cli_msgs/msg/rosidl_typesupport_fastrtps_cpp__visibility_control.h
[1.300s] -- Up-to-date: /home/GTL/apaul/ros2_hw1/install/wpa_cli_msgs/lib/libwpa_cli_msgs__rosidl_typesupport_fastrtps_cpp.so
[1.302s] -- Up-to-date: /home/GTL/apaul/ros2_hw1/install/wpa_cli_msgs/include/wpa_cli_msgs/wpa_cli_msgs
[1.304s] -- Up-to-date: /home/GTL/apaul/ros2_hw1/install/wpa_cli_msgs/include/wpa_cli_msgs/wpa_cli_msgs/msg
[1.304s] -- Up-to-date: /home/GTL/apaul/ros2_hw1/install/wpa_cli_msgs/include/wpa_cli_msgs/wpa_cli_msgs/msg/detail
[1.305s] -- Up-to-date: /home/GTL/apaul/ros2_hw1/install/wpa_cli_msgs/include/wpa_cli_msgs/wpa_cli_msgs/msg/detail/network__rosidl_typesupport_introspection_c.h
[1.305s] -- Up-to-date: /home/GTL/apaul/ros2_hw1/install/wpa_cli_msgs/include/wpa_cli_msgs/wpa_cli_msgs/msg/detail/scan__type_support.c
[1.305s] -- Up-to-date: /home/GTL/apaul/ros2_hw1/install/wpa_cli_msgs/include/wpa_cli_msgs/wpa_cli_msgs/msg/detail/network__type_support.c
[1.306s] -- Up-to-date: /home/GTL/apaul/ros2_hw1/install/wpa_cli_msgs/include/wpa_cli_msgs/wpa_cli_msgs/msg/detail/scan__rosidl_typesupport_introspection_c.h
[1.306s] -- Up-to-date: /home/GTL/apaul/ros2_hw1/install/wpa_cli_msgs/include/wpa_cli_msgs/wpa_cli_msgs/msg/rosidl_typesupport_introspection_c__visibility_control.h
[1.309s] -- Up-to-date: /home/GTL/apaul/ros2_hw1/install/wpa_cli_msgs/lib/libwpa_cli_msgs__rosidl_typesupport_introspection_c.so
[1.312s] -- Up-to-date: /home/GTL/apaul/ros2_hw1/install/wpa_cli_msgs/lib/libwpa_cli_msgs__rosidl_typesupport_c.so
[1.327s] -- Up-to-date: /home/GTL/apaul/ros2_hw1/install/wpa_cli_msgs/include/wpa_cli_msgs/wpa_cli_msgs
[1.328s] -- Up-to-date: /home/GTL/apaul/ros2_hw1/install/wpa_cli_msgs/include/wpa_cli_msgs/wpa_cli_msgs/msg
[1.328s] -- Up-to-date: /home/GTL/apaul/ros2_hw1/install/wpa_cli_msgs/include/wpa_cli_msgs/wpa_cli_msgs/msg/detail
[1.328s] -- Up-to-date: /home/GTL/apaul/ros2_hw1/install/wpa_cli_msgs/include/wpa_cli_msgs/wpa_cli_msgs/msg/detail/network__rosidl_typesupport_introspection_cpp.hpp
[1.328s] -- Up-to-date: /home/GTL/apaul/ros2_hw1/install/wpa_cli_msgs/include/wpa_cli_msgs/wpa_cli_msgs/msg/detail/scan__rosidl_typesupport_introspection_cpp.hpp
[1.328s] -- Up-to-date: /home/GTL/apaul/ros2_hw1/install/wpa_cli_msgs/include/wpa_cli_msgs/wpa_cli_msgs/msg/detail/network__type_support.cpp
[1.328s] -- Up-to-date: /home/GTL/apaul/ros2_hw1/install/wpa_cli_msgs/include/wpa_cli_msgs/wpa_cli_msgs/msg/detail/scan__type_support.cpp
[1.328s] -- Up-to-date: /home/GTL/apaul/ros2_hw1/install/wpa_cli_msgs/lib/libwpa_cli_msgs__rosidl_typesupport_introspection_cpp.so
[1.328s] -- Up-to-date: /home/GTL/apaul/ros2_hw1/install/wpa_cli_msgs/lib/libwpa_cli_msgs__rosidl_typesupport_cpp.so
[1.328s] -- Up-to-date: /home/GTL/apaul/ros2_hw1/install/wpa_cli_msgs/share/wpa_cli_msgs/environment/pythonpath.sh
[1.328s] -- Up-to-date: /home/GTL/apaul/ros2_hw1/install/wpa_cli_msgs/share/wpa_cli_msgs/environment/pythonpath.dsv
[1.328s] -- Up-to-date: /home/GTL/apaul/ros2_hw1/install/wpa_cli_msgs/local/lib/python3.10/dist-packages/wpa_cli_msgs-0.0.0-py3.10.egg-info
[1.328s] -- Installing: /home/GTL/apaul/ros2_hw1/install/wpa_cli_msgs/local/lib/python3.10/dist-packages/wpa_cli_msgs-0.0.0-py3.10.egg-info/dependency_links.txt
[1.334s] -- Installing: /home/GTL/apaul/ros2_hw1/install/wpa_cli_msgs/local/lib/python3.10/dist-packages/wpa_cli_msgs-0.0.0-py3.10.egg-info/top_level.txt
[1.340s] -- Installing: /home/GTL/apaul/ros2_hw1/install/wpa_cli_msgs/local/lib/python3.10/dist-packages/wpa_cli_msgs-0.0.0-py3.10.egg-info/PKG-INFO
[1.346s] -- Installing: /home/GTL/apaul/ros2_hw1/install/wpa_cli_msgs/local/lib/python3.10/dist-packages/wpa_cli_msgs-0.0.0-py3.10.egg-info/SOURCES.txt
[1.352s] -- Up-to-date: /home/GTL/apaul/ros2_hw1/install/wpa_cli_msgs/local/lib/python3.10/dist-packages/wpa_cli_msgs
[1.353s] -- Up-to-date: /home/GTL/apaul/ros2_hw1/install/wpa_cli_msgs/local/lib/python3.10/dist-packages/wpa_cli_msgs/wpa_cli_msgs_s__rosidl_typesupport_introspection_c.cpython-310-x86_64-linux-gnu.so
[1.353s] -- Up-to-date: /home/GTL/apaul/ros2_hw1/install/wpa_cli_msgs/local/lib/python3.10/dist-packages/wpa_cli_msgs/_wpa_cli_msgs_s.ep.rosidl_typesupport_introspection_c.c
[1.354s] -- Up-to-date: /home/GTL/apaul/ros2_hw1/install/wpa_cli_msgs/local/lib/python3.10/dist-packages/wpa_cli_msgs/msg
[1.355s] -- Up-to-date: /home/GTL/apaul/ros2_hw1/install/wpa_cli_msgs/local/lib/python3.10/dist-packages/wpa_cli_msgs/msg/_scan.py
[1.355s] -- Up-to-date: /home/GTL/apaul/ros2_hw1/install/wpa_cli_msgs/local/lib/python3.10/dist-packages/wpa_cli_msgs/msg/__init__.py
[1.356s] -- Up-to-date: /home/GTL/apaul/ros2_hw1/install/wpa_cli_msgs/local/lib/python3.10/dist-packages/wpa_cli_msgs/msg/_network_s.c
[1.356s] -- Up-to-date: /home/GTL/apaul/ros2_hw1/install/wpa_cli_msgs/local/lib/python3.10/dist-packages/wpa_cli_msgs/msg/_scan_s.c
[1.357s] -- Up-to-date: /home/GTL/apaul/ros2_hw1/install/wpa_cli_msgs/local/lib/python3.10/dist-packages/wpa_cli_msgs/msg/_network.py
[1.357s] -- Up-to-date: /home/GTL/apaul/ros2_hw1/install/wpa_cli_msgs/local/lib/python3.10/dist-packages/wpa_cli_msgs/_wpa_cli_msgs_s.ep.rosidl_typesupport_c.c
[1.357s] -- Up-to-date: /home/GTL/apaul/ros2_hw1/install/wpa_cli_msgs/local/lib/python3.10/dist-packages/wpa_cli_msgs/wpa_cli_msgs_s__rosidl_typesupport_fastrtps_c.cpython-310-x86_64-linux-gnu.so
[1.358s] -- Up-to-date: /home/GTL/apaul/ros2_hw1/install/wpa_cli_msgs/local/lib/python3.10/dist-packages/wpa_cli_msgs/libwpa_cli_msgs__rosidl_generator_py.so
[1.358s] -- Up-to-date: /home/GTL/apaul/ros2_hw1/install/wpa_cli_msgs/local/lib/python3.10/dist-packages/wpa_cli_msgs/_wpa_cli_msgs_s.ep.rosidl_typesupport_fastrtps_c.c
[1.358s] -- Up-to-date: /home/GTL/apaul/ros2_hw1/install/wpa_cli_msgs/local/lib/python3.10/dist-packages/wpa_cli_msgs/__init__.py
[1.359s] -- Up-to-date: /home/GTL/apaul/ros2_hw1/install/wpa_cli_msgs/local/lib/python3.10/dist-packages/wpa_cli_msgs/wpa_cli_msgs_s__rosidl_typesupport_c.cpython-310-x86_64-linux-gnu.so
[1.391s] Listing '/home/GTL/apaul/ros2_hw1/install/wpa_cli_msgs/local/lib/python3.10/dist-packages/wpa_cli_msgs'...
[1.391s] Listing '/home/GTL/apaul/ros2_hw1/install/wpa_cli_msgs/local/lib/python3.10/dist-packages/wpa_cli_msgs/msg'...
[1.404s] -- Up-to-date: /home/GTL/apaul/ros2_hw1/install/wpa_cli_msgs/local/lib/python3.10/dist-packages/wpa_cli_msgs/wpa_cli_msgs_s__rosidl_typesupport_fastrtps_c.cpython-310-x86_64-linux-gnu.so
[1.405s] -- Up-to-date: /home/GTL/apaul/ros2_hw1/install/wpa_cli_msgs/local/lib/python3.10/dist-packages/wpa_cli_msgs/wpa_cli_msgs_s__rosidl_typesupport_introspection_c.cpython-310-x86_64-linux-gnu.so
[1.408s] -- Up-to-date: /home/GTL/apaul/ros2_hw1/install/wpa_cli_msgs/local/lib/python3.10/dist-packages/wpa_cli_msgs/wpa_cli_msgs_s__rosidl_typesupport_c.cpython-310-x86_64-linux-gnu.so
[1.411s] -- Up-to-date: /home/GTL/apaul/ros2_hw1/install/wpa_cli_msgs/lib/libwpa_cli_msgs__rosidl_generator_py.so
[1.414s] -- Up-to-date: /home/GTL/apaul/ros2_hw1/install/wpa_cli_msgs/share/wpa_cli_msgs/msg/Network.idl
[1.414s] -- Up-to-date: /home/GTL/apaul/ros2_hw1/install/wpa_cli_msgs/share/wpa_cli_msgs/msg/Scan.idl
[1.415s] -- Up-to-date: /home/GTL/apaul/ros2_hw1/install/wpa_cli_msgs/share/wpa_cli_msgs/msg/Network.msg
[1.415s] -- Up-to-date: /home/GTL/apaul/ros2_hw1/install/wpa_cli_msgs/share/wpa_cli_msgs/msg/Scan.msg
[1.416s] -- Up-to-date: /home/GTL/apaul/ros2_hw1/install/wpa_cli_msgs/share/ament_index/resource_index/package_run_dependencies/wpa_cli_msgs
[1.416s] -- Up-to-date: /home/GTL/apaul/ros2_hw1/install/wpa_cli_msgs/share/ament_index/resource_index/parent_prefix_path/wpa_cli_msgs
[1.417s] -- Up-to-date: /home/GTL/apaul/ros2_hw1/install/wpa_cli_msgs/share/wpa_cli_msgs/environment/ament_prefix_path.sh
[1.418s] -- Up-to-date: /home/GTL/apaul/ros2_hw1/install/wpa_cli_msgs/share/wpa_cli_msgs/environment/ament_prefix_path.dsv
[1.418s] -- Up-to-date: /home/GTL/apaul/ros2_hw1/install/wpa_cli_msgs/share/wpa_cli_msgs/environment/path.sh
[1.419s] -- Up-to-date: /home/GTL/apaul/ros2_hw1/install/wpa_cli_msgs/share/wpa_cli_msgs/environment/path.dsv
[1.419s] -- Up-to-date: /home/GTL/apaul/ros2_hw1/install/wpa_cli_msgs/share/wpa_cli_msgs/local_setup.bash
[1.420s] -- Up-to-date: /home/GTL/apaul/ros2_hw1/install/wpa_cli_msgs/share/wpa_cli_msgs/local_setup.sh
[1.420s] -- Up-to-date: /home/GTL/apaul/ros2_hw1/install/wpa_cli_msgs/share/wpa_cli_msgs/local_setup.zsh
[1.421s] -- Up-to-date: /home/GTL/apaul/ros2_hw1/install/wpa_cli_msgs/share/wpa_cli_msgs/local_setup.dsv
[1.421s] -- Installing: /home/GTL/apaul/ros2_hw1/install/wpa_cli_msgs/share/wpa_cli_msgs/package.dsv
[1.427s] -- Up-to-date: /home/GTL/apaul/ros2_hw1/install/wpa_cli_msgs/share/ament_index/resource_index/packages/wpa_cli_msgs
[1.430s] -- Up-to-date: /home/GTL/apaul/ros2_hw1/install/wpa_cli_msgs/share/wpa_cli_msgs/cmake/export_wpa_cli_msgs__rosidl_generator_cExport.cmake
[1.430s] -- Up-to-date: /home/GTL/apaul/ros2_hw1/install/wpa_cli_msgs/share/wpa_cli_msgs/cmake/export_wpa_cli_msgs__rosidl_generator_cExport-noconfig.cmake
[1.432s] -- Up-to-date: /home/GTL/apaul/ros2_hw1/install/wpa_cli_msgs/share/wpa_cli_msgs/cmake/export_wpa_cli_msgs__rosidl_typesupport_fastrtps_cExport.cmake
[1.433s] -- Up-to-date: /home/GTL/apaul/ros2_hw1/install/wpa_cli_msgs/share/wpa_cli_msgs/cmake/export_wpa_cli_msgs__rosidl_typesupport_fastrtps_cExport-noconfig.cmake
[1.439s] -- Up-to-date: /home/GTL/apaul/ros2_hw1/install/wpa_cli_msgs/share/wpa_cli_msgs/cmake/export_wpa_cli_msgs__rosidl_generator_cppExport.cmake
[1.439s] -- Up-to-date: /home/GTL/apaul/ros2_hw1/install/wpa_cli_msgs/share/wpa_cli_msgs/cmake/export_wpa_cli_msgs__rosidl_typesupport_fastrtps_cppExport.cmake
[1.439s] -- Up-to-date: /home/GTL/apaul/ros2_hw1/install/wpa_cli_msgs/share/wpa_cli_msgs/cmake/export_wpa_cli_msgs__rosidl_typesupport_fastrtps_cppExport-noconfig.cmake
[1.440s] -- Up-to-date: /home/GTL/apaul/ros2_hw1/install/wpa_cli_msgs/share/wpa_cli_msgs/cmake/wpa_cli_msgs__rosidl_typesupport_introspection_cExport.cmake
[1.440s] -- Up-to-date: /home/GTL/apaul/ros2_hw1/install/wpa_cli_msgs/share/wpa_cli_msgs/cmake/wpa_cli_msgs__rosidl_typesupport_introspection_cExport-noconfig.cmake
[1.441s] -- Up-to-date: /home/GTL/apaul/ros2_hw1/install/wpa_cli_msgs/share/wpa_cli_msgs/cmake/wpa_cli_msgs__rosidl_typesupport_cExport.cmake
[1.441s] -- Up-to-date: /home/GTL/apaul/ros2_hw1/install/wpa_cli_msgs/share/wpa_cli_msgs/cmake/wpa_cli_msgs__rosidl_typesupport_cExport-noconfig.cmake
[1.443s] -- Up-to-date: /home/GTL/apaul/ros2_hw1/install/wpa_cli_msgs/share/wpa_cli_msgs/cmake/wpa_cli_msgs__rosidl_typesupport_introspection_cppExport.cmake
[1.443s] -- Up-to-date: /home/GTL/apaul/ros2_hw1/install/wpa_cli_msgs/share/wpa_cli_msgs/cmake/wpa_cli_msgs__rosidl_typesupport_introspection_cppExport-noconfig.cmake
[1.445s] -- Up-to-date: /home/GTL/apaul/ros2_hw1/install/wpa_cli_msgs/share/wpa_cli_msgs/cmake/wpa_cli_msgs__rosidl_typesupport_cppExport.cmake
[1.446s] -- Up-to-date: /home/GTL/apaul/ros2_hw1/install/wpa_cli_msgs/share/wpa_cli_msgs/cmake/wpa_cli_msgs__rosidl_typesupport_cppExport-noconfig.cmake
[1.448s] -- Up-to-date: /home/GTL/apaul/ros2_hw1/install/wpa_cli_msgs/share/wpa_cli_msgs/cmake/export_wpa_cli_msgs__rosidl_generator_pyExport.cmake
[1.449s] -- Up-to-date: /home/GTL/apaul/ros2_hw1/install/wpa_cli_msgs/share/wpa_cli_msgs/cmake/export_wpa_cli_msgs__rosidl_generator_pyExport-noconfig.cmake
[1.449s] -- Up-to-date: /home/GTL/apaul/ros2_hw1/install/wpa_cli_msgs/share/wpa_cli_msgs/cmake/rosidl_cmake-extras.cmake
[1.449s] -- Up-to-date: /home/GTL/apaul/ros2_hw1/install/wpa_cli_msgs/share/wpa_cli_msgs/cmake/ament_cmake_export_dependencies-extras.cmake
[1.450s] -- Up-to-date: /home/GTL/apaul/ros2_hw1/install/wpa_cli_msgs/share/wpa_cli_msgs/cmake/ament_cmake_export_include_directories-extras.cmake
[1.450s] -- Up-to-date: /home/GTL/apaul/ros2_hw1/install/wpa_cli_msgs/share/wpa_cli_msgs/cmake/ament_cmake_export_libraries-extras.cmake
[1.451s] -- Up-to-date: /home/GTL/apaul/ros2_hw1/install/wpa_cli_msgs/share/wpa_cli_msgs/cmake/ament_cmake_export_targets-extras.cmake
[1.451s] -- Up-to-date: /home/GTL/apaul/ros2_hw1/install/wpa_cli_msgs/share/wpa_cli_msgs/cmake/rosidl_cmake_export_typesupport_targets-extras.cmake
[1.451s] -- Up-to-date: /home/GTL/apaul/ros2_hw1/install/wpa_cli_msgs/share/wpa_cli_msgs/cmake/rosidl_cmake_export_typesupport_libraries-extras.cmake
[1.452s] -- Up-to-date: /home/GTL/apaul/ros2_hw1/install/wpa_cli_msgs/share/wpa_cli_msgs/cmake/wpa_cli_msgsConfig.cmake
[1.452s] -- Up-to-date: /home/GTL/apaul/ros2_hw1/install/wpa_cli_msgs/share/wpa_cli_msgs/cmake/wpa_cli_msgsConfig-version.cmake
[1.452s] -- Up-to-date: /home/GTL/apaul/ros2_hw1/install/wpa_cli_msgs/share/wpa_cli_msgs/package.xml
[1.602s] Invoked command in '/home/GTL/apaul/ros2_hw1/build/wpa_cli_msgs' returned '0': CMAKE_PREFIX_PATH=/opt/ros/humble /usr/bin/cmake --install /home/GTL/apaul/ros2_hw1/build/wpa_cli_msgs
