[0.034s] Invoking command in '/home/GTL/apaul/ros2_hw1/build/task_manager_sync': AMENT_PREFIX_PATH=/home/GTL/apaul/ros2_hw1/install/task_manager_lib:/home/GTL/apaul/ros2_hw1/install/task_manager_msgs:${AMENT_PREFIX_PATH} CMAKE_PREFIX_PATH=/home/GTL/apaul/ros2_hw1/install/task_manager_lib:/home/GTL/apaul/ros2_hw1/install/task_manager_msgs:/opt/ros/humble LD_LIBRARY_PATH=/home/GTL/apaul/ros2_hw1/install/task_manager_lib/lib:/home/GTL/apaul/ros2_hw1/install/task_manager_msgs/lib:${LD_LIBRARY_PATH} PYTHONPATH=/home/GTL/apaul/ros2_hw1/install/task_manager_msgs/local/lib/python3.10/dist-packages:${PYTHONPATH} /usr/bin/cmake /home/GTL/apaul/ros2_hw1/src/ros_task_manager/src/task_manager_sync -DCMAKE_INSTALL_PREFIX=/home/GTL/apaul/ros2_hw1/install/task_manager_sync
[0.157s] -- The C compiler identification is GNU 11.4.0
[0.209s] -- The CXX compiler identification is GNU 11.4.0
[0.230s] -- Detecting C compiler ABI info
[0.334s] -- Detecting C compiler ABI info - done
[0.342s] -- Check for working C compiler: /usr/bin/cc - skipped
[0.342s] -- Detecting C compile features
[0.342s] -- Detecting C compile features - done
[0.349s] -- Detecting CXX compiler ABI info
[0.457s] -- Detecting CXX compiler ABI info - done
[0.465s] -- Check for working CXX compiler: /usr/bin/c++ - skipped
[0.465s] -- Detecting CXX compile features
[0.466s] -- Detecting CXX compile features - done
[0.479s] -- Found ament_cmake: 1.3.11 (/opt/ros/humble/share/ament_cmake/cmake)
[0.593s] -- Found Python3: /usr/bin/python3 (found version "3.10.12") found components: Interpreter 
[0.741s] -- Found task_manager_msgs: 0.0.0 (/home/GTL/apaul/ros2_hw1/install/task_manager_msgs/share/task_manager_msgs/cmake)
[0.811s] -- Found rosidl_generator_c: 3.1.6 (/opt/ros/humble/share/rosidl_generator_c/cmake)
[0.822s] -- Found rosidl_adapter: 3.1.6 (/opt/ros/humble/share/rosidl_adapter/cmake)
[0.836s] -- Found rosidl_generator_cpp: 3.1.6 (/opt/ros/humble/share/rosidl_generator_cpp/cmake)
[0.854s] -- Using all available rosidl_typesupport_c: rosidl_typesupport_fastrtps_c;rosidl_typesupport_introspection_c
[0.878s] -- Using all available rosidl_typesupport_cpp: rosidl_typesupport_fastrtps_cpp;rosidl_typesupport_introspection_cpp
[0.987s] -- Found rmw_implementation_cmake: 6.1.2 (/opt/ros/humble/share/rmw_implementation_cmake/cmake)
[0.993s] -- Found rmw_cyclonedds_cpp: 1.3.4 (/opt/ros/humble/share/rmw_cyclonedds_cpp/cmake)
[1.032s] -- Using RMW implementation 'rmw_cyclonedds_cpp' as default
[1.054s] -- Looking for pthread.h
[1.149s] -- Looking for pthread.h - found
[1.150s] -- Performing Test CMAKE_HAVE_LIBC_PTHREAD
[1.248s] -- Performing Test CMAKE_HAVE_LIBC_PTHREAD - Success
[1.250s] -- Found Threads: TRUE  
[1.309s] -- Found task_manager_lib: 0.0.0 (/home/GTL/apaul/ros2_hw1/install/task_manager_lib/share/task_manager_lib/cmake)
[1.387s] -- Found ament_lint_auto: 0.12.11 (/opt/ros/humble/share/ament_lint_auto/cmake)
[1.565s] -- Added test 'copyright' to check source files copyright and LICENSE
[1.581s] -- Added test 'cppcheck' to perform static code analysis on C / C++ code
[1.582s] -- Configured cppcheck include dirs: /home/GTL/apaul/ros2_hw1/src/ros_task_manager/src/task_manager_sync/include
[1.582s] -- Configured cppcheck exclude dirs and/or files: 
[1.595s] -- Added test 'cpplint' to check C / C++ code against the Google style
[1.595s] -- Configured cpplint exclude dirs and/or files: 
[1.599s] -- Added test 'flake8' to check Python code syntax and style conventions
[1.604s] -- Added test 'lint_cmake' to check CMake code style
[1.608s] -- Added test 'pep257' to check Python code against some of the docstring style conventions in PEP 257
[1.620s] -- Added test 'uncrustify' to check C / C++ code style
[1.620s] -- Configured uncrustify additional arguments: 
[1.623s] -- Added test 'xmllint' to check XML markup files
[1.663s] -- Configuring done
[1.909s] -- Generating done
[1.955s] -- Build files have been written to: /home/GTL/apaul/ros2_hw1/build/task_manager_sync
[1.962s] Invoked command in '/home/GTL/apaul/ros2_hw1/build/task_manager_sync' returned '0': AMENT_PREFIX_PATH=/home/GTL/apaul/ros2_hw1/install/task_manager_lib:/home/GTL/apaul/ros2_hw1/install/task_manager_msgs:${AMENT_PREFIX_PATH} CMAKE_PREFIX_PATH=/home/GTL/apaul/ros2_hw1/install/task_manager_lib:/home/GTL/apaul/ros2_hw1/install/task_manager_msgs:/opt/ros/humble LD_LIBRARY_PATH=/home/GTL/apaul/ros2_hw1/install/task_manager_lib/lib:/home/GTL/apaul/ros2_hw1/install/task_manager_msgs/lib:${LD_LIBRARY_PATH} PYTHONPATH=/home/GTL/apaul/ros2_hw1/install/task_manager_msgs/local/lib/python3.10/dist-packages:${PYTHONPATH} /usr/bin/cmake /home/GTL/apaul/ros2_hw1/src/ros_task_manager/src/task_manager_sync -DCMAKE_INSTALL_PREFIX=/home/GTL/apaul/ros2_hw1/install/task_manager_sync
[1.964s] Invoking command in '/home/GTL/apaul/ros2_hw1/build/task_manager_sync': AMENT_PREFIX_PATH=/home/GTL/apaul/ros2_hw1/install/task_manager_lib:/home/GTL/apaul/ros2_hw1/install/task_manager_msgs:${AMENT_PREFIX_PATH} CMAKE_PREFIX_PATH=/home/GTL/apaul/ros2_hw1/install/task_manager_lib:/home/GTL/apaul/ros2_hw1/install/task_manager_msgs:/opt/ros/humble LD_LIBRARY_PATH=/home/GTL/apaul/ros2_hw1/install/task_manager_lib/lib:/home/GTL/apaul/ros2_hw1/install/task_manager_msgs/lib:${LD_LIBRARY_PATH} PYTHONPATH=/home/GTL/apaul/ros2_hw1/install/task_manager_msgs/local/lib/python3.10/dist-packages:${PYTHONPATH} /usr/bin/cmake --build /home/GTL/apaul/ros2_hw1/build/task_manager_sync -- -j16 -l16
[2.030s] [ 57%] [32mBuilding CXX object CMakeFiles/task_manager_sync_lib.dir/src/TaskServerSync.cpp.o[0m
[2.030s] [ 57%] [32mBuilding CXX object CMakeFiles/task_manager_sync_lib.dir/src/TaskSetStatusSync.cpp.o[0m
[2.030s] [ 57%] [32mBuilding CXX object CMakeFiles/task_manager_sync_lib.dir/src/TaskEnvironmentSync.cpp.o[0m
[2.030s] [ 57%] [32mBuilding CXX object CMakeFiles/task_manager_sync_lib.dir/src/TaskWaitForStatusSync.cpp.o[0m
[7.844s] [ 71%] [32m[1mLinking CXX shared library libtask_manager_sync_lib.so[0m
[10.127s] [ 71%] Built target task_manager_sync_lib
[10.153s] [ 85%] [32mBuilding CXX object CMakeFiles/test_server_sync.dir/src/task_server.cpp.o[0m
[13.482s] [100%] [32m[1mLinking CXX executable test_server_sync[0m
[13.823s] [100%] Built target test_server_sync
[13.833s] Invoked command in '/home/GTL/apaul/ros2_hw1/build/task_manager_sync' returned '0': AMENT_PREFIX_PATH=/home/GTL/apaul/ros2_hw1/install/task_manager_lib:/home/GTL/apaul/ros2_hw1/install/task_manager_msgs:${AMENT_PREFIX_PATH} CMAKE_PREFIX_PATH=/home/GTL/apaul/ros2_hw1/install/task_manager_lib:/home/GTL/apaul/ros2_hw1/install/task_manager_msgs:/opt/ros/humble LD_LIBRARY_PATH=/home/GTL/apaul/ros2_hw1/install/task_manager_lib/lib:/home/GTL/apaul/ros2_hw1/install/task_manager_msgs/lib:${LD_LIBRARY_PATH} PYTHONPATH=/home/GTL/apaul/ros2_hw1/install/task_manager_msgs/local/lib/python3.10/dist-packages:${PYTHONPATH} /usr/bin/cmake --build /home/GTL/apaul/ros2_hw1/build/task_manager_sync -- -j16 -l16
[13.840s] Invoking command in '/home/GTL/apaul/ros2_hw1/build/task_manager_sync': AMENT_PREFIX_PATH=/home/GTL/apaul/ros2_hw1/install/task_manager_lib:/home/GTL/apaul/ros2_hw1/install/task_manager_msgs:${AMENT_PREFIX_PATH} CMAKE_PREFIX_PATH=/home/GTL/apaul/ros2_hw1/install/task_manager_lib:/home/GTL/apaul/ros2_hw1/install/task_manager_msgs:/opt/ros/humble LD_LIBRARY_PATH=/home/GTL/apaul/ros2_hw1/install/task_manager_lib/lib:/home/GTL/apaul/ros2_hw1/install/task_manager_msgs/lib:${LD_LIBRARY_PATH} PYTHONPATH=/home/GTL/apaul/ros2_hw1/install/task_manager_msgs/local/lib/python3.10/dist-packages:${PYTHONPATH} /usr/bin/cmake --install /home/GTL/apaul/ros2_hw1/build/task_manager_sync
[13.845s] -- Install configuration: ""
[13.848s] -- Installing: /home/GTL/apaul/ros2_hw1/install/task_manager_sync/lib/libtask_manager_sync_lib.so
[13.913s] -- Set runtime path of "/home/GTL/apaul/ros2_hw1/install/task_manager_sync/lib/libtask_manager_sync_lib.so" to ""
[13.914s] -- Installing: /home/GTL/apaul/ros2_hw1/install/task_manager_sync/include/task_manager_sync
[13.918s] -- Installing: /home/GTL/apaul/ros2_hw1/install/task_manager_sync/include/task_manager_sync/TaskWaitForStatusSync.h
[13.922s] -- Installing: /home/GTL/apaul/ros2_hw1/install/task_manager_sync/include/task_manager_sync/TaskEnvironmentSync.h
[13.925s] -- Installing: /home/GTL/apaul/ros2_hw1/install/task_manager_sync/include/task_manager_sync/TaskSetStatusSync.h
[13.929s] -- Installing: /home/GTL/apaul/ros2_hw1/install/task_manager_sync/include/task_manager_sync/TaskServerSync.h
[13.932s] -- Installing: /home/GTL/apaul/ros2_hw1/install/task_manager_sync/share/task_manager_sync
[13.936s] -- Installing: /home/GTL/apaul/ros2_hw1/install/task_manager_sync/share/task_manager_sync/launch_server.launch
[13.956s] -- Installing: /home/GTL/apaul/ros2_hw1/install/task_manager_sync/share/task_manager_sync/environment/library_path.sh
[13.959s] -- Installing: /home/GTL/apaul/ros2_hw1/install/task_manager_sync/share/task_manager_sync/environment/library_path.dsv
[13.965s] -- Installing: /home/GTL/apaul/ros2_hw1/install/task_manager_sync/share/ament_index/resource_index/package_run_dependencies/task_manager_sync
[13.971s] -- Installing: /home/GTL/apaul/ros2_hw1/install/task_manager_sync/share/ament_index/resource_index/parent_prefix_path/task_manager_sync
[13.975s] -- Installing: /home/GTL/apaul/ros2_hw1/install/task_manager_sync/share/task_manager_sync/environment/ament_prefix_path.sh
[13.977s] -- Installing: /home/GTL/apaul/ros2_hw1/install/task_manager_sync/share/task_manager_sync/environment/ament_prefix_path.dsv
[13.980s] -- Installing: /home/GTL/apaul/ros2_hw1/install/task_manager_sync/share/task_manager_sync/environment/path.sh
[13.983s] -- Installing: /home/GTL/apaul/ros2_hw1/install/task_manager_sync/share/task_manager_sync/environment/path.dsv
[13.985s] -- Installing: /home/GTL/apaul/ros2_hw1/install/task_manager_sync/share/task_manager_sync/local_setup.bash
[13.988s] -- Installing: /home/GTL/apaul/ros2_hw1/install/task_manager_sync/share/task_manager_sync/local_setup.sh
[13.991s] -- Installing: /home/GTL/apaul/ros2_hw1/install/task_manager_sync/share/task_manager_sync/local_setup.zsh
[13.994s] -- Installing: /home/GTL/apaul/ros2_hw1/install/task_manager_sync/share/task_manager_sync/local_setup.dsv
[13.997s] -- Installing: /home/GTL/apaul/ros2_hw1/install/task_manager_sync/share/task_manager_sync/package.dsv
[14.002s] -- Installing: /home/GTL/apaul/ros2_hw1/install/task_manager_sync/share/ament_index/resource_index/packages/task_manager_sync
[14.008s] -- Installing: /home/GTL/apaul/ros2_hw1/install/task_manager_sync/share/task_manager_sync/cmake/ament_cmake_export_dependencies-extras.cmake
[14.012s] -- Installing: /home/GTL/apaul/ros2_hw1/install/task_manager_sync/share/task_manager_sync/cmake/ament_cmake_export_include_directories-extras.cmake
[14.015s] -- Installing: /home/GTL/apaul/ros2_hw1/install/task_manager_sync/share/task_manager_sync/cmake/ament_cmake_export_libraries-extras.cmake
[14.018s] -- Installing: /home/GTL/apaul/ros2_hw1/install/task_manager_sync/share/task_manager_sync/cmake/task_manager_syncConfig.cmake
[14.021s] -- Installing: /home/GTL/apaul/ros2_hw1/install/task_manager_sync/share/task_manager_sync/cmake/task_manager_syncConfig-version.cmake
[14.024s] -- Installing: /home/GTL/apaul/ros2_hw1/install/task_manager_sync/share/task_manager_sync/package.xml
[14.029s] Invoked command in '/home/GTL/apaul/ros2_hw1/build/task_manager_sync' returned '0': AMENT_PREFIX_PATH=/home/GTL/apaul/ros2_hw1/install/task_manager_lib:/home/GTL/apaul/ros2_hw1/install/task_manager_msgs:${AMENT_PREFIX_PATH} CMAKE_PREFIX_PATH=/home/GTL/apaul/ros2_hw1/install/task_manager_lib:/home/GTL/apaul/ros2_hw1/install/task_manager_msgs:/opt/ros/humble LD_LIBRARY_PATH=/home/GTL/apaul/ros2_hw1/install/task_manager_lib/lib:/home/GTL/apaul/ros2_hw1/install/task_manager_msgs/lib:${LD_LIBRARY_PATH} PYTHONPATH=/home/GTL/apaul/ros2_hw1/install/task_manager_msgs/local/lib/python3.10/dist-packages:${PYTHONPATH} /usr/bin/cmake --install /home/GTL/apaul/ros2_hw1/build/task_manager_sync
