[0.000000] (-) TimerEvent: {}
[0.000160] (-) JobUnselected: {'identifier': 'ar_loc_base'}
[0.000178] (-) JobUnselected: {'identifier': 'ar_mapping_base'}
[0.000189] (-) JobUnselected: {'identifier': 'ar_slam_base'}
[0.000198] (-) JobUnselected: {'identifier': 'button_server'}
[0.000206] (-) JobUnselected: {'identifier': 'collision_avoidance_base'}
[0.000214] (-) JobUnselected: {'identifier': 'cs7630_msgs'}
[0.000222] (-) JobUnselected: {'identifier': 'face_detect_base'}
[0.000229] (-) JobUnselected: {'identifier': 'face_msg'}
[0.000237] (-) JobUnselected: {'identifier': 'floor_nav'}
[0.000245] (-) JobUnselected: {'identifier': 'joy_pack'}
[0.000252] (-) JobUnselected: {'identifier': 'keyboard_teleop'}
[0.000260] (-) JobUnselected: {'identifier': 'obstacle_avoidance_base'}
[0.000268] (-) JobUnselected: {'identifier': 'occgrid_planner'}
[0.000276] (-) JobUnselected: {'identifier': 'rover_driver_base'}
[0.000283] (-) JobUnselected: {'identifier': 'task_manager_client_py'}
[0.000291] (-) JobUnselected: {'identifier': 'task_manager_lib'}
[0.000299] (-) JobUnselected: {'identifier': 'task_manager_msgs'}
[0.000306] (-) JobUnselected: {'identifier': 'task_manager_nav2'}
[0.000314] (-) JobUnselected: {'identifier': 'task_manager_sync'}
[0.000322] (-) JobUnselected: {'identifier': 'turtlebot_launch'}
[0.000330] (-) JobUnselected: {'identifier': 'vrep4_helpers'}
[0.000337] (-) JobUnselected: {'identifier': 'vrep_ros_teleop'}
[0.000345] (-) JobUnselected: {'identifier': 'wifi_map_base'}
[0.000353] (-) JobUnselected: {'identifier': 'wpa_cli_msgs'}
[0.000362] (occgrid_planner_base) JobQueued: {'identifier': 'occgrid_planner_base', 'dependencies': OrderedDict([('cs7630_msgs', '/home/GTL/apaul/ros2_hw1/install/cs7630_msgs')])}
[0.000375] (occgrid_planner_base) JobStarted: {'identifier': 'occgrid_planner_base'}
[0.012244] (occgrid_planner_base) JobProgress: {'identifier': 'occgrid_planner_base', 'progress': 'cmake'}
[0.014957] (occgrid_planner_base) JobProgress: {'identifier': 'occgrid_planner_base', 'progress': 'build'}
[0.015545] (occgrid_planner_base) Command: {'cmd': ['/usr/bin/cmake', '--build', '/home/GTL/apaul/ros2_hw1/build/occgrid_planner_base', '--', '-j16', '-l16'], 'cwd': '/home/GTL/apaul/ros2_hw1/build/occgrid_planner_base', 'env': OrderedDict([('USER', 'apaul'), ('XDG_SESSION_TYPE', 'x11'), ('SHLVL', '1'), ('LD_LIBRARY_PATH', '/home/GTL/apaul/ros2_hw1/install/cs7630_msgs/lib:/usr/lib/x86_64-linux-gnu/gazebo-11/plugins:/opt/ros/humble/opt/rviz_ogre_vendor/lib:/opt/ros/humble/lib/x86_64-linux-gnu:/opt/ros/humble/lib'), ('HOME', '/home/GTL/apaul'), ('CYCLONEDDS_URI', '/cs-share/pradalier/gtlpc_cyclonedds.xml'), ('OLDPWD', '/home/GTL/apaul'), ('DESKTOP_SESSION', 'ubuntu'), ('ROS_PYTHON_VERSION', '3'), ('GNOME_SHELL_SESSION_MODE', 'ubuntu'), ('GTK_MODULES', 'gail:atk-bridge'), ('MANAGERPID', '2447'), ('SYSTEMD_EXEC_PID', '2970'), ('DBUS_SESSION_BUS_ADDRESS', 'unix:path=/run/user/37726/bus'), ('COLORTERM', 'truecolor'), ('TERMINATOR_DBUS_NAME', 'net.tenshu.Terminator23558193cd9818af7fe4d2c2f5bd9d00f'), ('GIO_LAUNCHED_DESKTOP_FILE_PID', '4339'), ('ROS_DISTRO', 'humble'), ('GTK_IM_MODULE', 'ibus'), ('LOGNAME', 'apaul'), ('JOURNAL_STREAM', '8:39539'), ('_', '/usr/bin/colcon'), ('ROS_VERSION', '2'), ('XDG_SESSION_CLASS', 'user'), ('USERNAME', 'apaul'), ('TERM', 'xterm-256color'), ('GNOME_DESKTOP_SESSION_ID', 'this-is-deprecated'), ('ROS_LOCALHOST_ONLY', '0'), ('WINDOWPATH', '2'), ('PATH', '/opt/ros/humble/bin:/usr/local/sbin:/usr/local/bin:/usr/sbin:/usr/bin:/sbin:/bin:/usr/games:/usr/local/games:/snap/bin:/snap/bin'), ('SESSION_MANAGER', 'local/gtlpc106.georgiatech-metz.fr:@/tmp/.ICE-unix/2702,unix/gtlpc106.georgiatech-metz.fr:/tmp/.ICE-unix/2702'), ('INVOCATION_ID', 'a7599bc07ed241d58205dd0c990b0f9b'), ('XDG_MENU_PREFIX', 'gnome-'), ('XDG_RUNTIME_DIR', '/run/user/37726'), ('DISPLAY', ':1'), ('TERMINATOR_DBUS_PATH', '/net/tenshu/Terminator2'), ('LANG', 'en_US.UTF-8'), ('XDG_CURRENT_DESKTOP', 'ubuntu:GNOME'), ('IBUS_DISABLE_SNOOPER', '1'), ('RMW_IMPLEMENTATION', 'rmw_cyclonedds_cpp'), ('XMODIFIERS', '@im=ibus'), ('XDG_SESSION_DESKTOP', 'ubuntu'), ('XAUTHORITY', '/run/user/37726/gdm/Xauthority'), ('SSH_AGENT_LAUNCHER', 'gnome-keyring'), ('SSH_AUTH_SOCK', '/run/user/37726/keyring/ssh'), ('ROS_DOMAIN_ID', '56'), ('AMENT_PREFIX_PATH', '/home/GTL/apaul/ros2_hw1/install/cs7630_msgs:/opt/ros/humble'), ('SHELL', '/bin/bash'), ('TERMINATOR_UUID', 'urn:uuid:2449bbd2-eecf-4110-a6e7-f3f786500713'), ('KRB5CCNAME', 'FILE:/tmp/krb5cc_37726'), ('QT_ACCESSIBILITY', '1'), ('GDMSESSION', 'ubuntu'), ('GPG_AGENT_INFO', '/run/user/37726/gnupg/S.gpg-agent:0:1'), ('QT_IM_MODULE', 'ibus'), ('PWD', '/home/GTL/apaul/ros2_hw1/build/occgrid_planner_base'), ('XDG_CONFIG_DIRS', '/etc/xdg/xdg-ubuntu:/etc/xdg'), ('XDG_DATA_DIRS', '/usr/share/ubuntu:/usr/share/gnome:/usr/local/share/:/usr/share/:/var/lib/snapd/desktop'), ('PYTHONPATH', '/home/GTL/apaul/ros2_hw1/install/cs7630_msgs/local/lib/python3.10/dist-packages:/opt/ros/humble/lib/python3.10/site-packages:/opt/ros/humble/local/lib/python3.10/dist-packages'), ('COLCON', '1'), ('VTE_VERSION', '6800'), ('CMAKE_PREFIX_PATH', '/home/GTL/apaul/ros2_hw1/install/cs7630_msgs:/opt/ros/humble')]), 'shell': False}
[0.054477] (occgrid_planner_base) StdoutLine: {'line': b'\x1b[35m\x1b[1mConsolidate compiler generated dependencies of target occgrid_planner_base\x1b[0m\n'}
[0.067104] (occgrid_planner_base) StdoutLine: {'line': b'[ 66%] Built target path_follower_base\n'}
[0.067283] (occgrid_planner_base) StdoutLine: {'line': b'[ 66%] Built target path_optimizer_base\n'}
[0.076436] (occgrid_planner_base) StdoutLine: {'line': b'[ 83%] \x1b[32mBuilding CXX object CMakeFiles/occgrid_planner_base.dir/src/occgrid_planner.cpp.o\x1b[0m\n'}
[0.099106] (-) TimerEvent: {}
[0.199338] (-) TimerEvent: {}
[0.299574] (-) TimerEvent: {}
[0.399808] (-) TimerEvent: {}
[0.500062] (-) TimerEvent: {}
[0.600291] (-) TimerEvent: {}
[0.700525] (-) TimerEvent: {}
[0.800770] (-) TimerEvent: {}
[0.901032] (-) TimerEvent: {}
[1.001301] (-) TimerEvent: {}
[1.101533] (-) TimerEvent: {}
[1.201808] (-) TimerEvent: {}
[1.302068] (-) TimerEvent: {}
[1.402325] (-) TimerEvent: {}
[1.502567] (-) TimerEvent: {}
[1.602789] (-) TimerEvent: {}
[1.703022] (-) TimerEvent: {}
[1.803268] (-) TimerEvent: {}
[1.903515] (-) TimerEvent: {}
[2.003759] (-) TimerEvent: {}
[2.103985] (-) TimerEvent: {}
[2.204223] (-) TimerEvent: {}
[2.304482] (-) TimerEvent: {}
[2.404706] (-) TimerEvent: {}
[2.504958] (-) TimerEvent: {}
[2.605196] (-) TimerEvent: {}
[2.705428] (-) TimerEvent: {}
[2.727409] (occgrid_planner_base) StderrLine: {'line': b'\x1b[01m\x1b[K/home/GTL/apaul/ros2_hw1/src/occgrid_planner_base/src/occgrid_planner.cpp:\x1b[m\x1b[K In member function \xe2\x80\x98\x1b[01m\x1b[Kvoid OccupancyGridPlanner::frontier_timer_cb()\x1b[m\x1b[K\xe2\x80\x99:\n'}
[2.727542] (occgrid_planner_base) StderrLine: {'line': b'\x1b[01m\x1b[K/home/GTL/apaul/ros2_hw1/src/occgrid_planner_base/src/occgrid_planner.cpp:515:38:\x1b[m\x1b[K \x1b[01;31m\x1b[Kerror: \x1b[m\x1b[Kcould not convert \xe2\x80\x98\x1b[01m\x1b[K((OccupancyGridPlanner*)this)->OccupancyGridPlanner::planToPixelTarget(cv::Point3_<int>(current_pos), cv::Point3_<int>(best_frontier))\x1b[m\x1b[K\xe2\x80\x99 from \xe2\x80\x98\x1b[01m\x1b[Kvoid\x1b[m\x1b[K\xe2\x80\x99 to \xe2\x80\x98\x1b[01m\x1b[Kbool\x1b[m\x1b[K\xe2\x80\x99\n'}
[2.727586] (occgrid_planner_base) StderrLine: {'line': b'  515 |                 if (\x1b[01;31m\x1b[KplanToPixelTarget(current_pos, best_frontier)\x1b[m\x1b[K) {\n'}
[2.727619] (occgrid_planner_base) StderrLine: {'line': b'      |                     \x1b[01;31m\x1b[K~~~~~~~~~~~~~~~~~^~~~~~~~~~~~~~~~~~~~~~~~~~~~\x1b[m\x1b[K\n'}
[2.727650] (occgrid_planner_base) StderrLine: {'line': b'      |                                      \x1b[01;31m\x1b[K|\x1b[m\x1b[K\n'}
[2.727681] (occgrid_planner_base) StderrLine: {'line': b'      |                                      \x1b[01;31m\x1b[Kvoid\x1b[m\x1b[K\n'}
[2.805558] (-) TimerEvent: {}
[2.905824] (-) TimerEvent: {}
[3.006057] (-) TimerEvent: {}
[3.106294] (-) TimerEvent: {}
[3.206532] (-) TimerEvent: {}
[3.306771] (-) TimerEvent: {}
[3.407037] (-) TimerEvent: {}
[3.507288] (-) TimerEvent: {}
[3.607636] (-) TimerEvent: {}
[3.707902] (-) TimerEvent: {}
[3.808151] (-) TimerEvent: {}
[3.908407] (-) TimerEvent: {}
[4.008663] (-) TimerEvent: {}
[4.108928] (-) TimerEvent: {}
[4.209216] (-) TimerEvent: {}
[4.309503] (-) TimerEvent: {}
[4.409788] (-) TimerEvent: {}
[4.510089] (-) TimerEvent: {}
[4.610368] (-) TimerEvent: {}
[4.710619] (-) TimerEvent: {}
[4.810877] (-) TimerEvent: {}
[4.911140] (-) TimerEvent: {}
[5.011378] (-) TimerEvent: {}
[5.111619] (-) TimerEvent: {}
[5.211860] (-) TimerEvent: {}
[5.312095] (-) TimerEvent: {}
[5.317754] (occgrid_planner_base) StderrLine: {'line': b'gmake[2]: *** [CMakeFiles/occgrid_planner_base.dir/build.make:76: CMakeFiles/occgrid_planner_base.dir/src/occgrid_planner.cpp.o] Error 1\n'}
[5.317920] (occgrid_planner_base) StderrLine: {'line': b'gmake[1]: *** [CMakeFiles/Makefile2:141: CMakeFiles/occgrid_planner_base.dir/all] Error 2\n'}
[5.318016] (occgrid_planner_base) StderrLine: {'line': b'gmake: *** [Makefile:146: all] Error 2\n'}
[5.319320] (occgrid_planner_base) CommandEnded: {'returncode': 2}
[5.358930] (occgrid_planner_base) JobEnded: {'identifier': 'occgrid_planner_base', 'rc': 2}
[5.369304] (-) EventReactorShutdown: {}
