[0.066s] Invoking command in '/home/GTL/apaul/ros2_hw1/build/face_msg': CMAKE_PREFIX_PATH=/opt/ros/humble /usr/bin/cmake --build /home/GTL/apaul/ros2_hw1/build/face_msg -- -j16 -l16
[0.518s] [  3%] Built target face_msg__cpp
[0.518s] [ 12%] Built target face_msg__rosidl_generator_c
[0.518s] [ 38%] Built target face_msg__rosidl_typesupport_cpp
[0.518s] [ 41%] Built target face_msg__rosidl_typesupport_introspection_cpp
[0.519s] [ 41%] Built target face_msg__rosidl_typesupport_fastrtps_cpp
[0.519s] [ 70%] Built target face_msg__rosidl_typesupport_c
[0.519s] [ 70%] Built target face_msg__rosidl_typesupport_fastrtps_c
[0.519s] [ 70%] Built target face_msg__rosidl_typesupport_introspection_c
[0.519s] [ 70%] Built target ament_cmake_python_copy_face_msg
[0.519s] [ 70%] Built target face_msg
[0.519s] [ 74%] Built target face_msg__py
[0.519s] [ 80%] Built target face_msg__rosidl_generator_py
[0.519s] [100%] Built target face_msg__rosidl_typesupport_introspection_c__pyext
[0.519s] [100%] Built target face_msg__rosidl_typesupport_fastrtps_c__pyext
[0.519s] [100%] Built target face_msg__rosidl_typesupport_c__pyext
[0.519s] running egg_info
[0.519s] writing face_msg.egg-info/PKG-INFO
[0.519s] writing dependency_links to face_msg.egg-info/dependency_links.txt
[0.519s] writing top-level names to face_msg.egg-info/top_level.txt
[0.519s] reading manifest file 'face_msg.egg-info/SOURCES.txt'
[0.519s] writing manifest file 'face_msg.egg-info/SOURCES.txt'
[0.519s] [100%] Built target ament_cmake_python_build_face_msg_egg
[0.722s] Invoked command in '/home/GTL/apaul/ros2_hw1/build/face_msg' returned '0': CMAKE_PREFIX_PATH=/opt/ros/humble /usr/bin/cmake --build /home/GTL/apaul/ros2_hw1/build/face_msg -- -j16 -l16
[0.758s] Invoking command in '/home/GTL/apaul/ros2_hw1/build/face_msg': CMAKE_PREFIX_PATH=/opt/ros/humble /usr/bin/cmake --install /home/GTL/apaul/ros2_hw1/build/face_msg
[0.762s] -- Install configuration: ""
[0.763s] -- Up-to-date: /home/GTL/apaul/ros2_hw1/install/face_msg/share/ament_index/resource_index/rosidl_interfaces/face_msg
[0.764s] -- Up-to-date: /home/GTL/apaul/ros2_hw1/install/face_msg/include/face_msg/face_msg
[0.765s] -- Up-to-date: /home/GTL/apaul/ros2_hw1/install/face_msg/include/face_msg/face_msg/msg
[0.766s] -- Up-to-date: /home/GTL/apaul/ros2_hw1/install/face_msg/include/face_msg/face_msg/msg/roilist.h
[0.766s] -- Up-to-date: /home/GTL/apaul/ros2_hw1/install/face_msg/include/face_msg/face_msg/msg/detail
[0.774s] -- Up-to-date: /home/GTL/apaul/ros2_hw1/install/face_msg/include/face_msg/face_msg/msg/detail/roilist__type_support.h
[0.774s] -- Up-to-date: /home/GTL/apaul/ros2_hw1/install/face_msg/include/face_msg/face_msg/msg/detail/roilist__struct.h
[0.774s] -- Up-to-date: /home/GTL/apaul/ros2_hw1/install/face_msg/include/face_msg/face_msg/msg/detail/roilist__functions.c
[0.774s] -- Up-to-date: /home/GTL/apaul/ros2_hw1/install/face_msg/include/face_msg/face_msg/msg/detail/roilist__functions.h
[0.774s] -- Up-to-date: /home/GTL/apaul/ros2_hw1/install/face_msg/include/face_msg/face_msg/msg/rosidl_generator_c__visibility_control.h
[0.774s] -- Up-to-date: /home/GTL/apaul/ros2_hw1/install/face_msg/share/face_msg/environment/library_path.sh
[0.774s] -- Up-to-date: /home/GTL/apaul/ros2_hw1/install/face_msg/share/face_msg/environment/library_path.dsv
[0.774s] -- Up-to-date: /home/GTL/apaul/ros2_hw1/install/face_msg/lib/libface_msg__rosidl_generator_c.so
[0.774s] -- Up-to-date: /home/GTL/apaul/ros2_hw1/install/face_msg/include/face_msg/face_msg
[0.775s] -- Up-to-date: /home/GTL/apaul/ros2_hw1/install/face_msg/include/face_msg/face_msg/msg
[0.775s] -- Up-to-date: /home/GTL/apaul/ros2_hw1/install/face_msg/include/face_msg/face_msg/msg/detail
[0.775s] -- Up-to-date: /home/GTL/apaul/ros2_hw1/install/face_msg/include/face_msg/face_msg/msg/detail/roilist__rosidl_typesupport_fastrtps_c.h
[0.775s] -- Up-to-date: /home/GTL/apaul/ros2_hw1/install/face_msg/include/face_msg/face_msg/msg/rosidl_typesupport_fastrtps_c__visibility_control.h
[0.775s] -- Up-to-date: /home/GTL/apaul/ros2_hw1/install/face_msg/lib/libface_msg__rosidl_typesupport_fastrtps_c.so
[0.777s] -- Up-to-date: /home/GTL/apaul/ros2_hw1/install/face_msg/include/face_msg/face_msg
[0.777s] -- Up-to-date: /home/GTL/apaul/ros2_hw1/install/face_msg/include/face_msg/face_msg/msg
[0.777s] -- Up-to-date: /home/GTL/apaul/ros2_hw1/install/face_msg/include/face_msg/face_msg/msg/roilist.hpp
[0.777s] -- Up-to-date: /home/GTL/apaul/ros2_hw1/install/face_msg/include/face_msg/face_msg/msg/detail
[0.778s] -- Up-to-date: /home/GTL/apaul/ros2_hw1/install/face_msg/include/face_msg/face_msg/msg/detail/roilist__struct.hpp
[0.779s] -- Up-to-date: /home/GTL/apaul/ros2_hw1/install/face_msg/include/face_msg/face_msg/msg/detail/roilist__traits.hpp
[0.779s] -- Up-to-date: /home/GTL/apaul/ros2_hw1/install/face_msg/include/face_msg/face_msg/msg/detail/roilist__builder.hpp
[0.779s] -- Up-to-date: /home/GTL/apaul/ros2_hw1/install/face_msg/include/face_msg/face_msg
[0.780s] -- Up-to-date: /home/GTL/apaul/ros2_hw1/install/face_msg/include/face_msg/face_msg/msg
[0.781s] -- Up-to-date: /home/GTL/apaul/ros2_hw1/install/face_msg/include/face_msg/face_msg/msg/detail
[0.782s] -- Up-to-date: /home/GTL/apaul/ros2_hw1/install/face_msg/include/face_msg/face_msg/msg/detail/dds_fastrtps
[0.783s] -- Up-to-date: /home/GTL/apaul/ros2_hw1/install/face_msg/include/face_msg/face_msg/msg/detail/roilist__rosidl_typesupport_fastrtps_cpp.hpp
[0.783s] -- Up-to-date: /home/GTL/apaul/ros2_hw1/install/face_msg/include/face_msg/face_msg/msg/rosidl_typesupport_fastrtps_cpp__visibility_control.h
[0.784s] -- Up-to-date: /home/GTL/apaul/ros2_hw1/install/face_msg/lib/libface_msg__rosidl_typesupport_fastrtps_cpp.so
[0.786s] -- Up-to-date: /home/GTL/apaul/ros2_hw1/install/face_msg/include/face_msg/face_msg
[0.786s] -- Up-to-date: /home/GTL/apaul/ros2_hw1/install/face_msg/include/face_msg/face_msg/msg
[0.787s] -- Up-to-date: /home/GTL/apaul/ros2_hw1/install/face_msg/include/face_msg/face_msg/msg/detail
[0.788s] -- Up-to-date: /home/GTL/apaul/ros2_hw1/install/face_msg/include/face_msg/face_msg/msg/detail/roilist__type_support.c
[0.788s] -- Up-to-date: /home/GTL/apaul/ros2_hw1/install/face_msg/include/face_msg/face_msg/msg/detail/roilist__rosidl_typesupport_introspection_c.h
[0.788s] -- Up-to-date: /home/GTL/apaul/ros2_hw1/install/face_msg/include/face_msg/face_msg/msg/rosidl_typesupport_introspection_c__visibility_control.h
[0.789s] -- Up-to-date: /home/GTL/apaul/ros2_hw1/install/face_msg/lib/libface_msg__rosidl_typesupport_introspection_c.so
[0.791s] -- Up-to-date: /home/GTL/apaul/ros2_hw1/install/face_msg/lib/libface_msg__rosidl_typesupport_c.so
[0.792s] -- Up-to-date: /home/GTL/apaul/ros2_hw1/install/face_msg/include/face_msg/face_msg
[0.793s] -- Up-to-date: /home/GTL/apaul/ros2_hw1/install/face_msg/include/face_msg/face_msg/msg
[0.794s] -- Up-to-date: /home/GTL/apaul/ros2_hw1/install/face_msg/include/face_msg/face_msg/msg/detail
[0.794s] -- Up-to-date: /home/GTL/apaul/ros2_hw1/install/face_msg/include/face_msg/face_msg/msg/detail/roilist__type_support.cpp
[0.794s] -- Up-to-date: /home/GTL/apaul/ros2_hw1/install/face_msg/include/face_msg/face_msg/msg/detail/roilist__rosidl_typesupport_introspection_cpp.hpp
[0.795s] -- Up-to-date: /home/GTL/apaul/ros2_hw1/install/face_msg/lib/libface_msg__rosidl_typesupport_introspection_cpp.so
[0.797s] -- Up-to-date: /home/GTL/apaul/ros2_hw1/install/face_msg/lib/libface_msg__rosidl_typesupport_cpp.so
[0.798s] -- Up-to-date: /home/GTL/apaul/ros2_hw1/install/face_msg/share/face_msg/environment/pythonpath.sh
[0.798s] -- Up-to-date: /home/GTL/apaul/ros2_hw1/install/face_msg/share/face_msg/environment/pythonpath.dsv
[0.799s] -- Up-to-date: /home/GTL/apaul/ros2_hw1/install/face_msg/local/lib/python3.10/dist-packages/face_msg-0.0.0-py3.10.egg-info
[0.800s] -- Installing: /home/GTL/apaul/ros2_hw1/install/face_msg/local/lib/python3.10/dist-packages/face_msg-0.0.0-py3.10.egg-info/dependency_links.txt
[0.809s] -- Installing: /home/GTL/apaul/ros2_hw1/install/face_msg/local/lib/python3.10/dist-packages/face_msg-0.0.0-py3.10.egg-info/top_level.txt
[0.809s] -- Installing: /home/GTL/apaul/ros2_hw1/install/face_msg/local/lib/python3.10/dist-packages/face_msg-0.0.0-py3.10.egg-info/PKG-INFO
[0.812s] -- Installing: /home/GTL/apaul/ros2_hw1/install/face_msg/local/lib/python3.10/dist-packages/face_msg-0.0.0-py3.10.egg-info/SOURCES.txt
[0.816s] -- Up-to-date: /home/GTL/apaul/ros2_hw1/install/face_msg/local/lib/python3.10/dist-packages/face_msg
[0.818s] -- Up-to-date: /home/GTL/apaul/ros2_hw1/install/face_msg/local/lib/python3.10/dist-packages/face_msg/face_msg_s__rosidl_typesupport_c.cpython-310-x86_64-linux-gnu.so
[0.818s] -- Up-to-date: /home/GTL/apaul/ros2_hw1/install/face_msg/local/lib/python3.10/dist-packages/face_msg/face_msg_s__rosidl_typesupport_fastrtps_c.cpython-310-x86_64-linux-gnu.so
[0.818s] -- Up-to-date: /home/GTL/apaul/ros2_hw1/install/face_msg/local/lib/python3.10/dist-packages/face_msg/msg
[0.819s] -- Up-to-date: /home/GTL/apaul/ros2_hw1/install/face_msg/local/lib/python3.10/dist-packages/face_msg/msg/_roilist.py
[0.819s] -- Up-to-date: /home/GTL/apaul/ros2_hw1/install/face_msg/local/lib/python3.10/dist-packages/face_msg/msg/__init__.py
[0.820s] -- Up-to-date: /home/GTL/apaul/ros2_hw1/install/face_msg/local/lib/python3.10/dist-packages/face_msg/msg/_roilist_s.c
[0.820s] -- Up-to-date: /home/GTL/apaul/ros2_hw1/install/face_msg/local/lib/python3.10/dist-packages/face_msg/_face_msg_s.ep.rosidl_typesupport_c.c
[0.820s] -- Up-to-date: /home/GTL/apaul/ros2_hw1/install/face_msg/local/lib/python3.10/dist-packages/face_msg/_face_msg_s.ep.rosidl_typesupport_introspection_c.c
[0.820s] -- Up-to-date: /home/GTL/apaul/ros2_hw1/install/face_msg/local/lib/python3.10/dist-packages/face_msg/__init__.py
[0.821s] -- Up-to-date: /home/GTL/apaul/ros2_hw1/install/face_msg/local/lib/python3.10/dist-packages/face_msg/_face_msg_s.ep.rosidl_typesupport_fastrtps_c.c
[0.821s] -- Up-to-date: /home/GTL/apaul/ros2_hw1/install/face_msg/local/lib/python3.10/dist-packages/face_msg/face_msg_s__rosidl_typesupport_introspection_c.cpython-310-x86_64-linux-gnu.so
[0.821s] -- Up-to-date: /home/GTL/apaul/ros2_hw1/install/face_msg/local/lib/python3.10/dist-packages/face_msg/libface_msg__rosidl_generator_py.so
[0.846s] Listing '/home/GTL/apaul/ros2_hw1/install/face_msg/local/lib/python3.10/dist-packages/face_msg'...
[0.846s] Listing '/home/GTL/apaul/ros2_hw1/install/face_msg/local/lib/python3.10/dist-packages/face_msg/msg'...
[0.851s] -- Up-to-date: /home/GTL/apaul/ros2_hw1/install/face_msg/local/lib/python3.10/dist-packages/face_msg/face_msg_s__rosidl_typesupport_fastrtps_c.cpython-310-x86_64-linux-gnu.so
[0.853s] -- Up-to-date: /home/GTL/apaul/ros2_hw1/install/face_msg/local/lib/python3.10/dist-packages/face_msg/face_msg_s__rosidl_typesupport_introspection_c.cpython-310-x86_64-linux-gnu.so
[0.855s] -- Up-to-date: /home/GTL/apaul/ros2_hw1/install/face_msg/local/lib/python3.10/dist-packages/face_msg/face_msg_s__rosidl_typesupport_c.cpython-310-x86_64-linux-gnu.so
[0.857s] -- Up-to-date: /home/GTL/apaul/ros2_hw1/install/face_msg/lib/libface_msg__rosidl_generator_py.so
[0.858s] -- Up-to-date: /home/GTL/apaul/ros2_hw1/install/face_msg/share/face_msg/msg/Roilist.idl
[0.862s] -- Up-to-date: /home/GTL/apaul/ros2_hw1/install/face_msg/share/face_msg/msg/Roilist.msg
[0.862s] -- Up-to-date: /home/GTL/apaul/ros2_hw1/install/face_msg/share/ament_index/resource_index/package_run_dependencies/face_msg
[0.862s] -- Up-to-date: /home/GTL/apaul/ros2_hw1/install/face_msg/share/ament_index/resource_index/parent_prefix_path/face_msg
[0.862s] -- Up-to-date: /home/GTL/apaul/ros2_hw1/install/face_msg/share/face_msg/environment/ament_prefix_path.sh
[0.863s] -- Up-to-date: /home/GTL/apaul/ros2_hw1/install/face_msg/share/face_msg/environment/ament_prefix_path.dsv
[0.863s] -- Up-to-date: /home/GTL/apaul/ros2_hw1/install/face_msg/share/face_msg/environment/path.sh
[0.863s] -- Up-to-date: /home/GTL/apaul/ros2_hw1/install/face_msg/share/face_msg/environment/path.dsv
[0.863s] -- Up-to-date: /home/GTL/apaul/ros2_hw1/install/face_msg/share/face_msg/local_setup.bash
[0.863s] -- Up-to-date: /home/GTL/apaul/ros2_hw1/install/face_msg/share/face_msg/local_setup.sh
[0.863s] -- Up-to-date: /home/GTL/apaul/ros2_hw1/install/face_msg/share/face_msg/local_setup.zsh
[0.864s] -- Up-to-date: /home/GTL/apaul/ros2_hw1/install/face_msg/share/face_msg/local_setup.dsv
[0.864s] -- Installing: /home/GTL/apaul/ros2_hw1/install/face_msg/share/face_msg/package.dsv
[0.869s] -- Up-to-date: /home/GTL/apaul/ros2_hw1/install/face_msg/share/ament_index/resource_index/packages/face_msg
[0.871s] -- Up-to-date: /home/GTL/apaul/ros2_hw1/install/face_msg/share/face_msg/cmake/export_face_msg__rosidl_generator_cExport.cmake
[0.871s] -- Up-to-date: /home/GTL/apaul/ros2_hw1/install/face_msg/share/face_msg/cmake/export_face_msg__rosidl_generator_cExport-noconfig.cmake
[0.872s] -- Up-to-date: /home/GTL/apaul/ros2_hw1/install/face_msg/share/face_msg/cmake/export_face_msg__rosidl_typesupport_fastrtps_cExport.cmake
[0.873s] -- Up-to-date: /home/GTL/apaul/ros2_hw1/install/face_msg/share/face_msg/cmake/export_face_msg__rosidl_typesupport_fastrtps_cExport-noconfig.cmake
[0.874s] -- Up-to-date: /home/GTL/apaul/ros2_hw1/install/face_msg/share/face_msg/cmake/export_face_msg__rosidl_generator_cppExport.cmake
[0.875s] -- Up-to-date: /home/GTL/apaul/ros2_hw1/install/face_msg/share/face_msg/cmake/export_face_msg__rosidl_typesupport_fastrtps_cppExport.cmake
[0.876s] -- Up-to-date: /home/GTL/apaul/ros2_hw1/install/face_msg/share/face_msg/cmake/export_face_msg__rosidl_typesupport_fastrtps_cppExport-noconfig.cmake
[0.877s] -- Up-to-date: /home/GTL/apaul/ros2_hw1/install/face_msg/share/face_msg/cmake/face_msg__rosidl_typesupport_introspection_cExport.cmake
[0.878s] -- Up-to-date: /home/GTL/apaul/ros2_hw1/install/face_msg/share/face_msg/cmake/face_msg__rosidl_typesupport_introspection_cExport-noconfig.cmake
[0.879s] -- Up-to-date: /home/GTL/apaul/ros2_hw1/install/face_msg/share/face_msg/cmake/face_msg__rosidl_typesupport_cExport.cmake
[0.880s] -- Up-to-date: /home/GTL/apaul/ros2_hw1/install/face_msg/share/face_msg/cmake/face_msg__rosidl_typesupport_cExport-noconfig.cmake
[0.881s] -- Up-to-date: /home/GTL/apaul/ros2_hw1/install/face_msg/share/face_msg/cmake/face_msg__rosidl_typesupport_introspection_cppExport.cmake
[0.881s] -- Up-to-date: /home/GTL/apaul/ros2_hw1/install/face_msg/share/face_msg/cmake/face_msg__rosidl_typesupport_introspection_cppExport-noconfig.cmake
[0.883s] -- Up-to-date: /home/GTL/apaul/ros2_hw1/install/face_msg/share/face_msg/cmake/face_msg__rosidl_typesupport_cppExport.cmake
[0.883s] -- Up-to-date: /home/GTL/apaul/ros2_hw1/install/face_msg/share/face_msg/cmake/face_msg__rosidl_typesupport_cppExport-noconfig.cmake
[0.884s] -- Up-to-date: /home/GTL/apaul/ros2_hw1/install/face_msg/share/face_msg/cmake/export_face_msg__rosidl_generator_pyExport.cmake
[0.885s] -- Up-to-date: /home/GTL/apaul/ros2_hw1/install/face_msg/share/face_msg/cmake/export_face_msg__rosidl_generator_pyExport-noconfig.cmake
[0.885s] -- Up-to-date: /home/GTL/apaul/ros2_hw1/install/face_msg/share/face_msg/cmake/rosidl_cmake-extras.cmake
[0.885s] -- Up-to-date: /home/GTL/apaul/ros2_hw1/install/face_msg/share/face_msg/cmake/ament_cmake_export_dependencies-extras.cmake
[0.886s] -- Up-to-date: /home/GTL/apaul/ros2_hw1/install/face_msg/share/face_msg/cmake/ament_cmake_export_include_directories-extras.cmake
[0.886s] -- Up-to-date: /home/GTL/apaul/ros2_hw1/install/face_msg/share/face_msg/cmake/ament_cmake_export_libraries-extras.cmake
[0.887s] -- Up-to-date: /home/GTL/apaul/ros2_hw1/install/face_msg/share/face_msg/cmake/ament_cmake_export_targets-extras.cmake
[0.887s] -- Up-to-date: /home/GTL/apaul/ros2_hw1/install/face_msg/share/face_msg/cmake/rosidl_cmake_export_typesupport_targets-extras.cmake
[0.887s] -- Up-to-date: /home/GTL/apaul/ros2_hw1/install/face_msg/share/face_msg/cmake/rosidl_cmake_export_typesupport_libraries-extras.cmake
[0.887s] -- Up-to-date: /home/GTL/apaul/ros2_hw1/install/face_msg/share/face_msg/cmake/face_msgConfig.cmake
[0.888s] -- Up-to-date: /home/GTL/apaul/ros2_hw1/install/face_msg/share/face_msg/cmake/face_msgConfig-version.cmake
[0.888s] -- Up-to-date: /home/GTL/apaul/ros2_hw1/install/face_msg/share/face_msg/package.xml
[0.920s] Invoked command in '/home/GTL/apaul/ros2_hw1/build/face_msg' returned '0': CMAKE_PREFIX_PATH=/opt/ros/humble /usr/bin/cmake --install /home/GTL/apaul/ros2_hw1/build/face_msg
