[0.191s] Invoking command in '/home/GTL/pcastere/ros_hw1/ros2_hw1/build/cs7630_msgs': CMAKE_PREFIX_PATH=${CMAKE_PREFIX_PATH}:/home/GTL/pcastere/ros_hw1/ros2_hw1/install/vrep_ros_teleop:/home/GTL/pcastere/ros_hw1/ros2_hw1/install/task_manager_client_py:/home/GTL/pcastere/ros_hw1/ros2_hw1/install/ar_slam_base:/home/GTL/pcastere/ros_hw1/ros2_hw1/install/ar_loc_base:/home/GTL/pcastere/ros_hw1/ros2_hw1/install/rover_driver_base:/home/GTL/pcastere/ros_hw1/ros2_hw1/install/keyboard_teleop:/home/GTL/pcastere/ros_hw1/ros2_hw1/install/face_detect_base:/home/GTL/pcastere/ros_hw1/ros2_hw1/install/button_server:/home/GTL/pcastere/ros_hw1/ros2_hw1/install/ar_mapping_base:/opt/ros/humble /usr/bin/cmake --build /home/GTL/pcastere/ros_hw1/ros2_hw1/build/cs7630_msgs -- -j16 -l16
[1.163s] [  2%] Built target cs7630_msgs__cpp
[1.163s] [ 12%] Built target cs7630_msgs__rosidl_generator_c
[1.163s] [ 57%] Built target cs7630_msgs__rosidl_typesupport_cpp
[1.163s] [ 57%] Built target cs7630_msgs__rosidl_typesupport_introspection_cpp
[1.163s] [ 57%] Built target cs7630_msgs__rosidl_typesupport_fastrtps_cpp
[1.163s] [ 76%] Built target cs7630_msgs__rosidl_typesupport_c
[1.163s] [ 76%] Built target cs7630_msgs__rosidl_typesupport_fastrtps_c
[1.163s] [ 76%] Built target cs7630_msgs__rosidl_typesupport_introspection_c
[1.163s] [ 76%] Built target ament_cmake_python_copy_cs7630_msgs
[1.163s] [ 76%] Built target cs7630_msgs
[1.163s] [ 78%] Built target cs7630_msgs__py
[1.163s] [ 87%] Built target cs7630_msgs__rosidl_generator_py
[1.163s] [100%] Built target cs7630_msgs__rosidl_typesupport_fastrtps_c__pyext
[1.163s] [100%] Built target cs7630_msgs__rosidl_typesupport_introspection_c__pyext
[1.163s] [100%] Built target cs7630_msgs__rosidl_typesupport_c__pyext
[1.163s] running egg_info
[1.163s] writing cs7630_msgs.egg-info/PKG-INFO
[1.163s] writing dependency_links to cs7630_msgs.egg-info/dependency_links.txt
[1.163s] writing top-level names to cs7630_msgs.egg-info/top_level.txt
[1.163s] reading manifest file 'cs7630_msgs.egg-info/SOURCES.txt'
[1.163s] writing manifest file 'cs7630_msgs.egg-info/SOURCES.txt'
[1.163s] [100%] Built target ament_cmake_python_build_cs7630_msgs_egg
[1.416s] Invoked command in '/home/GTL/pcastere/ros_hw1/ros2_hw1/build/cs7630_msgs' returned '0': CMAKE_PREFIX_PATH=${CMAKE_PREFIX_PATH}:/home/GTL/pcastere/ros_hw1/ros2_hw1/install/vrep_ros_teleop:/home/GTL/pcastere/ros_hw1/ros2_hw1/install/task_manager_client_py:/home/GTL/pcastere/ros_hw1/ros2_hw1/install/ar_slam_base:/home/GTL/pcastere/ros_hw1/ros2_hw1/install/ar_loc_base:/home/GTL/pcastere/ros_hw1/ros2_hw1/install/rover_driver_base:/home/GTL/pcastere/ros_hw1/ros2_hw1/install/keyboard_teleop:/home/GTL/pcastere/ros_hw1/ros2_hw1/install/face_detect_base:/home/GTL/pcastere/ros_hw1/ros2_hw1/install/button_server:/home/GTL/pcastere/ros_hw1/ros2_hw1/install/ar_mapping_base:/opt/ros/humble /usr/bin/cmake --build /home/GTL/pcastere/ros_hw1/ros2_hw1/build/cs7630_msgs -- -j16 -l16
[1.508s] Invoking command in '/home/GTL/pcastere/ros_hw1/ros2_hw1/build/cs7630_msgs': CMAKE_PREFIX_PATH=${CMAKE_PREFIX_PATH}:/home/GTL/pcastere/ros_hw1/ros2_hw1/install/vrep_ros_teleop:/home/GTL/pcastere/ros_hw1/ros2_hw1/install/task_manager_client_py:/home/GTL/pcastere/ros_hw1/ros2_hw1/install/ar_slam_base:/home/GTL/pcastere/ros_hw1/ros2_hw1/install/ar_loc_base:/home/GTL/pcastere/ros_hw1/ros2_hw1/install/rover_driver_base:/home/GTL/pcastere/ros_hw1/ros2_hw1/install/keyboard_teleop:/home/GTL/pcastere/ros_hw1/ros2_hw1/install/face_detect_base:/home/GTL/pcastere/ros_hw1/ros2_hw1/install/button_server:/home/GTL/pcastere/ros_hw1/ros2_hw1/install/ar_mapping_base:/opt/ros/humble /usr/bin/cmake --install /home/GTL/pcastere/ros_hw1/ros2_hw1/build/cs7630_msgs
[1.552s] -- Install configuration: ""
[1.552s] -- Up-to-date: /home/GTL/pcastere/ros_hw1/ros2_hw1/install/cs7630_msgs/share/ament_index/resource_index/rosidl_interfaces/cs7630_msgs
[1.552s] -- Up-to-date: /home/GTL/pcastere/ros_hw1/ros2_hw1/install/cs7630_msgs/include/cs7630_msgs/cs7630_msgs
[1.552s] -- Up-to-date: /home/GTL/pcastere/ros_hw1/ros2_hw1/install/cs7630_msgs/include/cs7630_msgs/cs7630_msgs/msg
[1.552s] -- Up-to-date: /home/GTL/pcastere/ros_hw1/ros2_hw1/install/cs7630_msgs/include/cs7630_msgs/cs7630_msgs/msg/trajectory.h
[1.552s] -- Up-to-date: /home/GTL/pcastere/ros_hw1/ros2_hw1/install/cs7630_msgs/include/cs7630_msgs/cs7630_msgs/msg/roi_array.h
[1.552s] -- Up-to-date: /home/GTL/pcastere/ros_hw1/ros2_hw1/install/cs7630_msgs/include/cs7630_msgs/cs7630_msgs/msg/detail
[1.552s] -- Up-to-date: /home/GTL/pcastere/ros_hw1/ros2_hw1/install/cs7630_msgs/include/cs7630_msgs/cs7630_msgs/msg/detail/trajectory_element__functions.h
[1.553s] -- Up-to-date: /home/GTL/pcastere/ros_hw1/ros2_hw1/install/cs7630_msgs/include/cs7630_msgs/cs7630_msgs/msg/detail/trajectory_element__functions.c
[1.553s] -- Up-to-date: /home/GTL/pcastere/ros_hw1/ros2_hw1/install/cs7630_msgs/include/cs7630_msgs/cs7630_msgs/msg/detail/trajectory__struct.h
[1.553s] -- Up-to-date: /home/GTL/pcastere/ros_hw1/ros2_hw1/install/cs7630_msgs/include/cs7630_msgs/cs7630_msgs/msg/detail/roi_array__type_support.h
[1.553s] -- Up-to-date: /home/GTL/pcastere/ros_hw1/ros2_hw1/install/cs7630_msgs/include/cs7630_msgs/cs7630_msgs/msg/detail/trajectory__functions.c
[1.553s] -- Up-to-date: /home/GTL/pcastere/ros_hw1/ros2_hw1/install/cs7630_msgs/include/cs7630_msgs/cs7630_msgs/msg/detail/trajectory_element__type_support.h
[1.553s] -- Up-to-date: /home/GTL/pcastere/ros_hw1/ros2_hw1/install/cs7630_msgs/include/cs7630_msgs/cs7630_msgs/msg/detail/trajectory__functions.h
[1.553s] -- Up-to-date: /home/GTL/pcastere/ros_hw1/ros2_hw1/install/cs7630_msgs/include/cs7630_msgs/cs7630_msgs/msg/detail/roi_array__functions.c
[1.553s] -- Up-to-date: /home/GTL/pcastere/ros_hw1/ros2_hw1/install/cs7630_msgs/include/cs7630_msgs/cs7630_msgs/msg/detail/trajectory__type_support.h
[1.553s] -- Up-to-date: /home/GTL/pcastere/ros_hw1/ros2_hw1/install/cs7630_msgs/include/cs7630_msgs/cs7630_msgs/msg/detail/roi_array__functions.h
[1.553s] -- Up-to-date: /home/GTL/pcastere/ros_hw1/ros2_hw1/install/cs7630_msgs/include/cs7630_msgs/cs7630_msgs/msg/detail/roi_array__struct.h
[1.553s] -- Up-to-date: /home/GTL/pcastere/ros_hw1/ros2_hw1/install/cs7630_msgs/include/cs7630_msgs/cs7630_msgs/msg/detail/trajectory_element__struct.h
[1.553s] -- Up-to-date: /home/GTL/pcastere/ros_hw1/ros2_hw1/install/cs7630_msgs/include/cs7630_msgs/cs7630_msgs/msg/rosidl_generator_c__visibility_control.h
[1.553s] -- Up-to-date: /home/GTL/pcastere/ros_hw1/ros2_hw1/install/cs7630_msgs/include/cs7630_msgs/cs7630_msgs/msg/trajectory_element.h
[1.553s] -- Up-to-date: /home/GTL/pcastere/ros_hw1/ros2_hw1/install/cs7630_msgs/share/cs7630_msgs/environment/library_path.sh
[1.553s] -- Up-to-date: /home/GTL/pcastere/ros_hw1/ros2_hw1/install/cs7630_msgs/share/cs7630_msgs/environment/library_path.dsv
[1.553s] -- Up-to-date: /home/GTL/pcastere/ros_hw1/ros2_hw1/install/cs7630_msgs/lib/libcs7630_msgs__rosidl_generator_c.so
[1.553s] -- Up-to-date: /home/GTL/pcastere/ros_hw1/ros2_hw1/install/cs7630_msgs/include/cs7630_msgs/cs7630_msgs
[1.553s] -- Up-to-date: /home/GTL/pcastere/ros_hw1/ros2_hw1/install/cs7630_msgs/include/cs7630_msgs/cs7630_msgs/msg
[1.553s] -- Up-to-date: /home/GTL/pcastere/ros_hw1/ros2_hw1/install/cs7630_msgs/include/cs7630_msgs/cs7630_msgs/msg/detail
[1.553s] -- Up-to-date: /home/GTL/pcastere/ros_hw1/ros2_hw1/install/cs7630_msgs/include/cs7630_msgs/cs7630_msgs/msg/detail/trajectory_element__rosidl_typesupport_fastrtps_c.h
[1.553s] -- Up-to-date: /home/GTL/pcastere/ros_hw1/ros2_hw1/install/cs7630_msgs/include/cs7630_msgs/cs7630_msgs/msg/detail/trajectory__rosidl_typesupport_fastrtps_c.h
[1.553s] -- Up-to-date: /home/GTL/pcastere/ros_hw1/ros2_hw1/install/cs7630_msgs/include/cs7630_msgs/cs7630_msgs/msg/detail/roi_array__rosidl_typesupport_fastrtps_c.h
[1.553s] -- Up-to-date: /home/GTL/pcastere/ros_hw1/ros2_hw1/install/cs7630_msgs/include/cs7630_msgs/cs7630_msgs/msg/rosidl_typesupport_fastrtps_c__visibility_control.h
[1.553s] -- Up-to-date: /home/GTL/pcastere/ros_hw1/ros2_hw1/install/cs7630_msgs/lib/libcs7630_msgs__rosidl_typesupport_fastrtps_c.so
[1.553s] -- Up-to-date: /home/GTL/pcastere/ros_hw1/ros2_hw1/install/cs7630_msgs/include/cs7630_msgs/cs7630_msgs
[1.553s] -- Up-to-date: /home/GTL/pcastere/ros_hw1/ros2_hw1/install/cs7630_msgs/include/cs7630_msgs/cs7630_msgs/msg
[1.553s] -- Up-to-date: /home/GTL/pcastere/ros_hw1/ros2_hw1/install/cs7630_msgs/include/cs7630_msgs/cs7630_msgs/msg/detail
[1.554s] -- Up-to-date: /home/GTL/pcastere/ros_hw1/ros2_hw1/install/cs7630_msgs/include/cs7630_msgs/cs7630_msgs/msg/detail/trajectory_element__struct.hpp
[1.554s] -- Up-to-date: /home/GTL/pcastere/ros_hw1/ros2_hw1/install/cs7630_msgs/include/cs7630_msgs/cs7630_msgs/msg/detail/trajectory_element__traits.hpp
[1.554s] -- Up-to-date: /home/GTL/pcastere/ros_hw1/ros2_hw1/install/cs7630_msgs/include/cs7630_msgs/cs7630_msgs/msg/detail/trajectory__builder.hpp
[1.554s] -- Up-to-date: /home/GTL/pcastere/ros_hw1/ros2_hw1/install/cs7630_msgs/include/cs7630_msgs/cs7630_msgs/msg/detail/roi_array__struct.hpp
[1.554s] -- Up-to-date: /home/GTL/pcastere/ros_hw1/ros2_hw1/install/cs7630_msgs/include/cs7630_msgs/cs7630_msgs/msg/detail/trajectory_element__builder.hpp
[1.554s] -- Up-to-date: /home/GTL/pcastere/ros_hw1/ros2_hw1/install/cs7630_msgs/include/cs7630_msgs/cs7630_msgs/msg/detail/roi_array__builder.hpp
[1.554s] -- Up-to-date: /home/GTL/pcastere/ros_hw1/ros2_hw1/install/cs7630_msgs/include/cs7630_msgs/cs7630_msgs/msg/detail/trajectory__struct.hpp
[1.554s] -- Up-to-date: /home/GTL/pcastere/ros_hw1/ros2_hw1/install/cs7630_msgs/include/cs7630_msgs/cs7630_msgs/msg/detail/trajectory__traits.hpp
[1.554s] -- Up-to-date: /home/GTL/pcastere/ros_hw1/ros2_hw1/install/cs7630_msgs/include/cs7630_msgs/cs7630_msgs/msg/detail/roi_array__traits.hpp
[1.554s] -- Up-to-date: /home/GTL/pcastere/ros_hw1/ros2_hw1/install/cs7630_msgs/include/cs7630_msgs/cs7630_msgs/msg/roi_array.hpp
[1.554s] -- Up-to-date: /home/GTL/pcastere/ros_hw1/ros2_hw1/install/cs7630_msgs/include/cs7630_msgs/cs7630_msgs/msg/trajectory.hpp
[1.554s] -- Up-to-date: /home/GTL/pcastere/ros_hw1/ros2_hw1/install/cs7630_msgs/include/cs7630_msgs/cs7630_msgs/msg/trajectory_element.hpp
[1.554s] -- Up-to-date: /home/GTL/pcastere/ros_hw1/ros2_hw1/install/cs7630_msgs/include/cs7630_msgs/cs7630_msgs
[1.554s] -- Up-to-date: /home/GTL/pcastere/ros_hw1/ros2_hw1/install/cs7630_msgs/include/cs7630_msgs/cs7630_msgs/msg
[1.554s] -- Up-to-date: /home/GTL/pcastere/ros_hw1/ros2_hw1/install/cs7630_msgs/include/cs7630_msgs/cs7630_msgs/msg/detail
[1.554s] -- Up-to-date: /home/GTL/pcastere/ros_hw1/ros2_hw1/install/cs7630_msgs/include/cs7630_msgs/cs7630_msgs/msg/detail/roi_array__rosidl_typesupport_fastrtps_cpp.hpp
[1.554s] -- Up-to-date: /home/GTL/pcastere/ros_hw1/ros2_hw1/install/cs7630_msgs/include/cs7630_msgs/cs7630_msgs/msg/detail/dds_fastrtps
[1.554s] -- Up-to-date: /home/GTL/pcastere/ros_hw1/ros2_hw1/install/cs7630_msgs/include/cs7630_msgs/cs7630_msgs/msg/detail/trajectory_element__rosidl_typesupport_fastrtps_cpp.hpp
[1.554s] -- Up-to-date: /home/GTL/pcastere/ros_hw1/ros2_hw1/install/cs7630_msgs/include/cs7630_msgs/cs7630_msgs/msg/detail/trajectory__rosidl_typesupport_fastrtps_cpp.hpp
[1.554s] -- Up-to-date: /home/GTL/pcastere/ros_hw1/ros2_hw1/install/cs7630_msgs/include/cs7630_msgs/cs7630_msgs/msg/rosidl_typesupport_fastrtps_cpp__visibility_control.h
[1.554s] -- Up-to-date: /home/GTL/pcastere/ros_hw1/ros2_hw1/install/cs7630_msgs/lib/libcs7630_msgs__rosidl_typesupport_fastrtps_cpp.so
[1.554s] -- Up-to-date: /home/GTL/pcastere/ros_hw1/ros2_hw1/install/cs7630_msgs/include/cs7630_msgs/cs7630_msgs
[1.554s] -- Up-to-date: /home/GTL/pcastere/ros_hw1/ros2_hw1/install/cs7630_msgs/include/cs7630_msgs/cs7630_msgs/msg
[1.554s] -- Up-to-date: /home/GTL/pcastere/ros_hw1/ros2_hw1/install/cs7630_msgs/include/cs7630_msgs/cs7630_msgs/msg/detail
[1.554s] -- Up-to-date: /home/GTL/pcastere/ros_hw1/ros2_hw1/install/cs7630_msgs/include/cs7630_msgs/cs7630_msgs/msg/detail/roi_array__rosidl_typesupport_introspection_c.h
[1.554s] -- Up-to-date: /home/GTL/pcastere/ros_hw1/ros2_hw1/install/cs7630_msgs/include/cs7630_msgs/cs7630_msgs/msg/detail/trajectory_element__rosidl_typesupport_introspection_c.h
[1.554s] -- Up-to-date: /home/GTL/pcastere/ros_hw1/ros2_hw1/install/cs7630_msgs/include/cs7630_msgs/cs7630_msgs/msg/detail/roi_array__type_support.c
[1.554s] -- Up-to-date: /home/GTL/pcastere/ros_hw1/ros2_hw1/install/cs7630_msgs/include/cs7630_msgs/cs7630_msgs/msg/detail/trajectory__rosidl_typesupport_introspection_c.h
[1.555s] -- Up-to-date: /home/GTL/pcastere/ros_hw1/ros2_hw1/install/cs7630_msgs/include/cs7630_msgs/cs7630_msgs/msg/detail/trajectory_element__type_support.c
[1.555s] -- Up-to-date: /home/GTL/pcastere/ros_hw1/ros2_hw1/install/cs7630_msgs/include/cs7630_msgs/cs7630_msgs/msg/detail/trajectory__type_support.c
[1.555s] -- Up-to-date: /home/GTL/pcastere/ros_hw1/ros2_hw1/install/cs7630_msgs/include/cs7630_msgs/cs7630_msgs/msg/rosidl_typesupport_introspection_c__visibility_control.h
[1.555s] -- Up-to-date: /home/GTL/pcastere/ros_hw1/ros2_hw1/install/cs7630_msgs/lib/libcs7630_msgs__rosidl_typesupport_introspection_c.so
[1.555s] -- Up-to-date: /home/GTL/pcastere/ros_hw1/ros2_hw1/install/cs7630_msgs/lib/libcs7630_msgs__rosidl_typesupport_c.so
[1.555s] -- Up-to-date: /home/GTL/pcastere/ros_hw1/ros2_hw1/install/cs7630_msgs/include/cs7630_msgs/cs7630_msgs
[1.555s] -- Up-to-date: /home/GTL/pcastere/ros_hw1/ros2_hw1/install/cs7630_msgs/include/cs7630_msgs/cs7630_msgs/msg
[1.555s] -- Up-to-date: /home/GTL/pcastere/ros_hw1/ros2_hw1/install/cs7630_msgs/include/cs7630_msgs/cs7630_msgs/msg/detail
[1.555s] -- Up-to-date: /home/GTL/pcastere/ros_hw1/ros2_hw1/install/cs7630_msgs/include/cs7630_msgs/cs7630_msgs/msg/detail/roi_array__type_support.cpp
[1.555s] -- Up-to-date: /home/GTL/pcastere/ros_hw1/ros2_hw1/install/cs7630_msgs/include/cs7630_msgs/cs7630_msgs/msg/detail/trajectory_element__rosidl_typesupport_introspection_cpp.hpp
[1.555s] -- Up-to-date: /home/GTL/pcastere/ros_hw1/ros2_hw1/install/cs7630_msgs/include/cs7630_msgs/cs7630_msgs/msg/detail/roi_array__rosidl_typesupport_introspection_cpp.hpp
[1.555s] -- Up-to-date: /home/GTL/pcastere/ros_hw1/ros2_hw1/install/cs7630_msgs/include/cs7630_msgs/cs7630_msgs/msg/detail/trajectory__rosidl_typesupport_introspection_cpp.hpp
[1.555s] -- Up-to-date: /home/GTL/pcastere/ros_hw1/ros2_hw1/install/cs7630_msgs/include/cs7630_msgs/cs7630_msgs/msg/detail/trajectory_element__type_support.cpp
[1.555s] -- Up-to-date: /home/GTL/pcastere/ros_hw1/ros2_hw1/install/cs7630_msgs/include/cs7630_msgs/cs7630_msgs/msg/detail/trajectory__type_support.cpp
[1.555s] -- Up-to-date: /home/GTL/pcastere/ros_hw1/ros2_hw1/install/cs7630_msgs/lib/libcs7630_msgs__rosidl_typesupport_introspection_cpp.so
[1.555s] -- Up-to-date: /home/GTL/pcastere/ros_hw1/ros2_hw1/install/cs7630_msgs/lib/libcs7630_msgs__rosidl_typesupport_cpp.so
[1.555s] -- Up-to-date: /home/GTL/pcastere/ros_hw1/ros2_hw1/install/cs7630_msgs/share/cs7630_msgs/environment/pythonpath.sh
[1.555s] -- Up-to-date: /home/GTL/pcastere/ros_hw1/ros2_hw1/install/cs7630_msgs/share/cs7630_msgs/environment/pythonpath.dsv
[1.555s] -- Up-to-date: /home/GTL/pcastere/ros_hw1/ros2_hw1/install/cs7630_msgs/local/lib/python3.10/dist-packages/cs7630_msgs-0.0.0-py3.10.egg-info
[1.555s] -- Installing: /home/GTL/pcastere/ros_hw1/ros2_hw1/install/cs7630_msgs/local/lib/python3.10/dist-packages/cs7630_msgs-0.0.0-py3.10.egg-info/dependency_links.txt
[1.555s] -- Installing: /home/GTL/pcastere/ros_hw1/ros2_hw1/install/cs7630_msgs/local/lib/python3.10/dist-packages/cs7630_msgs-0.0.0-py3.10.egg-info/top_level.txt
[1.559s] -- Installing: /home/GTL/pcastere/ros_hw1/ros2_hw1/install/cs7630_msgs/local/lib/python3.10/dist-packages/cs7630_msgs-0.0.0-py3.10.egg-info/PKG-INFO
[1.562s] -- Installing: /home/GTL/pcastere/ros_hw1/ros2_hw1/install/cs7630_msgs/local/lib/python3.10/dist-packages/cs7630_msgs-0.0.0-py3.10.egg-info/SOURCES.txt
[1.566s] -- Up-to-date: /home/GTL/pcastere/ros_hw1/ros2_hw1/install/cs7630_msgs/local/lib/python3.10/dist-packages/cs7630_msgs
[1.566s] -- Up-to-date: /home/GTL/pcastere/ros_hw1/ros2_hw1/install/cs7630_msgs/local/lib/python3.10/dist-packages/cs7630_msgs/msg
[1.567s] -- Up-to-date: /home/GTL/pcastere/ros_hw1/ros2_hw1/install/cs7630_msgs/local/lib/python3.10/dist-packages/cs7630_msgs/msg/_trajectory.py
[1.567s] -- Up-to-date: /home/GTL/pcastere/ros_hw1/ros2_hw1/install/cs7630_msgs/local/lib/python3.10/dist-packages/cs7630_msgs/msg/_roi_array_s.c
[1.568s] -- Up-to-date: /home/GTL/pcastere/ros_hw1/ros2_hw1/install/cs7630_msgs/local/lib/python3.10/dist-packages/cs7630_msgs/msg/_roi_array.py
[1.568s] -- Up-to-date: /home/GTL/pcastere/ros_hw1/ros2_hw1/install/cs7630_msgs/local/lib/python3.10/dist-packages/cs7630_msgs/msg/_trajectory_s.c
[1.568s] -- Up-to-date: /home/GTL/pcastere/ros_hw1/ros2_hw1/install/cs7630_msgs/local/lib/python3.10/dist-packages/cs7630_msgs/msg/__init__.py
[1.568s] -- Up-to-date: /home/GTL/pcastere/ros_hw1/ros2_hw1/install/cs7630_msgs/local/lib/python3.10/dist-packages/cs7630_msgs/msg/_trajectory_element_s.c
[1.568s] -- Up-to-date: /home/GTL/pcastere/ros_hw1/ros2_hw1/install/cs7630_msgs/local/lib/python3.10/dist-packages/cs7630_msgs/msg/_trajectory_element.py
[1.569s] -- Up-to-date: /home/GTL/pcastere/ros_hw1/ros2_hw1/install/cs7630_msgs/local/lib/python3.10/dist-packages/cs7630_msgs/cs7630_msgs_s__rosidl_typesupport_c.cpython-310-x86_64-linux-gnu.so
[1.569s] -- Up-to-date: /home/GTL/pcastere/ros_hw1/ros2_hw1/install/cs7630_msgs/local/lib/python3.10/dist-packages/cs7630_msgs/libcs7630_msgs__rosidl_generator_py.so
[1.569s] -- Up-to-date: /home/GTL/pcastere/ros_hw1/ros2_hw1/install/cs7630_msgs/local/lib/python3.10/dist-packages/cs7630_msgs/cs7630_msgs_s__rosidl_typesupport_fastrtps_c.cpython-310-x86_64-linux-gnu.so
[1.569s] -- Up-to-date: /home/GTL/pcastere/ros_hw1/ros2_hw1/install/cs7630_msgs/local/lib/python3.10/dist-packages/cs7630_msgs/_cs7630_msgs_s.ep.rosidl_typesupport_c.c
[1.569s] -- Up-to-date: /home/GTL/pcastere/ros_hw1/ros2_hw1/install/cs7630_msgs/local/lib/python3.10/dist-packages/cs7630_msgs/cs7630_msgs_s__rosidl_typesupport_introspection_c.cpython-310-x86_64-linux-gnu.so
[1.570s] -- Up-to-date: /home/GTL/pcastere/ros_hw1/ros2_hw1/install/cs7630_msgs/local/lib/python3.10/dist-packages/cs7630_msgs/_cs7630_msgs_s.ep.rosidl_typesupport_fastrtps_c.c
[1.570s] -- Up-to-date: /home/GTL/pcastere/ros_hw1/ros2_hw1/install/cs7630_msgs/local/lib/python3.10/dist-packages/cs7630_msgs/__init__.py
[1.570s] -- Up-to-date: /home/GTL/pcastere/ros_hw1/ros2_hw1/install/cs7630_msgs/local/lib/python3.10/dist-packages/cs7630_msgs/_cs7630_msgs_s.ep.rosidl_typesupport_introspection_c.c
[1.601s] Listing '/home/GTL/pcastere/ros_hw1/ros2_hw1/install/cs7630_msgs/local/lib/python3.10/dist-packages/cs7630_msgs'...
[1.601s] Listing '/home/GTL/pcastere/ros_hw1/ros2_hw1/install/cs7630_msgs/local/lib/python3.10/dist-packages/cs7630_msgs/msg'...
[1.606s] -- Up-to-date: /home/GTL/pcastere/ros_hw1/ros2_hw1/install/cs7630_msgs/local/lib/python3.10/dist-packages/cs7630_msgs/cs7630_msgs_s__rosidl_typesupport_fastrtps_c.cpython-310-x86_64-linux-gnu.so
[1.608s] -- Up-to-date: /home/GTL/pcastere/ros_hw1/ros2_hw1/install/cs7630_msgs/local/lib/python3.10/dist-packages/cs7630_msgs/cs7630_msgs_s__rosidl_typesupport_introspection_c.cpython-310-x86_64-linux-gnu.so
[1.610s] -- Up-to-date: /home/GTL/pcastere/ros_hw1/ros2_hw1/install/cs7630_msgs/local/lib/python3.10/dist-packages/cs7630_msgs/cs7630_msgs_s__rosidl_typesupport_c.cpython-310-x86_64-linux-gnu.so
[1.611s] -- Up-to-date: /home/GTL/pcastere/ros_hw1/ros2_hw1/install/cs7630_msgs/lib/libcs7630_msgs__rosidl_generator_py.so
[1.612s] -- Up-to-date: /home/GTL/pcastere/ros_hw1/ros2_hw1/install/cs7630_msgs/share/cs7630_msgs/msg/ROIArray.idl
[1.612s] -- Up-to-date: /home/GTL/pcastere/ros_hw1/ros2_hw1/install/cs7630_msgs/share/cs7630_msgs/msg/Trajectory.idl
[1.614s] -- Up-to-date: /home/GTL/pcastere/ros_hw1/ros2_hw1/install/cs7630_msgs/share/cs7630_msgs/msg/TrajectoryElement.idl
[1.614s] -- Up-to-date: /home/GTL/pcastere/ros_hw1/ros2_hw1/install/cs7630_msgs/share/cs7630_msgs/msg/ROIArray.msg
[1.614s] -- Up-to-date: /home/GTL/pcastere/ros_hw1/ros2_hw1/install/cs7630_msgs/share/cs7630_msgs/msg/Trajectory.msg
[1.616s] -- Up-to-date: /home/GTL/pcastere/ros_hw1/ros2_hw1/install/cs7630_msgs/share/cs7630_msgs/msg/TrajectoryElement.msg
[1.617s] -- Up-to-date: /home/GTL/pcastere/ros_hw1/ros2_hw1/install/cs7630_msgs/share/ament_index/resource_index/package_run_dependencies/cs7630_msgs
[1.617s] -- Up-to-date: /home/GTL/pcastere/ros_hw1/ros2_hw1/install/cs7630_msgs/share/ament_index/resource_index/parent_prefix_path/cs7630_msgs
[1.617s] -- Up-to-date: /home/GTL/pcastere/ros_hw1/ros2_hw1/install/cs7630_msgs/share/cs7630_msgs/environment/ament_prefix_path.sh
[1.617s] -- Up-to-date: /home/GTL/pcastere/ros_hw1/ros2_hw1/install/cs7630_msgs/share/cs7630_msgs/environment/ament_prefix_path.dsv
[1.618s] -- Up-to-date: /home/GTL/pcastere/ros_hw1/ros2_hw1/install/cs7630_msgs/share/cs7630_msgs/environment/path.sh
[1.618s] -- Up-to-date: /home/GTL/pcastere/ros_hw1/ros2_hw1/install/cs7630_msgs/share/cs7630_msgs/environment/path.dsv
[1.618s] -- Up-to-date: /home/GTL/pcastere/ros_hw1/ros2_hw1/install/cs7630_msgs/share/cs7630_msgs/local_setup.bash
[1.618s] -- Up-to-date: /home/GTL/pcastere/ros_hw1/ros2_hw1/install/cs7630_msgs/share/cs7630_msgs/local_setup.sh
[1.618s] -- Up-to-date: /home/GTL/pcastere/ros_hw1/ros2_hw1/install/cs7630_msgs/share/cs7630_msgs/local_setup.zsh
[1.618s] -- Up-to-date: /home/GTL/pcastere/ros_hw1/ros2_hw1/install/cs7630_msgs/share/cs7630_msgs/local_setup.dsv
[1.619s] -- Installing: /home/GTL/pcastere/ros_hw1/ros2_hw1/install/cs7630_msgs/share/cs7630_msgs/package.dsv
[1.619s] -- Up-to-date: /home/GTL/pcastere/ros_hw1/ros2_hw1/install/cs7630_msgs/share/ament_index/resource_index/packages/cs7630_msgs
[1.620s] -- Up-to-date: /home/GTL/pcastere/ros_hw1/ros2_hw1/install/cs7630_msgs/share/cs7630_msgs/cmake/export_cs7630_msgs__rosidl_generator_cExport.cmake
[1.620s] -- Up-to-date: /home/GTL/pcastere/ros_hw1/ros2_hw1/install/cs7630_msgs/share/cs7630_msgs/cmake/export_cs7630_msgs__rosidl_generator_cExport-noconfig.cmake
[1.621s] -- Up-to-date: /home/GTL/pcastere/ros_hw1/ros2_hw1/install/cs7630_msgs/share/cs7630_msgs/cmake/export_cs7630_msgs__rosidl_typesupport_fastrtps_cExport.cmake
[1.622s] -- Up-to-date: /home/GTL/pcastere/ros_hw1/ros2_hw1/install/cs7630_msgs/share/cs7630_msgs/cmake/export_cs7630_msgs__rosidl_typesupport_fastrtps_cExport-noconfig.cmake
[1.623s] -- Up-to-date: /home/GTL/pcastere/ros_hw1/ros2_hw1/install/cs7630_msgs/share/cs7630_msgs/cmake/export_cs7630_msgs__rosidl_generator_cppExport.cmake
[1.623s] -- Up-to-date: /home/GTL/pcastere/ros_hw1/ros2_hw1/install/cs7630_msgs/share/cs7630_msgs/cmake/export_cs7630_msgs__rosidl_typesupport_fastrtps_cppExport.cmake
[1.623s] -- Up-to-date: /home/GTL/pcastere/ros_hw1/ros2_hw1/install/cs7630_msgs/share/cs7630_msgs/cmake/export_cs7630_msgs__rosidl_typesupport_fastrtps_cppExport-noconfig.cmake
[1.624s] -- Up-to-date: /home/GTL/pcastere/ros_hw1/ros2_hw1/install/cs7630_msgs/share/cs7630_msgs/cmake/cs7630_msgs__rosidl_typesupport_introspection_cExport.cmake
[1.625s] -- Up-to-date: /home/GTL/pcastere/ros_hw1/ros2_hw1/install/cs7630_msgs/share/cs7630_msgs/cmake/cs7630_msgs__rosidl_typesupport_introspection_cExport-noconfig.cmake
[1.626s] -- Up-to-date: /home/GTL/pcastere/ros_hw1/ros2_hw1/install/cs7630_msgs/share/cs7630_msgs/cmake/cs7630_msgs__rosidl_typesupport_cExport.cmake
[1.626s] -- Up-to-date: /home/GTL/pcastere/ros_hw1/ros2_hw1/install/cs7630_msgs/share/cs7630_msgs/cmake/cs7630_msgs__rosidl_typesupport_cExport-noconfig.cmake
[1.627s] -- Up-to-date: /home/GTL/pcastere/ros_hw1/ros2_hw1/install/cs7630_msgs/share/cs7630_msgs/cmake/cs7630_msgs__rosidl_typesupport_introspection_cppExport.cmake
[1.627s] -- Up-to-date: /home/GTL/pcastere/ros_hw1/ros2_hw1/install/cs7630_msgs/share/cs7630_msgs/cmake/cs7630_msgs__rosidl_typesupport_introspection_cppExport-noconfig.cmake
[1.628s] -- Up-to-date: /home/GTL/pcastere/ros_hw1/ros2_hw1/install/cs7630_msgs/share/cs7630_msgs/cmake/cs7630_msgs__rosidl_typesupport_cppExport.cmake
[1.628s] -- Up-to-date: /home/GTL/pcastere/ros_hw1/ros2_hw1/install/cs7630_msgs/share/cs7630_msgs/cmake/cs7630_msgs__rosidl_typesupport_cppExport-noconfig.cmake
[1.629s] -- Up-to-date: /home/GTL/pcastere/ros_hw1/ros2_hw1/install/cs7630_msgs/share/cs7630_msgs/cmake/export_cs7630_msgs__rosidl_generator_pyExport.cmake
[1.630s] -- Up-to-date: /home/GTL/pcastere/ros_hw1/ros2_hw1/install/cs7630_msgs/share/cs7630_msgs/cmake/export_cs7630_msgs__rosidl_generator_pyExport-noconfig.cmake
[1.630s] -- Up-to-date: /home/GTL/pcastere/ros_hw1/ros2_hw1/install/cs7630_msgs/share/cs7630_msgs/cmake/rosidl_cmake-extras.cmake
[1.630s] -- Up-to-date: /home/GTL/pcastere/ros_hw1/ros2_hw1/install/cs7630_msgs/share/cs7630_msgs/cmake/ament_cmake_export_dependencies-extras.cmake
[1.630s] -- Up-to-date: /home/GTL/pcastere/ros_hw1/ros2_hw1/install/cs7630_msgs/share/cs7630_msgs/cmake/ament_cmake_export_include_directories-extras.cmake
[1.631s] -- Up-to-date: /home/GTL/pcastere/ros_hw1/ros2_hw1/install/cs7630_msgs/share/cs7630_msgs/cmake/ament_cmake_export_libraries-extras.cmake
[1.631s] -- Up-to-date: /home/GTL/pcastere/ros_hw1/ros2_hw1/install/cs7630_msgs/share/cs7630_msgs/cmake/ament_cmake_export_targets-extras.cmake
[1.632s] -- Up-to-date: /home/GTL/pcastere/ros_hw1/ros2_hw1/install/cs7630_msgs/share/cs7630_msgs/cmake/rosidl_cmake_export_typesupport_targets-extras.cmake
[1.632s] -- Up-to-date: /home/GTL/pcastere/ros_hw1/ros2_hw1/install/cs7630_msgs/share/cs7630_msgs/cmake/rosidl_cmake_export_typesupport_libraries-extras.cmake
[1.632s] -- Up-to-date: /home/GTL/pcastere/ros_hw1/ros2_hw1/install/cs7630_msgs/share/cs7630_msgs/cmake/cs7630_msgsConfig.cmake
[1.632s] -- Up-to-date: /home/GTL/pcastere/ros_hw1/ros2_hw1/install/cs7630_msgs/share/cs7630_msgs/cmake/cs7630_msgsConfig-version.cmake
[1.633s] -- Up-to-date: /home/GTL/pcastere/ros_hw1/ros2_hw1/install/cs7630_msgs/share/cs7630_msgs/package.xml
[1.650s] Invoked command in '/home/GTL/pcastere/ros_hw1/ros2_hw1/build/cs7630_msgs' returned '0': CMAKE_PREFIX_PATH=${CMAKE_PREFIX_PATH}:/home/GTL/pcastere/ros_hw1/ros2_hw1/install/vrep_ros_teleop:/home/GTL/pcastere/ros_hw1/ros2_hw1/install/task_manager_client_py:/home/GTL/pcastere/ros_hw1/ros2_hw1/install/ar_slam_base:/home/GTL/pcastere/ros_hw1/ros2_hw1/install/ar_loc_base:/home/GTL/pcastere/ros_hw1/ros2_hw1/install/rover_driver_base:/home/GTL/pcastere/ros_hw1/ros2_hw1/install/keyboard_teleop:/home/GTL/pcastere/ros_hw1/ros2_hw1/install/face_detect_base:/home/GTL/pcastere/ros_hw1/ros2_hw1/install/button_server:/home/GTL/pcastere/ros_hw1/ros2_hw1/install/ar_mapping_base:/opt/ros/humble /usr/bin/cmake --install /home/GTL/pcastere/ros_hw1/ros2_hw1/build/cs7630_msgs
