[0.055s] Invoking command in '/home/GTL/apaul/ros2_hw1/build/task_manager_sync': CMAKE_PREFIX_PATH=/home/GTL/apaul/ros2_hw1/install/task_manager_lib:/home/GTL/apaul/ros2_hw1/install/task_manager_msgs:/home/GTL/apaul/ros2_hw1/install/vrep4_helpers:/home/GTL/apaul/ros2_hw1/install/task_manager_sync:/home/GTL/apaul/ros2_hw1/install/floor_nav:/home/GTL/apaul/ros2_hw1/install/task_manager_nav2:/home/GTL/apaul/ros2_hw1/install/joy_pack:/home/GTL/apaul/ros2_hw1/install/face_msg:/home/GTL/apaul/ros2_hw1/install/cs7630_msgs:/home/GTL/apaul/ros2_hw1/install/collision_avoidance_base:/home/GTL/apaul/ros2_hw1/install/vrep_ros_teleop:/home/GTL/apaul/ros2_hw1/install/task_manager_client_py:/home/GTL/apaul/ros2_hw1/install/keyboard_teleop:/home/GTL/apaul/ros2_hw1/install/face_detect_base:/home/GTL/apaul/ros2_hw1/install/button_server:/opt/ros/humble LD_LIBRARY_PATH=/home/GTL/apaul/ros2_hw1/install/task_manager_lib/lib:/home/GTL/apaul/ros2_hw1/install/task_manager_msgs/lib:/home/GTL/apaul/ros2_hw1/install/task_manager_sync/lib:/home/GTL/apaul/ros2_hw1/install/face_msg/lib:/home/GTL/apaul/ros2_hw1/install/cs7630_msgs/lib:/usr/lib/x86_64-linux-gnu/gazebo-11/plugins:/opt/ros/humble/opt/rviz_ogre_vendor/lib:/opt/ros/humble/lib/x86_64-linux-gnu:/opt/ros/humble/lib /usr/bin/cmake --build /home/GTL/apaul/ros2_hw1/build/task_manager_sync -- -j16 -l16
[0.155s] [ 71%] Built target task_manager_sync_lib
[0.190s] [100%] Built target test_server_sync
[0.206s] Invoked command in '/home/GTL/apaul/ros2_hw1/build/task_manager_sync' returned '0': CMAKE_PREFIX_PATH=/home/GTL/apaul/ros2_hw1/install/task_manager_lib:/home/GTL/apaul/ros2_hw1/install/task_manager_msgs:/home/GTL/apaul/ros2_hw1/install/vrep4_helpers:/home/GTL/apaul/ros2_hw1/install/task_manager_sync:/home/GTL/apaul/ros2_hw1/install/floor_nav:/home/GTL/apaul/ros2_hw1/install/task_manager_nav2:/home/GTL/apaul/ros2_hw1/install/joy_pack:/home/GTL/apaul/ros2_hw1/install/face_msg:/home/GTL/apaul/ros2_hw1/install/cs7630_msgs:/home/GTL/apaul/ros2_hw1/install/collision_avoidance_base:/home/GTL/apaul/ros2_hw1/install/vrep_ros_teleop:/home/GTL/apaul/ros2_hw1/install/task_manager_client_py:/home/GTL/apaul/ros2_hw1/install/keyboard_teleop:/home/GTL/apaul/ros2_hw1/install/face_detect_base:/home/GTL/apaul/ros2_hw1/install/button_server:/opt/ros/humble LD_LIBRARY_PATH=/home/GTL/apaul/ros2_hw1/install/task_manager_lib/lib:/home/GTL/apaul/ros2_hw1/install/task_manager_msgs/lib:/home/GTL/apaul/ros2_hw1/install/task_manager_sync/lib:/home/GTL/apaul/ros2_hw1/install/face_msg/lib:/home/GTL/apaul/ros2_hw1/install/cs7630_msgs/lib:/usr/lib/x86_64-linux-gnu/gazebo-11/plugins:/opt/ros/humble/opt/rviz_ogre_vendor/lib:/opt/ros/humble/lib/x86_64-linux-gnu:/opt/ros/humble/lib /usr/bin/cmake --build /home/GTL/apaul/ros2_hw1/build/task_manager_sync -- -j16 -l16
[0.267s] Invoking command in '/home/GTL/apaul/ros2_hw1/build/task_manager_sync': CMAKE_PREFIX_PATH=/home/GTL/apaul/ros2_hw1/install/task_manager_lib:/home/GTL/apaul/ros2_hw1/install/task_manager_msgs:/home/GTL/apaul/ros2_hw1/install/vrep4_helpers:/home/GTL/apaul/ros2_hw1/install/task_manager_sync:/home/GTL/apaul/ros2_hw1/install/floor_nav:/home/GTL/apaul/ros2_hw1/install/task_manager_nav2:/home/GTL/apaul/ros2_hw1/install/joy_pack:/home/GTL/apaul/ros2_hw1/install/face_msg:/home/GTL/apaul/ros2_hw1/install/cs7630_msgs:/home/GTL/apaul/ros2_hw1/install/collision_avoidance_base:/home/GTL/apaul/ros2_hw1/install/vrep_ros_teleop:/home/GTL/apaul/ros2_hw1/install/task_manager_client_py:/home/GTL/apaul/ros2_hw1/install/keyboard_teleop:/home/GTL/apaul/ros2_hw1/install/face_detect_base:/home/GTL/apaul/ros2_hw1/install/button_server:/opt/ros/humble LD_LIBRARY_PATH=/home/GTL/apaul/ros2_hw1/install/task_manager_lib/lib:/home/GTL/apaul/ros2_hw1/install/task_manager_msgs/lib:/home/GTL/apaul/ros2_hw1/install/task_manager_sync/lib:/home/GTL/apaul/ros2_hw1/install/face_msg/lib:/home/GTL/apaul/ros2_hw1/install/cs7630_msgs/lib:/usr/lib/x86_64-linux-gnu/gazebo-11/plugins:/opt/ros/humble/opt/rviz_ogre_vendor/lib:/opt/ros/humble/lib/x86_64-linux-gnu:/opt/ros/humble/lib /usr/bin/cmake --install /home/GTL/apaul/ros2_hw1/build/task_manager_sync
[0.273s] -- Install configuration: ""
[0.274s] -- Up-to-date: /home/GTL/apaul/ros2_hw1/install/task_manager_sync/lib/libtask_manager_sync_lib.so
[0.277s] -- Up-to-date: /home/GTL/apaul/ros2_hw1/install/task_manager_sync/include/task_manager_sync
[0.278s] -- Up-to-date: /home/GTL/apaul/ros2_hw1/install/task_manager_sync/include/task_manager_sync/TaskWaitForStatusSync.h
[0.279s] -- Up-to-date: /home/GTL/apaul/ros2_hw1/install/task_manager_sync/include/task_manager_sync/TaskEnvironmentSync.h
[0.280s] -- Up-to-date: /home/GTL/apaul/ros2_hw1/install/task_manager_sync/include/task_manager_sync/TaskSetStatusSync.h
[0.281s] -- Up-to-date: /home/GTL/apaul/ros2_hw1/install/task_manager_sync/include/task_manager_sync/TaskServerSync.h
[0.283s] -- Up-to-date: /home/GTL/apaul/ros2_hw1/install/task_manager_sync/share/task_manager_sync
[0.285s] -- Up-to-date: /home/GTL/apaul/ros2_hw1/install/task_manager_sync/share/task_manager_sync/launch_server.launch
[0.286s] -- Up-to-date: /home/GTL/apaul/ros2_hw1/install/task_manager_sync/share/task_manager_sync/environment/library_path.sh
[0.287s] -- Up-to-date: /home/GTL/apaul/ros2_hw1/install/task_manager_sync/share/task_manager_sync/environment/library_path.dsv
[0.287s] -- Up-to-date: /home/GTL/apaul/ros2_hw1/install/task_manager_sync/share/ament_index/resource_index/package_run_dependencies/task_manager_sync
[0.288s] -- Up-to-date: /home/GTL/apaul/ros2_hw1/install/task_manager_sync/share/ament_index/resource_index/parent_prefix_path/task_manager_sync
[0.289s] -- Up-to-date: /home/GTL/apaul/ros2_hw1/install/task_manager_sync/share/task_manager_sync/environment/ament_prefix_path.sh
[0.291s] -- Up-to-date: /home/GTL/apaul/ros2_hw1/install/task_manager_sync/share/task_manager_sync/environment/ament_prefix_path.dsv
[0.291s] -- Up-to-date: /home/GTL/apaul/ros2_hw1/install/task_manager_sync/share/task_manager_sync/environment/path.sh
[0.292s] -- Up-to-date: /home/GTL/apaul/ros2_hw1/install/task_manager_sync/share/task_manager_sync/environment/path.dsv
[0.294s] -- Up-to-date: /home/GTL/apaul/ros2_hw1/install/task_manager_sync/share/task_manager_sync/local_setup.bash
[0.294s] -- Up-to-date: /home/GTL/apaul/ros2_hw1/install/task_manager_sync/share/task_manager_sync/local_setup.sh
[0.295s] -- Up-to-date: /home/GTL/apaul/ros2_hw1/install/task_manager_sync/share/task_manager_sync/local_setup.zsh
[0.296s] -- Up-to-date: /home/GTL/apaul/ros2_hw1/install/task_manager_sync/share/task_manager_sync/local_setup.dsv
[0.307s] -- Installing: /home/GTL/apaul/ros2_hw1/install/task_manager_sync/share/task_manager_sync/package.dsv
[0.307s] -- Up-to-date: /home/GTL/apaul/ros2_hw1/install/task_manager_sync/share/ament_index/resource_index/packages/task_manager_sync
[0.307s] -- Up-to-date: /home/GTL/apaul/ros2_hw1/install/task_manager_sync/share/task_manager_sync/cmake/ament_cmake_export_dependencies-extras.cmake
[0.307s] -- Up-to-date: /home/GTL/apaul/ros2_hw1/install/task_manager_sync/share/task_manager_sync/cmake/ament_cmake_export_include_directories-extras.cmake
[0.308s] -- Up-to-date: /home/GTL/apaul/ros2_hw1/install/task_manager_sync/share/task_manager_sync/cmake/ament_cmake_export_libraries-extras.cmake
[0.309s] -- Up-to-date: /home/GTL/apaul/ros2_hw1/install/task_manager_sync/share/task_manager_sync/cmake/task_manager_syncConfig.cmake
[0.310s] -- Up-to-date: /home/GTL/apaul/ros2_hw1/install/task_manager_sync/share/task_manager_sync/cmake/task_manager_syncConfig-version.cmake
[0.310s] -- Up-to-date: /home/GTL/apaul/ros2_hw1/install/task_manager_sync/share/task_manager_sync/package.xml
[0.343s] Invoked command in '/home/GTL/apaul/ros2_hw1/build/task_manager_sync' returned '0': CMAKE_PREFIX_PATH=/home/GTL/apaul/ros2_hw1/install/task_manager_lib:/home/GTL/apaul/ros2_hw1/install/task_manager_msgs:/home/GTL/apaul/ros2_hw1/install/vrep4_helpers:/home/GTL/apaul/ros2_hw1/install/task_manager_sync:/home/GTL/apaul/ros2_hw1/install/floor_nav:/home/GTL/apaul/ros2_hw1/install/task_manager_nav2:/home/GTL/apaul/ros2_hw1/install/joy_pack:/home/GTL/apaul/ros2_hw1/install/face_msg:/home/GTL/apaul/ros2_hw1/install/cs7630_msgs:/home/GTL/apaul/ros2_hw1/install/collision_avoidance_base:/home/GTL/apaul/ros2_hw1/install/vrep_ros_teleop:/home/GTL/apaul/ros2_hw1/install/task_manager_client_py:/home/GTL/apaul/ros2_hw1/install/keyboard_teleop:/home/GTL/apaul/ros2_hw1/install/face_detect_base:/home/GTL/apaul/ros2_hw1/install/button_server:/opt/ros/humble LD_LIBRARY_PATH=/home/GTL/apaul/ros2_hw1/install/task_manager_lib/lib:/home/GTL/apaul/ros2_hw1/install/task_manager_msgs/lib:/home/GTL/apaul/ros2_hw1/install/task_manager_sync/lib:/home/GTL/apaul/ros2_hw1/install/face_msg/lib:/home/GTL/apaul/ros2_hw1/install/cs7630_msgs/lib:/usr/lib/x86_64-linux-gnu/gazebo-11/plugins:/opt/ros/humble/opt/rviz_ogre_vendor/lib:/opt/ros/humble/lib/x86_64-linux-gnu:/opt/ros/humble/lib /usr/bin/cmake --install /home/GTL/apaul/ros2_hw1/build/task_manager_sync
