[1.858s] Invoking command in '/home/GTL/apaul/ros2_hw1/src/vrep_ros_teleop': PYTHONPATH=/home/GTL/apaul/ros2_hw1/build/vrep_ros_teleop/prefix_override:/usr/lib/python3/dist-packages/colcon_core/task/python/colcon_distutils_commands:/home/GTL/apaul/ros2_hw1/install/vrep_ros_teleop/lib/python3.10/site-packages:${PYTHONPATH} /usr/bin/python3 -W ignore:setup.py install is deprecated setup.py egg_info --egg-base ../../build/vrep_ros_teleop build --build-base /home/GTL/apaul/ros2_hw1/build/vrep_ros_teleop/build install --record /home/GTL/apaul/ros2_hw1/build/vrep_ros_teleop/install.log --single-version-externally-managed install_data
[2.049s] running egg_info
[2.050s] writing ../../build/vrep_ros_teleop/vrep_ros_teleop.egg-info/PKG-INFO
[2.051s] writing dependency_links to ../../build/vrep_ros_teleop/vrep_ros_teleop.egg-info/dependency_links.txt
[2.051s] writing entry points to ../../build/vrep_ros_teleop/vrep_ros_teleop.egg-info/entry_points.txt
[2.052s] writing requirements to ../../build/vrep_ros_teleop/vrep_ros_teleop.egg-info/requires.txt
[2.053s] writing top-level names to ../../build/vrep_ros_teleop/vrep_ros_teleop.egg-info/top_level.txt
[2.060s] reading manifest file '../../build/vrep_ros_teleop/vrep_ros_teleop.egg-info/SOURCES.txt'
[2.061s] writing manifest file '../../build/vrep_ros_teleop/vrep_ros_teleop.egg-info/SOURCES.txt'
[2.061s] running build
[2.061s] running build_py
[2.061s] running install
[2.062s] running install_lib
[2.063s] running install_data
[2.063s] running install_egg_info
[2.064s] removing '/home/GTL/apaul/ros2_hw1/install/vrep_ros_teleop/lib/python3.10/site-packages/vrep_ros_teleop-0.0.0-py3.10.egg-info' (and everything under it)
[2.067s] Copying ../../build/vrep_ros_teleop/vrep_ros_teleop.egg-info to /home/GTL/apaul/ros2_hw1/install/vrep_ros_teleop/lib/python3.10/site-packages/vrep_ros_teleop-0.0.0-py3.10.egg-info
[2.082s] running install_scripts
[2.100s] Installing teleop_mux_node script to /home/GTL/apaul/ros2_hw1/install/vrep_ros_teleop/lib/vrep_ros_teleop
[2.101s] Installing teleop_node script to /home/GTL/apaul/ros2_hw1/install/vrep_ros_teleop/lib/vrep_ros_teleop
[2.103s] writing list of installed files to '/home/GTL/apaul/ros2_hw1/build/vrep_ros_teleop/install.log'
[2.289s] Invoked command in '/home/GTL/apaul/ros2_hw1/src/vrep_ros_teleop' returned '0': PYTHONPATH=/home/GTL/apaul/ros2_hw1/build/vrep_ros_teleop/prefix_override:/usr/lib/python3/dist-packages/colcon_core/task/python/colcon_distutils_commands:/home/GTL/apaul/ros2_hw1/install/vrep_ros_teleop/lib/python3.10/site-packages:${PYTHONPATH} /usr/bin/python3 -W ignore:setup.py install is deprecated setup.py egg_info --egg-base ../../build/vrep_ros_teleop build --build-base /home/GTL/apaul/ros2_hw1/build/vrep_ros_teleop/build install --record /home/GTL/apaul/ros2_hw1/build/vrep_ros_teleop/install.log --single-version-externally-managed install_data
