[0.000000] (-) TimerEvent: {}
[0.000089] (-) JobUnselected: {'identifier': 'ar_loc_base'}
[0.000107] (-) JobUnselected: {'identifier': 'ar_mapping_base'}
[0.000118] (-) JobUnselected: {'identifier': 'ar_slam_base'}
[0.000127] (-) JobUnselected: {'identifier': 'button_server'}
[0.000135] (-) JobUnselected: {'identifier': 'collision_avoidance_base'}
[0.000143] (-) JobUnselected: {'identifier': 'cs7630_msgs'}
[0.000151] (-) JobUnselected: {'identifier': 'face_detect_base'}
[0.000159] (-) JobUnselected: {'identifier': 'face_msg'}
[0.000167] (-) JobUnselected: {'identifier': 'floor_nav'}
[0.000175] (-) JobUnselected: {'identifier': 'joy_pack'}
[0.000183] (-) JobUnselected: {'identifier': 'keyboard_teleop'}
[0.000191] (-) JobUnselected: {'identifier': 'occgrid_planner'}
[0.000199] (-) JobUnselected: {'identifier': 'occgrid_planner_base'}
[0.000207] (-) JobUnselected: {'identifier': 'rover_driver_base'}
[0.000215] (-) JobUnselected: {'identifier': 'task_manager_client_py'}
[0.000223] (-) JobUnselected: {'identifier': 'task_manager_lib'}
[0.000231] (-) JobUnselected: {'identifier': 'task_manager_msgs'}
[0.000239] (-) JobUnselected: {'identifier': 'task_manager_nav2'}
[0.000247] (-) JobUnselected: {'identifier': 'task_manager_sync'}
[0.000255] (-) JobUnselected: {'identifier': 'turtlebot_launch'}
[0.000263] (-) JobUnselected: {'identifier': 'vrep4_helpers'}
[0.000271] (-) JobUnselected: {'identifier': 'vrep_ros_teleop'}
[0.000279] (-) JobUnselected: {'identifier': 'wifi_map_base'}
[0.000287] (-) JobUnselected: {'identifier': 'wpa_cli_msgs'}
[0.000297] (obstacle_avoidance_base) JobQueued: {'identifier': 'obstacle_avoidance_base', 'dependencies': OrderedDict()}
[0.000309] (obstacle_avoidance_base) JobStarted: {'identifier': 'obstacle_avoidance_base'}
[0.009913] (obstacle_avoidance_base) JobProgress: {'identifier': 'obstacle_avoidance_base', 'progress': 'cmake'}
[0.013515] (obstacle_avoidance_base) JobProgress: {'identifier': 'obstacle_avoidance_base', 'progress': 'build'}
[0.014316] (obstacle_avoidance_base) Command: {'cmd': ['/usr/bin/cmake', '--build', '/home/GTL/apaul/ros2_hw1/build/obstacle_avoidance_base', '--', '-j16', '-l16'], 'cwd': '/home/GTL/apaul/ros2_hw1/build/obstacle_avoidance_base', 'env': OrderedDict([('USER', 'apaul'), ('XDG_SESSION_TYPE', 'x11'), ('SHLVL', '1'), ('LD_LIBRARY_PATH', '/usr/lib/x86_64-linux-gnu/gazebo-11/plugins:/opt/ros/humble/opt/rviz_ogre_vendor/lib:/opt/ros/humble/lib/x86_64-linux-gnu:/opt/ros/humble/lib'), ('HOME', '/home/GTL/apaul'), ('CYCLONEDDS_URI', '/cs-share/pradalier/gtlpc_cyclonedds.xml'), ('OLDPWD', '/home/GTL/apaul'), ('DESKTOP_SESSION', 'ubuntu'), ('ROS_PYTHON_VERSION', '3'), ('GNOME_SHELL_SESSION_MODE', 'ubuntu'), ('GTK_MODULES', 'gail:atk-bridge'), ('MANAGERPID', '2380'), ('SYSTEMD_EXEC_PID', '2724'), ('DBUS_SESSION_BUS_ADDRESS', 'unix:path=/run/user/37726/bus'), ('COLORTERM', 'truecolor'), ('TERMINATOR_DBUS_NAME', 'net.tenshu.Terminator23558193cd9818af7fe4d2c2f5bd9d00f'), ('GIO_LAUNCHED_DESKTOP_FILE_PID', '3111'), ('ROS_DISTRO', 'humble'), ('GTK_IM_MODULE', 'ibus'), ('LOGNAME', 'apaul'), ('JOURNAL_STREAM', '8:21125'), ('_', '/usr/bin/colcon'), ('ROS_VERSION', '2'), ('XDG_SESSION_CLASS', 'user'), ('USERNAME', 'apaul'), ('TERM', 'xterm-256color'), ('GNOME_DESKTOP_SESSION_ID', 'this-is-deprecated'), ('ROS_LOCALHOST_ONLY', '0'), ('WINDOWPATH', '2'), ('PATH', '/opt/ros/humble/bin:/usr/local/sbin:/usr/local/bin:/usr/sbin:/usr/bin:/sbin:/bin:/usr/games:/usr/local/games:/snap/bin:/snap/bin'), ('SESSION_MANAGER', 'local/gtlpc103.georgiatech-metz.fr:@/tmp/.ICE-unix/2560,unix/gtlpc103.georgiatech-metz.fr:/tmp/.ICE-unix/2560'), ('INVOCATION_ID', 'fd165b7b1b8d47f0bc18c79baf35be8d'), ('XDG_MENU_PREFIX', 'gnome-'), ('XDG_RUNTIME_DIR', '/run/user/37726'), ('DISPLAY', ':1'), ('TERMINATOR_DBUS_PATH', '/net/tenshu/Terminator2'), ('LANG', 'en_US.UTF-8'), ('XDG_CURRENT_DESKTOP', 'ubuntu:GNOME'), ('IBUS_DISABLE_SNOOPER', '1'), ('RMW_IMPLEMENTATION', 'rmw_cyclonedds_cpp'), ('XMODIFIERS', '@im=ibus'), ('XDG_SESSION_DESKTOP', 'ubuntu'), ('XAUTHORITY', '/run/user/37726/gdm/Xauthority'), ('SSH_AGENT_LAUNCHER', 'gnome-keyring'), ('SSH_AUTH_SOCK', '/run/user/37726/keyring/ssh'), ('ROS_DOMAIN_ID', '53'), ('AMENT_PREFIX_PATH', '/opt/ros/humble'), ('SHELL', '/bin/bash'), ('TERMINATOR_UUID', 'urn:uuid:a2814dfb-42fb-4bab-aed1-7548fc9fd8a0'), ('KRB5CCNAME', 'FILE:/tmp/krb5cc_37726'), ('QT_ACCESSIBILITY', '1'), ('GDMSESSION', 'ubuntu'), ('GPG_AGENT_INFO', '/run/user/37726/gnupg/S.gpg-agent:0:1'), ('QT_IM_MODULE', 'ibus'), ('PWD', '/home/GTL/apaul/ros2_hw1/build/obstacle_avoidance_base'), ('XDG_CONFIG_DIRS', '/etc/xdg/xdg-ubuntu:/etc/xdg'), ('XDG_DATA_DIRS', '/usr/share/ubuntu:/usr/share/gnome:/usr/local/share/:/usr/share/:/var/lib/snapd/desktop'), ('PYTHONPATH', '/opt/ros/humble/lib/python3.10/site-packages:/opt/ros/humble/local/lib/python3.10/dist-packages'), ('COLCON', '1'), ('VTE_VERSION', '6800'), ('CMAKE_PREFIX_PATH', '/opt/ros/humble')]), 'shell': False}
[0.059344] (obstacle_avoidance_base) StdoutLine: {'line': b'\x1b[35m\x1b[1mConsolidate compiler generated dependencies of target obstacle_avoidance_base\x1b[0m\n'}
[0.098219] (-) TimerEvent: {}
[0.112369] (obstacle_avoidance_base) StdoutLine: {'line': b'[100%] Built target obstacle_avoidance_base\n'}
[0.122269] (obstacle_avoidance_base) CommandEnded: {'returncode': 0}
[0.138576] (obstacle_avoidance_base) JobProgress: {'identifier': 'obstacle_avoidance_base', 'progress': 'install'}
[0.144528] (obstacle_avoidance_base) Command: {'cmd': ['/usr/bin/cmake', '--install', '/home/GTL/apaul/ros2_hw1/build/obstacle_avoidance_base'], 'cwd': '/home/GTL/apaul/ros2_hw1/build/obstacle_avoidance_base', 'env': OrderedDict([('USER', 'apaul'), ('XDG_SESSION_TYPE', 'x11'), ('SHLVL', '1'), ('LD_LIBRARY_PATH', '/usr/lib/x86_64-linux-gnu/gazebo-11/plugins:/opt/ros/humble/opt/rviz_ogre_vendor/lib:/opt/ros/humble/lib/x86_64-linux-gnu:/opt/ros/humble/lib'), ('HOME', '/home/GTL/apaul'), ('CYCLONEDDS_URI', '/cs-share/pradalier/gtlpc_cyclonedds.xml'), ('OLDPWD', '/home/GTL/apaul'), ('DESKTOP_SESSION', 'ubuntu'), ('ROS_PYTHON_VERSION', '3'), ('GNOME_SHELL_SESSION_MODE', 'ubuntu'), ('GTK_MODULES', 'gail:atk-bridge'), ('MANAGERPID', '2380'), ('SYSTEMD_EXEC_PID', '2724'), ('DBUS_SESSION_BUS_ADDRESS', 'unix:path=/run/user/37726/bus'), ('COLORTERM', 'truecolor'), ('TERMINATOR_DBUS_NAME', 'net.tenshu.Terminator23558193cd9818af7fe4d2c2f5bd9d00f'), ('GIO_LAUNCHED_DESKTOP_FILE_PID', '3111'), ('ROS_DISTRO', 'humble'), ('GTK_IM_MODULE', 'ibus'), ('LOGNAME', 'apaul'), ('JOURNAL_STREAM', '8:21125'), ('_', '/usr/bin/colcon'), ('ROS_VERSION', '2'), ('XDG_SESSION_CLASS', 'user'), ('USERNAME', 'apaul'), ('TERM', 'xterm-256color'), ('GNOME_DESKTOP_SESSION_ID', 'this-is-deprecated'), ('ROS_LOCALHOST_ONLY', '0'), ('WINDOWPATH', '2'), ('PATH', '/opt/ros/humble/bin:/usr/local/sbin:/usr/local/bin:/usr/sbin:/usr/bin:/sbin:/bin:/usr/games:/usr/local/games:/snap/bin:/snap/bin'), ('SESSION_MANAGER', 'local/gtlpc103.georgiatech-metz.fr:@/tmp/.ICE-unix/2560,unix/gtlpc103.georgiatech-metz.fr:/tmp/.ICE-unix/2560'), ('INVOCATION_ID', 'fd165b7b1b8d47f0bc18c79baf35be8d'), ('XDG_MENU_PREFIX', 'gnome-'), ('XDG_RUNTIME_DIR', '/run/user/37726'), ('DISPLAY', ':1'), ('TERMINATOR_DBUS_PATH', '/net/tenshu/Terminator2'), ('LANG', 'en_US.UTF-8'), ('XDG_CURRENT_DESKTOP', 'ubuntu:GNOME'), ('IBUS_DISABLE_SNOOPER', '1'), ('RMW_IMPLEMENTATION', 'rmw_cyclonedds_cpp'), ('XMODIFIERS', '@im=ibus'), ('XDG_SESSION_DESKTOP', 'ubuntu'), ('XAUTHORITY', '/run/user/37726/gdm/Xauthority'), ('SSH_AGENT_LAUNCHER', 'gnome-keyring'), ('SSH_AUTH_SOCK', '/run/user/37726/keyring/ssh'), ('ROS_DOMAIN_ID', '53'), ('AMENT_PREFIX_PATH', '/opt/ros/humble'), ('SHELL', '/bin/bash'), ('TERMINATOR_UUID', 'urn:uuid:a2814dfb-42fb-4bab-aed1-7548fc9fd8a0'), ('KRB5CCNAME', 'FILE:/tmp/krb5cc_37726'), ('QT_ACCESSIBILITY', '1'), ('GDMSESSION', 'ubuntu'), ('GPG_AGENT_INFO', '/run/user/37726/gnupg/S.gpg-agent:0:1'), ('QT_IM_MODULE', 'ibus'), ('PWD', '/home/GTL/apaul/ros2_hw1/build/obstacle_avoidance_base'), ('XDG_CONFIG_DIRS', '/etc/xdg/xdg-ubuntu:/etc/xdg'), ('XDG_DATA_DIRS', '/usr/share/ubuntu:/usr/share/gnome:/usr/local/share/:/usr/share/:/var/lib/snapd/desktop'), ('PYTHONPATH', '/opt/ros/humble/lib/python3.10/site-packages:/opt/ros/humble/local/lib/python3.10/dist-packages'), ('COLCON', '1'), ('VTE_VERSION', '6800'), ('CMAKE_PREFIX_PATH', '/opt/ros/humble')]), 'shell': False}
[0.149744] (obstacle_avoidance_base) StdoutLine: {'line': b'-- Install configuration: ""\n'}
[0.150842] (obstacle_avoidance_base) StdoutLine: {'line': b'-- Up-to-date: /home/GTL/apaul/ros2_hw1/install/obstacle_avoidance_base/lib/obstacle_avoidance_base/obstacle_avoidance_base\n'}
[0.152549] (obstacle_avoidance_base) StdoutLine: {'line': b'-- Up-to-date: /home/GTL/apaul/ros2_hw1/install/obstacle_avoidance_base/share/obstacle_avoidance_base\n'}
[0.153915] (obstacle_avoidance_base) StdoutLine: {'line': b'-- Up-to-date: /home/GTL/apaul/ros2_hw1/install/obstacle_avoidance_base/share/obstacle_avoidance_base/teleop_mux_planner_oa.launch.py\n'}
[0.154198] (obstacle_avoidance_base) StdoutLine: {'line': b'-- Up-to-date: /home/GTL/apaul/ros2_hw1/install/obstacle_avoidance_base/share/obstacle_avoidance_base/teleop_mux_oa.launch.py\n'}
[0.154626] (obstacle_avoidance_base) StdoutLine: {'line': b'-- Up-to-date: /home/GTL/apaul/ros2_hw1/install/obstacle_avoidance_base/share/ament_index/resource_index/package_run_dependencies/obstacle_avoidance_base\n'}
[0.155015] (obstacle_avoidance_base) StdoutLine: {'line': b'-- Up-to-date: /home/GTL/apaul/ros2_hw1/install/obstacle_avoidance_base/share/ament_index/resource_index/parent_prefix_path/obstacle_avoidance_base\n'}
[0.155300] (obstacle_avoidance_base) StdoutLine: {'line': b'-- Up-to-date: /home/GTL/apaul/ros2_hw1/install/obstacle_avoidance_base/share/obstacle_avoidance_base/environment/ament_prefix_path.sh\n'}
[0.155645] (obstacle_avoidance_base) StdoutLine: {'line': b'-- Up-to-date: /home/GTL/apaul/ros2_hw1/install/obstacle_avoidance_base/share/obstacle_avoidance_base/environment/ament_prefix_path.dsv\n'}
[0.156061] (obstacle_avoidance_base) StdoutLine: {'line': b'-- Up-to-date: /home/GTL/apaul/ros2_hw1/install/obstacle_avoidance_base/share/obstacle_avoidance_base/environment/path.sh\n'}
[0.156351] (obstacle_avoidance_base) StdoutLine: {'line': b'-- Up-to-date: /home/GTL/apaul/ros2_hw1/install/obstacle_avoidance_base/share/obstacle_avoidance_base/environment/path.dsv\n'}
[0.156729] (obstacle_avoidance_base) StdoutLine: {'line': b'-- Up-to-date: /home/GTL/apaul/ros2_hw1/install/obstacle_avoidance_base/share/obstacle_avoidance_base/local_setup.bash\n'}
[0.157066] (obstacle_avoidance_base) StdoutLine: {'line': b'-- Up-to-date: /home/GTL/apaul/ros2_hw1/install/obstacle_avoidance_base/share/obstacle_avoidance_base/local_setup.sh\n'}
[0.157350] (obstacle_avoidance_base) StdoutLine: {'line': b'-- Up-to-date: /home/GTL/apaul/ros2_hw1/install/obstacle_avoidance_base/share/obstacle_avoidance_base/local_setup.zsh\n'}
[0.157765] (obstacle_avoidance_base) StdoutLine: {'line': b'-- Up-to-date: /home/GTL/apaul/ros2_hw1/install/obstacle_avoidance_base/share/obstacle_avoidance_base/local_setup.dsv\n'}
[0.157965] (obstacle_avoidance_base) StdoutLine: {'line': b'-- Installing: /home/GTL/apaul/ros2_hw1/install/obstacle_avoidance_base/share/obstacle_avoidance_base/package.dsv\n'}
[0.163282] (obstacle_avoidance_base) StdoutLine: {'line': b'-- Up-to-date: /home/GTL/apaul/ros2_hw1/install/obstacle_avoidance_base/share/ament_index/resource_index/packages/obstacle_avoidance_base\n'}
[0.163577] (obstacle_avoidance_base) StdoutLine: {'line': b'-- Up-to-date: /home/GTL/apaul/ros2_hw1/install/obstacle_avoidance_base/share/obstacle_avoidance_base/cmake/obstacle_avoidance_baseConfig.cmake\n'}
[0.163937] (obstacle_avoidance_base) StdoutLine: {'line': b'-- Up-to-date: /home/GTL/apaul/ros2_hw1/install/obstacle_avoidance_base/share/obstacle_avoidance_base/cmake/obstacle_avoidance_baseConfig-version.cmake\n'}
[0.164150] (obstacle_avoidance_base) StdoutLine: {'line': b'-- Up-to-date: /home/GTL/apaul/ros2_hw1/install/obstacle_avoidance_base/share/obstacle_avoidance_base/package.xml\n'}
[0.166753] (obstacle_avoidance_base) CommandEnded: {'returncode': 0}
[0.198292] (-) TimerEvent: {}
[0.229669] (obstacle_avoidance_base) JobEnded: {'identifier': 'obstacle_avoidance_base', 'rc': 0}
[0.231241] (-) EventReactorShutdown: {}
