[0.887s] Invoking command in '/home/GTL/apaul/ros2_hw1/build/vrep4_helpers': CMAKE_PREFIX_PATH=/opt/ros/humble /usr/bin/cmake /home/GTL/apaul/ros2_hw1/src/vrep4_helpers -DCMAKE_INSTALL_PREFIX=/home/GTL/apaul/ros2_hw1/install/vrep4_helpers
[0.941s] -- The C compiler identification is GNU 11.4.0
[0.998s] -- The CXX compiler identification is GNU 11.4.0
[1.010s] -- Detecting C compiler ABI info
[1.135s] -- Detecting C compiler ABI info - done
[1.150s] -- Check for working C compiler: /usr/bin/cc - skipped
[1.150s] -- Detecting C compile features
[1.150s] -- Detecting C compile features - done
[1.161s] -- Detecting CXX compiler ABI info
[1.308s] -- Detecting CXX compiler ABI info - done
[1.316s] -- Check for working CXX compiler: /usr/bin/c++ - skipped
[1.316s] -- Detecting CXX compile features
[1.316s] -- Detecting CXX compile features - done
[1.326s] -- Found ament_cmake: 1.3.10 (/opt/ros/humble/share/ament_cmake/cmake)
[1.464s] -- Found Python3: /usr/bin/python3 (found version "3.10.12") found components: Interpreter 
[1.619s] -- Found depth_image_proc: 3.0.6 (/opt/ros/humble/share/depth_image_proc/cmake)
[1.661s] -- Found rosidl_generator_c: 3.1.5 (/opt/ros/humble/share/rosidl_generator_c/cmake)
[1.665s] -- Found rosidl_adapter: 3.1.5 (/opt/ros/humble/share/rosidl_adapter/cmake)
[1.671s] -- Found rosidl_generator_cpp: 3.1.5 (/opt/ros/humble/share/rosidl_generator_cpp/cmake)
[1.689s] -- Using all available rosidl_typesupport_c: rosidl_typesupport_fastrtps_c;rosidl_typesupport_introspection_c
[1.693s] -- Using all available rosidl_typesupport_cpp: rosidl_typesupport_fastrtps_cpp;rosidl_typesupport_introspection_cpp
[1.784s] -- Found rmw_implementation_cmake: 6.1.2 (/opt/ros/humble/share/rmw_implementation_cmake/cmake)
[1.786s] -- Found rmw_cyclonedds_cpp: 1.3.4 (/opt/ros/humble/share/rmw_cyclonedds_cpp/cmake)
[1.800s] -- Using RMW implementation 'rmw_cyclonedds_cpp' as default
[1.811s] -- Looking for pthread.h
[1.939s] -- Looking for pthread.h - found
[1.941s] -- Performing Test CMAKE_HAVE_LIBC_PTHREAD
[2.083s] -- Performing Test CMAKE_HAVE_LIBC_PTHREAD - Success
[2.084s] -- Found Threads: TRUE  
[2.231s] -- Found ament_lint_auto: 0.12.11 (/opt/ros/humble/share/ament_lint_auto/cmake)
[2.385s] -- Added test 'cppcheck' to perform static code analysis on C / C++ code
[2.385s] -- Configured cppcheck include dirs: $<BUILD_INTERFACE:/home/GTL/apaul/ros2_hw1/src/vrep4_helpers/include>
[2.385s] -- Configured cppcheck exclude dirs and/or files: 
[2.392s] -- Added test 'flake8' to check Python code syntax and style conventions
[2.404s] -- Added test 'lint_cmake' to check CMake code style
[2.413s] -- Added test 'pep257' to check Python code against some of the docstring style conventions in PEP 257
[2.459s] -- Added test 'uncrustify' to check C / C++ code style
[2.459s] -- Configured uncrustify additional arguments: 
[2.466s] -- Added test 'xmllint' to check XML markup files
[2.485s] -- Configuring done
[2.639s] -- Generating done
[2.674s] -- Build files have been written to: /home/GTL/apaul/ros2_hw1/build/vrep4_helpers
[2.683s] Invoked command in '/home/GTL/apaul/ros2_hw1/build/vrep4_helpers' returned '0': CMAKE_PREFIX_PATH=/opt/ros/humble /usr/bin/cmake /home/GTL/apaul/ros2_hw1/src/vrep4_helpers -DCMAKE_INSTALL_PREFIX=/home/GTL/apaul/ros2_hw1/install/vrep4_helpers
[2.700s] Invoking command in '/home/GTL/apaul/ros2_hw1/build/vrep4_helpers': CMAKE_PREFIX_PATH=/opt/ros/humble /usr/bin/cmake --build /home/GTL/apaul/ros2_hw1/build/vrep4_helpers -- -j16 -l16
[2.761s] [ 50%] [32mBuilding CXX object CMakeFiles/clock_repeat.dir/src/clock_repeat.cpp.o[0m
[2.762s] [ 50%] [32mBuilding CXX object CMakeFiles/image_flip.dir/src/image_flip.cpp.o[0m
[11.521s] [ 75%] [32m[1mLinking CXX executable image_flip[0m
[12.595s] [ 75%] Built target image_flip
[19.989s] [100%] [32m[1mLinking CXX executable clock_repeat[0m
[20.673s] [100%] Built target clock_repeat
[20.822s] Invoked command in '/home/GTL/apaul/ros2_hw1/build/vrep4_helpers' returned '0': CMAKE_PREFIX_PATH=/opt/ros/humble /usr/bin/cmake --build /home/GTL/apaul/ros2_hw1/build/vrep4_helpers -- -j16 -l16
[20.846s] Invoking command in '/home/GTL/apaul/ros2_hw1/build/vrep4_helpers': CMAKE_PREFIX_PATH=/opt/ros/humble /usr/bin/cmake --install /home/GTL/apaul/ros2_hw1/build/vrep4_helpers
[20.852s] -- Install configuration: ""
[20.856s] -- Installing: /home/GTL/apaul/ros2_hw1/install/vrep4_helpers/lib/vrep4_helpers/image_flip
[20.876s] -- Set runtime path of "/home/GTL/apaul/ros2_hw1/install/vrep4_helpers/lib/vrep4_helpers/image_flip" to ""
[20.877s] -- Installing: /home/GTL/apaul/ros2_hw1/install/vrep4_helpers/lib/vrep4_helpers/clock_repeat
[20.994s] -- Set runtime path of "/home/GTL/apaul/ros2_hw1/install/vrep4_helpers/lib/vrep4_helpers/clock_repeat" to ""
[20.995s] -- Installing: /home/GTL/apaul/ros2_hw1/install/vrep4_helpers/share/vrep4_helpers
[21.043s] -- Installing: /home/GTL/apaul/ros2_hw1/install/vrep4_helpers/share/vrep4_helpers/kinect_pc.launch.py
[21.050s] -- Installing: /home/GTL/apaul/ros2_hw1/install/vrep4_helpers/share/vrep4_helpers/kinect_pc_min.launch.py
[21.055s] -- Installing: /home/GTL/apaul/ros2_hw1/install/vrep4_helpers/share/vrep4_helpers/__pycache__
[21.058s] -- Installing: /home/GTL/apaul/ros2_hw1/install/vrep4_helpers/share/vrep4_helpers/__pycache__/kinect_pc_min.launch.cpython-310.pyc
[21.067s] -- Installing: /home/GTL/apaul/ros2_hw1/install/vrep4_helpers/share/ament_index/resource_index/package_run_dependencies/vrep4_helpers
[21.074s] -- Installing: /home/GTL/apaul/ros2_hw1/install/vrep4_helpers/share/ament_index/resource_index/parent_prefix_path/vrep4_helpers
[21.080s] -- Installing: /home/GTL/apaul/ros2_hw1/install/vrep4_helpers/share/vrep4_helpers/environment/ament_prefix_path.sh
[21.083s] -- Installing: /home/GTL/apaul/ros2_hw1/install/vrep4_helpers/share/vrep4_helpers/environment/ament_prefix_path.dsv
[21.087s] -- Installing: /home/GTL/apaul/ros2_hw1/install/vrep4_helpers/share/vrep4_helpers/environment/path.sh
[21.090s] -- Installing: /home/GTL/apaul/ros2_hw1/install/vrep4_helpers/share/vrep4_helpers/environment/path.dsv
[21.094s] -- Installing: /home/GTL/apaul/ros2_hw1/install/vrep4_helpers/share/vrep4_helpers/local_setup.bash
[21.098s] -- Installing: /home/GTL/apaul/ros2_hw1/install/vrep4_helpers/share/vrep4_helpers/local_setup.sh
[21.101s] -- Installing: /home/GTL/apaul/ros2_hw1/install/vrep4_helpers/share/vrep4_helpers/local_setup.zsh
[21.105s] -- Installing: /home/GTL/apaul/ros2_hw1/install/vrep4_helpers/share/vrep4_helpers/local_setup.dsv
[21.109s] -- Installing: /home/GTL/apaul/ros2_hw1/install/vrep4_helpers/share/vrep4_helpers/package.dsv
[21.115s] -- Installing: /home/GTL/apaul/ros2_hw1/install/vrep4_helpers/share/ament_index/resource_index/packages/vrep4_helpers
[21.122s] -- Installing: /home/GTL/apaul/ros2_hw1/install/vrep4_helpers/share/vrep4_helpers/cmake/vrep4_helpersConfig.cmake
[21.126s] -- Installing: /home/GTL/apaul/ros2_hw1/install/vrep4_helpers/share/vrep4_helpers/cmake/vrep4_helpersConfig-version.cmake
[21.131s] -- Installing: /home/GTL/apaul/ros2_hw1/install/vrep4_helpers/share/vrep4_helpers/package.xml
[21.139s] Invoked command in '/home/GTL/apaul/ros2_hw1/build/vrep4_helpers' returned '0': CMAKE_PREFIX_PATH=/opt/ros/humble /usr/bin/cmake --install /home/GTL/apaul/ros2_hw1/build/vrep4_helpers
