[0.000000] (-) TimerEvent: {}
[0.000161] (-) JobUnselected: {'identifier': 'ar_loc_base'}
[0.000178] (-) JobUnselected: {'identifier': 'ar_mapping_base'}
[0.000189] (-) JobUnselected: {'identifier': 'ar_slam_base'}
[0.000199] (-) JobUnselected: {'identifier': 'button_server'}
[0.000207] (-) JobUnselected: {'identifier': 'collision_avoidance_base'}
[0.000215] (-) JobUnselected: {'identifier': 'cs7630_msgs'}
[0.000223] (-) JobUnselected: {'identifier': 'face_detect_base'}
[0.000231] (-) JobUnselected: {'identifier': 'face_msg'}
[0.000239] (-) JobUnselected: {'identifier': 'floor_nav'}
[0.000247] (-) JobUnselected: {'identifier': 'joy_pack'}
[0.000254] (-) JobUnselected: {'identifier': 'keyboard_teleop'}
[0.000262] (-) JobUnselected: {'identifier': 'obstacle_avoidance_base'}
[0.000270] (-) JobUnselected: {'identifier': 'occgrid_planner'}
[0.000278] (-) JobUnselected: {'identifier': 'rover_driver_base'}
[0.000285] (-) JobUnselected: {'identifier': 'task_manager_client_py'}
[0.000293] (-) JobUnselected: {'identifier': 'task_manager_lib'}
[0.000301] (-) JobUnselected: {'identifier': 'task_manager_msgs'}
[0.000308] (-) JobUnselected: {'identifier': 'task_manager_nav2'}
[0.000316] (-) JobUnselected: {'identifier': 'task_manager_sync'}
[0.000324] (-) JobUnselected: {'identifier': 'turtlebot_launch'}
[0.000332] (-) JobUnselected: {'identifier': 'vrep4_helpers'}
[0.000340] (-) JobUnselected: {'identifier': 'vrep_ros_teleop'}
[0.000347] (-) JobUnselected: {'identifier': 'wifi_map_base'}
[0.000355] (-) JobUnselected: {'identifier': 'wpa_cli_msgs'}
[0.000365] (occgrid_planner_base) JobQueued: {'identifier': 'occgrid_planner_base', 'dependencies': OrderedDict([('cs7630_msgs', '/home/GTL/apaul/ros2_hw1/install/cs7630_msgs')])}
[0.000378] (occgrid_planner_base) JobStarted: {'identifier': 'occgrid_planner_base'}
[0.015175] (occgrid_planner_base) JobProgress: {'identifier': 'occgrid_planner_base', 'progress': 'cmake'}
[0.017300] (occgrid_planner_base) JobProgress: {'identifier': 'occgrid_planner_base', 'progress': 'build'}
[0.018159] (occgrid_planner_base) Command: {'cmd': ['/usr/bin/cmake', '--build', '/home/GTL/apaul/ros2_hw1/build/occgrid_planner_base', '--', '-j16', '-l16'], 'cwd': '/home/GTL/apaul/ros2_hw1/build/occgrid_planner_base', 'env': OrderedDict([('USER', 'apaul'), ('XDG_SESSION_TYPE', 'x11'), ('SHLVL', '1'), ('LD_LIBRARY_PATH', '/home/GTL/apaul/ros2_hw1/install/cs7630_msgs/lib:/usr/lib/x86_64-linux-gnu/gazebo-11/plugins:/opt/ros/humble/opt/rviz_ogre_vendor/lib:/opt/ros/humble/lib/x86_64-linux-gnu:/opt/ros/humble/lib'), ('HOME', '/home/GTL/apaul'), ('CYCLONEDDS_URI', '/cs-share/pradalier/gtlpc_cyclonedds.xml'), ('OLDPWD', '/home/GTL/apaul'), ('DESKTOP_SESSION', 'ubuntu'), ('ROS_PYTHON_VERSION', '3'), ('GNOME_SHELL_SESSION_MODE', 'ubuntu'), ('GTK_MODULES', 'gail:atk-bridge'), ('MANAGERPID', '2517'), ('SYSTEMD_EXEC_PID', '2950'), ('DBUS_SESSION_BUS_ADDRESS', 'unix:path=/run/user/37726/bus'), ('COLORTERM', 'truecolor'), ('TERMINATOR_DBUS_NAME', 'net.tenshu.Terminator23558193cd9818af7fe4d2c2f5bd9d00f'), ('GIO_LAUNCHED_DESKTOP_FILE_PID', '4326'), ('ROS_DISTRO', 'humble'), ('GTK_IM_MODULE', 'ibus'), ('LOGNAME', 'apaul'), ('JOURNAL_STREAM', '8:41420'), ('_', '/usr/bin/colcon'), ('ROS_VERSION', '2'), ('XDG_SESSION_CLASS', 'user'), ('USERNAME', 'apaul'), ('TERM', 'xterm-256color'), ('GNOME_DESKTOP_SESSION_ID', 'this-is-deprecated'), ('ROS_LOCALHOST_ONLY', '0'), ('WINDOWPATH', '2'), ('PATH', '/opt/ros/humble/bin:/usr/local/sbin:/usr/local/bin:/usr/sbin:/usr/bin:/sbin:/bin:/usr/games:/usr/local/games:/snap/bin:/snap/bin'), ('SESSION_MANAGER', 'local/gtlpc106.georgiatech-metz.fr:@/tmp/.ICE-unix/2762,unix/gtlpc106.georgiatech-metz.fr:/tmp/.ICE-unix/2762'), ('INVOCATION_ID', '5f1a77f29b984bf7ac255bdcecfc901d'), ('XDG_MENU_PREFIX', 'gnome-'), ('XDG_RUNTIME_DIR', '/run/user/37726'), ('DISPLAY', ':1'), ('TERMINATOR_DBUS_PATH', '/net/tenshu/Terminator2'), ('LANG', 'en_US.UTF-8'), ('XDG_CURRENT_DESKTOP', 'ubuntu:GNOME'), ('IBUS_DISABLE_SNOOPER', '1'), ('RMW_IMPLEMENTATION', 'rmw_cyclonedds_cpp'), ('XMODIFIERS', '@im=ibus'), ('XDG_SESSION_DESKTOP', 'ubuntu'), ('XAUTHORITY', '/run/user/37726/gdm/Xauthority'), ('SSH_AGENT_LAUNCHER', 'gnome-keyring'), ('SSH_AUTH_SOCK', '/run/user/37726/keyring/ssh'), ('ROS_DOMAIN_ID', '56'), ('AMENT_PREFIX_PATH', '/home/GTL/apaul/ros2_hw1/install/cs7630_msgs:/opt/ros/humble'), ('SHELL', '/bin/bash'), ('TERMINATOR_UUID', 'urn:uuid:089c7f58-9cc1-41b2-9cee-7be55b3d5645'), ('KRB5CCNAME', 'FILE:/tmp/krb5cc_37726'), ('QT_ACCESSIBILITY', '1'), ('GDMSESSION', 'ubuntu'), ('GPG_AGENT_INFO', '/run/user/37726/gnupg/S.gpg-agent:0:1'), ('QT_IM_MODULE', 'ibus'), ('PWD', '/home/GTL/apaul/ros2_hw1/build/occgrid_planner_base'), ('XDG_CONFIG_DIRS', '/etc/xdg/xdg-ubuntu:/etc/xdg'), ('XDG_DATA_DIRS', '/usr/share/ubuntu:/usr/share/gnome:/usr/local/share/:/usr/share/:/var/lib/snapd/desktop'), ('PYTHONPATH', '/home/GTL/apaul/ros2_hw1/install/cs7630_msgs/local/lib/python3.10/dist-packages:/opt/ros/humble/lib/python3.10/site-packages:/opt/ros/humble/local/lib/python3.10/dist-packages'), ('COLCON', '1'), ('VTE_VERSION', '6800'), ('CMAKE_PREFIX_PATH', '/home/GTL/apaul/ros2_hw1/install/cs7630_msgs:/opt/ros/humble')]), 'shell': False}
[0.057687] (occgrid_planner_base) StdoutLine: {'line': b'\x1b[35m\x1b[1mConsolidate compiler generated dependencies of target occgrid_planner_base\x1b[0m\n'}
[0.069968] (occgrid_planner_base) StdoutLine: {'line': b'[ 66%] Built target path_optimizer_base\n'}
[0.070129] (occgrid_planner_base) StdoutLine: {'line': b'[ 66%] Built target path_follower_base\n'}
[0.099111] (-) TimerEvent: {}
[0.117678] (occgrid_planner_base) StdoutLine: {'line': b'[ 83%] \x1b[32mBuilding CXX object CMakeFiles/occgrid_planner_base.dir/src/occgrid_planner.cpp.o\x1b[0m\n'}
[0.199242] (-) TimerEvent: {}
[0.299468] (-) TimerEvent: {}
[0.399741] (-) TimerEvent: {}
[0.499969] (-) TimerEvent: {}
[0.600186] (-) TimerEvent: {}
[0.700404] (-) TimerEvent: {}
[0.800640] (-) TimerEvent: {}
[0.900879] (-) TimerEvent: {}
[1.001135] (-) TimerEvent: {}
[1.101374] (-) TimerEvent: {}
[1.201628] (-) TimerEvent: {}
[1.301907] (-) TimerEvent: {}
[1.402256] (-) TimerEvent: {}
[1.502645] (-) TimerEvent: {}
[1.602918] (-) TimerEvent: {}
[1.703157] (-) TimerEvent: {}
[1.803400] (-) TimerEvent: {}
[1.903702] (-) TimerEvent: {}
[2.003996] (-) TimerEvent: {}
[2.104306] (-) TimerEvent: {}
[2.204579] (-) TimerEvent: {}
[2.304825] (-) TimerEvent: {}
[2.405091] (-) TimerEvent: {}
[2.505380] (-) TimerEvent: {}
[2.605641] (-) TimerEvent: {}
[2.705923] (-) TimerEvent: {}
[2.725173] (occgrid_planner_base) StderrLine: {'line': b'\x1b[01m\x1b[K/home/GTL/apaul/ros2_hw1/src/occgrid_planner_base/src/occgrid_planner.cpp:\x1b[m\x1b[K In member function \xe2\x80\x98\x1b[01m\x1b[Kbool OccupancyGridPlanner::planToPixelTarget(cv::Point3i, cv::Point3i)\x1b[m\x1b[K\xe2\x80\x99:\n'}
[2.725309] (occgrid_planner_base) StderrLine: {'line': b'\x1b[01m\x1b[K/home/GTL/apaul/ros2_hw1/src/occgrid_planner_base/src/occgrid_planner.cpp:395:17:\x1b[m\x1b[K \x1b[01;31m\x1b[Kerror: \x1b[m\x1b[Kreturn-statement with no value, in function returning \xe2\x80\x98\x1b[01m\x1b[Kbool\x1b[m\x1b[K\xe2\x80\x99 [\x1b[01;31m\x1b[K\x1b]8;;https://gcc.gnu.org/onlinedocs/gcc/Warning-Options.html#index-fpermissive\x07-fpermissive\x1b]8;;\x07\x1b[m\x1b[K]\n'}
[2.725356] (occgrid_planner_base) StderrLine: {'line': b'  395 |                 \x1b[01;31m\x1b[Kreturn\x1b[m\x1b[K;\n'}
[2.725391] (occgrid_planner_base) StderrLine: {'line': b'      |                 \x1b[01;31m\x1b[K^~~~~~\x1b[m\x1b[K\n'}
[2.770527] (occgrid_planner_base) StderrLine: {'line': b'\x1b[01m\x1b[K/home/GTL/apaul/ros2_hw1/src/occgrid_planner_base/src/occgrid_planner.cpp:\x1b[m\x1b[K In constructor \xe2\x80\x98\x1b[01m\x1b[KOccupancyGridPlanner::OccupancyGridPlanner()\x1b[m\x1b[K\xe2\x80\x99:\n'}
[2.770662] (occgrid_planner_base) StderrLine: {'line': b'\x1b[01m\x1b[K/home/GTL/apaul/ros2_hw1/src/occgrid_planner_base/src/occgrid_planner.cpp:499:32:\x1b[m\x1b[K \x1b[01;31m\x1b[Kerror: \x1b[m\x1b[K\xe2\x80\x98\x1b[01m\x1b[Kclass OccupancyGridPlanner\x1b[m\x1b[K\xe2\x80\x99 has no member named \xe2\x80\x98\x1b[01m\x1b[Kcreate_frontier_timer\x1b[m\x1b[K\xe2\x80\x99\n'}
[2.770711] (occgrid_planner_base) StderrLine: {'line': b'  499 |                 timer2_= this->\x1b[01;31m\x1b[Kcreate_frontier_timer\x1b[m\x1b[K( 5000ms,\n'}
[2.770758] (occgrid_planner_base) StderrLine: {'line': b'      |                                \x1b[01;31m\x1b[K^~~~~~~~~~~~~~~~~~~~~\x1b[m\x1b[K\n'}
[2.772870] (occgrid_planner_base) StderrLine: {'line': b'\x1b[01m\x1b[K/home/GTL/apaul/ros2_hw1/src/occgrid_planner_base/src/occgrid_planner.cpp:\x1b[m\x1b[K In member function \xe2\x80\x98\x1b[01m\x1b[Kvoid OccupancyGridPlanner::frontier_callback()\x1b[m\x1b[K\xe2\x80\x99:\n'}
[2.772924] (occgrid_planner_base) StderrLine: {'line': b'\x1b[01m\x1b[K/home/GTL/apaul/ros2_hw1/src/occgrid_planner_base/src/occgrid_planner.cpp:509:80:\x1b[m\x1b[K \x1b[01;31m\x1b[Kerror: \x1b[m\x1b[K\xe2\x80\x98\x1b[01m\x1b[Kmsg\x1b[m\x1b[K\xe2\x80\x99 was not declared in this scope\n'}
[2.772961] (occgrid_planner_base) StderrLine: {'line': b"  509 |             std::vector<cv::Point> frontier_points = find_frontier_points(og_, \x1b[01;31m\x1b[Kmsg\x1b[m\x1b[K);            // ! Let's now determine the most appropriate frontier point to explore\n"}
[2.772995] (occgrid_planner_base) StderrLine: {'line': b'      |                                                                                \x1b[01;31m\x1b[K^~~\x1b[m\x1b[K\n'}
[2.773028] (occgrid_planner_base) StderrLine: {'line': b'\x1b[01m\x1b[K/home/GTL/apaul/ros2_hw1/src/occgrid_planner_base/src/occgrid_planner.cpp:509:80:\x1b[m\x1b[K \x1b[01;36m\x1b[Knote: \x1b[m\x1b[Ksuggested alternatives:\n'}
[2.773090] (occgrid_planner_base) StderrLine: {'line': b'In file included from \x1b[01m\x1b[K/opt/ros/humble/include/builtin_interfaces/builtin_interfaces/msg/duration.hpp:7\x1b[m\x1b[K,\n'}
[2.773127] (occgrid_planner_base) StderrLine: {'line': b'                 from \x1b[01m\x1b[K/opt/ros/humble/include/rclcpp/rclcpp/duration.hpp:20\x1b[m\x1b[K,\n'}
[2.773162] (occgrid_planner_base) StderrLine: {'line': b'                 from \x1b[01m\x1b[K/opt/ros/humble/include/rclcpp/rclcpp/qos.hpp:20\x1b[m\x1b[K,\n'}
[2.773198] (occgrid_planner_base) StderrLine: {'line': b'                 from \x1b[01m\x1b[K/opt/ros/humble/include/rclcpp/rclcpp/node_interfaces/node_graph_interface.hpp:32\x1b[m\x1b[K,\n'}
[2.773231] (occgrid_planner_base) StderrLine: {'line': b'                 from \x1b[01m\x1b[K/opt/ros/humble/include/rclcpp/rclcpp/client.hpp:42\x1b[m\x1b[K,\n'}
[2.773263] (occgrid_planner_base) StderrLine: {'line': b'                 from \x1b[01m\x1b[K/opt/ros/humble/include/rclcpp/rclcpp/callback_group.hpp:24\x1b[m\x1b[K,\n'}
[2.773295] (occgrid_planner_base) StderrLine: {'line': b'                 from \x1b[01m\x1b[K/opt/ros/humble/include/rclcpp/rclcpp/any_executable.hpp:20\x1b[m\x1b[K,\n'}
[2.773327] (occgrid_planner_base) StderrLine: {'line': b'                 from \x1b[01m\x1b[K/opt/ros/humble/include/rclcpp/rclcpp/memory_strategy.hpp:25\x1b[m\x1b[K,\n'}
[2.773448] (occgrid_planner_base) StderrLine: {'line': b'                 from \x1b[01m\x1b[K/opt/ros/humble/include/rclcpp/rclcpp/memory_strategies.hpp:18\x1b[m\x1b[K,\n'}
[2.773488] (occgrid_planner_base) StderrLine: {'line': b'                 from \x1b[01m\x1b[K/opt/ros/humble/include/rclcpp/rclcpp/executor_options.hpp:20\x1b[m\x1b[K,\n'}
[2.773523] (occgrid_planner_base) StderrLine: {'line': b'                 from \x1b[01m\x1b[K/opt/ros/humble/include/rclcpp/rclcpp/executor.hpp:37\x1b[m\x1b[K,\n'}
[2.773613] (occgrid_planner_base) StderrLine: {'line': b'                 from \x1b[01m\x1b[K/opt/ros/humble/include/rclcpp/rclcpp/executors/multi_threaded_executor.hpp:25\x1b[m\x1b[K,\n'}
[2.773651] (occgrid_planner_base) StderrLine: {'line': b'                 from \x1b[01m\x1b[K/opt/ros/humble/include/rclcpp/rclcpp/executors.hpp:21\x1b[m\x1b[K,\n'}
[2.773684] (occgrid_planner_base) StderrLine: {'line': b'                 from \x1b[01m\x1b[K/opt/ros/humble/include/rclcpp/rclcpp/rclcpp.hpp:155\x1b[m\x1b[K,\n'}
[2.773718] (occgrid_planner_base) StderrLine: {'line': b'                 from \x1b[01m\x1b[K/home/GTL/apaul/ros2_hw1/src/occgrid_planner_base/src/occgrid_planner.cpp:10\x1b[m\x1b[K:\n'}
[2.773753] (occgrid_planner_base) StderrLine: {'line': b'\x1b[01m\x1b[K/opt/ros/humble/include/builtin_interfaces/builtin_interfaces/msg/detail/duration__struct.hpp:27:11:\x1b[m\x1b[K \x1b[01;36m\x1b[Knote: \x1b[m\x1b[K  \xe2\x80\x98\x1b[01m\x1b[Kbuiltin_interfaces::msg\x1b[m\x1b[K\xe2\x80\x99\n'}
[2.773787] (occgrid_planner_base) StderrLine: {'line': b'   27 | namespace \x1b[01;36m\x1b[Kmsg\x1b[m\x1b[K\n'}
[2.773821] (occgrid_planner_base) StderrLine: {'line': b'      |           \x1b[01;36m\x1b[K^~~\x1b[m\x1b[K\n'}
[2.773853] (occgrid_planner_base) StderrLine: {'line': b'In file included from \x1b[01m\x1b[K/opt/ros/humble/include/rcl_interfaces/rcl_interfaces/msg/set_parameters_result.hpp:7\x1b[m\x1b[K,\n'}
[2.773890] (occgrid_planner_base) StderrLine: {'line': b'                 from \x1b[01m\x1b[K/opt/ros/humble/include/rclcpp/rclcpp/qos_overriding_options.hpp:28\x1b[m\x1b[K,\n'}
[2.773922] (occgrid_planner_base) StderrLine: {'line': b'                 from \x1b[01m\x1b[K/opt/ros/humble/include/rclcpp/rclcpp/subscription_options.hpp:30\x1b[m\x1b[K,\n'}
[2.773957] (occgrid_planner_base) StderrLine: {'line': b'                 from \x1b[01m\x1b[K/opt/ros/humble/include/rclcpp/rclcpp/subscription.hpp:45\x1b[m\x1b[K,\n'}
[2.773991] (occgrid_planner_base) StderrLine: {'line': b'                 from \x1b[01m\x1b[K/opt/ros/humble/include/rclcpp/rclcpp/any_executable.hpp:25\x1b[m\x1b[K,\n'}
[2.774022] (occgrid_planner_base) StderrLine: {'line': b'                 from \x1b[01m\x1b[K/opt/ros/humble/include/rclcpp/rclcpp/memory_strategy.hpp:25\x1b[m\x1b[K,\n'}
[2.774054] (occgrid_planner_base) StderrLine: {'line': b'                 from \x1b[01m\x1b[K/opt/ros/humble/include/rclcpp/rclcpp/memory_strategies.hpp:18\x1b[m\x1b[K,\n'}
[2.774084] (occgrid_planner_base) StderrLine: {'line': b'                 from \x1b[01m\x1b[K/opt/ros/humble/include/rclcpp/rclcpp/executor_options.hpp:20\x1b[m\x1b[K,\n'}
[2.774115] (occgrid_planner_base) StderrLine: {'line': b'                 from \x1b[01m\x1b[K/opt/ros/humble/include/rclcpp/rclcpp/executor.hpp:37\x1b[m\x1b[K,\n'}
[2.774144] (occgrid_planner_base) StderrLine: {'line': b'                 from \x1b[01m\x1b[K/opt/ros/humble/include/rclcpp/rclcpp/executors/multi_threaded_executor.hpp:25\x1b[m\x1b[K,\n'}
[2.774173] (occgrid_planner_base) StderrLine: {'line': b'                 from \x1b[01m\x1b[K/opt/ros/humble/include/rclcpp/rclcpp/executors.hpp:21\x1b[m\x1b[K,\n'}
[2.774207] (occgrid_planner_base) StderrLine: {'line': b'                 from \x1b[01m\x1b[K/opt/ros/humble/include/rclcpp/rclcpp/rclcpp.hpp:155\x1b[m\x1b[K,\n'}
[2.774237] (occgrid_planner_base) StderrLine: {'line': b'                 from \x1b[01m\x1b[K/home/GTL/apaul/ros2_hw1/src/occgrid_planner_base/src/occgrid_planner.cpp:10\x1b[m\x1b[K:\n'}
[2.774267] (occgrid_planner_base) StderrLine: {'line': b'\x1b[01m\x1b[K/opt/ros/humble/include/rcl_interfaces/rcl_interfaces/msg/detail/set_parameters_result__struct.hpp:27:11:\x1b[m\x1b[K \x1b[01;36m\x1b[Knote: \x1b[m\x1b[K  \xe2\x80\x98\x1b[01m\x1b[Krcl_interfaces::msg\x1b[m\x1b[K\xe2\x80\x99\n'}
[2.774297] (occgrid_planner_base) StderrLine: {'line': b'   27 | namespace \x1b[01;36m\x1b[Kmsg\x1b[m\x1b[K\n'}
[2.774327] (occgrid_planner_base) StderrLine: {'line': b'      |           \x1b[01;36m\x1b[K^~~\x1b[m\x1b[K\n'}
[2.774356] (occgrid_planner_base) StderrLine: {'line': b'In file included from \x1b[01m\x1b[K/opt/ros/humble/include/statistics_msgs/statistics_msgs/msg/detail/metrics_message__struct.hpp:23\x1b[m\x1b[K,\n'}
[2.774386] (occgrid_planner_base) StderrLine: {'line': b'                 from \x1b[01m\x1b[K/opt/ros/humble/include/statistics_msgs/statistics_msgs/msg/metrics_message.hpp:7\x1b[m\x1b[K,\n'}
[2.774415] (occgrid_planner_base) StderrLine: {'line': b'                 from \x1b[01m\x1b[K/opt/ros/humble/include/libstatistics_collector/libstatistics_collector/collector/generate_statistics_message.hpp:21\x1b[m\x1b[K,\n'}
[2.774445] (occgrid_planner_base) StderrLine: {'line': b'                 from \x1b[01m\x1b[K/opt/ros/humble/include/rclcpp/rclcpp/topic_statistics/subscription_topic_statistics.hpp:23\x1b[m\x1b[K,\n'}
[2.774476] (occgrid_planner_base) StderrLine: {'line': b'                 from \x1b[01m\x1b[K/opt/ros/humble/include/rclcpp/rclcpp/subscription.hpp:50\x1b[m\x1b[K,\n'}
[2.774506] (occgrid_planner_base) StderrLine: {'line': b'                 from \x1b[01m\x1b[K/opt/ros/humble/include/rclcpp/rclcpp/any_executable.hpp:25\x1b[m\x1b[K,\n'}
[2.774536] (occgrid_planner_base) StderrLine: {'line': b'                 from \x1b[01m\x1b[K/opt/ros/humble/include/rclcpp/rclcpp/memory_strategy.hpp:25\x1b[m\x1b[K,\n'}
[2.774565] (occgrid_planner_base) StderrLine: {'line': b'                 from \x1b[01m\x1b[K/opt/ros/humble/include/rclcpp/rclcpp/memory_strategies.hpp:18\x1b[m\x1b[K,\n'}
[2.774595] (occgrid_planner_base) StderrLine: {'line': b'                 from \x1b[01m\x1b[K/opt/ros/humble/include/rclcpp/rclcpp/executor_options.hpp:20\x1b[m\x1b[K,\n'}
[2.774624] (occgrid_planner_base) StderrLine: {'line': b'                 from \x1b[01m\x1b[K/opt/ros/humble/include/rclcpp/rclcpp/executor.hpp:37\x1b[m\x1b[K,\n'}
[2.774653] (occgrid_planner_base) StderrLine: {'line': b'                 from \x1b[01m\x1b[K/opt/ros/humble/include/rclcpp/rclcpp/executors/multi_threaded_executor.hpp:25\x1b[m\x1b[K,\n'}
[2.774682] (occgrid_planner_base) StderrLine: {'line': b'                 from \x1b[01m\x1b[K/opt/ros/humble/include/rclcpp/rclcpp/executors.hpp:21\x1b[m\x1b[K,\n'}
[2.774715] (occgrid_planner_base) StderrLine: {'line': b'                 from \x1b[01m\x1b[K/opt/ros/humble/include/rclcpp/rclcpp/rclcpp.hpp:155\x1b[m\x1b[K,\n'}
[2.774745] (occgrid_planner_base) StderrLine: {'line': b'                 from \x1b[01m\x1b[K/home/GTL/apaul/ros2_hw1/src/occgrid_planner_base/src/occgrid_planner.cpp:10\x1b[m\x1b[K:\n'}
[2.774775] (occgrid_planner_base) StderrLine: {'line': b'\x1b[01m\x1b[K/opt/ros/humble/include/statistics_msgs/statistics_msgs/msg/detail/statistic_data_point__struct.hpp:27:11:\x1b[m\x1b[K \x1b[01;36m\x1b[Knote: \x1b[m\x1b[K  \xe2\x80\x98\x1b[01m\x1b[Kstatistics_msgs::msg\x1b[m\x1b[K\xe2\x80\x99\n'}
[2.774806] (occgrid_planner_base) StderrLine: {'line': b'   27 | namespace \x1b[01;36m\x1b[Kmsg\x1b[m\x1b[K\n'}
[2.774835] (occgrid_planner_base) StderrLine: {'line': b'      |           \x1b[01;36m\x1b[K^~~\x1b[m\x1b[K\n'}
[2.774864] (occgrid_planner_base) StderrLine: {'line': b'In file included from \x1b[01m\x1b[K/opt/ros/humble/include/geometry_msgs/geometry_msgs/msg/detail/transform_stamped__struct.hpp:20\x1b[m\x1b[K,\n'}
[2.774894] (occgrid_planner_base) StderrLine: {'line': b'                 from \x1b[01m\x1b[K/opt/ros/humble/include/geometry_msgs/geometry_msgs/msg/transform_stamped.hpp:7\x1b[m\x1b[K,\n'}
[2.774923] (occgrid_planner_base) StderrLine: {'line': b'                 from \x1b[01m\x1b[K/opt/ros/humble/include/tf2/tf2/convert.h:38\x1b[m\x1b[K,\n'}
[2.774952] (occgrid_planner_base) StderrLine: {'line': b'                 from \x1b[01m\x1b[K/opt/ros/humble/include/tf2/tf2/impl/utils.h:18\x1b[m\x1b[K,\n'}
[2.774985] (occgrid_planner_base) StderrLine: {'line': b'                 from \x1b[01m\x1b[K/opt/ros/humble/include/tf2/tf2/utils.h:20\x1b[m\x1b[K,\n'}
[2.775014] (occgrid_planner_base) StderrLine: {'line': b'                 from \x1b[01m\x1b[K/home/GTL/apaul/ros2_hw1/src/occgrid_planner_base/src/occgrid_planner.cpp:11\x1b[m\x1b[K:\n'}
[2.775044] (occgrid_planner_base) StderrLine: {'line': b'\x1b[01m\x1b[K/opt/ros/humble/include/std_msgs/std_msgs/msg/detail/header__struct.hpp:31:11:\x1b[m\x1b[K \x1b[01;36m\x1b[Knote: \x1b[m\x1b[K  \xe2\x80\x98\x1b[01m\x1b[Kstd_msgs::msg\x1b[m\x1b[K\xe2\x80\x99\n'}
[2.775073] (occgrid_planner_base) StderrLine: {'line': b'   31 | namespace \x1b[01;36m\x1b[Kmsg\x1b[m\x1b[K\n'}
[2.775102] (occgrid_planner_base) StderrLine: {'line': b'      |           \x1b[01;36m\x1b[K^~~\x1b[m\x1b[K\n'}
[2.775133] (occgrid_planner_base) StderrLine: {'line': b'In file included from \x1b[01m\x1b[K/opt/ros/humble/include/geometry_msgs/geometry_msgs/msg/detail/transform__struct.hpp:20\x1b[m\x1b[K,\n'}
[2.775163] (occgrid_planner_base) StderrLine: {'line': b'                 from \x1b[01m\x1b[K/opt/ros/humble/include/geometry_msgs/geometry_msgs/msg/detail/transform_stamped__struct.hpp:22\x1b[m\x1b[K,\n'}
[2.775195] (occgrid_planner_base) StderrLine: {'line': b'                 from \x1b[01m\x1b[K/opt/ros/humble/include/geometry_msgs/geometry_msgs/msg/transform_stamped.hpp:7\x1b[m\x1b[K,\n'}
[2.775226] (occgrid_planner_base) StderrLine: {'line': b'                 from \x1b[01m\x1b[K/opt/ros/humble/include/tf2/tf2/convert.h:38\x1b[m\x1b[K,\n'}
[2.775258] (occgrid_planner_base) StderrLine: {'line': b'                 from \x1b[01m\x1b[K/opt/ros/humble/include/tf2/tf2/impl/utils.h:18\x1b[m\x1b[K,\n'}
[2.775291] (occgrid_planner_base) StderrLine: {'line': b'                 from \x1b[01m\x1b[K/opt/ros/humble/include/tf2/tf2/utils.h:20\x1b[m\x1b[K,\n'}
[2.775322] (occgrid_planner_base) StderrLine: {'line': b'                 from \x1b[01m\x1b[K/home/GTL/apaul/ros2_hw1/src/occgrid_planner_base/src/occgrid_planner.cpp:11\x1b[m\x1b[K:\n'}
[2.775356] (occgrid_planner_base) StderrLine: {'line': b'\x1b[01m\x1b[K/opt/ros/humble/include/geometry_msgs/geometry_msgs/msg/detail/vector3__struct.hpp:27:11:\x1b[m\x1b[K \x1b[01;36m\x1b[Knote: \x1b[m\x1b[K  \xe2\x80\x98\x1b[01m\x1b[Kgeometry_msgs::msg\x1b[m\x1b[K\xe2\x80\x99\n'}
[2.775391] (occgrid_planner_base) StderrLine: {'line': b'   27 | namespace \x1b[01;36m\x1b[Kmsg\x1b[m\x1b[K\n'}
[2.775424] (occgrid_planner_base) StderrLine: {'line': b'      |           \x1b[01;36m\x1b[K^~~\x1b[m\x1b[K\n'}
[2.775459] (occgrid_planner_base) StderrLine: {'line': b'In file included from \x1b[01m\x1b[K/opt/ros/humble/include/tf2_msgs/tf2_msgs/msg/tf_message.hpp:7\x1b[m\x1b[K,\n'}
[2.775490] (occgrid_planner_base) StderrLine: {'line': b'                 from \x1b[01m\x1b[K/opt/ros/humble/include/tf2_ros/tf2_ros/transform_listener.h:44\x1b[m\x1b[K,\n'}
[2.775525] (occgrid_planner_base) StderrLine: {'line': b'                 from \x1b[01m\x1b[K/home/GTL/apaul/ros2_hw1/src/occgrid_planner_base/src/occgrid_planner.cpp:12\x1b[m\x1b[K:\n'}
[2.775556] (occgrid_planner_base) StderrLine: {'line': b'\x1b[01m\x1b[K/opt/ros/humble/include/tf2_msgs/tf2_msgs/msg/detail/tf_message__struct.hpp:31:11:\x1b[m\x1b[K \x1b[01;36m\x1b[Knote: \x1b[m\x1b[K  \xe2\x80\x98\x1b[01m\x1b[Ktf2_msgs::msg\x1b[m\x1b[K\xe2\x80\x99\n'}
[2.775587] (occgrid_planner_base) StderrLine: {'line': b'   31 | namespace \x1b[01;36m\x1b[Kmsg\x1b[m\x1b[K\n'}
[2.775617] (occgrid_planner_base) StderrLine: {'line': b'      |           \x1b[01;36m\x1b[K^~~\x1b[m\x1b[K\n'}
[2.775647] (occgrid_planner_base) StderrLine: {'line': b'In file included from \x1b[01m\x1b[K/opt/ros/humble/include/nav_msgs/nav_msgs/msg/detail/occupancy_grid__struct.hpp:22\x1b[m\x1b[K,\n'}
[2.775677] (occgrid_planner_base) StderrLine: {'line': b'                 from \x1b[01m\x1b[K/opt/ros/humble/include/nav_msgs/nav_msgs/msg/occupancy_grid.hpp:7\x1b[m\x1b[K,\n'}
[2.775708] (occgrid_planner_base) StderrLine: {'line': b'                 from \x1b[01m\x1b[K/home/GTL/apaul/ros2_hw1/src/occgrid_planner_base/src/occgrid_planner.cpp:18\x1b[m\x1b[K:\n'}
[2.775737] (occgrid_planner_base) StderrLine: {'line': b'\x1b[01m\x1b[K/opt/ros/humble/include/nav_msgs/nav_msgs/msg/detail/map_meta_data__struct.hpp:33:11:\x1b[m\x1b[K \x1b[01;36m\x1b[Knote: \x1b[m\x1b[K  \xe2\x80\x98\x1b[01m\x1b[Knav_msgs::msg\x1b[m\x1b[K\xe2\x80\x99\n'}
[2.775771] (occgrid_planner_base) StderrLine: {'line': b'   33 | namespace \x1b[01;36m\x1b[Kmsg\x1b[m\x1b[K\n'}
[2.775802] (occgrid_planner_base) StderrLine: {'line': b'      |           \x1b[01;36m\x1b[K^~~\x1b[m\x1b[K\n'}
[2.777429] (occgrid_planner_base) StderrLine: {'line': b'\x1b[01m\x1b[K/home/GTL/apaul/ros2_hw1/src/occgrid_planner_base/src/occgrid_planner.cpp:517:45:\x1b[m\x1b[K \x1b[01;31m\x1b[Kerror: \x1b[m\x1b[K\xe2\x80\x98\x1b[01m\x1b[Kstart\x1b[m\x1b[K\xe2\x80\x99 was not declared in this scope\n'}
[2.777474] (occgrid_planner_base) StderrLine: {'line': b'  517 |                 float score = cv::norm(pt - \x1b[01;31m\x1b[Kstart\x1b[m\x1b[K);\n'}
[2.777508] (occgrid_planner_base) StderrLine: {'line': b'      |                                             \x1b[01;31m\x1b[K^~~~~\x1b[m\x1b[K\n'}
[2.781383] (occgrid_planner_base) StderrLine: {'line': b'\x1b[01m\x1b[K/home/GTL/apaul/ros2_hw1/src/occgrid_planner_base/src/occgrid_planner.cpp:527:13:\x1b[m\x1b[K \x1b[01;31m\x1b[Kerror: \x1b[m\x1b[K\xe2\x80\x98\x1b[01m\x1b[Ktarget\x1b[m\x1b[K\xe2\x80\x99 was not declared in this scope\n'}
[2.781451] (occgrid_planner_base) StderrLine: {'line': b'  527 |             \x1b[01;31m\x1b[Ktarget\x1b[m\x1b[K=frontier_points.at<cv::Point3i>(k,0);\n'}
[2.781494] (occgrid_planner_base) StderrLine: {'line': b'      |             \x1b[01;31m\x1b[K^~~~~~\x1b[m\x1b[K\n'}
[2.781530] (occgrid_planner_base) StderrLine: {'line': b'\x1b[01m\x1b[K/home/GTL/apaul/ros2_hw1/src/occgrid_planner_base/src/occgrid_planner.cpp:527:50:\x1b[m\x1b[K \x1b[01;31m\x1b[Kerror: \x1b[m\x1b[Kexpected primary-expression before \xe2\x80\x98\x1b[01m\x1b[K>\x1b[m\x1b[K\xe2\x80\x99 token\n'}
[2.781563] (occgrid_planner_base) StderrLine: {'line': b'  527 |             target=frontier_points.at<cv::Point3i\x1b[01;31m\x1b[K>\x1b[m\x1b[K(k,0);\n'}
[2.781599] (occgrid_planner_base) StderrLine: {'line': b'      |                                                  \x1b[01;31m\x1b[K^\x1b[m\x1b[K\n'}
[2.781630] (occgrid_planner_base) StderrLine: {'line': b'\x1b[01m\x1b[K/home/GTL/apaul/ros2_hw1/src/occgrid_planner_base/src/occgrid_planner.cpp:527:52:\x1b[m\x1b[K \x1b[01;35m\x1b[Kwarning: \x1b[m\x1b[Kleft operand of comma operator has no effect [\x1b[01;35m\x1b[K\x1b]8;;https://gcc.gnu.org/onlinedocs/gcc/Warning-Options.html#index-Wunused-value\x07-Wunused-value\x1b]8;;\x07\x1b[m\x1b[K]\n'}
[2.781663] (occgrid_planner_base) StderrLine: {'line': b'  527 |             target=frontier_points.at<cv::Point3i>(\x1b[01;35m\x1b[Kk\x1b[m\x1b[K,0);\n'}
[2.781693] (occgrid_planner_base) StderrLine: {'line': b'      |                                                    \x1b[01;35m\x1b[K^\x1b[m\x1b[K\n'}
[2.784824] (occgrid_planner_base) StderrLine: {'line': b'\x1b[01m\x1b[K/home/GTL/apaul/ros2_hw1/src/occgrid_planner_base/src/occgrid_planner.cpp:528:31:\x1b[m\x1b[K \x1b[01;31m\x1b[Kerror: \x1b[m\x1b[K\xe2\x80\x98\x1b[01m\x1b[Kstart\x1b[m\x1b[K\xe2\x80\x99 was not declared in this scope\n'}
[2.784871] (occgrid_planner_base) StderrLine: {'line': b'  528 |             planToPixelTarget(\x1b[01;31m\x1b[Kstart\x1b[m\x1b[K,target);\n'}
[2.784905] (occgrid_planner_base) StderrLine: {'line': b'      |                               \x1b[01;31m\x1b[K^~~~~\x1b[m\x1b[K\n'}
[2.806016] (-) TimerEvent: {}
[2.906289] (-) TimerEvent: {}
[3.006553] (-) TimerEvent: {}
[3.106807] (-) TimerEvent: {}
[3.207086] (-) TimerEvent: {}
[3.307409] (-) TimerEvent: {}
[3.407635] (-) TimerEvent: {}
[3.507927] (-) TimerEvent: {}
[3.608229] (-) TimerEvent: {}
[3.708473] (-) TimerEvent: {}
[3.808688] (-) TimerEvent: {}
[3.908928] (-) TimerEvent: {}
[4.009173] (-) TimerEvent: {}
[4.109411] (-) TimerEvent: {}
[4.209670] (-) TimerEvent: {}
[4.309936] (-) TimerEvent: {}
[4.410156] (-) TimerEvent: {}
[4.510389] (-) TimerEvent: {}
[4.610670] (-) TimerEvent: {}
[4.710902] (-) TimerEvent: {}
[4.811123] (-) TimerEvent: {}
[4.911390] (-) TimerEvent: {}
[5.011627] (-) TimerEvent: {}
[5.111869] (-) TimerEvent: {}
[5.212107] (-) TimerEvent: {}
[5.312331] (-) TimerEvent: {}
[5.395139] (occgrid_planner_base) StderrLine: {'line': b'gmake[2]: *** [CMakeFiles/occgrid_planner_base.dir/build.make:76: CMakeFiles/occgrid_planner_base.dir/src/occgrid_planner.cpp.o] Error 1\n'}
[5.395283] (occgrid_planner_base) StderrLine: {'line': b'gmake[1]: *** [CMakeFiles/Makefile2:141: CMakeFiles/occgrid_planner_base.dir/all] Error 2\n'}
[5.395371] (occgrid_planner_base) StderrLine: {'line': b'gmake: *** [Makefile:146: all] Error 2\n'}
[5.396639] (occgrid_planner_base) CommandEnded: {'returncode': 2}
[5.412422] (-) TimerEvent: {}
[5.443760] (occgrid_planner_base) JobEnded: {'identifier': 'occgrid_planner_base', 'rc': 2}
[5.454109] (-) EventReactorShutdown: {}
