[0.000000] (-) TimerEvent: {}
[0.000178] (-) JobUnselected: {'identifier': 'ar_loc_base'}
[0.000197] (-) JobUnselected: {'identifier': 'ar_mapping_base'}
[0.000208] (-) JobUnselected: {'identifier': 'ar_slam_base'}
[0.000217] (-) JobUnselected: {'identifier': 'button_server'}
[0.000225] (-) JobUnselected: {'identifier': 'collision_avoidance_base'}
[0.000233] (-) JobUnselected: {'identifier': 'cs7630_msgs'}
[0.000241] (-) JobUnselected: {'identifier': 'face_detect_base'}
[0.000249] (-) JobUnselected: {'identifier': 'face_msg'}
[0.000257] (-) JobUnselected: {'identifier': 'floor_nav'}
[0.000265] (-) JobUnselected: {'identifier': 'joy_pack'}
[0.000273] (-) JobUnselected: {'identifier': 'keyboard_teleop'}
[0.000281] (-) JobUnselected: {'identifier': 'obstacle_avoidance_base'}
[0.000289] (-) JobUnselected: {'identifier': 'occgrid_planner'}
[0.000297] (-) JobUnselected: {'identifier': 'rover_driver_base'}
[0.000305] (-) JobUnselected: {'identifier': 'task_manager_client_py'}
[0.000313] (-) JobUnselected: {'identifier': 'task_manager_lib'}
[0.000321] (-) JobUnselected: {'identifier': 'task_manager_msgs'}
[0.000329] (-) JobUnselected: {'identifier': 'task_manager_nav2'}
[0.000337] (-) JobUnselected: {'identifier': 'task_manager_sync'}
[0.000345] (-) JobUnselected: {'identifier': 'turtlebot_launch'}
[0.000353] (-) JobUnselected: {'identifier': 'vrep4_helpers'}
[0.000361] (-) JobUnselected: {'identifier': 'vrep_ros_teleop'}
[0.000369] (-) JobUnselected: {'identifier': 'wifi_map_base'}
[0.000377] (-) JobUnselected: {'identifier': 'wpa_cli_msgs'}
[0.000387] (occgrid_planner_base) JobQueued: {'identifier': 'occgrid_planner_base', 'dependencies': OrderedDict([('cs7630_msgs', '/home/GTL/apaul/ros2_hw1/install/cs7630_msgs')])}
[0.000401] (occgrid_planner_base) JobStarted: {'identifier': 'occgrid_planner_base'}
[0.016760] (occgrid_planner_base) JobProgress: {'identifier': 'occgrid_planner_base', 'progress': 'cmake'}
[0.020106] (occgrid_planner_base) JobProgress: {'identifier': 'occgrid_planner_base', 'progress': 'build'}
[0.020925] (occgrid_planner_base) Command: {'cmd': ['/usr/bin/cmake', '--build', '/home/GTL/apaul/ros2_hw1/build/occgrid_planner_base', '--', '-j16', '-l16'], 'cwd': '/home/GTL/apaul/ros2_hw1/build/occgrid_planner_base', 'env': OrderedDict([('USER', 'apaul'), ('XDG_SESSION_TYPE', 'x11'), ('SHLVL', '1'), ('LD_LIBRARY_PATH', '/home/GTL/apaul/ros2_hw1/install/cs7630_msgs/lib:/usr/lib/x86_64-linux-gnu/gazebo-11/plugins:/opt/ros/humble/opt/rviz_ogre_vendor/lib:/opt/ros/humble/lib/x86_64-linux-gnu:/opt/ros/humble/lib'), ('HOME', '/home/GTL/apaul'), ('CYCLONEDDS_URI', '/cs-share/pradalier/gtlpc_cyclonedds.xml'), ('OLDPWD', '/home/GTL/apaul'), ('DESKTOP_SESSION', 'ubuntu'), ('ROS_PYTHON_VERSION', '3'), ('GNOME_SHELL_SESSION_MODE', 'ubuntu'), ('GTK_MODULES', 'gail:atk-bridge'), ('MANAGERPID', '2447'), ('SYSTEMD_EXEC_PID', '2970'), ('DBUS_SESSION_BUS_ADDRESS', 'unix:path=/run/user/37726/bus'), ('COLORTERM', 'truecolor'), ('TERMINATOR_DBUS_NAME', 'net.tenshu.Terminator23558193cd9818af7fe4d2c2f5bd9d00f'), ('GIO_LAUNCHED_DESKTOP_FILE_PID', '4339'), ('ROS_DISTRO', 'humble'), ('GTK_IM_MODULE', 'ibus'), ('LOGNAME', 'apaul'), ('JOURNAL_STREAM', '8:39539'), ('_', '/usr/bin/colcon'), ('ROS_VERSION', '2'), ('XDG_SESSION_CLASS', 'user'), ('USERNAME', 'apaul'), ('TERM', 'xterm-256color'), ('GNOME_DESKTOP_SESSION_ID', 'this-is-deprecated'), ('ROS_LOCALHOST_ONLY', '0'), ('WINDOWPATH', '2'), ('PATH', '/opt/ros/humble/bin:/usr/local/sbin:/usr/local/bin:/usr/sbin:/usr/bin:/sbin:/bin:/usr/games:/usr/local/games:/snap/bin:/snap/bin'), ('SESSION_MANAGER', 'local/gtlpc106.georgiatech-metz.fr:@/tmp/.ICE-unix/2702,unix/gtlpc106.georgiatech-metz.fr:/tmp/.ICE-unix/2702'), ('INVOCATION_ID', 'a7599bc07ed241d58205dd0c990b0f9b'), ('XDG_MENU_PREFIX', 'gnome-'), ('XDG_RUNTIME_DIR', '/run/user/37726'), ('DISPLAY', ':1'), ('TERMINATOR_DBUS_PATH', '/net/tenshu/Terminator2'), ('LANG', 'en_US.UTF-8'), ('XDG_CURRENT_DESKTOP', 'ubuntu:GNOME'), ('IBUS_DISABLE_SNOOPER', '1'), ('RMW_IMPLEMENTATION', 'rmw_cyclonedds_cpp'), ('XMODIFIERS', '@im=ibus'), ('XDG_SESSION_DESKTOP', 'ubuntu'), ('XAUTHORITY', '/run/user/37726/gdm/Xauthority'), ('SSH_AGENT_LAUNCHER', 'gnome-keyring'), ('SSH_AUTH_SOCK', '/run/user/37726/keyring/ssh'), ('ROS_DOMAIN_ID', '56'), ('AMENT_PREFIX_PATH', '/home/GTL/apaul/ros2_hw1/install/cs7630_msgs:/opt/ros/humble'), ('SHELL', '/bin/bash'), ('TERMINATOR_UUID', 'urn:uuid:2449bbd2-eecf-4110-a6e7-f3f786500713'), ('KRB5CCNAME', 'FILE:/tmp/krb5cc_37726'), ('QT_ACCESSIBILITY', '1'), ('GDMSESSION', 'ubuntu'), ('GPG_AGENT_INFO', '/run/user/37726/gnupg/S.gpg-agent:0:1'), ('QT_IM_MODULE', 'ibus'), ('PWD', '/home/GTL/apaul/ros2_hw1/build/occgrid_planner_base'), ('XDG_CONFIG_DIRS', '/etc/xdg/xdg-ubuntu:/etc/xdg'), ('XDG_DATA_DIRS', '/usr/share/ubuntu:/usr/share/gnome:/usr/local/share/:/usr/share/:/var/lib/snapd/desktop'), ('PYTHONPATH', '/home/GTL/apaul/ros2_hw1/install/cs7630_msgs/local/lib/python3.10/dist-packages:/opt/ros/humble/lib/python3.10/site-packages:/opt/ros/humble/local/lib/python3.10/dist-packages'), ('COLCON', '1'), ('VTE_VERSION', '6800'), ('CMAKE_PREFIX_PATH', '/home/GTL/apaul/ros2_hw1/install/cs7630_msgs:/opt/ros/humble')]), 'shell': False}
[0.078554] (occgrid_planner_base) StdoutLine: {'line': b'\x1b[35m\x1b[1mConsolidate compiler generated dependencies of target occgrid_planner_base\x1b[0m\n'}
[0.096269] (occgrid_planner_base) StdoutLine: {'line': b'[ 66%] Built target path_optimizer_base\n'}
[0.096414] (occgrid_planner_base) StdoutLine: {'line': b'[ 66%] Built target path_follower_base\n'}
[0.098999] (-) TimerEvent: {}
[0.132173] (occgrid_planner_base) StdoutLine: {'line': b'[ 83%] \x1b[32mBuilding CXX object CMakeFiles/occgrid_planner_base.dir/src/occgrid_planner.cpp.o\x1b[0m\n'}
[0.199076] (-) TimerEvent: {}
[0.299361] (-) TimerEvent: {}
[0.399779] (-) TimerEvent: {}
[0.500047] (-) TimerEvent: {}
[0.600339] (-) TimerEvent: {}
[0.700644] (-) TimerEvent: {}
[0.800936] (-) TimerEvent: {}
[0.901209] (-) TimerEvent: {}
[1.001467] (-) TimerEvent: {}
[1.101739] (-) TimerEvent: {}
[1.201995] (-) TimerEvent: {}
[1.302253] (-) TimerEvent: {}
[1.402506] (-) TimerEvent: {}
[1.502749] (-) TimerEvent: {}
[1.602969] (-) TimerEvent: {}
[1.703230] (-) TimerEvent: {}
[1.803481] (-) TimerEvent: {}
[1.903787] (-) TimerEvent: {}
[2.004044] (-) TimerEvent: {}
[2.104307] (-) TimerEvent: {}
[2.204552] (-) TimerEvent: {}
[2.304791] (-) TimerEvent: {}
[2.405040] (-) TimerEvent: {}
[2.505323] (-) TimerEvent: {}
[2.605583] (-) TimerEvent: {}
[2.705830] (-) TimerEvent: {}
[2.794906] (occgrid_planner_base) StderrLine: {'line': b'\x1b[01m\x1b[K/home/GTL/apaul/ros2_hw1/src/occgrid_planner_base/src/occgrid_planner.cpp:\x1b[m\x1b[K In member function \xe2\x80\x98\x1b[01m\x1b[Kbool OccupancyGridPlanner::planToPixelTarget(cv::Point3i, cv::Point3i)\x1b[m\x1b[K\xe2\x80\x99:\n'}
[2.795043] (occgrid_planner_base) StderrLine: {'line': b'\x1b[01m\x1b[K/home/GTL/apaul/ros2_hw1/src/occgrid_planner_base/src/occgrid_planner.cpp:519:13:\x1b[m\x1b[K \x1b[01;31m\x1b[Kerror: \x1b[m\x1b[K\xe2\x80\x98\x1b[01m\x1b[Kpath_out\x1b[m\x1b[K\xe2\x80\x99 was not declared in this scope; did you mean \xe2\x80\x98\x1b[01m\x1b[Kpath_pub_\x1b[m\x1b[K\xe2\x80\x99?\n'}
[2.795083] (occgrid_planner_base) StderrLine: {'line': b'  519 |             \x1b[01;31m\x1b[Kpath_out\x1b[m\x1b[K = path;\n'}
[2.795116] (occgrid_planner_base) StderrLine: {'line': b'      |             \x1b[01;31m\x1b[K^~~~~~~~\x1b[m\x1b[K\n'}
[2.795147] (occgrid_planner_base) StderrLine: {'line': b'      |             \x1b[32m\x1b[Kpath_pub_\x1b[m\x1b[K\n'}
[2.805917] (-) TimerEvent: {}
[2.906129] (-) TimerEvent: {}
[3.006369] (-) TimerEvent: {}
[3.106585] (-) TimerEvent: {}
[3.206883] (-) TimerEvent: {}
[3.307159] (-) TimerEvent: {}
[3.407543] (-) TimerEvent: {}
[3.507784] (-) TimerEvent: {}
[3.608047] (-) TimerEvent: {}
[3.708283] (-) TimerEvent: {}
[3.808540] (-) TimerEvent: {}
[3.908779] (-) TimerEvent: {}
[4.009003] (-) TimerEvent: {}
[4.109276] (-) TimerEvent: {}
[4.209544] (-) TimerEvent: {}
[4.309789] (-) TimerEvent: {}
[4.410005] (-) TimerEvent: {}
[4.510252] (-) TimerEvent: {}
[4.610478] (-) TimerEvent: {}
[4.710715] (-) TimerEvent: {}
[4.810948] (-) TimerEvent: {}
[4.911198] (-) TimerEvent: {}
[5.011449] (-) TimerEvent: {}
[5.111696] (-) TimerEvent: {}
[5.211938] (-) TimerEvent: {}
[5.312194] (-) TimerEvent: {}
[5.412475] (-) TimerEvent: {}
[5.443154] (occgrid_planner_base) StderrLine: {'line': b'gmake[2]: *** [CMakeFiles/occgrid_planner_base.dir/build.make:76: CMakeFiles/occgrid_planner_base.dir/src/occgrid_planner.cpp.o] Error 1\n'}
[5.443368] (occgrid_planner_base) StderrLine: {'line': b'gmake[1]: *** [CMakeFiles/Makefile2:141: CMakeFiles/occgrid_planner_base.dir/all] Error 2\n'}
[5.443427] (occgrid_planner_base) StderrLine: {'line': b'gmake: *** [Makefile:146: all] Error 2\n'}
[5.444577] (occgrid_planner_base) CommandEnded: {'returncode': 2}
[5.494171] (occgrid_planner_base) JobEnded: {'identifier': 'occgrid_planner_base', 'rc': 2}
[5.504488] (-) EventReactorShutdown: {}
