[0.873s] Invoking command in '/home/GTL/pcastere/ros_hw1/ros2_hw1/build/joy_pack': CMAKE_PREFIX_PATH=${CMAKE_PREFIX_PATH}:/home/GTL/pcastere/ros_hw1/ros2_hw1/install/vrep_ros_teleop:/home/GTL/pcastere/ros_hw1/ros2_hw1/install/task_manager_client_py:/home/GTL/pcastere/ros_hw1/ros2_hw1/install/ar_slam_base:/home/GTL/pcastere/ros_hw1/ros2_hw1/install/ar_loc_base:/home/GTL/pcastere/ros_hw1/ros2_hw1/install/rover_driver_base:/home/GTL/pcastere/ros_hw1/ros2_hw1/install/keyboard_teleop:/home/GTL/pcastere/ros_hw1/ros2_hw1/install/face_detect_base:/home/GTL/pcastere/ros_hw1/ros2_hw1/install/button_server:/home/GTL/pcastere/ros_hw1/ros2_hw1/install/ar_mapping_base:/opt/ros/humble /usr/bin/cmake --build /home/GTL/pcastere/ros_hw1/ros2_hw1/build/joy_pack -- -j16 -l16
[1.122s] [100%] Built target joy_node
[1.387s] Invoked command in '/home/GTL/pcastere/ros_hw1/ros2_hw1/build/joy_pack' returned '0': CMAKE_PREFIX_PATH=${CMAKE_PREFIX_PATH}:/home/GTL/pcastere/ros_hw1/ros2_hw1/install/vrep_ros_teleop:/home/GTL/pcastere/ros_hw1/ros2_hw1/install/task_manager_client_py:/home/GTL/pcastere/ros_hw1/ros2_hw1/install/ar_slam_base:/home/GTL/pcastere/ros_hw1/ros2_hw1/install/ar_loc_base:/home/GTL/pcastere/ros_hw1/ros2_hw1/install/rover_driver_base:/home/GTL/pcastere/ros_hw1/ros2_hw1/install/keyboard_teleop:/home/GTL/pcastere/ros_hw1/ros2_hw1/install/face_detect_base:/home/GTL/pcastere/ros_hw1/ros2_hw1/install/button_server:/home/GTL/pcastere/ros_hw1/ros2_hw1/install/ar_mapping_base:/opt/ros/humble /usr/bin/cmake --build /home/GTL/pcastere/ros_hw1/ros2_hw1/build/joy_pack -- -j16 -l16
[1.429s] Invoking command in '/home/GTL/pcastere/ros_hw1/ros2_hw1/build/joy_pack': CMAKE_PREFIX_PATH=${CMAKE_PREFIX_PATH}:/home/GTL/pcastere/ros_hw1/ros2_hw1/install/vrep_ros_teleop:/home/GTL/pcastere/ros_hw1/ros2_hw1/install/task_manager_client_py:/home/GTL/pcastere/ros_hw1/ros2_hw1/install/ar_slam_base:/home/GTL/pcastere/ros_hw1/ros2_hw1/install/ar_loc_base:/home/GTL/pcastere/ros_hw1/ros2_hw1/install/rover_driver_base:/home/GTL/pcastere/ros_hw1/ros2_hw1/install/keyboard_teleop:/home/GTL/pcastere/ros_hw1/ros2_hw1/install/face_detect_base:/home/GTL/pcastere/ros_hw1/ros2_hw1/install/button_server:/home/GTL/pcastere/ros_hw1/ros2_hw1/install/ar_mapping_base:/opt/ros/humble /usr/bin/cmake --install /home/GTL/pcastere/ros_hw1/ros2_hw1/build/joy_pack
[1.437s] -- Install configuration: ""
[1.438s] -- Up-to-date: /home/GTL/pcastere/ros_hw1/ros2_hw1/install/joy_pack/lib/joy_pack/joy_node
[1.444s] -- Up-to-date: /home/GTL/pcastere/ros_hw1/ros2_hw1/install/joy_pack/share/ament_index/resource_index/package_run_dependencies/joy_pack
[1.444s] -- Up-to-date: /home/GTL/pcastere/ros_hw1/ros2_hw1/install/joy_pack/share/ament_index/resource_index/parent_prefix_path/joy_pack
[1.444s] -- Up-to-date: /home/GTL/pcastere/ros_hw1/ros2_hw1/install/joy_pack/share/joy_pack/environment/ament_prefix_path.sh
[1.444s] -- Up-to-date: /home/GTL/pcastere/ros_hw1/ros2_hw1/install/joy_pack/share/joy_pack/environment/ament_prefix_path.dsv
[1.444s] -- Up-to-date: /home/GTL/pcastere/ros_hw1/ros2_hw1/install/joy_pack/share/joy_pack/environment/path.sh
[1.445s] -- Up-to-date: /home/GTL/pcastere/ros_hw1/ros2_hw1/install/joy_pack/share/joy_pack/environment/path.dsv
[1.445s] -- Up-to-date: /home/GTL/pcastere/ros_hw1/ros2_hw1/install/joy_pack/share/joy_pack/local_setup.bash
[1.446s] -- Up-to-date: /home/GTL/pcastere/ros_hw1/ros2_hw1/install/joy_pack/share/joy_pack/local_setup.sh
[1.446s] -- Up-to-date: /home/GTL/pcastere/ros_hw1/ros2_hw1/install/joy_pack/share/joy_pack/local_setup.zsh
[1.447s] -- Up-to-date: /home/GTL/pcastere/ros_hw1/ros2_hw1/install/joy_pack/share/joy_pack/local_setup.dsv
[1.447s] -- Installing: /home/GTL/pcastere/ros_hw1/ros2_hw1/install/joy_pack/share/joy_pack/package.dsv
[1.451s] -- Up-to-date: /home/GTL/pcastere/ros_hw1/ros2_hw1/install/joy_pack/share/ament_index/resource_index/packages/joy_pack
[1.451s] -- Up-to-date: /home/GTL/pcastere/ros_hw1/ros2_hw1/install/joy_pack/share/joy_pack/cmake/joy_packConfig.cmake
[1.452s] -- Up-to-date: /home/GTL/pcastere/ros_hw1/ros2_hw1/install/joy_pack/share/joy_pack/cmake/joy_packConfig-version.cmake
[1.452s] -- Up-to-date: /home/GTL/pcastere/ros_hw1/ros2_hw1/install/joy_pack/share/joy_pack/package.xml
[1.460s] Invoked command in '/home/GTL/pcastere/ros_hw1/ros2_hw1/build/joy_pack' returned '0': CMAKE_PREFIX_PATH=${CMAKE_PREFIX_PATH}:/home/GTL/pcastere/ros_hw1/ros2_hw1/install/vrep_ros_teleop:/home/GTL/pcastere/ros_hw1/ros2_hw1/install/task_manager_client_py:/home/GTL/pcastere/ros_hw1/ros2_hw1/install/ar_slam_base:/home/GTL/pcastere/ros_hw1/ros2_hw1/install/ar_loc_base:/home/GTL/pcastere/ros_hw1/ros2_hw1/install/rover_driver_base:/home/GTL/pcastere/ros_hw1/ros2_hw1/install/keyboard_teleop:/home/GTL/pcastere/ros_hw1/ros2_hw1/install/face_detect_base:/home/GTL/pcastere/ros_hw1/ros2_hw1/install/button_server:/home/GTL/pcastere/ros_hw1/ros2_hw1/install/ar_mapping_base:/opt/ros/humble /usr/bin/cmake --install /home/GTL/pcastere/ros_hw1/ros2_hw1/build/joy_pack
