[0.379s] Invoking command in '/home/GTL/apaul/ros2_hw1/build/joy_pack': CMAKE_PREFIX_PATH=/opt/ros/humble /usr/bin/cmake --build /home/GTL/apaul/ros2_hw1/build/joy_pack -- -j16 -l16
[0.786s] [ 50%] [32mBuilding CXX object CMakeFiles/joy_node.dir/src/joy_function.cpp.o[0m
[6.972s] [100%] [32m[1mLinking CXX executable joy_node[0m
[7.302s] [100%] Built target joy_node
[7.439s] Invoked command in '/home/GTL/apaul/ros2_hw1/build/joy_pack' returned '0': CMAKE_PREFIX_PATH=/opt/ros/humble /usr/bin/cmake --build /home/GTL/apaul/ros2_hw1/build/joy_pack -- -j16 -l16
[7.456s] Invoking command in '/home/GTL/apaul/ros2_hw1/build/joy_pack': CMAKE_PREFIX_PATH=/opt/ros/humble /usr/bin/cmake --install /home/GTL/apaul/ros2_hw1/build/joy_pack
[7.472s] -- Install configuration: ""
[7.529s] -- Installing: /home/GTL/apaul/ros2_hw1/install/joy_pack/lib/joy_pack/joy_node
[7.567s] -- Set runtime path of "/home/GTL/apaul/ros2_hw1/install/joy_pack/lib/joy_pack/joy_node" to ""
[7.567s] -- Up-to-date: /home/GTL/apaul/ros2_hw1/install/joy_pack/share/ament_index/resource_index/package_run_dependencies/joy_pack
[7.567s] -- Up-to-date: /home/GTL/apaul/ros2_hw1/install/joy_pack/share/ament_index/resource_index/parent_prefix_path/joy_pack
[7.568s] -- Installing: /home/GTL/apaul/ros2_hw1/install/joy_pack/share/joy_pack/environment/ament_prefix_path.sh
[7.572s] -- Up-to-date: /home/GTL/apaul/ros2_hw1/install/joy_pack/share/joy_pack/environment/ament_prefix_path.dsv
[7.572s] -- Installing: /home/GTL/apaul/ros2_hw1/install/joy_pack/share/joy_pack/environment/path.sh
[7.576s] -- Up-to-date: /home/GTL/apaul/ros2_hw1/install/joy_pack/share/joy_pack/environment/path.dsv
[7.576s] -- Up-to-date: /home/GTL/apaul/ros2_hw1/install/joy_pack/share/joy_pack/local_setup.bash
[7.576s] -- Up-to-date: /home/GTL/apaul/ros2_hw1/install/joy_pack/share/joy_pack/local_setup.sh
[7.576s] -- Up-to-date: /home/GTL/apaul/ros2_hw1/install/joy_pack/share/joy_pack/local_setup.zsh
[7.577s] -- Up-to-date: /home/GTL/apaul/ros2_hw1/install/joy_pack/share/joy_pack/local_setup.dsv
[7.578s] -- Installing: /home/GTL/apaul/ros2_hw1/install/joy_pack/share/joy_pack/package.dsv
[7.599s] -- Up-to-date: /home/GTL/apaul/ros2_hw1/install/joy_pack/share/ament_index/resource_index/packages/joy_pack
[7.602s] -- Up-to-date: /home/GTL/apaul/ros2_hw1/install/joy_pack/share/joy_pack/cmake/joy_packConfig.cmake
[7.602s] -- Up-to-date: /home/GTL/apaul/ros2_hw1/install/joy_pack/share/joy_pack/cmake/joy_packConfig-version.cmake
[7.603s] -- Up-to-date: /home/GTL/apaul/ros2_hw1/install/joy_pack/share/joy_pack/package.xml
[7.606s] Invoked command in '/home/GTL/apaul/ros2_hw1/build/joy_pack' returned '0': CMAKE_PREFIX_PATH=/opt/ros/humble /usr/bin/cmake --install /home/GTL/apaul/ros2_hw1/build/joy_pack
