[0.000000] (-) TimerEvent: {}
[0.000231] (-) JobUnselected: {'identifier': 'ar_loc_base'}
[0.000250] (-) JobUnselected: {'identifier': 'ar_mapping_base'}
[0.000260] (-) JobUnselected: {'identifier': 'ar_slam_base'}
[0.000269] (-) JobUnselected: {'identifier': 'button_server'}
[0.000277] (-) JobUnselected: {'identifier': 'collision_avoidance_base'}
[0.000285] (-) JobUnselected: {'identifier': 'cs7630_msgs'}
[0.000293] (-) JobUnselected: {'identifier': 'face_detect_base'}
[0.000301] (-) JobUnselected: {'identifier': 'face_msg'}
[0.000309] (-) JobUnselected: {'identifier': 'floor_nav'}
[0.000317] (-) JobUnselected: {'identifier': 'joy_pack'}
[0.000324] (-) JobUnselected: {'identifier': 'keyboard_teleop'}
[0.000332] (-) JobUnselected: {'identifier': 'obstacle_avoidance_base'}
[0.000340] (-) JobUnselected: {'identifier': 'occgrid_planner'}
[0.000347] (-) JobUnselected: {'identifier': 'rover_driver_base'}
[0.000355] (-) JobUnselected: {'identifier': 'task_manager_client_py'}
[0.000363] (-) JobUnselected: {'identifier': 'task_manager_lib'}
[0.000370] (-) JobUnselected: {'identifier': 'task_manager_msgs'}
[0.000378] (-) JobUnselected: {'identifier': 'task_manager_nav2'}
[0.000385] (-) JobUnselected: {'identifier': 'task_manager_sync'}
[0.000393] (-) JobUnselected: {'identifier': 'turtlebot_launch'}
[0.000401] (-) JobUnselected: {'identifier': 'vrep4_helpers'}
[0.000409] (-) JobUnselected: {'identifier': 'vrep_ros_teleop'}
[0.000417] (-) JobUnselected: {'identifier': 'wifi_map_base'}
[0.000424] (-) JobUnselected: {'identifier': 'wpa_cli_msgs'}
[0.000434] (occgrid_planner_base) JobQueued: {'identifier': 'occgrid_planner_base', 'dependencies': OrderedDict([('cs7630_msgs', '/home/GTL/apaul/ros2_hw1/install/cs7630_msgs')])}
[0.000447] (occgrid_planner_base) JobStarted: {'identifier': 'occgrid_planner_base'}
[0.012662] (occgrid_planner_base) JobProgress: {'identifier': 'occgrid_planner_base', 'progress': 'cmake'}
[0.015284] (occgrid_planner_base) JobProgress: {'identifier': 'occgrid_planner_base', 'progress': 'build'}
[0.016159] (occgrid_planner_base) Command: {'cmd': ['/usr/bin/cmake', '--build', '/home/GTL/apaul/ros2_hw1/build/occgrid_planner_base', '--', '-j16', '-l16'], 'cwd': '/home/GTL/apaul/ros2_hw1/build/occgrid_planner_base', 'env': OrderedDict([('USER', 'apaul'), ('XDG_SESSION_TYPE', 'x11'), ('SHLVL', '1'), ('LD_LIBRARY_PATH', '/home/GTL/apaul/ros2_hw1/install/cs7630_msgs/lib:/usr/lib/x86_64-linux-gnu/gazebo-11/plugins:/opt/ros/humble/opt/rviz_ogre_vendor/lib:/opt/ros/humble/lib/x86_64-linux-gnu:/opt/ros/humble/lib'), ('HOME', '/home/GTL/apaul'), ('CYCLONEDDS_URI', '/cs-share/pradalier/gtlpc_cyclonedds.xml'), ('OLDPWD', '/home/GTL/apaul'), ('DESKTOP_SESSION', 'ubuntu'), ('ROS_PYTHON_VERSION', '3'), ('GNOME_SHELL_SESSION_MODE', 'ubuntu'), ('GTK_MODULES', 'gail:atk-bridge'), ('MANAGERPID', '2542'), ('SYSTEMD_EXEC_PID', '2980'), ('DBUS_SESSION_BUS_ADDRESS', 'unix:path=/run/user/37726/bus'), ('COLORTERM', 'truecolor'), ('TERMINATOR_DBUS_NAME', 'net.tenshu.Terminator23558193cd9818af7fe4d2c2f5bd9d00f'), ('GIO_LAUNCHED_DESKTOP_FILE_PID', '4724'), ('ROS_DISTRO', 'humble'), ('GTK_IM_MODULE', 'ibus'), ('LOGNAME', 'apaul'), ('JOURNAL_STREAM', '8:23968'), ('_', '/usr/bin/colcon'), ('ROS_VERSION', '2'), ('XDG_SESSION_CLASS', 'user'), ('USERNAME', 'apaul'), ('TERM', 'xterm-256color'), ('GNOME_DESKTOP_SESSION_ID', 'this-is-deprecated'), ('ROS_LOCALHOST_ONLY', '0'), ('WINDOWPATH', '2'), ('PATH', '/opt/ros/humble/bin:/usr/local/sbin:/usr/local/bin:/usr/sbin:/usr/bin:/sbin:/bin:/usr/games:/usr/local/games:/snap/bin:/snap/bin'), ('SESSION_MANAGER', 'local/gtlpc106.georgiatech-metz.fr:@/tmp/.ICE-unix/2787,unix/gtlpc106.georgiatech-metz.fr:/tmp/.ICE-unix/2787'), ('INVOCATION_ID', '31376a68a2794266a0a1c9cc2bffc388'), ('XDG_MENU_PREFIX', 'gnome-'), ('XDG_RUNTIME_DIR', '/run/user/37726'), ('DISPLAY', ':1'), ('TERMINATOR_DBUS_PATH', '/net/tenshu/Terminator2'), ('LANG', 'en_US.UTF-8'), ('XDG_CURRENT_DESKTOP', 'ubuntu:GNOME'), ('IBUS_DISABLE_SNOOPER', '1'), ('RMW_IMPLEMENTATION', 'rmw_cyclonedds_cpp'), ('XMODIFIERS', '@im=ibus'), ('XDG_SESSION_DESKTOP', 'ubuntu'), ('XAUTHORITY', '/run/user/37726/gdm/Xauthority'), ('SSH_AGENT_LAUNCHER', 'gnome-keyring'), ('SSH_AUTH_SOCK', '/run/user/37726/keyring/ssh'), ('ROS_DOMAIN_ID', '56'), ('AMENT_PREFIX_PATH', '/home/GTL/apaul/ros2_hw1/install/cs7630_msgs:/opt/ros/humble'), ('SHELL', '/bin/bash'), ('TERMINATOR_UUID', 'urn:uuid:3e30ec48-b2a5-4021-b491-21c28bc2a031'), ('KRB5CCNAME', 'FILE:/tmp/krb5cc_37726'), ('QT_ACCESSIBILITY', '1'), ('GDMSESSION', 'ubuntu'), ('GPG_AGENT_INFO', '/run/user/37726/gnupg/S.gpg-agent:0:1'), ('QT_IM_MODULE', 'ibus'), ('PWD', '/home/GTL/apaul/ros2_hw1/build/occgrid_planner_base'), ('XDG_CONFIG_DIRS', '/etc/xdg/xdg-ubuntu:/etc/xdg'), ('XDG_DATA_DIRS', '/usr/share/ubuntu:/usr/share/gnome:/usr/local/share/:/usr/share/:/var/lib/snapd/desktop'), ('PYTHONPATH', '/home/GTL/apaul/ros2_hw1/install/cs7630_msgs/local/lib/python3.10/dist-packages:/opt/ros/humble/lib/python3.10/site-packages:/opt/ros/humble/local/lib/python3.10/dist-packages'), ('COLCON', '1'), ('VTE_VERSION', '6800'), ('CMAKE_PREFIX_PATH', '/home/GTL/apaul/ros2_hw1/install/cs7630_msgs:/opt/ros/humble')]), 'shell': False}
[0.055268] (occgrid_planner_base) StdoutLine: {'line': b'\x1b[35m\x1b[1mConsolidate compiler generated dependencies of target occgrid_planner_base\x1b[0m\n'}
[0.067497] (occgrid_planner_base) StdoutLine: {'line': b'[ 66%] Built target path_follower_base\n'}
[0.067643] (occgrid_planner_base) StdoutLine: {'line': b'[ 66%] Built target path_optimizer_base\n'}
[0.099231] (-) TimerEvent: {}
[0.124778] (occgrid_planner_base) StdoutLine: {'line': b'[ 83%] \x1b[32mBuilding CXX object CMakeFiles/occgrid_planner_base.dir/src/occgrid_planner.cpp.o\x1b[0m\n'}
[0.199385] (-) TimerEvent: {}
[0.299707] (-) TimerEvent: {}
[0.399928] (-) TimerEvent: {}
[0.500169] (-) TimerEvent: {}
[0.600390] (-) TimerEvent: {}
[0.700625] (-) TimerEvent: {}
[0.800880] (-) TimerEvent: {}
[0.901110] (-) TimerEvent: {}
[1.001348] (-) TimerEvent: {}
[1.101583] (-) TimerEvent: {}
[1.201843] (-) TimerEvent: {}
[1.302156] (-) TimerEvent: {}
[1.402395] (-) TimerEvent: {}
[1.502693] (-) TimerEvent: {}
[1.602968] (-) TimerEvent: {}
[1.703202] (-) TimerEvent: {}
[1.803594] (-) TimerEvent: {}
[1.903929] (-) TimerEvent: {}
[2.004288] (-) TimerEvent: {}
[2.104560] (-) TimerEvent: {}
[2.204801] (-) TimerEvent: {}
[2.305045] (-) TimerEvent: {}
[2.405306] (-) TimerEvent: {}
[2.505556] (-) TimerEvent: {}
[2.605823] (-) TimerEvent: {}
[2.706062] (-) TimerEvent: {}
[2.767697] (occgrid_planner_base) StderrLine: {'line': b'\x1b[01m\x1b[K/home/GTL/apaul/ros2_hw1/src/occgrid_planner_base/src/occgrid_planner.cpp:472:9:\x1b[m\x1b[K \x1b[01;31m\x1b[Kerror: \x1b[m\x1b[KISO C++ forbids declaration of \xe2\x80\x98\x1b[01m\x1b[Kfind_frontier_points\x1b[m\x1b[K\xe2\x80\x99 with no type [\x1b[01;31m\x1b[K\x1b]8;;https://gcc.gnu.org/onlinedocs/gcc/Warning-Options.html#index-fpermissive\x07-fpermissive\x1b]8;;\x07\x1b[m\x1b[K]\n'}
[2.767843] (occgrid_planner_base) StderrLine: {'line': b'  472 |         \x1b[01;31m\x1b[Kfind_frontier_points\x1b[m\x1b[K(const cv::Mat_<uint8_t>& og_) {\n'}
[2.767893] (occgrid_planner_base) StderrLine: {'line': b'      |         \x1b[01;31m\x1b[K^~~~~~~~~~~~~~~~~~~~\x1b[m\x1b[K\n'}
[2.805114] (occgrid_planner_base) StderrLine: {'line': b'\x1b[01m\x1b[K/home/GTL/apaul/ros2_hw1/src/occgrid_planner_base/src/occgrid_planner.cpp:\x1b[m\x1b[K In member function \xe2\x80\x98\x1b[01m\x1b[Kint OccupancyGridPlanner::find_frontier_points(const cv::Mat_<unsigned char>&)\x1b[m\x1b[K\xe2\x80\x99:\n'}
[2.805403] (occgrid_planner_base) StderrLine: {'line': b'\x1b[01m\x1b[K/home/GTL/apaul/ros2_hw1/src/occgrid_planner_base/src/occgrid_planner.cpp:474:47:\x1b[m\x1b[K \x1b[01;31m\x1b[Kerror: \x1b[m\x1b[K\xe2\x80\x98\x1b[01m\x1b[Kmsg\x1b[m\x1b[K\xe2\x80\x99 was not declared in this scope\n'}
[2.805446] (occgrid_planner_base) StderrLine: {'line': b'  474 |             cv::Mat_<cv::Vec3b> frontier_map_(\x1b[01;31m\x1b[Kmsg\x1b[m\x1b[K->info.height, msg->info.width,cv::Vec3b(255,255,255));  // ! We define a new map to plot it\n'}
[2.805483] (occgrid_planner_base) StderrLine: {'line': b'      |                                               \x1b[01;31m\x1b[K^~~\x1b[m\x1b[K\n'}
[2.805526] (occgrid_planner_base) StderrLine: {'line': b'\x1b[01m\x1b[K/home/GTL/apaul/ros2_hw1/src/occgrid_planner_base/src/occgrid_planner.cpp:474:47:\x1b[m\x1b[K \x1b[01;36m\x1b[Knote: \x1b[m\x1b[Ksuggested alternatives:\n'}
[2.805560] (occgrid_planner_base) StderrLine: {'line': b'In file included from \x1b[01m\x1b[K/opt/ros/humble/include/builtin_interfaces/builtin_interfaces/msg/duration.hpp:7\x1b[m\x1b[K,\n'}
[2.805616] (occgrid_planner_base) StderrLine: {'line': b'                 from \x1b[01m\x1b[K/opt/ros/humble/include/rclcpp/rclcpp/duration.hpp:20\x1b[m\x1b[K,\n'}
[2.805656] (occgrid_planner_base) StderrLine: {'line': b'                 from \x1b[01m\x1b[K/opt/ros/humble/include/rclcpp/rclcpp/qos.hpp:20\x1b[m\x1b[K,\n'}
[2.805701] (occgrid_planner_base) StderrLine: {'line': b'                 from \x1b[01m\x1b[K/opt/ros/humble/include/rclcpp/rclcpp/node_interfaces/node_graph_interface.hpp:32\x1b[m\x1b[K,\n'}
[2.805733] (occgrid_planner_base) StderrLine: {'line': b'                 from \x1b[01m\x1b[K/opt/ros/humble/include/rclcpp/rclcpp/client.hpp:42\x1b[m\x1b[K,\n'}
[2.805770] (occgrid_planner_base) StderrLine: {'line': b'                 from \x1b[01m\x1b[K/opt/ros/humble/include/rclcpp/rclcpp/callback_group.hpp:24\x1b[m\x1b[K,\n'}
[2.805800] (occgrid_planner_base) StderrLine: {'line': b'                 from \x1b[01m\x1b[K/opt/ros/humble/include/rclcpp/rclcpp/any_executable.hpp:20\x1b[m\x1b[K,\n'}
[2.805830] (occgrid_planner_base) StderrLine: {'line': b'                 from \x1b[01m\x1b[K/opt/ros/humble/include/rclcpp/rclcpp/memory_strategy.hpp:25\x1b[m\x1b[K,\n'}
[2.805860] (occgrid_planner_base) StderrLine: {'line': b'                 from \x1b[01m\x1b[K/opt/ros/humble/include/rclcpp/rclcpp/memory_strategies.hpp:18\x1b[m\x1b[K,\n'}
[2.805890] (occgrid_planner_base) StderrLine: {'line': b'                 from \x1b[01m\x1b[K/opt/ros/humble/include/rclcpp/rclcpp/executor_options.hpp:20\x1b[m\x1b[K,\n'}
[2.805929] (occgrid_planner_base) StderrLine: {'line': b'                 from \x1b[01m\x1b[K/opt/ros/humble/include/rclcpp/rclcpp/executor.hpp:37\x1b[m\x1b[K,\n'}
[2.805961] (occgrid_planner_base) StderrLine: {'line': b'                 from \x1b[01m\x1b[K/opt/ros/humble/include/rclcpp/rclcpp/executors/multi_threaded_executor.hpp:25\x1b[m\x1b[K,\n'}
[2.805991] (occgrid_planner_base) StderrLine: {'line': b'                 from \x1b[01m\x1b[K/opt/ros/humble/include/rclcpp/rclcpp/executors.hpp:21\x1b[m\x1b[K,\n'}
[2.806026] (occgrid_planner_base) StderrLine: {'line': b'                 from \x1b[01m\x1b[K/opt/ros/humble/include/rclcpp/rclcpp/rclcpp.hpp:155\x1b[m\x1b[K,\n'}
[2.806058] (-) TimerEvent: {}
[2.806141] (occgrid_planner_base) StderrLine: {'line': b'                 from \x1b[01m\x1b[K/home/GTL/apaul/ros2_hw1/src/occgrid_planner_base/src/occgrid_planner.cpp:10\x1b[m\x1b[K:\n'}
[2.806183] (occgrid_planner_base) StderrLine: {'line': b'\x1b[01m\x1b[K/opt/ros/humble/include/builtin_interfaces/builtin_interfaces/msg/detail/duration__struct.hpp:27:11:\x1b[m\x1b[K \x1b[01;36m\x1b[Knote: \x1b[m\x1b[K  \xe2\x80\x98\x1b[01m\x1b[Kbuiltin_interfaces::msg\x1b[m\x1b[K\xe2\x80\x99\n'}
[2.806226] (occgrid_planner_base) StderrLine: {'line': b'   27 | namespace \x1b[01;36m\x1b[Kmsg\x1b[m\x1b[K\n'}
[2.806257] (occgrid_planner_base) StderrLine: {'line': b'      |           \x1b[01;36m\x1b[K^~~\x1b[m\x1b[K\n'}
[2.806294] (occgrid_planner_base) StderrLine: {'line': b'In file included from \x1b[01m\x1b[K/opt/ros/humble/include/rcl_interfaces/rcl_interfaces/msg/set_parameters_result.hpp:7\x1b[m\x1b[K,\n'}
[2.806330] (occgrid_planner_base) StderrLine: {'line': b'                 from \x1b[01m\x1b[K/opt/ros/humble/include/rclcpp/rclcpp/qos_overriding_options.hpp:28\x1b[m\x1b[K,\n'}
[2.806361] (occgrid_planner_base) StderrLine: {'line': b'                 from \x1b[01m\x1b[K/opt/ros/humble/include/rclcpp/rclcpp/subscription_options.hpp:30\x1b[m\x1b[K,\n'}
[2.806390] (occgrid_planner_base) StderrLine: {'line': b'                 from \x1b[01m\x1b[K/opt/ros/humble/include/rclcpp/rclcpp/subscription.hpp:45\x1b[m\x1b[K,\n'}
[2.806423] (occgrid_planner_base) StderrLine: {'line': b'                 from \x1b[01m\x1b[K/opt/ros/humble/include/rclcpp/rclcpp/any_executable.hpp:25\x1b[m\x1b[K,\n'}
[2.806468] (occgrid_planner_base) StderrLine: {'line': b'                 from \x1b[01m\x1b[K/opt/ros/humble/include/rclcpp/rclcpp/memory_strategy.hpp:25\x1b[m\x1b[K,\n'}
[2.806504] (occgrid_planner_base) StderrLine: {'line': b'                 from \x1b[01m\x1b[K/opt/ros/humble/include/rclcpp/rclcpp/memory_strategies.hpp:18\x1b[m\x1b[K,\n'}
[2.806535] (occgrid_planner_base) StderrLine: {'line': b'                 from \x1b[01m\x1b[K/opt/ros/humble/include/rclcpp/rclcpp/executor_options.hpp:20\x1b[m\x1b[K,\n'}
[2.806566] (occgrid_planner_base) StderrLine: {'line': b'                 from \x1b[01m\x1b[K/opt/ros/humble/include/rclcpp/rclcpp/executor.hpp:37\x1b[m\x1b[K,\n'}
[2.806599] (occgrid_planner_base) StderrLine: {'line': b'                 from \x1b[01m\x1b[K/opt/ros/humble/include/rclcpp/rclcpp/executors/multi_threaded_executor.hpp:25\x1b[m\x1b[K,\n'}
[2.806630] (occgrid_planner_base) StderrLine: {'line': b'                 from \x1b[01m\x1b[K/opt/ros/humble/include/rclcpp/rclcpp/executors.hpp:21\x1b[m\x1b[K,\n'}
[2.806663] (occgrid_planner_base) StderrLine: {'line': b'                 from \x1b[01m\x1b[K/opt/ros/humble/include/rclcpp/rclcpp/rclcpp.hpp:155\x1b[m\x1b[K,\n'}
[2.806693] (occgrid_planner_base) StderrLine: {'line': b'                 from \x1b[01m\x1b[K/home/GTL/apaul/ros2_hw1/src/occgrid_planner_base/src/occgrid_planner.cpp:10\x1b[m\x1b[K:\n'}
[2.806722] (occgrid_planner_base) StderrLine: {'line': b'\x1b[01m\x1b[K/opt/ros/humble/include/rcl_interfaces/rcl_interfaces/msg/detail/set_parameters_result__struct.hpp:27:11:\x1b[m\x1b[K \x1b[01;36m\x1b[Knote: \x1b[m\x1b[K  \xe2\x80\x98\x1b[01m\x1b[Krcl_interfaces::msg\x1b[m\x1b[K\xe2\x80\x99\n'}
[2.806760] (occgrid_planner_base) StderrLine: {'line': b'   27 | namespace \x1b[01;36m\x1b[Kmsg\x1b[m\x1b[K\n'}
[2.806795] (occgrid_planner_base) StderrLine: {'line': b'      |           \x1b[01;36m\x1b[K^~~\x1b[m\x1b[K\n'}
[2.806832] (occgrid_planner_base) StderrLine: {'line': b'In file included from \x1b[01m\x1b[K/opt/ros/humble/include/statistics_msgs/statistics_msgs/msg/detail/metrics_message__struct.hpp:23\x1b[m\x1b[K,\n'}
[2.806873] (occgrid_planner_base) StderrLine: {'line': b'                 from \x1b[01m\x1b[K/opt/ros/humble/include/statistics_msgs/statistics_msgs/msg/metrics_message.hpp:7\x1b[m\x1b[K,\n'}
[2.806923] (occgrid_planner_base) StderrLine: {'line': b'                 from \x1b[01m\x1b[K/opt/ros/humble/include/libstatistics_collector/libstatistics_collector/collector/generate_statistics_message.hpp:21\x1b[m\x1b[K,\n'}
[2.806957] (occgrid_planner_base) StderrLine: {'line': b'                 from \x1b[01m\x1b[K/opt/ros/humble/include/rclcpp/rclcpp/topic_statistics/subscription_topic_statistics.hpp:23\x1b[m\x1b[K,\n'}
[2.806998] (occgrid_planner_base) StderrLine: {'line': b'                 from \x1b[01m\x1b[K/opt/ros/humble/include/rclcpp/rclcpp/subscription.hpp:50\x1b[m\x1b[K,\n'}
[2.807029] (occgrid_planner_base) StderrLine: {'line': b'                 from \x1b[01m\x1b[K/opt/ros/humble/include/rclcpp/rclcpp/any_executable.hpp:25\x1b[m\x1b[K,\n'}
[2.807071] (occgrid_planner_base) StderrLine: {'line': b'                 from \x1b[01m\x1b[K/opt/ros/humble/include/rclcpp/rclcpp/memory_strategy.hpp:25\x1b[m\x1b[K,\n'}
[2.807102] (occgrid_planner_base) StderrLine: {'line': b'                 from \x1b[01m\x1b[K/opt/ros/humble/include/rclcpp/rclcpp/memory_strategies.hpp:18\x1b[m\x1b[K,\n'}
[2.807138] (occgrid_planner_base) StderrLine: {'line': b'                 from \x1b[01m\x1b[K/opt/ros/humble/include/rclcpp/rclcpp/executor_options.hpp:20\x1b[m\x1b[K,\n'}
[2.807168] (occgrid_planner_base) StderrLine: {'line': b'                 from \x1b[01m\x1b[K/opt/ros/humble/include/rclcpp/rclcpp/executor.hpp:37\x1b[m\x1b[K,\n'}
[2.807200] (occgrid_planner_base) StderrLine: {'line': b'                 from \x1b[01m\x1b[K/opt/ros/humble/include/rclcpp/rclcpp/executors/multi_threaded_executor.hpp:25\x1b[m\x1b[K,\n'}
[2.807233] (occgrid_planner_base) StderrLine: {'line': b'                 from \x1b[01m\x1b[K/opt/ros/humble/include/rclcpp/rclcpp/executors.hpp:21\x1b[m\x1b[K,\n'}
[2.807263] (occgrid_planner_base) StderrLine: {'line': b'                 from \x1b[01m\x1b[K/opt/ros/humble/include/rclcpp/rclcpp/rclcpp.hpp:155\x1b[m\x1b[K,\n'}
[2.807293] (occgrid_planner_base) StderrLine: {'line': b'                 from \x1b[01m\x1b[K/home/GTL/apaul/ros2_hw1/src/occgrid_planner_base/src/occgrid_planner.cpp:10\x1b[m\x1b[K:\n'}
[2.807323] (occgrid_planner_base) StderrLine: {'line': b'\x1b[01m\x1b[K/opt/ros/humble/include/statistics_msgs/statistics_msgs/msg/detail/statistic_data_point__struct.hpp:27:11:\x1b[m\x1b[K \x1b[01;36m\x1b[Knote: \x1b[m\x1b[K  \xe2\x80\x98\x1b[01m\x1b[Kstatistics_msgs::msg\x1b[m\x1b[K\xe2\x80\x99\n'}
[2.807354] (occgrid_planner_base) StderrLine: {'line': b'   27 | namespace \x1b[01;36m\x1b[Kmsg\x1b[m\x1b[K\n'}
[2.807392] (occgrid_planner_base) StderrLine: {'line': b'      |           \x1b[01;36m\x1b[K^~~\x1b[m\x1b[K\n'}
[2.807424] (occgrid_planner_base) StderrLine: {'line': b'In file included from \x1b[01m\x1b[K/opt/ros/humble/include/geometry_msgs/geometry_msgs/msg/detail/transform_stamped__struct.hpp:20\x1b[m\x1b[K,\n'}
[2.807454] (occgrid_planner_base) StderrLine: {'line': b'                 from \x1b[01m\x1b[K/opt/ros/humble/include/geometry_msgs/geometry_msgs/msg/transform_stamped.hpp:7\x1b[m\x1b[K,\n'}
[2.807488] (occgrid_planner_base) StderrLine: {'line': b'                 from \x1b[01m\x1b[K/opt/ros/humble/include/tf2/tf2/convert.h:38\x1b[m\x1b[K,\n'}
[2.807519] (occgrid_planner_base) StderrLine: {'line': b'                 from \x1b[01m\x1b[K/opt/ros/humble/include/tf2/tf2/impl/utils.h:18\x1b[m\x1b[K,\n'}
[2.807549] (occgrid_planner_base) StderrLine: {'line': b'                 from \x1b[01m\x1b[K/opt/ros/humble/include/tf2/tf2/utils.h:20\x1b[m\x1b[K,\n'}
[2.807582] (occgrid_planner_base) StderrLine: {'line': b'                 from \x1b[01m\x1b[K/home/GTL/apaul/ros2_hw1/src/occgrid_planner_base/src/occgrid_planner.cpp:11\x1b[m\x1b[K:\n'}
[2.807612] (occgrid_planner_base) StderrLine: {'line': b'\x1b[01m\x1b[K/opt/ros/humble/include/std_msgs/std_msgs/msg/detail/header__struct.hpp:31:11:\x1b[m\x1b[K \x1b[01;36m\x1b[Knote: \x1b[m\x1b[K  \xe2\x80\x98\x1b[01m\x1b[Kstd_msgs::msg\x1b[m\x1b[K\xe2\x80\x99\n'}
[2.807644] (occgrid_planner_base) StderrLine: {'line': b'   31 | namespace \x1b[01;36m\x1b[Kmsg\x1b[m\x1b[K\n'}
[2.807681] (occgrid_planner_base) StderrLine: {'line': b'      |           \x1b[01;36m\x1b[K^~~\x1b[m\x1b[K\n'}
[2.807712] (occgrid_planner_base) StderrLine: {'line': b'In file included from \x1b[01m\x1b[K/opt/ros/humble/include/geometry_msgs/geometry_msgs/msg/detail/transform__struct.hpp:20\x1b[m\x1b[K,\n'}
[2.807742] (occgrid_planner_base) StderrLine: {'line': b'                 from \x1b[01m\x1b[K/opt/ros/humble/include/geometry_msgs/geometry_msgs/msg/detail/transform_stamped__struct.hpp:22\x1b[m\x1b[K,\n'}
[2.807779] (occgrid_planner_base) StderrLine: {'line': b'                 from \x1b[01m\x1b[K/opt/ros/humble/include/geometry_msgs/geometry_msgs/msg/transform_stamped.hpp:7\x1b[m\x1b[K,\n'}
[2.807809] (occgrid_planner_base) StderrLine: {'line': b'                 from \x1b[01m\x1b[K/opt/ros/humble/include/tf2/tf2/convert.h:38\x1b[m\x1b[K,\n'}
[2.807839] (occgrid_planner_base) StderrLine: {'line': b'                 from \x1b[01m\x1b[K/opt/ros/humble/include/tf2/tf2/impl/utils.h:18\x1b[m\x1b[K,\n'}
[2.807869] (occgrid_planner_base) StderrLine: {'line': b'                 from \x1b[01m\x1b[K/opt/ros/humble/include/tf2/tf2/utils.h:20\x1b[m\x1b[K,\n'}
[2.807904] (occgrid_planner_base) StderrLine: {'line': b'                 from \x1b[01m\x1b[K/home/GTL/apaul/ros2_hw1/src/occgrid_planner_base/src/occgrid_planner.cpp:11\x1b[m\x1b[K:\n'}
[2.807939] (occgrid_planner_base) StderrLine: {'line': b'\x1b[01m\x1b[K/opt/ros/humble/include/geometry_msgs/geometry_msgs/msg/detail/vector3__struct.hpp:27:11:\x1b[m\x1b[K \x1b[01;36m\x1b[Knote: \x1b[m\x1b[K  \xe2\x80\x98\x1b[01m\x1b[Kgeometry_msgs::msg\x1b[m\x1b[K\xe2\x80\x99\n'}
[2.807975] (occgrid_planner_base) StderrLine: {'line': b'   27 | namespace \x1b[01;36m\x1b[Kmsg\x1b[m\x1b[K\n'}
[2.808018] (occgrid_planner_base) StderrLine: {'line': b'      |           \x1b[01;36m\x1b[K^~~\x1b[m\x1b[K\n'}
[2.808049] (occgrid_planner_base) StderrLine: {'line': b'In file included from \x1b[01m\x1b[K/opt/ros/humble/include/tf2_msgs/tf2_msgs/msg/tf_message.hpp:7\x1b[m\x1b[K,\n'}
[2.808082] (occgrid_planner_base) StderrLine: {'line': b'                 from \x1b[01m\x1b[K/opt/ros/humble/include/tf2_ros/tf2_ros/transform_listener.h:44\x1b[m\x1b[K,\n'}
[2.808121] (occgrid_planner_base) StderrLine: {'line': b'                 from \x1b[01m\x1b[K/home/GTL/apaul/ros2_hw1/src/occgrid_planner_base/src/occgrid_planner.cpp:12\x1b[m\x1b[K:\n'}
[2.808151] (occgrid_planner_base) StderrLine: {'line': b'\x1b[01m\x1b[K/opt/ros/humble/include/tf2_msgs/tf2_msgs/msg/detail/tf_message__struct.hpp:31:11:\x1b[m\x1b[K \x1b[01;36m\x1b[Knote: \x1b[m\x1b[K  \xe2\x80\x98\x1b[01m\x1b[Ktf2_msgs::msg\x1b[m\x1b[K\xe2\x80\x99\n'}
[2.808182] (occgrid_planner_base) StderrLine: {'line': b'   31 | namespace \x1b[01;36m\x1b[Kmsg\x1b[m\x1b[K\n'}
[2.808220] (occgrid_planner_base) StderrLine: {'line': b'      |           \x1b[01;36m\x1b[K^~~\x1b[m\x1b[K\n'}
[2.808257] (occgrid_planner_base) StderrLine: {'line': b'In file included from \x1b[01m\x1b[K/opt/ros/humble/include/nav_msgs/nav_msgs/msg/detail/occupancy_grid__struct.hpp:22\x1b[m\x1b[K,\n'}
[2.808290] (occgrid_planner_base) StderrLine: {'line': b'                 from \x1b[01m\x1b[K/opt/ros/humble/include/nav_msgs/nav_msgs/msg/occupancy_grid.hpp:7\x1b[m\x1b[K,\n'}
[2.808330] (occgrid_planner_base) StderrLine: {'line': b'                 from \x1b[01m\x1b[K/home/GTL/apaul/ros2_hw1/src/occgrid_planner_base/src/occgrid_planner.cpp:18\x1b[m\x1b[K:\n'}
[2.808369] (occgrid_planner_base) StderrLine: {'line': b'\x1b[01m\x1b[K/opt/ros/humble/include/nav_msgs/nav_msgs/msg/detail/map_meta_data__struct.hpp:33:11:\x1b[m\x1b[K \x1b[01;36m\x1b[Knote: \x1b[m\x1b[K  \xe2\x80\x98\x1b[01m\x1b[Knav_msgs::msg\x1b[m\x1b[K\xe2\x80\x99\n'}
[2.808402] (occgrid_planner_base) StderrLine: {'line': b'   33 | namespace \x1b[01;36m\x1b[Kmsg\x1b[m\x1b[K\n'}
[2.808438] (occgrid_planner_base) StderrLine: {'line': b'      |           \x1b[01;36m\x1b[K^~~\x1b[m\x1b[K\n'}
[2.808471] (occgrid_planner_base) StderrLine: {'line': b'\x1b[01m\x1b[K/home/GTL/apaul/ros2_hw1/src/occgrid_planner_base/src/occgrid_planner.cpp:508:13:\x1b[m\x1b[K \x1b[01;31m\x1b[Kerror: \x1b[m\x1b[Kreturn-statement with no value, in function returning \xe2\x80\x98\x1b[01m\x1b[Kint\x1b[m\x1b[K\xe2\x80\x99 [\x1b[01;31m\x1b[K\x1b]8;;https://gcc.gnu.org/onlinedocs/gcc/Warning-Options.html#index-fpermissive\x07-fpermissive\x1b]8;;\x07\x1b[m\x1b[K]\n'}
[2.808508] (occgrid_planner_base) StderrLine: {'line': b'  508 |             \x1b[01;31m\x1b[Kreturn\x1b[m\x1b[K;\n'}
[2.808546] (occgrid_planner_base) StderrLine: {'line': b'      |             \x1b[01;31m\x1b[K^~~~~~\x1b[m\x1b[K\n'}
[2.906174] (-) TimerEvent: {}
[3.006435] (-) TimerEvent: {}
[3.106684] (-) TimerEvent: {}
[3.206964] (-) TimerEvent: {}
[3.307262] (-) TimerEvent: {}
[3.407541] (-) TimerEvent: {}
[3.507821] (-) TimerEvent: {}
[3.608115] (-) TimerEvent: {}
[3.708404] (-) TimerEvent: {}
[3.808647] (-) TimerEvent: {}
[3.908887] (-) TimerEvent: {}
[4.009128] (-) TimerEvent: {}
[4.109436] (-) TimerEvent: {}
[4.209707] (-) TimerEvent: {}
[4.309951] (-) TimerEvent: {}
[4.410186] (-) TimerEvent: {}
[4.510422] (-) TimerEvent: {}
[4.610674] (-) TimerEvent: {}
[4.710929] (-) TimerEvent: {}
[4.811157] (-) TimerEvent: {}
[4.911437] (-) TimerEvent: {}
[5.011661] (-) TimerEvent: {}
[5.111899] (-) TimerEvent: {}
[5.212106] (-) TimerEvent: {}
[5.312391] (-) TimerEvent: {}
[5.412631] (-) TimerEvent: {}
[5.512866] (-) TimerEvent: {}
[5.554680] (occgrid_planner_base) StderrLine: {'line': b'gmake[2]: *** [CMakeFiles/occgrid_planner_base.dir/build.make:76: CMakeFiles/occgrid_planner_base.dir/src/occgrid_planner.cpp.o] Error 1\n'}
[5.554881] (occgrid_planner_base) StderrLine: {'line': b'gmake[1]: *** [CMakeFiles/Makefile2:141: CMakeFiles/occgrid_planner_base.dir/all] Error 2\n'}
[5.554992] (occgrid_planner_base) StderrLine: {'line': b'gmake: *** [Makefile:146: all] Error 2\n'}
[5.556352] (occgrid_planner_base) CommandEnded: {'returncode': 2}
[5.596213] (occgrid_planner_base) JobEnded: {'identifier': 'occgrid_planner_base', 'rc': 2}
[5.606605] (-) EventReactorShutdown: {}
