[1.458s] Invoking command in '/home/GTL/pcastere/ros_hw1/ros2_hw1/src/vrep_ros_teleop': PYTHONPATH=/home/GTL/pcastere/ros_hw1/ros2_hw1/build/vrep_ros_teleop/prefix_override:/usr/lib/python3/dist-packages/colcon_core/task/python/colcon_distutils_commands:/home/GTL/pcastere/ros_hw1/ros2_hw1/install/vrep_ros_teleop/lib/python3.10/site-packages:${PYTHONPATH} /usr/bin/python3 -W ignore:setup.py install is deprecated setup.py egg_info --egg-base ../../build/vrep_ros_teleop build --build-base /home/GTL/pcastere/ros_hw1/ros2_hw1/build/vrep_ros_teleop/build install --record /home/GTL/pcastere/ros_hw1/ros2_hw1/build/vrep_ros_teleop/install.log --single-version-externally-managed install_data
[1.695s] running egg_info
[1.696s] creating ../../build/vrep_ros_teleop/vrep_ros_teleop.egg-info
[1.697s] writing ../../build/vrep_ros_teleop/vrep_ros_teleop.egg-info/PKG-INFO
[1.699s] writing dependency_links to ../../build/vrep_ros_teleop/vrep_ros_teleop.egg-info/dependency_links.txt
[1.701s] writing entry points to ../../build/vrep_ros_teleop/vrep_ros_teleop.egg-info/entry_points.txt
[1.702s] writing requirements to ../../build/vrep_ros_teleop/vrep_ros_teleop.egg-info/requires.txt
[1.703s] writing top-level names to ../../build/vrep_ros_teleop/vrep_ros_teleop.egg-info/top_level.txt
[1.704s] writing manifest file '../../build/vrep_ros_teleop/vrep_ros_teleop.egg-info/SOURCES.txt'
[1.708s] reading manifest file '../../build/vrep_ros_teleop/vrep_ros_teleop.egg-info/SOURCES.txt'
[1.710s] writing manifest file '../../build/vrep_ros_teleop/vrep_ros_teleop.egg-info/SOURCES.txt'
[1.710s] running build
[1.710s] running build_py
[1.711s] creating /home/GTL/pcastere/ros_hw1/ros2_hw1/build/vrep_ros_teleop/build
[1.712s] creating /home/GTL/pcastere/ros_hw1/ros2_hw1/build/vrep_ros_teleop/build/lib
[1.712s] creating /home/GTL/pcastere/ros_hw1/ros2_hw1/build/vrep_ros_teleop/build/lib/vrep_ros_teleop
[1.714s] copying vrep_ros_teleop/teleop.py -> /home/GTL/pcastere/ros_hw1/ros2_hw1/build/vrep_ros_teleop/build/lib/vrep_ros_teleop
[1.716s] copying vrep_ros_teleop/__init__.py -> /home/GTL/pcastere/ros_hw1/ros2_hw1/build/vrep_ros_teleop/build/lib/vrep_ros_teleop
[1.717s] copying vrep_ros_teleop/teleop_mux.py -> /home/GTL/pcastere/ros_hw1/ros2_hw1/build/vrep_ros_teleop/build/lib/vrep_ros_teleop
[1.719s] running install
[1.720s] running install_lib
[1.722s] creating /home/GTL/pcastere/ros_hw1/ros2_hw1/install/vrep_ros_teleop/lib/python3.10/site-packages/vrep_ros_teleop
[1.723s] copying /home/GTL/pcastere/ros_hw1/ros2_hw1/build/vrep_ros_teleop/build/lib/vrep_ros_teleop/teleop.py -> /home/GTL/pcastere/ros_hw1/ros2_hw1/install/vrep_ros_teleop/lib/python3.10/site-packages/vrep_ros_teleop
[1.725s] copying /home/GTL/pcastere/ros_hw1/ros2_hw1/build/vrep_ros_teleop/build/lib/vrep_ros_teleop/__init__.py -> /home/GTL/pcastere/ros_hw1/ros2_hw1/install/vrep_ros_teleop/lib/python3.10/site-packages/vrep_ros_teleop
[1.726s] copying /home/GTL/pcastere/ros_hw1/ros2_hw1/build/vrep_ros_teleop/build/lib/vrep_ros_teleop/teleop_mux.py -> /home/GTL/pcastere/ros_hw1/ros2_hw1/install/vrep_ros_teleop/lib/python3.10/site-packages/vrep_ros_teleop
[1.729s] byte-compiling /home/GTL/pcastere/ros_hw1/ros2_hw1/install/vrep_ros_teleop/lib/python3.10/site-packages/vrep_ros_teleop/teleop.py to teleop.cpython-310.pyc
[1.732s] byte-compiling /home/GTL/pcastere/ros_hw1/ros2_hw1/install/vrep_ros_teleop/lib/python3.10/site-packages/vrep_ros_teleop/__init__.py to __init__.cpython-310.pyc
[1.735s] byte-compiling /home/GTL/pcastere/ros_hw1/ros2_hw1/install/vrep_ros_teleop/lib/python3.10/site-packages/vrep_ros_teleop/teleop_mux.py to teleop_mux.cpython-310.pyc
[1.737s] running install_data
[1.737s] creating /home/GTL/pcastere/ros_hw1/ros2_hw1/install/vrep_ros_teleop/share/ament_index
[1.738s] creating /home/GTL/pcastere/ros_hw1/ros2_hw1/install/vrep_ros_teleop/share/ament_index/resource_index
[1.739s] creating /home/GTL/pcastere/ros_hw1/ros2_hw1/install/vrep_ros_teleop/share/ament_index/resource_index/packages
[1.741s] copying resource/vrep_ros_teleop -> /home/GTL/pcastere/ros_hw1/ros2_hw1/install/vrep_ros_teleop/share/ament_index/resource_index/packages
[1.743s] copying package.xml -> /home/GTL/pcastere/ros_hw1/ros2_hw1/install/vrep_ros_teleop/share/vrep_ros_teleop
[1.745s] copying launch/teleop.launch.py -> /home/GTL/pcastere/ros_hw1/ros2_hw1/install/vrep_ros_teleop/share/vrep_ros_teleop
[1.747s] copying launch/teleop_mux_tb.launch.py -> /home/GTL/pcastere/ros_hw1/ros2_hw1/install/vrep_ros_teleop/share/vrep_ros_teleop
[1.749s] copying launch/teleop_mux.launch.py -> /home/GTL/pcastere/ros_hw1/ros2_hw1/install/vrep_ros_teleop/share/vrep_ros_teleop
[1.752s] running install_egg_info
[1.755s] Copying ../../build/vrep_ros_teleop/vrep_ros_teleop.egg-info to /home/GTL/pcastere/ros_hw1/ros2_hw1/install/vrep_ros_teleop/lib/python3.10/site-packages/vrep_ros_teleop-0.0.0-py3.10.egg-info
[1.775s] running install_scripts
[1.797s] Installing teleop_mux_node script to /home/GTL/pcastere/ros_hw1/ros2_hw1/install/vrep_ros_teleop/lib/vrep_ros_teleop
[1.799s] Installing teleop_node script to /home/GTL/pcastere/ros_hw1/ros2_hw1/install/vrep_ros_teleop/lib/vrep_ros_teleop
[1.801s] writing list of installed files to '/home/GTL/pcastere/ros_hw1/ros2_hw1/build/vrep_ros_teleop/install.log'
[1.840s] Invoked command in '/home/GTL/pcastere/ros_hw1/ros2_hw1/src/vrep_ros_teleop' returned '0': PYTHONPATH=/home/GTL/pcastere/ros_hw1/ros2_hw1/build/vrep_ros_teleop/prefix_override:/usr/lib/python3/dist-packages/colcon_core/task/python/colcon_distutils_commands:/home/GTL/pcastere/ros_hw1/ros2_hw1/install/vrep_ros_teleop/lib/python3.10/site-packages:${PYTHONPATH} /usr/bin/python3 -W ignore:setup.py install is deprecated setup.py egg_info --egg-base ../../build/vrep_ros_teleop build --build-base /home/GTL/pcastere/ros_hw1/ros2_hw1/build/vrep_ros_teleop/build install --record /home/GTL/pcastere/ros_hw1/ros2_hw1/build/vrep_ros_teleop/install.log --single-version-externally-managed install_data
