[1.529s] Invoking command in '/home/GTL/apaul/ros2_hw1/src/face_detect_base': AMENT_PREFIX_PATH=/home/GTL/apaul/ros2_hw1/install/cs7630_msgs:${AMENT_PREFIX_PATH} CMAKE_PREFIX_PATH=/home/GTL/apaul/ros2_hw1/install/cs7630_msgs LD_LIBRARY_PATH=/home/GTL/apaul/ros2_hw1/install/cs7630_msgs/lib:${LD_LIBRARY_PATH} PYTHONPATH=/home/GTL/apaul/ros2_hw1/build/face_detect_base/prefix_override:/home/GTL/apaul/ros2_hw1/install/face_detect_base/lib/python3.10/site-packages:/home/GTL/apaul/ros2_hw1/install/cs7630_msgs/local/lib/python3.10/dist-packages:${PYTHONPATH} /usr/bin/python3 setup.py egg_info --egg-base ../../build/face_detect_base build --build-base /home/GTL/apaul/ros2_hw1/build/face_detect_base/build install --record /home/GTL/apaul/ros2_hw1/build/face_detect_base/install.log --single-version-externally-managed
[1.698s] running egg_info
[1.699s] writing ../../build/face_detect_base/face_detect_base.egg-info/PKG-INFO
[1.700s] writing dependency_links to ../../build/face_detect_base/face_detect_base.egg-info/dependency_links.txt
[1.700s] writing entry points to ../../build/face_detect_base/face_detect_base.egg-info/entry_points.txt
[1.701s] writing requirements to ../../build/face_detect_base/face_detect_base.egg-info/requires.txt
[1.701s] writing top-level names to ../../build/face_detect_base/face_detect_base.egg-info/top_level.txt
[1.704s] reading manifest file '../../build/face_detect_base/face_detect_base.egg-info/SOURCES.txt'
[1.705s] writing manifest file '../../build/face_detect_base/face_detect_base.egg-info/SOURCES.txt'
[1.706s] running build
[1.706s] running build_py
[1.706s] running install
[1.706s] /usr/lib/python3/dist-packages/setuptools/command/install.py:34: SetuptoolsDeprecationWarning: setup.py install is deprecated. Use build and pip and other standards-based tools.
[1.706s]   warnings.warn(
[1.707s] running install_lib
[1.708s] running install_data
[1.708s] running install_egg_info
[1.709s] removing '/home/GTL/apaul/ros2_hw1/install/face_detect_base/lib/python3.10/site-packages/face_detect_base-0.0.0-py3.10.egg-info' (and everything under it)
[1.712s] Copying ../../build/face_detect_base/face_detect_base.egg-info to /home/GTL/apaul/ros2_hw1/install/face_detect_base/lib/python3.10/site-packages/face_detect_base-0.0.0-py3.10.egg-info
[1.729s] running install_scripts
[1.748s] Installing face_detect_node script to /home/GTL/apaul/ros2_hw1/install/face_detect_base/lib/face_detect_base
[1.748s] writing list of installed files to '/home/GTL/apaul/ros2_hw1/build/face_detect_base/install.log'
[2.039s] Invoked command in '/home/GTL/apaul/ros2_hw1/src/face_detect_base' returned '0': AMENT_PREFIX_PATH=/home/GTL/apaul/ros2_hw1/install/cs7630_msgs:${AMENT_PREFIX_PATH} CMAKE_PREFIX_PATH=/home/GTL/apaul/ros2_hw1/install/cs7630_msgs LD_LIBRARY_PATH=/home/GTL/apaul/ros2_hw1/install/cs7630_msgs/lib:${LD_LIBRARY_PATH} PYTHONPATH=/home/GTL/apaul/ros2_hw1/build/face_detect_base/prefix_override:/home/GTL/apaul/ros2_hw1/install/face_detect_base/lib/python3.10/site-packages:/home/GTL/apaul/ros2_hw1/install/cs7630_msgs/local/lib/python3.10/dist-packages:${PYTHONPATH} /usr/bin/python3 setup.py egg_info --egg-base ../../build/face_detect_base build --build-base /home/GTL/apaul/ros2_hw1/build/face_detect_base/build install --record /home/GTL/apaul/ros2_hw1/build/face_detect_base/install.log --single-version-externally-managed
