[0.745s] Invoking command in '/home/GTL/apaul/ros2_hw1/src/ar_slam_base': AMENT_PREFIX_PATH=/home/GTL/apaul/ros2_hw1/install/ar_loc_base:/home/GTL/apaul/ros2_hw1/install/rover_driver_base:/home/GTL/apaul/ros2_hw1/install/ar_mapping_base:${AMENT_PREFIX_PATH} PYTHONPATH=/home/GTL/apaul/ros2_hw1/build/ar_slam_base/prefix_override:/usr/lib/python3/dist-packages/colcon_core/task/python/colcon_distutils_commands:/home/GTL/apaul/ros2_hw1/install/ar_slam_base/lib/python3.10/site-packages:/home/GTL/apaul/ros2_hw1/install/ar_loc_base/lib/python3.10/site-packages:/home/GTL/apaul/ros2_hw1/install/rover_driver_base/lib/python3.10/site-packages:/home/GTL/apaul/ros2_hw1/install/ar_mapping_base/lib/python3.10/site-packages:${PYTHONPATH} /usr/bin/python3 -W ignore:setup.py install is deprecated setup.py egg_info --egg-base ../../build/ar_slam_base build --build-base /home/GTL/apaul/ros2_hw1/build/ar_slam_base/build install --record /home/GTL/apaul/ros2_hw1/build/ar_slam_base/install.log --single-version-externally-managed install_data
[0.922s] running egg_info
[0.923s] writing ../../build/ar_slam_base/ar_slam_base.egg-info/PKG-INFO
[0.925s] writing dependency_links to ../../build/ar_slam_base/ar_slam_base.egg-info/dependency_links.txt
[0.927s] writing entry points to ../../build/ar_slam_base/ar_slam_base.egg-info/entry_points.txt
[0.928s] writing requirements to ../../build/ar_slam_base/ar_slam_base.egg-info/requires.txt
[0.930s] writing top-level names to ../../build/ar_slam_base/ar_slam_base.egg-info/top_level.txt
[0.939s] reading manifest file '../../build/ar_slam_base/ar_slam_base.egg-info/SOURCES.txt'
[0.941s] writing manifest file '../../build/ar_slam_base/ar_slam_base.egg-info/SOURCES.txt'
[0.942s] running build
[0.942s] running build_py
[0.944s] running install
[0.945s] running install_lib
[0.949s] running install_data
[0.953s] running install_egg_info
[0.954s] removing '/home/GTL/apaul/ros2_hw1/install/ar_slam_base/lib/python3.10/site-packages/ar_slam_base-0.0.0-py3.10.egg-info' (and everything under it)
[0.959s] Copying ../../build/ar_slam_base/ar_slam_base.egg-info to /home/GTL/apaul/ros2_hw1/install/ar_slam_base/lib/python3.10/site-packages/ar_slam_base-0.0.0-py3.10.egg-info
[0.978s] running install_scripts
[0.993s] Installing ar_slam_node script to /home/GTL/apaul/ros2_hw1/install/ar_slam_base/lib/ar_slam_base
[0.995s] Installing tb_slam_node script to /home/GTL/apaul/ros2_hw1/install/ar_slam_base/lib/ar_slam_base
[0.998s] writing list of installed files to '/home/GTL/apaul/ros2_hw1/build/ar_slam_base/install.log'
[1.014s] Invoked command in '/home/GTL/apaul/ros2_hw1/src/ar_slam_base' returned '0': AMENT_PREFIX_PATH=/home/GTL/apaul/ros2_hw1/install/ar_loc_base:/home/GTL/apaul/ros2_hw1/install/rover_driver_base:/home/GTL/apaul/ros2_hw1/install/ar_mapping_base:${AMENT_PREFIX_PATH} PYTHONPATH=/home/GTL/apaul/ros2_hw1/build/ar_slam_base/prefix_override:/usr/lib/python3/dist-packages/colcon_core/task/python/colcon_distutils_commands:/home/GTL/apaul/ros2_hw1/install/ar_slam_base/lib/python3.10/site-packages:/home/GTL/apaul/ros2_hw1/install/ar_loc_base/lib/python3.10/site-packages:/home/GTL/apaul/ros2_hw1/install/rover_driver_base/lib/python3.10/site-packages:/home/GTL/apaul/ros2_hw1/install/ar_mapping_base/lib/python3.10/site-packages:${PYTHONPATH} /usr/bin/python3 -W ignore:setup.py install is deprecated setup.py egg_info --egg-base ../../build/ar_slam_base build --build-base /home/GTL/apaul/ros2_hw1/build/ar_slam_base/build install --record /home/GTL/apaul/ros2_hw1/build/ar_slam_base/install.log --single-version-externally-managed install_data
