[0.000000] (-) TimerEvent: {}
[0.000084] (-) JobUnselected: {'identifier': 'ar_loc_base'}
[0.000105] (-) JobUnselected: {'identifier': 'ar_mapping_base'}
[0.000116] (-) JobUnselected: {'identifier': 'ar_slam_base'}
[0.000124] (-) JobUnselected: {'identifier': 'button_server'}
[0.000132] (-) JobUnselected: {'identifier': 'collision_avoidance_base'}
[0.000141] (-) JobUnselected: {'identifier': 'cs7630_msgs'}
[0.000148] (-) JobUnselected: {'identifier': 'face_detect_base'}
[0.000156] (-) JobUnselected: {'identifier': 'face_msg'}
[0.000164] (-) JobUnselected: {'identifier': 'floor_nav'}
[0.000172] (-) JobUnselected: {'identifier': 'joy_pack'}
[0.000179] (-) JobUnselected: {'identifier': 'keyboard_teleop'}
[0.000187] (-) JobUnselected: {'identifier': 'obstacle_avoidance_base'}
[0.000194] (-) JobUnselected: {'identifier': 'occgrid_planner'}
[0.000202] (-) JobUnselected: {'identifier': 'rover_driver_base'}
[0.000210] (-) JobUnselected: {'identifier': 'task_manager_client_py'}
[0.000225] (-) JobUnselected: {'identifier': 'task_manager_lib'}
[0.000233] (-) JobUnselected: {'identifier': 'task_manager_msgs'}
[0.000240] (-) JobUnselected: {'identifier': 'task_manager_nav2'}
[0.000248] (-) JobUnselected: {'identifier': 'task_manager_sync'}
[0.000256] (-) JobUnselected: {'identifier': 'turtlebot_launch'}
[0.000264] (-) JobUnselected: {'identifier': 'vrep4_helpers'}
[0.000271] (-) JobUnselected: {'identifier': 'vrep_ros_teleop'}
[0.000279] (-) JobUnselected: {'identifier': 'wifi_map_base'}
[0.000286] (-) JobUnselected: {'identifier': 'wpa_cli_msgs'}
[0.000296] (occgrid_planner_base) JobQueued: {'identifier': 'occgrid_planner_base', 'dependencies': OrderedDict([('cs7630_msgs', '/home/GTL/apaul/ros2_hw1/install/cs7630_msgs')])}
[0.000309] (occgrid_planner_base) JobStarted: {'identifier': 'occgrid_planner_base'}
[0.012608] (occgrid_planner_base) JobProgress: {'identifier': 'occgrid_planner_base', 'progress': 'cmake'}
[0.015244] (occgrid_planner_base) JobProgress: {'identifier': 'occgrid_planner_base', 'progress': 'build'}
[0.015991] (occgrid_planner_base) Command: {'cmd': ['/usr/bin/cmake', '--build', '/home/GTL/apaul/ros2_hw1/build/occgrid_planner_base', '--', '-j16', '-l16'], 'cwd': '/home/GTL/apaul/ros2_hw1/build/occgrid_planner_base', 'env': OrderedDict([('USER', 'apaul'), ('XDG_SESSION_TYPE', 'x11'), ('SHLVL', '1'), ('LD_LIBRARY_PATH', '/home/GTL/apaul/ros2_hw1/install/cs7630_msgs/lib:/usr/lib/x86_64-linux-gnu/gazebo-11/plugins:/opt/ros/humble/opt/rviz_ogre_vendor/lib:/opt/ros/humble/lib/x86_64-linux-gnu:/opt/ros/humble/lib'), ('HOME', '/home/GTL/apaul'), ('CYCLONEDDS_URI', '/cs-share/pradalier/gtlpc_cyclonedds.xml'), ('OLDPWD', '/home/GTL/apaul'), ('DESKTOP_SESSION', 'ubuntu'), ('ROS_PYTHON_VERSION', '3'), ('GNOME_SHELL_SESSION_MODE', 'ubuntu'), ('GTK_MODULES', 'gail:atk-bridge'), ('MANAGERPID', '2542'), ('SYSTEMD_EXEC_PID', '2980'), ('DBUS_SESSION_BUS_ADDRESS', 'unix:path=/run/user/37726/bus'), ('COLORTERM', 'truecolor'), ('TERMINATOR_DBUS_NAME', 'net.tenshu.Terminator23558193cd9818af7fe4d2c2f5bd9d00f'), ('GIO_LAUNCHED_DESKTOP_FILE_PID', '4724'), ('ROS_DISTRO', 'humble'), ('GTK_IM_MODULE', 'ibus'), ('LOGNAME', 'apaul'), ('JOURNAL_STREAM', '8:23968'), ('_', '/usr/bin/colcon'), ('ROS_VERSION', '2'), ('XDG_SESSION_CLASS', 'user'), ('USERNAME', 'apaul'), ('TERM', 'xterm-256color'), ('GNOME_DESKTOP_SESSION_ID', 'this-is-deprecated'), ('ROS_LOCALHOST_ONLY', '0'), ('WINDOWPATH', '2'), ('PATH', '/opt/ros/humble/bin:/usr/local/sbin:/usr/local/bin:/usr/sbin:/usr/bin:/sbin:/bin:/usr/games:/usr/local/games:/snap/bin:/snap/bin'), ('SESSION_MANAGER', 'local/gtlpc106.georgiatech-metz.fr:@/tmp/.ICE-unix/2787,unix/gtlpc106.georgiatech-metz.fr:/tmp/.ICE-unix/2787'), ('INVOCATION_ID', '31376a68a2794266a0a1c9cc2bffc388'), ('XDG_MENU_PREFIX', 'gnome-'), ('XDG_RUNTIME_DIR', '/run/user/37726'), ('DISPLAY', ':1'), ('TERMINATOR_DBUS_PATH', '/net/tenshu/Terminator2'), ('LANG', 'en_US.UTF-8'), ('XDG_CURRENT_DESKTOP', 'ubuntu:GNOME'), ('IBUS_DISABLE_SNOOPER', '1'), ('RMW_IMPLEMENTATION', 'rmw_cyclonedds_cpp'), ('XMODIFIERS', '@im=ibus'), ('XDG_SESSION_DESKTOP', 'ubuntu'), ('XAUTHORITY', '/run/user/37726/gdm/Xauthority'), ('SSH_AGENT_LAUNCHER', 'gnome-keyring'), ('SSH_AUTH_SOCK', '/run/user/37726/keyring/ssh'), ('ROS_DOMAIN_ID', '56'), ('AMENT_PREFIX_PATH', '/home/GTL/apaul/ros2_hw1/install/cs7630_msgs:/opt/ros/humble'), ('SHELL', '/bin/bash'), ('TERMINATOR_UUID', 'urn:uuid:3e30ec48-b2a5-4021-b491-21c28bc2a031'), ('KRB5CCNAME', 'FILE:/tmp/krb5cc_37726'), ('QT_ACCESSIBILITY', '1'), ('GDMSESSION', 'ubuntu'), ('GPG_AGENT_INFO', '/run/user/37726/gnupg/S.gpg-agent:0:1'), ('QT_IM_MODULE', 'ibus'), ('PWD', '/home/GTL/apaul/ros2_hw1/build/occgrid_planner_base'), ('XDG_CONFIG_DIRS', '/etc/xdg/xdg-ubuntu:/etc/xdg'), ('XDG_DATA_DIRS', '/usr/share/ubuntu:/usr/share/gnome:/usr/local/share/:/usr/share/:/var/lib/snapd/desktop'), ('PYTHONPATH', '/home/GTL/apaul/ros2_hw1/install/cs7630_msgs/local/lib/python3.10/dist-packages:/opt/ros/humble/lib/python3.10/site-packages:/opt/ros/humble/local/lib/python3.10/dist-packages'), ('COLCON', '1'), ('VTE_VERSION', '6800'), ('CMAKE_PREFIX_PATH', '/home/GTL/apaul/ros2_hw1/install/cs7630_msgs:/opt/ros/humble')]), 'shell': False}
[0.056437] (occgrid_planner_base) StdoutLine: {'line': b'\x1b[35m\x1b[1mConsolidate compiler generated dependencies of target occgrid_planner_base\x1b[0m\n'}
[0.066226] (occgrid_planner_base) StdoutLine: {'line': b'[ 66%] Built target path_optimizer_base\n'}
[0.066478] (occgrid_planner_base) StdoutLine: {'line': b'[ 66%] Built target path_follower_base\n'}
[0.098379] (-) TimerEvent: {}
[0.113326] (occgrid_planner_base) StdoutLine: {'line': b'[ 83%] \x1b[32mBuilding CXX object CMakeFiles/occgrid_planner_base.dir/src/occgrid_planner.cpp.o\x1b[0m\n'}
[0.198490] (-) TimerEvent: {}
[0.298738] (-) TimerEvent: {}
[0.399050] (-) TimerEvent: {}
[0.499310] (-) TimerEvent: {}
[0.599568] (-) TimerEvent: {}
[0.699839] (-) TimerEvent: {}
[0.800147] (-) TimerEvent: {}
[0.900433] (-) TimerEvent: {}
[1.000709] (-) TimerEvent: {}
[1.100991] (-) TimerEvent: {}
[1.201296] (-) TimerEvent: {}
[1.301533] (-) TimerEvent: {}
[1.401746] (-) TimerEvent: {}
[1.501999] (-) TimerEvent: {}
[1.602222] (-) TimerEvent: {}
[1.702464] (-) TimerEvent: {}
[1.802695] (-) TimerEvent: {}
[1.902920] (-) TimerEvent: {}
[2.003173] (-) TimerEvent: {}
[2.103417] (-) TimerEvent: {}
[2.203636] (-) TimerEvent: {}
[2.303874] (-) TimerEvent: {}
[2.404133] (-) TimerEvent: {}
[2.504399] (-) TimerEvent: {}
[2.604665] (-) TimerEvent: {}
[2.627482] (occgrid_planner_base) StderrLine: {'line': b'\x1b[01m\x1b[K/home/GTL/apaul/ros2_hw1/src/occgrid_planner_base/src/occgrid_planner.cpp:\x1b[m\x1b[K In member function \xe2\x80\x98\x1b[01m\x1b[Kvoid OccupancyGridPlanner::og_callback(nav_msgs::msg::OccupancyGrid_<std::allocator<void> >::SharedPtr)\x1b[m\x1b[K\xe2\x80\x99:\n'}
[2.627614] (occgrid_planner_base) StderrLine: {'line': b'\x1b[01m\x1b[K/home/GTL/apaul/ros2_hw1/src/occgrid_planner_base/src/occgrid_planner.cpp:110:13:\x1b[m\x1b[K \x1b[01;31m\x1b[Kerror: \x1b[m\x1b[K\xe2\x80\x98\x1b[01m\x1b[KtransformStamped\x1b[m\x1b[K\xe2\x80\x99 was not declared in this scope\n'}
[2.627656] (occgrid_planner_base) StderrLine: {'line': b'  110 |             \x1b[01;31m\x1b[KtransformStamped\x1b[m\x1b[K = tf_buffer->lookupTransform(frame_id_, base_link_, tf2::TimePointZero);\n'}
[2.627690] (occgrid_planner_base) StderrLine: {'line': b'      |             \x1b[01;31m\x1b[K^~~~~~~~~~~~~~~~\x1b[m\x1b[K\n'}
[2.628381] (occgrid_planner_base) StderrLine: {'line': b'\x1b[01m\x1b[K/home/GTL/apaul/ros2_hw1/src/occgrid_planner_base/src/occgrid_planner.cpp:123:40:\x1b[m\x1b[K \x1b[01;31m\x1b[Kerror: \x1b[m\x1b[Kcould not convert \xe2\x80\x98\x1b[01m\x1b[Kstart\x1b[m\x1b[K\xe2\x80\x99 from \xe2\x80\x98\x1b[01m\x1b[Kcv::Point3i\x1b[m\x1b[K\xe2\x80\x99 {aka \xe2\x80\x98\x1b[01m\x1b[Kcv::Point3_<int>\x1b[m\x1b[K\xe2\x80\x99} to \xe2\x80\x98\x1b[01m\x1b[Kcv::Point\x1b[m\x1b[K\xe2\x80\x99 {aka \xe2\x80\x98\x1b[01m\x1b[Kcv::Point_<int>\x1b[m\x1b[K\xe2\x80\x99}\n'}
[2.628441] (occgrid_planner_base) StderrLine: {'line': b'  123 |             cv::circle(robot_footstep_,\x1b[01;31m\x1b[Kstart\x1b[m\x1b[K, robot_radius_ / info_.resolution, FREE, cv::FILLED);\n'}
[2.628481] (occgrid_planner_base) StderrLine: {'line': b'      |                                        \x1b[01;31m\x1b[K^~~~~\x1b[m\x1b[K\n'}
[2.628514] (occgrid_planner_base) StderrLine: {'line': b'      |                                        \x1b[01;31m\x1b[K|\x1b[m\x1b[K\n'}
[2.628545] (occgrid_planner_base) StderrLine: {'line': b'      |                                        \x1b[01;31m\x1b[Kcv::Point3i {aka cv::Point3_<int>}\x1b[m\x1b[K\n'}
[2.704785] (-) TimerEvent: {}
[2.805010] (-) TimerEvent: {}
[2.905230] (-) TimerEvent: {}
[3.005457] (-) TimerEvent: {}
[3.105706] (-) TimerEvent: {}
[3.205945] (-) TimerEvent: {}
[3.306188] (-) TimerEvent: {}
[3.406447] (-) TimerEvent: {}
[3.506725] (-) TimerEvent: {}
[3.606953] (-) TimerEvent: {}
[3.707179] (-) TimerEvent: {}
[3.807436] (-) TimerEvent: {}
[3.907706] (-) TimerEvent: {}
[4.007944] (-) TimerEvent: {}
[4.108188] (-) TimerEvent: {}
[4.208491] (-) TimerEvent: {}
[4.308732] (-) TimerEvent: {}
[4.408967] (-) TimerEvent: {}
[4.509209] (-) TimerEvent: {}
[4.609423] (-) TimerEvent: {}
[4.709642] (-) TimerEvent: {}
[4.809896] (-) TimerEvent: {}
[4.910178] (-) TimerEvent: {}
[5.010487] (-) TimerEvent: {}
[5.110730] (-) TimerEvent: {}
[5.210953] (-) TimerEvent: {}
[5.273592] (occgrid_planner_base) StderrLine: {'line': b'gmake[2]: *** [CMakeFiles/occgrid_planner_base.dir/build.make:76: CMakeFiles/occgrid_planner_base.dir/src/occgrid_planner.cpp.o] Error 1\n'}
[5.273738] (occgrid_planner_base) StderrLine: {'line': b'gmake[1]: *** [CMakeFiles/Makefile2:141: CMakeFiles/occgrid_planner_base.dir/all] Error 2\n'}
[5.273951] (occgrid_planner_base) StderrLine: {'line': b'gmake: *** [Makefile:146: all] Error 2\n'}
[5.275192] (occgrid_planner_base) CommandEnded: {'returncode': 2}
[5.311063] (-) TimerEvent: {}
[5.317871] (occgrid_planner_base) JobEnded: {'identifier': 'occgrid_planner_base', 'rc': 2}
[5.328179] (-) EventReactorShutdown: {}
