[0.475s] Invoking command in '/home/GTL/apaul/ros2_hw1/build/wpa_cli_msgs': CMAKE_PREFIX_PATH=/opt/ros/humble /usr/bin/cmake --build /home/GTL/apaul/ros2_hw1/build/wpa_cli_msgs -- -j16 -l16
[0.923s] [  5%] Built target wpa_cli_msgs__cpp
[0.923s] [ 12%] Built target wpa_cli_msgs__rosidl_generator_c
[0.923s] [ 58%] Built target wpa_cli_msgs__rosidl_typesupport_cpp
[0.923s] [ 58%] Built target wpa_cli_msgs__rosidl_typesupport_fastrtps_cpp
[0.923s] [ 58%] Built target wpa_cli_msgs__rosidl_typesupport_introspection_cpp
[0.923s] [ 74%] Built target wpa_cli_msgs__rosidl_typesupport_c
[0.923s] [ 74%] Built target wpa_cli_msgs__rosidl_typesupport_introspection_c
[0.923s] [ 74%] Built target wpa_cli_msgs__rosidl_typesupport_fastrtps_c
[0.923s] [ 74%] Built target ament_cmake_python_copy_wpa_cli_msgs
[0.923s] [ 74%] Built target wpa_cli_msgs
[0.923s] [ 76%] Built target wpa_cli_msgs__py
[0.923s] [ 84%] Built target wpa_cli_msgs__rosidl_generator_py
[0.923s] [100%] Built target wpa_cli_msgs__rosidl_typesupport_fastrtps_c__pyext
[0.923s] [100%] Built target wpa_cli_msgs__rosidl_typesupport_c__pyext
[0.923s] [100%] Built target wpa_cli_msgs__rosidl_typesupport_introspection_c__pyext
[0.923s] running egg_info
[0.923s] writing wpa_cli_msgs.egg-info/PKG-INFO
[0.923s] writing dependency_links to wpa_cli_msgs.egg-info/dependency_links.txt
[0.923s] writing top-level names to wpa_cli_msgs.egg-info/top_level.txt
[0.924s] reading manifest file 'wpa_cli_msgs.egg-info/SOURCES.txt'
[0.924s] writing manifest file 'wpa_cli_msgs.egg-info/SOURCES.txt'
[0.924s] [100%] Built target ament_cmake_python_build_wpa_cli_msgs_egg
[1.130s] Invoked command in '/home/GTL/apaul/ros2_hw1/build/wpa_cli_msgs' returned '0': CMAKE_PREFIX_PATH=/opt/ros/humble /usr/bin/cmake --build /home/GTL/apaul/ros2_hw1/build/wpa_cli_msgs -- -j16 -l16
[1.190s] Invoking command in '/home/GTL/apaul/ros2_hw1/build/wpa_cli_msgs': CMAKE_PREFIX_PATH=/opt/ros/humble /usr/bin/cmake --install /home/GTL/apaul/ros2_hw1/build/wpa_cli_msgs
[1.210s] -- Install configuration: ""
[1.210s] -- Up-to-date: /home/GTL/apaul/ros2_hw1/install/wpa_cli_msgs/share/ament_index/resource_index/rosidl_interfaces/wpa_cli_msgs
[1.210s] -- Up-to-date: /home/GTL/apaul/ros2_hw1/install/wpa_cli_msgs/include/wpa_cli_msgs/wpa_cli_msgs
[1.210s] -- Up-to-date: /home/GTL/apaul/ros2_hw1/install/wpa_cli_msgs/include/wpa_cli_msgs/wpa_cli_msgs/msg
[1.210s] -- Up-to-date: /home/GTL/apaul/ros2_hw1/install/wpa_cli_msgs/include/wpa_cli_msgs/wpa_cli_msgs/msg/detail
[1.210s] -- Up-to-date: /home/GTL/apaul/ros2_hw1/install/wpa_cli_msgs/include/wpa_cli_msgs/wpa_cli_msgs/msg/detail/network__functions.h
[1.211s] -- Up-to-date: /home/GTL/apaul/ros2_hw1/install/wpa_cli_msgs/include/wpa_cli_msgs/wpa_cli_msgs/msg/detail/network__type_support.h
[1.211s] -- Up-to-date: /home/GTL/apaul/ros2_hw1/install/wpa_cli_msgs/include/wpa_cli_msgs/wpa_cli_msgs/msg/detail/scan__struct.h
[1.211s] -- Up-to-date: /home/GTL/apaul/ros2_hw1/install/wpa_cli_msgs/include/wpa_cli_msgs/wpa_cli_msgs/msg/detail/scan__type_support.h
[1.211s] -- Up-to-date: /home/GTL/apaul/ros2_hw1/install/wpa_cli_msgs/include/wpa_cli_msgs/wpa_cli_msgs/msg/detail/scan__functions.c
[1.211s] -- Up-to-date: /home/GTL/apaul/ros2_hw1/install/wpa_cli_msgs/include/wpa_cli_msgs/wpa_cli_msgs/msg/detail/scan__functions.h
[1.211s] -- Up-to-date: /home/GTL/apaul/ros2_hw1/install/wpa_cli_msgs/include/wpa_cli_msgs/wpa_cli_msgs/msg/detail/network__functions.c
[1.211s] -- Up-to-date: /home/GTL/apaul/ros2_hw1/install/wpa_cli_msgs/include/wpa_cli_msgs/wpa_cli_msgs/msg/detail/network__struct.h
[1.211s] -- Up-to-date: /home/GTL/apaul/ros2_hw1/install/wpa_cli_msgs/include/wpa_cli_msgs/wpa_cli_msgs/msg/rosidl_generator_c__visibility_control.h
[1.211s] -- Up-to-date: /home/GTL/apaul/ros2_hw1/install/wpa_cli_msgs/include/wpa_cli_msgs/wpa_cli_msgs/msg/scan.h
[1.211s] -- Up-to-date: /home/GTL/apaul/ros2_hw1/install/wpa_cli_msgs/include/wpa_cli_msgs/wpa_cli_msgs/msg/network.h
[1.211s] -- Up-to-date: /home/GTL/apaul/ros2_hw1/install/wpa_cli_msgs/share/wpa_cli_msgs/environment/library_path.sh
[1.212s] -- Up-to-date: /home/GTL/apaul/ros2_hw1/install/wpa_cli_msgs/share/wpa_cli_msgs/environment/library_path.dsv
[1.212s] -- Up-to-date: /home/GTL/apaul/ros2_hw1/install/wpa_cli_msgs/lib/libwpa_cli_msgs__rosidl_generator_c.so
[1.212s] -- Up-to-date: /home/GTL/apaul/ros2_hw1/install/wpa_cli_msgs/include/wpa_cli_msgs/wpa_cli_msgs
[1.212s] -- Up-to-date: /home/GTL/apaul/ros2_hw1/install/wpa_cli_msgs/include/wpa_cli_msgs/wpa_cli_msgs/msg
[1.212s] -- Up-to-date: /home/GTL/apaul/ros2_hw1/install/wpa_cli_msgs/include/wpa_cli_msgs/wpa_cli_msgs/msg/detail
[1.212s] -- Up-to-date: /home/GTL/apaul/ros2_hw1/install/wpa_cli_msgs/include/wpa_cli_msgs/wpa_cli_msgs/msg/detail/network__rosidl_typesupport_fastrtps_c.h
[1.212s] -- Up-to-date: /home/GTL/apaul/ros2_hw1/install/wpa_cli_msgs/include/wpa_cli_msgs/wpa_cli_msgs/msg/detail/scan__rosidl_typesupport_fastrtps_c.h
[1.213s] -- Up-to-date: /home/GTL/apaul/ros2_hw1/install/wpa_cli_msgs/include/wpa_cli_msgs/wpa_cli_msgs/msg/rosidl_typesupport_fastrtps_c__visibility_control.h
[1.213s] -- Up-to-date: /home/GTL/apaul/ros2_hw1/install/wpa_cli_msgs/lib/libwpa_cli_msgs__rosidl_typesupport_fastrtps_c.so
[1.219s] -- Up-to-date: /home/GTL/apaul/ros2_hw1/install/wpa_cli_msgs/include/wpa_cli_msgs/wpa_cli_msgs
[1.220s] -- Up-to-date: /home/GTL/apaul/ros2_hw1/install/wpa_cli_msgs/include/wpa_cli_msgs/wpa_cli_msgs/msg
[1.220s] -- Up-to-date: /home/GTL/apaul/ros2_hw1/install/wpa_cli_msgs/include/wpa_cli_msgs/wpa_cli_msgs/msg/detail
[1.221s] -- Up-to-date: /home/GTL/apaul/ros2_hw1/install/wpa_cli_msgs/include/wpa_cli_msgs/wpa_cli_msgs/msg/detail/scan__builder.hpp
[1.221s] -- Up-to-date: /home/GTL/apaul/ros2_hw1/install/wpa_cli_msgs/include/wpa_cli_msgs/wpa_cli_msgs/msg/detail/scan__struct.hpp
[1.221s] -- Up-to-date: /home/GTL/apaul/ros2_hw1/install/wpa_cli_msgs/include/wpa_cli_msgs/wpa_cli_msgs/msg/detail/network__traits.hpp
[1.221s] -- Up-to-date: /home/GTL/apaul/ros2_hw1/install/wpa_cli_msgs/include/wpa_cli_msgs/wpa_cli_msgs/msg/detail/network__struct.hpp
[1.223s] -- Up-to-date: /home/GTL/apaul/ros2_hw1/install/wpa_cli_msgs/include/wpa_cli_msgs/wpa_cli_msgs/msg/detail/network__builder.hpp
[1.224s] -- Up-to-date: /home/GTL/apaul/ros2_hw1/install/wpa_cli_msgs/include/wpa_cli_msgs/wpa_cli_msgs/msg/detail/scan__traits.hpp
[1.224s] -- Up-to-date: /home/GTL/apaul/ros2_hw1/install/wpa_cli_msgs/include/wpa_cli_msgs/wpa_cli_msgs/msg/scan.hpp
[1.224s] -- Up-to-date: /home/GTL/apaul/ros2_hw1/install/wpa_cli_msgs/include/wpa_cli_msgs/wpa_cli_msgs/msg/network.hpp
[1.224s] -- Up-to-date: /home/GTL/apaul/ros2_hw1/install/wpa_cli_msgs/include/wpa_cli_msgs/wpa_cli_msgs
[1.225s] -- Up-to-date: /home/GTL/apaul/ros2_hw1/install/wpa_cli_msgs/include/wpa_cli_msgs/wpa_cli_msgs/msg
[1.225s] -- Up-to-date: /home/GTL/apaul/ros2_hw1/install/wpa_cli_msgs/include/wpa_cli_msgs/wpa_cli_msgs/msg/detail
[1.225s] -- Up-to-date: /home/GTL/apaul/ros2_hw1/install/wpa_cli_msgs/include/wpa_cli_msgs/wpa_cli_msgs/msg/detail/scan__rosidl_typesupport_fastrtps_cpp.hpp
[1.226s] -- Up-to-date: /home/GTL/apaul/ros2_hw1/install/wpa_cli_msgs/include/wpa_cli_msgs/wpa_cli_msgs/msg/detail/dds_fastrtps
[1.227s] -- Up-to-date: /home/GTL/apaul/ros2_hw1/install/wpa_cli_msgs/include/wpa_cli_msgs/wpa_cli_msgs/msg/detail/network__rosidl_typesupport_fastrtps_cpp.hpp
[1.227s] -- Up-to-date: /home/GTL/apaul/ros2_hw1/install/wpa_cli_msgs/include/wpa_cli_msgs/wpa_cli_msgs/msg/rosidl_typesupport_fastrtps_cpp__visibility_control.h
[1.227s] -- Up-to-date: /home/GTL/apaul/ros2_hw1/install/wpa_cli_msgs/lib/libwpa_cli_msgs__rosidl_typesupport_fastrtps_cpp.so
[1.228s] -- Up-to-date: /home/GTL/apaul/ros2_hw1/install/wpa_cli_msgs/include/wpa_cli_msgs/wpa_cli_msgs
[1.230s] -- Up-to-date: /home/GTL/apaul/ros2_hw1/install/wpa_cli_msgs/include/wpa_cli_msgs/wpa_cli_msgs/msg
[1.231s] -- Up-to-date: /home/GTL/apaul/ros2_hw1/install/wpa_cli_msgs/include/wpa_cli_msgs/wpa_cli_msgs/msg/detail
[1.231s] -- Up-to-date: /home/GTL/apaul/ros2_hw1/install/wpa_cli_msgs/include/wpa_cli_msgs/wpa_cli_msgs/msg/detail/network__rosidl_typesupport_introspection_c.h
[1.231s] -- Up-to-date: /home/GTL/apaul/ros2_hw1/install/wpa_cli_msgs/include/wpa_cli_msgs/wpa_cli_msgs/msg/detail/scan__type_support.c
[1.231s] -- Up-to-date: /home/GTL/apaul/ros2_hw1/install/wpa_cli_msgs/include/wpa_cli_msgs/wpa_cli_msgs/msg/detail/network__type_support.c
[1.231s] -- Up-to-date: /home/GTL/apaul/ros2_hw1/install/wpa_cli_msgs/include/wpa_cli_msgs/wpa_cli_msgs/msg/detail/scan__rosidl_typesupport_introspection_c.h
[1.231s] -- Up-to-date: /home/GTL/apaul/ros2_hw1/install/wpa_cli_msgs/include/wpa_cli_msgs/wpa_cli_msgs/msg/rosidl_typesupport_introspection_c__visibility_control.h
[1.232s] -- Up-to-date: /home/GTL/apaul/ros2_hw1/install/wpa_cli_msgs/lib/libwpa_cli_msgs__rosidl_typesupport_introspection_c.so
[1.232s] -- Up-to-date: /home/GTL/apaul/ros2_hw1/install/wpa_cli_msgs/lib/libwpa_cli_msgs__rosidl_typesupport_c.so
[1.233s] -- Up-to-date: /home/GTL/apaul/ros2_hw1/install/wpa_cli_msgs/include/wpa_cli_msgs/wpa_cli_msgs
[1.233s] -- Up-to-date: /home/GTL/apaul/ros2_hw1/install/wpa_cli_msgs/include/wpa_cli_msgs/wpa_cli_msgs/msg
[1.233s] -- Up-to-date: /home/GTL/apaul/ros2_hw1/install/wpa_cli_msgs/include/wpa_cli_msgs/wpa_cli_msgs/msg/detail
[1.233s] -- Up-to-date: /home/GTL/apaul/ros2_hw1/install/wpa_cli_msgs/include/wpa_cli_msgs/wpa_cli_msgs/msg/detail/network__rosidl_typesupport_introspection_cpp.hpp
[1.234s] -- Up-to-date: /home/GTL/apaul/ros2_hw1/install/wpa_cli_msgs/include/wpa_cli_msgs/wpa_cli_msgs/msg/detail/scan__rosidl_typesupport_introspection_cpp.hpp
[1.234s] -- Up-to-date: /home/GTL/apaul/ros2_hw1/install/wpa_cli_msgs/include/wpa_cli_msgs/wpa_cli_msgs/msg/detail/network__type_support.cpp
[1.234s] -- Up-to-date: /home/GTL/apaul/ros2_hw1/install/wpa_cli_msgs/include/wpa_cli_msgs/wpa_cli_msgs/msg/detail/scan__type_support.cpp
[1.234s] -- Up-to-date: /home/GTL/apaul/ros2_hw1/install/wpa_cli_msgs/lib/libwpa_cli_msgs__rosidl_typesupport_introspection_cpp.so
[1.237s] -- Up-to-date: /home/GTL/apaul/ros2_hw1/install/wpa_cli_msgs/lib/libwpa_cli_msgs__rosidl_typesupport_cpp.so
[1.239s] -- Up-to-date: /home/GTL/apaul/ros2_hw1/install/wpa_cli_msgs/share/wpa_cli_msgs/environment/pythonpath.sh
[1.239s] -- Up-to-date: /home/GTL/apaul/ros2_hw1/install/wpa_cli_msgs/share/wpa_cli_msgs/environment/pythonpath.dsv
[1.239s] -- Up-to-date: /home/GTL/apaul/ros2_hw1/install/wpa_cli_msgs/local/lib/python3.10/dist-packages/wpa_cli_msgs-0.0.0-py3.10.egg-info
[1.240s] -- Installing: /home/GTL/apaul/ros2_hw1/install/wpa_cli_msgs/local/lib/python3.10/dist-packages/wpa_cli_msgs-0.0.0-py3.10.egg-info/dependency_links.txt
[1.244s] -- Installing: /home/GTL/apaul/ros2_hw1/install/wpa_cli_msgs/local/lib/python3.10/dist-packages/wpa_cli_msgs-0.0.0-py3.10.egg-info/top_level.txt
[1.248s] -- Installing: /home/GTL/apaul/ros2_hw1/install/wpa_cli_msgs/local/lib/python3.10/dist-packages/wpa_cli_msgs-0.0.0-py3.10.egg-info/PKG-INFO
[1.251s] -- Installing: /home/GTL/apaul/ros2_hw1/install/wpa_cli_msgs/local/lib/python3.10/dist-packages/wpa_cli_msgs-0.0.0-py3.10.egg-info/SOURCES.txt
[1.256s] -- Up-to-date: /home/GTL/apaul/ros2_hw1/install/wpa_cli_msgs/local/lib/python3.10/dist-packages/wpa_cli_msgs
[1.256s] -- Up-to-date: /home/GTL/apaul/ros2_hw1/install/wpa_cli_msgs/local/lib/python3.10/dist-packages/wpa_cli_msgs/wpa_cli_msgs_s__rosidl_typesupport_introspection_c.cpython-310-x86_64-linux-gnu.so
[1.256s] -- Up-to-date: /home/GTL/apaul/ros2_hw1/install/wpa_cli_msgs/local/lib/python3.10/dist-packages/wpa_cli_msgs/_wpa_cli_msgs_s.ep.rosidl_typesupport_introspection_c.c
[1.257s] -- Up-to-date: /home/GTL/apaul/ros2_hw1/install/wpa_cli_msgs/local/lib/python3.10/dist-packages/wpa_cli_msgs/msg
[1.257s] -- Up-to-date: /home/GTL/apaul/ros2_hw1/install/wpa_cli_msgs/local/lib/python3.10/dist-packages/wpa_cli_msgs/msg/_scan.py
[1.267s] -- Up-to-date: /home/GTL/apaul/ros2_hw1/install/wpa_cli_msgs/local/lib/python3.10/dist-packages/wpa_cli_msgs/msg/__init__.py
[1.268s] -- Up-to-date: /home/GTL/apaul/ros2_hw1/install/wpa_cli_msgs/local/lib/python3.10/dist-packages/wpa_cli_msgs/msg/_network_s.c
[1.268s] -- Up-to-date: /home/GTL/apaul/ros2_hw1/install/wpa_cli_msgs/local/lib/python3.10/dist-packages/wpa_cli_msgs/msg/_scan_s.c
[1.268s] -- Up-to-date: /home/GTL/apaul/ros2_hw1/install/wpa_cli_msgs/local/lib/python3.10/dist-packages/wpa_cli_msgs/msg/_network.py
[1.268s] -- Up-to-date: /home/GTL/apaul/ros2_hw1/install/wpa_cli_msgs/local/lib/python3.10/dist-packages/wpa_cli_msgs/_wpa_cli_msgs_s.ep.rosidl_typesupport_c.c
[1.268s] -- Up-to-date: /home/GTL/apaul/ros2_hw1/install/wpa_cli_msgs/local/lib/python3.10/dist-packages/wpa_cli_msgs/wpa_cli_msgs_s__rosidl_typesupport_fastrtps_c.cpython-310-x86_64-linux-gnu.so
[1.268s] -- Up-to-date: /home/GTL/apaul/ros2_hw1/install/wpa_cli_msgs/local/lib/python3.10/dist-packages/wpa_cli_msgs/libwpa_cli_msgs__rosidl_generator_py.so
[1.268s] -- Up-to-date: /home/GTL/apaul/ros2_hw1/install/wpa_cli_msgs/local/lib/python3.10/dist-packages/wpa_cli_msgs/_wpa_cli_msgs_s.ep.rosidl_typesupport_fastrtps_c.c
[1.268s] -- Up-to-date: /home/GTL/apaul/ros2_hw1/install/wpa_cli_msgs/local/lib/python3.10/dist-packages/wpa_cli_msgs/__init__.py
[1.269s] -- Up-to-date: /home/GTL/apaul/ros2_hw1/install/wpa_cli_msgs/local/lib/python3.10/dist-packages/wpa_cli_msgs/wpa_cli_msgs_s__rosidl_typesupport_c.cpython-310-x86_64-linux-gnu.so
[1.295s] Listing '/home/GTL/apaul/ros2_hw1/install/wpa_cli_msgs/local/lib/python3.10/dist-packages/wpa_cli_msgs'...
[1.295s] Listing '/home/GTL/apaul/ros2_hw1/install/wpa_cli_msgs/local/lib/python3.10/dist-packages/wpa_cli_msgs/msg'...
[1.302s] -- Up-to-date: /home/GTL/apaul/ros2_hw1/install/wpa_cli_msgs/local/lib/python3.10/dist-packages/wpa_cli_msgs/wpa_cli_msgs_s__rosidl_typesupport_fastrtps_c.cpython-310-x86_64-linux-gnu.so
[1.304s] -- Up-to-date: /home/GTL/apaul/ros2_hw1/install/wpa_cli_msgs/local/lib/python3.10/dist-packages/wpa_cli_msgs/wpa_cli_msgs_s__rosidl_typesupport_introspection_c.cpython-310-x86_64-linux-gnu.so
[1.307s] -- Up-to-date: /home/GTL/apaul/ros2_hw1/install/wpa_cli_msgs/local/lib/python3.10/dist-packages/wpa_cli_msgs/wpa_cli_msgs_s__rosidl_typesupport_c.cpython-310-x86_64-linux-gnu.so
[1.309s] -- Up-to-date: /home/GTL/apaul/ros2_hw1/install/wpa_cli_msgs/lib/libwpa_cli_msgs__rosidl_generator_py.so
[1.311s] -- Up-to-date: /home/GTL/apaul/ros2_hw1/install/wpa_cli_msgs/share/wpa_cli_msgs/msg/Network.idl
[1.311s] -- Up-to-date: /home/GTL/apaul/ros2_hw1/install/wpa_cli_msgs/share/wpa_cli_msgs/msg/Scan.idl
[1.311s] -- Up-to-date: /home/GTL/apaul/ros2_hw1/install/wpa_cli_msgs/share/wpa_cli_msgs/msg/Network.msg
[1.312s] -- Up-to-date: /home/GTL/apaul/ros2_hw1/install/wpa_cli_msgs/share/wpa_cli_msgs/msg/Scan.msg
[1.312s] -- Up-to-date: /home/GTL/apaul/ros2_hw1/install/wpa_cli_msgs/share/ament_index/resource_index/package_run_dependencies/wpa_cli_msgs
[1.312s] -- Up-to-date: /home/GTL/apaul/ros2_hw1/install/wpa_cli_msgs/share/ament_index/resource_index/parent_prefix_path/wpa_cli_msgs
[1.313s] -- Up-to-date: /home/GTL/apaul/ros2_hw1/install/wpa_cli_msgs/share/wpa_cli_msgs/environment/ament_prefix_path.sh
[1.314s] -- Up-to-date: /home/GTL/apaul/ros2_hw1/install/wpa_cli_msgs/share/wpa_cli_msgs/environment/ament_prefix_path.dsv
[1.314s] -- Up-to-date: /home/GTL/apaul/ros2_hw1/install/wpa_cli_msgs/share/wpa_cli_msgs/environment/path.sh
[1.314s] -- Up-to-date: /home/GTL/apaul/ros2_hw1/install/wpa_cli_msgs/share/wpa_cli_msgs/environment/path.dsv
[1.314s] -- Up-to-date: /home/GTL/apaul/ros2_hw1/install/wpa_cli_msgs/share/wpa_cli_msgs/local_setup.bash
[1.314s] -- Up-to-date: /home/GTL/apaul/ros2_hw1/install/wpa_cli_msgs/share/wpa_cli_msgs/local_setup.sh
[1.314s] -- Up-to-date: /home/GTL/apaul/ros2_hw1/install/wpa_cli_msgs/share/wpa_cli_msgs/local_setup.zsh
[1.315s] -- Up-to-date: /home/GTL/apaul/ros2_hw1/install/wpa_cli_msgs/share/wpa_cli_msgs/local_setup.dsv
[1.315s] -- Installing: /home/GTL/apaul/ros2_hw1/install/wpa_cli_msgs/share/wpa_cli_msgs/package.dsv
[1.318s] -- Up-to-date: /home/GTL/apaul/ros2_hw1/install/wpa_cli_msgs/share/ament_index/resource_index/packages/wpa_cli_msgs
[1.319s] -- Up-to-date: /home/GTL/apaul/ros2_hw1/install/wpa_cli_msgs/share/wpa_cli_msgs/cmake/export_wpa_cli_msgs__rosidl_generator_cExport.cmake
[1.319s] -- Up-to-date: /home/GTL/apaul/ros2_hw1/install/wpa_cli_msgs/share/wpa_cli_msgs/cmake/export_wpa_cli_msgs__rosidl_generator_cExport-noconfig.cmake
[1.320s] -- Up-to-date: /home/GTL/apaul/ros2_hw1/install/wpa_cli_msgs/share/wpa_cli_msgs/cmake/export_wpa_cli_msgs__rosidl_typesupport_fastrtps_cExport.cmake
[1.320s] -- Up-to-date: /home/GTL/apaul/ros2_hw1/install/wpa_cli_msgs/share/wpa_cli_msgs/cmake/export_wpa_cli_msgs__rosidl_typesupport_fastrtps_cExport-noconfig.cmake
[1.321s] -- Up-to-date: /home/GTL/apaul/ros2_hw1/install/wpa_cli_msgs/share/wpa_cli_msgs/cmake/export_wpa_cli_msgs__rosidl_generator_cppExport.cmake
[1.322s] -- Up-to-date: /home/GTL/apaul/ros2_hw1/install/wpa_cli_msgs/share/wpa_cli_msgs/cmake/export_wpa_cli_msgs__rosidl_typesupport_fastrtps_cppExport.cmake
[1.322s] -- Up-to-date: /home/GTL/apaul/ros2_hw1/install/wpa_cli_msgs/share/wpa_cli_msgs/cmake/export_wpa_cli_msgs__rosidl_typesupport_fastrtps_cppExport-noconfig.cmake
[1.322s] -- Up-to-date: /home/GTL/apaul/ros2_hw1/install/wpa_cli_msgs/share/wpa_cli_msgs/cmake/wpa_cli_msgs__rosidl_typesupport_introspection_cExport.cmake
[1.323s] -- Up-to-date: /home/GTL/apaul/ros2_hw1/install/wpa_cli_msgs/share/wpa_cli_msgs/cmake/wpa_cli_msgs__rosidl_typesupport_introspection_cExport-noconfig.cmake
[1.328s] -- Up-to-date: /home/GTL/apaul/ros2_hw1/install/wpa_cli_msgs/share/wpa_cli_msgs/cmake/wpa_cli_msgs__rosidl_typesupport_cExport.cmake
[1.330s] -- Up-to-date: /home/GTL/apaul/ros2_hw1/install/wpa_cli_msgs/share/wpa_cli_msgs/cmake/wpa_cli_msgs__rosidl_typesupport_cExport-noconfig.cmake
[1.330s] -- Up-to-date: /home/GTL/apaul/ros2_hw1/install/wpa_cli_msgs/share/wpa_cli_msgs/cmake/wpa_cli_msgs__rosidl_typesupport_introspection_cppExport.cmake
[1.330s] -- Up-to-date: /home/GTL/apaul/ros2_hw1/install/wpa_cli_msgs/share/wpa_cli_msgs/cmake/wpa_cli_msgs__rosidl_typesupport_introspection_cppExport-noconfig.cmake
[1.330s] -- Up-to-date: /home/GTL/apaul/ros2_hw1/install/wpa_cli_msgs/share/wpa_cli_msgs/cmake/wpa_cli_msgs__rosidl_typesupport_cppExport.cmake
[1.330s] -- Up-to-date: /home/GTL/apaul/ros2_hw1/install/wpa_cli_msgs/share/wpa_cli_msgs/cmake/wpa_cli_msgs__rosidl_typesupport_cppExport-noconfig.cmake
[1.330s] -- Up-to-date: /home/GTL/apaul/ros2_hw1/install/wpa_cli_msgs/share/wpa_cli_msgs/cmake/export_wpa_cli_msgs__rosidl_generator_pyExport.cmake
[1.330s] -- Up-to-date: /home/GTL/apaul/ros2_hw1/install/wpa_cli_msgs/share/wpa_cli_msgs/cmake/export_wpa_cli_msgs__rosidl_generator_pyExport-noconfig.cmake
[1.330s] -- Up-to-date: /home/GTL/apaul/ros2_hw1/install/wpa_cli_msgs/share/wpa_cli_msgs/cmake/rosidl_cmake-extras.cmake
[1.330s] -- Up-to-date: /home/GTL/apaul/ros2_hw1/install/wpa_cli_msgs/share/wpa_cli_msgs/cmake/ament_cmake_export_dependencies-extras.cmake
[1.330s] -- Up-to-date: /home/GTL/apaul/ros2_hw1/install/wpa_cli_msgs/share/wpa_cli_msgs/cmake/ament_cmake_export_include_directories-extras.cmake
[1.331s] -- Up-to-date: /home/GTL/apaul/ros2_hw1/install/wpa_cli_msgs/share/wpa_cli_msgs/cmake/ament_cmake_export_libraries-extras.cmake
[1.331s] -- Up-to-date: /home/GTL/apaul/ros2_hw1/install/wpa_cli_msgs/share/wpa_cli_msgs/cmake/ament_cmake_export_targets-extras.cmake
[1.331s] -- Up-to-date: /home/GTL/apaul/ros2_hw1/install/wpa_cli_msgs/share/wpa_cli_msgs/cmake/rosidl_cmake_export_typesupport_targets-extras.cmake
[1.331s] -- Up-to-date: /home/GTL/apaul/ros2_hw1/install/wpa_cli_msgs/share/wpa_cli_msgs/cmake/rosidl_cmake_export_typesupport_libraries-extras.cmake
[1.332s] -- Up-to-date: /home/GTL/apaul/ros2_hw1/install/wpa_cli_msgs/share/wpa_cli_msgs/cmake/wpa_cli_msgsConfig.cmake
[1.332s] -- Up-to-date: /home/GTL/apaul/ros2_hw1/install/wpa_cli_msgs/share/wpa_cli_msgs/cmake/wpa_cli_msgsConfig-version.cmake
[1.332s] -- Up-to-date: /home/GTL/apaul/ros2_hw1/install/wpa_cli_msgs/share/wpa_cli_msgs/package.xml
[1.418s] Invoked command in '/home/GTL/apaul/ros2_hw1/build/wpa_cli_msgs' returned '0': CMAKE_PREFIX_PATH=/opt/ros/humble /usr/bin/cmake --install /home/GTL/apaul/ros2_hw1/build/wpa_cli_msgs
