[1.016s] Invoking command in '/home/GTL/pcastere/ros_hw1/ros2_hw1/build/vrep4_helpers': CMAKE_PREFIX_PATH=${CMAKE_PREFIX_PATH}:/home/GTL/pcastere/ros_hw1/ros2_hw1/install/vrep_ros_teleop:/home/GTL/pcastere/ros_hw1/ros2_hw1/install/task_manager_client_py:/home/GTL/pcastere/ros_hw1/ros2_hw1/install/ar_slam_base:/home/GTL/pcastere/ros_hw1/ros2_hw1/install/ar_loc_base:/home/GTL/pcastere/ros_hw1/ros2_hw1/install/rover_driver_base:/home/GTL/pcastere/ros_hw1/ros2_hw1/install/keyboard_teleop:/home/GTL/pcastere/ros_hw1/ros2_hw1/install/face_detect_base:/home/GTL/pcastere/ros_hw1/ros2_hw1/install/button_server:/home/GTL/pcastere/ros_hw1/ros2_hw1/install/ar_mapping_base:/opt/ros/humble /usr/bin/cmake --build /home/GTL/pcastere/ros_hw1/ros2_hw1/build/vrep4_helpers -- -j16 -l16
[1.064s] [100%] Built target image_flip
[1.064s] [100%] Built target clock_repeat
[1.269s] Invoked command in '/home/GTL/pcastere/ros_hw1/ros2_hw1/build/vrep4_helpers' returned '0': CMAKE_PREFIX_PATH=${CMAKE_PREFIX_PATH}:/home/GTL/pcastere/ros_hw1/ros2_hw1/install/vrep_ros_teleop:/home/GTL/pcastere/ros_hw1/ros2_hw1/install/task_manager_client_py:/home/GTL/pcastere/ros_hw1/ros2_hw1/install/ar_slam_base:/home/GTL/pcastere/ros_hw1/ros2_hw1/install/ar_loc_base:/home/GTL/pcastere/ros_hw1/ros2_hw1/install/rover_driver_base:/home/GTL/pcastere/ros_hw1/ros2_hw1/install/keyboard_teleop:/home/GTL/pcastere/ros_hw1/ros2_hw1/install/face_detect_base:/home/GTL/pcastere/ros_hw1/ros2_hw1/install/button_server:/home/GTL/pcastere/ros_hw1/ros2_hw1/install/ar_mapping_base:/opt/ros/humble /usr/bin/cmake --build /home/GTL/pcastere/ros_hw1/ros2_hw1/build/vrep4_helpers -- -j16 -l16
[1.297s] Invoking command in '/home/GTL/pcastere/ros_hw1/ros2_hw1/build/vrep4_helpers': CMAKE_PREFIX_PATH=${CMAKE_PREFIX_PATH}:/home/GTL/pcastere/ros_hw1/ros2_hw1/install/vrep_ros_teleop:/home/GTL/pcastere/ros_hw1/ros2_hw1/install/task_manager_client_py:/home/GTL/pcastere/ros_hw1/ros2_hw1/install/ar_slam_base:/home/GTL/pcastere/ros_hw1/ros2_hw1/install/ar_loc_base:/home/GTL/pcastere/ros_hw1/ros2_hw1/install/rover_driver_base:/home/GTL/pcastere/ros_hw1/ros2_hw1/install/keyboard_teleop:/home/GTL/pcastere/ros_hw1/ros2_hw1/install/face_detect_base:/home/GTL/pcastere/ros_hw1/ros2_hw1/install/button_server:/home/GTL/pcastere/ros_hw1/ros2_hw1/install/ar_mapping_base:/opt/ros/humble /usr/bin/cmake --install /home/GTL/pcastere/ros_hw1/ros2_hw1/build/vrep4_helpers
[1.304s] -- Install configuration: ""
[1.304s] -- Up-to-date: /home/GTL/pcastere/ros_hw1/ros2_hw1/install/vrep4_helpers/lib/vrep4_helpers/image_flip
[1.305s] -- Up-to-date: /home/GTL/pcastere/ros_hw1/ros2_hw1/install/vrep4_helpers/lib/vrep4_helpers/clock_repeat
[1.306s] -- Up-to-date: /home/GTL/pcastere/ros_hw1/ros2_hw1/install/vrep4_helpers/share/vrep4_helpers
[1.307s] -- Up-to-date: /home/GTL/pcastere/ros_hw1/ros2_hw1/install/vrep4_helpers/share/vrep4_helpers/kinect_pc.launch.py
[1.308s] -- Up-to-date: /home/GTL/pcastere/ros_hw1/ros2_hw1/install/vrep4_helpers/share/vrep4_helpers/kinect_pc_min.launch.py
[1.308s] -- Up-to-date: /home/GTL/pcastere/ros_hw1/ros2_hw1/install/vrep4_helpers/share/vrep4_helpers/__pycache__
[1.309s] -- Up-to-date: /home/GTL/pcastere/ros_hw1/ros2_hw1/install/vrep4_helpers/share/vrep4_helpers/__pycache__/kinect_pc_min.launch.cpython-310.pyc
[1.310s] -- Up-to-date: /home/GTL/pcastere/ros_hw1/ros2_hw1/install/vrep4_helpers/share/ament_index/resource_index/package_run_dependencies/vrep4_helpers
[1.310s] -- Up-to-date: /home/GTL/pcastere/ros_hw1/ros2_hw1/install/vrep4_helpers/share/ament_index/resource_index/parent_prefix_path/vrep4_helpers
[1.312s] -- Up-to-date: /home/GTL/pcastere/ros_hw1/ros2_hw1/install/vrep4_helpers/share/vrep4_helpers/environment/ament_prefix_path.sh
[1.312s] -- Up-to-date: /home/GTL/pcastere/ros_hw1/ros2_hw1/install/vrep4_helpers/share/vrep4_helpers/environment/ament_prefix_path.dsv
[1.313s] -- Up-to-date: /home/GTL/pcastere/ros_hw1/ros2_hw1/install/vrep4_helpers/share/vrep4_helpers/environment/path.sh
[1.313s] -- Up-to-date: /home/GTL/pcastere/ros_hw1/ros2_hw1/install/vrep4_helpers/share/vrep4_helpers/environment/path.dsv
[1.314s] -- Up-to-date: /home/GTL/pcastere/ros_hw1/ros2_hw1/install/vrep4_helpers/share/vrep4_helpers/local_setup.bash
[1.314s] -- Up-to-date: /home/GTL/pcastere/ros_hw1/ros2_hw1/install/vrep4_helpers/share/vrep4_helpers/local_setup.sh
[1.315s] -- Up-to-date: /home/GTL/pcastere/ros_hw1/ros2_hw1/install/vrep4_helpers/share/vrep4_helpers/local_setup.zsh
[1.315s] -- Up-to-date: /home/GTL/pcastere/ros_hw1/ros2_hw1/install/vrep4_helpers/share/vrep4_helpers/local_setup.dsv
[1.316s] -- Installing: /home/GTL/pcastere/ros_hw1/ros2_hw1/install/vrep4_helpers/share/vrep4_helpers/package.dsv
[1.320s] -- Up-to-date: /home/GTL/pcastere/ros_hw1/ros2_hw1/install/vrep4_helpers/share/ament_index/resource_index/packages/vrep4_helpers
[1.320s] -- Up-to-date: /home/GTL/pcastere/ros_hw1/ros2_hw1/install/vrep4_helpers/share/vrep4_helpers/cmake/vrep4_helpersConfig.cmake
[1.321s] -- Up-to-date: /home/GTL/pcastere/ros_hw1/ros2_hw1/install/vrep4_helpers/share/vrep4_helpers/cmake/vrep4_helpersConfig-version.cmake
[1.321s] -- Up-to-date: /home/GTL/pcastere/ros_hw1/ros2_hw1/install/vrep4_helpers/share/vrep4_helpers/package.xml
[1.350s] Invoked command in '/home/GTL/pcastere/ros_hw1/ros2_hw1/build/vrep4_helpers' returned '0': CMAKE_PREFIX_PATH=${CMAKE_PREFIX_PATH}:/home/GTL/pcastere/ros_hw1/ros2_hw1/install/vrep_ros_teleop:/home/GTL/pcastere/ros_hw1/ros2_hw1/install/task_manager_client_py:/home/GTL/pcastere/ros_hw1/ros2_hw1/install/ar_slam_base:/home/GTL/pcastere/ros_hw1/ros2_hw1/install/ar_loc_base:/home/GTL/pcastere/ros_hw1/ros2_hw1/install/rover_driver_base:/home/GTL/pcastere/ros_hw1/ros2_hw1/install/keyboard_teleop:/home/GTL/pcastere/ros_hw1/ros2_hw1/install/face_detect_base:/home/GTL/pcastere/ros_hw1/ros2_hw1/install/button_server:/home/GTL/pcastere/ros_hw1/ros2_hw1/install/ar_mapping_base:/opt/ros/humble /usr/bin/cmake --install /home/GTL/pcastere/ros_hw1/ros2_hw1/build/vrep4_helpers
