[1.519s] Invoking command in '/home/GTL/apaul/ros2_hw1/src/vrep_ros_teleop': PYTHONPATH=/home/GTL/apaul/ros2_hw1/build/vrep_ros_teleop/prefix_override:/home/GTL/apaul/ros2_hw1/install/vrep_ros_teleop/lib/python3.10/site-packages:${PYTHONPATH} /usr/bin/python3 setup.py egg_info --egg-base ../../build/vrep_ros_teleop build --build-base /home/GTL/apaul/ros2_hw1/build/vrep_ros_teleop/build install --record /home/GTL/apaul/ros2_hw1/build/vrep_ros_teleop/install.log --single-version-externally-managed
[1.710s] running egg_info
[1.711s] creating ../../build/vrep_ros_teleop/vrep_ros_teleop.egg-info
[1.711s] writing ../../build/vrep_ros_teleop/vrep_ros_teleop.egg-info/PKG-INFO
[1.715s] writing dependency_links to ../../build/vrep_ros_teleop/vrep_ros_teleop.egg-info/dependency_links.txt
[1.716s] writing entry points to ../../build/vrep_ros_teleop/vrep_ros_teleop.egg-info/entry_points.txt
[1.718s] writing requirements to ../../build/vrep_ros_teleop/vrep_ros_teleop.egg-info/requires.txt
[1.719s] writing top-level names to ../../build/vrep_ros_teleop/vrep_ros_teleop.egg-info/top_level.txt
[1.720s] writing manifest file '../../build/vrep_ros_teleop/vrep_ros_teleop.egg-info/SOURCES.txt'
[1.727s] reading manifest file '../../build/vrep_ros_teleop/vrep_ros_teleop.egg-info/SOURCES.txt'
[1.729s] writing manifest file '../../build/vrep_ros_teleop/vrep_ros_teleop.egg-info/SOURCES.txt'
[1.730s] running build
[1.730s] running build_py
[1.731s] creating /home/GTL/apaul/ros2_hw1/build/vrep_ros_teleop/build
[1.731s] creating /home/GTL/apaul/ros2_hw1/build/vrep_ros_teleop/build/lib
[1.732s] creating /home/GTL/apaul/ros2_hw1/build/vrep_ros_teleop/build/lib/vrep_ros_teleop
[1.734s] copying vrep_ros_teleop/teleop.py -> /home/GTL/apaul/ros2_hw1/build/vrep_ros_teleop/build/lib/vrep_ros_teleop
[1.737s] copying vrep_ros_teleop/__init__.py -> /home/GTL/apaul/ros2_hw1/build/vrep_ros_teleop/build/lib/vrep_ros_teleop
[1.739s] copying vrep_ros_teleop/teleop_mux.py -> /home/GTL/apaul/ros2_hw1/build/vrep_ros_teleop/build/lib/vrep_ros_teleop
[1.741s] running install
[1.741s] /usr/lib/python3/dist-packages/setuptools/command/install.py:34: SetuptoolsDeprecationWarning: setup.py install is deprecated. Use build and pip and other standards-based tools.
[1.741s]   warnings.warn(
[1.742s] running install_lib
[1.744s] creating /home/GTL/apaul/ros2_hw1/install/vrep_ros_teleop/lib/python3.10/site-packages/vrep_ros_teleop
[1.745s] copying /home/GTL/apaul/ros2_hw1/build/vrep_ros_teleop/build/lib/vrep_ros_teleop/teleop.py -> /home/GTL/apaul/ros2_hw1/install/vrep_ros_teleop/lib/python3.10/site-packages/vrep_ros_teleop
[1.748s] copying /home/GTL/apaul/ros2_hw1/build/vrep_ros_teleop/build/lib/vrep_ros_teleop/__init__.py -> /home/GTL/apaul/ros2_hw1/install/vrep_ros_teleop/lib/python3.10/site-packages/vrep_ros_teleop
[1.750s] copying /home/GTL/apaul/ros2_hw1/build/vrep_ros_teleop/build/lib/vrep_ros_teleop/teleop_mux.py -> /home/GTL/apaul/ros2_hw1/install/vrep_ros_teleop/lib/python3.10/site-packages/vrep_ros_teleop
[1.754s] byte-compiling /home/GTL/apaul/ros2_hw1/install/vrep_ros_teleop/lib/python3.10/site-packages/vrep_ros_teleop/teleop.py to teleop.cpython-310.pyc
[1.758s] byte-compiling /home/GTL/apaul/ros2_hw1/install/vrep_ros_teleop/lib/python3.10/site-packages/vrep_ros_teleop/__init__.py to __init__.cpython-310.pyc
[1.761s] byte-compiling /home/GTL/apaul/ros2_hw1/install/vrep_ros_teleop/lib/python3.10/site-packages/vrep_ros_teleop/teleop_mux.py to teleop_mux.cpython-310.pyc
[1.764s] running install_data
[1.765s] creating /home/GTL/apaul/ros2_hw1/install/vrep_ros_teleop/share/ament_index
[1.765s] creating /home/GTL/apaul/ros2_hw1/install/vrep_ros_teleop/share/ament_index/resource_index
[1.767s] creating /home/GTL/apaul/ros2_hw1/install/vrep_ros_teleop/share/ament_index/resource_index/packages
[1.768s] copying resource/vrep_ros_teleop -> /home/GTL/apaul/ros2_hw1/install/vrep_ros_teleop/share/ament_index/resource_index/packages
[1.771s] copying package.xml -> /home/GTL/apaul/ros2_hw1/install/vrep_ros_teleop/share/vrep_ros_teleop
[1.772s] copying launch/teleop.launch.py -> /home/GTL/apaul/ros2_hw1/install/vrep_ros_teleop/share/vrep_ros_teleop
[1.775s] copying launch/teleop_mux_tb.launch.py -> /home/GTL/apaul/ros2_hw1/install/vrep_ros_teleop/share/vrep_ros_teleop
[1.778s] copying launch/teleop_mux.launch.py -> /home/GTL/apaul/ros2_hw1/install/vrep_ros_teleop/share/vrep_ros_teleop
[1.783s] running install_egg_info
[1.785s] Copying ../../build/vrep_ros_teleop/vrep_ros_teleop.egg-info to /home/GTL/apaul/ros2_hw1/install/vrep_ros_teleop/lib/python3.10/site-packages/vrep_ros_teleop-0.0.0-py3.10.egg-info
[1.807s] running install_scripts
[1.822s] Installing teleop_mux_node script to /home/GTL/apaul/ros2_hw1/install/vrep_ros_teleop/lib/vrep_ros_teleop
[1.825s] Installing teleop_node script to /home/GTL/apaul/ros2_hw1/install/vrep_ros_teleop/lib/vrep_ros_teleop
[1.827s] writing list of installed files to '/home/GTL/apaul/ros2_hw1/build/vrep_ros_teleop/install.log'
[1.983s] Invoked command in '/home/GTL/apaul/ros2_hw1/src/vrep_ros_teleop' returned '0': PYTHONPATH=/home/GTL/apaul/ros2_hw1/build/vrep_ros_teleop/prefix_override:/home/GTL/apaul/ros2_hw1/install/vrep_ros_teleop/lib/python3.10/site-packages:${PYTHONPATH} /usr/bin/python3 setup.py egg_info --egg-base ../../build/vrep_ros_teleop build --build-base /home/GTL/apaul/ros2_hw1/build/vrep_ros_teleop/build install --record /home/GTL/apaul/ros2_hw1/build/vrep_ros_teleop/install.log --single-version-externally-managed
