[1.963s] Invoking command in '/home/GTL/pcastere/ros_hw1/ros2_hw1/src/vrep_ros_teleop': PYTHONPATH=/home/GTL/pcastere/ros_hw1/ros2_hw1/build/vrep_ros_teleop/prefix_override:/usr/lib/python3/dist-packages/colcon_core/task/python/colcon_distutils_commands:/home/GTL/pcastere/ros_hw1/ros2_hw1/install/vrep_ros_teleop/lib/python3.10/site-packages:${PYTHONPATH} /usr/bin/python3 -W ignore:setup.py install is deprecated setup.py egg_info --egg-base ../../build/vrep_ros_teleop build --build-base /home/GTL/pcastere/ros_hw1/ros2_hw1/build/vrep_ros_teleop/build install --record /home/GTL/pcastere/ros_hw1/ros2_hw1/build/vrep_ros_teleop/install.log --single-version-externally-managed install_data
[2.207s] running egg_info
[2.207s] writing ../../build/vrep_ros_teleop/vrep_ros_teleop.egg-info/PKG-INFO
[2.209s] writing dependency_links to ../../build/vrep_ros_teleop/vrep_ros_teleop.egg-info/dependency_links.txt
[2.209s] writing entry points to ../../build/vrep_ros_teleop/vrep_ros_teleop.egg-info/entry_points.txt
[2.210s] writing requirements to ../../build/vrep_ros_teleop/vrep_ros_teleop.egg-info/requires.txt
[2.211s] writing top-level names to ../../build/vrep_ros_teleop/vrep_ros_teleop.egg-info/top_level.txt
[2.215s] reading manifest file '../../build/vrep_ros_teleop/vrep_ros_teleop.egg-info/SOURCES.txt'
[2.217s] writing manifest file '../../build/vrep_ros_teleop/vrep_ros_teleop.egg-info/SOURCES.txt'
[2.218s] running build
[2.218s] running build_py
[2.219s] running install
[2.219s] running install_lib
[2.223s] running install_data
[2.224s] running install_egg_info
[2.226s] removing '/home/GTL/pcastere/ros_hw1/ros2_hw1/install/vrep_ros_teleop/lib/python3.10/site-packages/vrep_ros_teleop-0.0.0-py3.10.egg-info' (and everything under it)
[2.229s] Copying ../../build/vrep_ros_teleop/vrep_ros_teleop.egg-info to /home/GTL/pcastere/ros_hw1/ros2_hw1/install/vrep_ros_teleop/lib/python3.10/site-packages/vrep_ros_teleop-0.0.0-py3.10.egg-info
[2.246s] running install_scripts
[2.262s] Installing teleop_mux_node script to /home/GTL/pcastere/ros_hw1/ros2_hw1/install/vrep_ros_teleop/lib/vrep_ros_teleop
[2.264s] Installing teleop_node script to /home/GTL/pcastere/ros_hw1/ros2_hw1/install/vrep_ros_teleop/lib/vrep_ros_teleop
[2.267s] writing list of installed files to '/home/GTL/pcastere/ros_hw1/ros2_hw1/build/vrep_ros_teleop/install.log'
[2.433s] Invoked command in '/home/GTL/pcastere/ros_hw1/ros2_hw1/src/vrep_ros_teleop' returned '0': PYTHONPATH=/home/GTL/pcastere/ros_hw1/ros2_hw1/build/vrep_ros_teleop/prefix_override:/usr/lib/python3/dist-packages/colcon_core/task/python/colcon_distutils_commands:/home/GTL/pcastere/ros_hw1/ros2_hw1/install/vrep_ros_teleop/lib/python3.10/site-packages:${PYTHONPATH} /usr/bin/python3 -W ignore:setup.py install is deprecated setup.py egg_info --egg-base ../../build/vrep_ros_teleop build --build-base /home/GTL/pcastere/ros_hw1/ros2_hw1/build/vrep_ros_teleop/build install --record /home/GTL/pcastere/ros_hw1/ros2_hw1/build/vrep_ros_teleop/install.log --single-version-externally-managed install_data
