[0.069s] DEBUG:colcon:Command line arguments: ['/usr/bin/colcon', 'build', '--packages-select', 'turtlebot_launch']
[0.070s] DEBUG:colcon:Parsed command line arguments: Namespace(log_base=None, log_level=None, verb_name='build', build_base='build', install_base='install', merge_install=False, symlink_install=False, test_result_base=None, continue_on_error=False, executor='parallel', parallel_workers=16, event_handlers=None, ignore_user_meta=False, metas=['./colcon.meta'], base_paths=['.'], packages_ignore=None, packages_ignore_regex=None, paths=None, packages_up_to=None, packages_up_to_regex=None, packages_above=None, packages_above_and_dependencies=None, packages_above_depth=None, packages_select_by_dep=None, packages_skip_by_dep=None, packages_skip_up_to=None, packages_select_build_failed=False, packages_skip_build_finished=False, packages_select_test_failures=False, packages_skip_test_passed=False, packages_select=['turtlebot_launch'], packages_skip=None, packages_select_regex=None, packages_skip_regex=None, packages_start=None, packages_end=None, allow_overriding=[], cmake_args=None, cmake_target=None, cmake_target_skip_unavailable=False, cmake_clean_cache=False, cmake_clean_first=False, cmake_force_configure=False, ament_cmake_args=None, catkin_cmake_args=None, catkin_skip_building_tests=False, verb_parser=<colcon_defaults.argument_parser.defaults.DefaultArgumentsDecorator object at 0x7fd7c6f68130>, verb_extension=<colcon_core.verb.build.BuildVerb object at 0x7fd7c7060c10>, main=<bound method BuildVerb.main of <colcon_core.verb.build.BuildVerb object at 0x7fd7c7060c10>>)
[0.189s] Level 1:colcon.colcon_core.package_discovery:discover_packages(colcon_meta) check parameters
[0.189s] Level 1:colcon.colcon_core.package_discovery:discover_packages(recursive) check parameters
[0.189s] Level 1:colcon.colcon_core.package_discovery:discover_packages(ignore) check parameters
[0.189s] Level 1:colcon.colcon_core.package_discovery:discover_packages(path) check parameters
[0.189s] Level 1:colcon.colcon_core.package_discovery:discover_packages(colcon_meta) discover
[0.190s] Level 1:colcon.colcon_core.package_discovery:discover_packages(recursive) discover
[0.190s] INFO:colcon.colcon_core.package_discovery:Crawling recursively for packages in '/home/GTL/apaul/ros2_hw1'
[0.190s] Level 1:colcon.colcon_core.package_identification:_identify(.) by extensions ['ignore', 'ignore_ament_install']
[0.190s] Level 1:colcon.colcon_core.package_identification:_identify(.) by extension 'ignore'
[0.190s] Level 1:colcon.colcon_core.package_identification:_identify(.) by extension 'ignore_ament_install'
[0.190s] Level 1:colcon.colcon_core.package_identification:_identify(.) by extensions ['colcon_pkg']
[0.190s] Level 1:colcon.colcon_core.package_identification:_identify(.) by extension 'colcon_pkg'
[0.190s] Level 1:colcon.colcon_core.package_identification:_identify(.) by extensions ['colcon_meta']
[0.190s] Level 1:colcon.colcon_core.package_identification:_identify(.) by extension 'colcon_meta'
[0.190s] Level 1:colcon.colcon_core.package_identification:_identify(.) by extensions ['ros']
[0.190s] Level 1:colcon.colcon_core.package_identification:_identify(.) by extension 'ros'
[0.197s] Level 1:colcon.colcon_core.package_identification:_identify(.) by extensions ['cmake', 'python']
[0.197s] Level 1:colcon.colcon_core.package_identification:_identify(.) by extension 'cmake'
[0.197s] Level 1:colcon.colcon_core.package_identification:_identify(.) by extension 'python'
[0.197s] Level 1:colcon.colcon_core.package_identification:_identify(.) by extensions ['python_setup_py']
[0.197s] Level 1:colcon.colcon_core.package_identification:_identify(.) by extension 'python_setup_py'
[0.197s] Level 1:colcon.colcon_core.package_identification:_identify(build) by extensions ['ignore', 'ignore_ament_install']
[0.197s] Level 1:colcon.colcon_core.package_identification:_identify(build) by extension 'ignore'
[0.197s] Level 1:colcon.colcon_core.package_identification:_identify(build) ignored
[0.198s] Level 1:colcon.colcon_core.package_identification:_identify(install) by extensions ['ignore', 'ignore_ament_install']
[0.198s] Level 1:colcon.colcon_core.package_identification:_identify(install) by extension 'ignore'
[0.198s] Level 1:colcon.colcon_core.package_identification:_identify(install) ignored
[0.200s] Level 1:colcon.colcon_core.package_identification:_identify(log) by extensions ['ignore', 'ignore_ament_install']
[0.200s] Level 1:colcon.colcon_core.package_identification:_identify(log) by extension 'ignore'
[0.200s] Level 1:colcon.colcon_core.package_identification:_identify(log) ignored
[0.200s] Level 1:colcon.colcon_core.package_identification:_identify(src) by extensions ['ignore', 'ignore_ament_install']
[0.201s] Level 1:colcon.colcon_core.package_identification:_identify(src) by extension 'ignore'
[0.201s] Level 1:colcon.colcon_core.package_identification:_identify(src) by extension 'ignore_ament_install'
[0.201s] Level 1:colcon.colcon_core.package_identification:_identify(src) by extensions ['colcon_pkg']
[0.201s] Level 1:colcon.colcon_core.package_identification:_identify(src) by extension 'colcon_pkg'
[0.201s] Level 1:colcon.colcon_core.package_identification:_identify(src) by extensions ['colcon_meta']
[0.201s] Level 1:colcon.colcon_core.package_identification:_identify(src) by extension 'colcon_meta'
[0.201s] Level 1:colcon.colcon_core.package_identification:_identify(src) by extensions ['ros']
[0.201s] Level 1:colcon.colcon_core.package_identification:_identify(src) by extension 'ros'
[0.201s] Level 1:colcon.colcon_core.package_identification:_identify(src) by extensions ['cmake', 'python']
[0.201s] Level 1:colcon.colcon_core.package_identification:_identify(src) by extension 'cmake'
[0.201s] Level 1:colcon.colcon_core.package_identification:_identify(src) by extension 'python'
[0.201s] Level 1:colcon.colcon_core.package_identification:_identify(src) by extensions ['python_setup_py']
[0.201s] Level 1:colcon.colcon_core.package_identification:_identify(src) by extension 'python_setup_py'
[0.201s] Level 1:colcon.colcon_core.package_identification:_identify(src/ar_loc_base) by extensions ['ignore', 'ignore_ament_install']
[0.201s] Level 1:colcon.colcon_core.package_identification:_identify(src/ar_loc_base) by extension 'ignore'
[0.201s] Level 1:colcon.colcon_core.package_identification:_identify(src/ar_loc_base) by extension 'ignore_ament_install'
[0.201s] Level 1:colcon.colcon_core.package_identification:_identify(src/ar_loc_base) by extensions ['colcon_pkg']
[0.201s] Level 1:colcon.colcon_core.package_identification:_identify(src/ar_loc_base) by extension 'colcon_pkg'
[0.201s] Level 1:colcon.colcon_core.package_identification:_identify(src/ar_loc_base) by extensions ['colcon_meta']
[0.201s] Level 1:colcon.colcon_core.package_identification:_identify(src/ar_loc_base) by extension 'colcon_meta'
[0.201s] Level 1:colcon.colcon_core.package_identification:_identify(src/ar_loc_base) by extensions ['ros']
[0.201s] Level 1:colcon.colcon_core.package_identification:_identify(src/ar_loc_base) by extension 'ros'
[0.205s] DEBUG:colcon.colcon_core.package_identification:Package 'src/ar_loc_base' with type 'ros.ament_python' and name 'ar_loc_base'
[0.206s] Level 1:colcon.colcon_core.package_identification:_identify(src/ar_mapping_base) by extensions ['ignore', 'ignore_ament_install']
[0.206s] Level 1:colcon.colcon_core.package_identification:_identify(src/ar_mapping_base) by extension 'ignore'
[0.206s] Level 1:colcon.colcon_core.package_identification:_identify(src/ar_mapping_base) by extension 'ignore_ament_install'
[0.206s] Level 1:colcon.colcon_core.package_identification:_identify(src/ar_mapping_base) by extensions ['colcon_pkg']
[0.206s] Level 1:colcon.colcon_core.package_identification:_identify(src/ar_mapping_base) by extension 'colcon_pkg'
[0.206s] Level 1:colcon.colcon_core.package_identification:_identify(src/ar_mapping_base) by extensions ['colcon_meta']
[0.206s] Level 1:colcon.colcon_core.package_identification:_identify(src/ar_mapping_base) by extension 'colcon_meta'
[0.206s] Level 1:colcon.colcon_core.package_identification:_identify(src/ar_mapping_base) by extensions ['ros']
[0.206s] Level 1:colcon.colcon_core.package_identification:_identify(src/ar_mapping_base) by extension 'ros'
[0.207s] DEBUG:colcon.colcon_core.package_identification:Package 'src/ar_mapping_base' with type 'ros.ament_python' and name 'ar_mapping_base'
[0.208s] Level 1:colcon.colcon_core.package_identification:_identify(src/ar_slam_base) by extensions ['ignore', 'ignore_ament_install']
[0.208s] Level 1:colcon.colcon_core.package_identification:_identify(src/ar_slam_base) by extension 'ignore'
[0.208s] Level 1:colcon.colcon_core.package_identification:_identify(src/ar_slam_base) by extension 'ignore_ament_install'
[0.208s] Level 1:colcon.colcon_core.package_identification:_identify(src/ar_slam_base) by extensions ['colcon_pkg']
[0.208s] Level 1:colcon.colcon_core.package_identification:_identify(src/ar_slam_base) by extension 'colcon_pkg'
[0.208s] Level 1:colcon.colcon_core.package_identification:_identify(src/ar_slam_base) by extensions ['colcon_meta']
[0.208s] Level 1:colcon.colcon_core.package_identification:_identify(src/ar_slam_base) by extension 'colcon_meta'
[0.208s] Level 1:colcon.colcon_core.package_identification:_identify(src/ar_slam_base) by extensions ['ros']
[0.208s] Level 1:colcon.colcon_core.package_identification:_identify(src/ar_slam_base) by extension 'ros'
[0.209s] DEBUG:colcon.colcon_core.package_identification:Package 'src/ar_slam_base' with type 'ros.ament_python' and name 'ar_slam_base'
[0.210s] Level 1:colcon.colcon_core.package_identification:_identify(src/collision_avoidance_base) by extensions ['ignore', 'ignore_ament_install']
[0.210s] Level 1:colcon.colcon_core.package_identification:_identify(src/collision_avoidance_base) by extension 'ignore'
[0.210s] Level 1:colcon.colcon_core.package_identification:_identify(src/collision_avoidance_base) by extension 'ignore_ament_install'
[0.210s] Level 1:colcon.colcon_core.package_identification:_identify(src/collision_avoidance_base) by extensions ['colcon_pkg']
[0.210s] Level 1:colcon.colcon_core.package_identification:_identify(src/collision_avoidance_base) by extension 'colcon_pkg'
[0.210s] Level 1:colcon.colcon_core.package_identification:_identify(src/collision_avoidance_base) by extensions ['colcon_meta']
[0.210s] Level 1:colcon.colcon_core.package_identification:_identify(src/collision_avoidance_base) by extension 'colcon_meta'
[0.210s] Level 1:colcon.colcon_core.package_identification:_identify(src/collision_avoidance_base) by extensions ['ros']
[0.210s] Level 1:colcon.colcon_core.package_identification:_identify(src/collision_avoidance_base) by extension 'ros'
[0.211s] DEBUG:colcon.colcon_core.package_identification:Package 'src/collision_avoidance_base' with type 'ros.ament_cmake' and name 'collision_avoidance_base'
[0.211s] Level 1:colcon.colcon_core.package_identification:_identify(src/cs7630_msgs) by extensions ['ignore', 'ignore_ament_install']
[0.211s] Level 1:colcon.colcon_core.package_identification:_identify(src/cs7630_msgs) by extension 'ignore'
[0.211s] Level 1:colcon.colcon_core.package_identification:_identify(src/cs7630_msgs) by extension 'ignore_ament_install'
[0.211s] Level 1:colcon.colcon_core.package_identification:_identify(src/cs7630_msgs) by extensions ['colcon_pkg']
[0.211s] Level 1:colcon.colcon_core.package_identification:_identify(src/cs7630_msgs) by extension 'colcon_pkg'
[0.211s] Level 1:colcon.colcon_core.package_identification:_identify(src/cs7630_msgs) by extensions ['colcon_meta']
[0.211s] Level 1:colcon.colcon_core.package_identification:_identify(src/cs7630_msgs) by extension 'colcon_meta'
[0.211s] Level 1:colcon.colcon_core.package_identification:_identify(src/cs7630_msgs) by extensions ['ros']
[0.211s] Level 1:colcon.colcon_core.package_identification:_identify(src/cs7630_msgs) by extension 'ros'
[0.219s] DEBUG:colcon.colcon_core.package_identification:Package 'src/cs7630_msgs' with type 'ros.ament_cmake' and name 'cs7630_msgs'
[0.219s] Level 1:colcon.colcon_core.package_identification:_identify(src/face_detect_base) by extensions ['ignore', 'ignore_ament_install']
[0.219s] Level 1:colcon.colcon_core.package_identification:_identify(src/face_detect_base) by extension 'ignore'
[0.220s] Level 1:colcon.colcon_core.package_identification:_identify(src/face_detect_base) by extension 'ignore_ament_install'
[0.220s] Level 1:colcon.colcon_core.package_identification:_identify(src/face_detect_base) by extensions ['colcon_pkg']
[0.220s] Level 1:colcon.colcon_core.package_identification:_identify(src/face_detect_base) by extension 'colcon_pkg'
[0.220s] Level 1:colcon.colcon_core.package_identification:_identify(src/face_detect_base) by extensions ['colcon_meta']
[0.220s] Level 1:colcon.colcon_core.package_identification:_identify(src/face_detect_base) by extension 'colcon_meta'
[0.220s] Level 1:colcon.colcon_core.package_identification:_identify(src/face_detect_base) by extensions ['ros']
[0.220s] Level 1:colcon.colcon_core.package_identification:_identify(src/face_detect_base) by extension 'ros'
[0.221s] DEBUG:colcon.colcon_core.package_identification:Package 'src/face_detect_base' with type 'ros.ament_python' and name 'face_detect_base'
[0.221s] Level 1:colcon.colcon_core.package_identification:_identify(src/face_msg) by extensions ['ignore', 'ignore_ament_install']
[0.221s] Level 1:colcon.colcon_core.package_identification:_identify(src/face_msg) by extension 'ignore'
[0.221s] Level 1:colcon.colcon_core.package_identification:_identify(src/face_msg) by extension 'ignore_ament_install'
[0.221s] Level 1:colcon.colcon_core.package_identification:_identify(src/face_msg) by extensions ['colcon_pkg']
[0.221s] Level 1:colcon.colcon_core.package_identification:_identify(src/face_msg) by extension 'colcon_pkg'
[0.221s] Level 1:colcon.colcon_core.package_identification:_identify(src/face_msg) by extensions ['colcon_meta']
[0.221s] Level 1:colcon.colcon_core.package_identification:_identify(src/face_msg) by extension 'colcon_meta'
[0.221s] Level 1:colcon.colcon_core.package_identification:_identify(src/face_msg) by extensions ['ros']
[0.221s] Level 1:colcon.colcon_core.package_identification:_identify(src/face_msg) by extension 'ros'
[0.222s] DEBUG:colcon.colcon_core.package_identification:Package 'src/face_msg' with type 'ros.ament_cmake' and name 'face_msg'
[0.222s] Level 1:colcon.colcon_core.package_identification:_identify(src/final_project) by extensions ['ignore', 'ignore_ament_install']
[0.223s] Level 1:colcon.colcon_core.package_identification:_identify(src/final_project) by extension 'ignore'
[0.223s] Level 1:colcon.colcon_core.package_identification:_identify(src/final_project) by extension 'ignore_ament_install'
[0.223s] Level 1:colcon.colcon_core.package_identification:_identify(src/final_project) by extensions ['colcon_pkg']
[0.223s] Level 1:colcon.colcon_core.package_identification:_identify(src/final_project) by extension 'colcon_pkg'
[0.223s] Level 1:colcon.colcon_core.package_identification:_identify(src/final_project) by extensions ['colcon_meta']
[0.223s] Level 1:colcon.colcon_core.package_identification:_identify(src/final_project) by extension 'colcon_meta'
[0.223s] Level 1:colcon.colcon_core.package_identification:_identify(src/final_project) by extensions ['ros']
[0.223s] Level 1:colcon.colcon_core.package_identification:_identify(src/final_project) by extension 'ros'
[0.223s] Level 1:colcon.colcon_core.package_identification:_identify(src/final_project) by extensions ['cmake', 'python']
[0.223s] Level 1:colcon.colcon_core.package_identification:_identify(src/final_project) by extension 'cmake'
[0.223s] Level 1:colcon.colcon_core.package_identification:_identify(src/final_project) by extension 'python'
[0.224s] DEBUG:colcon.colcon_core.package_identification:Python package in 'src/final_project' passes arguments to the setup() function which requires a different identification extension than 'python'
[0.224s] Level 1:colcon.colcon_core.package_identification:_identify(src/final_project) by extensions ['python_setup_py']
[0.224s] Level 1:colcon.colcon_core.package_identification:_identify(src/final_project) by extension 'python_setup_py'
[0.401s] DEBUG:colcon.colcon_core.package_identification:Package 'src/final_project' with type 'python' and name 'final_project'
[0.401s] Level 1:colcon.colcon_core.package_identification:_identify(src/floor_nav) by extensions ['ignore', 'ignore_ament_install']
[0.401s] Level 1:colcon.colcon_core.package_identification:_identify(src/floor_nav) by extension 'ignore'
[0.401s] Level 1:colcon.colcon_core.package_identification:_identify(src/floor_nav) by extension 'ignore_ament_install'
[0.401s] Level 1:colcon.colcon_core.package_identification:_identify(src/floor_nav) by extensions ['colcon_pkg']
[0.402s] Level 1:colcon.colcon_core.package_identification:_identify(src/floor_nav) by extension 'colcon_pkg'
[0.402s] Level 1:colcon.colcon_core.package_identification:_identify(src/floor_nav) by extensions ['colcon_meta']
[0.402s] Level 1:colcon.colcon_core.package_identification:_identify(src/floor_nav) by extension 'colcon_meta'
[0.402s] Level 1:colcon.colcon_core.package_identification:_identify(src/floor_nav) by extensions ['ros']
[0.402s] Level 1:colcon.colcon_core.package_identification:_identify(src/floor_nav) by extension 'ros'
[0.403s] DEBUG:colcon.colcon_core.package_identification:Package 'src/floor_nav' with type 'ros.ament_cmake' and name 'floor_nav'
[0.404s] Level 1:colcon.colcon_core.package_identification:_identify(src/joy_pack) by extensions ['ignore', 'ignore_ament_install']
[0.404s] Level 1:colcon.colcon_core.package_identification:_identify(src/joy_pack) by extension 'ignore'
[0.404s] Level 1:colcon.colcon_core.package_identification:_identify(src/joy_pack) by extension 'ignore_ament_install'
[0.404s] Level 1:colcon.colcon_core.package_identification:_identify(src/joy_pack) by extensions ['colcon_pkg']
[0.404s] Level 1:colcon.colcon_core.package_identification:_identify(src/joy_pack) by extension 'colcon_pkg'
[0.404s] Level 1:colcon.colcon_core.package_identification:_identify(src/joy_pack) by extensions ['colcon_meta']
[0.404s] Level 1:colcon.colcon_core.package_identification:_identify(src/joy_pack) by extension 'colcon_meta'
[0.404s] Level 1:colcon.colcon_core.package_identification:_identify(src/joy_pack) by extensions ['ros']
[0.404s] Level 1:colcon.colcon_core.package_identification:_identify(src/joy_pack) by extension 'ros'
[0.405s] DEBUG:colcon.colcon_core.package_identification:Package 'src/joy_pack' with type 'ros.ament_cmake' and name 'joy_pack'
[0.405s] Level 1:colcon.colcon_core.package_identification:_identify(src/keyboard_teleop) by extensions ['ignore', 'ignore_ament_install']
[0.405s] Level 1:colcon.colcon_core.package_identification:_identify(src/keyboard_teleop) by extension 'ignore'
[0.405s] Level 1:colcon.colcon_core.package_identification:_identify(src/keyboard_teleop) by extension 'ignore_ament_install'
[0.405s] Level 1:colcon.colcon_core.package_identification:_identify(src/keyboard_teleop) by extensions ['colcon_pkg']
[0.405s] Level 1:colcon.colcon_core.package_identification:_identify(src/keyboard_teleop) by extension 'colcon_pkg'
[0.405s] Level 1:colcon.colcon_core.package_identification:_identify(src/keyboard_teleop) by extensions ['colcon_meta']
[0.405s] Level 1:colcon.colcon_core.package_identification:_identify(src/keyboard_teleop) by extension 'colcon_meta'
[0.406s] Level 1:colcon.colcon_core.package_identification:_identify(src/keyboard_teleop) by extensions ['ros']
[0.406s] Level 1:colcon.colcon_core.package_identification:_identify(src/keyboard_teleop) by extension 'ros'
[0.407s] DEBUG:colcon.colcon_core.package_identification:Package 'src/keyboard_teleop' with type 'ros.ament_python' and name 'keyboard_teleop'
[0.407s] Level 1:colcon.colcon_core.package_identification:_identify(src/obstacle_avoidance_base) by extensions ['ignore', 'ignore_ament_install']
[0.407s] Level 1:colcon.colcon_core.package_identification:_identify(src/obstacle_avoidance_base) by extension 'ignore'
[0.407s] Level 1:colcon.colcon_core.package_identification:_identify(src/obstacle_avoidance_base) by extension 'ignore_ament_install'
[0.407s] Level 1:colcon.colcon_core.package_identification:_identify(src/obstacle_avoidance_base) by extensions ['colcon_pkg']
[0.407s] Level 1:colcon.colcon_core.package_identification:_identify(src/obstacle_avoidance_base) by extension 'colcon_pkg'
[0.407s] Level 1:colcon.colcon_core.package_identification:_identify(src/obstacle_avoidance_base) by extensions ['colcon_meta']
[0.407s] Level 1:colcon.colcon_core.package_identification:_identify(src/obstacle_avoidance_base) by extension 'colcon_meta'
[0.407s] Level 1:colcon.colcon_core.package_identification:_identify(src/obstacle_avoidance_base) by extensions ['ros']
[0.407s] Level 1:colcon.colcon_core.package_identification:_identify(src/obstacle_avoidance_base) by extension 'ros'
[0.408s] DEBUG:colcon.colcon_core.package_identification:Package 'src/obstacle_avoidance_base' with type 'ros.ament_cmake' and name 'obstacle_avoidance_base'
[0.409s] Level 1:colcon.colcon_core.package_identification:_identify(src/occgrid_planner) by extensions ['ignore', 'ignore_ament_install']
[0.409s] Level 1:colcon.colcon_core.package_identification:_identify(src/occgrid_planner) by extension 'ignore'
[0.409s] Level 1:colcon.colcon_core.package_identification:_identify(src/occgrid_planner) by extension 'ignore_ament_install'
[0.409s] Level 1:colcon.colcon_core.package_identification:_identify(src/occgrid_planner) by extensions ['colcon_pkg']
[0.409s] Level 1:colcon.colcon_core.package_identification:_identify(src/occgrid_planner) by extension 'colcon_pkg'
[0.409s] Level 1:colcon.colcon_core.package_identification:_identify(src/occgrid_planner) by extensions ['colcon_meta']
[0.409s] Level 1:colcon.colcon_core.package_identification:_identify(src/occgrid_planner) by extension 'colcon_meta'
[0.409s] Level 1:colcon.colcon_core.package_identification:_identify(src/occgrid_planner) by extensions ['ros']
[0.409s] Level 1:colcon.colcon_core.package_identification:_identify(src/occgrid_planner) by extension 'ros'
[0.410s] DEBUG:colcon.colcon_core.package_identification:Package 'src/occgrid_planner' with type 'ros.ament_cmake' and name 'occgrid_planner'
[0.411s] Level 1:colcon.colcon_core.package_identification:_identify(src/occgrid_planner_base) by extensions ['ignore', 'ignore_ament_install']
[0.411s] Level 1:colcon.colcon_core.package_identification:_identify(src/occgrid_planner_base) by extension 'ignore'
[0.411s] Level 1:colcon.colcon_core.package_identification:_identify(src/occgrid_planner_base) by extension 'ignore_ament_install'
[0.411s] Level 1:colcon.colcon_core.package_identification:_identify(src/occgrid_planner_base) by extensions ['colcon_pkg']
[0.411s] Level 1:colcon.colcon_core.package_identification:_identify(src/occgrid_planner_base) by extension 'colcon_pkg'
[0.411s] Level 1:colcon.colcon_core.package_identification:_identify(src/occgrid_planner_base) by extensions ['colcon_meta']
[0.411s] Level 1:colcon.colcon_core.package_identification:_identify(src/occgrid_planner_base) by extension 'colcon_meta'
[0.411s] Level 1:colcon.colcon_core.package_identification:_identify(src/occgrid_planner_base) by extensions ['ros']
[0.411s] Level 1:colcon.colcon_core.package_identification:_identify(src/occgrid_planner_base) by extension 'ros'
[0.412s] DEBUG:colcon.colcon_core.package_identification:Package 'src/occgrid_planner_base' with type 'ros.ament_cmake' and name 'occgrid_planner_base'
[0.413s] Level 1:colcon.colcon_core.package_identification:_identify(src/ros_task_manager) by extensions ['ignore', 'ignore_ament_install']
[0.413s] Level 1:colcon.colcon_core.package_identification:_identify(src/ros_task_manager) by extension 'ignore'
[0.413s] Level 1:colcon.colcon_core.package_identification:_identify(src/ros_task_manager) by extension 'ignore_ament_install'
[0.413s] Level 1:colcon.colcon_core.package_identification:_identify(src/ros_task_manager) by extensions ['colcon_pkg']
[0.413s] Level 1:colcon.colcon_core.package_identification:_identify(src/ros_task_manager) by extension 'colcon_pkg'
[0.413s] Level 1:colcon.colcon_core.package_identification:_identify(src/ros_task_manager) by extensions ['colcon_meta']
[0.413s] Level 1:colcon.colcon_core.package_identification:_identify(src/ros_task_manager) by extension 'colcon_meta'
[0.413s] Level 1:colcon.colcon_core.package_identification:_identify(src/ros_task_manager) by extensions ['ros']
[0.413s] Level 1:colcon.colcon_core.package_identification:_identify(src/ros_task_manager) by extension 'ros'
[0.413s] Level 1:colcon.colcon_core.package_identification:_identify(src/ros_task_manager) by extensions ['cmake', 'python']
[0.413s] Level 1:colcon.colcon_core.package_identification:_identify(src/ros_task_manager) by extension 'cmake'
[0.413s] Level 1:colcon.colcon_core.package_identification:_identify(src/ros_task_manager) by extension 'python'
[0.413s] Level 1:colcon.colcon_core.package_identification:_identify(src/ros_task_manager) by extensions ['python_setup_py']
[0.413s] Level 1:colcon.colcon_core.package_identification:_identify(src/ros_task_manager) by extension 'python_setup_py'
[0.414s] Level 1:colcon.colcon_core.package_identification:_identify(src/ros_task_manager/src) by extensions ['ignore', 'ignore_ament_install']
[0.414s] Level 1:colcon.colcon_core.package_identification:_identify(src/ros_task_manager/src) by extension 'ignore'
[0.414s] Level 1:colcon.colcon_core.package_identification:_identify(src/ros_task_manager/src) by extension 'ignore_ament_install'
[0.414s] Level 1:colcon.colcon_core.package_identification:_identify(src/ros_task_manager/src) by extensions ['colcon_pkg']
[0.414s] Level 1:colcon.colcon_core.package_identification:_identify(src/ros_task_manager/src) by extension 'colcon_pkg'
[0.414s] Level 1:colcon.colcon_core.package_identification:_identify(src/ros_task_manager/src) by extensions ['colcon_meta']
[0.414s] Level 1:colcon.colcon_core.package_identification:_identify(src/ros_task_manager/src) by extension 'colcon_meta'
[0.414s] Level 1:colcon.colcon_core.package_identification:_identify(src/ros_task_manager/src) by extensions ['ros']
[0.414s] Level 1:colcon.colcon_core.package_identification:_identify(src/ros_task_manager/src) by extension 'ros'
[0.414s] Level 1:colcon.colcon_core.package_identification:_identify(src/ros_task_manager/src) by extensions ['cmake', 'python']
[0.414s] Level 1:colcon.colcon_core.package_identification:_identify(src/ros_task_manager/src) by extension 'cmake'
[0.414s] Level 1:colcon.colcon_core.package_identification:_identify(src/ros_task_manager/src) by extension 'python'
[0.414s] Level 1:colcon.colcon_core.package_identification:_identify(src/ros_task_manager/src) by extensions ['python_setup_py']
[0.414s] Level 1:colcon.colcon_core.package_identification:_identify(src/ros_task_manager/src) by extension 'python_setup_py'
[0.414s] Level 1:colcon.colcon_core.package_identification:_identify(src/ros_task_manager/src/button_server) by extensions ['ignore', 'ignore_ament_install']
[0.414s] Level 1:colcon.colcon_core.package_identification:_identify(src/ros_task_manager/src/button_server) by extension 'ignore'
[0.414s] Level 1:colcon.colcon_core.package_identification:_identify(src/ros_task_manager/src/button_server) by extension 'ignore_ament_install'
[0.414s] Level 1:colcon.colcon_core.package_identification:_identify(src/ros_task_manager/src/button_server) by extensions ['colcon_pkg']
[0.414s] Level 1:colcon.colcon_core.package_identification:_identify(src/ros_task_manager/src/button_server) by extension 'colcon_pkg'
[0.414s] Level 1:colcon.colcon_core.package_identification:_identify(src/ros_task_manager/src/button_server) by extensions ['colcon_meta']
[0.414s] Level 1:colcon.colcon_core.package_identification:_identify(src/ros_task_manager/src/button_server) by extension 'colcon_meta'
[0.414s] Level 1:colcon.colcon_core.package_identification:_identify(src/ros_task_manager/src/button_server) by extensions ['ros']
[0.414s] Level 1:colcon.colcon_core.package_identification:_identify(src/ros_task_manager/src/button_server) by extension 'ros'
[0.415s] DEBUG:colcon.colcon_core.package_identification:Package 'src/ros_task_manager/src/button_server' with type 'ros.ament_python' and name 'button_server'
[0.416s] Level 1:colcon.colcon_core.package_identification:_identify(src/ros_task_manager/src/task_manager_client_py) by extensions ['ignore', 'ignore_ament_install']
[0.416s] Level 1:colcon.colcon_core.package_identification:_identify(src/ros_task_manager/src/task_manager_client_py) by extension 'ignore'
[0.416s] Level 1:colcon.colcon_core.package_identification:_identify(src/ros_task_manager/src/task_manager_client_py) by extension 'ignore_ament_install'
[0.416s] Level 1:colcon.colcon_core.package_identification:_identify(src/ros_task_manager/src/task_manager_client_py) by extensions ['colcon_pkg']
[0.416s] Level 1:colcon.colcon_core.package_identification:_identify(src/ros_task_manager/src/task_manager_client_py) by extension 'colcon_pkg'
[0.416s] Level 1:colcon.colcon_core.package_identification:_identify(src/ros_task_manager/src/task_manager_client_py) by extensions ['colcon_meta']
[0.416s] Level 1:colcon.colcon_core.package_identification:_identify(src/ros_task_manager/src/task_manager_client_py) by extension 'colcon_meta'
[0.416s] Level 1:colcon.colcon_core.package_identification:_identify(src/ros_task_manager/src/task_manager_client_py) by extensions ['ros']
[0.416s] Level 1:colcon.colcon_core.package_identification:_identify(src/ros_task_manager/src/task_manager_client_py) by extension 'ros'
[0.417s] DEBUG:colcon.colcon_core.package_identification:Package 'src/ros_task_manager/src/task_manager_client_py' with type 'ros.ament_python' and name 'task_manager_client_py'
[0.418s] Level 1:colcon.colcon_core.package_identification:_identify(src/ros_task_manager/src/task_manager_lib) by extensions ['ignore', 'ignore_ament_install']
[0.418s] Level 1:colcon.colcon_core.package_identification:_identify(src/ros_task_manager/src/task_manager_lib) by extension 'ignore'
[0.418s] Level 1:colcon.colcon_core.package_identification:_identify(src/ros_task_manager/src/task_manager_lib) by extension 'ignore_ament_install'
[0.418s] Level 1:colcon.colcon_core.package_identification:_identify(src/ros_task_manager/src/task_manager_lib) by extensions ['colcon_pkg']
[0.418s] Level 1:colcon.colcon_core.package_identification:_identify(src/ros_task_manager/src/task_manager_lib) by extension 'colcon_pkg'
[0.418s] Level 1:colcon.colcon_core.package_identification:_identify(src/ros_task_manager/src/task_manager_lib) by extensions ['colcon_meta']
[0.418s] Level 1:colcon.colcon_core.package_identification:_identify(src/ros_task_manager/src/task_manager_lib) by extension 'colcon_meta'
[0.418s] Level 1:colcon.colcon_core.package_identification:_identify(src/ros_task_manager/src/task_manager_lib) by extensions ['ros']
[0.418s] Level 1:colcon.colcon_core.package_identification:_identify(src/ros_task_manager/src/task_manager_lib) by extension 'ros'
[0.419s] DEBUG:colcon.colcon_core.package_identification:Package 'src/ros_task_manager/src/task_manager_lib' with type 'ros.ament_cmake' and name 'task_manager_lib'
[0.419s] Level 1:colcon.colcon_core.package_identification:_identify(src/ros_task_manager/src/task_manager_move_base) by extensions ['ignore', 'ignore_ament_install']
[0.419s] Level 1:colcon.colcon_core.package_identification:_identify(src/ros_task_manager/src/task_manager_move_base) by extension 'ignore'
[0.420s] Level 1:colcon.colcon_core.package_identification:_identify(src/ros_task_manager/src/task_manager_move_base) ignored
[0.420s] Level 1:colcon.colcon_core.package_identification:_identify(src/ros_task_manager/src/task_manager_msgs) by extensions ['ignore', 'ignore_ament_install']
[0.420s] Level 1:colcon.colcon_core.package_identification:_identify(src/ros_task_manager/src/task_manager_msgs) by extension 'ignore'
[0.420s] Level 1:colcon.colcon_core.package_identification:_identify(src/ros_task_manager/src/task_manager_msgs) by extension 'ignore_ament_install'
[0.420s] Level 1:colcon.colcon_core.package_identification:_identify(src/ros_task_manager/src/task_manager_msgs) by extensions ['colcon_pkg']
[0.420s] Level 1:colcon.colcon_core.package_identification:_identify(src/ros_task_manager/src/task_manager_msgs) by extension 'colcon_pkg'
[0.420s] Level 1:colcon.colcon_core.package_identification:_identify(src/ros_task_manager/src/task_manager_msgs) by extensions ['colcon_meta']
[0.420s] Level 1:colcon.colcon_core.package_identification:_identify(src/ros_task_manager/src/task_manager_msgs) by extension 'colcon_meta'
[0.421s] Level 1:colcon.colcon_core.package_identification:_identify(src/ros_task_manager/src/task_manager_msgs) by extensions ['ros']
[0.421s] Level 1:colcon.colcon_core.package_identification:_identify(src/ros_task_manager/src/task_manager_msgs) by extension 'ros'
[0.422s] DEBUG:colcon.colcon_core.package_identification:Package 'src/ros_task_manager/src/task_manager_msgs' with type 'ros.ament_cmake' and name 'task_manager_msgs'
[0.422s] Level 1:colcon.colcon_core.package_identification:_identify(src/ros_task_manager/src/task_manager_nav2) by extensions ['ignore', 'ignore_ament_install']
[0.422s] Level 1:colcon.colcon_core.package_identification:_identify(src/ros_task_manager/src/task_manager_nav2) by extension 'ignore'
[0.422s] Level 1:colcon.colcon_core.package_identification:_identify(src/ros_task_manager/src/task_manager_nav2) by extension 'ignore_ament_install'
[0.422s] Level 1:colcon.colcon_core.package_identification:_identify(src/ros_task_manager/src/task_manager_nav2) by extensions ['colcon_pkg']
[0.422s] Level 1:colcon.colcon_core.package_identification:_identify(src/ros_task_manager/src/task_manager_nav2) by extension 'colcon_pkg'
[0.422s] Level 1:colcon.colcon_core.package_identification:_identify(src/ros_task_manager/src/task_manager_nav2) by extensions ['colcon_meta']
[0.422s] Level 1:colcon.colcon_core.package_identification:_identify(src/ros_task_manager/src/task_manager_nav2) by extension 'colcon_meta'
[0.422s] Level 1:colcon.colcon_core.package_identification:_identify(src/ros_task_manager/src/task_manager_nav2) by extensions ['ros']
[0.422s] Level 1:colcon.colcon_core.package_identification:_identify(src/ros_task_manager/src/task_manager_nav2) by extension 'ros'
[0.424s] DEBUG:colcon.colcon_core.package_identification:Package 'src/ros_task_manager/src/task_manager_nav2' with type 'ros.ament_cmake' and name 'task_manager_nav2'
[0.424s] Level 1:colcon.colcon_core.package_identification:_identify(src/ros_task_manager/src/task_manager_sync) by extensions ['ignore', 'ignore_ament_install']
[0.424s] Level 1:colcon.colcon_core.package_identification:_identify(src/ros_task_manager/src/task_manager_sync) by extension 'ignore'
[0.424s] Level 1:colcon.colcon_core.package_identification:_identify(src/ros_task_manager/src/task_manager_sync) by extension 'ignore_ament_install'
[0.424s] Level 1:colcon.colcon_core.package_identification:_identify(src/ros_task_manager/src/task_manager_sync) by extensions ['colcon_pkg']
[0.424s] Level 1:colcon.colcon_core.package_identification:_identify(src/ros_task_manager/src/task_manager_sync) by extension 'colcon_pkg'
[0.424s] Level 1:colcon.colcon_core.package_identification:_identify(src/ros_task_manager/src/task_manager_sync) by extensions ['colcon_meta']
[0.424s] Level 1:colcon.colcon_core.package_identification:_identify(src/ros_task_manager/src/task_manager_sync) by extension 'colcon_meta'
[0.424s] Level 1:colcon.colcon_core.package_identification:_identify(src/ros_task_manager/src/task_manager_sync) by extensions ['ros']
[0.424s] Level 1:colcon.colcon_core.package_identification:_identify(src/ros_task_manager/src/task_manager_sync) by extension 'ros'
[0.425s] DEBUG:colcon.colcon_core.package_identification:Package 'src/ros_task_manager/src/task_manager_sync' with type 'ros.ament_cmake' and name 'task_manager_sync'
[0.426s] Level 1:colcon.colcon_core.package_identification:_identify(src/ros_task_manager/src/task_manager_turtlesim) by extensions ['ignore', 'ignore_ament_install']
[0.426s] Level 1:colcon.colcon_core.package_identification:_identify(src/ros_task_manager/src/task_manager_turtlesim) by extension 'ignore'
[0.426s] Level 1:colcon.colcon_core.package_identification:_identify(src/ros_task_manager/src/task_manager_turtlesim) ignored
[0.426s] Level 1:colcon.colcon_core.package_identification:_identify(src/ros_task_manager/src/task_manager_turtlesim_smach) by extensions ['ignore', 'ignore_ament_install']
[0.426s] Level 1:colcon.colcon_core.package_identification:_identify(src/ros_task_manager/src/task_manager_turtlesim_smach) by extension 'ignore'
[0.427s] Level 1:colcon.colcon_core.package_identification:_identify(src/ros_task_manager/src/task_manager_turtlesim_smach) ignored
[0.427s] Level 1:colcon.colcon_core.package_identification:_identify(src/ros_task_manager/src/task_manager_turtlesim_sync) by extensions ['ignore', 'ignore_ament_install']
[0.427s] Level 1:colcon.colcon_core.package_identification:_identify(src/ros_task_manager/src/task_manager_turtlesim_sync) by extension 'ignore'
[0.427s] Level 1:colcon.colcon_core.package_identification:_identify(src/ros_task_manager/src/task_manager_turtlesim_sync) ignored
[0.428s] Level 1:colcon.colcon_core.package_identification:_identify(src/ros_task_manager/src/turtlesim_logo) by extensions ['ignore', 'ignore_ament_install']
[0.428s] Level 1:colcon.colcon_core.package_identification:_identify(src/ros_task_manager/src/turtlesim_logo) by extension 'ignore'
[0.428s] Level 1:colcon.colcon_core.package_identification:_identify(src/ros_task_manager/src/turtlesim_logo) ignored
[0.428s] Level 1:colcon.colcon_core.package_identification:_identify(src/rover_driver_base) by extensions ['ignore', 'ignore_ament_install']
[0.429s] Level 1:colcon.colcon_core.package_identification:_identify(src/rover_driver_base) by extension 'ignore'
[0.429s] Level 1:colcon.colcon_core.package_identification:_identify(src/rover_driver_base) by extension 'ignore_ament_install'
[0.429s] Level 1:colcon.colcon_core.package_identification:_identify(src/rover_driver_base) by extensions ['colcon_pkg']
[0.429s] Level 1:colcon.colcon_core.package_identification:_identify(src/rover_driver_base) by extension 'colcon_pkg'
[0.429s] Level 1:colcon.colcon_core.package_identification:_identify(src/rover_driver_base) by extensions ['colcon_meta']
[0.429s] Level 1:colcon.colcon_core.package_identification:_identify(src/rover_driver_base) by extension 'colcon_meta'
[0.429s] Level 1:colcon.colcon_core.package_identification:_identify(src/rover_driver_base) by extensions ['ros']
[0.429s] Level 1:colcon.colcon_core.package_identification:_identify(src/rover_driver_base) by extension 'ros'
[0.430s] DEBUG:colcon.colcon_core.package_identification:Package 'src/rover_driver_base' with type 'ros.ament_python' and name 'rover_driver_base'
[0.430s] Level 1:colcon.colcon_core.package_identification:_identify(src/turtlebot_launch) by extensions ['ignore', 'ignore_ament_install']
[0.430s] Level 1:colcon.colcon_core.package_identification:_identify(src/turtlebot_launch) by extension 'ignore'
[0.431s] Level 1:colcon.colcon_core.package_identification:_identify(src/turtlebot_launch) by extension 'ignore_ament_install'
[0.431s] Level 1:colcon.colcon_core.package_identification:_identify(src/turtlebot_launch) by extensions ['colcon_pkg']
[0.431s] Level 1:colcon.colcon_core.package_identification:_identify(src/turtlebot_launch) by extension 'colcon_pkg'
[0.431s] Level 1:colcon.colcon_core.package_identification:_identify(src/turtlebot_launch) by extensions ['colcon_meta']
[0.431s] Level 1:colcon.colcon_core.package_identification:_identify(src/turtlebot_launch) by extension 'colcon_meta'
[0.431s] Level 1:colcon.colcon_core.package_identification:_identify(src/turtlebot_launch) by extensions ['ros']
[0.431s] Level 1:colcon.colcon_core.package_identification:_identify(src/turtlebot_launch) by extension 'ros'
[0.431s] DEBUG:colcon.colcon_core.package_identification:Package 'src/turtlebot_launch' with type 'ros.ament_cmake' and name 'turtlebot_launch'
[0.432s] Level 1:colcon.colcon_core.package_identification:_identify(src/vrep4_helpers) by extensions ['ignore', 'ignore_ament_install']
[0.432s] Level 1:colcon.colcon_core.package_identification:_identify(src/vrep4_helpers) by extension 'ignore'
[0.432s] Level 1:colcon.colcon_core.package_identification:_identify(src/vrep4_helpers) by extension 'ignore_ament_install'
[0.432s] Level 1:colcon.colcon_core.package_identification:_identify(src/vrep4_helpers) by extensions ['colcon_pkg']
[0.432s] Level 1:colcon.colcon_core.package_identification:_identify(src/vrep4_helpers) by extension 'colcon_pkg'
[0.432s] Level 1:colcon.colcon_core.package_identification:_identify(src/vrep4_helpers) by extensions ['colcon_meta']
[0.432s] Level 1:colcon.colcon_core.package_identification:_identify(src/vrep4_helpers) by extension 'colcon_meta'
[0.432s] Level 1:colcon.colcon_core.package_identification:_identify(src/vrep4_helpers) by extensions ['ros']
[0.432s] Level 1:colcon.colcon_core.package_identification:_identify(src/vrep4_helpers) by extension 'ros'
[0.434s] DEBUG:colcon.colcon_core.package_identification:Package 'src/vrep4_helpers' with type 'ros.ament_cmake' and name 'vrep4_helpers'
[0.435s] Level 1:colcon.colcon_core.package_identification:_identify(src/vrep_ros_teleop) by extensions ['ignore', 'ignore_ament_install']
[0.435s] Level 1:colcon.colcon_core.package_identification:_identify(src/vrep_ros_teleop) by extension 'ignore'
[0.435s] Level 1:colcon.colcon_core.package_identification:_identify(src/vrep_ros_teleop) by extension 'ignore_ament_install'
[0.435s] Level 1:colcon.colcon_core.package_identification:_identify(src/vrep_ros_teleop) by extensions ['colcon_pkg']
[0.435s] Level 1:colcon.colcon_core.package_identification:_identify(src/vrep_ros_teleop) by extension 'colcon_pkg'
[0.435s] Level 1:colcon.colcon_core.package_identification:_identify(src/vrep_ros_teleop) by extensions ['colcon_meta']
[0.435s] Level 1:colcon.colcon_core.package_identification:_identify(src/vrep_ros_teleop) by extension 'colcon_meta'
[0.435s] Level 1:colcon.colcon_core.package_identification:_identify(src/vrep_ros_teleop) by extensions ['ros']
[0.435s] Level 1:colcon.colcon_core.package_identification:_identify(src/vrep_ros_teleop) by extension 'ros'
[0.436s] DEBUG:colcon.colcon_core.package_identification:Package 'src/vrep_ros_teleop' with type 'ros.ament_python' and name 'vrep_ros_teleop'
[0.436s] Level 1:colcon.colcon_core.package_identification:_identify(src/wifi_map_base) by extensions ['ignore', 'ignore_ament_install']
[0.436s] Level 1:colcon.colcon_core.package_identification:_identify(src/wifi_map_base) by extension 'ignore'
[0.436s] Level 1:colcon.colcon_core.package_identification:_identify(src/wifi_map_base) by extension 'ignore_ament_install'
[0.436s] Level 1:colcon.colcon_core.package_identification:_identify(src/wifi_map_base) by extensions ['colcon_pkg']
[0.436s] Level 1:colcon.colcon_core.package_identification:_identify(src/wifi_map_base) by extension 'colcon_pkg'
[0.436s] Level 1:colcon.colcon_core.package_identification:_identify(src/wifi_map_base) by extensions ['colcon_meta']
[0.436s] Level 1:colcon.colcon_core.package_identification:_identify(src/wifi_map_base) by extension 'colcon_meta'
[0.436s] Level 1:colcon.colcon_core.package_identification:_identify(src/wifi_map_base) by extensions ['ros']
[0.436s] Level 1:colcon.colcon_core.package_identification:_identify(src/wifi_map_base) by extension 'ros'
[0.438s] DEBUG:colcon.colcon_core.package_identification:Package 'src/wifi_map_base' with type 'ros.ament_cmake' and name 'wifi_map_base'
[0.438s] Level 1:colcon.colcon_core.package_identification:_identify(src/wpa_cli_msgs) by extensions ['ignore', 'ignore_ament_install']
[0.438s] Level 1:colcon.colcon_core.package_identification:_identify(src/wpa_cli_msgs) by extension 'ignore'
[0.438s] Level 1:colcon.colcon_core.package_identification:_identify(src/wpa_cli_msgs) by extension 'ignore_ament_install'
[0.438s] Level 1:colcon.colcon_core.package_identification:_identify(src/wpa_cli_msgs) by extensions ['colcon_pkg']
[0.438s] Level 1:colcon.colcon_core.package_identification:_identify(src/wpa_cli_msgs) by extension 'colcon_pkg'
[0.438s] Level 1:colcon.colcon_core.package_identification:_identify(src/wpa_cli_msgs) by extensions ['colcon_meta']
[0.438s] Level 1:colcon.colcon_core.package_identification:_identify(src/wpa_cli_msgs) by extension 'colcon_meta'
[0.438s] Level 1:colcon.colcon_core.package_identification:_identify(src/wpa_cli_msgs) by extensions ['ros']
[0.438s] Level 1:colcon.colcon_core.package_identification:_identify(src/wpa_cli_msgs) by extension 'ros'
[0.439s] DEBUG:colcon.colcon_core.package_identification:Package 'src/wpa_cli_msgs' with type 'ros.ament_cmake' and name 'wpa_cli_msgs'
[0.439s] Level 1:colcon.colcon_core.package_discovery:discover_packages(recursive) using defaults
[0.439s] Level 1:colcon.colcon_core.package_discovery:discover_packages(ignore) discover
[0.439s] Level 1:colcon.colcon_core.package_discovery:discover_packages(ignore) using defaults
[0.439s] Level 1:colcon.colcon_core.package_discovery:discover_packages(path) discover
[0.439s] Level 1:colcon.colcon_core.package_discovery:discover_packages(path) using defaults
[0.464s] INFO:colcon.colcon_core.package_selection:Skipping not selected package 'ar_mapping_base' in 'src/ar_mapping_base'
[0.464s] INFO:colcon.colcon_core.package_selection:Skipping not selected package 'button_server' in 'src/ros_task_manager/src/button_server'
[0.464s] INFO:colcon.colcon_core.package_selection:Skipping not selected package 'collision_avoidance_base' in 'src/collision_avoidance_base'
[0.464s] INFO:colcon.colcon_core.package_selection:Skipping not selected package 'cs7630_msgs' in 'src/cs7630_msgs'
[0.464s] INFO:colcon.colcon_core.package_selection:Skipping not selected package 'face_msg' in 'src/face_msg'
[0.464s] INFO:colcon.colcon_core.package_selection:Skipping not selected package 'final_project' in 'src/final_project'
[0.464s] INFO:colcon.colcon_core.package_selection:Skipping not selected package 'joy_pack' in 'src/joy_pack'
[0.464s] INFO:colcon.colcon_core.package_selection:Skipping not selected package 'keyboard_teleop' in 'src/keyboard_teleop'
[0.464s] INFO:colcon.colcon_core.package_selection:Skipping not selected package 'obstacle_avoidance_base' in 'src/obstacle_avoidance_base'
[0.464s] INFO:colcon.colcon_core.package_selection:Skipping not selected package 'rover_driver_base' in 'src/rover_driver_base'
[0.464s] INFO:colcon.colcon_core.package_selection:Skipping not selected package 'task_manager_msgs' in 'src/ros_task_manager/src/task_manager_msgs'
[0.464s] INFO:colcon.colcon_core.package_selection:Skipping not selected package 'vrep4_helpers' in 'src/vrep4_helpers'
[0.464s] INFO:colcon.colcon_core.package_selection:Skipping not selected package 'vrep_ros_teleop' in 'src/vrep_ros_teleop'
[0.464s] INFO:colcon.colcon_core.package_selection:Skipping not selected package 'wpa_cli_msgs' in 'src/wpa_cli_msgs'
[0.464s] INFO:colcon.colcon_core.package_selection:Skipping not selected package 'ar_loc_base' in 'src/ar_loc_base'
[0.464s] INFO:colcon.colcon_core.package_selection:Skipping not selected package 'face_detect_base' in 'src/face_detect_base'
[0.464s] INFO:colcon.colcon_core.package_selection:Skipping not selected package 'occgrid_planner' in 'src/occgrid_planner'
[0.464s] INFO:colcon.colcon_core.package_selection:Skipping not selected package 'occgrid_planner_base' in 'src/occgrid_planner_base'
[0.464s] INFO:colcon.colcon_core.package_selection:Skipping not selected package 'task_manager_client_py' in 'src/ros_task_manager/src/task_manager_client_py'
[0.464s] INFO:colcon.colcon_core.package_selection:Skipping not selected package 'task_manager_lib' in 'src/ros_task_manager/src/task_manager_lib'
[0.464s] INFO:colcon.colcon_core.package_selection:Skipping not selected package 'wifi_map_base' in 'src/wifi_map_base'
[0.465s] INFO:colcon.colcon_core.package_selection:Skipping not selected package 'ar_slam_base' in 'src/ar_slam_base'
[0.465s] INFO:colcon.colcon_core.package_selection:Skipping not selected package 'task_manager_nav2' in 'src/ros_task_manager/src/task_manager_nav2'
[0.465s] INFO:colcon.colcon_core.package_selection:Skipping not selected package 'task_manager_sync' in 'src/ros_task_manager/src/task_manager_sync'
[0.465s] INFO:colcon.colcon_core.package_selection:Skipping not selected package 'floor_nav' in 'src/floor_nav'
[0.465s] Level 1:colcon.colcon_core.package_discovery:discover_packages(prefix_path) check parameters
[0.465s] Level 1:colcon.colcon_core.package_discovery:discover_packages(prefix_path) discover
[0.466s] DEBUG:colcon.colcon_installed_package_information.package_discovery:Found 406 installed packages in /opt/ros/humble
[0.468s] Level 1:colcon.colcon_core.package_discovery:discover_packages(prefix_path) using defaults
[0.497s] Level 5:colcon.colcon_core.verb:set package 'turtlebot_launch' build argument 'cmake_args' from command line to 'None'
[0.497s] Level 5:colcon.colcon_core.verb:set package 'turtlebot_launch' build argument 'cmake_target' from command line to 'None'
[0.497s] Level 5:colcon.colcon_core.verb:set package 'turtlebot_launch' build argument 'cmake_target_skip_unavailable' from command line to 'False'
[0.497s] Level 5:colcon.colcon_core.verb:set package 'turtlebot_launch' build argument 'cmake_clean_cache' from command line to 'False'
[0.497s] Level 5:colcon.colcon_core.verb:set package 'turtlebot_launch' build argument 'cmake_clean_first' from command line to 'False'
[0.497s] Level 5:colcon.colcon_core.verb:set package 'turtlebot_launch' build argument 'cmake_force_configure' from command line to 'False'
[0.497s] Level 5:colcon.colcon_core.verb:set package 'turtlebot_launch' build argument 'ament_cmake_args' from command line to 'None'
[0.497s] Level 5:colcon.colcon_core.verb:set package 'turtlebot_launch' build argument 'catkin_cmake_args' from command line to 'None'
[0.497s] Level 5:colcon.colcon_core.verb:set package 'turtlebot_launch' build argument 'catkin_skip_building_tests' from command line to 'False'
[0.497s] DEBUG:colcon.colcon_core.verb:Building package 'turtlebot_launch' with the following arguments: {'ament_cmake_args': None, 'build_base': '/home/GTL/apaul/ros2_hw1/build/turtlebot_launch', 'catkin_cmake_args': None, 'catkin_skip_building_tests': False, 'cmake_args': None, 'cmake_clean_cache': False, 'cmake_clean_first': False, 'cmake_force_configure': False, 'cmake_target': None, 'cmake_target_skip_unavailable': False, 'install_base': '/home/GTL/apaul/ros2_hw1/install/turtlebot_launch', 'merge_install': False, 'path': '/home/GTL/apaul/ros2_hw1/src/turtlebot_launch', 'symlink_install': False, 'test_result_base': None}
[0.497s] INFO:colcon.colcon_core.executor:Executing jobs using 'parallel' executor
[0.498s] DEBUG:colcon.colcon_parallel_executor.executor.parallel:run_until_complete
[0.498s] INFO:colcon.colcon_ros.task.ament_cmake.build:Building ROS package in '/home/GTL/apaul/ros2_hw1/src/turtlebot_launch' with build type 'ament_cmake'
[0.498s] INFO:colcon.colcon_cmake.task.cmake.build:Building CMake package in '/home/GTL/apaul/ros2_hw1/src/turtlebot_launch'
[0.499s] INFO:colcon.colcon_core.plugin_system:Skipping extension 'colcon_core.shell.bat': Not used on non-Windows systems
[0.499s] INFO:colcon.colcon_core.shell:Skip shell extension 'powershell' for command environment: Not usable outside of PowerShell
[0.500s] DEBUG:colcon.colcon_core.shell:Skip shell extension 'dsv' for command environment
[0.543s] DEBUG:colcon.colcon_core.event_handler.log_command:Invoking command in '/home/GTL/apaul/ros2_hw1/build/turtlebot_launch': CMAKE_PREFIX_PATH=/opt/ros/humble /usr/bin/cmake --build /home/GTL/apaul/ros2_hw1/build/turtlebot_launch -- -j16 -l16
[0.578s] DEBUG:colcon.colcon_core.event_handler.log_command:Invoked command in '/home/GTL/apaul/ros2_hw1/build/turtlebot_launch' returned '0': CMAKE_PREFIX_PATH=/opt/ros/humble /usr/bin/cmake --build /home/GTL/apaul/ros2_hw1/build/turtlebot_launch -- -j16 -l16
[0.596s] DEBUG:colcon.colcon_core.event_handler.log_command:Invoking command in '/home/GTL/apaul/ros2_hw1/build/turtlebot_launch': CMAKE_PREFIX_PATH=/opt/ros/humble /usr/bin/cmake --install /home/GTL/apaul/ros2_hw1/build/turtlebot_launch
[0.761s] Level 1:colcon.colcon_core.environment:create_environment_scripts_only(turtlebot_launch)
[0.761s] DEBUG:colcon.colcon_core.event_handler.log_command:Invoked command in '/home/GTL/apaul/ros2_hw1/build/turtlebot_launch' returned '0': CMAKE_PREFIX_PATH=/opt/ros/humble /usr/bin/cmake --install /home/GTL/apaul/ros2_hw1/build/turtlebot_launch
[0.763s] Level 1:colcon.colcon_core.environment:checking '/home/GTL/apaul/ros2_hw1/install/turtlebot_launch' for CMake module files
[0.766s] Level 1:colcon.colcon_core.environment:checking '/home/GTL/apaul/ros2_hw1/install/turtlebot_launch' for CMake config files
[0.770s] Level 1:colcon.colcon_core.shell:create_environment_hook('turtlebot_launch', 'cmake_prefix_path')
[0.770s] INFO:colcon.colcon_core.shell:Creating environment hook '/home/GTL/apaul/ros2_hw1/install/turtlebot_launch/share/turtlebot_launch/hook/cmake_prefix_path.ps1'
[0.772s] INFO:colcon.colcon_core.shell:Creating environment descriptor '/home/GTL/apaul/ros2_hw1/install/turtlebot_launch/share/turtlebot_launch/hook/cmake_prefix_path.dsv'
[0.774s] INFO:colcon.colcon_core.shell:Creating environment hook '/home/GTL/apaul/ros2_hw1/install/turtlebot_launch/share/turtlebot_launch/hook/cmake_prefix_path.sh'
[0.777s] Level 1:colcon.colcon_core.environment:checking '/home/GTL/apaul/ros2_hw1/install/turtlebot_launch/bin'
[0.777s] Level 1:colcon.colcon_core.environment:checking '/home/GTL/apaul/ros2_hw1/install/turtlebot_launch/lib/pkgconfig/turtlebot_launch.pc'
[0.777s] Level 1:colcon.colcon_core.environment:checking '/home/GTL/apaul/ros2_hw1/install/turtlebot_launch/lib/python3.10/site-packages'
[0.777s] Level 1:colcon.colcon_core.environment:checking '/home/GTL/apaul/ros2_hw1/install/turtlebot_launch/bin'
[0.777s] INFO:colcon.colcon_core.shell:Creating package script '/home/GTL/apaul/ros2_hw1/install/turtlebot_launch/share/turtlebot_launch/package.ps1'
[0.779s] INFO:colcon.colcon_core.shell:Creating package descriptor '/home/GTL/apaul/ros2_hw1/install/turtlebot_launch/share/turtlebot_launch/package.dsv'
[0.781s] INFO:colcon.colcon_core.shell:Creating package script '/home/GTL/apaul/ros2_hw1/install/turtlebot_launch/share/turtlebot_launch/package.sh'
[0.783s] INFO:colcon.colcon_core.shell:Creating package script '/home/GTL/apaul/ros2_hw1/install/turtlebot_launch/share/turtlebot_launch/package.bash'
[0.785s] INFO:colcon.colcon_core.shell:Creating package script '/home/GTL/apaul/ros2_hw1/install/turtlebot_launch/share/turtlebot_launch/package.zsh'
[0.786s] Level 1:colcon.colcon_core.environment:create_file_with_runtime_dependencies(/home/GTL/apaul/ros2_hw1/install/turtlebot_launch/share/colcon-core/packages/turtlebot_launch)
[0.803s] Level 1:colcon.colcon_core.environment:create_environment_scripts_only(turtlebot_launch)
[0.804s] Level 1:colcon.colcon_core.environment:checking '/home/GTL/apaul/ros2_hw1/install/turtlebot_launch' for CMake module files
[0.805s] Level 1:colcon.colcon_core.environment:checking '/home/GTL/apaul/ros2_hw1/install/turtlebot_launch' for CMake config files
[0.809s] Level 1:colcon.colcon_core.shell:create_environment_hook('turtlebot_launch', 'cmake_prefix_path')
[0.809s] INFO:colcon.colcon_core.shell:Creating environment hook '/home/GTL/apaul/ros2_hw1/install/turtlebot_launch/share/turtlebot_launch/hook/cmake_prefix_path.ps1'
[0.811s] INFO:colcon.colcon_core.shell:Creating environment descriptor '/home/GTL/apaul/ros2_hw1/install/turtlebot_launch/share/turtlebot_launch/hook/cmake_prefix_path.dsv'
[0.813s] INFO:colcon.colcon_core.shell:Creating environment hook '/home/GTL/apaul/ros2_hw1/install/turtlebot_launch/share/turtlebot_launch/hook/cmake_prefix_path.sh'
[0.815s] Level 1:colcon.colcon_core.environment:checking '/home/GTL/apaul/ros2_hw1/install/turtlebot_launch/bin'
[0.815s] Level 1:colcon.colcon_core.environment:checking '/home/GTL/apaul/ros2_hw1/install/turtlebot_launch/lib/pkgconfig/turtlebot_launch.pc'
[0.815s] Level 1:colcon.colcon_core.environment:checking '/home/GTL/apaul/ros2_hw1/install/turtlebot_launch/lib/python3.10/site-packages'
[0.815s] Level 1:colcon.colcon_core.environment:checking '/home/GTL/apaul/ros2_hw1/install/turtlebot_launch/bin'
[0.815s] INFO:colcon.colcon_core.shell:Creating package script '/home/GTL/apaul/ros2_hw1/install/turtlebot_launch/share/turtlebot_launch/package.ps1'
[0.816s] INFO:colcon.colcon_core.shell:Creating package descriptor '/home/GTL/apaul/ros2_hw1/install/turtlebot_launch/share/turtlebot_launch/package.dsv'
[0.819s] INFO:colcon.colcon_core.shell:Creating package script '/home/GTL/apaul/ros2_hw1/install/turtlebot_launch/share/turtlebot_launch/package.sh'
[0.820s] INFO:colcon.colcon_core.shell:Creating package script '/home/GTL/apaul/ros2_hw1/install/turtlebot_launch/share/turtlebot_launch/package.bash'
[0.822s] INFO:colcon.colcon_core.shell:Creating package script '/home/GTL/apaul/ros2_hw1/install/turtlebot_launch/share/turtlebot_launch/package.zsh'
[0.823s] Level 1:colcon.colcon_core.environment:create_file_with_runtime_dependencies(/home/GTL/apaul/ros2_hw1/install/turtlebot_launch/share/colcon-core/packages/turtlebot_launch)
[0.824s] DEBUG:colcon.colcon_parallel_executor.executor.parallel:closing loop
[0.825s] DEBUG:colcon.colcon_parallel_executor.executor.parallel:loop closed
[0.825s] DEBUG:colcon.colcon_parallel_executor.executor.parallel:run_until_complete finished with '0'
[0.825s] DEBUG:colcon.colcon_core.event_reactor:joining thread
[0.838s] INFO:colcon.colcon_core.plugin_system:Skipping extension 'colcon_notification.desktop_notification.terminal_notifier': Not used on non-Darwin systems
[0.838s] INFO:colcon.colcon_core.plugin_system:Skipping extension 'colcon_notification.desktop_notification.win32': Not used on non-Windows systems
[0.838s] INFO:colcon.colcon_notification.desktop_notification:Sending desktop notification using 'notify2'
[0.845s] DEBUG:colcon.colcon_core.event_reactor:joined thread
[0.845s] INFO:colcon.colcon_core.shell:Creating prefix script '/home/GTL/apaul/ros2_hw1/install/local_setup.ps1'
[0.848s] INFO:colcon.colcon_core.shell:Creating prefix util module '/home/GTL/apaul/ros2_hw1/install/_local_setup_util_ps1.py'
[0.850s] INFO:colcon.colcon_core.shell:Creating prefix chain script '/home/GTL/apaul/ros2_hw1/install/setup.ps1'
[0.852s] INFO:colcon.colcon_core.shell:Creating prefix script '/home/GTL/apaul/ros2_hw1/install/local_setup.sh'
[0.854s] INFO:colcon.colcon_core.shell:Creating prefix util module '/home/GTL/apaul/ros2_hw1/install/_local_setup_util_sh.py'
[0.856s] INFO:colcon.colcon_core.shell:Creating prefix chain script '/home/GTL/apaul/ros2_hw1/install/setup.sh'
[0.858s] INFO:colcon.colcon_core.shell:Creating prefix script '/home/GTL/apaul/ros2_hw1/install/local_setup.bash'
[0.860s] INFO:colcon.colcon_core.shell:Creating prefix chain script '/home/GTL/apaul/ros2_hw1/install/setup.bash'
[0.863s] INFO:colcon.colcon_core.shell:Creating prefix script '/home/GTL/apaul/ros2_hw1/install/local_setup.zsh'
[0.865s] INFO:colcon.colcon_core.shell:Creating prefix chain script '/home/GTL/apaul/ros2_hw1/install/setup.zsh'
