[1.485s] Invoking command in '/home/GTL/apaul/ros2_hw1/src/ros_task_manager/src/task_manager_client_py': AMENT_PREFIX_PATH=/home/GTL/apaul/ros2_hw1/install/task_manager_msgs:${AMENT_PREFIX_PATH} CMAKE_PREFIX_PATH=/home/GTL/apaul/ros2_hw1/install/task_manager_msgs LD_LIBRARY_PATH=/home/GTL/apaul/ros2_hw1/install/task_manager_msgs/lib:${LD_LIBRARY_PATH} PYTHONPATH=/home/GTL/apaul/ros2_hw1/build/task_manager_client_py/prefix_override:/usr/lib/python3/dist-packages/colcon_core/task/python/colcon_distutils_commands:/home/GTL/apaul/ros2_hw1/install/task_manager_client_py/lib/python3.10/site-packages:/home/GTL/apaul/ros2_hw1/install/task_manager_msgs/local/lib/python3.10/dist-packages:${PYTHONPATH} /usr/bin/python3 -W ignore:setup.py install is deprecated setup.py egg_info --egg-base ../../../../build/task_manager_client_py build --build-base /home/GTL/apaul/ros2_hw1/build/task_manager_client_py/build install --record /home/GTL/apaul/ros2_hw1/build/task_manager_client_py/install.log --install-scripts $base/lib/task_manager_client_py --single-version-externally-managed install_data
[1.694s] /usr/lib/python3/dist-packages/setuptools/dist.py:723: UserWarning: Usage of dash-separated 'script-dir' will not be supported in future versions. Please use the underscore name 'script_dir' instead
[1.694s]   warnings.warn(
[1.704s] running egg_info
[1.705s] writing ../../../../build/task_manager_client_py/task_manager_client_py.egg-info/PKG-INFO
[1.706s] writing dependency_links to ../../../../build/task_manager_client_py/task_manager_client_py.egg-info/dependency_links.txt
[1.708s] writing entry points to ../../../../build/task_manager_client_py/task_manager_client_py.egg-info/entry_points.txt
[1.709s] writing requirements to ../../../../build/task_manager_client_py/task_manager_client_py.egg-info/requires.txt
[1.710s] writing top-level names to ../../../../build/task_manager_client_py/task_manager_client_py.egg-info/top_level.txt
[1.714s] reading manifest file '../../../../build/task_manager_client_py/task_manager_client_py.egg-info/SOURCES.txt'
[1.716s] writing manifest file '../../../../build/task_manager_client_py/task_manager_client_py.egg-info/SOURCES.txt'
[1.717s] running build
[1.717s] running build_py
[1.718s] running build_scripts
[1.718s] running install
[1.718s] running install_lib
[1.720s] running install_data
[1.720s] running install_egg_info
[1.721s] removing '/home/GTL/apaul/ros2_hw1/install/task_manager_client_py/lib/python3.10/site-packages/task_manager_client_py-0.0.0-py3.10.egg-info' (and everything under it)
[1.725s] Copying ../../../../build/task_manager_client_py/task_manager_client_py.egg-info to /home/GTL/apaul/ros2_hw1/install/task_manager_client_py/lib/python3.10/site-packages/task_manager_client_py-0.0.0-py3.10.egg-info
[1.751s] running install_scripts
[1.764s] changing mode of /home/GTL/apaul/ros2_hw1/install/task_manager_client_py/lib/task_manager_client_py/console to 755
[1.765s] changing mode of /home/GTL/apaul/ros2_hw1/install/task_manager_client_py/lib/task_manager_client_py/console.py to 775
[1.766s] Installing tasklist script to /home/GTL/apaul/ros2_hw1/install/task_manager_client_py/lib/task_manager_client_py
[1.768s] writing list of installed files to '/home/GTL/apaul/ros2_hw1/build/task_manager_client_py/install.log'
[1.816s] Invoked command in '/home/GTL/apaul/ros2_hw1/src/ros_task_manager/src/task_manager_client_py' returned '0': AMENT_PREFIX_PATH=/home/GTL/apaul/ros2_hw1/install/task_manager_msgs:${AMENT_PREFIX_PATH} CMAKE_PREFIX_PATH=/home/GTL/apaul/ros2_hw1/install/task_manager_msgs LD_LIBRARY_PATH=/home/GTL/apaul/ros2_hw1/install/task_manager_msgs/lib:${LD_LIBRARY_PATH} PYTHONPATH=/home/GTL/apaul/ros2_hw1/build/task_manager_client_py/prefix_override:/usr/lib/python3/dist-packages/colcon_core/task/python/colcon_distutils_commands:/home/GTL/apaul/ros2_hw1/install/task_manager_client_py/lib/python3.10/site-packages:/home/GTL/apaul/ros2_hw1/install/task_manager_msgs/local/lib/python3.10/dist-packages:${PYTHONPATH} /usr/bin/python3 -W ignore:setup.py install is deprecated setup.py egg_info --egg-base ../../../../build/task_manager_client_py build --build-base /home/GTL/apaul/ros2_hw1/build/task_manager_client_py/build install --record /home/GTL/apaul/ros2_hw1/build/task_manager_client_py/install.log --install-scripts $base/lib/task_manager_client_py --single-version-externally-managed install_data
