[0.094s] Invoking command in '/home/GTL/pcastere/ros_hw1/ros2_hw1/build/floor_nav': CMAKE_PREFIX_PATH=/home/GTL/pcastere/ros_hw1/ros2_hw1/install/task_manager_nav2:/home/GTL/pcastere/ros_hw1/ros2_hw1/install/task_manager_lib:/home/GTL/pcastere/ros_hw1/ros2_hw1/install/task_manager_msgs:/home/GTL/pcastere/ros_hw1/ros2_hw1/install/face_msg:/home/GTL/pcastere/ros_hw1/ros2_hw1/install/cs7630_msgs:/home/GTL/pcastere/ros_hw1/ros2_hw1/install/vrep4_helpers:/home/GTL/pcastere/ros_hw1/ros2_hw1/install/task_manager_sync:/home/GTL/pcastere/ros_hw1/ros2_hw1/install/floor_nav:/home/GTL/pcastere/ros_hw1/ros2_hw1/install/joy_pack:/home/GTL/pcastere/ros_hw1/ros2_hw1/install/collision_avoidance_base:/home/GTL/pcastere/ros_hw1/ros2_hw1/install/vrep_ros_teleop:/home/GTL/pcastere/ros_hw1/ros2_hw1/install/task_manager_client_py:/home/GTL/pcastere/ros_hw1/ros2_hw1/install/rover_driver_base:/home/GTL/pcastere/ros_hw1/ros2_hw1/install/keyboard_teleop:/home/GTL/pcastere/ros_hw1/ros2_hw1/install/face_detect_base:/home/GTL/pcastere/ros_hw1/ros2_hw1/install/button_server:/opt/ros/humble LD_LIBRARY_PATH=/home/GTL/pcastere/ros_hw1/ros2_hw1/install/task_manager_lib/lib:/home/GTL/pcastere/ros_hw1/ros2_hw1/install/task_manager_msgs/lib:/home/GTL/pcastere/ros_hw1/ros2_hw1/install/face_msg/lib:/home/GTL/pcastere/ros_hw1/ros2_hw1/install/cs7630_msgs/lib:/home/GTL/pcastere/ros_hw1/ros2_hw1/install/task_manager_sync/lib:/usr/lib/x86_64-linux-gnu/gazebo-11/plugins:/opt/ros/humble/opt/rviz_ogre_vendor/lib:/opt/ros/humble/lib/x86_64-linux-gnu:/opt/ros/humble/lib /usr/bin/cmake --build /home/GTL/pcastere/ros_hw1/ros2_hw1/build/floor_nav -- -j16 -l16
[0.220s] [35m[1mConsolidate compiler generated dependencies of target floornav_TaskGoToPose[0m
[0.241s] [ 19%] Built target floornav_TaskStareAtFace
[0.242s] [ 19%] Built target floornav_TaskSetHeading
[0.242s] [ 29%] Built target floornav_TaskTrigger
[0.258s] [ 64%] Built target floornav_TaskNav2
[0.258s] [ 64%] Built target floornav_TaskConstant
[0.258s] [ 74%] Built target floornav_TaskWaitForROI
[0.259s] [ 64%] Built target floornav_TaskGoTo
[0.259s] [ 74%] Built target floornav_task_server
[0.259s] [ 64%] Built target floornav_TaskSetMux
[0.259s] [ 74%] Built target floornav_TaskWander
[0.259s] [ 74%] Built target floornav_TaskAutoDock
[0.267s] [ 83%] Built target floornav_TaskSetBool
[0.269s] [ 87%] Built target floornav_TaskPlanTo
[0.274s] [ 93%] Built target floornav_TaskWaitForFace
[0.292s] [ 96%] [32mBuilding CXX object CMakeFiles/floornav_TaskGoToPose.dir/tasks/TaskGoToPose.cpp.o[0m
[6.878s] [100%] [32m[1mLinking CXX shared library libfloornav_TaskGoToPose.so[0m
[13.540s] [100%] Built target floornav_TaskGoToPose
[13.561s] Invoked command in '/home/GTL/pcastere/ros_hw1/ros2_hw1/build/floor_nav' returned '0': CMAKE_PREFIX_PATH=/home/GTL/pcastere/ros_hw1/ros2_hw1/install/task_manager_nav2:/home/GTL/pcastere/ros_hw1/ros2_hw1/install/task_manager_lib:/home/GTL/pcastere/ros_hw1/ros2_hw1/install/task_manager_msgs:/home/GTL/pcastere/ros_hw1/ros2_hw1/install/face_msg:/home/GTL/pcastere/ros_hw1/ros2_hw1/install/cs7630_msgs:/home/GTL/pcastere/ros_hw1/ros2_hw1/install/vrep4_helpers:/home/GTL/pcastere/ros_hw1/ros2_hw1/install/task_manager_sync:/home/GTL/pcastere/ros_hw1/ros2_hw1/install/floor_nav:/home/GTL/pcastere/ros_hw1/ros2_hw1/install/joy_pack:/home/GTL/pcastere/ros_hw1/ros2_hw1/install/collision_avoidance_base:/home/GTL/pcastere/ros_hw1/ros2_hw1/install/vrep_ros_teleop:/home/GTL/pcastere/ros_hw1/ros2_hw1/install/task_manager_client_py:/home/GTL/pcastere/ros_hw1/ros2_hw1/install/rover_driver_base:/home/GTL/pcastere/ros_hw1/ros2_hw1/install/keyboard_teleop:/home/GTL/pcastere/ros_hw1/ros2_hw1/install/face_detect_base:/home/GTL/pcastere/ros_hw1/ros2_hw1/install/button_server:/opt/ros/humble LD_LIBRARY_PATH=/home/GTL/pcastere/ros_hw1/ros2_hw1/install/task_manager_lib/lib:/home/GTL/pcastere/ros_hw1/ros2_hw1/install/task_manager_msgs/lib:/home/GTL/pcastere/ros_hw1/ros2_hw1/install/face_msg/lib:/home/GTL/pcastere/ros_hw1/ros2_hw1/install/cs7630_msgs/lib:/home/GTL/pcastere/ros_hw1/ros2_hw1/install/task_manager_sync/lib:/usr/lib/x86_64-linux-gnu/gazebo-11/plugins:/opt/ros/humble/opt/rviz_ogre_vendor/lib:/opt/ros/humble/lib/x86_64-linux-gnu:/opt/ros/humble/lib /usr/bin/cmake --build /home/GTL/pcastere/ros_hw1/ros2_hw1/build/floor_nav -- -j16 -l16
[13.643s] Invoking command in '/home/GTL/pcastere/ros_hw1/ros2_hw1/build/floor_nav': CMAKE_PREFIX_PATH=/home/GTL/pcastere/ros_hw1/ros2_hw1/install/task_manager_nav2:/home/GTL/pcastere/ros_hw1/ros2_hw1/install/task_manager_lib:/home/GTL/pcastere/ros_hw1/ros2_hw1/install/task_manager_msgs:/home/GTL/pcastere/ros_hw1/ros2_hw1/install/face_msg:/home/GTL/pcastere/ros_hw1/ros2_hw1/install/cs7630_msgs:/home/GTL/pcastere/ros_hw1/ros2_hw1/install/vrep4_helpers:/home/GTL/pcastere/ros_hw1/ros2_hw1/install/task_manager_sync:/home/GTL/pcastere/ros_hw1/ros2_hw1/install/floor_nav:/home/GTL/pcastere/ros_hw1/ros2_hw1/install/joy_pack:/home/GTL/pcastere/ros_hw1/ros2_hw1/install/collision_avoidance_base:/home/GTL/pcastere/ros_hw1/ros2_hw1/install/vrep_ros_teleop:/home/GTL/pcastere/ros_hw1/ros2_hw1/install/task_manager_client_py:/home/GTL/pcastere/ros_hw1/ros2_hw1/install/rover_driver_base:/home/GTL/pcastere/ros_hw1/ros2_hw1/install/keyboard_teleop:/home/GTL/pcastere/ros_hw1/ros2_hw1/install/face_detect_base:/home/GTL/pcastere/ros_hw1/ros2_hw1/install/button_server:/opt/ros/humble LD_LIBRARY_PATH=/home/GTL/pcastere/ros_hw1/ros2_hw1/install/task_manager_lib/lib:/home/GTL/pcastere/ros_hw1/ros2_hw1/install/task_manager_msgs/lib:/home/GTL/pcastere/ros_hw1/ros2_hw1/install/face_msg/lib:/home/GTL/pcastere/ros_hw1/ros2_hw1/install/cs7630_msgs/lib:/home/GTL/pcastere/ros_hw1/ros2_hw1/install/task_manager_sync/lib:/usr/lib/x86_64-linux-gnu/gazebo-11/plugins:/opt/ros/humble/opt/rviz_ogre_vendor/lib:/opt/ros/humble/lib/x86_64-linux-gnu:/opt/ros/humble/lib /usr/bin/cmake --install /home/GTL/pcastere/ros_hw1/ros2_hw1/build/floor_nav
[13.648s] -- Install configuration: ""
[13.650s] -- Up-to-date: /home/GTL/pcastere/ros_hw1/ros2_hw1/install/floor_nav/lib/floor_nav/floornav_task_server
[13.652s] -- Up-to-date: /home/GTL/pcastere/ros_hw1/ros2_hw1/install/floor_nav/lib/floor_nav/libfloornav_TaskAutoDock.so
[13.655s] -- Up-to-date: /home/GTL/pcastere/ros_hw1/ros2_hw1/install/floor_nav/lib/floor_nav/libfloornav_TaskWaitForROI.so
[13.656s] -- Up-to-date: /home/GTL/pcastere/ros_hw1/ros2_hw1/install/floor_nav/lib/floor_nav/libfloornav_TaskWander.so
[13.660s] -- Up-to-date: /home/GTL/pcastere/ros_hw1/ros2_hw1/install/floor_nav/lib/floor_nav/libfloornav_TaskSetHeading.so
[13.662s] -- Up-to-date: /home/GTL/pcastere/ros_hw1/ros2_hw1/install/floor_nav/lib/floor_nav/libfloornav_TaskPlanTo.so
[13.664s] -- Up-to-date: /home/GTL/pcastere/ros_hw1/ros2_hw1/install/floor_nav/lib/floor_nav/libfloornav_TaskGoTo.so
[13.666s] -- Up-to-date: /home/GTL/pcastere/ros_hw1/ros2_hw1/install/floor_nav/lib/floor_nav/libfloornav_TaskConstant.so
[13.667s] -- Up-to-date: /home/GTL/pcastere/ros_hw1/ros2_hw1/install/floor_nav/lib/floor_nav/libfloornav_TaskTrigger.so
[13.670s] -- Up-to-date: /home/GTL/pcastere/ros_hw1/ros2_hw1/install/floor_nav/lib/floor_nav/libfloornav_TaskSetBool.so
[13.672s] -- Up-to-date: /home/GTL/pcastere/ros_hw1/ros2_hw1/install/floor_nav/lib/floor_nav/libfloornav_TaskSetMux.so
[13.675s] -- Up-to-date: /home/GTL/pcastere/ros_hw1/ros2_hw1/install/floor_nav/lib/floor_nav/libfloornav_TaskNav2.so
[13.677s] -- Up-to-date: /home/GTL/pcastere/ros_hw1/ros2_hw1/install/floor_nav/lib/floor_nav/libfloornav_TaskWaitForFace.so
[13.679s] -- Up-to-date: /home/GTL/pcastere/ros_hw1/ros2_hw1/install/floor_nav/lib/floor_nav/libfloornav_TaskStareAtFace.so
[13.681s] -- Installing: /home/GTL/pcastere/ros_hw1/ros2_hw1/install/floor_nav/lib/floor_nav/libfloornav_TaskGoToPose.so
[13.720s] -- Set runtime path of "/home/GTL/pcastere/ros_hw1/ros2_hw1/install/floor_nav/lib/floor_nav/libfloornav_TaskGoToPose.so" to ""
[13.721s] -- Up-to-date: /home/GTL/pcastere/ros_hw1/ros2_hw1/install/floor_nav/share/floor_nav
[13.722s] -- Up-to-date: /home/GTL/pcastere/ros_hw1/ros2_hw1/install/floor_nav/share/floor_nav/launch_server_tb.launch.py
[13.723s] -- Up-to-date: /home/GTL/pcastere/ros_hw1/ros2_hw1/install/floor_nav/share/floor_nav/launch_rover.launch.py
[13.724s] -- Up-to-date: /home/GTL/pcastere/ros_hw1/ros2_hw1/install/floor_nav/share/floor_nav/launch_server_tb.launch
[13.725s] -- Up-to-date: /home/GTL/pcastere/ros_hw1/ros2_hw1/install/floor_nav/share/floor_nav/__pycache__
[13.727s] -- Up-to-date: /home/GTL/pcastere/ros_hw1/ros2_hw1/install/floor_nav/share/floor_nav/__pycache__/launch_rover.launch.cpython-310.pyc
[13.728s] -- Up-to-date: /home/GTL/pcastere/ros_hw1/ros2_hw1/install/floor_nav/share/floor_nav/__pycache__/launch_server_tb.launch.cpython-310.pyc
[13.729s] -- Up-to-date: /home/GTL/pcastere/ros_hw1/ros2_hw1/install/floor_nav/share/floor_nav/launch_server.launch
[13.730s] -- Up-to-date: /home/GTL/pcastere/ros_hw1/ros2_hw1/install/floor_nav/lib/floor_nav/graph_forever.py
[13.731s] -- Up-to-date: /home/GTL/pcastere/ros_hw1/ros2_hw1/install/floor_nav/lib/floor_nav/test_goto.py
[13.732s] -- Up-to-date: /home/GTL/pcastere/ros_hw1/ros2_hw1/install/floor_nav/lib/floor_nav/test_graph_2d.py
[13.732s] -- Up-to-date: /home/GTL/pcastere/ros_hw1/ros2_hw1/install/floor_nav/lib/floor_nav/test_graph.py
[13.733s] -- Up-to-date: /home/GTL/pcastere/ros_hw1/ros2_hw1/install/floor_nav/lib/floor_nav/test_graph-test.py
[13.734s] -- Up-to-date: /home/GTL/pcastere/ros_hw1/ros2_hw1/install/floor_nav/lib/floor_nav/test_planto.py
[13.735s] -- Up-to-date: /home/GTL/pcastere/ros_hw1/ros2_hw1/install/floor_nav/lib/floor_nav/test_set_heading.py
[13.736s] -- Up-to-date: /home/GTL/pcastere/ros_hw1/ros2_hw1/install/floor_nav/lib/floor_nav/test_wander.py
[13.736s] -- Up-to-date: /home/GTL/pcastere/ros_hw1/ros2_hw1/install/floor_nav/share/ament_index/resource_index/package_run_dependencies/floor_nav
[13.737s] -- Up-to-date: /home/GTL/pcastere/ros_hw1/ros2_hw1/install/floor_nav/share/ament_index/resource_index/parent_prefix_path/floor_nav
[13.739s] -- Up-to-date: /home/GTL/pcastere/ros_hw1/ros2_hw1/install/floor_nav/share/floor_nav/environment/ament_prefix_path.sh
[13.740s] -- Up-to-date: /home/GTL/pcastere/ros_hw1/ros2_hw1/install/floor_nav/share/floor_nav/environment/ament_prefix_path.dsv
[13.741s] -- Up-to-date: /home/GTL/pcastere/ros_hw1/ros2_hw1/install/floor_nav/share/floor_nav/environment/path.sh
[13.742s] -- Up-to-date: /home/GTL/pcastere/ros_hw1/ros2_hw1/install/floor_nav/share/floor_nav/environment/path.dsv
[13.743s] -- Up-to-date: /home/GTL/pcastere/ros_hw1/ros2_hw1/install/floor_nav/share/floor_nav/local_setup.bash
[13.743s] -- Up-to-date: /home/GTL/pcastere/ros_hw1/ros2_hw1/install/floor_nav/share/floor_nav/local_setup.sh
[13.744s] -- Up-to-date: /home/GTL/pcastere/ros_hw1/ros2_hw1/install/floor_nav/share/floor_nav/local_setup.zsh
[13.745s] -- Up-to-date: /home/GTL/pcastere/ros_hw1/ros2_hw1/install/floor_nav/share/floor_nav/local_setup.dsv
[13.746s] -- Installing: /home/GTL/pcastere/ros_hw1/ros2_hw1/install/floor_nav/share/floor_nav/package.dsv
[13.752s] -- Up-to-date: /home/GTL/pcastere/ros_hw1/ros2_hw1/install/floor_nav/share/ament_index/resource_index/packages/floor_nav
[13.753s] -- Up-to-date: /home/GTL/pcastere/ros_hw1/ros2_hw1/install/floor_nav/share/floor_nav/cmake/floor_navConfig.cmake
[13.754s] -- Up-to-date: /home/GTL/pcastere/ros_hw1/ros2_hw1/install/floor_nav/share/floor_nav/cmake/floor_navConfig-version.cmake
[13.755s] -- Up-to-date: /home/GTL/pcastere/ros_hw1/ros2_hw1/install/floor_nav/share/floor_nav/package.xml
[13.758s] Invoked command in '/home/GTL/pcastere/ros_hw1/ros2_hw1/build/floor_nav' returned '0': CMAKE_PREFIX_PATH=/home/GTL/pcastere/ros_hw1/ros2_hw1/install/task_manager_nav2:/home/GTL/pcastere/ros_hw1/ros2_hw1/install/task_manager_lib:/home/GTL/pcastere/ros_hw1/ros2_hw1/install/task_manager_msgs:/home/GTL/pcastere/ros_hw1/ros2_hw1/install/face_msg:/home/GTL/pcastere/ros_hw1/ros2_hw1/install/cs7630_msgs:/home/GTL/pcastere/ros_hw1/ros2_hw1/install/vrep4_helpers:/home/GTL/pcastere/ros_hw1/ros2_hw1/install/task_manager_sync:/home/GTL/pcastere/ros_hw1/ros2_hw1/install/floor_nav:/home/GTL/pcastere/ros_hw1/ros2_hw1/install/joy_pack:/home/GTL/pcastere/ros_hw1/ros2_hw1/install/collision_avoidance_base:/home/GTL/pcastere/ros_hw1/ros2_hw1/install/vrep_ros_teleop:/home/GTL/pcastere/ros_hw1/ros2_hw1/install/task_manager_client_py:/home/GTL/pcastere/ros_hw1/ros2_hw1/install/rover_driver_base:/home/GTL/pcastere/ros_hw1/ros2_hw1/install/keyboard_teleop:/home/GTL/pcastere/ros_hw1/ros2_hw1/install/face_detect_base:/home/GTL/pcastere/ros_hw1/ros2_hw1/install/button_server:/opt/ros/humble LD_LIBRARY_PATH=/home/GTL/pcastere/ros_hw1/ros2_hw1/install/task_manager_lib/lib:/home/GTL/pcastere/ros_hw1/ros2_hw1/install/task_manager_msgs/lib:/home/GTL/pcastere/ros_hw1/ros2_hw1/install/face_msg/lib:/home/GTL/pcastere/ros_hw1/ros2_hw1/install/cs7630_msgs/lib:/home/GTL/pcastere/ros_hw1/ros2_hw1/install/task_manager_sync/lib:/usr/lib/x86_64-linux-gnu/gazebo-11/plugins:/opt/ros/humble/opt/rviz_ogre_vendor/lib:/opt/ros/humble/lib/x86_64-linux-gnu:/opt/ros/humble/lib /usr/bin/cmake --install /home/GTL/pcastere/ros_hw1/ros2_hw1/build/floor_nav
