[0.903s] Invoking command in '/home/GTL/pcastere/ros_hw1/ros2_hw1/build/joy_pack': CMAKE_PREFIX_PATH=${CMAKE_PREFIX_PATH}:/home/GTL/pcastere/ros_hw1/ros2_hw1/install/vrep_ros_teleop:/home/GTL/pcastere/ros_hw1/ros2_hw1/install/task_manager_client_py:/home/GTL/pcastere/ros_hw1/ros2_hw1/install/ar_slam_base:/home/GTL/pcastere/ros_hw1/ros2_hw1/install/ar_loc_base:/home/GTL/pcastere/ros_hw1/ros2_hw1/install/rover_driver_base:/home/GTL/pcastere/ros_hw1/ros2_hw1/install/keyboard_teleop:/home/GTL/pcastere/ros_hw1/ros2_hw1/install/face_detect_base:/home/GTL/pcastere/ros_hw1/ros2_hw1/install/button_server:/home/GTL/pcastere/ros_hw1/ros2_hw1/install/ar_mapping_base:/opt/ros/humble /usr/bin/cmake --build /home/GTL/pcastere/ros_hw1/ros2_hw1/build/joy_pack -- -j16 -l16
[1.155s] [100%] Built target joy_node
[1.411s] Invoked command in '/home/GTL/pcastere/ros_hw1/ros2_hw1/build/joy_pack' returned '0': CMAKE_PREFIX_PATH=${CMAKE_PREFIX_PATH}:/home/GTL/pcastere/ros_hw1/ros2_hw1/install/vrep_ros_teleop:/home/GTL/pcastere/ros_hw1/ros2_hw1/install/task_manager_client_py:/home/GTL/pcastere/ros_hw1/ros2_hw1/install/ar_slam_base:/home/GTL/pcastere/ros_hw1/ros2_hw1/install/ar_loc_base:/home/GTL/pcastere/ros_hw1/ros2_hw1/install/rover_driver_base:/home/GTL/pcastere/ros_hw1/ros2_hw1/install/keyboard_teleop:/home/GTL/pcastere/ros_hw1/ros2_hw1/install/face_detect_base:/home/GTL/pcastere/ros_hw1/ros2_hw1/install/button_server:/home/GTL/pcastere/ros_hw1/ros2_hw1/install/ar_mapping_base:/opt/ros/humble /usr/bin/cmake --build /home/GTL/pcastere/ros_hw1/ros2_hw1/build/joy_pack -- -j16 -l16
[1.450s] Invoking command in '/home/GTL/pcastere/ros_hw1/ros2_hw1/build/joy_pack': CMAKE_PREFIX_PATH=${CMAKE_PREFIX_PATH}:/home/GTL/pcastere/ros_hw1/ros2_hw1/install/vrep_ros_teleop:/home/GTL/pcastere/ros_hw1/ros2_hw1/install/task_manager_client_py:/home/GTL/pcastere/ros_hw1/ros2_hw1/install/ar_slam_base:/home/GTL/pcastere/ros_hw1/ros2_hw1/install/ar_loc_base:/home/GTL/pcastere/ros_hw1/ros2_hw1/install/rover_driver_base:/home/GTL/pcastere/ros_hw1/ros2_hw1/install/keyboard_teleop:/home/GTL/pcastere/ros_hw1/ros2_hw1/install/face_detect_base:/home/GTL/pcastere/ros_hw1/ros2_hw1/install/button_server:/home/GTL/pcastere/ros_hw1/ros2_hw1/install/ar_mapping_base:/opt/ros/humble /usr/bin/cmake --install /home/GTL/pcastere/ros_hw1/ros2_hw1/build/joy_pack
[1.456s] -- Install configuration: ""
[1.459s] -- Up-to-date: /home/GTL/pcastere/ros_hw1/ros2_hw1/install/joy_pack/lib/joy_pack/joy_node
[1.460s] -- Up-to-date: /home/GTL/pcastere/ros_hw1/ros2_hw1/install/joy_pack/share/ament_index/resource_index/package_run_dependencies/joy_pack
[1.460s] -- Up-to-date: /home/GTL/pcastere/ros_hw1/ros2_hw1/install/joy_pack/share/ament_index/resource_index/parent_prefix_path/joy_pack
[1.460s] -- Up-to-date: /home/GTL/pcastere/ros_hw1/ros2_hw1/install/joy_pack/share/joy_pack/environment/ament_prefix_path.sh
[1.460s] -- Up-to-date: /home/GTL/pcastere/ros_hw1/ros2_hw1/install/joy_pack/share/joy_pack/environment/ament_prefix_path.dsv
[1.460s] -- Up-to-date: /home/GTL/pcastere/ros_hw1/ros2_hw1/install/joy_pack/share/joy_pack/environment/path.sh
[1.461s] -- Up-to-date: /home/GTL/pcastere/ros_hw1/ros2_hw1/install/joy_pack/share/joy_pack/environment/path.dsv
[1.461s] -- Up-to-date: /home/GTL/pcastere/ros_hw1/ros2_hw1/install/joy_pack/share/joy_pack/local_setup.bash
[1.465s] -- Up-to-date: /home/GTL/pcastere/ros_hw1/ros2_hw1/install/joy_pack/share/joy_pack/local_setup.sh
[1.465s] -- Up-to-date: /home/GTL/pcastere/ros_hw1/ros2_hw1/install/joy_pack/share/joy_pack/local_setup.zsh
[1.465s] -- Up-to-date: /home/GTL/pcastere/ros_hw1/ros2_hw1/install/joy_pack/share/joy_pack/local_setup.dsv
[1.465s] -- Installing: /home/GTL/pcastere/ros_hw1/ros2_hw1/install/joy_pack/share/joy_pack/package.dsv
[1.467s] -- Up-to-date: /home/GTL/pcastere/ros_hw1/ros2_hw1/install/joy_pack/share/ament_index/resource_index/packages/joy_pack
[1.468s] -- Up-to-date: /home/GTL/pcastere/ros_hw1/ros2_hw1/install/joy_pack/share/joy_pack/cmake/joy_packConfig.cmake
[1.468s] -- Up-to-date: /home/GTL/pcastere/ros_hw1/ros2_hw1/install/joy_pack/share/joy_pack/cmake/joy_packConfig-version.cmake
[1.468s] -- Up-to-date: /home/GTL/pcastere/ros_hw1/ros2_hw1/install/joy_pack/share/joy_pack/package.xml
[1.471s] Invoked command in '/home/GTL/pcastere/ros_hw1/ros2_hw1/build/joy_pack' returned '0': CMAKE_PREFIX_PATH=${CMAKE_PREFIX_PATH}:/home/GTL/pcastere/ros_hw1/ros2_hw1/install/vrep_ros_teleop:/home/GTL/pcastere/ros_hw1/ros2_hw1/install/task_manager_client_py:/home/GTL/pcastere/ros_hw1/ros2_hw1/install/ar_slam_base:/home/GTL/pcastere/ros_hw1/ros2_hw1/install/ar_loc_base:/home/GTL/pcastere/ros_hw1/ros2_hw1/install/rover_driver_base:/home/GTL/pcastere/ros_hw1/ros2_hw1/install/keyboard_teleop:/home/GTL/pcastere/ros_hw1/ros2_hw1/install/face_detect_base:/home/GTL/pcastere/ros_hw1/ros2_hw1/install/button_server:/home/GTL/pcastere/ros_hw1/ros2_hw1/install/ar_mapping_base:/opt/ros/humble /usr/bin/cmake --install /home/GTL/pcastere/ros_hw1/ros2_hw1/build/joy_pack
