[0.827s] Invoking command in '/home/GTL/pcastere/ros_hw1/ros2_hw1/src/ar_loc_base': AMENT_PREFIX_PATH=/home/GTL/pcastere/ros_hw1/ros2_hw1/install/rover_driver_base:/home/GTL/pcastere/ros_hw1/ros2_hw1/install/vrep_ros_teleop:/home/GTL/pcastere/ros_hw1/ros2_hw1/install/vrep4_helpers:/home/GTL/pcastere/ros_hw1/ros2_hw1/install/task_manager_sync:/home/GTL/pcastere/ros_hw1/ros2_hw1/install/floor_nav:/home/GTL/pcastere/ros_hw1/ros2_hw1/install/task_manager_nav2:/home/GTL/pcastere/ros_hw1/ros2_hw1/install/task_manager_lib:/home/GTL/pcastere/ros_hw1/ros2_hw1/install/task_manager_client_py:/home/GTL/pcastere/ros_hw1/ros2_hw1/install/task_manager_msgs:/home/GTL/pcastere/ros_hw1/ros2_hw1/install/ar_slam_base:/home/GTL/pcastere/ros_hw1/ros2_hw1/install/ar_loc_base:/home/GTL/pcastere/ros_hw1/ros2_hw1/install/keyboard_teleop:/home/GTL/pcastere/ros_hw1/ros2_hw1/install/joy_pack:/home/GTL/pcastere/ros_hw1/ros2_hw1/install/face_msg:/home/GTL/pcastere/ros_hw1/ros2_hw1/install/face_detect_base:/home/GTL/pcastere/ros_hw1/ros2_hw1/install/cs7630_msgs:/home/GTL/pcastere/ros_hw1/ros2_hw1/install/collision_avoidance_base:/home/GTL/pcastere/ros_hw1/ros2_hw1/install/button_server:/home/GTL/pcastere/ros_hw1/ros2_hw1/install/ar_mapping_base:/opt/ros/humble PYTHONPATH=/home/GTL/pcastere/ros_hw1/ros2_hw1/build/ar_loc_base/prefix_override:/usr/lib/python3/dist-packages/colcon_core/task/python/colcon_distutils_commands:/home/GTL/pcastere/ros_hw1/ros2_hw1/install/ar_loc_base/lib/python3.10/site-packages:/home/GTL/pcastere/ros_hw1/ros2_hw1/install/rover_driver_base/lib/python3.10/site-packages:/home/GTL/pcastere/ros_hw1/ros2_hw1/install/vrep_ros_teleop/lib/python3.10/site-packages:/home/GTL/pcastere/ros_hw1/ros2_hw1/install/task_manager_client_py/lib/python3.10/site-packages:/home/GTL/pcastere/ros_hw1/ros2_hw1/install/task_manager_msgs/local/lib/python3.10/dist-packages:/home/GTL/pcastere/ros_hw1/ros2_hw1/install/ar_slam_base/lib/python3.10/site-packages:/home/GTL/pcastere/ros_hw1/ros2_hw1/install/ar_loc_base/lib/python3.10/site-packages:/home/GTL/pcastere/ros_hw1/ros2_hw1/install/keyboard_teleop/lib/python3.10/site-packages:/home/GTL/pcastere/ros_hw1/ros2_hw1/install/face_msg/local/lib/python3.10/dist-packages:/home/GTL/pcastere/ros_hw1/ros2_hw1/install/face_detect_base/lib/python3.10/site-packages:/home/GTL/pcastere/ros_hw1/ros2_hw1/install/cs7630_msgs/local/lib/python3.10/dist-packages:/home/GTL/pcastere/ros_hw1/ros2_hw1/install/button_server/lib/python3.10/site-packages:/home/GTL/pcastere/ros_hw1/ros2_hw1/install/ar_mapping_base/lib/python3.10/site-packages:/opt/ros/humble/lib/python3.10/site-packages:/opt/ros/humble/local/lib/python3.10/dist-packages /usr/bin/python3 -W ignore:setup.py install is deprecated setup.py egg_info --egg-base ../../build/ar_loc_base build --build-base /home/GTL/pcastere/ros_hw1/ros2_hw1/build/ar_loc_base/build install --record /home/GTL/pcastere/ros_hw1/ros2_hw1/build/ar_loc_base/install.log --single-version-externally-managed install_data
[1.073s] running egg_info
[1.074s] writing ../../build/ar_loc_base/ar_loc_base.egg-info/PKG-INFO
[1.075s] writing dependency_links to ../../build/ar_loc_base/ar_loc_base.egg-info/dependency_links.txt
[1.076s] writing entry points to ../../build/ar_loc_base/ar_loc_base.egg-info/entry_points.txt
[1.077s] writing requirements to ../../build/ar_loc_base/ar_loc_base.egg-info/requires.txt
[1.077s] writing top-level names to ../../build/ar_loc_base/ar_loc_base.egg-info/top_level.txt
[1.081s] reading manifest file '../../build/ar_loc_base/ar_loc_base.egg-info/SOURCES.txt'
[1.082s] writing manifest file '../../build/ar_loc_base/ar_loc_base.egg-info/SOURCES.txt'
[1.083s] running build
[1.083s] running build_py
[1.084s] running install
[1.084s] running install_lib
[1.086s] byte-compiling /home/GTL/pcastere/ros_hw1/ros2_hw1/install/ar_loc_base/lib/python3.10/site-packages/ar_loc_base/rover_kf.py to rover_kf.cpython-310.pyc
[1.086s] running install_data
[1.087s]   File "/home/GTL/pcastere/ros_hw1/ros2_hw1/install/ar_loc_base/lib/python3.10/site-packages/ar_loc_base/rover_kf.py", line 4
[1.087s]     from numpy import as np
[1.087s]                       ^^
[1.087s] SyntaxError: invalid syntax
[1.087s] 
[1.087s] running install_egg_info
[1.088s] removing '/home/GTL/pcastere/ros_hw1/ros2_hw1/install/ar_loc_base/lib/python3.10/site-packages/ar_loc_base-0.0.0-py3.10.egg-info' (and everything under it)
[1.091s] Copying ../../build/ar_loc_base/ar_loc_base.egg-info to /home/GTL/pcastere/ros_hw1/ros2_hw1/install/ar_loc_base/lib/python3.10/site-packages/ar_loc_base-0.0.0-py3.10.egg-info
[1.109s] running install_scripts
[1.135s] Installing ar_loc_node script to /home/GTL/pcastere/ros_hw1/ros2_hw1/install/ar_loc_base/lib/ar_loc_base
[1.135s] writing list of installed files to '/home/GTL/pcastere/ros_hw1/ros2_hw1/build/ar_loc_base/install.log'
[1.148s] Invoked command in '/home/GTL/pcastere/ros_hw1/ros2_hw1/src/ar_loc_base' returned '0': AMENT_PREFIX_PATH=/home/GTL/pcastere/ros_hw1/ros2_hw1/install/rover_driver_base:/home/GTL/pcastere/ros_hw1/ros2_hw1/install/vrep_ros_teleop:/home/GTL/pcastere/ros_hw1/ros2_hw1/install/vrep4_helpers:/home/GTL/pcastere/ros_hw1/ros2_hw1/install/task_manager_sync:/home/GTL/pcastere/ros_hw1/ros2_hw1/install/floor_nav:/home/GTL/pcastere/ros_hw1/ros2_hw1/install/task_manager_nav2:/home/GTL/pcastere/ros_hw1/ros2_hw1/install/task_manager_lib:/home/GTL/pcastere/ros_hw1/ros2_hw1/install/task_manager_client_py:/home/GTL/pcastere/ros_hw1/ros2_hw1/install/task_manager_msgs:/home/GTL/pcastere/ros_hw1/ros2_hw1/install/ar_slam_base:/home/GTL/pcastere/ros_hw1/ros2_hw1/install/ar_loc_base:/home/GTL/pcastere/ros_hw1/ros2_hw1/install/keyboard_teleop:/home/GTL/pcastere/ros_hw1/ros2_hw1/install/joy_pack:/home/GTL/pcastere/ros_hw1/ros2_hw1/install/face_msg:/home/GTL/pcastere/ros_hw1/ros2_hw1/install/face_detect_base:/home/GTL/pcastere/ros_hw1/ros2_hw1/install/cs7630_msgs:/home/GTL/pcastere/ros_hw1/ros2_hw1/install/collision_avoidance_base:/home/GTL/pcastere/ros_hw1/ros2_hw1/install/button_server:/home/GTL/pcastere/ros_hw1/ros2_hw1/install/ar_mapping_base:/opt/ros/humble PYTHONPATH=/home/GTL/pcastere/ros_hw1/ros2_hw1/build/ar_loc_base/prefix_override:/usr/lib/python3/dist-packages/colcon_core/task/python/colcon_distutils_commands:/home/GTL/pcastere/ros_hw1/ros2_hw1/install/ar_loc_base/lib/python3.10/site-packages:/home/GTL/pcastere/ros_hw1/ros2_hw1/install/rover_driver_base/lib/python3.10/site-packages:/home/GTL/pcastere/ros_hw1/ros2_hw1/install/vrep_ros_teleop/lib/python3.10/site-packages:/home/GTL/pcastere/ros_hw1/ros2_hw1/install/task_manager_client_py/lib/python3.10/site-packages:/home/GTL/pcastere/ros_hw1/ros2_hw1/install/task_manager_msgs/local/lib/python3.10/dist-packages:/home/GTL/pcastere/ros_hw1/ros2_hw1/install/ar_slam_base/lib/python3.10/site-packages:/home/GTL/pcastere/ros_hw1/ros2_hw1/install/ar_loc_base/lib/python3.10/site-packages:/home/GTL/pcastere/ros_hw1/ros2_hw1/install/keyboard_teleop/lib/python3.10/site-packages:/home/GTL/pcastere/ros_hw1/ros2_hw1/install/face_msg/local/lib/python3.10/dist-packages:/home/GTL/pcastere/ros_hw1/ros2_hw1/install/face_detect_base/lib/python3.10/site-packages:/home/GTL/pcastere/ros_hw1/ros2_hw1/install/cs7630_msgs/local/lib/python3.10/dist-packages:/home/GTL/pcastere/ros_hw1/ros2_hw1/install/button_server/lib/python3.10/site-packages:/home/GTL/pcastere/ros_hw1/ros2_hw1/install/ar_mapping_base/lib/python3.10/site-packages:/opt/ros/humble/lib/python3.10/site-packages:/opt/ros/humble/local/lib/python3.10/dist-packages /usr/bin/python3 -W ignore:setup.py install is deprecated setup.py egg_info --egg-base ../../build/ar_loc_base build --build-base /home/GTL/pcastere/ros_hw1/ros2_hw1/build/ar_loc_base/build install --record /home/GTL/pcastere/ros_hw1/ros2_hw1/build/ar_loc_base/install.log --single-version-externally-managed install_data
