[1.293s] Invoking command in '/home/GTL/pcastere/ros_hw1/ros2_hw1/src/ros_task_manager/src/button_server': PYTHONPATH=/home/GTL/pcastere/ros_hw1/ros2_hw1/build/button_server/prefix_override:/usr/lib/python3/dist-packages/colcon_core/task/python/colcon_distutils_commands:/home/GTL/pcastere/ros_hw1/ros2_hw1/install/button_server/lib/python3.10/site-packages:${PYTHONPATH} /usr/bin/python3 -W ignore:setup.py install is deprecated setup.py egg_info --egg-base ../../../../build/button_server build --build-base /home/GTL/pcastere/ros_hw1/ros2_hw1/build/button_server/build install --record /home/GTL/pcastere/ros_hw1/ros2_hw1/build/button_server/install.log --single-version-externally-managed install_data
[1.874s] running egg_info
[1.874s] creating ../../../../build/button_server/button_server.egg-info
[1.874s] writing ../../../../build/button_server/button_server.egg-info/PKG-INFO
[1.880s] writing dependency_links to ../../../../build/button_server/button_server.egg-info/dependency_links.txt
[1.880s] writing entry points to ../../../../build/button_server/button_server.egg-info/entry_points.txt
[1.881s] writing requirements to ../../../../build/button_server/button_server.egg-info/requires.txt
[1.881s] writing top-level names to ../../../../build/button_server/button_server.egg-info/top_level.txt
[1.881s] writing manifest file '../../../../build/button_server/button_server.egg-info/SOURCES.txt'
[1.884s] reading manifest file '../../../../build/button_server/button_server.egg-info/SOURCES.txt'
[1.886s] writing manifest file '../../../../build/button_server/button_server.egg-info/SOURCES.txt'
[1.887s] running build
[1.887s] running build_py
[1.888s] creating /home/GTL/pcastere/ros_hw1/ros2_hw1/build/button_server/build
[1.888s] creating /home/GTL/pcastere/ros_hw1/ros2_hw1/build/button_server/build/lib
[1.890s] creating /home/GTL/pcastere/ros_hw1/ros2_hw1/build/button_server/build/lib/button_server
[1.891s] copying button_server/ButtonServer3.py -> /home/GTL/pcastere/ros_hw1/ros2_hw1/build/button_server/build/lib/button_server
[1.933s] copying button_server/__init__.py -> /home/GTL/pcastere/ros_hw1/ros2_hw1/build/button_server/build/lib/button_server
[1.975s] copying button_server/requesthdl3.py -> /home/GTL/pcastere/ros_hw1/ros2_hw1/build/button_server/build/lib/button_server
[2.017s] running build_scripts
[2.017s] creating /home/GTL/pcastere/ros_hw1/ros2_hw1/build/button_server/build/scripts-3.10
[2.033s] copying and adjusting nodes/button_server_node -> /home/GTL/pcastere/ros_hw1/ros2_hw1/build/button_server/build/scripts-3.10
[2.069s] changing mode of /home/GTL/pcastere/ros_hw1/ros2_hw1/build/button_server/build/scripts-3.10/button_server_node from 664 to 775
[2.069s] running install
[2.070s] running install_lib
[2.072s] creating /home/GTL/pcastere/ros_hw1/ros2_hw1/install/button_server/lib/python3.10/site-packages/button_server
[2.073s] copying /home/GTL/pcastere/ros_hw1/ros2_hw1/build/button_server/build/lib/button_server/ButtonServer3.py -> /home/GTL/pcastere/ros_hw1/ros2_hw1/install/button_server/lib/python3.10/site-packages/button_server
[2.076s] copying /home/GTL/pcastere/ros_hw1/ros2_hw1/build/button_server/build/lib/button_server/__init__.py -> /home/GTL/pcastere/ros_hw1/ros2_hw1/install/button_server/lib/python3.10/site-packages/button_server
[2.078s] copying /home/GTL/pcastere/ros_hw1/ros2_hw1/build/button_server/build/lib/button_server/requesthdl3.py -> /home/GTL/pcastere/ros_hw1/ros2_hw1/install/button_server/lib/python3.10/site-packages/button_server
[2.081s] byte-compiling /home/GTL/pcastere/ros_hw1/ros2_hw1/install/button_server/lib/python3.10/site-packages/button_server/ButtonServer3.py to ButtonServer3.cpython-310.pyc
[2.086s] byte-compiling /home/GTL/pcastere/ros_hw1/ros2_hw1/install/button_server/lib/python3.10/site-packages/button_server/__init__.py to __init__.cpython-310.pyc
[2.089s] byte-compiling /home/GTL/pcastere/ros_hw1/ros2_hw1/install/button_server/lib/python3.10/site-packages/button_server/requesthdl3.py to requesthdl3.cpython-310.pyc
[2.095s] running install_data
[2.095s] creating /home/GTL/pcastere/ros_hw1/ros2_hw1/install/button_server/share/ament_index
[2.095s] creating /home/GTL/pcastere/ros_hw1/ros2_hw1/install/button_server/share/ament_index/resource_index
[2.095s] creating /home/GTL/pcastere/ros_hw1/ros2_hw1/install/button_server/share/ament_index/resource_index/packages
[2.095s] copying resource/button_server -> /home/GTL/pcastere/ros_hw1/ros2_hw1/install/button_server/share/ament_index/resource_index/packages
[2.098s] copying package.xml -> /home/GTL/pcastere/ros_hw1/ros2_hw1/install/button_server/share/button_server
[2.100s] creating /home/GTL/pcastere/ros_hw1/ros2_hw1/install/button_server/share/button_server/launch
[2.130s] copying launch/button_server.launch -> /home/GTL/pcastere/ros_hw1/ros2_hw1/install/button_server/share/button_server/launch
[2.133s] creating /home/GTL/pcastere/ros_hw1/ros2_hw1/install/button_server/share/button_server/lib
[2.134s] copying lib/jquery-3.6.4.min.js -> /home/GTL/pcastere/ros_hw1/ros2_hw1/install/button_server/share/button_server/lib
[2.159s] running install_egg_info
[2.163s] Copying ../../../../build/button_server/button_server.egg-info to /home/GTL/pcastere/ros_hw1/ros2_hw1/install/button_server/lib/python3.10/site-packages/button_server-0.0.0-py3.10.egg-info
[2.204s] running install_scripts
[2.220s] creating /home/GTL/pcastere/ros_hw1/ros2_hw1/install/button_server/lib/button_server
[2.221s] copying /home/GTL/pcastere/ros_hw1/ros2_hw1/build/button_server/build/scripts-3.10/button_server_node -> /home/GTL/pcastere/ros_hw1/ros2_hw1/install/button_server/lib/button_server
[2.223s] changing mode of /home/GTL/pcastere/ros_hw1/ros2_hw1/install/button_server/lib/button_server/button_server_node to 775
[2.225s] writing list of installed files to '/home/GTL/pcastere/ros_hw1/ros2_hw1/build/button_server/install.log'
[2.246s] Invoked command in '/home/GTL/pcastere/ros_hw1/ros2_hw1/src/ros_task_manager/src/button_server' returned '0': PYTHONPATH=/home/GTL/pcastere/ros_hw1/ros2_hw1/build/button_server/prefix_override:/usr/lib/python3/dist-packages/colcon_core/task/python/colcon_distutils_commands:/home/GTL/pcastere/ros_hw1/ros2_hw1/install/button_server/lib/python3.10/site-packages:${PYTHONPATH} /usr/bin/python3 -W ignore:setup.py install is deprecated setup.py egg_info --egg-base ../../../../build/button_server build --build-base /home/GTL/pcastere/ros_hw1/ros2_hw1/build/button_server/build install --record /home/GTL/pcastere/ros_hw1/ros2_hw1/build/button_server/install.log --single-version-externally-managed install_data
