[0.320s] Invoking command in '/home/GTL/apaul/ros2_hw1/build/task_manager_lib': CMAKE_PREFIX_PATH=/home/GTL/apaul/ros2_hw1/install/task_manager_msgs:/home/GTL/apaul/ros2_hw1/install/vrep4_helpers:/home/GTL/apaul/ros2_hw1/install/task_manager_sync:/home/GTL/apaul/ros2_hw1/install/floor_nav:/home/GTL/apaul/ros2_hw1/install/task_manager_nav2:/home/GTL/apaul/ros2_hw1/install/task_manager_lib:/home/GTL/apaul/ros2_hw1/install/joy_pack:/home/GTL/apaul/ros2_hw1/install/face_msg:/home/GTL/apaul/ros2_hw1/install/cs7630_msgs:/home/GTL/apaul/ros2_hw1/install/collision_avoidance_base:/home/GTL/apaul/ros2_hw1/install/vrep_ros_teleop:/home/GTL/apaul/ros2_hw1/install/task_manager_client_py:/home/GTL/apaul/ros2_hw1/install/ar_slam_base:/home/GTL/apaul/ros2_hw1/install/ar_loc_base:/home/GTL/apaul/ros2_hw1/install/rover_driver_base:/home/GTL/apaul/ros2_hw1/install/keyboard_teleop:/home/GTL/apaul/ros2_hw1/install/face_detect_base:/home/GTL/apaul/ros2_hw1/install/button_server:/home/GTL/apaul/ros2_hw1/install/ar_mapping_base:/opt/ros/humble LD_LIBRARY_PATH=/home/GTL/apaul/ros2_hw1/install/task_manager_msgs/lib:/home/GTL/apaul/ros2_hw1/install/task_manager_sync/lib:/home/GTL/apaul/ros2_hw1/install/task_manager_lib/lib:/home/GTL/apaul/ros2_hw1/install/face_msg/lib:/home/GTL/apaul/ros2_hw1/install/cs7630_msgs/lib:/usr/lib/x86_64-linux-gnu/gazebo-11/plugins:/opt/ros/humble/opt/rviz_ogre_vendor/lib:/opt/ros/humble/lib/x86_64-linux-gnu:/opt/ros/humble/lib /usr/bin/cmake --build /home/GTL/apaul/ros2_hw1/build/task_manager_lib -- -j16 -l16
[0.571s] [100%] Built target task_manager_lib
[0.671s] Invoked command in '/home/GTL/apaul/ros2_hw1/build/task_manager_lib' returned '0': CMAKE_PREFIX_PATH=/home/GTL/apaul/ros2_hw1/install/task_manager_msgs:/home/GTL/apaul/ros2_hw1/install/vrep4_helpers:/home/GTL/apaul/ros2_hw1/install/task_manager_sync:/home/GTL/apaul/ros2_hw1/install/floor_nav:/home/GTL/apaul/ros2_hw1/install/task_manager_nav2:/home/GTL/apaul/ros2_hw1/install/task_manager_lib:/home/GTL/apaul/ros2_hw1/install/joy_pack:/home/GTL/apaul/ros2_hw1/install/face_msg:/home/GTL/apaul/ros2_hw1/install/cs7630_msgs:/home/GTL/apaul/ros2_hw1/install/collision_avoidance_base:/home/GTL/apaul/ros2_hw1/install/vrep_ros_teleop:/home/GTL/apaul/ros2_hw1/install/task_manager_client_py:/home/GTL/apaul/ros2_hw1/install/ar_slam_base:/home/GTL/apaul/ros2_hw1/install/ar_loc_base:/home/GTL/apaul/ros2_hw1/install/rover_driver_base:/home/GTL/apaul/ros2_hw1/install/keyboard_teleop:/home/GTL/apaul/ros2_hw1/install/face_detect_base:/home/GTL/apaul/ros2_hw1/install/button_server:/home/GTL/apaul/ros2_hw1/install/ar_mapping_base:/opt/ros/humble LD_LIBRARY_PATH=/home/GTL/apaul/ros2_hw1/install/task_manager_msgs/lib:/home/GTL/apaul/ros2_hw1/install/task_manager_sync/lib:/home/GTL/apaul/ros2_hw1/install/task_manager_lib/lib:/home/GTL/apaul/ros2_hw1/install/face_msg/lib:/home/GTL/apaul/ros2_hw1/install/cs7630_msgs/lib:/usr/lib/x86_64-linux-gnu/gazebo-11/plugins:/opt/ros/humble/opt/rviz_ogre_vendor/lib:/opt/ros/humble/lib/x86_64-linux-gnu:/opt/ros/humble/lib /usr/bin/cmake --build /home/GTL/apaul/ros2_hw1/build/task_manager_lib -- -j16 -l16
[0.683s] Invoking command in '/home/GTL/apaul/ros2_hw1/build/task_manager_lib': CMAKE_PREFIX_PATH=/home/GTL/apaul/ros2_hw1/install/task_manager_msgs:/home/GTL/apaul/ros2_hw1/install/vrep4_helpers:/home/GTL/apaul/ros2_hw1/install/task_manager_sync:/home/GTL/apaul/ros2_hw1/install/floor_nav:/home/GTL/apaul/ros2_hw1/install/task_manager_nav2:/home/GTL/apaul/ros2_hw1/install/task_manager_lib:/home/GTL/apaul/ros2_hw1/install/joy_pack:/home/GTL/apaul/ros2_hw1/install/face_msg:/home/GTL/apaul/ros2_hw1/install/cs7630_msgs:/home/GTL/apaul/ros2_hw1/install/collision_avoidance_base:/home/GTL/apaul/ros2_hw1/install/vrep_ros_teleop:/home/GTL/apaul/ros2_hw1/install/task_manager_client_py:/home/GTL/apaul/ros2_hw1/install/ar_slam_base:/home/GTL/apaul/ros2_hw1/install/ar_loc_base:/home/GTL/apaul/ros2_hw1/install/rover_driver_base:/home/GTL/apaul/ros2_hw1/install/keyboard_teleop:/home/GTL/apaul/ros2_hw1/install/face_detect_base:/home/GTL/apaul/ros2_hw1/install/button_server:/home/GTL/apaul/ros2_hw1/install/ar_mapping_base:/opt/ros/humble LD_LIBRARY_PATH=/home/GTL/apaul/ros2_hw1/install/task_manager_msgs/lib:/home/GTL/apaul/ros2_hw1/install/task_manager_sync/lib:/home/GTL/apaul/ros2_hw1/install/task_manager_lib/lib:/home/GTL/apaul/ros2_hw1/install/face_msg/lib:/home/GTL/apaul/ros2_hw1/install/cs7630_msgs/lib:/usr/lib/x86_64-linux-gnu/gazebo-11/plugins:/opt/ros/humble/opt/rviz_ogre_vendor/lib:/opt/ros/humble/lib/x86_64-linux-gnu:/opt/ros/humble/lib /usr/bin/cmake --install /home/GTL/apaul/ros2_hw1/build/task_manager_lib
[0.704s] -- Install configuration: ""
[0.719s] -- Up-to-date: /home/GTL/apaul/ros2_hw1/install/task_manager_lib/lib/libtask_manager_lib.so
[0.720s] -- Up-to-date: /home/GTL/apaul/ros2_hw1/install/task_manager_lib/include/task_manager_lib
[0.721s] -- Up-to-date: /home/GTL/apaul/ros2_hw1/install/task_manager_lib/include/task_manager_lib/TaskServerDefault.h
[0.722s] -- Up-to-date: /home/GTL/apaul/ros2_hw1/install/task_manager_lib/include/task_manager_lib/TaskWaitDefault.h
[0.723s] -- Up-to-date: /home/GTL/apaul/ros2_hw1/install/task_manager_lib/include/task_manager_lib/TaskClient.h
[0.723s] -- Up-to-date: /home/GTL/apaul/ros2_hw1/install/task_manager_lib/include/task_manager_lib/ServiceStorage.h
[0.724s] -- Up-to-date: /home/GTL/apaul/ros2_hw1/install/task_manager_lib/include/task_manager_lib/TaskScheduler.h
[0.725s] -- Up-to-date: /home/GTL/apaul/ros2_hw1/install/task_manager_lib/include/task_manager_lib/DynamicTask.h
[0.725s] -- Up-to-date: /home/GTL/apaul/ros2_hw1/install/task_manager_lib/include/task_manager_lib/TaskEnvironment.h
[0.726s] -- Up-to-date: /home/GTL/apaul/ros2_hw1/install/task_manager_lib/include/task_manager_lib/TaskInstance.h
[0.727s] -- Up-to-date: /home/GTL/apaul/ros2_hw1/install/task_manager_lib/include/task_manager_lib/ParameterList.h
[0.727s] -- Up-to-date: /home/GTL/apaul/ros2_hw1/install/task_manager_lib/include/task_manager_lib/TaskIdleDefault.h
[0.728s] -- Up-to-date: /home/GTL/apaul/ros2_hw1/install/task_manager_lib/include/task_manager_lib/TaskServiceGeneric.h
[0.729s] -- Up-to-date: /home/GTL/apaul/ros2_hw1/install/task_manager_lib/include/task_manager_lib/TaskParameterDefinition.h
[0.729s] -- Up-to-date: /home/GTL/apaul/ros2_hw1/install/task_manager_lib/include/task_manager_lib/TaskSystem.h
[0.730s] -- Up-to-date: /home/GTL/apaul/ros2_hw1/install/task_manager_lib/include/task_manager_lib/TaskDefinition.h
[0.734s] -- Up-to-date: /home/GTL/apaul/ros2_hw1/install/task_manager_lib/include/task_manager_lib/TaskConfig.h
[0.734s] -- Up-to-date: /home/GTL/apaul/ros2_hw1/install/task_manager_lib/include/task_manager_lib/TaskActionGeneric.h
[0.734s] -- Up-to-date: /home/GTL/apaul/ros2_hw1/install/task_manager_lib/share/task_manager_lib/environment/library_path.sh
[0.734s] -- Up-to-date: /home/GTL/apaul/ros2_hw1/install/task_manager_lib/share/task_manager_lib/environment/library_path.dsv
[0.734s] -- Up-to-date: /home/GTL/apaul/ros2_hw1/install/task_manager_lib/share/ament_index/resource_index/package_run_dependencies/task_manager_lib
[0.734s] -- Up-to-date: /home/GTL/apaul/ros2_hw1/install/task_manager_lib/share/ament_index/resource_index/parent_prefix_path/task_manager_lib
[0.734s] -- Installing: /home/GTL/apaul/ros2_hw1/install/task_manager_lib/share/task_manager_lib/environment/ament_prefix_path.sh
[0.738s] -- Up-to-date: /home/GTL/apaul/ros2_hw1/install/task_manager_lib/share/task_manager_lib/environment/ament_prefix_path.dsv
[0.738s] -- Installing: /home/GTL/apaul/ros2_hw1/install/task_manager_lib/share/task_manager_lib/environment/path.sh
[0.742s] -- Up-to-date: /home/GTL/apaul/ros2_hw1/install/task_manager_lib/share/task_manager_lib/environment/path.dsv
[0.743s] -- Up-to-date: /home/GTL/apaul/ros2_hw1/install/task_manager_lib/share/task_manager_lib/local_setup.bash
[0.743s] -- Up-to-date: /home/GTL/apaul/ros2_hw1/install/task_manager_lib/share/task_manager_lib/local_setup.sh
[0.744s] -- Up-to-date: /home/GTL/apaul/ros2_hw1/install/task_manager_lib/share/task_manager_lib/local_setup.zsh
[0.745s] -- Up-to-date: /home/GTL/apaul/ros2_hw1/install/task_manager_lib/share/task_manager_lib/local_setup.dsv
[0.745s] -- Installing: /home/GTL/apaul/ros2_hw1/install/task_manager_lib/share/task_manager_lib/package.dsv
[0.749s] -- Up-to-date: /home/GTL/apaul/ros2_hw1/install/task_manager_lib/share/ament_index/resource_index/packages/task_manager_lib
[0.750s] -- Up-to-date: /home/GTL/apaul/ros2_hw1/install/task_manager_lib/share/task_manager_lib/cmake/ament_cmake_export_dependencies-extras.cmake
[0.751s] -- Up-to-date: /home/GTL/apaul/ros2_hw1/install/task_manager_lib/share/task_manager_lib/cmake/ament_cmake_export_include_directories-extras.cmake
[0.751s] -- Up-to-date: /home/GTL/apaul/ros2_hw1/install/task_manager_lib/share/task_manager_lib/cmake/ament_cmake_export_libraries-extras.cmake
[0.752s] -- Up-to-date: /home/GTL/apaul/ros2_hw1/install/task_manager_lib/share/task_manager_lib/cmake/task_manager_libConfig.cmake
[0.752s] -- Up-to-date: /home/GTL/apaul/ros2_hw1/install/task_manager_lib/share/task_manager_lib/cmake/task_manager_libConfig-version.cmake
[0.753s] -- Up-to-date: /home/GTL/apaul/ros2_hw1/install/task_manager_lib/share/task_manager_lib/package.xml
[0.984s] Invoked command in '/home/GTL/apaul/ros2_hw1/build/task_manager_lib' returned '0': CMAKE_PREFIX_PATH=/home/GTL/apaul/ros2_hw1/install/task_manager_msgs:/home/GTL/apaul/ros2_hw1/install/vrep4_helpers:/home/GTL/apaul/ros2_hw1/install/task_manager_sync:/home/GTL/apaul/ros2_hw1/install/floor_nav:/home/GTL/apaul/ros2_hw1/install/task_manager_nav2:/home/GTL/apaul/ros2_hw1/install/task_manager_lib:/home/GTL/apaul/ros2_hw1/install/joy_pack:/home/GTL/apaul/ros2_hw1/install/face_msg:/home/GTL/apaul/ros2_hw1/install/cs7630_msgs:/home/GTL/apaul/ros2_hw1/install/collision_avoidance_base:/home/GTL/apaul/ros2_hw1/install/vrep_ros_teleop:/home/GTL/apaul/ros2_hw1/install/task_manager_client_py:/home/GTL/apaul/ros2_hw1/install/ar_slam_base:/home/GTL/apaul/ros2_hw1/install/ar_loc_base:/home/GTL/apaul/ros2_hw1/install/rover_driver_base:/home/GTL/apaul/ros2_hw1/install/keyboard_teleop:/home/GTL/apaul/ros2_hw1/install/face_detect_base:/home/GTL/apaul/ros2_hw1/install/button_server:/home/GTL/apaul/ros2_hw1/install/ar_mapping_base:/opt/ros/humble LD_LIBRARY_PATH=/home/GTL/apaul/ros2_hw1/install/task_manager_msgs/lib:/home/GTL/apaul/ros2_hw1/install/task_manager_sync/lib:/home/GTL/apaul/ros2_hw1/install/task_manager_lib/lib:/home/GTL/apaul/ros2_hw1/install/face_msg/lib:/home/GTL/apaul/ros2_hw1/install/cs7630_msgs/lib:/usr/lib/x86_64-linux-gnu/gazebo-11/plugins:/opt/ros/humble/opt/rviz_ogre_vendor/lib:/opt/ros/humble/lib/x86_64-linux-gnu:/opt/ros/humble/lib /usr/bin/cmake --install /home/GTL/apaul/ros2_hw1/build/task_manager_lib
