[0.634s] Invoking command in '/home/GTL/pcastere/ros_hw1/ros2_hw1/build/face_msg': CMAKE_PREFIX_PATH=${CMAKE_PREFIX_PATH}:/home/GTL/pcastere/ros_hw1/ros2_hw1/install/vrep_ros_teleop:/home/GTL/pcastere/ros_hw1/ros2_hw1/install/task_manager_client_py:/home/GTL/pcastere/ros_hw1/ros2_hw1/install/ar_slam_base:/home/GTL/pcastere/ros_hw1/ros2_hw1/install/ar_loc_base:/home/GTL/pcastere/ros_hw1/ros2_hw1/install/rover_driver_base:/home/GTL/pcastere/ros_hw1/ros2_hw1/install/keyboard_teleop:/home/GTL/pcastere/ros_hw1/ros2_hw1/install/face_detect_base:/home/GTL/pcastere/ros_hw1/ros2_hw1/install/button_server:/home/GTL/pcastere/ros_hw1/ros2_hw1/install/ar_mapping_base:/opt/ros/humble /usr/bin/cmake --build /home/GTL/pcastere/ros_hw1/ros2_hw1/build/face_msg -- -j16 -l16
[1.148s] [  6%] Built target face_msg__cpp
[1.148s] [ 12%] Built target face_msg__rosidl_generator_c
[1.148s] [ 54%] Built target face_msg__rosidl_typesupport_introspection_cpp
[1.148s] [ 54%] Built target face_msg__rosidl_typesupport_fastrtps_cpp
[1.148s] [ 70%] Built target face_msg__rosidl_typesupport_c
[1.148s] [ 70%] Built target face_msg__rosidl_typesupport_introspection_c
[1.148s] [ 64%] Built target face_msg__rosidl_typesupport_cpp
[1.148s] [ 70%] Built target face_msg__rosidl_typesupport_fastrtps_c
[1.148s] [ 70%] Built target ament_cmake_python_copy_face_msg
[1.148s] [ 70%] Built target face_msg
[1.148s] [ 74%] Built target face_msg__py
[1.149s] [ 80%] Built target face_msg__rosidl_generator_py
[1.149s] [100%] Built target face_msg__rosidl_typesupport_introspection_c__pyext
[1.149s] [100%] Built target face_msg__rosidl_typesupport_c__pyext
[1.149s] [100%] Built target face_msg__rosidl_typesupport_fastrtps_c__pyext
[1.149s] running egg_info
[1.149s] writing face_msg.egg-info/PKG-INFO
[1.149s] writing dependency_links to face_msg.egg-info/dependency_links.txt
[1.149s] writing top-level names to face_msg.egg-info/top_level.txt
[1.149s] reading manifest file 'face_msg.egg-info/SOURCES.txt'
[1.149s] writing manifest file 'face_msg.egg-info/SOURCES.txt'
[1.149s] [100%] Built target ament_cmake_python_build_face_msg_egg
[1.399s] Invoked command in '/home/GTL/pcastere/ros_hw1/ros2_hw1/build/face_msg' returned '0': CMAKE_PREFIX_PATH=${CMAKE_PREFIX_PATH}:/home/GTL/pcastere/ros_hw1/ros2_hw1/install/vrep_ros_teleop:/home/GTL/pcastere/ros_hw1/ros2_hw1/install/task_manager_client_py:/home/GTL/pcastere/ros_hw1/ros2_hw1/install/ar_slam_base:/home/GTL/pcastere/ros_hw1/ros2_hw1/install/ar_loc_base:/home/GTL/pcastere/ros_hw1/ros2_hw1/install/rover_driver_base:/home/GTL/pcastere/ros_hw1/ros2_hw1/install/keyboard_teleop:/home/GTL/pcastere/ros_hw1/ros2_hw1/install/face_detect_base:/home/GTL/pcastere/ros_hw1/ros2_hw1/install/button_server:/home/GTL/pcastere/ros_hw1/ros2_hw1/install/ar_mapping_base:/opt/ros/humble /usr/bin/cmake --build /home/GTL/pcastere/ros_hw1/ros2_hw1/build/face_msg -- -j16 -l16
[1.457s] Invoking command in '/home/GTL/pcastere/ros_hw1/ros2_hw1/build/face_msg': CMAKE_PREFIX_PATH=${CMAKE_PREFIX_PATH}:/home/GTL/pcastere/ros_hw1/ros2_hw1/install/vrep_ros_teleop:/home/GTL/pcastere/ros_hw1/ros2_hw1/install/task_manager_client_py:/home/GTL/pcastere/ros_hw1/ros2_hw1/install/ar_slam_base:/home/GTL/pcastere/ros_hw1/ros2_hw1/install/ar_loc_base:/home/GTL/pcastere/ros_hw1/ros2_hw1/install/rover_driver_base:/home/GTL/pcastere/ros_hw1/ros2_hw1/install/keyboard_teleop:/home/GTL/pcastere/ros_hw1/ros2_hw1/install/face_detect_base:/home/GTL/pcastere/ros_hw1/ros2_hw1/install/button_server:/home/GTL/pcastere/ros_hw1/ros2_hw1/install/ar_mapping_base:/opt/ros/humble /usr/bin/cmake --install /home/GTL/pcastere/ros_hw1/ros2_hw1/build/face_msg
[1.468s] -- Install configuration: ""
[1.469s] -- Up-to-date: /home/GTL/pcastere/ros_hw1/ros2_hw1/install/face_msg/share/ament_index/resource_index/rosidl_interfaces/face_msg
[1.469s] -- Up-to-date: /home/GTL/pcastere/ros_hw1/ros2_hw1/install/face_msg/include/face_msg/face_msg
[1.470s] -- Up-to-date: /home/GTL/pcastere/ros_hw1/ros2_hw1/install/face_msg/include/face_msg/face_msg/msg
[1.470s] -- Up-to-date: /home/GTL/pcastere/ros_hw1/ros2_hw1/install/face_msg/include/face_msg/face_msg/msg/roilist.h
[1.470s] -- Up-to-date: /home/GTL/pcastere/ros_hw1/ros2_hw1/install/face_msg/include/face_msg/face_msg/msg/detail
[1.471s] -- Up-to-date: /home/GTL/pcastere/ros_hw1/ros2_hw1/install/face_msg/include/face_msg/face_msg/msg/detail/roilist__type_support.h
[1.471s] -- Up-to-date: /home/GTL/pcastere/ros_hw1/ros2_hw1/install/face_msg/include/face_msg/face_msg/msg/detail/roilist__struct.h
[1.471s] -- Up-to-date: /home/GTL/pcastere/ros_hw1/ros2_hw1/install/face_msg/include/face_msg/face_msg/msg/detail/roilist__functions.c
[1.472s] -- Up-to-date: /home/GTL/pcastere/ros_hw1/ros2_hw1/install/face_msg/include/face_msg/face_msg/msg/detail/roilist__functions.h
[1.472s] -- Up-to-date: /home/GTL/pcastere/ros_hw1/ros2_hw1/install/face_msg/include/face_msg/face_msg/msg/rosidl_generator_c__visibility_control.h
[1.472s] -- Up-to-date: /home/GTL/pcastere/ros_hw1/ros2_hw1/install/face_msg/share/face_msg/environment/library_path.sh
[1.473s] -- Up-to-date: /home/GTL/pcastere/ros_hw1/ros2_hw1/install/face_msg/share/face_msg/environment/library_path.dsv
[1.473s] -- Up-to-date: /home/GTL/pcastere/ros_hw1/ros2_hw1/install/face_msg/lib/libface_msg__rosidl_generator_c.so
[1.474s] -- Up-to-date: /home/GTL/pcastere/ros_hw1/ros2_hw1/install/face_msg/include/face_msg/face_msg
[1.475s] -- Up-to-date: /home/GTL/pcastere/ros_hw1/ros2_hw1/install/face_msg/include/face_msg/face_msg/msg
[1.477s] -- Up-to-date: /home/GTL/pcastere/ros_hw1/ros2_hw1/install/face_msg/include/face_msg/face_msg/msg/detail
[1.477s] -- Up-to-date: /home/GTL/pcastere/ros_hw1/ros2_hw1/install/face_msg/include/face_msg/face_msg/msg/detail/roilist__rosidl_typesupport_fastrtps_c.h
[1.477s] -- Up-to-date: /home/GTL/pcastere/ros_hw1/ros2_hw1/install/face_msg/include/face_msg/face_msg/msg/rosidl_typesupport_fastrtps_c__visibility_control.h
[1.478s] -- Up-to-date: /home/GTL/pcastere/ros_hw1/ros2_hw1/install/face_msg/lib/libface_msg__rosidl_typesupport_fastrtps_c.so
[1.479s] -- Up-to-date: /home/GTL/pcastere/ros_hw1/ros2_hw1/install/face_msg/include/face_msg/face_msg
[1.480s] -- Up-to-date: /home/GTL/pcastere/ros_hw1/ros2_hw1/install/face_msg/include/face_msg/face_msg/msg
[1.481s] -- Up-to-date: /home/GTL/pcastere/ros_hw1/ros2_hw1/install/face_msg/include/face_msg/face_msg/msg/roilist.hpp
[1.482s] -- Up-to-date: /home/GTL/pcastere/ros_hw1/ros2_hw1/install/face_msg/include/face_msg/face_msg/msg/detail
[1.482s] -- Up-to-date: /home/GTL/pcastere/ros_hw1/ros2_hw1/install/face_msg/include/face_msg/face_msg/msg/detail/roilist__struct.hpp
[1.482s] -- Up-to-date: /home/GTL/pcastere/ros_hw1/ros2_hw1/install/face_msg/include/face_msg/face_msg/msg/detail/roilist__traits.hpp
[1.483s] -- Up-to-date: /home/GTL/pcastere/ros_hw1/ros2_hw1/install/face_msg/include/face_msg/face_msg/msg/detail/roilist__builder.hpp
[1.483s] -- Up-to-date: /home/GTL/pcastere/ros_hw1/ros2_hw1/install/face_msg/include/face_msg/face_msg
[1.485s] -- Up-to-date: /home/GTL/pcastere/ros_hw1/ros2_hw1/install/face_msg/include/face_msg/face_msg/msg
[1.486s] -- Up-to-date: /home/GTL/pcastere/ros_hw1/ros2_hw1/install/face_msg/include/face_msg/face_msg/msg/detail
[1.486s] -- Up-to-date: /home/GTL/pcastere/ros_hw1/ros2_hw1/install/face_msg/include/face_msg/face_msg/msg/detail/dds_fastrtps
[1.487s] -- Up-to-date: /home/GTL/pcastere/ros_hw1/ros2_hw1/install/face_msg/include/face_msg/face_msg/msg/detail/roilist__rosidl_typesupport_fastrtps_cpp.hpp
[1.487s] -- Up-to-date: /home/GTL/pcastere/ros_hw1/ros2_hw1/install/face_msg/include/face_msg/face_msg/msg/rosidl_typesupport_fastrtps_cpp__visibility_control.h
[1.488s] -- Up-to-date: /home/GTL/pcastere/ros_hw1/ros2_hw1/install/face_msg/lib/libface_msg__rosidl_typesupport_fastrtps_cpp.so
[1.489s] -- Up-to-date: /home/GTL/pcastere/ros_hw1/ros2_hw1/install/face_msg/include/face_msg/face_msg
[1.491s] -- Up-to-date: /home/GTL/pcastere/ros_hw1/ros2_hw1/install/face_msg/include/face_msg/face_msg/msg
[1.491s] -- Up-to-date: /home/GTL/pcastere/ros_hw1/ros2_hw1/install/face_msg/include/face_msg/face_msg/msg/detail
[1.491s] -- Up-to-date: /home/GTL/pcastere/ros_hw1/ros2_hw1/install/face_msg/include/face_msg/face_msg/msg/detail/roilist__type_support.c
[1.492s] -- Up-to-date: /home/GTL/pcastere/ros_hw1/ros2_hw1/install/face_msg/include/face_msg/face_msg/msg/detail/roilist__rosidl_typesupport_introspection_c.h
[1.492s] -- Up-to-date: /home/GTL/pcastere/ros_hw1/ros2_hw1/install/face_msg/include/face_msg/face_msg/msg/rosidl_typesupport_introspection_c__visibility_control.h
[1.494s] -- Up-to-date: /home/GTL/pcastere/ros_hw1/ros2_hw1/install/face_msg/lib/libface_msg__rosidl_typesupport_introspection_c.so
[1.495s] -- Up-to-date: /home/GTL/pcastere/ros_hw1/ros2_hw1/install/face_msg/lib/libface_msg__rosidl_typesupport_c.so
[1.497s] -- Up-to-date: /home/GTL/pcastere/ros_hw1/ros2_hw1/install/face_msg/include/face_msg/face_msg
[1.497s] -- Up-to-date: /home/GTL/pcastere/ros_hw1/ros2_hw1/install/face_msg/include/face_msg/face_msg/msg
[1.498s] -- Up-to-date: /home/GTL/pcastere/ros_hw1/ros2_hw1/install/face_msg/include/face_msg/face_msg/msg/detail
[1.499s] -- Up-to-date: /home/GTL/pcastere/ros_hw1/ros2_hw1/install/face_msg/include/face_msg/face_msg/msg/detail/roilist__type_support.cpp
[1.499s] -- Up-to-date: /home/GTL/pcastere/ros_hw1/ros2_hw1/install/face_msg/include/face_msg/face_msg/msg/detail/roilist__rosidl_typesupport_introspection_cpp.hpp
[1.500s] -- Up-to-date: /home/GTL/pcastere/ros_hw1/ros2_hw1/install/face_msg/lib/libface_msg__rosidl_typesupport_introspection_cpp.so
[1.507s] -- Up-to-date: /home/GTL/pcastere/ros_hw1/ros2_hw1/install/face_msg/lib/libface_msg__rosidl_typesupport_cpp.so
[1.507s] -- Up-to-date: /home/GTL/pcastere/ros_hw1/ros2_hw1/install/face_msg/share/face_msg/environment/pythonpath.sh
[1.507s] -- Up-to-date: /home/GTL/pcastere/ros_hw1/ros2_hw1/install/face_msg/share/face_msg/environment/pythonpath.dsv
[1.507s] -- Up-to-date: /home/GTL/pcastere/ros_hw1/ros2_hw1/install/face_msg/local/lib/python3.10/dist-packages/face_msg-0.0.0-py3.10.egg-info
[1.507s] -- Installing: /home/GTL/pcastere/ros_hw1/ros2_hw1/install/face_msg/local/lib/python3.10/dist-packages/face_msg-0.0.0-py3.10.egg-info/dependency_links.txt
[1.512s] -- Installing: /home/GTL/pcastere/ros_hw1/ros2_hw1/install/face_msg/local/lib/python3.10/dist-packages/face_msg-0.0.0-py3.10.egg-info/top_level.txt
[1.515s] -- Installing: /home/GTL/pcastere/ros_hw1/ros2_hw1/install/face_msg/local/lib/python3.10/dist-packages/face_msg-0.0.0-py3.10.egg-info/PKG-INFO
[1.517s] -- Installing: /home/GTL/pcastere/ros_hw1/ros2_hw1/install/face_msg/local/lib/python3.10/dist-packages/face_msg-0.0.0-py3.10.egg-info/SOURCES.txt
[1.522s] -- Up-to-date: /home/GTL/pcastere/ros_hw1/ros2_hw1/install/face_msg/local/lib/python3.10/dist-packages/face_msg
[1.522s] -- Up-to-date: /home/GTL/pcastere/ros_hw1/ros2_hw1/install/face_msg/local/lib/python3.10/dist-packages/face_msg/face_msg_s__rosidl_typesupport_c.cpython-310-x86_64-linux-gnu.so
[1.522s] -- Up-to-date: /home/GTL/pcastere/ros_hw1/ros2_hw1/install/face_msg/local/lib/python3.10/dist-packages/face_msg/face_msg_s__rosidl_typesupport_fastrtps_c.cpython-310-x86_64-linux-gnu.so
[1.522s] -- Up-to-date: /home/GTL/pcastere/ros_hw1/ros2_hw1/install/face_msg/local/lib/python3.10/dist-packages/face_msg/msg
[1.523s] -- Up-to-date: /home/GTL/pcastere/ros_hw1/ros2_hw1/install/face_msg/local/lib/python3.10/dist-packages/face_msg/msg/_roilist.py
[1.523s] -- Up-to-date: /home/GTL/pcastere/ros_hw1/ros2_hw1/install/face_msg/local/lib/python3.10/dist-packages/face_msg/msg/__init__.py
[1.524s] -- Up-to-date: /home/GTL/pcastere/ros_hw1/ros2_hw1/install/face_msg/local/lib/python3.10/dist-packages/face_msg/msg/_roilist_s.c
[1.524s] -- Up-to-date: /home/GTL/pcastere/ros_hw1/ros2_hw1/install/face_msg/local/lib/python3.10/dist-packages/face_msg/_face_msg_s.ep.rosidl_typesupport_c.c
[1.524s] -- Up-to-date: /home/GTL/pcastere/ros_hw1/ros2_hw1/install/face_msg/local/lib/python3.10/dist-packages/face_msg/_face_msg_s.ep.rosidl_typesupport_introspection_c.c
[1.525s] -- Up-to-date: /home/GTL/pcastere/ros_hw1/ros2_hw1/install/face_msg/local/lib/python3.10/dist-packages/face_msg/__init__.py
[1.525s] -- Up-to-date: /home/GTL/pcastere/ros_hw1/ros2_hw1/install/face_msg/local/lib/python3.10/dist-packages/face_msg/_face_msg_s.ep.rosidl_typesupport_fastrtps_c.c
[1.525s] -- Up-to-date: /home/GTL/pcastere/ros_hw1/ros2_hw1/install/face_msg/local/lib/python3.10/dist-packages/face_msg/face_msg_s__rosidl_typesupport_introspection_c.cpython-310-x86_64-linux-gnu.so
[1.526s] -- Up-to-date: /home/GTL/pcastere/ros_hw1/ros2_hw1/install/face_msg/local/lib/python3.10/dist-packages/face_msg/libface_msg__rosidl_generator_py.so
[1.558s] Listing '/home/GTL/pcastere/ros_hw1/ros2_hw1/install/face_msg/local/lib/python3.10/dist-packages/face_msg'...
[1.558s] Listing '/home/GTL/pcastere/ros_hw1/ros2_hw1/install/face_msg/local/lib/python3.10/dist-packages/face_msg/msg'...
[1.564s] -- Up-to-date: /home/GTL/pcastere/ros_hw1/ros2_hw1/install/face_msg/local/lib/python3.10/dist-packages/face_msg/face_msg_s__rosidl_typesupport_fastrtps_c.cpython-310-x86_64-linux-gnu.so
[1.568s] -- Up-to-date: /home/GTL/pcastere/ros_hw1/ros2_hw1/install/face_msg/local/lib/python3.10/dist-packages/face_msg/face_msg_s__rosidl_typesupport_introspection_c.cpython-310-x86_64-linux-gnu.so
[1.569s] -- Up-to-date: /home/GTL/pcastere/ros_hw1/ros2_hw1/install/face_msg/local/lib/python3.10/dist-packages/face_msg/face_msg_s__rosidl_typesupport_c.cpython-310-x86_64-linux-gnu.so
[1.569s] -- Up-to-date: /home/GTL/pcastere/ros_hw1/ros2_hw1/install/face_msg/lib/libface_msg__rosidl_generator_py.so
[1.569s] -- Up-to-date: /home/GTL/pcastere/ros_hw1/ros2_hw1/install/face_msg/share/face_msg/msg/Roilist.idl
[1.570s] -- Up-to-date: /home/GTL/pcastere/ros_hw1/ros2_hw1/install/face_msg/share/face_msg/msg/Roilist.msg
[1.571s] -- Up-to-date: /home/GTL/pcastere/ros_hw1/ros2_hw1/install/face_msg/share/ament_index/resource_index/package_run_dependencies/face_msg
[1.571s] -- Up-to-date: /home/GTL/pcastere/ros_hw1/ros2_hw1/install/face_msg/share/ament_index/resource_index/parent_prefix_path/face_msg
[1.571s] -- Up-to-date: /home/GTL/pcastere/ros_hw1/ros2_hw1/install/face_msg/share/face_msg/environment/ament_prefix_path.sh
[1.571s] -- Up-to-date: /home/GTL/pcastere/ros_hw1/ros2_hw1/install/face_msg/share/face_msg/environment/ament_prefix_path.dsv
[1.571s] -- Up-to-date: /home/GTL/pcastere/ros_hw1/ros2_hw1/install/face_msg/share/face_msg/environment/path.sh
[1.571s] -- Up-to-date: /home/GTL/pcastere/ros_hw1/ros2_hw1/install/face_msg/share/face_msg/environment/path.dsv
[1.571s] -- Up-to-date: /home/GTL/pcastere/ros_hw1/ros2_hw1/install/face_msg/share/face_msg/local_setup.bash
[1.571s] -- Up-to-date: /home/GTL/pcastere/ros_hw1/ros2_hw1/install/face_msg/share/face_msg/local_setup.sh
[1.572s] -- Up-to-date: /home/GTL/pcastere/ros_hw1/ros2_hw1/install/face_msg/share/face_msg/local_setup.zsh
[1.572s] -- Up-to-date: /home/GTL/pcastere/ros_hw1/ros2_hw1/install/face_msg/share/face_msg/local_setup.dsv
[1.572s] -- Installing: /home/GTL/pcastere/ros_hw1/ros2_hw1/install/face_msg/share/face_msg/package.dsv
[1.576s] -- Up-to-date: /home/GTL/pcastere/ros_hw1/ros2_hw1/install/face_msg/share/ament_index/resource_index/packages/face_msg
[1.577s] -- Up-to-date: /home/GTL/pcastere/ros_hw1/ros2_hw1/install/face_msg/share/face_msg/cmake/export_face_msg__rosidl_generator_cExport.cmake
[1.577s] -- Up-to-date: /home/GTL/pcastere/ros_hw1/ros2_hw1/install/face_msg/share/face_msg/cmake/export_face_msg__rosidl_generator_cExport-noconfig.cmake
[1.578s] -- Up-to-date: /home/GTL/pcastere/ros_hw1/ros2_hw1/install/face_msg/share/face_msg/cmake/export_face_msg__rosidl_typesupport_fastrtps_cExport.cmake
[1.578s] -- Up-to-date: /home/GTL/pcastere/ros_hw1/ros2_hw1/install/face_msg/share/face_msg/cmake/export_face_msg__rosidl_typesupport_fastrtps_cExport-noconfig.cmake
[1.579s] -- Up-to-date: /home/GTL/pcastere/ros_hw1/ros2_hw1/install/face_msg/share/face_msg/cmake/export_face_msg__rosidl_generator_cppExport.cmake
[1.580s] -- Up-to-date: /home/GTL/pcastere/ros_hw1/ros2_hw1/install/face_msg/share/face_msg/cmake/export_face_msg__rosidl_typesupport_fastrtps_cppExport.cmake
[1.580s] -- Up-to-date: /home/GTL/pcastere/ros_hw1/ros2_hw1/install/face_msg/share/face_msg/cmake/export_face_msg__rosidl_typesupport_fastrtps_cppExport-noconfig.cmake
[1.581s] -- Up-to-date: /home/GTL/pcastere/ros_hw1/ros2_hw1/install/face_msg/share/face_msg/cmake/face_msg__rosidl_typesupport_introspection_cExport.cmake
[1.582s] -- Up-to-date: /home/GTL/pcastere/ros_hw1/ros2_hw1/install/face_msg/share/face_msg/cmake/face_msg__rosidl_typesupport_introspection_cExport-noconfig.cmake
[1.582s] -- Up-to-date: /home/GTL/pcastere/ros_hw1/ros2_hw1/install/face_msg/share/face_msg/cmake/face_msg__rosidl_typesupport_cExport.cmake
[1.583s] -- Up-to-date: /home/GTL/pcastere/ros_hw1/ros2_hw1/install/face_msg/share/face_msg/cmake/face_msg__rosidl_typesupport_cExport-noconfig.cmake
[1.583s] -- Up-to-date: /home/GTL/pcastere/ros_hw1/ros2_hw1/install/face_msg/share/face_msg/cmake/face_msg__rosidl_typesupport_introspection_cppExport.cmake
[1.584s] -- Up-to-date: /home/GTL/pcastere/ros_hw1/ros2_hw1/install/face_msg/share/face_msg/cmake/face_msg__rosidl_typesupport_introspection_cppExport-noconfig.cmake
[1.585s] -- Up-to-date: /home/GTL/pcastere/ros_hw1/ros2_hw1/install/face_msg/share/face_msg/cmake/face_msg__rosidl_typesupport_cppExport.cmake
[1.585s] -- Up-to-date: /home/GTL/pcastere/ros_hw1/ros2_hw1/install/face_msg/share/face_msg/cmake/face_msg__rosidl_typesupport_cppExport-noconfig.cmake
[1.586s] -- Up-to-date: /home/GTL/pcastere/ros_hw1/ros2_hw1/install/face_msg/share/face_msg/cmake/export_face_msg__rosidl_generator_pyExport.cmake
[1.586s] -- Up-to-date: /home/GTL/pcastere/ros_hw1/ros2_hw1/install/face_msg/share/face_msg/cmake/export_face_msg__rosidl_generator_pyExport-noconfig.cmake
[1.587s] -- Up-to-date: /home/GTL/pcastere/ros_hw1/ros2_hw1/install/face_msg/share/face_msg/cmake/rosidl_cmake-extras.cmake
[1.587s] -- Up-to-date: /home/GTL/pcastere/ros_hw1/ros2_hw1/install/face_msg/share/face_msg/cmake/ament_cmake_export_dependencies-extras.cmake
[1.587s] -- Up-to-date: /home/GTL/pcastere/ros_hw1/ros2_hw1/install/face_msg/share/face_msg/cmake/ament_cmake_export_include_directories-extras.cmake
[1.588s] -- Up-to-date: /home/GTL/pcastere/ros_hw1/ros2_hw1/install/face_msg/share/face_msg/cmake/ament_cmake_export_libraries-extras.cmake
[1.588s] -- Up-to-date: /home/GTL/pcastere/ros_hw1/ros2_hw1/install/face_msg/share/face_msg/cmake/ament_cmake_export_targets-extras.cmake
[1.588s] -- Up-to-date: /home/GTL/pcastere/ros_hw1/ros2_hw1/install/face_msg/share/face_msg/cmake/rosidl_cmake_export_typesupport_targets-extras.cmake
[1.588s] -- Up-to-date: /home/GTL/pcastere/ros_hw1/ros2_hw1/install/face_msg/share/face_msg/cmake/rosidl_cmake_export_typesupport_libraries-extras.cmake
[1.589s] -- Up-to-date: /home/GTL/pcastere/ros_hw1/ros2_hw1/install/face_msg/share/face_msg/cmake/face_msgConfig.cmake
[1.589s] -- Up-to-date: /home/GTL/pcastere/ros_hw1/ros2_hw1/install/face_msg/share/face_msg/cmake/face_msgConfig-version.cmake
[1.589s] -- Up-to-date: /home/GTL/pcastere/ros_hw1/ros2_hw1/install/face_msg/share/face_msg/package.xml
[1.636s] Invoked command in '/home/GTL/pcastere/ros_hw1/ros2_hw1/build/face_msg' returned '0': CMAKE_PREFIX_PATH=${CMAKE_PREFIX_PATH}:/home/GTL/pcastere/ros_hw1/ros2_hw1/install/vrep_ros_teleop:/home/GTL/pcastere/ros_hw1/ros2_hw1/install/task_manager_client_py:/home/GTL/pcastere/ros_hw1/ros2_hw1/install/ar_slam_base:/home/GTL/pcastere/ros_hw1/ros2_hw1/install/ar_loc_base:/home/GTL/pcastere/ros_hw1/ros2_hw1/install/rover_driver_base:/home/GTL/pcastere/ros_hw1/ros2_hw1/install/keyboard_teleop:/home/GTL/pcastere/ros_hw1/ros2_hw1/install/face_detect_base:/home/GTL/pcastere/ros_hw1/ros2_hw1/install/button_server:/home/GTL/pcastere/ros_hw1/ros2_hw1/install/ar_mapping_base:/opt/ros/humble /usr/bin/cmake --install /home/GTL/pcastere/ros_hw1/ros2_hw1/build/face_msg
