[0.070s] DEBUG:colcon:Command line arguments: ['/usr/bin/colcon', 'build']
[0.070s] DEBUG:colcon:Parsed command line arguments: Namespace(log_base=None, log_level=None, verb_name='build', build_base='build', install_base='install', merge_install=False, symlink_install=False, test_result_base=None, continue_on_error=False, executor='parallel', parallel_workers=16, event_handlers=None, ignore_user_meta=False, metas=['./colcon.meta'], base_paths=['.'], packages_ignore=None, packages_ignore_regex=None, paths=None, packages_up_to=None, packages_up_to_regex=None, packages_above=None, packages_above_and_dependencies=None, packages_above_depth=None, packages_select_by_dep=None, packages_skip_by_dep=None, packages_skip_up_to=None, packages_select_build_failed=False, packages_skip_build_finished=False, packages_select_test_failures=False, packages_skip_test_passed=False, packages_select=None, packages_skip=None, packages_select_regex=None, packages_skip_regex=None, packages_start=None, packages_end=None, allow_overriding=[], cmake_args=None, cmake_target=None, cmake_target_skip_unavailable=False, cmake_clean_cache=False, cmake_clean_first=False, cmake_force_configure=False, ament_cmake_args=None, catkin_cmake_args=None, catkin_skip_building_tests=False, verb_parser=<colcon_defaults.argument_parser.defaults.DefaultArgumentsDecorator object at 0x7fa7ceedd660>, verb_extension=<colcon_core.verb.build.BuildVerb object at 0x7fa7ceedcfa0>, main=<bound method BuildVerb.main of <colcon_core.verb.build.BuildVerb object at 0x7fa7ceedcfa0>>)
[0.197s] Level 1:colcon.colcon_core.package_discovery:discover_packages(colcon_meta) check parameters
[0.197s] Level 1:colcon.colcon_core.package_discovery:discover_packages(recursive) check parameters
[0.197s] Level 1:colcon.colcon_core.package_discovery:discover_packages(ignore) check parameters
[0.197s] Level 1:colcon.colcon_core.package_discovery:discover_packages(path) check parameters
[0.197s] Level 1:colcon.colcon_core.package_discovery:discover_packages(colcon_meta) discover
[0.197s] Level 1:colcon.colcon_core.package_discovery:discover_packages(recursive) discover
[0.197s] INFO:colcon.colcon_core.package_discovery:Crawling recursively for packages in '/home/GTL/apaul/ros2_hw1'
[0.197s] Level 1:colcon.colcon_core.package_identification:_identify(.) by extensions ['ignore', 'ignore_ament_install']
[0.197s] Level 1:colcon.colcon_core.package_identification:_identify(.) by extension 'ignore'
[0.197s] Level 1:colcon.colcon_core.package_identification:_identify(.) by extension 'ignore_ament_install'
[0.198s] Level 1:colcon.colcon_core.package_identification:_identify(.) by extensions ['colcon_pkg']
[0.198s] Level 1:colcon.colcon_core.package_identification:_identify(.) by extension 'colcon_pkg'
[0.198s] Level 1:colcon.colcon_core.package_identification:_identify(.) by extensions ['colcon_meta']
[0.198s] Level 1:colcon.colcon_core.package_identification:_identify(.) by extension 'colcon_meta'
[0.198s] Level 1:colcon.colcon_core.package_identification:_identify(.) by extensions ['ros']
[0.198s] Level 1:colcon.colcon_core.package_identification:_identify(.) by extension 'ros'
[0.205s] Level 1:colcon.colcon_core.package_identification:_identify(.) by extensions ['cmake', 'python']
[0.205s] Level 1:colcon.colcon_core.package_identification:_identify(.) by extension 'cmake'
[0.205s] Level 1:colcon.colcon_core.package_identification:_identify(.) by extension 'python'
[0.205s] Level 1:colcon.colcon_core.package_identification:_identify(.) by extensions ['python_setup_py']
[0.205s] Level 1:colcon.colcon_core.package_identification:_identify(.) by extension 'python_setup_py'
[0.205s] Level 1:colcon.colcon_core.package_identification:_identify(build) by extensions ['ignore', 'ignore_ament_install']
[0.205s] Level 1:colcon.colcon_core.package_identification:_identify(build) by extension 'ignore'
[0.205s] Level 1:colcon.colcon_core.package_identification:_identify(build) ignored
[0.206s] Level 1:colcon.colcon_core.package_identification:_identify(install) by extensions ['ignore', 'ignore_ament_install']
[0.206s] Level 1:colcon.colcon_core.package_identification:_identify(install) by extension 'ignore'
[0.206s] Level 1:colcon.colcon_core.package_identification:_identify(install) ignored
[0.207s] Level 1:colcon.colcon_core.package_identification:_identify(log) by extensions ['ignore', 'ignore_ament_install']
[0.207s] Level 1:colcon.colcon_core.package_identification:_identify(log) by extension 'ignore'
[0.207s] Level 1:colcon.colcon_core.package_identification:_identify(log) ignored
[0.207s] Level 1:colcon.colcon_core.package_identification:_identify(src) by extensions ['ignore', 'ignore_ament_install']
[0.207s] Level 1:colcon.colcon_core.package_identification:_identify(src) by extension 'ignore'
[0.207s] Level 1:colcon.colcon_core.package_identification:_identify(src) by extension 'ignore_ament_install'
[0.207s] Level 1:colcon.colcon_core.package_identification:_identify(src) by extensions ['colcon_pkg']
[0.207s] Level 1:colcon.colcon_core.package_identification:_identify(src) by extension 'colcon_pkg'
[0.207s] Level 1:colcon.colcon_core.package_identification:_identify(src) by extensions ['colcon_meta']
[0.207s] Level 1:colcon.colcon_core.package_identification:_identify(src) by extension 'colcon_meta'
[0.207s] Level 1:colcon.colcon_core.package_identification:_identify(src) by extensions ['ros']
[0.207s] Level 1:colcon.colcon_core.package_identification:_identify(src) by extension 'ros'
[0.207s] Level 1:colcon.colcon_core.package_identification:_identify(src) by extensions ['cmake', 'python']
[0.207s] Level 1:colcon.colcon_core.package_identification:_identify(src) by extension 'cmake'
[0.207s] Level 1:colcon.colcon_core.package_identification:_identify(src) by extension 'python'
[0.207s] Level 1:colcon.colcon_core.package_identification:_identify(src) by extensions ['python_setup_py']
[0.207s] Level 1:colcon.colcon_core.package_identification:_identify(src) by extension 'python_setup_py'
[0.208s] Level 1:colcon.colcon_core.package_identification:_identify(src/collision_avoidance_base) by extensions ['ignore', 'ignore_ament_install']
[0.208s] Level 1:colcon.colcon_core.package_identification:_identify(src/collision_avoidance_base) by extension 'ignore'
[0.208s] Level 1:colcon.colcon_core.package_identification:_identify(src/collision_avoidance_base) by extension 'ignore_ament_install'
[0.208s] Level 1:colcon.colcon_core.package_identification:_identify(src/collision_avoidance_base) by extensions ['colcon_pkg']
[0.208s] Level 1:colcon.colcon_core.package_identification:_identify(src/collision_avoidance_base) by extension 'colcon_pkg'
[0.208s] Level 1:colcon.colcon_core.package_identification:_identify(src/collision_avoidance_base) by extensions ['colcon_meta']
[0.208s] Level 1:colcon.colcon_core.package_identification:_identify(src/collision_avoidance_base) by extension 'colcon_meta'
[0.208s] Level 1:colcon.colcon_core.package_identification:_identify(src/collision_avoidance_base) by extensions ['ros']
[0.208s] Level 1:colcon.colcon_core.package_identification:_identify(src/collision_avoidance_base) by extension 'ros'
[0.210s] DEBUG:colcon.colcon_core.package_identification:Package 'src/collision_avoidance_base' with type 'ros.ament_cmake' and name 'collision_avoidance_base'
[0.210s] Level 1:colcon.colcon_core.package_identification:_identify(src/face_detect_base) by extensions ['ignore', 'ignore_ament_install']
[0.211s] Level 1:colcon.colcon_core.package_identification:_identify(src/face_detect_base) by extension 'ignore'
[0.211s] Level 1:colcon.colcon_core.package_identification:_identify(src/face_detect_base) by extension 'ignore_ament_install'
[0.211s] Level 1:colcon.colcon_core.package_identification:_identify(src/face_detect_base) by extensions ['colcon_pkg']
[0.211s] Level 1:colcon.colcon_core.package_identification:_identify(src/face_detect_base) by extension 'colcon_pkg'
[0.211s] Level 1:colcon.colcon_core.package_identification:_identify(src/face_detect_base) by extensions ['colcon_meta']
[0.211s] Level 1:colcon.colcon_core.package_identification:_identify(src/face_detect_base) by extension 'colcon_meta'
[0.211s] Level 1:colcon.colcon_core.package_identification:_identify(src/face_detect_base) by extensions ['ros']
[0.211s] Level 1:colcon.colcon_core.package_identification:_identify(src/face_detect_base) by extension 'ros'
[0.211s] DEBUG:colcon.colcon_core.package_identification:Package 'src/face_detect_base' with type 'ros.ament_python' and name 'face_detect_base'
[0.212s] Level 1:colcon.colcon_core.package_identification:_identify(src/joy_pack) by extensions ['ignore', 'ignore_ament_install']
[0.212s] Level 1:colcon.colcon_core.package_identification:_identify(src/joy_pack) by extension 'ignore'
[0.212s] Level 1:colcon.colcon_core.package_identification:_identify(src/joy_pack) by extension 'ignore_ament_install'
[0.212s] Level 1:colcon.colcon_core.package_identification:_identify(src/joy_pack) by extensions ['colcon_pkg']
[0.212s] Level 1:colcon.colcon_core.package_identification:_identify(src/joy_pack) by extension 'colcon_pkg'
[0.212s] Level 1:colcon.colcon_core.package_identification:_identify(src/joy_pack) by extensions ['colcon_meta']
[0.212s] Level 1:colcon.colcon_core.package_identification:_identify(src/joy_pack) by extension 'colcon_meta'
[0.212s] Level 1:colcon.colcon_core.package_identification:_identify(src/joy_pack) by extensions ['ros']
[0.212s] Level 1:colcon.colcon_core.package_identification:_identify(src/joy_pack) by extension 'ros'
[0.213s] DEBUG:colcon.colcon_core.package_identification:Package 'src/joy_pack' with type 'ros.ament_cmake' and name 'joy_pack'
[0.213s] Level 1:colcon.colcon_core.package_identification:_identify(src/keyboard_teleop) by extensions ['ignore', 'ignore_ament_install']
[0.213s] Level 1:colcon.colcon_core.package_identification:_identify(src/keyboard_teleop) by extension 'ignore'
[0.213s] Level 1:colcon.colcon_core.package_identification:_identify(src/keyboard_teleop) by extension 'ignore_ament_install'
[0.213s] Level 1:colcon.colcon_core.package_identification:_identify(src/keyboard_teleop) by extensions ['colcon_pkg']
[0.214s] Level 1:colcon.colcon_core.package_identification:_identify(src/keyboard_teleop) by extension 'colcon_pkg'
[0.214s] Level 1:colcon.colcon_core.package_identification:_identify(src/keyboard_teleop) by extensions ['colcon_meta']
[0.214s] Level 1:colcon.colcon_core.package_identification:_identify(src/keyboard_teleop) by extension 'colcon_meta'
[0.214s] Level 1:colcon.colcon_core.package_identification:_identify(src/keyboard_teleop) by extensions ['ros']
[0.214s] Level 1:colcon.colcon_core.package_identification:_identify(src/keyboard_teleop) by extension 'ros'
[0.214s] DEBUG:colcon.colcon_core.package_identification:Package 'src/keyboard_teleop' with type 'ros.ament_python' and name 'keyboard_teleop'
[0.215s] Level 1:colcon.colcon_core.package_identification:_identify(src/vrep4_helpers) by extensions ['ignore', 'ignore_ament_install']
[0.215s] Level 1:colcon.colcon_core.package_identification:_identify(src/vrep4_helpers) by extension 'ignore'
[0.215s] Level 1:colcon.colcon_core.package_identification:_identify(src/vrep4_helpers) by extension 'ignore_ament_install'
[0.215s] Level 1:colcon.colcon_core.package_identification:_identify(src/vrep4_helpers) by extensions ['colcon_pkg']
[0.215s] Level 1:colcon.colcon_core.package_identification:_identify(src/vrep4_helpers) by extension 'colcon_pkg'
[0.215s] Level 1:colcon.colcon_core.package_identification:_identify(src/vrep4_helpers) by extensions ['colcon_meta']
[0.215s] Level 1:colcon.colcon_core.package_identification:_identify(src/vrep4_helpers) by extension 'colcon_meta'
[0.215s] Level 1:colcon.colcon_core.package_identification:_identify(src/vrep4_helpers) by extensions ['ros']
[0.215s] Level 1:colcon.colcon_core.package_identification:_identify(src/vrep4_helpers) by extension 'ros'
[0.216s] DEBUG:colcon.colcon_core.package_identification:Package 'src/vrep4_helpers' with type 'ros.ament_cmake' and name 'vrep4_helpers'
[0.216s] Level 1:colcon.colcon_core.package_identification:_identify(src/vrep_ros_teleop) by extensions ['ignore', 'ignore_ament_install']
[0.216s] Level 1:colcon.colcon_core.package_identification:_identify(src/vrep_ros_teleop) by extension 'ignore'
[0.216s] Level 1:colcon.colcon_core.package_identification:_identify(src/vrep_ros_teleop) by extension 'ignore_ament_install'
[0.216s] Level 1:colcon.colcon_core.package_identification:_identify(src/vrep_ros_teleop) by extensions ['colcon_pkg']
[0.216s] Level 1:colcon.colcon_core.package_identification:_identify(src/vrep_ros_teleop) by extension 'colcon_pkg'
[0.216s] Level 1:colcon.colcon_core.package_identification:_identify(src/vrep_ros_teleop) by extensions ['colcon_meta']
[0.216s] Level 1:colcon.colcon_core.package_identification:_identify(src/vrep_ros_teleop) by extension 'colcon_meta'
[0.216s] Level 1:colcon.colcon_core.package_identification:_identify(src/vrep_ros_teleop) by extensions ['ros']
[0.216s] Level 1:colcon.colcon_core.package_identification:_identify(src/vrep_ros_teleop) by extension 'ros'
[0.217s] DEBUG:colcon.colcon_core.package_identification:Package 'src/vrep_ros_teleop' with type 'ros.ament_python' and name 'vrep_ros_teleop'
[0.217s] Level 1:colcon.colcon_core.package_discovery:discover_packages(recursive) using defaults
[0.217s] Level 1:colcon.colcon_core.package_discovery:discover_packages(ignore) discover
[0.217s] Level 1:colcon.colcon_core.package_discovery:discover_packages(ignore) using defaults
[0.217s] Level 1:colcon.colcon_core.package_discovery:discover_packages(path) discover
[0.217s] Level 1:colcon.colcon_core.package_discovery:discover_packages(path) using defaults
[0.239s] Level 1:colcon.colcon_core.package_discovery:discover_packages(prefix_path) check parameters
[0.239s] Level 1:colcon.colcon_core.package_discovery:discover_packages(prefix_path) discover
[0.241s] DEBUG:colcon.colcon_installed_package_information.package_discovery:Found 407 installed packages in /opt/ros/humble
[0.242s] Level 1:colcon.colcon_core.package_discovery:discover_packages(prefix_path) using defaults
[0.272s] Level 5:colcon.colcon_core.verb:set package 'collision_avoidance_base' build argument 'cmake_args' from command line to 'None'
[0.272s] Level 5:colcon.colcon_core.verb:set package 'collision_avoidance_base' build argument 'cmake_target' from command line to 'None'
[0.272s] Level 5:colcon.colcon_core.verb:set package 'collision_avoidance_base' build argument 'cmake_target_skip_unavailable' from command line to 'False'
[0.272s] Level 5:colcon.colcon_core.verb:set package 'collision_avoidance_base' build argument 'cmake_clean_cache' from command line to 'False'
[0.272s] Level 5:colcon.colcon_core.verb:set package 'collision_avoidance_base' build argument 'cmake_clean_first' from command line to 'False'
[0.272s] Level 5:colcon.colcon_core.verb:set package 'collision_avoidance_base' build argument 'cmake_force_configure' from command line to 'False'
[0.272s] Level 5:colcon.colcon_core.verb:set package 'collision_avoidance_base' build argument 'ament_cmake_args' from command line to 'None'
[0.272s] Level 5:colcon.colcon_core.verb:set package 'collision_avoidance_base' build argument 'catkin_cmake_args' from command line to 'None'
[0.272s] Level 5:colcon.colcon_core.verb:set package 'collision_avoidance_base' build argument 'catkin_skip_building_tests' from command line to 'False'
[0.272s] DEBUG:colcon.colcon_core.verb:Building package 'collision_avoidance_base' with the following arguments: {'ament_cmake_args': None, 'build_base': '/home/GTL/apaul/ros2_hw1/build/collision_avoidance_base', 'catkin_cmake_args': None, 'catkin_skip_building_tests': False, 'cmake_args': None, 'cmake_clean_cache': False, 'cmake_clean_first': False, 'cmake_force_configure': False, 'cmake_target': None, 'cmake_target_skip_unavailable': False, 'install_base': '/home/GTL/apaul/ros2_hw1/install/collision_avoidance_base', 'merge_install': False, 'path': '/home/GTL/apaul/ros2_hw1/src/collision_avoidance_base', 'symlink_install': False, 'test_result_base': None}
[0.272s] Level 5:colcon.colcon_core.verb:set package 'face_detect_base' build argument 'cmake_args' from command line to 'None'
[0.272s] Level 5:colcon.colcon_core.verb:set package 'face_detect_base' build argument 'cmake_target' from command line to 'None'
[0.272s] Level 5:colcon.colcon_core.verb:set package 'face_detect_base' build argument 'cmake_target_skip_unavailable' from command line to 'False'
[0.272s] Level 5:colcon.colcon_core.verb:set package 'face_detect_base' build argument 'cmake_clean_cache' from command line to 'False'
[0.272s] Level 5:colcon.colcon_core.verb:set package 'face_detect_base' build argument 'cmake_clean_first' from command line to 'False'
[0.272s] Level 5:colcon.colcon_core.verb:set package 'face_detect_base' build argument 'cmake_force_configure' from command line to 'False'
[0.272s] Level 5:colcon.colcon_core.verb:set package 'face_detect_base' build argument 'ament_cmake_args' from command line to 'None'
[0.272s] Level 5:colcon.colcon_core.verb:set package 'face_detect_base' build argument 'catkin_cmake_args' from command line to 'None'
[0.272s] Level 5:colcon.colcon_core.verb:set package 'face_detect_base' build argument 'catkin_skip_building_tests' from command line to 'False'
[0.272s] DEBUG:colcon.colcon_core.verb:Building package 'face_detect_base' with the following arguments: {'ament_cmake_args': None, 'build_base': '/home/GTL/apaul/ros2_hw1/build/face_detect_base', 'catkin_cmake_args': None, 'catkin_skip_building_tests': False, 'cmake_args': None, 'cmake_clean_cache': False, 'cmake_clean_first': False, 'cmake_force_configure': False, 'cmake_target': None, 'cmake_target_skip_unavailable': False, 'install_base': '/home/GTL/apaul/ros2_hw1/install/face_detect_base', 'merge_install': False, 'path': '/home/GTL/apaul/ros2_hw1/src/face_detect_base', 'symlink_install': False, 'test_result_base': None}
[0.273s] Level 5:colcon.colcon_core.verb:set package 'joy_pack' build argument 'cmake_args' from command line to 'None'
[0.273s] Level 5:colcon.colcon_core.verb:set package 'joy_pack' build argument 'cmake_target' from command line to 'None'
[0.273s] Level 5:colcon.colcon_core.verb:set package 'joy_pack' build argument 'cmake_target_skip_unavailable' from command line to 'False'
[0.273s] Level 5:colcon.colcon_core.verb:set package 'joy_pack' build argument 'cmake_clean_cache' from command line to 'False'
[0.273s] Level 5:colcon.colcon_core.verb:set package 'joy_pack' build argument 'cmake_clean_first' from command line to 'False'
[0.273s] Level 5:colcon.colcon_core.verb:set package 'joy_pack' build argument 'cmake_force_configure' from command line to 'False'
[0.273s] Level 5:colcon.colcon_core.verb:set package 'joy_pack' build argument 'ament_cmake_args' from command line to 'None'
[0.273s] Level 5:colcon.colcon_core.verb:set package 'joy_pack' build argument 'catkin_cmake_args' from command line to 'None'
[0.273s] Level 5:colcon.colcon_core.verb:set package 'joy_pack' build argument 'catkin_skip_building_tests' from command line to 'False'
[0.273s] DEBUG:colcon.colcon_core.verb:Building package 'joy_pack' with the following arguments: {'ament_cmake_args': None, 'build_base': '/home/GTL/apaul/ros2_hw1/build/joy_pack', 'catkin_cmake_args': None, 'catkin_skip_building_tests': False, 'cmake_args': None, 'cmake_clean_cache': False, 'cmake_clean_first': False, 'cmake_force_configure': False, 'cmake_target': None, 'cmake_target_skip_unavailable': False, 'install_base': '/home/GTL/apaul/ros2_hw1/install/joy_pack', 'merge_install': False, 'path': '/home/GTL/apaul/ros2_hw1/src/joy_pack', 'symlink_install': False, 'test_result_base': None}
[0.273s] Level 5:colcon.colcon_core.verb:set package 'keyboard_teleop' build argument 'cmake_args' from command line to 'None'
[0.273s] Level 5:colcon.colcon_core.verb:set package 'keyboard_teleop' build argument 'cmake_target' from command line to 'None'
[0.273s] Level 5:colcon.colcon_core.verb:set package 'keyboard_teleop' build argument 'cmake_target_skip_unavailable' from command line to 'False'
[0.273s] Level 5:colcon.colcon_core.verb:set package 'keyboard_teleop' build argument 'cmake_clean_cache' from command line to 'False'
[0.273s] Level 5:colcon.colcon_core.verb:set package 'keyboard_teleop' build argument 'cmake_clean_first' from command line to 'False'
[0.273s] Level 5:colcon.colcon_core.verb:set package 'keyboard_teleop' build argument 'cmake_force_configure' from command line to 'False'
[0.273s] Level 5:colcon.colcon_core.verb:set package 'keyboard_teleop' build argument 'ament_cmake_args' from command line to 'None'
[0.273s] Level 5:colcon.colcon_core.verb:set package 'keyboard_teleop' build argument 'catkin_cmake_args' from command line to 'None'
[0.273s] Level 5:colcon.colcon_core.verb:set package 'keyboard_teleop' build argument 'catkin_skip_building_tests' from command line to 'False'
[0.273s] DEBUG:colcon.colcon_core.verb:Building package 'keyboard_teleop' with the following arguments: {'ament_cmake_args': None, 'build_base': '/home/GTL/apaul/ros2_hw1/build/keyboard_teleop', 'catkin_cmake_args': None, 'catkin_skip_building_tests': False, 'cmake_args': None, 'cmake_clean_cache': False, 'cmake_clean_first': False, 'cmake_force_configure': False, 'cmake_target': None, 'cmake_target_skip_unavailable': False, 'install_base': '/home/GTL/apaul/ros2_hw1/install/keyboard_teleop', 'merge_install': False, 'path': '/home/GTL/apaul/ros2_hw1/src/keyboard_teleop', 'symlink_install': False, 'test_result_base': None}
[0.273s] Level 5:colcon.colcon_core.verb:set package 'vrep4_helpers' build argument 'cmake_args' from command line to 'None'
[0.273s] Level 5:colcon.colcon_core.verb:set package 'vrep4_helpers' build argument 'cmake_target' from command line to 'None'
[0.273s] Level 5:colcon.colcon_core.verb:set package 'vrep4_helpers' build argument 'cmake_target_skip_unavailable' from command line to 'False'
[0.273s] Level 5:colcon.colcon_core.verb:set package 'vrep4_helpers' build argument 'cmake_clean_cache' from command line to 'False'
[0.273s] Level 5:colcon.colcon_core.verb:set package 'vrep4_helpers' build argument 'cmake_clean_first' from command line to 'False'
[0.273s] Level 5:colcon.colcon_core.verb:set package 'vrep4_helpers' build argument 'cmake_force_configure' from command line to 'False'
[0.273s] Level 5:colcon.colcon_core.verb:set package 'vrep4_helpers' build argument 'ament_cmake_args' from command line to 'None'
[0.273s] Level 5:colcon.colcon_core.verb:set package 'vrep4_helpers' build argument 'catkin_cmake_args' from command line to 'None'
[0.273s] Level 5:colcon.colcon_core.verb:set package 'vrep4_helpers' build argument 'catkin_skip_building_tests' from command line to 'False'
[0.273s] DEBUG:colcon.colcon_core.verb:Building package 'vrep4_helpers' with the following arguments: {'ament_cmake_args': None, 'build_base': '/home/GTL/apaul/ros2_hw1/build/vrep4_helpers', 'catkin_cmake_args': None, 'catkin_skip_building_tests': False, 'cmake_args': None, 'cmake_clean_cache': False, 'cmake_clean_first': False, 'cmake_force_configure': False, 'cmake_target': None, 'cmake_target_skip_unavailable': False, 'install_base': '/home/GTL/apaul/ros2_hw1/install/vrep4_helpers', 'merge_install': False, 'path': '/home/GTL/apaul/ros2_hw1/src/vrep4_helpers', 'symlink_install': False, 'test_result_base': None}
[0.274s] Level 5:colcon.colcon_core.verb:set package 'vrep_ros_teleop' build argument 'cmake_args' from command line to 'None'
[0.274s] Level 5:colcon.colcon_core.verb:set package 'vrep_ros_teleop' build argument 'cmake_target' from command line to 'None'
[0.274s] Level 5:colcon.colcon_core.verb:set package 'vrep_ros_teleop' build argument 'cmake_target_skip_unavailable' from command line to 'False'
[0.274s] Level 5:colcon.colcon_core.verb:set package 'vrep_ros_teleop' build argument 'cmake_clean_cache' from command line to 'False'
[0.274s] Level 5:colcon.colcon_core.verb:set package 'vrep_ros_teleop' build argument 'cmake_clean_first' from command line to 'False'
[0.274s] Level 5:colcon.colcon_core.verb:set package 'vrep_ros_teleop' build argument 'cmake_force_configure' from command line to 'False'
[0.274s] Level 5:colcon.colcon_core.verb:set package 'vrep_ros_teleop' build argument 'ament_cmake_args' from command line to 'None'
[0.274s] Level 5:colcon.colcon_core.verb:set package 'vrep_ros_teleop' build argument 'catkin_cmake_args' from command line to 'None'
[0.274s] Level 5:colcon.colcon_core.verb:set package 'vrep_ros_teleop' build argument 'catkin_skip_building_tests' from command line to 'False'
[0.274s] DEBUG:colcon.colcon_core.verb:Building package 'vrep_ros_teleop' with the following arguments: {'ament_cmake_args': None, 'build_base': '/home/GTL/apaul/ros2_hw1/build/vrep_ros_teleop', 'catkin_cmake_args': None, 'catkin_skip_building_tests': False, 'cmake_args': None, 'cmake_clean_cache': False, 'cmake_clean_first': False, 'cmake_force_configure': False, 'cmake_target': None, 'cmake_target_skip_unavailable': False, 'install_base': '/home/GTL/apaul/ros2_hw1/install/vrep_ros_teleop', 'merge_install': False, 'path': '/home/GTL/apaul/ros2_hw1/src/vrep_ros_teleop', 'symlink_install': False, 'test_result_base': None}
[0.274s] INFO:colcon.colcon_core.executor:Executing jobs using 'parallel' executor
[0.274s] DEBUG:colcon.colcon_parallel_executor.executor.parallel:run_until_complete
[0.275s] INFO:colcon.colcon_ros.task.ament_cmake.build:Building ROS package in '/home/GTL/apaul/ros2_hw1/src/collision_avoidance_base' with build type 'ament_cmake'
[0.275s] INFO:colcon.colcon_cmake.task.cmake.build:Building CMake package in '/home/GTL/apaul/ros2_hw1/src/collision_avoidance_base'
[0.276s] INFO:colcon.colcon_core.plugin_system:Skipping extension 'colcon_core.shell.bat': Not used on non-Windows systems
[0.276s] INFO:colcon.colcon_core.shell:Skip shell extension 'powershell' for command environment: Not usable outside of PowerShell
[0.276s] DEBUG:colcon.colcon_core.shell:Skip shell extension 'dsv' for command environment
[0.280s] INFO:colcon.colcon_ros.task.ament_python.build:Building ROS package in '/home/GTL/apaul/ros2_hw1/src/face_detect_base' with build type 'ament_python'
[0.281s] Level 1:colcon.colcon_core.shell:create_environment_hook('face_detect_base', 'ament_prefix_path')
[0.281s] INFO:colcon.colcon_core.shell:Creating environment hook '/home/GTL/apaul/ros2_hw1/install/face_detect_base/share/face_detect_base/hook/ament_prefix_path.ps1'
[0.284s] INFO:colcon.colcon_core.shell:Creating environment descriptor '/home/GTL/apaul/ros2_hw1/install/face_detect_base/share/face_detect_base/hook/ament_prefix_path.dsv'
[0.286s] INFO:colcon.colcon_core.shell:Creating environment hook '/home/GTL/apaul/ros2_hw1/install/face_detect_base/share/face_detect_base/hook/ament_prefix_path.sh'
[0.288s] INFO:colcon.colcon_core.shell:Skip shell extension 'powershell' for command environment: Not usable outside of PowerShell
[0.288s] DEBUG:colcon.colcon_core.shell:Skip shell extension 'dsv' for command environment
[0.293s] INFO:colcon.colcon_ros.task.ament_cmake.build:Building ROS package in '/home/GTL/apaul/ros2_hw1/src/joy_pack' with build type 'ament_cmake'
[0.293s] INFO:colcon.colcon_cmake.task.cmake.build:Building CMake package in '/home/GTL/apaul/ros2_hw1/src/joy_pack'
[0.293s] INFO:colcon.colcon_core.shell:Skip shell extension 'powershell' for command environment: Not usable outside of PowerShell
[0.293s] DEBUG:colcon.colcon_core.shell:Skip shell extension 'dsv' for command environment
[0.297s] INFO:colcon.colcon_ros.task.ament_python.build:Building ROS package in '/home/GTL/apaul/ros2_hw1/src/keyboard_teleop' with build type 'ament_python'
[0.297s] Level 1:colcon.colcon_core.shell:create_environment_hook('keyboard_teleop', 'ament_prefix_path')
[0.297s] INFO:colcon.colcon_core.shell:Creating environment hook '/home/GTL/apaul/ros2_hw1/install/keyboard_teleop/share/keyboard_teleop/hook/ament_prefix_path.ps1'
[0.299s] INFO:colcon.colcon_core.shell:Creating environment descriptor '/home/GTL/apaul/ros2_hw1/install/keyboard_teleop/share/keyboard_teleop/hook/ament_prefix_path.dsv'
[0.301s] INFO:colcon.colcon_core.shell:Creating environment hook '/home/GTL/apaul/ros2_hw1/install/keyboard_teleop/share/keyboard_teleop/hook/ament_prefix_path.sh'
[0.304s] INFO:colcon.colcon_core.shell:Skip shell extension 'powershell' for command environment: Not usable outside of PowerShell
[0.304s] DEBUG:colcon.colcon_core.shell:Skip shell extension 'dsv' for command environment
[0.308s] INFO:colcon.colcon_ros.task.ament_cmake.build:Building ROS package in '/home/GTL/apaul/ros2_hw1/src/vrep4_helpers' with build type 'ament_cmake'
[0.308s] INFO:colcon.colcon_cmake.task.cmake.build:Building CMake package in '/home/GTL/apaul/ros2_hw1/src/vrep4_helpers'
[0.308s] INFO:colcon.colcon_core.shell:Skip shell extension 'powershell' for command environment: Not usable outside of PowerShell
[0.308s] DEBUG:colcon.colcon_core.shell:Skip shell extension 'dsv' for command environment
[0.313s] INFO:colcon.colcon_ros.task.ament_python.build:Building ROS package in '/home/GTL/apaul/ros2_hw1/src/vrep_ros_teleop' with build type 'ament_python'
[0.313s] Level 1:colcon.colcon_core.shell:create_environment_hook('vrep_ros_teleop', 'ament_prefix_path')
[0.313s] INFO:colcon.colcon_core.shell:Creating environment hook '/home/GTL/apaul/ros2_hw1/install/vrep_ros_teleop/share/vrep_ros_teleop/hook/ament_prefix_path.ps1'
[0.315s] INFO:colcon.colcon_core.shell:Creating environment descriptor '/home/GTL/apaul/ros2_hw1/install/vrep_ros_teleop/share/vrep_ros_teleop/hook/ament_prefix_path.dsv'
[0.317s] INFO:colcon.colcon_core.shell:Creating environment hook '/home/GTL/apaul/ros2_hw1/install/vrep_ros_teleop/share/vrep_ros_teleop/hook/ament_prefix_path.sh'
[0.320s] INFO:colcon.colcon_core.shell:Skip shell extension 'powershell' for command environment: Not usable outside of PowerShell
[0.320s] DEBUG:colcon.colcon_core.shell:Skip shell extension 'dsv' for command environment
[0.336s] DEBUG:colcon.colcon_core.event_handler.log_command:Invoking command in '/home/GTL/apaul/ros2_hw1/build/collision_avoidance_base': CMAKE_PREFIX_PATH=/opt/ros/humble /usr/bin/cmake --build /home/GTL/apaul/ros2_hw1/build/collision_avoidance_base -- -j16 -l16
[0.525s] INFO:colcon.colcon_core.task.python.build:Building Python package in '/home/GTL/apaul/ros2_hw1/src/face_detect_base'
[0.525s] INFO:colcon.colcon_core.shell:Skip shell extension 'powershell' for command environment: Not usable outside of PowerShell
[0.525s] DEBUG:colcon.colcon_core.shell:Skip shell extension 'dsv' for command environment
[0.543s] DEBUG:colcon.colcon_core.event_handler.log_command:Invoking command in '/home/GTL/apaul/ros2_hw1/build/joy_pack': CMAKE_PREFIX_PATH=/opt/ros/humble /usr/bin/cmake --build /home/GTL/apaul/ros2_hw1/build/joy_pack -- -j16 -l16
[0.729s] INFO:colcon.colcon_core.task.python.build:Building Python package in '/home/GTL/apaul/ros2_hw1/src/keyboard_teleop'
[0.729s] INFO:colcon.colcon_core.shell:Skip shell extension 'powershell' for command environment: Not usable outside of PowerShell
[0.729s] DEBUG:colcon.colcon_core.shell:Skip shell extension 'dsv' for command environment
[0.746s] DEBUG:colcon.colcon_core.event_handler.log_command:Invoking command in '/home/GTL/apaul/ros2_hw1/build/vrep4_helpers': CMAKE_PREFIX_PATH=/opt/ros/humble /usr/bin/cmake --build /home/GTL/apaul/ros2_hw1/build/vrep4_helpers -- -j16 -l16
[0.939s] INFO:colcon.colcon_core.task.python.build:Building Python package in '/home/GTL/apaul/ros2_hw1/src/vrep_ros_teleop'
[0.939s] INFO:colcon.colcon_core.shell:Skip shell extension 'powershell' for command environment: Not usable outside of PowerShell
[0.939s] DEBUG:colcon.colcon_core.shell:Skip shell extension 'dsv' for command environment
[0.948s] DEBUG:colcon.colcon_core.event_handler.log_command:Invoked command in '/home/GTL/apaul/ros2_hw1/build/joy_pack' returned '0': CMAKE_PREFIX_PATH=/opt/ros/humble /usr/bin/cmake --build /home/GTL/apaul/ros2_hw1/build/joy_pack -- -j16 -l16
[0.960s] DEBUG:colcon.colcon_core.event_handler.log_command:Invoked command in '/home/GTL/apaul/ros2_hw1/build/vrep4_helpers' returned '0': CMAKE_PREFIX_PATH=/opt/ros/humble /usr/bin/cmake --build /home/GTL/apaul/ros2_hw1/build/vrep4_helpers -- -j16 -l16
[0.976s] DEBUG:colcon.colcon_core.event_handler.log_command:Invoking command in '/home/GTL/apaul/ros2_hw1/build/joy_pack': CMAKE_PREFIX_PATH=/opt/ros/humble /usr/bin/cmake --install /home/GTL/apaul/ros2_hw1/build/joy_pack
[0.980s] DEBUG:colcon.colcon_core.event_handler.log_command:Invoking command in '/home/GTL/apaul/ros2_hw1/build/vrep4_helpers': CMAKE_PREFIX_PATH=/opt/ros/humble /usr/bin/cmake --install /home/GTL/apaul/ros2_hw1/build/vrep4_helpers
[1.006s] Level 1:colcon.colcon_core.environment:create_environment_scripts_only(joy_pack)
[1.007s] DEBUG:colcon.colcon_core.event_handler.log_command:Invoked command in '/home/GTL/apaul/ros2_hw1/build/joy_pack' returned '0': CMAKE_PREFIX_PATH=/opt/ros/humble /usr/bin/cmake --install /home/GTL/apaul/ros2_hw1/build/joy_pack
[1.008s] Level 1:colcon.colcon_core.environment:checking '/home/GTL/apaul/ros2_hw1/install/joy_pack' for CMake module files
[1.011s] Level 1:colcon.colcon_core.environment:checking '/home/GTL/apaul/ros2_hw1/install/joy_pack' for CMake config files
[1.016s] Level 1:colcon.colcon_core.shell:create_environment_hook('joy_pack', 'cmake_prefix_path')
[1.017s] INFO:colcon.colcon_core.shell:Creating environment hook '/home/GTL/apaul/ros2_hw1/install/joy_pack/share/joy_pack/hook/cmake_prefix_path.ps1'
[1.019s] INFO:colcon.colcon_core.shell:Creating environment descriptor '/home/GTL/apaul/ros2_hw1/install/joy_pack/share/joy_pack/hook/cmake_prefix_path.dsv'
[1.021s] INFO:colcon.colcon_core.shell:Creating environment hook '/home/GTL/apaul/ros2_hw1/install/joy_pack/share/joy_pack/hook/cmake_prefix_path.sh'
[1.024s] Level 1:colcon.colcon_core.environment:checking '/home/GTL/apaul/ros2_hw1/install/joy_pack/lib'
[1.024s] Level 1:colcon.colcon_core.environment:checking '/home/GTL/apaul/ros2_hw1/install/joy_pack/bin'
[1.024s] Level 1:colcon.colcon_core.environment:checking '/home/GTL/apaul/ros2_hw1/install/joy_pack/lib/pkgconfig/joy_pack.pc'
[1.024s] Level 1:colcon.colcon_core.environment:checking '/home/GTL/apaul/ros2_hw1/install/joy_pack/lib/python3.10/site-packages'
[1.025s] Level 1:colcon.colcon_core.environment:checking '/home/GTL/apaul/ros2_hw1/install/joy_pack/bin'
[1.025s] INFO:colcon.colcon_core.shell:Creating package script '/home/GTL/apaul/ros2_hw1/install/joy_pack/share/joy_pack/package.ps1'
[1.027s] INFO:colcon.colcon_core.shell:Creating package descriptor '/home/GTL/apaul/ros2_hw1/install/joy_pack/share/joy_pack/package.dsv'
[1.029s] INFO:colcon.colcon_core.shell:Creating package script '/home/GTL/apaul/ros2_hw1/install/joy_pack/share/joy_pack/package.sh'
[1.031s] INFO:colcon.colcon_core.shell:Creating package script '/home/GTL/apaul/ros2_hw1/install/joy_pack/share/joy_pack/package.bash'
[1.032s] INFO:colcon.colcon_core.shell:Creating package script '/home/GTL/apaul/ros2_hw1/install/joy_pack/share/joy_pack/package.zsh'
[1.034s] Level 1:colcon.colcon_core.environment:create_file_with_runtime_dependencies(/home/GTL/apaul/ros2_hw1/install/joy_pack/share/colcon-core/packages/joy_pack)
[1.042s] Level 1:colcon.colcon_core.environment:create_environment_scripts_only(vrep4_helpers)
[1.043s] Level 1:colcon.colcon_core.environment:checking '/home/GTL/apaul/ros2_hw1/install/vrep4_helpers' for CMake module files
[1.043s] DEBUG:colcon.colcon_core.event_handler.log_command:Invoked command in '/home/GTL/apaul/ros2_hw1/build/vrep4_helpers' returned '0': CMAKE_PREFIX_PATH=/opt/ros/humble /usr/bin/cmake --install /home/GTL/apaul/ros2_hw1/build/vrep4_helpers
[1.045s] Level 1:colcon.colcon_core.environment:checking '/home/GTL/apaul/ros2_hw1/install/vrep4_helpers' for CMake config files
[1.047s] Level 1:colcon.colcon_core.shell:create_environment_hook('vrep4_helpers', 'cmake_prefix_path')
[1.047s] INFO:colcon.colcon_core.shell:Creating environment hook '/home/GTL/apaul/ros2_hw1/install/vrep4_helpers/share/vrep4_helpers/hook/cmake_prefix_path.ps1'
[1.049s] INFO:colcon.colcon_core.shell:Creating environment descriptor '/home/GTL/apaul/ros2_hw1/install/vrep4_helpers/share/vrep4_helpers/hook/cmake_prefix_path.dsv'
[1.051s] INFO:colcon.colcon_core.shell:Creating environment hook '/home/GTL/apaul/ros2_hw1/install/vrep4_helpers/share/vrep4_helpers/hook/cmake_prefix_path.sh'
[1.053s] Level 1:colcon.colcon_core.environment:checking '/home/GTL/apaul/ros2_hw1/install/vrep4_helpers/lib'
[1.054s] Level 1:colcon.colcon_core.environment:checking '/home/GTL/apaul/ros2_hw1/install/vrep4_helpers/bin'
[1.054s] Level 1:colcon.colcon_core.environment:checking '/home/GTL/apaul/ros2_hw1/install/vrep4_helpers/lib/pkgconfig/vrep4_helpers.pc'
[1.054s] Level 1:colcon.colcon_core.environment:checking '/home/GTL/apaul/ros2_hw1/install/vrep4_helpers/lib/python3.10/site-packages'
[1.054s] Level 1:colcon.colcon_core.environment:checking '/home/GTL/apaul/ros2_hw1/install/vrep4_helpers/bin'
[1.055s] INFO:colcon.colcon_core.shell:Creating package script '/home/GTL/apaul/ros2_hw1/install/vrep4_helpers/share/vrep4_helpers/package.ps1'
[1.056s] INFO:colcon.colcon_core.shell:Creating package descriptor '/home/GTL/apaul/ros2_hw1/install/vrep4_helpers/share/vrep4_helpers/package.dsv'
[1.058s] INFO:colcon.colcon_core.shell:Creating package script '/home/GTL/apaul/ros2_hw1/install/vrep4_helpers/share/vrep4_helpers/package.sh'
[1.060s] INFO:colcon.colcon_core.shell:Creating package script '/home/GTL/apaul/ros2_hw1/install/vrep4_helpers/share/vrep4_helpers/package.bash'
[1.062s] INFO:colcon.colcon_core.shell:Creating package script '/home/GTL/apaul/ros2_hw1/install/vrep4_helpers/share/vrep4_helpers/package.zsh'
[1.063s] Level 1:colcon.colcon_core.environment:create_file_with_runtime_dependencies(/home/GTL/apaul/ros2_hw1/install/vrep4_helpers/share/colcon-core/packages/vrep4_helpers)
[1.068s] Level 1:colcon.colcon_core.environment:create_environment_scripts_only(joy_pack)
[1.068s] Level 1:colcon.colcon_core.environment:checking '/home/GTL/apaul/ros2_hw1/install/joy_pack' for CMake module files
[1.070s] Level 1:colcon.colcon_core.environment:checking '/home/GTL/apaul/ros2_hw1/install/joy_pack' for CMake config files
[1.074s] Level 1:colcon.colcon_core.shell:create_environment_hook('joy_pack', 'cmake_prefix_path')
[1.075s] INFO:colcon.colcon_core.shell:Creating environment hook '/home/GTL/apaul/ros2_hw1/install/joy_pack/share/joy_pack/hook/cmake_prefix_path.ps1'
[1.076s] INFO:colcon.colcon_core.shell:Creating environment descriptor '/home/GTL/apaul/ros2_hw1/install/joy_pack/share/joy_pack/hook/cmake_prefix_path.dsv'
[1.078s] INFO:colcon.colcon_core.shell:Creating environment hook '/home/GTL/apaul/ros2_hw1/install/joy_pack/share/joy_pack/hook/cmake_prefix_path.sh'
[1.081s] Level 1:colcon.colcon_core.environment:checking '/home/GTL/apaul/ros2_hw1/install/joy_pack/lib'
[1.081s] Level 1:colcon.colcon_core.environment:checking '/home/GTL/apaul/ros2_hw1/install/joy_pack/bin'
[1.081s] Level 1:colcon.colcon_core.environment:checking '/home/GTL/apaul/ros2_hw1/install/joy_pack/lib/pkgconfig/joy_pack.pc'
[1.082s] Level 1:colcon.colcon_core.environment:checking '/home/GTL/apaul/ros2_hw1/install/joy_pack/lib/python3.10/site-packages'
[1.082s] Level 1:colcon.colcon_core.environment:checking '/home/GTL/apaul/ros2_hw1/install/joy_pack/bin'
[1.082s] INFO:colcon.colcon_core.shell:Creating package script '/home/GTL/apaul/ros2_hw1/install/joy_pack/share/joy_pack/package.ps1'
[1.084s] INFO:colcon.colcon_core.shell:Creating package descriptor '/home/GTL/apaul/ros2_hw1/install/joy_pack/share/joy_pack/package.dsv'
[1.086s] INFO:colcon.colcon_core.shell:Creating package script '/home/GTL/apaul/ros2_hw1/install/joy_pack/share/joy_pack/package.sh'
[1.089s] INFO:colcon.colcon_core.shell:Creating package script '/home/GTL/apaul/ros2_hw1/install/joy_pack/share/joy_pack/package.bash'
[1.090s] INFO:colcon.colcon_core.shell:Creating package script '/home/GTL/apaul/ros2_hw1/install/joy_pack/share/joy_pack/package.zsh'
[1.092s] Level 1:colcon.colcon_core.environment:create_file_with_runtime_dependencies(/home/GTL/apaul/ros2_hw1/install/joy_pack/share/colcon-core/packages/joy_pack)
[1.094s] Level 1:colcon.colcon_core.environment:create_environment_scripts_only(vrep4_helpers)
[1.094s] Level 1:colcon.colcon_core.environment:checking '/home/GTL/apaul/ros2_hw1/install/vrep4_helpers' for CMake module files
[1.095s] Level 1:colcon.colcon_core.environment:checking '/home/GTL/apaul/ros2_hw1/install/vrep4_helpers' for CMake config files
[1.098s] Level 1:colcon.colcon_core.shell:create_environment_hook('vrep4_helpers', 'cmake_prefix_path')
[1.098s] INFO:colcon.colcon_core.shell:Creating environment hook '/home/GTL/apaul/ros2_hw1/install/vrep4_helpers/share/vrep4_helpers/hook/cmake_prefix_path.ps1'
[1.099s] INFO:colcon.colcon_core.shell:Creating environment descriptor '/home/GTL/apaul/ros2_hw1/install/vrep4_helpers/share/vrep4_helpers/hook/cmake_prefix_path.dsv'
[1.101s] INFO:colcon.colcon_core.shell:Creating environment hook '/home/GTL/apaul/ros2_hw1/install/vrep4_helpers/share/vrep4_helpers/hook/cmake_prefix_path.sh'
[1.103s] Level 1:colcon.colcon_core.environment:checking '/home/GTL/apaul/ros2_hw1/install/vrep4_helpers/lib'
[1.103s] Level 1:colcon.colcon_core.environment:checking '/home/GTL/apaul/ros2_hw1/install/vrep4_helpers/bin'
[1.103s] Level 1:colcon.colcon_core.environment:checking '/home/GTL/apaul/ros2_hw1/install/vrep4_helpers/lib/pkgconfig/vrep4_helpers.pc'
[1.103s] Level 1:colcon.colcon_core.environment:checking '/home/GTL/apaul/ros2_hw1/install/vrep4_helpers/lib/python3.10/site-packages'
[1.103s] Level 1:colcon.colcon_core.environment:checking '/home/GTL/apaul/ros2_hw1/install/vrep4_helpers/bin'
[1.104s] INFO:colcon.colcon_core.shell:Creating package script '/home/GTL/apaul/ros2_hw1/install/vrep4_helpers/share/vrep4_helpers/package.ps1'
[1.105s] INFO:colcon.colcon_core.shell:Creating package descriptor '/home/GTL/apaul/ros2_hw1/install/vrep4_helpers/share/vrep4_helpers/package.dsv'
[1.107s] INFO:colcon.colcon_core.shell:Creating package script '/home/GTL/apaul/ros2_hw1/install/vrep4_helpers/share/vrep4_helpers/package.sh'
[1.108s] INFO:colcon.colcon_core.shell:Creating package script '/home/GTL/apaul/ros2_hw1/install/vrep4_helpers/share/vrep4_helpers/package.bash'
[1.110s] INFO:colcon.colcon_core.shell:Creating package script '/home/GTL/apaul/ros2_hw1/install/vrep4_helpers/share/vrep4_helpers/package.zsh'
[1.111s] Level 1:colcon.colcon_core.environment:create_file_with_runtime_dependencies(/home/GTL/apaul/ros2_hw1/install/vrep4_helpers/share/colcon-core/packages/vrep4_helpers)
[1.288s] DEBUG:colcon.colcon_core.event_handler.log_command:Invoking command in '/home/GTL/apaul/ros2_hw1/src/keyboard_teleop': PYTHONPATH=/home/GTL/apaul/ros2_hw1/build/keyboard_teleop/prefix_override:/usr/lib/python3/dist-packages/colcon_core/task/python/colcon_distutils_commands:/home/GTL/apaul/ros2_hw1/install/keyboard_teleop/lib/python3.10/site-packages:${PYTHONPATH} /usr/bin/python3 -W ignore:setup.py install is deprecated setup.py egg_info --egg-base ../../build/keyboard_teleop build --build-base /home/GTL/apaul/ros2_hw1/build/keyboard_teleop/build install --record /home/GTL/apaul/ros2_hw1/build/keyboard_teleop/install.log --single-version-externally-managed install_data
[1.294s] DEBUG:colcon.colcon_core.event_handler.log_command:Invoking command in '/home/GTL/apaul/ros2_hw1/src/vrep_ros_teleop': PYTHONPATH=/home/GTL/apaul/ros2_hw1/build/vrep_ros_teleop/prefix_override:/usr/lib/python3/dist-packages/colcon_core/task/python/colcon_distutils_commands:/home/GTL/apaul/ros2_hw1/install/vrep_ros_teleop/lib/python3.10/site-packages:${PYTHONPATH} /usr/bin/python3 -W ignore:setup.py install is deprecated setup.py egg_info --egg-base ../../build/vrep_ros_teleop build --build-base /home/GTL/apaul/ros2_hw1/build/vrep_ros_teleop/build install --record /home/GTL/apaul/ros2_hw1/build/vrep_ros_teleop/install.log --single-version-externally-managed install_data
[1.300s] DEBUG:colcon.colcon_core.event_handler.log_command:Invoking command in '/home/GTL/apaul/ros2_hw1/src/face_detect_base': PYTHONPATH=/home/GTL/apaul/ros2_hw1/build/face_detect_base/prefix_override:/usr/lib/python3/dist-packages/colcon_core/task/python/colcon_distutils_commands:/home/GTL/apaul/ros2_hw1/install/face_detect_base/lib/python3.10/site-packages:${PYTHONPATH} /usr/bin/python3 -W ignore:setup.py install is deprecated setup.py egg_info --egg-base ../../build/face_detect_base build --build-base /home/GTL/apaul/ros2_hw1/build/face_detect_base/build install --record /home/GTL/apaul/ros2_hw1/build/face_detect_base/install.log --single-version-externally-managed install_data
[1.566s] Level 1:colcon.colcon_core.environment:checking '/home/GTL/apaul/ros2_hw1/install/keyboard_teleop' for CMake module files
[1.566s] DEBUG:colcon.colcon_core.event_handler.log_command:Invoked command in '/home/GTL/apaul/ros2_hw1/src/keyboard_teleop' returned '0': PYTHONPATH=/home/GTL/apaul/ros2_hw1/build/keyboard_teleop/prefix_override:/usr/lib/python3/dist-packages/colcon_core/task/python/colcon_distutils_commands:/home/GTL/apaul/ros2_hw1/install/keyboard_teleop/lib/python3.10/site-packages:${PYTHONPATH} /usr/bin/python3 -W ignore:setup.py install is deprecated setup.py egg_info --egg-base ../../build/keyboard_teleop build --build-base /home/GTL/apaul/ros2_hw1/build/keyboard_teleop/build install --record /home/GTL/apaul/ros2_hw1/build/keyboard_teleop/install.log --single-version-externally-managed install_data
[1.569s] Level 1:colcon.colcon_core.environment:checking '/home/GTL/apaul/ros2_hw1/install/keyboard_teleop' for CMake config files
[1.575s] Level 1:colcon.colcon_core.environment:checking '/home/GTL/apaul/ros2_hw1/install/keyboard_teleop/lib'
[1.575s] Level 1:colcon.colcon_core.environment:checking '/home/GTL/apaul/ros2_hw1/install/keyboard_teleop/bin'
[1.575s] Level 1:colcon.colcon_core.environment:checking '/home/GTL/apaul/ros2_hw1/install/keyboard_teleop/lib/pkgconfig/keyboard_teleop.pc'
[1.575s] Level 1:colcon.colcon_core.environment:checking '/home/GTL/apaul/ros2_hw1/install/keyboard_teleop/lib/python3.10/site-packages'
[1.575s] Level 1:colcon.colcon_core.shell:create_environment_hook('keyboard_teleop', 'pythonpath')
[1.576s] INFO:colcon.colcon_core.shell:Creating environment hook '/home/GTL/apaul/ros2_hw1/install/keyboard_teleop/share/keyboard_teleop/hook/pythonpath.ps1'
[1.577s] INFO:colcon.colcon_core.shell:Creating environment descriptor '/home/GTL/apaul/ros2_hw1/install/keyboard_teleop/share/keyboard_teleop/hook/pythonpath.dsv'
[1.579s] INFO:colcon.colcon_core.shell:Creating environment hook '/home/GTL/apaul/ros2_hw1/install/keyboard_teleop/share/keyboard_teleop/hook/pythonpath.sh'
[1.581s] Level 1:colcon.colcon_core.environment:checking '/home/GTL/apaul/ros2_hw1/install/keyboard_teleop/bin'
[1.581s] Level 1:colcon.colcon_core.environment:create_environment_scripts_only(keyboard_teleop)
[1.581s] INFO:colcon.colcon_core.shell:Creating package script '/home/GTL/apaul/ros2_hw1/install/keyboard_teleop/share/keyboard_teleop/package.ps1'
[1.583s] INFO:colcon.colcon_core.shell:Creating package descriptor '/home/GTL/apaul/ros2_hw1/install/keyboard_teleop/share/keyboard_teleop/package.dsv'
[1.584s] INFO:colcon.colcon_core.shell:Creating package script '/home/GTL/apaul/ros2_hw1/install/keyboard_teleop/share/keyboard_teleop/package.sh'
[1.586s] INFO:colcon.colcon_core.shell:Creating package script '/home/GTL/apaul/ros2_hw1/install/keyboard_teleop/share/keyboard_teleop/package.bash'
[1.587s] INFO:colcon.colcon_core.shell:Creating package script '/home/GTL/apaul/ros2_hw1/install/keyboard_teleop/share/keyboard_teleop/package.zsh'
[1.589s] Level 1:colcon.colcon_core.environment:create_file_with_runtime_dependencies(/home/GTL/apaul/ros2_hw1/install/keyboard_teleop/share/colcon-core/packages/keyboard_teleop)
[1.591s] Level 1:colcon.colcon_core.environment:checking '/home/GTL/apaul/ros2_hw1/install/face_detect_base' for CMake module files
[1.594s] Level 1:colcon.colcon_core.environment:checking '/home/GTL/apaul/ros2_hw1/install/face_detect_base' for CMake config files
[1.594s] DEBUG:colcon.colcon_core.event_handler.log_command:Invoked command in '/home/GTL/apaul/ros2_hw1/src/face_detect_base' returned '0': PYTHONPATH=/home/GTL/apaul/ros2_hw1/build/face_detect_base/prefix_override:/usr/lib/python3/dist-packages/colcon_core/task/python/colcon_distutils_commands:/home/GTL/apaul/ros2_hw1/install/face_detect_base/lib/python3.10/site-packages:${PYTHONPATH} /usr/bin/python3 -W ignore:setup.py install is deprecated setup.py egg_info --egg-base ../../build/face_detect_base build --build-base /home/GTL/apaul/ros2_hw1/build/face_detect_base/build install --record /home/GTL/apaul/ros2_hw1/build/face_detect_base/install.log --single-version-externally-managed install_data
[1.600s] Level 1:colcon.colcon_core.environment:checking '/home/GTL/apaul/ros2_hw1/install/face_detect_base/lib'
[1.601s] Level 1:colcon.colcon_core.environment:checking '/home/GTL/apaul/ros2_hw1/install/face_detect_base/bin'
[1.601s] Level 1:colcon.colcon_core.environment:checking '/home/GTL/apaul/ros2_hw1/install/face_detect_base/lib/pkgconfig/face_detect_base.pc'
[1.601s] Level 1:colcon.colcon_core.environment:checking '/home/GTL/apaul/ros2_hw1/install/face_detect_base/lib/python3.10/site-packages'
[1.601s] Level 1:colcon.colcon_core.shell:create_environment_hook('face_detect_base', 'pythonpath')
[1.602s] INFO:colcon.colcon_core.shell:Creating environment hook '/home/GTL/apaul/ros2_hw1/install/face_detect_base/share/face_detect_base/hook/pythonpath.ps1'
[1.604s] INFO:colcon.colcon_core.shell:Creating environment descriptor '/home/GTL/apaul/ros2_hw1/install/face_detect_base/share/face_detect_base/hook/pythonpath.dsv'
[1.605s] INFO:colcon.colcon_core.shell:Creating environment hook '/home/GTL/apaul/ros2_hw1/install/face_detect_base/share/face_detect_base/hook/pythonpath.sh'
[1.607s] Level 1:colcon.colcon_core.environment:checking '/home/GTL/apaul/ros2_hw1/install/face_detect_base/bin'
[1.607s] Level 1:colcon.colcon_core.environment:create_environment_scripts_only(face_detect_base)
[1.608s] INFO:colcon.colcon_core.shell:Creating package script '/home/GTL/apaul/ros2_hw1/install/face_detect_base/share/face_detect_base/package.ps1'
[1.609s] INFO:colcon.colcon_core.shell:Creating package descriptor '/home/GTL/apaul/ros2_hw1/install/face_detect_base/share/face_detect_base/package.dsv'
[1.610s] INFO:colcon.colcon_core.shell:Creating package script '/home/GTL/apaul/ros2_hw1/install/face_detect_base/share/face_detect_base/package.sh'
[1.612s] INFO:colcon.colcon_core.shell:Creating package script '/home/GTL/apaul/ros2_hw1/install/face_detect_base/share/face_detect_base/package.bash'
[1.613s] INFO:colcon.colcon_core.shell:Creating package script '/home/GTL/apaul/ros2_hw1/install/face_detect_base/share/face_detect_base/package.zsh'
[1.615s] Level 1:colcon.colcon_core.environment:create_file_with_runtime_dependencies(/home/GTL/apaul/ros2_hw1/install/face_detect_base/share/colcon-core/packages/face_detect_base)
[1.616s] Level 1:colcon.colcon_core.environment:checking '/home/GTL/apaul/ros2_hw1/install/vrep_ros_teleop' for CMake module files
[1.618s] Level 1:colcon.colcon_core.environment:checking '/home/GTL/apaul/ros2_hw1/install/vrep_ros_teleop' for CMake config files
[1.619s] DEBUG:colcon.colcon_core.event_handler.log_command:Invoked command in '/home/GTL/apaul/ros2_hw1/src/vrep_ros_teleop' returned '0': PYTHONPATH=/home/GTL/apaul/ros2_hw1/build/vrep_ros_teleop/prefix_override:/usr/lib/python3/dist-packages/colcon_core/task/python/colcon_distutils_commands:/home/GTL/apaul/ros2_hw1/install/vrep_ros_teleop/lib/python3.10/site-packages:${PYTHONPATH} /usr/bin/python3 -W ignore:setup.py install is deprecated setup.py egg_info --egg-base ../../build/vrep_ros_teleop build --build-base /home/GTL/apaul/ros2_hw1/build/vrep_ros_teleop/build install --record /home/GTL/apaul/ros2_hw1/build/vrep_ros_teleop/install.log --single-version-externally-managed install_data
[1.624s] Level 1:colcon.colcon_core.environment:checking '/home/GTL/apaul/ros2_hw1/install/vrep_ros_teleop/lib'
[1.624s] Level 1:colcon.colcon_core.environment:checking '/home/GTL/apaul/ros2_hw1/install/vrep_ros_teleop/bin'
[1.624s] Level 1:colcon.colcon_core.environment:checking '/home/GTL/apaul/ros2_hw1/install/vrep_ros_teleop/lib/pkgconfig/vrep_ros_teleop.pc'
[1.624s] Level 1:colcon.colcon_core.environment:checking '/home/GTL/apaul/ros2_hw1/install/vrep_ros_teleop/lib/python3.10/site-packages'
[1.625s] Level 1:colcon.colcon_core.shell:create_environment_hook('vrep_ros_teleop', 'pythonpath')
[1.625s] INFO:colcon.colcon_core.shell:Creating environment hook '/home/GTL/apaul/ros2_hw1/install/vrep_ros_teleop/share/vrep_ros_teleop/hook/pythonpath.ps1'
[1.626s] INFO:colcon.colcon_core.shell:Creating environment descriptor '/home/GTL/apaul/ros2_hw1/install/vrep_ros_teleop/share/vrep_ros_teleop/hook/pythonpath.dsv'
[1.628s] INFO:colcon.colcon_core.shell:Creating environment hook '/home/GTL/apaul/ros2_hw1/install/vrep_ros_teleop/share/vrep_ros_teleop/hook/pythonpath.sh'
[1.630s] Level 1:colcon.colcon_core.environment:checking '/home/GTL/apaul/ros2_hw1/install/vrep_ros_teleop/bin'
[1.630s] Level 1:colcon.colcon_core.environment:create_environment_scripts_only(vrep_ros_teleop)
[1.631s] INFO:colcon.colcon_core.shell:Creating package script '/home/GTL/apaul/ros2_hw1/install/vrep_ros_teleop/share/vrep_ros_teleop/package.ps1'
[1.632s] INFO:colcon.colcon_core.shell:Creating package descriptor '/home/GTL/apaul/ros2_hw1/install/vrep_ros_teleop/share/vrep_ros_teleop/package.dsv'
[1.634s] INFO:colcon.colcon_core.shell:Creating package script '/home/GTL/apaul/ros2_hw1/install/vrep_ros_teleop/share/vrep_ros_teleop/package.sh'
[1.636s] INFO:colcon.colcon_core.shell:Creating package script '/home/GTL/apaul/ros2_hw1/install/vrep_ros_teleop/share/vrep_ros_teleop/package.bash'
[1.637s] INFO:colcon.colcon_core.shell:Creating package script '/home/GTL/apaul/ros2_hw1/install/vrep_ros_teleop/share/vrep_ros_teleop/package.zsh'
[1.639s] Level 1:colcon.colcon_core.environment:create_file_with_runtime_dependencies(/home/GTL/apaul/ros2_hw1/install/vrep_ros_teleop/share/colcon-core/packages/vrep_ros_teleop)
[21.811s] DEBUG:colcon.colcon_core.event_handler.log_command:Invoked command in '/home/GTL/apaul/ros2_hw1/build/collision_avoidance_base' returned '0': CMAKE_PREFIX_PATH=/opt/ros/humble /usr/bin/cmake --build /home/GTL/apaul/ros2_hw1/build/collision_avoidance_base -- -j16 -l16
[21.828s] DEBUG:colcon.colcon_core.event_handler.log_command:Invoking command in '/home/GTL/apaul/ros2_hw1/build/collision_avoidance_base': CMAKE_PREFIX_PATH=/opt/ros/humble /usr/bin/cmake --install /home/GTL/apaul/ros2_hw1/build/collision_avoidance_base
[22.104s] Level 1:colcon.colcon_core.environment:create_environment_scripts_only(collision_avoidance_base)
[22.104s] Level 1:colcon.colcon_core.environment:checking '/home/GTL/apaul/ros2_hw1/install/collision_avoidance_base' for CMake module files
[22.104s] DEBUG:colcon.colcon_core.event_handler.log_command:Invoked command in '/home/GTL/apaul/ros2_hw1/build/collision_avoidance_base' returned '0': CMAKE_PREFIX_PATH=/opt/ros/humble /usr/bin/cmake --install /home/GTL/apaul/ros2_hw1/build/collision_avoidance_base
[22.106s] Level 1:colcon.colcon_core.environment:checking '/home/GTL/apaul/ros2_hw1/install/collision_avoidance_base' for CMake config files
[22.110s] Level 1:colcon.colcon_core.shell:create_environment_hook('collision_avoidance_base', 'cmake_prefix_path')
[22.110s] INFO:colcon.colcon_core.shell:Creating environment hook '/home/GTL/apaul/ros2_hw1/install/collision_avoidance_base/share/collision_avoidance_base/hook/cmake_prefix_path.ps1'
[22.112s] INFO:colcon.colcon_core.shell:Creating environment descriptor '/home/GTL/apaul/ros2_hw1/install/collision_avoidance_base/share/collision_avoidance_base/hook/cmake_prefix_path.dsv'
[22.113s] INFO:colcon.colcon_core.shell:Creating environment hook '/home/GTL/apaul/ros2_hw1/install/collision_avoidance_base/share/collision_avoidance_base/hook/cmake_prefix_path.sh'
[22.115s] Level 1:colcon.colcon_core.environment:checking '/home/GTL/apaul/ros2_hw1/install/collision_avoidance_base/lib'
[22.116s] Level 1:colcon.colcon_core.environment:checking '/home/GTL/apaul/ros2_hw1/install/collision_avoidance_base/bin'
[22.116s] Level 1:colcon.colcon_core.environment:checking '/home/GTL/apaul/ros2_hw1/install/collision_avoidance_base/lib/pkgconfig/collision_avoidance_base.pc'
[22.116s] Level 1:colcon.colcon_core.environment:checking '/home/GTL/apaul/ros2_hw1/install/collision_avoidance_base/lib/python3.10/site-packages'
[22.116s] Level 1:colcon.colcon_core.environment:checking '/home/GTL/apaul/ros2_hw1/install/collision_avoidance_base/bin'
[22.116s] INFO:colcon.colcon_core.shell:Creating package script '/home/GTL/apaul/ros2_hw1/install/collision_avoidance_base/share/collision_avoidance_base/package.ps1'
[22.117s] INFO:colcon.colcon_core.shell:Creating package descriptor '/home/GTL/apaul/ros2_hw1/install/collision_avoidance_base/share/collision_avoidance_base/package.dsv'
[22.119s] INFO:colcon.colcon_core.shell:Creating package script '/home/GTL/apaul/ros2_hw1/install/collision_avoidance_base/share/collision_avoidance_base/package.sh'
[22.121s] INFO:colcon.colcon_core.shell:Creating package script '/home/GTL/apaul/ros2_hw1/install/collision_avoidance_base/share/collision_avoidance_base/package.bash'
[22.122s] INFO:colcon.colcon_core.shell:Creating package script '/home/GTL/apaul/ros2_hw1/install/collision_avoidance_base/share/collision_avoidance_base/package.zsh'
[22.123s] Level 1:colcon.colcon_core.environment:create_file_with_runtime_dependencies(/home/GTL/apaul/ros2_hw1/install/collision_avoidance_base/share/colcon-core/packages/collision_avoidance_base)
[22.141s] Level 1:colcon.colcon_core.environment:create_environment_scripts_only(collision_avoidance_base)
[22.141s] Level 1:colcon.colcon_core.environment:checking '/home/GTL/apaul/ros2_hw1/install/collision_avoidance_base' for CMake module files
[22.142s] Level 1:colcon.colcon_core.environment:checking '/home/GTL/apaul/ros2_hw1/install/collision_avoidance_base' for CMake config files
[22.145s] Level 1:colcon.colcon_core.shell:create_environment_hook('collision_avoidance_base', 'cmake_prefix_path')
[22.145s] INFO:colcon.colcon_core.shell:Creating environment hook '/home/GTL/apaul/ros2_hw1/install/collision_avoidance_base/share/collision_avoidance_base/hook/cmake_prefix_path.ps1'
[22.147s] INFO:colcon.colcon_core.shell:Creating environment descriptor '/home/GTL/apaul/ros2_hw1/install/collision_avoidance_base/share/collision_avoidance_base/hook/cmake_prefix_path.dsv'
[22.148s] INFO:colcon.colcon_core.shell:Creating environment hook '/home/GTL/apaul/ros2_hw1/install/collision_avoidance_base/share/collision_avoidance_base/hook/cmake_prefix_path.sh'
[22.150s] Level 1:colcon.colcon_core.environment:checking '/home/GTL/apaul/ros2_hw1/install/collision_avoidance_base/lib'
[22.151s] Level 1:colcon.colcon_core.environment:checking '/home/GTL/apaul/ros2_hw1/install/collision_avoidance_base/bin'
[22.151s] Level 1:colcon.colcon_core.environment:checking '/home/GTL/apaul/ros2_hw1/install/collision_avoidance_base/lib/pkgconfig/collision_avoidance_base.pc'
[22.151s] Level 1:colcon.colcon_core.environment:checking '/home/GTL/apaul/ros2_hw1/install/collision_avoidance_base/lib/python3.10/site-packages'
[22.151s] Level 1:colcon.colcon_core.environment:checking '/home/GTL/apaul/ros2_hw1/install/collision_avoidance_base/bin'
[22.151s] INFO:colcon.colcon_core.shell:Creating package script '/home/GTL/apaul/ros2_hw1/install/collision_avoidance_base/share/collision_avoidance_base/package.ps1'
[22.153s] INFO:colcon.colcon_core.shell:Creating package descriptor '/home/GTL/apaul/ros2_hw1/install/collision_avoidance_base/share/collision_avoidance_base/package.dsv'
[22.154s] INFO:colcon.colcon_core.shell:Creating package script '/home/GTL/apaul/ros2_hw1/install/collision_avoidance_base/share/collision_avoidance_base/package.sh'
[22.155s] INFO:colcon.colcon_core.shell:Creating package script '/home/GTL/apaul/ros2_hw1/install/collision_avoidance_base/share/collision_avoidance_base/package.bash'
[22.157s] INFO:colcon.colcon_core.shell:Creating package script '/home/GTL/apaul/ros2_hw1/install/collision_avoidance_base/share/collision_avoidance_base/package.zsh'
[22.158s] Level 1:colcon.colcon_core.environment:create_file_with_runtime_dependencies(/home/GTL/apaul/ros2_hw1/install/collision_avoidance_base/share/colcon-core/packages/collision_avoidance_base)
[22.160s] DEBUG:colcon.colcon_parallel_executor.executor.parallel:closing loop
[22.160s] DEBUG:colcon.colcon_parallel_executor.executor.parallel:loop closed
[22.160s] DEBUG:colcon.colcon_parallel_executor.executor.parallel:run_until_complete finished with '0'
[22.160s] DEBUG:colcon.colcon_core.event_reactor:joining thread
[22.165s] INFO:colcon.colcon_core.plugin_system:Skipping extension 'colcon_notification.desktop_notification.terminal_notifier': Not used on non-Darwin systems
[22.165s] INFO:colcon.colcon_core.plugin_system:Skipping extension 'colcon_notification.desktop_notification.win32': Not used on non-Windows systems
[22.165s] INFO:colcon.colcon_notification.desktop_notification:Sending desktop notification using 'notify2'
[22.173s] DEBUG:colcon.colcon_core.event_reactor:joined thread
[22.173s] INFO:colcon.colcon_core.shell:Creating prefix script '/home/GTL/apaul/ros2_hw1/install/local_setup.ps1'
[22.176s] INFO:colcon.colcon_core.shell:Creating prefix util module '/home/GTL/apaul/ros2_hw1/install/_local_setup_util_ps1.py'
[22.178s] INFO:colcon.colcon_core.shell:Creating prefix chain script '/home/GTL/apaul/ros2_hw1/install/setup.ps1'
[22.180s] INFO:colcon.colcon_core.shell:Creating prefix script '/home/GTL/apaul/ros2_hw1/install/local_setup.sh'
[22.182s] INFO:colcon.colcon_core.shell:Creating prefix util module '/home/GTL/apaul/ros2_hw1/install/_local_setup_util_sh.py'
[22.184s] INFO:colcon.colcon_core.shell:Creating prefix chain script '/home/GTL/apaul/ros2_hw1/install/setup.sh'
[22.186s] INFO:colcon.colcon_core.shell:Creating prefix script '/home/GTL/apaul/ros2_hw1/install/local_setup.bash'
[22.188s] INFO:colcon.colcon_core.shell:Creating prefix chain script '/home/GTL/apaul/ros2_hw1/install/setup.bash'
[22.190s] INFO:colcon.colcon_core.shell:Creating prefix script '/home/GTL/apaul/ros2_hw1/install/local_setup.zsh'
[22.192s] INFO:colcon.colcon_core.shell:Creating prefix chain script '/home/GTL/apaul/ros2_hw1/install/setup.zsh'
