[0.070s] Invoking command in '/home/GTL/apaul/ros2_hw1/build/cs7630_msgs': CMAKE_PREFIX_PATH=/opt/ros/humble /usr/bin/cmake --build /home/GTL/apaul/ros2_hw1/build/cs7630_msgs -- -j16 -l16
[0.862s] [  4%] Built target cs7630_msgs__cpp
[0.862s] [ 12%] Built target cs7630_msgs__rosidl_generator_c
[0.862s] [ 51%] Built target cs7630_msgs__rosidl_typesupport_cpp
[0.862s] [ 59%] Built target cs7630_msgs__rosidl_typesupport_introspection_cpp
[0.862s] [ 51%] Built target cs7630_msgs__rosidl_typesupport_fastrtps_cpp
[0.862s] [ 76%] Built target cs7630_msgs__rosidl_typesupport_c
[0.862s] [ 76%] Built target cs7630_msgs__rosidl_typesupport_introspection_c
[0.862s] [ 76%] Built target cs7630_msgs__rosidl_typesupport_fastrtps_c
[0.862s] [ 76%] Built target ament_cmake_python_copy_cs7630_msgs
[0.862s] [ 76%] Built target cs7630_msgs
[0.862s] [ 78%] Built target cs7630_msgs__py
[0.862s] [ 87%] Built target cs7630_msgs__rosidl_generator_py
[0.862s] [100%] Built target cs7630_msgs__rosidl_typesupport_c__pyext
[0.863s] [100%] Built target cs7630_msgs__rosidl_typesupport_introspection_c__pyext
[0.863s] [100%] Built target cs7630_msgs__rosidl_typesupport_fastrtps_c__pyext
[0.863s] running egg_info
[0.863s] writing cs7630_msgs.egg-info/PKG-INFO
[0.863s] writing dependency_links to cs7630_msgs.egg-info/dependency_links.txt
[0.863s] writing top-level names to cs7630_msgs.egg-info/top_level.txt
[0.863s] reading manifest file 'cs7630_msgs.egg-info/SOURCES.txt'
[0.863s] writing manifest file 'cs7630_msgs.egg-info/SOURCES.txt'
[0.863s] [100%] Built target ament_cmake_python_build_cs7630_msgs_egg
[1.050s] Invoked command in '/home/GTL/apaul/ros2_hw1/build/cs7630_msgs' returned '0': CMAKE_PREFIX_PATH=/opt/ros/humble /usr/bin/cmake --build /home/GTL/apaul/ros2_hw1/build/cs7630_msgs -- -j16 -l16
[1.116s] Invoking command in '/home/GTL/apaul/ros2_hw1/build/cs7630_msgs': CMAKE_PREFIX_PATH=/opt/ros/humble /usr/bin/cmake --install /home/GTL/apaul/ros2_hw1/build/cs7630_msgs
[1.121s] -- Install configuration: ""
[1.121s] -- Up-to-date: /home/GTL/apaul/ros2_hw1/install/cs7630_msgs/share/ament_index/resource_index/rosidl_interfaces/cs7630_msgs
[1.121s] -- Up-to-date: /home/GTL/apaul/ros2_hw1/install/cs7630_msgs/include/cs7630_msgs/cs7630_msgs
[1.122s] -- Up-to-date: /home/GTL/apaul/ros2_hw1/install/cs7630_msgs/include/cs7630_msgs/cs7630_msgs/msg
[1.122s] -- Up-to-date: /home/GTL/apaul/ros2_hw1/install/cs7630_msgs/include/cs7630_msgs/cs7630_msgs/msg/trajectory.h
[1.122s] -- Up-to-date: /home/GTL/apaul/ros2_hw1/install/cs7630_msgs/include/cs7630_msgs/cs7630_msgs/msg/roi_array.h
[1.123s] -- Up-to-date: /home/GTL/apaul/ros2_hw1/install/cs7630_msgs/include/cs7630_msgs/cs7630_msgs/msg/detail
[1.123s] -- Up-to-date: /home/GTL/apaul/ros2_hw1/install/cs7630_msgs/include/cs7630_msgs/cs7630_msgs/msg/detail/trajectory_element__functions.h
[1.123s] -- Up-to-date: /home/GTL/apaul/ros2_hw1/install/cs7630_msgs/include/cs7630_msgs/cs7630_msgs/msg/detail/trajectory_element__functions.c
[1.124s] -- Up-to-date: /home/GTL/apaul/ros2_hw1/install/cs7630_msgs/include/cs7630_msgs/cs7630_msgs/msg/detail/trajectory__struct.h
[1.124s] -- Up-to-date: /home/GTL/apaul/ros2_hw1/install/cs7630_msgs/include/cs7630_msgs/cs7630_msgs/msg/detail/roi_array__type_support.h
[1.124s] -- Up-to-date: /home/GTL/apaul/ros2_hw1/install/cs7630_msgs/include/cs7630_msgs/cs7630_msgs/msg/detail/trajectory__functions.c
[1.124s] -- Up-to-date: /home/GTL/apaul/ros2_hw1/install/cs7630_msgs/include/cs7630_msgs/cs7630_msgs/msg/detail/trajectory_element__type_support.h
[1.125s] -- Up-to-date: /home/GTL/apaul/ros2_hw1/install/cs7630_msgs/include/cs7630_msgs/cs7630_msgs/msg/detail/trajectory__functions.h
[1.125s] -- Up-to-date: /home/GTL/apaul/ros2_hw1/install/cs7630_msgs/include/cs7630_msgs/cs7630_msgs/msg/detail/roi_array__functions.c
[1.125s] -- Up-to-date: /home/GTL/apaul/ros2_hw1/install/cs7630_msgs/include/cs7630_msgs/cs7630_msgs/msg/detail/trajectory__type_support.h
[1.125s] -- Up-to-date: /home/GTL/apaul/ros2_hw1/install/cs7630_msgs/include/cs7630_msgs/cs7630_msgs/msg/detail/roi_array__functions.h
[1.126s] -- Up-to-date: /home/GTL/apaul/ros2_hw1/install/cs7630_msgs/include/cs7630_msgs/cs7630_msgs/msg/detail/roi_array__struct.h
[1.126s] -- Up-to-date: /home/GTL/apaul/ros2_hw1/install/cs7630_msgs/include/cs7630_msgs/cs7630_msgs/msg/detail/trajectory_element__struct.h
[1.126s] -- Up-to-date: /home/GTL/apaul/ros2_hw1/install/cs7630_msgs/include/cs7630_msgs/cs7630_msgs/msg/rosidl_generator_c__visibility_control.h
[1.126s] -- Up-to-date: /home/GTL/apaul/ros2_hw1/install/cs7630_msgs/include/cs7630_msgs/cs7630_msgs/msg/trajectory_element.h
[1.126s] -- Up-to-date: /home/GTL/apaul/ros2_hw1/install/cs7630_msgs/share/cs7630_msgs/environment/library_path.sh
[1.127s] -- Up-to-date: /home/GTL/apaul/ros2_hw1/install/cs7630_msgs/share/cs7630_msgs/environment/library_path.dsv
[1.128s] -- Up-to-date: /home/GTL/apaul/ros2_hw1/install/cs7630_msgs/lib/libcs7630_msgs__rosidl_generator_c.so
[1.129s] -- Up-to-date: /home/GTL/apaul/ros2_hw1/install/cs7630_msgs/include/cs7630_msgs/cs7630_msgs
[1.130s] -- Up-to-date: /home/GTL/apaul/ros2_hw1/install/cs7630_msgs/include/cs7630_msgs/cs7630_msgs/msg
[1.130s] -- Up-to-date: /home/GTL/apaul/ros2_hw1/install/cs7630_msgs/include/cs7630_msgs/cs7630_msgs/msg/detail
[1.131s] -- Up-to-date: /home/GTL/apaul/ros2_hw1/install/cs7630_msgs/include/cs7630_msgs/cs7630_msgs/msg/detail/trajectory_element__rosidl_typesupport_fastrtps_c.h
[1.132s] -- Up-to-date: /home/GTL/apaul/ros2_hw1/install/cs7630_msgs/include/cs7630_msgs/cs7630_msgs/msg/detail/trajectory__rosidl_typesupport_fastrtps_c.h
[1.132s] -- Up-to-date: /home/GTL/apaul/ros2_hw1/install/cs7630_msgs/include/cs7630_msgs/cs7630_msgs/msg/detail/roi_array__rosidl_typesupport_fastrtps_c.h
[1.132s] -- Up-to-date: /home/GTL/apaul/ros2_hw1/install/cs7630_msgs/include/cs7630_msgs/cs7630_msgs/msg/rosidl_typesupport_fastrtps_c__visibility_control.h
[1.133s] -- Up-to-date: /home/GTL/apaul/ros2_hw1/install/cs7630_msgs/lib/libcs7630_msgs__rosidl_typesupport_fastrtps_c.so
[1.134s] -- Up-to-date: /home/GTL/apaul/ros2_hw1/install/cs7630_msgs/include/cs7630_msgs/cs7630_msgs
[1.135s] -- Up-to-date: /home/GTL/apaul/ros2_hw1/install/cs7630_msgs/include/cs7630_msgs/cs7630_msgs/msg
[1.136s] -- Up-to-date: /home/GTL/apaul/ros2_hw1/install/cs7630_msgs/include/cs7630_msgs/cs7630_msgs/msg/detail
[1.137s] -- Up-to-date: /home/GTL/apaul/ros2_hw1/install/cs7630_msgs/include/cs7630_msgs/cs7630_msgs/msg/detail/trajectory_element__struct.hpp
[1.137s] -- Up-to-date: /home/GTL/apaul/ros2_hw1/install/cs7630_msgs/include/cs7630_msgs/cs7630_msgs/msg/detail/roi_array__type_support.hpp
[1.137s] -- Up-to-date: /home/GTL/apaul/ros2_hw1/install/cs7630_msgs/include/cs7630_msgs/cs7630_msgs/msg/detail/trajectory__type_support.hpp
[1.138s] -- Up-to-date: /home/GTL/apaul/ros2_hw1/install/cs7630_msgs/include/cs7630_msgs/cs7630_msgs/msg/detail/trajectory_element__traits.hpp
[1.138s] -- Up-to-date: /home/GTL/apaul/ros2_hw1/install/cs7630_msgs/include/cs7630_msgs/cs7630_msgs/msg/detail/trajectory_element__type_support.hpp
[1.138s] -- Up-to-date: /home/GTL/apaul/ros2_hw1/install/cs7630_msgs/include/cs7630_msgs/cs7630_msgs/msg/detail/trajectory__builder.hpp
[1.139s] -- Up-to-date: /home/GTL/apaul/ros2_hw1/install/cs7630_msgs/include/cs7630_msgs/cs7630_msgs/msg/detail/roi_array__struct.hpp
[1.139s] -- Up-to-date: /home/GTL/apaul/ros2_hw1/install/cs7630_msgs/include/cs7630_msgs/cs7630_msgs/msg/detail/trajectory_element__builder.hpp
[1.139s] -- Up-to-date: /home/GTL/apaul/ros2_hw1/install/cs7630_msgs/include/cs7630_msgs/cs7630_msgs/msg/detail/roi_array__builder.hpp
[1.139s] -- Up-to-date: /home/GTL/apaul/ros2_hw1/install/cs7630_msgs/include/cs7630_msgs/cs7630_msgs/msg/detail/trajectory__struct.hpp
[1.139s] -- Up-to-date: /home/GTL/apaul/ros2_hw1/install/cs7630_msgs/include/cs7630_msgs/cs7630_msgs/msg/detail/trajectory__traits.hpp
[1.140s] -- Up-to-date: /home/GTL/apaul/ros2_hw1/install/cs7630_msgs/include/cs7630_msgs/cs7630_msgs/msg/detail/roi_array__traits.hpp
[1.141s] -- Up-to-date: /home/GTL/apaul/ros2_hw1/install/cs7630_msgs/include/cs7630_msgs/cs7630_msgs/msg/roi_array.hpp
[1.141s] -- Up-to-date: /home/GTL/apaul/ros2_hw1/install/cs7630_msgs/include/cs7630_msgs/cs7630_msgs/msg/trajectory.hpp
[1.141s] -- Up-to-date: /home/GTL/apaul/ros2_hw1/install/cs7630_msgs/include/cs7630_msgs/cs7630_msgs/msg/trajectory_element.hpp
[1.141s] -- Up-to-date: /home/GTL/apaul/ros2_hw1/install/cs7630_msgs/include/cs7630_msgs/cs7630_msgs/msg/rosidl_generator_cpp__visibility_control.hpp
[1.141s] -- Up-to-date: /home/GTL/apaul/ros2_hw1/install/cs7630_msgs/include/cs7630_msgs/cs7630_msgs
[1.142s] -- Up-to-date: /home/GTL/apaul/ros2_hw1/install/cs7630_msgs/include/cs7630_msgs/cs7630_msgs/msg
[1.142s] -- Up-to-date: /home/GTL/apaul/ros2_hw1/install/cs7630_msgs/include/cs7630_msgs/cs7630_msgs/msg/detail
[1.143s] -- Up-to-date: /home/GTL/apaul/ros2_hw1/install/cs7630_msgs/include/cs7630_msgs/cs7630_msgs/msg/detail/roi_array__rosidl_typesupport_fastrtps_cpp.hpp
[1.143s] -- Up-to-date: /home/GTL/apaul/ros2_hw1/install/cs7630_msgs/include/cs7630_msgs/cs7630_msgs/msg/detail/dds_fastrtps
[1.144s] -- Up-to-date: /home/GTL/apaul/ros2_hw1/install/cs7630_msgs/include/cs7630_msgs/cs7630_msgs/msg/detail/trajectory_element__rosidl_typesupport_fastrtps_cpp.hpp
[1.144s] -- Up-to-date: /home/GTL/apaul/ros2_hw1/install/cs7630_msgs/include/cs7630_msgs/cs7630_msgs/msg/detail/trajectory__rosidl_typesupport_fastrtps_cpp.hpp
[1.145s] -- Up-to-date: /home/GTL/apaul/ros2_hw1/install/cs7630_msgs/include/cs7630_msgs/cs7630_msgs/msg/rosidl_typesupport_fastrtps_cpp__visibility_control.h
[1.145s] -- Up-to-date: /home/GTL/apaul/ros2_hw1/install/cs7630_msgs/lib/libcs7630_msgs__rosidl_typesupport_fastrtps_cpp.so
[1.146s] -- Up-to-date: /home/GTL/apaul/ros2_hw1/install/cs7630_msgs/include/cs7630_msgs/cs7630_msgs
[1.147s] -- Up-to-date: /home/GTL/apaul/ros2_hw1/install/cs7630_msgs/include/cs7630_msgs/cs7630_msgs/msg
[1.148s] -- Up-to-date: /home/GTL/apaul/ros2_hw1/install/cs7630_msgs/include/cs7630_msgs/cs7630_msgs/msg/detail
[1.149s] -- Up-to-date: /home/GTL/apaul/ros2_hw1/install/cs7630_msgs/include/cs7630_msgs/cs7630_msgs/msg/detail/roi_array__rosidl_typesupport_introspection_c.h
[1.149s] -- Up-to-date: /home/GTL/apaul/ros2_hw1/install/cs7630_msgs/include/cs7630_msgs/cs7630_msgs/msg/detail/trajectory_element__rosidl_typesupport_introspection_c.h
[1.149s] -- Up-to-date: /home/GTL/apaul/ros2_hw1/install/cs7630_msgs/include/cs7630_msgs/cs7630_msgs/msg/detail/roi_array__type_support.c
[1.150s] -- Up-to-date: /home/GTL/apaul/ros2_hw1/install/cs7630_msgs/include/cs7630_msgs/cs7630_msgs/msg/detail/trajectory__rosidl_typesupport_introspection_c.h
[1.150s] -- Up-to-date: /home/GTL/apaul/ros2_hw1/install/cs7630_msgs/include/cs7630_msgs/cs7630_msgs/msg/detail/trajectory_element__type_support.c
[1.150s] -- Up-to-date: /home/GTL/apaul/ros2_hw1/install/cs7630_msgs/include/cs7630_msgs/cs7630_msgs/msg/detail/trajectory__type_support.c
[1.150s] -- Up-to-date: /home/GTL/apaul/ros2_hw1/install/cs7630_msgs/include/cs7630_msgs/cs7630_msgs/msg/rosidl_typesupport_introspection_c__visibility_control.h
[1.151s] -- Up-to-date: /home/GTL/apaul/ros2_hw1/install/cs7630_msgs/lib/libcs7630_msgs__rosidl_typesupport_introspection_c.so
[1.152s] -- Up-to-date: /home/GTL/apaul/ros2_hw1/install/cs7630_msgs/lib/libcs7630_msgs__rosidl_typesupport_c.so
[1.160s] -- Up-to-date: /home/GTL/apaul/ros2_hw1/install/cs7630_msgs/include/cs7630_msgs/cs7630_msgs
[1.160s] -- Up-to-date: /home/GTL/apaul/ros2_hw1/install/cs7630_msgs/include/cs7630_msgs/cs7630_msgs/msg
[1.160s] -- Up-to-date: /home/GTL/apaul/ros2_hw1/install/cs7630_msgs/include/cs7630_msgs/cs7630_msgs/msg/detail
[1.160s] -- Up-to-date: /home/GTL/apaul/ros2_hw1/install/cs7630_msgs/include/cs7630_msgs/cs7630_msgs/msg/detail/roi_array__type_support.cpp
[1.160s] -- Up-to-date: /home/GTL/apaul/ros2_hw1/install/cs7630_msgs/include/cs7630_msgs/cs7630_msgs/msg/detail/trajectory_element__rosidl_typesupport_introspection_cpp.hpp
[1.160s] -- Up-to-date: /home/GTL/apaul/ros2_hw1/install/cs7630_msgs/include/cs7630_msgs/cs7630_msgs/msg/detail/roi_array__rosidl_typesupport_introspection_cpp.hpp
[1.160s] -- Up-to-date: /home/GTL/apaul/ros2_hw1/install/cs7630_msgs/include/cs7630_msgs/cs7630_msgs/msg/detail/trajectory__rosidl_typesupport_introspection_cpp.hpp
[1.161s] -- Up-to-date: /home/GTL/apaul/ros2_hw1/install/cs7630_msgs/include/cs7630_msgs/cs7630_msgs/msg/detail/trajectory_element__type_support.cpp
[1.161s] -- Up-to-date: /home/GTL/apaul/ros2_hw1/install/cs7630_msgs/include/cs7630_msgs/cs7630_msgs/msg/detail/trajectory__type_support.cpp
[1.161s] -- Up-to-date: /home/GTL/apaul/ros2_hw1/install/cs7630_msgs/lib/libcs7630_msgs__rosidl_typesupport_introspection_cpp.so
[1.161s] -- Up-to-date: /home/GTL/apaul/ros2_hw1/install/cs7630_msgs/lib/libcs7630_msgs__rosidl_typesupport_cpp.so
[1.161s] -- Up-to-date: /home/GTL/apaul/ros2_hw1/install/cs7630_msgs/share/cs7630_msgs/environment/pythonpath.sh
[1.162s] -- Up-to-date: /home/GTL/apaul/ros2_hw1/install/cs7630_msgs/share/cs7630_msgs/environment/pythonpath.dsv
[1.163s] -- Up-to-date: /home/GTL/apaul/ros2_hw1/install/cs7630_msgs/local/lib/python3.10/dist-packages/cs7630_msgs-0.0.0-py3.10.egg-info
[1.163s] -- Installing: /home/GTL/apaul/ros2_hw1/install/cs7630_msgs/local/lib/python3.10/dist-packages/cs7630_msgs-0.0.0-py3.10.egg-info/dependency_links.txt
[1.167s] -- Installing: /home/GTL/apaul/ros2_hw1/install/cs7630_msgs/local/lib/python3.10/dist-packages/cs7630_msgs-0.0.0-py3.10.egg-info/top_level.txt
[1.170s] -- Installing: /home/GTL/apaul/ros2_hw1/install/cs7630_msgs/local/lib/python3.10/dist-packages/cs7630_msgs-0.0.0-py3.10.egg-info/PKG-INFO
[1.174s] -- Installing: /home/GTL/apaul/ros2_hw1/install/cs7630_msgs/local/lib/python3.10/dist-packages/cs7630_msgs-0.0.0-py3.10.egg-info/SOURCES.txt
[1.178s] -- Up-to-date: /home/GTL/apaul/ros2_hw1/install/cs7630_msgs/local/lib/python3.10/dist-packages/cs7630_msgs
[1.178s] -- Up-to-date: /home/GTL/apaul/ros2_hw1/install/cs7630_msgs/local/lib/python3.10/dist-packages/cs7630_msgs/msg
[1.179s] -- Up-to-date: /home/GTL/apaul/ros2_hw1/install/cs7630_msgs/local/lib/python3.10/dist-packages/cs7630_msgs/msg/_trajectory.py
[1.179s] -- Up-to-date: /home/GTL/apaul/ros2_hw1/install/cs7630_msgs/local/lib/python3.10/dist-packages/cs7630_msgs/msg/_roi_array_s.c
[1.180s] -- Up-to-date: /home/GTL/apaul/ros2_hw1/install/cs7630_msgs/local/lib/python3.10/dist-packages/cs7630_msgs/msg/_roi_array.py
[1.180s] -- Up-to-date: /home/GTL/apaul/ros2_hw1/install/cs7630_msgs/local/lib/python3.10/dist-packages/cs7630_msgs/msg/_trajectory_s.c
[1.180s] -- Up-to-date: /home/GTL/apaul/ros2_hw1/install/cs7630_msgs/local/lib/python3.10/dist-packages/cs7630_msgs/msg/__init__.py
[1.180s] -- Up-to-date: /home/GTL/apaul/ros2_hw1/install/cs7630_msgs/local/lib/python3.10/dist-packages/cs7630_msgs/msg/_trajectory_element_s.c
[1.180s] -- Up-to-date: /home/GTL/apaul/ros2_hw1/install/cs7630_msgs/local/lib/python3.10/dist-packages/cs7630_msgs/msg/_trajectory_element.py
[1.181s] -- Up-to-date: /home/GTL/apaul/ros2_hw1/install/cs7630_msgs/local/lib/python3.10/dist-packages/cs7630_msgs/cs7630_msgs_s__rosidl_typesupport_c.cpython-310-x86_64-linux-gnu.so
[1.181s] -- Up-to-date: /home/GTL/apaul/ros2_hw1/install/cs7630_msgs/local/lib/python3.10/dist-packages/cs7630_msgs/libcs7630_msgs__rosidl_generator_py.so
[1.185s] -- Up-to-date: /home/GTL/apaul/ros2_hw1/install/cs7630_msgs/local/lib/python3.10/dist-packages/cs7630_msgs/cs7630_msgs_s__rosidl_typesupport_fastrtps_c.cpython-310-x86_64-linux-gnu.so
[1.185s] -- Up-to-date: /home/GTL/apaul/ros2_hw1/install/cs7630_msgs/local/lib/python3.10/dist-packages/cs7630_msgs/_cs7630_msgs_s.ep.rosidl_typesupport_c.c
[1.185s] -- Up-to-date: /home/GTL/apaul/ros2_hw1/install/cs7630_msgs/local/lib/python3.10/dist-packages/cs7630_msgs/cs7630_msgs_s__rosidl_typesupport_introspection_c.cpython-310-x86_64-linux-gnu.so
[1.185s] -- Up-to-date: /home/GTL/apaul/ros2_hw1/install/cs7630_msgs/local/lib/python3.10/dist-packages/cs7630_msgs/_cs7630_msgs_s.ep.rosidl_typesupport_fastrtps_c.c
[1.185s] -- Up-to-date: /home/GTL/apaul/ros2_hw1/install/cs7630_msgs/local/lib/python3.10/dist-packages/cs7630_msgs/__init__.py
[1.185s] -- Up-to-date: /home/GTL/apaul/ros2_hw1/install/cs7630_msgs/local/lib/python3.10/dist-packages/cs7630_msgs/_cs7630_msgs_s.ep.rosidl_typesupport_introspection_c.c
[1.208s] Listing '/home/GTL/apaul/ros2_hw1/install/cs7630_msgs/local/lib/python3.10/dist-packages/cs7630_msgs'...
[1.208s] Listing '/home/GTL/apaul/ros2_hw1/install/cs7630_msgs/local/lib/python3.10/dist-packages/cs7630_msgs/msg'...
[1.215s] -- Up-to-date: /home/GTL/apaul/ros2_hw1/install/cs7630_msgs/local/lib/python3.10/dist-packages/cs7630_msgs/cs7630_msgs_s__rosidl_typesupport_fastrtps_c.cpython-310-x86_64-linux-gnu.so
[1.215s] -- Up-to-date: /home/GTL/apaul/ros2_hw1/install/cs7630_msgs/local/lib/python3.10/dist-packages/cs7630_msgs/cs7630_msgs_s__rosidl_typesupport_introspection_c.cpython-310-x86_64-linux-gnu.so
[1.217s] -- Up-to-date: /home/GTL/apaul/ros2_hw1/install/cs7630_msgs/local/lib/python3.10/dist-packages/cs7630_msgs/cs7630_msgs_s__rosidl_typesupport_c.cpython-310-x86_64-linux-gnu.so
[1.218s] -- Up-to-date: /home/GTL/apaul/ros2_hw1/install/cs7630_msgs/lib/libcs7630_msgs__rosidl_generator_py.so
[1.219s] -- Up-to-date: /home/GTL/apaul/ros2_hw1/install/cs7630_msgs/share/cs7630_msgs/msg/ROIArray.idl
[1.220s] -- Up-to-date: /home/GTL/apaul/ros2_hw1/install/cs7630_msgs/share/cs7630_msgs/msg/Trajectory.idl
[1.220s] -- Up-to-date: /home/GTL/apaul/ros2_hw1/install/cs7630_msgs/share/cs7630_msgs/msg/TrajectoryElement.idl
[1.220s] -- Up-to-date: /home/GTL/apaul/ros2_hw1/install/cs7630_msgs/share/cs7630_msgs/msg/ROIArray.msg
[1.220s] -- Up-to-date: /home/GTL/apaul/ros2_hw1/install/cs7630_msgs/share/cs7630_msgs/msg/Trajectory.msg
[1.221s] -- Up-to-date: /home/GTL/apaul/ros2_hw1/install/cs7630_msgs/share/cs7630_msgs/msg/TrajectoryElement.msg
[1.221s] -- Up-to-date: /home/GTL/apaul/ros2_hw1/install/cs7630_msgs/share/ament_index/resource_index/package_run_dependencies/cs7630_msgs
[1.221s] -- Up-to-date: /home/GTL/apaul/ros2_hw1/install/cs7630_msgs/share/ament_index/resource_index/parent_prefix_path/cs7630_msgs
[1.222s] -- Up-to-date: /home/GTL/apaul/ros2_hw1/install/cs7630_msgs/share/cs7630_msgs/environment/ament_prefix_path.sh
[1.222s] -- Up-to-date: /home/GTL/apaul/ros2_hw1/install/cs7630_msgs/share/cs7630_msgs/environment/ament_prefix_path.dsv
[1.222s] -- Up-to-date: /home/GTL/apaul/ros2_hw1/install/cs7630_msgs/share/cs7630_msgs/environment/path.sh
[1.223s] -- Up-to-date: /home/GTL/apaul/ros2_hw1/install/cs7630_msgs/share/cs7630_msgs/environment/path.dsv
[1.223s] -- Up-to-date: /home/GTL/apaul/ros2_hw1/install/cs7630_msgs/share/cs7630_msgs/local_setup.bash
[1.223s] -- Up-to-date: /home/GTL/apaul/ros2_hw1/install/cs7630_msgs/share/cs7630_msgs/local_setup.sh
[1.224s] -- Up-to-date: /home/GTL/apaul/ros2_hw1/install/cs7630_msgs/share/cs7630_msgs/local_setup.zsh
[1.224s] -- Up-to-date: /home/GTL/apaul/ros2_hw1/install/cs7630_msgs/share/cs7630_msgs/local_setup.dsv
[1.224s] -- Installing: /home/GTL/apaul/ros2_hw1/install/cs7630_msgs/share/cs7630_msgs/package.dsv
[1.228s] -- Up-to-date: /home/GTL/apaul/ros2_hw1/install/cs7630_msgs/share/ament_index/resource_index/packages/cs7630_msgs
[1.228s] -- Up-to-date: /home/GTL/apaul/ros2_hw1/install/cs7630_msgs/share/cs7630_msgs/cmake/export_cs7630_msgs__rosidl_generator_cExport.cmake
[1.229s] -- Up-to-date: /home/GTL/apaul/ros2_hw1/install/cs7630_msgs/share/cs7630_msgs/cmake/export_cs7630_msgs__rosidl_generator_cExport-noconfig.cmake
[1.229s] -- Up-to-date: /home/GTL/apaul/ros2_hw1/install/cs7630_msgs/share/cs7630_msgs/cmake/export_cs7630_msgs__rosidl_typesupport_fastrtps_cExport.cmake
[1.229s] -- Up-to-date: /home/GTL/apaul/ros2_hw1/install/cs7630_msgs/share/cs7630_msgs/cmake/export_cs7630_msgs__rosidl_typesupport_fastrtps_cExport-noconfig.cmake
[1.230s] -- Up-to-date: /home/GTL/apaul/ros2_hw1/install/cs7630_msgs/share/cs7630_msgs/cmake/export_cs7630_msgs__rosidl_generator_cppExport.cmake
[1.231s] -- Up-to-date: /home/GTL/apaul/ros2_hw1/install/cs7630_msgs/share/cs7630_msgs/cmake/export_cs7630_msgs__rosidl_typesupport_fastrtps_cppExport.cmake
[1.231s] -- Up-to-date: /home/GTL/apaul/ros2_hw1/install/cs7630_msgs/share/cs7630_msgs/cmake/export_cs7630_msgs__rosidl_typesupport_fastrtps_cppExport-noconfig.cmake
[1.232s] -- Up-to-date: /home/GTL/apaul/ros2_hw1/install/cs7630_msgs/share/cs7630_msgs/cmake/cs7630_msgs__rosidl_typesupport_introspection_cExport.cmake
[1.232s] -- Up-to-date: /home/GTL/apaul/ros2_hw1/install/cs7630_msgs/share/cs7630_msgs/cmake/cs7630_msgs__rosidl_typesupport_introspection_cExport-noconfig.cmake
[1.233s] -- Up-to-date: /home/GTL/apaul/ros2_hw1/install/cs7630_msgs/share/cs7630_msgs/cmake/cs7630_msgs__rosidl_typesupport_cExport.cmake
[1.233s] -- Up-to-date: /home/GTL/apaul/ros2_hw1/install/cs7630_msgs/share/cs7630_msgs/cmake/cs7630_msgs__rosidl_typesupport_cExport-noconfig.cmake
[1.234s] -- Up-to-date: /home/GTL/apaul/ros2_hw1/install/cs7630_msgs/share/cs7630_msgs/cmake/cs7630_msgs__rosidl_typesupport_introspection_cppExport.cmake
[1.234s] -- Up-to-date: /home/GTL/apaul/ros2_hw1/install/cs7630_msgs/share/cs7630_msgs/cmake/cs7630_msgs__rosidl_typesupport_introspection_cppExport-noconfig.cmake
[1.235s] -- Up-to-date: /home/GTL/apaul/ros2_hw1/install/cs7630_msgs/share/cs7630_msgs/cmake/cs7630_msgs__rosidl_typesupport_cppExport.cmake
[1.235s] -- Up-to-date: /home/GTL/apaul/ros2_hw1/install/cs7630_msgs/share/cs7630_msgs/cmake/cs7630_msgs__rosidl_typesupport_cppExport-noconfig.cmake
[1.236s] -- Up-to-date: /home/GTL/apaul/ros2_hw1/install/cs7630_msgs/share/cs7630_msgs/cmake/export_cs7630_msgs__rosidl_generator_pyExport.cmake
[1.236s] -- Up-to-date: /home/GTL/apaul/ros2_hw1/install/cs7630_msgs/share/cs7630_msgs/cmake/export_cs7630_msgs__rosidl_generator_pyExport-noconfig.cmake
[1.236s] -- Up-to-date: /home/GTL/apaul/ros2_hw1/install/cs7630_msgs/share/cs7630_msgs/cmake/rosidl_cmake-extras.cmake
[1.239s] -- Up-to-date: /home/GTL/apaul/ros2_hw1/install/cs7630_msgs/share/cs7630_msgs/cmake/ament_cmake_export_dependencies-extras.cmake
[1.240s] -- Up-to-date: /home/GTL/apaul/ros2_hw1/install/cs7630_msgs/share/cs7630_msgs/cmake/ament_cmake_export_include_directories-extras.cmake
[1.244s] -- Up-to-date: /home/GTL/apaul/ros2_hw1/install/cs7630_msgs/share/cs7630_msgs/cmake/ament_cmake_export_libraries-extras.cmake
[1.244s] -- Up-to-date: /home/GTL/apaul/ros2_hw1/install/cs7630_msgs/share/cs7630_msgs/cmake/ament_cmake_export_targets-extras.cmake
[1.244s] -- Up-to-date: /home/GTL/apaul/ros2_hw1/install/cs7630_msgs/share/cs7630_msgs/cmake/rosidl_cmake_export_typesupport_targets-extras.cmake
[1.245s] -- Up-to-date: /home/GTL/apaul/ros2_hw1/install/cs7630_msgs/share/cs7630_msgs/cmake/rosidl_cmake_export_typesupport_libraries-extras.cmake
[1.245s] -- Up-to-date: /home/GTL/apaul/ros2_hw1/install/cs7630_msgs/share/cs7630_msgs/cmake/cs7630_msgsConfig.cmake
[1.245s] -- Up-to-date: /home/GTL/apaul/ros2_hw1/install/cs7630_msgs/share/cs7630_msgs/cmake/cs7630_msgsConfig-version.cmake
[1.245s] -- Up-to-date: /home/GTL/apaul/ros2_hw1/install/cs7630_msgs/share/cs7630_msgs/package.xml
[1.322s] Invoked command in '/home/GTL/apaul/ros2_hw1/build/cs7630_msgs' returned '0': CMAKE_PREFIX_PATH=/opt/ros/humble /usr/bin/cmake --install /home/GTL/apaul/ros2_hw1/build/cs7630_msgs
