[2.893s] Invoking command in '/home/GTL/pcastere/ros_hw1/ros2_hw1/src/vrep_ros_teleop': PYTHONPATH=/home/GTL/pcastere/ros_hw1/ros2_hw1/build/vrep_ros_teleop/prefix_override:/usr/lib/python3/dist-packages/colcon_core/task/python/colcon_distutils_commands:/home/GTL/pcastere/ros_hw1/ros2_hw1/install/vrep_ros_teleop/lib/python3.10/site-packages:${PYTHONPATH} /usr/bin/python3 -W ignore:setup.py install is deprecated setup.py egg_info --egg-base ../../build/vrep_ros_teleop build --build-base /home/GTL/pcastere/ros_hw1/ros2_hw1/build/vrep_ros_teleop/build install --record /home/GTL/pcastere/ros_hw1/ros2_hw1/build/vrep_ros_teleop/install.log --single-version-externally-managed install_data
[3.067s] running egg_info
[3.068s] writing ../../build/vrep_ros_teleop/vrep_ros_teleop.egg-info/PKG-INFO
[3.070s] writing dependency_links to ../../build/vrep_ros_teleop/vrep_ros_teleop.egg-info/dependency_links.txt
[3.071s] writing entry points to ../../build/vrep_ros_teleop/vrep_ros_teleop.egg-info/entry_points.txt
[3.072s] writing requirements to ../../build/vrep_ros_teleop/vrep_ros_teleop.egg-info/requires.txt
[3.073s] writing top-level names to ../../build/vrep_ros_teleop/vrep_ros_teleop.egg-info/top_level.txt
[3.081s] reading manifest file '../../build/vrep_ros_teleop/vrep_ros_teleop.egg-info/SOURCES.txt'
[3.082s] writing manifest file '../../build/vrep_ros_teleop/vrep_ros_teleop.egg-info/SOURCES.txt'
[3.083s] running build
[3.083s] running build_py
[3.085s] running install
[3.086s] running install_lib
[3.089s] running install_data
[3.090s] running install_egg_info
[3.092s] removing '/home/GTL/pcastere/ros_hw1/ros2_hw1/install/vrep_ros_teleop/lib/python3.10/site-packages/vrep_ros_teleop-0.0.0-py3.10.egg-info' (and everything under it)
[3.166s] Copying ../../build/vrep_ros_teleop/vrep_ros_teleop.egg-info to /home/GTL/pcastere/ros_hw1/ros2_hw1/install/vrep_ros_teleop/lib/python3.10/site-packages/vrep_ros_teleop-0.0.0-py3.10.egg-info
[3.184s] running install_scripts
[3.199s] Installing teleop_mux_node script to /home/GTL/pcastere/ros_hw1/ros2_hw1/install/vrep_ros_teleop/lib/vrep_ros_teleop
[3.201s] Installing teleop_node script to /home/GTL/pcastere/ros_hw1/ros2_hw1/install/vrep_ros_teleop/lib/vrep_ros_teleop
[3.202s] writing list of installed files to '/home/GTL/pcastere/ros_hw1/ros2_hw1/build/vrep_ros_teleop/install.log'
[3.409s] Invoked command in '/home/GTL/pcastere/ros_hw1/ros2_hw1/src/vrep_ros_teleop' returned '0': PYTHONPATH=/home/GTL/pcastere/ros_hw1/ros2_hw1/build/vrep_ros_teleop/prefix_override:/usr/lib/python3/dist-packages/colcon_core/task/python/colcon_distutils_commands:/home/GTL/pcastere/ros_hw1/ros2_hw1/install/vrep_ros_teleop/lib/python3.10/site-packages:${PYTHONPATH} /usr/bin/python3 -W ignore:setup.py install is deprecated setup.py egg_info --egg-base ../../build/vrep_ros_teleop build --build-base /home/GTL/pcastere/ros_hw1/ros2_hw1/build/vrep_ros_teleop/build install --record /home/GTL/pcastere/ros_hw1/ros2_hw1/build/vrep_ros_teleop/install.log --single-version-externally-managed install_data
