[1.115s] Invoking command in '/home/GTL/apaul/ros2_hw1/build/vrep4_helpers': CMAKE_PREFIX_PATH=/opt/ros/humble /usr/bin/cmake --build /home/GTL/apaul/ros2_hw1/build/vrep4_helpers -- -j16 -l16
[1.338s] [100%] Built target clock_repeat
[1.338s] [100%] Built target image_flip
[1.367s] Invoked command in '/home/GTL/apaul/ros2_hw1/build/vrep4_helpers' returned '0': CMAKE_PREFIX_PATH=/opt/ros/humble /usr/bin/cmake --build /home/GTL/apaul/ros2_hw1/build/vrep4_helpers -- -j16 -l16
[1.426s] Invoking command in '/home/GTL/apaul/ros2_hw1/build/vrep4_helpers': CMAKE_PREFIX_PATH=/opt/ros/humble /usr/bin/cmake --install /home/GTL/apaul/ros2_hw1/build/vrep4_helpers
[1.443s] -- Install configuration: ""
[1.443s] -- Up-to-date: /home/GTL/apaul/ros2_hw1/install/vrep4_helpers/lib/vrep4_helpers/image_flip
[1.443s] -- Up-to-date: /home/GTL/apaul/ros2_hw1/install/vrep4_helpers/lib/vrep4_helpers/clock_repeat
[1.443s] -- Up-to-date: /home/GTL/apaul/ros2_hw1/install/vrep4_helpers/share/vrep4_helpers
[1.454s] -- Up-to-date: /home/GTL/apaul/ros2_hw1/install/vrep4_helpers/share/vrep4_helpers/kinect_pc.launch.py
[1.456s] -- Up-to-date: /home/GTL/apaul/ros2_hw1/install/vrep4_helpers/share/vrep4_helpers/kinect_pc_min.launch.py
[1.458s] -- Up-to-date: /home/GTL/apaul/ros2_hw1/install/vrep4_helpers/share/vrep4_helpers/__pycache__
[1.458s] -- Up-to-date: /home/GTL/apaul/ros2_hw1/install/vrep4_helpers/share/vrep4_helpers/__pycache__/kinect_pc_min.launch.cpython-310.pyc
[1.458s] -- Up-to-date: /home/GTL/apaul/ros2_hw1/install/vrep4_helpers/share/ament_index/resource_index/package_run_dependencies/vrep4_helpers
[1.458s] -- Up-to-date: /home/GTL/apaul/ros2_hw1/install/vrep4_helpers/share/ament_index/resource_index/parent_prefix_path/vrep4_helpers
[1.458s] -- Up-to-date: /home/GTL/apaul/ros2_hw1/install/vrep4_helpers/share/vrep4_helpers/environment/ament_prefix_path.sh
[1.458s] -- Up-to-date: /home/GTL/apaul/ros2_hw1/install/vrep4_helpers/share/vrep4_helpers/environment/ament_prefix_path.dsv
[1.458s] -- Up-to-date: /home/GTL/apaul/ros2_hw1/install/vrep4_helpers/share/vrep4_helpers/environment/path.sh
[1.458s] -- Up-to-date: /home/GTL/apaul/ros2_hw1/install/vrep4_helpers/share/vrep4_helpers/environment/path.dsv
[1.458s] -- Up-to-date: /home/GTL/apaul/ros2_hw1/install/vrep4_helpers/share/vrep4_helpers/local_setup.bash
[1.458s] -- Up-to-date: /home/GTL/apaul/ros2_hw1/install/vrep4_helpers/share/vrep4_helpers/local_setup.sh
[1.458s] -- Up-to-date: /home/GTL/apaul/ros2_hw1/install/vrep4_helpers/share/vrep4_helpers/local_setup.zsh
[1.458s] -- Up-to-date: /home/GTL/apaul/ros2_hw1/install/vrep4_helpers/share/vrep4_helpers/local_setup.dsv
[1.458s] -- Installing: /home/GTL/apaul/ros2_hw1/install/vrep4_helpers/share/vrep4_helpers/package.dsv
[1.464s] -- Up-to-date: /home/GTL/apaul/ros2_hw1/install/vrep4_helpers/share/ament_index/resource_index/packages/vrep4_helpers
[1.464s] -- Up-to-date: /home/GTL/apaul/ros2_hw1/install/vrep4_helpers/share/vrep4_helpers/cmake/vrep4_helpersConfig.cmake
[1.464s] -- Up-to-date: /home/GTL/apaul/ros2_hw1/install/vrep4_helpers/share/vrep4_helpers/cmake/vrep4_helpersConfig-version.cmake
[1.465s] -- Up-to-date: /home/GTL/apaul/ros2_hw1/install/vrep4_helpers/share/vrep4_helpers/package.xml
[1.608s] Invoked command in '/home/GTL/apaul/ros2_hw1/build/vrep4_helpers' returned '0': CMAKE_PREFIX_PATH=/opt/ros/humble /usr/bin/cmake --install /home/GTL/apaul/ros2_hw1/build/vrep4_helpers
