[0.073s] Invoking command in '/home/GTL/apaul/ros2_hw1/build/floor_nav': AMENT_PREFIX_PATH=/home/GTL/apaul/ros2_hw1/install/task_manager_nav2:/home/GTL/apaul/ros2_hw1/install/task_manager_lib:/home/GTL/apaul/ros2_hw1/install/task_manager_msgs:/home/GTL/apaul/ros2_hw1/install/face_msg:/home/GTL/apaul/ros2_hw1/install/cs7630_msgs:${AMENT_PREFIX_PATH} CMAKE_PREFIX_PATH=/home/GTL/apaul/ros2_hw1/install/task_manager_nav2:/home/GTL/apaul/ros2_hw1/install/task_manager_lib:/home/GTL/apaul/ros2_hw1/install/task_manager_msgs:/home/GTL/apaul/ros2_hw1/install/face_msg:/home/GTL/apaul/ros2_hw1/install/cs7630_msgs:/opt/ros/humble LD_LIBRARY_PATH=/home/GTL/apaul/ros2_hw1/install/task_manager_lib/lib:/home/GTL/apaul/ros2_hw1/install/task_manager_msgs/lib:/home/GTL/apaul/ros2_hw1/install/face_msg/lib:/home/GTL/apaul/ros2_hw1/install/cs7630_msgs/lib:${LD_LIBRARY_PATH} PYTHONPATH=/home/GTL/apaul/ros2_hw1/install/task_manager_msgs/local/lib/python3.10/dist-packages:/home/GTL/apaul/ros2_hw1/install/face_msg/local/lib/python3.10/dist-packages:/home/GTL/apaul/ros2_hw1/install/cs7630_msgs/local/lib/python3.10/dist-packages:${PYTHONPATH} /usr/bin/cmake --build /home/GTL/apaul/ros2_hw1/build/floor_nav -- -j16 -l16
[0.192s] [  6%] Built target floornav_TaskSetMux
[0.195s] [ 12%] Built target floornav_TaskConstant
[0.198s] [ 19%] Built target floornav_TaskGoToPose
[0.206s] [ 51%] Built target floornav_TaskStareAtFace
[0.210s] [ 51%] Built target floornav_TaskGoTo
[0.210s] [ 67%] Built target floornav_TaskWander
[0.210s] [ 67%] Built target floornav_TaskSetBool
[0.214s] [ 67%] Built target floornav_TaskWaitForROI
[0.214s] [ 67%] Built target floornav_TaskTrigger
[0.217s] [ 93%] Built target floornav_TaskAutoDock
[0.217s] [ 93%] Built target floornav_TaskPlanTo
[0.217s] [ 83%] Built target floornav_TaskNav2
[0.217s] [ 93%] Built target floornav_TaskWaitForFace
[0.217s] [ 93%] Built target floornav_task_server
[0.227s] [100%] Built target floornav_TaskSetHeading
[0.244s] Invoked command in '/home/GTL/apaul/ros2_hw1/build/floor_nav' returned '0': AMENT_PREFIX_PATH=/home/GTL/apaul/ros2_hw1/install/task_manager_nav2:/home/GTL/apaul/ros2_hw1/install/task_manager_lib:/home/GTL/apaul/ros2_hw1/install/task_manager_msgs:/home/GTL/apaul/ros2_hw1/install/face_msg:/home/GTL/apaul/ros2_hw1/install/cs7630_msgs:${AMENT_PREFIX_PATH} CMAKE_PREFIX_PATH=/home/GTL/apaul/ros2_hw1/install/task_manager_nav2:/home/GTL/apaul/ros2_hw1/install/task_manager_lib:/home/GTL/apaul/ros2_hw1/install/task_manager_msgs:/home/GTL/apaul/ros2_hw1/install/face_msg:/home/GTL/apaul/ros2_hw1/install/cs7630_msgs:/opt/ros/humble LD_LIBRARY_PATH=/home/GTL/apaul/ros2_hw1/install/task_manager_lib/lib:/home/GTL/apaul/ros2_hw1/install/task_manager_msgs/lib:/home/GTL/apaul/ros2_hw1/install/face_msg/lib:/home/GTL/apaul/ros2_hw1/install/cs7630_msgs/lib:${LD_LIBRARY_PATH} PYTHONPATH=/home/GTL/apaul/ros2_hw1/install/task_manager_msgs/local/lib/python3.10/dist-packages:/home/GTL/apaul/ros2_hw1/install/face_msg/local/lib/python3.10/dist-packages:/home/GTL/apaul/ros2_hw1/install/cs7630_msgs/local/lib/python3.10/dist-packages:${PYTHONPATH} /usr/bin/cmake --build /home/GTL/apaul/ros2_hw1/build/floor_nav -- -j16 -l16
[0.313s] Invoking command in '/home/GTL/apaul/ros2_hw1/build/floor_nav': AMENT_PREFIX_PATH=/home/GTL/apaul/ros2_hw1/install/task_manager_nav2:/home/GTL/apaul/ros2_hw1/install/task_manager_lib:/home/GTL/apaul/ros2_hw1/install/task_manager_msgs:/home/GTL/apaul/ros2_hw1/install/face_msg:/home/GTL/apaul/ros2_hw1/install/cs7630_msgs:${AMENT_PREFIX_PATH} CMAKE_PREFIX_PATH=/home/GTL/apaul/ros2_hw1/install/task_manager_nav2:/home/GTL/apaul/ros2_hw1/install/task_manager_lib:/home/GTL/apaul/ros2_hw1/install/task_manager_msgs:/home/GTL/apaul/ros2_hw1/install/face_msg:/home/GTL/apaul/ros2_hw1/install/cs7630_msgs:/opt/ros/humble LD_LIBRARY_PATH=/home/GTL/apaul/ros2_hw1/install/task_manager_lib/lib:/home/GTL/apaul/ros2_hw1/install/task_manager_msgs/lib:/home/GTL/apaul/ros2_hw1/install/face_msg/lib:/home/GTL/apaul/ros2_hw1/install/cs7630_msgs/lib:${LD_LIBRARY_PATH} PYTHONPATH=/home/GTL/apaul/ros2_hw1/install/task_manager_msgs/local/lib/python3.10/dist-packages:/home/GTL/apaul/ros2_hw1/install/face_msg/local/lib/python3.10/dist-packages:/home/GTL/apaul/ros2_hw1/install/cs7630_msgs/local/lib/python3.10/dist-packages:${PYTHONPATH} /usr/bin/cmake --install /home/GTL/apaul/ros2_hw1/build/floor_nav
[0.317s] -- Install configuration: ""
[0.318s] -- Up-to-date: /home/GTL/apaul/ros2_hw1/install/floor_nav/lib/floor_nav/floornav_task_server
[0.319s] -- Up-to-date: /home/GTL/apaul/ros2_hw1/install/floor_nav/lib/floor_nav/libfloornav_TaskAutoDock.so
[0.320s] -- Up-to-date: /home/GTL/apaul/ros2_hw1/install/floor_nav/lib/floor_nav/libfloornav_TaskWaitForROI.so
[0.322s] -- Up-to-date: /home/GTL/apaul/ros2_hw1/install/floor_nav/lib/floor_nav/libfloornav_TaskWander.so
[0.323s] -- Up-to-date: /home/GTL/apaul/ros2_hw1/install/floor_nav/lib/floor_nav/libfloornav_TaskSetHeading.so
[0.324s] -- Up-to-date: /home/GTL/apaul/ros2_hw1/install/floor_nav/lib/floor_nav/libfloornav_TaskPlanTo.so
[0.326s] -- Up-to-date: /home/GTL/apaul/ros2_hw1/install/floor_nav/lib/floor_nav/libfloornav_TaskGoTo.so
[0.327s] -- Up-to-date: /home/GTL/apaul/ros2_hw1/install/floor_nav/lib/floor_nav/libfloornav_TaskConstant.so
[0.329s] -- Up-to-date: /home/GTL/apaul/ros2_hw1/install/floor_nav/lib/floor_nav/libfloornav_TaskTrigger.so
[0.330s] -- Up-to-date: /home/GTL/apaul/ros2_hw1/install/floor_nav/lib/floor_nav/libfloornav_TaskSetBool.so
[0.331s] -- Up-to-date: /home/GTL/apaul/ros2_hw1/install/floor_nav/lib/floor_nav/libfloornav_TaskSetMux.so
[0.333s] -- Up-to-date: /home/GTL/apaul/ros2_hw1/install/floor_nav/lib/floor_nav/libfloornav_TaskNav2.so
[0.334s] -- Up-to-date: /home/GTL/apaul/ros2_hw1/install/floor_nav/lib/floor_nav/libfloornav_TaskWaitForFace.so
[0.336s] -- Up-to-date: /home/GTL/apaul/ros2_hw1/install/floor_nav/lib/floor_nav/libfloornav_TaskStareAtFace.so
[0.337s] -- Up-to-date: /home/GTL/apaul/ros2_hw1/install/floor_nav/lib/floor_nav/libfloornav_TaskGoToPose.so
[0.339s] -- Up-to-date: /home/GTL/apaul/ros2_hw1/install/floor_nav/share/floor_nav
[0.339s] -- Up-to-date: /home/GTL/apaul/ros2_hw1/install/floor_nav/share/floor_nav/launch_server_tb.launch.py
[0.339s] -- Up-to-date: /home/GTL/apaul/ros2_hw1/install/floor_nav/share/floor_nav/launch_server_tb.launch
[0.340s] -- Up-to-date: /home/GTL/apaul/ros2_hw1/install/floor_nav/share/floor_nav/__pycache__
[0.341s] -- Up-to-date: /home/GTL/apaul/ros2_hw1/install/floor_nav/share/floor_nav/__pycache__/launch_server_tb.launch.cpython-310.pyc
[0.341s] -- Up-to-date: /home/GTL/apaul/ros2_hw1/install/floor_nav/share/floor_nav/launch_server.launch
[0.341s] -- Up-to-date: /home/GTL/apaul/ros2_hw1/install/floor_nav/lib/floor_nav/graph_forever.py
[0.341s] -- Up-to-date: /home/GTL/apaul/ros2_hw1/install/floor_nav/lib/floor_nav/test_goto.py
[0.342s] -- Up-to-date: /home/GTL/apaul/ros2_hw1/install/floor_nav/lib/floor_nav/test_graph_2d.py
[0.342s] -- Up-to-date: /home/GTL/apaul/ros2_hw1/install/floor_nav/lib/floor_nav/test_graph.py
[0.342s] -- Up-to-date: /home/GTL/apaul/ros2_hw1/install/floor_nav/lib/floor_nav/test_graph-test.py
[0.342s] -- Up-to-date: /home/GTL/apaul/ros2_hw1/install/floor_nav/lib/floor_nav/test_planto.py
[0.343s] -- Up-to-date: /home/GTL/apaul/ros2_hw1/install/floor_nav/lib/floor_nav/test_set_heading.py
[0.343s] -- Up-to-date: /home/GTL/apaul/ros2_hw1/install/floor_nav/lib/floor_nav/test_wander.py
[0.343s] -- Up-to-date: /home/GTL/apaul/ros2_hw1/install/floor_nav/share/ament_index/resource_index/package_run_dependencies/floor_nav
[0.343s] -- Up-to-date: /home/GTL/apaul/ros2_hw1/install/floor_nav/share/ament_index/resource_index/parent_prefix_path/floor_nav
[0.344s] -- Up-to-date: /home/GTL/apaul/ros2_hw1/install/floor_nav/share/floor_nav/environment/ament_prefix_path.sh
[0.344s] -- Up-to-date: /home/GTL/apaul/ros2_hw1/install/floor_nav/share/floor_nav/environment/ament_prefix_path.dsv
[0.344s] -- Up-to-date: /home/GTL/apaul/ros2_hw1/install/floor_nav/share/floor_nav/environment/path.sh
[0.345s] -- Up-to-date: /home/GTL/apaul/ros2_hw1/install/floor_nav/share/floor_nav/environment/path.dsv
[0.345s] -- Up-to-date: /home/GTL/apaul/ros2_hw1/install/floor_nav/share/floor_nav/local_setup.bash
[0.345s] -- Up-to-date: /home/GTL/apaul/ros2_hw1/install/floor_nav/share/floor_nav/local_setup.sh
[0.346s] -- Up-to-date: /home/GTL/apaul/ros2_hw1/install/floor_nav/share/floor_nav/local_setup.zsh
[0.346s] -- Up-to-date: /home/GTL/apaul/ros2_hw1/install/floor_nav/share/floor_nav/local_setup.dsv
[0.346s] -- Installing: /home/GTL/apaul/ros2_hw1/install/floor_nav/share/floor_nav/package.dsv
[0.351s] -- Up-to-date: /home/GTL/apaul/ros2_hw1/install/floor_nav/share/ament_index/resource_index/packages/floor_nav
[0.351s] -- Up-to-date: /home/GTL/apaul/ros2_hw1/install/floor_nav/share/floor_nav/cmake/floor_navConfig.cmake
[0.352s] -- Up-to-date: /home/GTL/apaul/ros2_hw1/install/floor_nav/share/floor_nav/cmake/floor_navConfig-version.cmake
[0.352s] -- Up-to-date: /home/GTL/apaul/ros2_hw1/install/floor_nav/share/floor_nav/package.xml
[0.355s] Invoked command in '/home/GTL/apaul/ros2_hw1/build/floor_nav' returned '0': AMENT_PREFIX_PATH=/home/GTL/apaul/ros2_hw1/install/task_manager_nav2:/home/GTL/apaul/ros2_hw1/install/task_manager_lib:/home/GTL/apaul/ros2_hw1/install/task_manager_msgs:/home/GTL/apaul/ros2_hw1/install/face_msg:/home/GTL/apaul/ros2_hw1/install/cs7630_msgs:${AMENT_PREFIX_PATH} CMAKE_PREFIX_PATH=/home/GTL/apaul/ros2_hw1/install/task_manager_nav2:/home/GTL/apaul/ros2_hw1/install/task_manager_lib:/home/GTL/apaul/ros2_hw1/install/task_manager_msgs:/home/GTL/apaul/ros2_hw1/install/face_msg:/home/GTL/apaul/ros2_hw1/install/cs7630_msgs:/opt/ros/humble LD_LIBRARY_PATH=/home/GTL/apaul/ros2_hw1/install/task_manager_lib/lib:/home/GTL/apaul/ros2_hw1/install/task_manager_msgs/lib:/home/GTL/apaul/ros2_hw1/install/face_msg/lib:/home/GTL/apaul/ros2_hw1/install/cs7630_msgs/lib:${LD_LIBRARY_PATH} PYTHONPATH=/home/GTL/apaul/ros2_hw1/install/task_manager_msgs/local/lib/python3.10/dist-packages:/home/GTL/apaul/ros2_hw1/install/face_msg/local/lib/python3.10/dist-packages:/home/GTL/apaul/ros2_hw1/install/cs7630_msgs/local/lib/python3.10/dist-packages:${PYTHONPATH} /usr/bin/cmake --install /home/GTL/apaul/ros2_hw1/build/floor_nav
