[1.112s] Invoking command in '/home/GTL/apaul/ros2_hw1/src/vrep_ros_teleop': PYTHONPATH=/home/GTL/apaul/ros2_hw1/build/vrep_ros_teleop/prefix_override:/usr/lib/python3/dist-packages/colcon_core/task/python/colcon_distutils_commands:/home/GTL/apaul/ros2_hw1/install/vrep_ros_teleop/lib/python3.10/site-packages:${PYTHONPATH} /usr/bin/python3 -W ignore:setup.py install is deprecated setup.py egg_info --egg-base ../../build/vrep_ros_teleop build --build-base /home/GTL/apaul/ros2_hw1/build/vrep_ros_teleop/build install --record /home/GTL/apaul/ros2_hw1/build/vrep_ros_teleop/install.log --single-version-externally-managed install_data
[1.297s] running egg_info
[1.298s] creating ../../build/vrep_ros_teleop/vrep_ros_teleop.egg-info
[1.300s] writing ../../build/vrep_ros_teleop/vrep_ros_teleop.egg-info/PKG-INFO
[1.304s] writing dependency_links to ../../build/vrep_ros_teleop/vrep_ros_teleop.egg-info/dependency_links.txt
[1.306s] writing entry points to ../../build/vrep_ros_teleop/vrep_ros_teleop.egg-info/entry_points.txt
[1.308s] writing requirements to ../../build/vrep_ros_teleop/vrep_ros_teleop.egg-info/requires.txt
[1.309s] writing top-level names to ../../build/vrep_ros_teleop/vrep_ros_teleop.egg-info/top_level.txt
[1.311s] writing manifest file '../../build/vrep_ros_teleop/vrep_ros_teleop.egg-info/SOURCES.txt'
[1.317s] reading manifest file '../../build/vrep_ros_teleop/vrep_ros_teleop.egg-info/SOURCES.txt'
[1.319s] writing manifest file '../../build/vrep_ros_teleop/vrep_ros_teleop.egg-info/SOURCES.txt'
[1.320s] running build
[1.320s] running build_py
[1.321s] creating /home/GTL/apaul/ros2_hw1/build/vrep_ros_teleop/build
[1.322s] creating /home/GTL/apaul/ros2_hw1/build/vrep_ros_teleop/build/lib
[1.323s] creating /home/GTL/apaul/ros2_hw1/build/vrep_ros_teleop/build/lib/vrep_ros_teleop
[1.325s] copying vrep_ros_teleop/teleop.py -> /home/GTL/apaul/ros2_hw1/build/vrep_ros_teleop/build/lib/vrep_ros_teleop
[1.328s] copying vrep_ros_teleop/__init__.py -> /home/GTL/apaul/ros2_hw1/build/vrep_ros_teleop/build/lib/vrep_ros_teleop
[1.330s] copying vrep_ros_teleop/teleop_mux.py -> /home/GTL/apaul/ros2_hw1/build/vrep_ros_teleop/build/lib/vrep_ros_teleop
[1.332s] running install
[1.332s] running install_lib
[1.335s] creating /home/GTL/apaul/ros2_hw1/install/vrep_ros_teleop/lib/python3.10/site-packages/vrep_ros_teleop
[1.336s] copying /home/GTL/apaul/ros2_hw1/build/vrep_ros_teleop/build/lib/vrep_ros_teleop/teleop.py -> /home/GTL/apaul/ros2_hw1/install/vrep_ros_teleop/lib/python3.10/site-packages/vrep_ros_teleop
[1.339s] copying /home/GTL/apaul/ros2_hw1/build/vrep_ros_teleop/build/lib/vrep_ros_teleop/__init__.py -> /home/GTL/apaul/ros2_hw1/install/vrep_ros_teleop/lib/python3.10/site-packages/vrep_ros_teleop
[1.341s] copying /home/GTL/apaul/ros2_hw1/build/vrep_ros_teleop/build/lib/vrep_ros_teleop/teleop_mux.py -> /home/GTL/apaul/ros2_hw1/install/vrep_ros_teleop/lib/python3.10/site-packages/vrep_ros_teleop
[1.344s] byte-compiling /home/GTL/apaul/ros2_hw1/install/vrep_ros_teleop/lib/python3.10/site-packages/vrep_ros_teleop/teleop.py to teleop.cpython-310.pyc
[1.348s] byte-compiling /home/GTL/apaul/ros2_hw1/install/vrep_ros_teleop/lib/python3.10/site-packages/vrep_ros_teleop/__init__.py to __init__.cpython-310.pyc
[1.351s] byte-compiling /home/GTL/apaul/ros2_hw1/install/vrep_ros_teleop/lib/python3.10/site-packages/vrep_ros_teleop/teleop_mux.py to teleop_mux.cpython-310.pyc
[1.353s] running install_data
[1.353s] creating /home/GTL/apaul/ros2_hw1/install/vrep_ros_teleop/share/ament_index
[1.354s] creating /home/GTL/apaul/ros2_hw1/install/vrep_ros_teleop/share/ament_index/resource_index
[1.355s] creating /home/GTL/apaul/ros2_hw1/install/vrep_ros_teleop/share/ament_index/resource_index/packages
[1.356s] copying resource/vrep_ros_teleop -> /home/GTL/apaul/ros2_hw1/install/vrep_ros_teleop/share/ament_index/resource_index/packages
[1.358s] copying package.xml -> /home/GTL/apaul/ros2_hw1/install/vrep_ros_teleop/share/vrep_ros_teleop
[1.360s] copying launch/teleop.launch.py -> /home/GTL/apaul/ros2_hw1/install/vrep_ros_teleop/share/vrep_ros_teleop
[1.362s] copying launch/teleop_mux_tb.launch.py -> /home/GTL/apaul/ros2_hw1/install/vrep_ros_teleop/share/vrep_ros_teleop
[1.364s] copying launch/teleop_mux.launch.py -> /home/GTL/apaul/ros2_hw1/install/vrep_ros_teleop/share/vrep_ros_teleop
[1.365s] running install_egg_info
[1.367s] Copying ../../build/vrep_ros_teleop/vrep_ros_teleop.egg-info to /home/GTL/apaul/ros2_hw1/install/vrep_ros_teleop/lib/python3.10/site-packages/vrep_ros_teleop-0.0.0-py3.10.egg-info
[1.388s] running install_scripts
[1.404s] Installing teleop_mux_node script to /home/GTL/apaul/ros2_hw1/install/vrep_ros_teleop/lib/vrep_ros_teleop
[1.406s] Installing teleop_node script to /home/GTL/apaul/ros2_hw1/install/vrep_ros_teleop/lib/vrep_ros_teleop
[1.409s] writing list of installed files to '/home/GTL/apaul/ros2_hw1/build/vrep_ros_teleop/install.log'
[1.454s] Invoked command in '/home/GTL/apaul/ros2_hw1/src/vrep_ros_teleop' returned '0': PYTHONPATH=/home/GTL/apaul/ros2_hw1/build/vrep_ros_teleop/prefix_override:/usr/lib/python3/dist-packages/colcon_core/task/python/colcon_distutils_commands:/home/GTL/apaul/ros2_hw1/install/vrep_ros_teleop/lib/python3.10/site-packages:${PYTHONPATH} /usr/bin/python3 -W ignore:setup.py install is deprecated setup.py egg_info --egg-base ../../build/vrep_ros_teleop build --build-base /home/GTL/apaul/ros2_hw1/build/vrep_ros_teleop/build install --record /home/GTL/apaul/ros2_hw1/build/vrep_ros_teleop/install.log --single-version-externally-managed install_data
