[2.327s] Invoking command in '/home/GTL/pcastere/ros_hw1/ros2_hw1/src/keyboard_teleop': PYTHONPATH=/home/GTL/pcastere/ros_hw1/ros2_hw1/build/keyboard_teleop/prefix_override:/usr/lib/python3/dist-packages/colcon_core/task/python/colcon_distutils_commands:/home/GTL/pcastere/ros_hw1/ros2_hw1/install/keyboard_teleop/lib/python3.10/site-packages:${PYTHONPATH} /usr/bin/python3 -W ignore:setup.py install is deprecated -W ignore:easy_install command is deprecated setup.py egg_info --egg-base ../../build/keyboard_teleop build --build-base /home/GTL/pcastere/ros_hw1/ros2_hw1/build/keyboard_teleop/build install --record /home/GTL/pcastere/ros_hw1/ros2_hw1/build/keyboard_teleop/install.log --single-version-externally-managed install_data
[2.535s] running egg_info
[2.535s] writing ../../build/keyboard_teleop/keyboard_teleop.egg-info/PKG-INFO
[2.536s] writing dependency_links to ../../build/keyboard_teleop/keyboard_teleop.egg-info/dependency_links.txt
[2.536s] writing entry points to ../../build/keyboard_teleop/keyboard_teleop.egg-info/entry_points.txt
[2.537s] writing requirements to ../../build/keyboard_teleop/keyboard_teleop.egg-info/requires.txt
[2.538s] writing top-level names to ../../build/keyboard_teleop/keyboard_teleop.egg-info/top_level.txt
[2.543s] reading manifest file '../../build/keyboard_teleop/keyboard_teleop.egg-info/SOURCES.txt'
[2.544s] writing manifest file '../../build/keyboard_teleop/keyboard_teleop.egg-info/SOURCES.txt'
[2.545s] running build
[2.545s] running build_py
[2.548s] running install
[2.549s] running install_lib
[2.553s] running install_data
[2.554s] running install_egg_info
[2.566s] removing '/home/GTL/pcastere/ros_hw1/ros2_hw1/install/keyboard_teleop/lib/python3.10/site-packages/keyboard_teleop-0.0.0-py3.10.egg-info' (and everything under it)
[2.569s] Copying ../../build/keyboard_teleop/keyboard_teleop.egg-info to /home/GTL/pcastere/ros_hw1/ros2_hw1/install/keyboard_teleop/lib/python3.10/site-packages/keyboard_teleop-0.0.0-py3.10.egg-info
[2.587s] running install_scripts
[2.604s] Installing keyboard_joystick_node script to /home/GTL/pcastere/ros_hw1/ros2_hw1/install/keyboard_teleop/lib/keyboard_teleop
[2.605s] Installing keyboard_teleop_node script to /home/GTL/pcastere/ros_hw1/ros2_hw1/install/keyboard_teleop/lib/keyboard_teleop
[2.609s] writing list of installed files to '/home/GTL/pcastere/ros_hw1/ros2_hw1/build/keyboard_teleop/install.log'
[2.689s] Invoked command in '/home/GTL/pcastere/ros_hw1/ros2_hw1/src/keyboard_teleop' returned '0': PYTHONPATH=/home/GTL/pcastere/ros_hw1/ros2_hw1/build/keyboard_teleop/prefix_override:/usr/lib/python3/dist-packages/colcon_core/task/python/colcon_distutils_commands:/home/GTL/pcastere/ros_hw1/ros2_hw1/install/keyboard_teleop/lib/python3.10/site-packages:${PYTHONPATH} /usr/bin/python3 -W ignore:setup.py install is deprecated -W ignore:easy_install command is deprecated setup.py egg_info --egg-base ../../build/keyboard_teleop build --build-base /home/GTL/pcastere/ros_hw1/ros2_hw1/build/keyboard_teleop/build install --record /home/GTL/pcastere/ros_hw1/ros2_hw1/build/keyboard_teleop/install.log --single-version-externally-managed install_data
