[0.000000] (-) TimerEvent: {}
[0.000181] (joy_pack) JobQueued: {'identifier': 'joy_pack', 'dependencies': OrderedDict()}
[0.000204] (joy_pack) JobStarted: {'identifier': 'joy_pack'}
[0.008594] (joy_pack) JobProgress: {'identifier': 'joy_pack', 'progress': 'cmake'}
[0.010495] (joy_pack) JobProgress: {'identifier': 'joy_pack', 'progress': 'build'}
[0.011155] (joy_pack) Command: {'cmd': ['/usr/bin/cmake', '--build', '/home/GTL/apaul/ros2_hw1/build/joy_pack', '--', '-j16', '-l16'], 'cwd': '/home/GTL/apaul/ros2_hw1/build/joy_pack', 'env': OrderedDict([('USER', 'apaul'), ('XDG_SESSION_TYPE', 'x11'), ('SHLVL', '1'), ('LD_LIBRARY_PATH', '/usr/lib/x86_64-linux-gnu/gazebo-11/plugins:/opt/ros/humble/opt/rviz_ogre_vendor/lib:/opt/ros/humble/lib/x86_64-linux-gnu:/opt/ros/humble/lib'), ('HOME', '/home/GTL/apaul'), ('CYCLONEDDS_URI', '/cs-share/pradalier/gtlpc_cyclonedds.xml'), ('OLDPWD', '/home/GTL/apaul/ros2_hw1/src'), ('DESKTOP_SESSION', 'ubuntu'), ('ROS_PYTHON_VERSION', '3'), ('GNOME_SHELL_SESSION_MODE', 'ubuntu'), ('GTK_MODULES', 'gail:atk-bridge'), ('MANAGERPID', '475083'), ('SYSTEMD_EXEC_PID', '475526'), ('DBUS_SESSION_BUS_ADDRESS', 'unix:path=/run/user/37726/bus'), ('COLORTERM', 'truecolor'), ('TERMINATOR_DBUS_NAME', 'net.tenshu.Terminator23558193cd9818af7fe4d2c2f5bd9d00f'), ('GIO_LAUNCHED_DESKTOP_FILE_PID', '476146'), ('COLCON_PREFIX_PATH', '/home/GTL/apaul/ros2_hw1/install'), ('ROS_DISTRO', 'humble'), ('GTK_IM_MODULE', 'ibus'), ('LOGNAME', 'apaul'), ('JOURNAL_STREAM', '8:1046791'), ('_', '/usr/bin/colcon'), ('ROS_VERSION', '2'), ('XDG_SESSION_CLASS', 'user'), ('USERNAME', 'apaul'), ('TERM', 'xterm-256color'), ('GNOME_DESKTOP_SESSION_ID', 'this-is-deprecated'), ('ROS_LOCALHOST_ONLY', '0'), ('WINDOWPATH', '2'), ('PATH', '/opt/ros/humble/bin:/usr/local/sbin:/usr/local/bin:/usr/sbin:/usr/bin:/sbin:/bin:/usr/games:/usr/local/games:/snap/bin:/snap/bin'), ('SESSION_MANAGER', 'local/gtlpc106.georgiatech-metz.fr:@/tmp/.ICE-unix/475331,unix/gtlpc106.georgiatech-metz.fr:/tmp/.ICE-unix/475331'), ('INVOCATION_ID', '3fdb088795ea40f0a91da07674d3b41e'), ('XDG_MENU_PREFIX', 'gnome-'), ('XDG_RUNTIME_DIR', '/run/user/37726'), ('DISPLAY', ':1'), ('TERMINATOR_DBUS_PATH', '/net/tenshu/Terminator2'), ('LANG', 'en_US.UTF-8'), ('XDG_CURRENT_DESKTOP', 'ubuntu:GNOME'), ('IBUS_DISABLE_SNOOPER', '1'), ('RMW_IMPLEMENTATION', 'rmw_cyclonedds_cpp'), ('XMODIFIERS', '@im=ibus'), ('XDG_SESSION_DESKTOP', 'ubuntu'), ('XAUTHORITY', '/run/user/37726/gdm/Xauthority'), ('SSH_AGENT_LAUNCHER', 'gnome-keyring'), ('SSH_AUTH_SOCK', '/run/user/37726/keyring/ssh'), ('ROS_DOMAIN_ID', '56'), ('AMENT_PREFIX_PATH', '/home/GTL/apaul/ros2_hw1/install/joy_pack:/opt/ros/humble'), ('SHELL', '/bin/bash'), ('TERMINATOR_UUID', 'urn:uuid:7fe1fe2d-3206-4189-bbf7-91ea4dee5b83'), ('KRB5CCNAME', 'FILE:/tmp/krb5cc_37726'), ('QT_ACCESSIBILITY', '1'), ('GDMSESSION', 'ubuntu'), ('GPG_AGENT_INFO', '/run/user/37726/gnupg/S.gpg-agent:0:1'), ('QT_IM_MODULE', 'ibus'), ('PWD', '/home/GTL/apaul/ros2_hw1/build/joy_pack'), ('XDG_CONFIG_DIRS', '/etc/xdg/xdg-ubuntu:/etc/xdg'), ('XDG_DATA_DIRS', '/usr/share/ubuntu:/usr/share/gnome:/usr/local/share/:/usr/share/:/var/lib/snapd/desktop'), ('PYTHONPATH', '/opt/ros/humble/lib/python3.10/site-packages:/opt/ros/humble/local/lib/python3.10/dist-packages'), ('COLCON', '1'), ('VTE_VERSION', '6800'), ('CMAKE_PREFIX_PATH', '/home/GTL/apaul/ros2_hw1/install/joy_pack:/opt/ros/humble')]), 'shell': False}
[0.046369] (joy_pack) StdoutLine: {'line': b'\x1b[35m\x1b[1mConsolidate compiler generated dependencies of target listener\x1b[0m\n'}
[0.080522] (joy_pack) StdoutLine: {'line': b'[ 50%] \x1b[32mBuilding CXX object CMakeFiles/listener.dir/src/joy_function.cpp.o\x1b[0m\n'}
[0.098998] (-) TimerEvent: {}
[0.199426] (-) TimerEvent: {}
[0.299653] (-) TimerEvent: {}
[0.399923] (-) TimerEvent: {}
[0.500244] (-) TimerEvent: {}
[0.600516] (-) TimerEvent: {}
[0.700782] (-) TimerEvent: {}
[0.801048] (-) TimerEvent: {}
[0.901354] (-) TimerEvent: {}
[1.001612] (-) TimerEvent: {}
[1.101853] (-) TimerEvent: {}
[1.202074] (-) TimerEvent: {}
[1.302311] (-) TimerEvent: {}
[1.402535] (-) TimerEvent: {}
[1.502761] (-) TimerEvent: {}
[1.519949] (joy_pack) StderrLine: {'line': b'\x1b[01m\x1b[K/home/GTL/apaul/ros2_hw1/src/joy_pack/src/joy_function.cpp:\x1b[m\x1b[K In constructor \xe2\x80\x98\x1b[01m\x1b[KJoyNode::JoyNode()\x1b[m\x1b[K\xe2\x80\x99:\n'}
[1.520135] (joy_pack) StderrLine: {'line': b'\x1b[01m\x1b[K/home/GTL/apaul/ros2_hw1/src/joy_pack/src/joy_function.cpp:21:65:\x1b[m\x1b[K \x1b[01;31m\x1b[Kerror: \x1b[m\x1b[Kno matching function for call to \xe2\x80\x98\x1b[01m\x1b[KJoyNode::create_publisher<sensor_msgs::msg::Joy>(const char [18], int, std::_Bind_helper<false, void (JoyNode::*)(const sensor_msgs::msg::Joy_<std::allocator<void> >&) const, JoyNode*, const std::_Placeholder<1>&>::type)\x1b[m\x1b[K\xe2\x80\x99\n'}
[1.520177] (joy_pack) StderrLine: {'line': b'   21 |       publisher_ = \x1b[01;31m\x1b[Kthis->create_publisher<sensor_msgs::msg::Joy>(\x1b[m\x1b[K\n'}
[1.520210] (joy_pack) StderrLine: {'line': b'      |                    \x1b[01;31m\x1b[K~~~~~~~~~~~~~~~~~~~~~~~~~~~~~~~~~~~~~~~~~~~~~^\x1b[m\x1b[K\n'}
[1.520241] (joy_pack) StderrLine: {'line': b'   22 | \x1b[01;31m\x1b[K        "vrep/twistCommand", 10, std::bind(&JoyNode::topic_callback, this, _1))\x1b[m\x1b[K;\n'}
[1.520271] (joy_pack) StderrLine: {'line': b'      |         \x1b[01;31m\x1b[K~~~~~~~~~~~~~~~~~~~~~~~~~~~~~~~~~~~~~~~~~~~~~~~~~~~~~~~~~~~~~~~~~~~~~~~\x1b[m\x1b[K\n'}
[1.520301] (joy_pack) StderrLine: {'line': b'In file included from \x1b[01m\x1b[K/opt/ros/humble/include/rclcpp/rclcpp/executors/single_threaded_executor.hpp:28\x1b[m\x1b[K,\n'}
[1.520332] (joy_pack) StderrLine: {'line': b'                 from \x1b[01m\x1b[K/opt/ros/humble/include/rclcpp/rclcpp/executors.hpp:22\x1b[m\x1b[K,\n'}
[1.520362] (joy_pack) StderrLine: {'line': b'                 from \x1b[01m\x1b[K/opt/ros/humble/include/rclcpp/rclcpp/rclcpp.hpp:155\x1b[m\x1b[K,\n'}
[1.520392] (joy_pack) StderrLine: {'line': b'                 from \x1b[01m\x1b[K/home/GTL/apaul/ros2_hw1/src/joy_pack/src/joy_function.cpp:6\x1b[m\x1b[K:\n'}
[1.520424] (joy_pack) StderrLine: {'line': b'\x1b[01m\x1b[K/opt/ros/humble/include/rclcpp/rclcpp/node.hpp:195:3:\x1b[m\x1b[K \x1b[01;36m\x1b[Knote: \x1b[m\x1b[Kcandidate: \xe2\x80\x98\x1b[01m\x1b[Ktemplate<class MessageT, class AllocatorT, class PublisherT> std::shared_ptr<PublisherT> rclcpp::Node::create_publisher(const string&, const rclcpp::QoS&, const rclcpp::PublisherOptionsWithAllocator<AllocatorT>&)\x1b[m\x1b[K\xe2\x80\x99\n'}
[1.520457] (joy_pack) StderrLine: {'line': b'  195 |   \x1b[01;36m\x1b[Kcreate_publisher\x1b[m\x1b[K(\n'}
[1.520488] (joy_pack) StderrLine: {'line': b'      |   \x1b[01;36m\x1b[K^~~~~~~~~~~~~~~~\x1b[m\x1b[K\n'}
[1.520518] (joy_pack) StderrLine: {'line': b'\x1b[01m\x1b[K/opt/ros/humble/include/rclcpp/rclcpp/node.hpp:195:3:\x1b[m\x1b[K \x1b[01;36m\x1b[Knote: \x1b[m\x1b[K  template argument deduction/substitution failed:\n'}
[1.520549] (joy_pack) StderrLine: {'line': b'\x1b[01m\x1b[K/home/GTL/apaul/ros2_hw1/src/joy_pack/src/joy_function.cpp:21:65:\x1b[m\x1b[K \x1b[01;36m\x1b[Knote: \x1b[m\x1b[K  \xe2\x80\x98\x1b[01m\x1b[Kstd::_Bind_helper<false, void (JoyNode::*)(const sensor_msgs::msg::Joy_<std::allocator<void> >&) const, JoyNode*, const std::_Placeholder<1>&>::type\x1b[m\x1b[K\xe2\x80\x99 is not derived from \xe2\x80\x98\x1b[01m\x1b[Kconst rclcpp::PublisherOptionsWithAllocator<AllocatorT>\x1b[m\x1b[K\xe2\x80\x99\n'}
[1.520583] (joy_pack) StderrLine: {'line': b'   21 |       publisher_ = \x1b[01;36m\x1b[Kthis->create_publisher<sensor_msgs::msg::Joy>(\x1b[m\x1b[K\n'}
[1.520613] (joy_pack) StderrLine: {'line': b'      |                    \x1b[01;36m\x1b[K~~~~~~~~~~~~~~~~~~~~~~~~~~~~~~~~~~~~~~~~~~~~~^\x1b[m\x1b[K\n'}
[1.520644] (joy_pack) StderrLine: {'line': b'   22 | \x1b[01;36m\x1b[K        "vrep/twistCommand", 10, std::bind(&JoyNode::topic_callback, this, _1))\x1b[m\x1b[K;\n'}
[1.520674] (joy_pack) StderrLine: {'line': b'      |         \x1b[01;36m\x1b[K~~~~~~~~~~~~~~~~~~~~~~~~~~~~~~~~~~~~~~~~~~~~~~~~~~~~~~~~~~~~~~~~~~~~~~~\x1b[m\x1b[K\n'}
[1.520703] (joy_pack) StderrLine: {'line': b'\x1b[01m\x1b[K/home/GTL/apaul/ros2_hw1/src/joy_pack/src/joy_function.cpp:24:11:\x1b[m\x1b[K \x1b[01;31m\x1b[Kerror: \x1b[m\x1b[Kunable to find numeric literal operator \xe2\x80\x98\x1b[01m\x1b[Koperator""ms\x1b[m\x1b[K\xe2\x80\x99\n'}
[1.520739] (joy_pack) StderrLine: {'line': b'   24 |           \x1b[01;31m\x1b[K10ms\x1b[m\x1b[K, std::bind(&JoyNode::timer_callback, this));\n'}
[1.520771] (joy_pack) StderrLine: {'line': b'      |           \x1b[01;31m\x1b[K^~~~\x1b[m\x1b[K\n'}
[1.523208] (joy_pack) StderrLine: {'line': b'\x1b[01m\x1b[K/home/GTL/apaul/ros2_hw1/src/joy_pack/src/joy_function.cpp:\x1b[m\x1b[K In member function \xe2\x80\x98\x1b[01m\x1b[Kvoid JoyNode::timer_callback()\x1b[m\x1b[K\xe2\x80\x99:\n'}
[1.523252] (joy_pack) StderrLine: {'line': b'\x1b[01m\x1b[K/home/GTL/apaul/ros2_hw1/src/joy_pack/src/joy_function.cpp:48:45:\x1b[m\x1b[K \x1b[01;31m\x1b[Kerror: \x1b[m\x1b[Kexpected primary-expression before \xe2\x80\x98\x1b[01m\x1b[K;\x1b[m\x1b[K\xe2\x80\x99 token\n'}
[1.523286] (joy_pack) StderrLine: {'line': b'   48 |     auto message = geometry_msgs::msg::Twist\x1b[01;31m\x1b[K;\x1b[m\x1b[K\n'}
[1.523317] (joy_pack) StderrLine: {'line': b'      |                                             \x1b[01;31m\x1b[K^\x1b[m\x1b[K\n'}
[1.523809] (joy_pack) StderrLine: {'line': b'\x1b[01m\x1b[K/home/GTL/apaul/ros2_hw1/src/joy_pack/src/joy_function.cpp:49:23:\x1b[m\x1b[K \x1b[01;31m\x1b[Kerror: \x1b[m\x1b[K\xe2\x80\x98\x1b[01m\x1b[Kmsg\x1b[m\x1b[K\xe2\x80\x99 was not declared in this scope\n'}
[1.523874] (joy_pack) StderrLine: {'line': b'   49 |     message.linear = [\x1b[01;31m\x1b[Kmsg\x1b[m\x1b[K.axes[1]+msg.axes[3],msg.axes[0]+msg.axes[2],0];\n'}
[1.523909] (joy_pack) StderrLine: {'line': b'      |                       \x1b[01;31m\x1b[K^~~\x1b[m\x1b[K\n'}
[1.523943] (joy_pack) StderrLine: {'line': b'\x1b[01m\x1b[K/home/GTL/apaul/ros2_hw1/src/joy_pack/src/joy_function.cpp:49:23:\x1b[m\x1b[K \x1b[01;36m\x1b[Knote: \x1b[m\x1b[Ksuggested alternatives:\n'}
[1.523976] (joy_pack) StderrLine: {'line': b'In file included from \x1b[01m\x1b[K/opt/ros/humble/include/builtin_interfaces/builtin_interfaces/msg/duration.hpp:7\x1b[m\x1b[K,\n'}
[1.524008] (joy_pack) StderrLine: {'line': b'                 from \x1b[01m\x1b[K/opt/ros/humble/include/rclcpp/rclcpp/duration.hpp:20\x1b[m\x1b[K,\n'}
[1.524132] (joy_pack) StderrLine: {'line': b'                 from \x1b[01m\x1b[K/opt/ros/humble/include/rclcpp/rclcpp/qos.hpp:20\x1b[m\x1b[K,\n'}
[1.524167] (joy_pack) StderrLine: {'line': b'                 from \x1b[01m\x1b[K/opt/ros/humble/include/rclcpp/rclcpp/node_interfaces/node_graph_interface.hpp:32\x1b[m\x1b[K,\n'}
[1.524200] (joy_pack) StderrLine: {'line': b'                 from \x1b[01m\x1b[K/opt/ros/humble/include/rclcpp/rclcpp/client.hpp:42\x1b[m\x1b[K,\n'}
[1.524234] (joy_pack) StderrLine: {'line': b'                 from \x1b[01m\x1b[K/opt/ros/humble/include/rclcpp/rclcpp/callback_group.hpp:24\x1b[m\x1b[K,\n'}
[1.524267] (joy_pack) StderrLine: {'line': b'                 from \x1b[01m\x1b[K/opt/ros/humble/include/rclcpp/rclcpp/any_executable.hpp:20\x1b[m\x1b[K,\n'}
[1.524299] (joy_pack) StderrLine: {'line': b'                 from \x1b[01m\x1b[K/opt/ros/humble/include/rclcpp/rclcpp/memory_strategy.hpp:25\x1b[m\x1b[K,\n'}
[1.524331] (joy_pack) StderrLine: {'line': b'                 from \x1b[01m\x1b[K/opt/ros/humble/include/rclcpp/rclcpp/memory_strategies.hpp:18\x1b[m\x1b[K,\n'}
[1.524363] (joy_pack) StderrLine: {'line': b'                 from \x1b[01m\x1b[K/opt/ros/humble/include/rclcpp/rclcpp/executor_options.hpp:20\x1b[m\x1b[K,\n'}
[1.524395] (joy_pack) StderrLine: {'line': b'                 from \x1b[01m\x1b[K/opt/ros/humble/include/rclcpp/rclcpp/executor.hpp:37\x1b[m\x1b[K,\n'}
[1.524428] (joy_pack) StderrLine: {'line': b'                 from \x1b[01m\x1b[K/opt/ros/humble/include/rclcpp/rclcpp/executors/multi_threaded_executor.hpp:25\x1b[m\x1b[K,\n'}
[1.524460] (joy_pack) StderrLine: {'line': b'                 from \x1b[01m\x1b[K/opt/ros/humble/include/rclcpp/rclcpp/executors.hpp:21\x1b[m\x1b[K,\n'}
[1.524493] (joy_pack) StderrLine: {'line': b'                 from \x1b[01m\x1b[K/opt/ros/humble/include/rclcpp/rclcpp/rclcpp.hpp:155\x1b[m\x1b[K,\n'}
[1.524527] (joy_pack) StderrLine: {'line': b'                 from \x1b[01m\x1b[K/home/GTL/apaul/ros2_hw1/src/joy_pack/src/joy_function.cpp:6\x1b[m\x1b[K:\n'}
[1.524559] (joy_pack) StderrLine: {'line': b'\x1b[01m\x1b[K/opt/ros/humble/include/builtin_interfaces/builtin_interfaces/msg/detail/duration__struct.hpp:27:11:\x1b[m\x1b[K \x1b[01;36m\x1b[Knote: \x1b[m\x1b[K  \xe2\x80\x98\x1b[01m\x1b[Kbuiltin_interfaces::msg\x1b[m\x1b[K\xe2\x80\x99\n'}
[1.524592] (joy_pack) StderrLine: {'line': b'   27 | namespace \x1b[01;36m\x1b[Kmsg\x1b[m\x1b[K\n'}
[1.524625] (joy_pack) StderrLine: {'line': b'      |           \x1b[01;36m\x1b[K^~~\x1b[m\x1b[K\n'}
[1.524658] (joy_pack) StderrLine: {'line': b'In file included from \x1b[01m\x1b[K/opt/ros/humble/include/rcl_interfaces/rcl_interfaces/msg/set_parameters_result.hpp:7\x1b[m\x1b[K,\n'}
[1.524691] (joy_pack) StderrLine: {'line': b'                 from \x1b[01m\x1b[K/opt/ros/humble/include/rclcpp/rclcpp/qos_overriding_options.hpp:28\x1b[m\x1b[K,\n'}
[1.524724] (joy_pack) StderrLine: {'line': b'                 from \x1b[01m\x1b[K/opt/ros/humble/include/rclcpp/rclcpp/subscription_options.hpp:30\x1b[m\x1b[K,\n'}
[1.524757] (joy_pack) StderrLine: {'line': b'                 from \x1b[01m\x1b[K/opt/ros/humble/include/rclcpp/rclcpp/subscription.hpp:45\x1b[m\x1b[K,\n'}
[1.524789] (joy_pack) StderrLine: {'line': b'                 from \x1b[01m\x1b[K/opt/ros/humble/include/rclcpp/rclcpp/any_executable.hpp:25\x1b[m\x1b[K,\n'}
[1.524821] (joy_pack) StderrLine: {'line': b'                 from \x1b[01m\x1b[K/opt/ros/humble/include/rclcpp/rclcpp/memory_strategy.hpp:25\x1b[m\x1b[K,\n'}
[1.524854] (joy_pack) StderrLine: {'line': b'                 from \x1b[01m\x1b[K/opt/ros/humble/include/rclcpp/rclcpp/memory_strategies.hpp:18\x1b[m\x1b[K,\n'}
[1.524887] (joy_pack) StderrLine: {'line': b'                 from \x1b[01m\x1b[K/opt/ros/humble/include/rclcpp/rclcpp/executor_options.hpp:20\x1b[m\x1b[K,\n'}
[1.524919] (joy_pack) StderrLine: {'line': b'                 from \x1b[01m\x1b[K/opt/ros/humble/include/rclcpp/rclcpp/executor.hpp:37\x1b[m\x1b[K,\n'}
[1.524951] (joy_pack) StderrLine: {'line': b'                 from \x1b[01m\x1b[K/opt/ros/humble/include/rclcpp/rclcpp/executors/multi_threaded_executor.hpp:25\x1b[m\x1b[K,\n'}
[1.524983] (joy_pack) StderrLine: {'line': b'                 from \x1b[01m\x1b[K/opt/ros/humble/include/rclcpp/rclcpp/executors.hpp:21\x1b[m\x1b[K,\n'}
[1.525016] (joy_pack) StderrLine: {'line': b'                 from \x1b[01m\x1b[K/opt/ros/humble/include/rclcpp/rclcpp/rclcpp.hpp:155\x1b[m\x1b[K,\n'}
[1.525048] (joy_pack) StderrLine: {'line': b'                 from \x1b[01m\x1b[K/home/GTL/apaul/ros2_hw1/src/joy_pack/src/joy_function.cpp:6\x1b[m\x1b[K:\n'}
[1.525081] (joy_pack) StderrLine: {'line': b'\x1b[01m\x1b[K/opt/ros/humble/include/rcl_interfaces/rcl_interfaces/msg/detail/set_parameters_result__struct.hpp:27:11:\x1b[m\x1b[K \x1b[01;36m\x1b[Knote: \x1b[m\x1b[K  \xe2\x80\x98\x1b[01m\x1b[Krcl_interfaces::msg\x1b[m\x1b[K\xe2\x80\x99\n'}
[1.525115] (joy_pack) StderrLine: {'line': b'   27 | namespace \x1b[01;36m\x1b[Kmsg\x1b[m\x1b[K\n'}
[1.525147] (joy_pack) StderrLine: {'line': b'      |           \x1b[01;36m\x1b[K^~~\x1b[m\x1b[K\n'}
[1.525319] (joy_pack) StderrLine: {'line': b'In file included from \x1b[01m\x1b[K/opt/ros/humble/include/statistics_msgs/statistics_msgs/msg/detail/metrics_message__struct.hpp:23\x1b[m\x1b[K,\n'}
[1.525411] (joy_pack) StderrLine: {'line': b'                 from \x1b[01m\x1b[K/opt/ros/humble/include/statistics_msgs/statistics_msgs/msg/metrics_message.hpp:7\x1b[m\x1b[K,\n'}
[1.525445] (joy_pack) StderrLine: {'line': b'                 from \x1b[01m\x1b[K/opt/ros/humble/include/libstatistics_collector/libstatistics_collector/collector/generate_statistics_message.hpp:21\x1b[m\x1b[K,\n'}
[1.525477] (joy_pack) StderrLine: {'line': b'                 from \x1b[01m\x1b[K/opt/ros/humble/include/rclcpp/rclcpp/topic_statistics/subscription_topic_statistics.hpp:23\x1b[m\x1b[K,\n'}
[1.525510] (joy_pack) StderrLine: {'line': b'                 from \x1b[01m\x1b[K/opt/ros/humble/include/rclcpp/rclcpp/subscription.hpp:50\x1b[m\x1b[K,\n'}
[1.525540] (joy_pack) StderrLine: {'line': b'                 from \x1b[01m\x1b[K/opt/ros/humble/include/rclcpp/rclcpp/any_executable.hpp:25\x1b[m\x1b[K,\n'}
[1.525571] (joy_pack) StderrLine: {'line': b'                 from \x1b[01m\x1b[K/opt/ros/humble/include/rclcpp/rclcpp/memory_strategy.hpp:25\x1b[m\x1b[K,\n'}
[1.525601] (joy_pack) StderrLine: {'line': b'                 from \x1b[01m\x1b[K/opt/ros/humble/include/rclcpp/rclcpp/memory_strategies.hpp:18\x1b[m\x1b[K,\n'}
[1.525634] (joy_pack) StderrLine: {'line': b'                 from \x1b[01m\x1b[K/opt/ros/humble/include/rclcpp/rclcpp/executor_options.hpp:20\x1b[m\x1b[K,\n'}
[1.525665] (joy_pack) StderrLine: {'line': b'                 from \x1b[01m\x1b[K/opt/ros/humble/include/rclcpp/rclcpp/executor.hpp:37\x1b[m\x1b[K,\n'}
[1.525697] (joy_pack) StderrLine: {'line': b'                 from \x1b[01m\x1b[K/opt/ros/humble/include/rclcpp/rclcpp/executors/multi_threaded_executor.hpp:25\x1b[m\x1b[K,\n'}
[1.525727] (joy_pack) StderrLine: {'line': b'                 from \x1b[01m\x1b[K/opt/ros/humble/include/rclcpp/rclcpp/executors.hpp:21\x1b[m\x1b[K,\n'}
[1.525757] (joy_pack) StderrLine: {'line': b'                 from \x1b[01m\x1b[K/opt/ros/humble/include/rclcpp/rclcpp/rclcpp.hpp:155\x1b[m\x1b[K,\n'}
[1.525787] (joy_pack) StderrLine: {'line': b'                 from \x1b[01m\x1b[K/home/GTL/apaul/ros2_hw1/src/joy_pack/src/joy_function.cpp:6\x1b[m\x1b[K:\n'}
[1.525816] (joy_pack) StderrLine: {'line': b'\x1b[01m\x1b[K/opt/ros/humble/include/statistics_msgs/statistics_msgs/msg/detail/statistic_data_point__struct.hpp:27:11:\x1b[m\x1b[K \x1b[01;36m\x1b[Knote: \x1b[m\x1b[K  \xe2\x80\x98\x1b[01m\x1b[Kstatistics_msgs::msg\x1b[m\x1b[K\xe2\x80\x99\n'}
[1.525847] (joy_pack) StderrLine: {'line': b'   27 | namespace \x1b[01;36m\x1b[Kmsg\x1b[m\x1b[K\n'}
[1.525877] (joy_pack) StderrLine: {'line': b'      |           \x1b[01;36m\x1b[K^~~\x1b[m\x1b[K\n'}
[1.525907] (joy_pack) StderrLine: {'line': b'In file included from \x1b[01m\x1b[K/opt/ros/humble/include/sensor_msgs/sensor_msgs/msg/detail/joy__struct.hpp:20\x1b[m\x1b[K,\n'}
[1.525937] (joy_pack) StderrLine: {'line': b'                 from \x1b[01m\x1b[K/opt/ros/humble/include/sensor_msgs/sensor_msgs/msg/joy.hpp:7\x1b[m\x1b[K,\n'}
[1.525966] (joy_pack) StderrLine: {'line': b'                 from \x1b[01m\x1b[K/home/GTL/apaul/ros2_hw1/src/joy_pack/src/joy_function.cpp:7\x1b[m\x1b[K:\n'}
[1.525996] (joy_pack) StderrLine: {'line': b'\x1b[01m\x1b[K/opt/ros/humble/include/std_msgs/std_msgs/msg/detail/header__struct.hpp:31:11:\x1b[m\x1b[K \x1b[01;36m\x1b[Knote: \x1b[m\x1b[K  \xe2\x80\x98\x1b[01m\x1b[Kstd_msgs::msg\x1b[m\x1b[K\xe2\x80\x99\n'}
[1.526032] (joy_pack) StderrLine: {'line': b'   31 | namespace \x1b[01;36m\x1b[Kmsg\x1b[m\x1b[K\n'}
[1.526061] (joy_pack) StderrLine: {'line': b'      |           \x1b[01;36m\x1b[K^~~\x1b[m\x1b[K\n'}
[1.526090] (joy_pack) StderrLine: {'line': b'In file included from \x1b[01m\x1b[K/opt/ros/humble/include/sensor_msgs/sensor_msgs/msg/joy.hpp:7\x1b[m\x1b[K,\n'}
[1.526121] (joy_pack) StderrLine: {'line': b'                 from \x1b[01m\x1b[K/home/GTL/apaul/ros2_hw1/src/joy_pack/src/joy_function.cpp:7\x1b[m\x1b[K:\n'}
[1.526151] (joy_pack) StderrLine: {'line': b'\x1b[01m\x1b[K/opt/ros/humble/include/sensor_msgs/sensor_msgs/msg/detail/joy__struct.hpp:31:11:\x1b[m\x1b[K \x1b[01;36m\x1b[Knote: \x1b[m\x1b[K  \xe2\x80\x98\x1b[01m\x1b[Ksensor_msgs::msg\x1b[m\x1b[K\xe2\x80\x99\n'}
[1.526183] (joy_pack) StderrLine: {'line': b'   31 | namespace \x1b[01;36m\x1b[Kmsg\x1b[m\x1b[K\n'}
[1.526213] (joy_pack) StderrLine: {'line': b'      |           \x1b[01;36m\x1b[K^~~\x1b[m\x1b[K\n'}
[1.526242] (joy_pack) StderrLine: {'line': b'In file included from \x1b[01m\x1b[K/opt/ros/humble/include/geometry_msgs/geometry_msgs/msg/detail/twist__struct.hpp:21\x1b[m\x1b[K,\n'}
[1.526273] (joy_pack) StderrLine: {'line': b'                 from \x1b[01m\x1b[K/opt/ros/humble/include/geometry_msgs/geometry_msgs/msg/twist.hpp:7\x1b[m\x1b[K,\n'}
[1.526304] (joy_pack) StderrLine: {'line': b'                 from \x1b[01m\x1b[K/home/GTL/apaul/ros2_hw1/src/joy_pack/src/joy_function.cpp:8\x1b[m\x1b[K:\n'}
[1.526333] (joy_pack) StderrLine: {'line': b'\x1b[01m\x1b[K/opt/ros/humble/include/geometry_msgs/geometry_msgs/msg/detail/vector3__struct.hpp:27:11:\x1b[m\x1b[K \x1b[01;36m\x1b[Knote: \x1b[m\x1b[K  \xe2\x80\x98\x1b[01m\x1b[Kgeometry_msgs::msg\x1b[m\x1b[K\xe2\x80\x99\n'}
[1.526364] (joy_pack) StderrLine: {'line': b'   27 | namespace \x1b[01;36m\x1b[Kmsg\x1b[m\x1b[K\n'}
[1.526394] (joy_pack) StderrLine: {'line': b'      |           \x1b[01;36m\x1b[K^~~\x1b[m\x1b[K\n'}
[1.526422] (joy_pack) StderrLine: {'line': b'\x1b[01m\x1b[K/home/GTL/apaul/ros2_hw1/src/joy_pack/src/joy_function.cpp:49:26:\x1b[m\x1b[K \x1b[01;31m\x1b[Kerror: \x1b[m\x1b[Kexpected \xe2\x80\x98\x1b[01m\x1b[K,\x1b[m\x1b[K\xe2\x80\x99 before \xe2\x80\x98\x1b[01m\x1b[K.\x1b[m\x1b[K\xe2\x80\x99 token\n'}
[1.526452] (joy_pack) StderrLine: {'line': b'   49 |     message.linear = [msg\x1b[01;31m\x1b[K.\x1b[m\x1b[Kaxes[1]+msg.axes[3],msg.axes[0]+msg.axes[2],0];\n'}
[1.526482] (joy_pack) StderrLine: {'line': b'      |                          \x1b[01;31m\x1b[K^\x1b[m\x1b[K\n'}
[1.526512] (joy_pack) StderrLine: {'line': b'\x1b[01m\x1b[K/home/GTL/apaul/ros2_hw1/src/joy_pack/src/joy_function.cpp:49:26:\x1b[m\x1b[K \x1b[01;31m\x1b[Kerror: \x1b[m\x1b[Kexpected identifier before \xe2\x80\x98\x1b[01m\x1b[K.\x1b[m\x1b[K\xe2\x80\x99 token\n'}
[1.526542] (joy_pack) StderrLine: {'line': b'\x1b[01m\x1b[K/home/GTL/apaul/ros2_hw1/src/joy_pack/src/joy_function.cpp:49:46:\x1b[m\x1b[K \x1b[01;31m\x1b[Kerror: \x1b[m\x1b[Kexpected \xe2\x80\x98\x1b[01m\x1b[K]\x1b[m\x1b[K\xe2\x80\x99 before \xe2\x80\x98\x1b[01m\x1b[K,\x1b[m\x1b[K\xe2\x80\x99 token\n'}
[1.526574] (joy_pack) StderrLine: {'line': b'   49 |     message.linear = [msg.axes[1]+msg.axes[3]\x1b[01;31m\x1b[K,\x1b[m\x1b[Kmsg.axes[0]+msg.axes[2],0];\n'}
[1.526604] (joy_pack) StderrLine: {'line': b'      |                                              \x1b[01;31m\x1b[K^\x1b[m\x1b[K\n'}
[1.526633] (joy_pack) StderrLine: {'line': b'\x1b[01m\x1b[K/home/GTL/apaul/ros2_hw1/src/joy_pack/src/joy_function.cpp:\x1b[m\x1b[K In lambda function:\n'}
[1.526664] (joy_pack) StderrLine: {'line': b'\x1b[01m\x1b[K/home/GTL/apaul/ros2_hw1/src/joy_pack/src/joy_function.cpp:49:46:\x1b[m\x1b[K \x1b[01;31m\x1b[Kerror: \x1b[m\x1b[Kexpected \xe2\x80\x98\x1b[01m\x1b[K{\x1b[m\x1b[K\xe2\x80\x99 before \xe2\x80\x98\x1b[01m\x1b[K,\x1b[m\x1b[K\xe2\x80\x99 token\n'}
[1.526695] (joy_pack) StderrLine: {'line': b'\x1b[01m\x1b[K/home/GTL/apaul/ros2_hw1/src/joy_pack/src/joy_function.cpp:\x1b[m\x1b[K In member function \xe2\x80\x98\x1b[01m\x1b[Kvoid JoyNode::timer_callback()\x1b[m\x1b[K\xe2\x80\x99:\n'}
[1.526725] (joy_pack) StderrLine: {'line': b'\x1b[01m\x1b[K/home/GTL/apaul/ros2_hw1/src/joy_pack/src/joy_function.cpp:50:24:\x1b[m\x1b[K \x1b[01;31m\x1b[Kerror: \x1b[m\x1b[Kexpected identifier before numeric constant\n'}
[1.526756] (joy_pack) StderrLine: {'line': b'   50 |     message.angular = [\x1b[01;31m\x1b[K0\x1b[m\x1b[K,0,0];\n'}
[1.526787] (joy_pack) StderrLine: {'line': b'      |                        \x1b[01;31m\x1b[K^\x1b[m\x1b[K\n'}
[1.526818] (joy_pack) StderrLine: {'line': b'\x1b[01m\x1b[K/home/GTL/apaul/ros2_hw1/src/joy_pack/src/joy_function.cpp:50:25:\x1b[m\x1b[K \x1b[01;31m\x1b[Kerror: \x1b[m\x1b[Kexpected \xe2\x80\x98\x1b[01m\x1b[K]\x1b[m\x1b[K\xe2\x80\x99 before \xe2\x80\x98\x1b[01m\x1b[K,\x1b[m\x1b[K\xe2\x80\x99 token\n'}
[1.526849] (joy_pack) StderrLine: {'line': b'   50 |     message.angular = [0\x1b[01;31m\x1b[K,\x1b[m\x1b[K0,0];\n'}
[1.526881] (joy_pack) StderrLine: {'line': b'      |                         \x1b[01;31m\x1b[K^\x1b[m\x1b[K\n'}
[1.526911] (joy_pack) StderrLine: {'line': b'\x1b[01m\x1b[K/home/GTL/apaul/ros2_hw1/src/joy_pack/src/joy_function.cpp:\x1b[m\x1b[K In lambda function:\n'}
[1.526942] (joy_pack) StderrLine: {'line': b'\x1b[01m\x1b[K/home/GTL/apaul/ros2_hw1/src/joy_pack/src/joy_function.cpp:50:25:\x1b[m\x1b[K \x1b[01;31m\x1b[Kerror: \x1b[m\x1b[Kexpected \xe2\x80\x98\x1b[01m\x1b[K{\x1b[m\x1b[K\xe2\x80\x99 before \xe2\x80\x98\x1b[01m\x1b[K,\x1b[m\x1b[K\xe2\x80\x99 token\n'}
[1.602867] (-) TimerEvent: {}
[1.703081] (-) TimerEvent: {}
[1.803319] (-) TimerEvent: {}
[1.903553] (-) TimerEvent: {}
[2.003789] (-) TimerEvent: {}
[2.104046] (-) TimerEvent: {}
[2.204308] (-) TimerEvent: {}
[2.304564] (-) TimerEvent: {}
[2.404830] (-) TimerEvent: {}
[2.505091] (-) TimerEvent: {}
[2.605352] (-) TimerEvent: {}
[2.705574] (-) TimerEvent: {}
[2.805835] (-) TimerEvent: {}
[2.906061] (-) TimerEvent: {}
[3.006321] (-) TimerEvent: {}
[3.034910] (joy_pack) StderrLine: {'line': b'gmake[2]: *** [CMakeFiles/listener.dir/build.make:76: CMakeFiles/listener.dir/src/joy_function.cpp.o] Error 1\n'}
[3.035071] (joy_pack) StderrLine: {'line': b'gmake[1]: *** [CMakeFiles/Makefile2:137: CMakeFiles/listener.dir/all] Error 2\n'}
[3.035136] (joy_pack) StderrLine: {'line': b'gmake: *** [Makefile:146: all] Error 2\n'}
[3.036483] (joy_pack) CommandEnded: {'returncode': 2}
[3.076736] (joy_pack) JobEnded: {'identifier': 'joy_pack', 'rc': 2}
[3.087096] (-) EventReactorShutdown: {}
