[1.767s] Invoking command in '/home/GTL/apaul/ros2_hw1/src/ros_task_manager/src/button_server': PYTHONPATH=/home/GTL/apaul/ros2_hw1/build/button_server/prefix_override:/usr/lib/python3/dist-packages/colcon_core/task/python/colcon_distutils_commands:/home/GTL/apaul/ros2_hw1/install/button_server/lib/python3.10/site-packages:${PYTHONPATH} /usr/bin/python3 -W ignore:setup.py install is deprecated setup.py egg_info --egg-base ../../../../build/button_server build --build-base /home/GTL/apaul/ros2_hw1/build/button_server/build install --record /home/GTL/apaul/ros2_hw1/build/button_server/install.log --single-version-externally-managed install_data
[1.955s] running egg_info
[1.955s] writing ../../../../build/button_server/button_server.egg-info/PKG-INFO
[1.955s] writing dependency_links to ../../../../build/button_server/button_server.egg-info/dependency_links.txt
[1.956s] writing entry points to ../../../../build/button_server/button_server.egg-info/entry_points.txt
[1.957s] writing requirements to ../../../../build/button_server/button_server.egg-info/requires.txt
[1.958s] writing top-level names to ../../../../build/button_server/button_server.egg-info/top_level.txt
[1.962s] reading manifest file '../../../../build/button_server/button_server.egg-info/SOURCES.txt'
[1.964s] writing manifest file '../../../../build/button_server/button_server.egg-info/SOURCES.txt'
[1.965s] running build
[1.965s] running build_py
[1.965s] running build_scripts
[1.965s] running install
[1.966s] running install_lib
[1.967s] running install_data
[1.967s] running install_egg_info
[1.968s] removing '/home/GTL/apaul/ros2_hw1/install/button_server/lib/python3.10/site-packages/button_server-0.0.0-py3.10.egg-info' (and everything under it)
[1.971s] Copying ../../../../build/button_server/button_server.egg-info to /home/GTL/apaul/ros2_hw1/install/button_server/lib/python3.10/site-packages/button_server-0.0.0-py3.10.egg-info
[1.995s] running install_scripts
[2.012s] changing mode of /home/GTL/apaul/ros2_hw1/install/button_server/lib/button_server/button_server_node to 775
[2.015s] writing list of installed files to '/home/GTL/apaul/ros2_hw1/build/button_server/install.log'
[2.363s] Invoked command in '/home/GTL/apaul/ros2_hw1/src/ros_task_manager/src/button_server' returned '0': PYTHONPATH=/home/GTL/apaul/ros2_hw1/build/button_server/prefix_override:/usr/lib/python3/dist-packages/colcon_core/task/python/colcon_distutils_commands:/home/GTL/apaul/ros2_hw1/install/button_server/lib/python3.10/site-packages:${PYTHONPATH} /usr/bin/python3 -W ignore:setup.py install is deprecated setup.py egg_info --egg-base ../../../../build/button_server build --build-base /home/GTL/apaul/ros2_hw1/build/button_server/build install --record /home/GTL/apaul/ros2_hw1/build/button_server/install.log --single-version-externally-managed install_data
