[1.944s] Invoking command in '/home/GTL/pcastere/ros_hw1/ros2_hw1/build/vrep4_helpers': CMAKE_PREFIX_PATH=/opt/ros/humble /usr/bin/cmake --build /home/GTL/pcastere/ros_hw1/ros2_hw1/build/vrep4_helpers -- -j16 -l16
[2.120s] [35m[1mConsolidate compiler generated dependencies of target clock_repeat[0m
[2.253s] [35m[1mConsolidate compiler generated dependencies of target image_flip[0m
[2.286s] [ 75%] Built target clock_repeat
[2.288s] [100%] Built target image_flip
[2.312s] Invoked command in '/home/GTL/pcastere/ros_hw1/ros2_hw1/build/vrep4_helpers' returned '0': CMAKE_PREFIX_PATH=/opt/ros/humble /usr/bin/cmake --build /home/GTL/pcastere/ros_hw1/ros2_hw1/build/vrep4_helpers -- -j16 -l16
[2.404s] Invoking command in '/home/GTL/pcastere/ros_hw1/ros2_hw1/build/vrep4_helpers': CMAKE_PREFIX_PATH=/opt/ros/humble /usr/bin/cmake --install /home/GTL/pcastere/ros_hw1/ros2_hw1/build/vrep4_helpers
[2.428s] -- Install configuration: ""
[2.488s] -- Up-to-date: /home/GTL/pcastere/ros_hw1/ros2_hw1/install/vrep4_helpers/lib/vrep4_helpers/image_flip
[2.519s] -- Up-to-date: /home/GTL/pcastere/ros_hw1/ros2_hw1/install/vrep4_helpers/lib/vrep4_helpers/clock_repeat
[2.527s] -- Up-to-date: /home/GTL/pcastere/ros_hw1/ros2_hw1/install/vrep4_helpers/share/vrep4_helpers
[2.528s] -- Up-to-date: /home/GTL/pcastere/ros_hw1/ros2_hw1/install/vrep4_helpers/share/vrep4_helpers/kinect_pc.launch.py
[2.528s] -- Up-to-date: /home/GTL/pcastere/ros_hw1/ros2_hw1/install/vrep4_helpers/share/vrep4_helpers/kinect_pc_min.launch.py
[2.528s] -- Up-to-date: /home/GTL/pcastere/ros_hw1/ros2_hw1/install/vrep4_helpers/share/vrep4_helpers/__pycache__
[2.528s] -- Up-to-date: /home/GTL/pcastere/ros_hw1/ros2_hw1/install/vrep4_helpers/share/vrep4_helpers/__pycache__/kinect_pc_min.launch.cpython-310.pyc
[2.529s] -- Up-to-date: /home/GTL/pcastere/ros_hw1/ros2_hw1/install/vrep4_helpers/share/ament_index/resource_index/package_run_dependencies/vrep4_helpers
[2.529s] -- Up-to-date: /home/GTL/pcastere/ros_hw1/ros2_hw1/install/vrep4_helpers/share/ament_index/resource_index/parent_prefix_path/vrep4_helpers
[2.530s] -- Up-to-date: /home/GTL/pcastere/ros_hw1/ros2_hw1/install/vrep4_helpers/share/vrep4_helpers/environment/ament_prefix_path.sh
[2.530s] -- Up-to-date: /home/GTL/pcastere/ros_hw1/ros2_hw1/install/vrep4_helpers/share/vrep4_helpers/environment/ament_prefix_path.dsv
[2.530s] -- Up-to-date: /home/GTL/pcastere/ros_hw1/ros2_hw1/install/vrep4_helpers/share/vrep4_helpers/environment/path.sh
[2.530s] -- Up-to-date: /home/GTL/pcastere/ros_hw1/ros2_hw1/install/vrep4_helpers/share/vrep4_helpers/environment/path.dsv
[2.531s] -- Up-to-date: /home/GTL/pcastere/ros_hw1/ros2_hw1/install/vrep4_helpers/share/vrep4_helpers/local_setup.bash
[2.531s] -- Up-to-date: /home/GTL/pcastere/ros_hw1/ros2_hw1/install/vrep4_helpers/share/vrep4_helpers/local_setup.sh
[2.532s] -- Up-to-date: /home/GTL/pcastere/ros_hw1/ros2_hw1/install/vrep4_helpers/share/vrep4_helpers/local_setup.zsh
[2.532s] -- Up-to-date: /home/GTL/pcastere/ros_hw1/ros2_hw1/install/vrep4_helpers/share/vrep4_helpers/local_setup.dsv
[2.533s] -- Installing: /home/GTL/pcastere/ros_hw1/ros2_hw1/install/vrep4_helpers/share/vrep4_helpers/package.dsv
[2.537s] -- Up-to-date: /home/GTL/pcastere/ros_hw1/ros2_hw1/install/vrep4_helpers/share/ament_index/resource_index/packages/vrep4_helpers
[2.538s] -- Up-to-date: /home/GTL/pcastere/ros_hw1/ros2_hw1/install/vrep4_helpers/share/vrep4_helpers/cmake/vrep4_helpersConfig.cmake
[2.539s] -- Up-to-date: /home/GTL/pcastere/ros_hw1/ros2_hw1/install/vrep4_helpers/share/vrep4_helpers/cmake/vrep4_helpersConfig-version.cmake
[2.539s] -- Up-to-date: /home/GTL/pcastere/ros_hw1/ros2_hw1/install/vrep4_helpers/share/vrep4_helpers/package.xml
[2.590s] Invoked command in '/home/GTL/pcastere/ros_hw1/ros2_hw1/build/vrep4_helpers' returned '0': CMAKE_PREFIX_PATH=/opt/ros/humble /usr/bin/cmake --install /home/GTL/pcastere/ros_hw1/ros2_hw1/build/vrep4_helpers
