[0.000000] (-) TimerEvent: {}
[0.000116] (joy_pack) JobQueued: {'identifier': 'joy_pack', 'dependencies': OrderedDict()}
[0.000139] (joy_pack) JobStarted: {'identifier': 'joy_pack'}
[0.008999] (joy_pack) JobProgress: {'identifier': 'joy_pack', 'progress': 'cmake'}
[0.012320] (joy_pack) JobProgress: {'identifier': 'joy_pack', 'progress': 'build'}
[0.012948] (joy_pack) Command: {'cmd': ['/usr/bin/cmake', '--build', '/home/GTL/apaul/ros2_hw1/build/joy_pack', '--', '-j16', '-l16'], 'cwd': '/home/GTL/apaul/ros2_hw1/build/joy_pack', 'env': OrderedDict([('USER', 'apaul'), ('XDG_SESSION_TYPE', 'x11'), ('SHLVL', '1'), ('LD_LIBRARY_PATH', '/usr/lib/x86_64-linux-gnu/gazebo-11/plugins:/opt/ros/humble/opt/rviz_ogre_vendor/lib:/opt/ros/humble/lib/x86_64-linux-gnu:/opt/ros/humble/lib'), ('HOME', '/home/GTL/apaul'), ('CYCLONEDDS_URI', '/cs-share/pradalier/gtlpc_cyclonedds.xml'), ('OLDPWD', '/home/GTL/apaul/ros2_hw1/src'), ('DESKTOP_SESSION', 'ubuntu'), ('ROS_PYTHON_VERSION', '3'), ('GNOME_SHELL_SESSION_MODE', 'ubuntu'), ('GTK_MODULES', 'gail:atk-bridge'), ('MANAGERPID', '475083'), ('SYSTEMD_EXEC_PID', '475526'), ('DBUS_SESSION_BUS_ADDRESS', 'unix:path=/run/user/37726/bus'), ('COLORTERM', 'truecolor'), ('TERMINATOR_DBUS_NAME', 'net.tenshu.Terminator23558193cd9818af7fe4d2c2f5bd9d00f'), ('GIO_LAUNCHED_DESKTOP_FILE_PID', '476146'), ('COLCON_PREFIX_PATH', '/home/GTL/apaul/ros2_hw1/install'), ('ROS_DISTRO', 'humble'), ('GTK_IM_MODULE', 'ibus'), ('LOGNAME', 'apaul'), ('JOURNAL_STREAM', '8:1046791'), ('_', '/usr/bin/colcon'), ('ROS_VERSION', '2'), ('XDG_SESSION_CLASS', 'user'), ('USERNAME', 'apaul'), ('TERM', 'xterm-256color'), ('GNOME_DESKTOP_SESSION_ID', 'this-is-deprecated'), ('ROS_LOCALHOST_ONLY', '0'), ('WINDOWPATH', '2'), ('PATH', '/opt/ros/humble/bin:/usr/local/sbin:/usr/local/bin:/usr/sbin:/usr/bin:/sbin:/bin:/usr/games:/usr/local/games:/snap/bin:/snap/bin'), ('SESSION_MANAGER', 'local/gtlpc106.georgiatech-metz.fr:@/tmp/.ICE-unix/475331,unix/gtlpc106.georgiatech-metz.fr:/tmp/.ICE-unix/475331'), ('INVOCATION_ID', '3fdb088795ea40f0a91da07674d3b41e'), ('XDG_MENU_PREFIX', 'gnome-'), ('XDG_RUNTIME_DIR', '/run/user/37726'), ('DISPLAY', ':1'), ('TERMINATOR_DBUS_PATH', '/net/tenshu/Terminator2'), ('LANG', 'en_US.UTF-8'), ('XDG_CURRENT_DESKTOP', 'ubuntu:GNOME'), ('IBUS_DISABLE_SNOOPER', '1'), ('RMW_IMPLEMENTATION', 'rmw_cyclonedds_cpp'), ('XMODIFIERS', '@im=ibus'), ('XDG_SESSION_DESKTOP', 'ubuntu'), ('XAUTHORITY', '/run/user/37726/gdm/Xauthority'), ('SSH_AGENT_LAUNCHER', 'gnome-keyring'), ('SSH_AUTH_SOCK', '/run/user/37726/keyring/ssh'), ('ROS_DOMAIN_ID', '56'), ('AMENT_PREFIX_PATH', '/home/GTL/apaul/ros2_hw1/install/joy_pack:/opt/ros/humble'), ('SHELL', '/bin/bash'), ('TERMINATOR_UUID', 'urn:uuid:7fe1fe2d-3206-4189-bbf7-91ea4dee5b83'), ('KRB5CCNAME', 'FILE:/tmp/krb5cc_37726'), ('QT_ACCESSIBILITY', '1'), ('GDMSESSION', 'ubuntu'), ('GPG_AGENT_INFO', '/run/user/37726/gnupg/S.gpg-agent:0:1'), ('QT_IM_MODULE', 'ibus'), ('PWD', '/home/GTL/apaul/ros2_hw1/build/joy_pack'), ('XDG_CONFIG_DIRS', '/etc/xdg/xdg-ubuntu:/etc/xdg'), ('XDG_DATA_DIRS', '/usr/share/ubuntu:/usr/share/gnome:/usr/local/share/:/usr/share/:/var/lib/snapd/desktop'), ('PYTHONPATH', '/opt/ros/humble/lib/python3.10/site-packages:/opt/ros/humble/local/lib/python3.10/dist-packages'), ('COLCON', '1'), ('VTE_VERSION', '6800'), ('CMAKE_PREFIX_PATH', '/home/GTL/apaul/ros2_hw1/install/joy_pack:/opt/ros/humble')]), 'shell': False}
[0.070601] (joy_pack) StdoutLine: {'line': b'[ 50%] \x1b[32mBuilding CXX object CMakeFiles/listener.dir/src/joy_function.cpp.o\x1b[0m\n'}
[0.098890] (-) TimerEvent: {}
[0.199103] (-) TimerEvent: {}
[0.299373] (-) TimerEvent: {}
[0.399620] (-) TimerEvent: {}
[0.499844] (-) TimerEvent: {}
[0.600089] (-) TimerEvent: {}
[0.700350] (-) TimerEvent: {}
[0.800610] (-) TimerEvent: {}
[0.900848] (-) TimerEvent: {}
[1.001141] (-) TimerEvent: {}
[1.101381] (-) TimerEvent: {}
[1.201630] (-) TimerEvent: {}
[1.301895] (-) TimerEvent: {}
[1.402117] (-) TimerEvent: {}
[1.502352] (-) TimerEvent: {}
[1.602580] (-) TimerEvent: {}
[1.702880] (-) TimerEvent: {}
[1.803194] (-) TimerEvent: {}
[1.903457] (-) TimerEvent: {}
[2.003699] (-) TimerEvent: {}
[2.103971] (-) TimerEvent: {}
[2.204208] (-) TimerEvent: {}
[2.304463] (-) TimerEvent: {}
[2.404681] (-) TimerEvent: {}
[2.504965] (-) TimerEvent: {}
[2.605208] (-) TimerEvent: {}
[2.705462] (-) TimerEvent: {}
[2.805773] (-) TimerEvent: {}
[2.906053] (-) TimerEvent: {}
[3.006342] (-) TimerEvent: {}
[3.106596] (-) TimerEvent: {}
[3.206856] (-) TimerEvent: {}
[3.307119] (-) TimerEvent: {}
[3.407406] (-) TimerEvent: {}
[3.507780] (-) TimerEvent: {}
[3.608030] (-) TimerEvent: {}
[3.708263] (-) TimerEvent: {}
[3.808502] (-) TimerEvent: {}
[3.908737] (-) TimerEvent: {}
[4.008994] (-) TimerEvent: {}
[4.109207] (-) TimerEvent: {}
[4.209438] (-) TimerEvent: {}
[4.309682] (-) TimerEvent: {}
[4.409946] (-) TimerEvent: {}
[4.510185] (-) TimerEvent: {}
[4.610435] (-) TimerEvent: {}
[4.710673] (-) TimerEvent: {}
[4.810927] (-) TimerEvent: {}
[4.911146] (-) TimerEvent: {}
[5.011434] (-) TimerEvent: {}
[5.111645] (-) TimerEvent: {}
[5.211887] (-) TimerEvent: {}
[5.312118] (-) TimerEvent: {}
[5.412354] (-) TimerEvent: {}
[5.478736] (joy_pack) StdoutLine: {'line': b'[100%] \x1b[32m\x1b[1mLinking CXX executable listener\x1b[0m\n'}
[5.512449] (-) TimerEvent: {}
[5.612682] (-) TimerEvent: {}
[5.712978] (-) TimerEvent: {}
[5.763255] (joy_pack) StdoutLine: {'line': b'[100%] Built target listener\n'}
[5.813056] (-) TimerEvent: {}
[5.913277] (-) TimerEvent: {}
[6.005315] (joy_pack) CommandEnded: {'returncode': 0}
[6.013367] (-) TimerEvent: {}
[6.020025] (joy_pack) JobProgress: {'identifier': 'joy_pack', 'progress': 'install'}
[6.024769] (joy_pack) Command: {'cmd': ['/usr/bin/cmake', '--install', '/home/GTL/apaul/ros2_hw1/build/joy_pack'], 'cwd': '/home/GTL/apaul/ros2_hw1/build/joy_pack', 'env': OrderedDict([('USER', 'apaul'), ('XDG_SESSION_TYPE', 'x11'), ('SHLVL', '1'), ('LD_LIBRARY_PATH', '/usr/lib/x86_64-linux-gnu/gazebo-11/plugins:/opt/ros/humble/opt/rviz_ogre_vendor/lib:/opt/ros/humble/lib/x86_64-linux-gnu:/opt/ros/humble/lib'), ('HOME', '/home/GTL/apaul'), ('CYCLONEDDS_URI', '/cs-share/pradalier/gtlpc_cyclonedds.xml'), ('OLDPWD', '/home/GTL/apaul/ros2_hw1/src'), ('DESKTOP_SESSION', 'ubuntu'), ('ROS_PYTHON_VERSION', '3'), ('GNOME_SHELL_SESSION_MODE', 'ubuntu'), ('GTK_MODULES', 'gail:atk-bridge'), ('MANAGERPID', '475083'), ('SYSTEMD_EXEC_PID', '475526'), ('DBUS_SESSION_BUS_ADDRESS', 'unix:path=/run/user/37726/bus'), ('COLORTERM', 'truecolor'), ('TERMINATOR_DBUS_NAME', 'net.tenshu.Terminator23558193cd9818af7fe4d2c2f5bd9d00f'), ('GIO_LAUNCHED_DESKTOP_FILE_PID', '476146'), ('COLCON_PREFIX_PATH', '/home/GTL/apaul/ros2_hw1/install'), ('ROS_DISTRO', 'humble'), ('GTK_IM_MODULE', 'ibus'), ('LOGNAME', 'apaul'), ('JOURNAL_STREAM', '8:1046791'), ('_', '/usr/bin/colcon'), ('ROS_VERSION', '2'), ('XDG_SESSION_CLASS', 'user'), ('USERNAME', 'apaul'), ('TERM', 'xterm-256color'), ('GNOME_DESKTOP_SESSION_ID', 'this-is-deprecated'), ('ROS_LOCALHOST_ONLY', '0'), ('WINDOWPATH', '2'), ('PATH', '/opt/ros/humble/bin:/usr/local/sbin:/usr/local/bin:/usr/sbin:/usr/bin:/sbin:/bin:/usr/games:/usr/local/games:/snap/bin:/snap/bin'), ('SESSION_MANAGER', 'local/gtlpc106.georgiatech-metz.fr:@/tmp/.ICE-unix/475331,unix/gtlpc106.georgiatech-metz.fr:/tmp/.ICE-unix/475331'), ('INVOCATION_ID', '3fdb088795ea40f0a91da07674d3b41e'), ('XDG_MENU_PREFIX', 'gnome-'), ('XDG_RUNTIME_DIR', '/run/user/37726'), ('DISPLAY', ':1'), ('TERMINATOR_DBUS_PATH', '/net/tenshu/Terminator2'), ('LANG', 'en_US.UTF-8'), ('XDG_CURRENT_DESKTOP', 'ubuntu:GNOME'), ('IBUS_DISABLE_SNOOPER', '1'), ('RMW_IMPLEMENTATION', 'rmw_cyclonedds_cpp'), ('XMODIFIERS', '@im=ibus'), ('XDG_SESSION_DESKTOP', 'ubuntu'), ('XAUTHORITY', '/run/user/37726/gdm/Xauthority'), ('SSH_AGENT_LAUNCHER', 'gnome-keyring'), ('SSH_AUTH_SOCK', '/run/user/37726/keyring/ssh'), ('ROS_DOMAIN_ID', '56'), ('AMENT_PREFIX_PATH', '/home/GTL/apaul/ros2_hw1/install/joy_pack:/opt/ros/humble'), ('SHELL', '/bin/bash'), ('TERMINATOR_UUID', 'urn:uuid:7fe1fe2d-3206-4189-bbf7-91ea4dee5b83'), ('KRB5CCNAME', 'FILE:/tmp/krb5cc_37726'), ('QT_ACCESSIBILITY', '1'), ('GDMSESSION', 'ubuntu'), ('GPG_AGENT_INFO', '/run/user/37726/gnupg/S.gpg-agent:0:1'), ('QT_IM_MODULE', 'ibus'), ('PWD', '/home/GTL/apaul/ros2_hw1/build/joy_pack'), ('XDG_CONFIG_DIRS', '/etc/xdg/xdg-ubuntu:/etc/xdg'), ('XDG_DATA_DIRS', '/usr/share/ubuntu:/usr/share/gnome:/usr/local/share/:/usr/share/:/var/lib/snapd/desktop'), ('PYTHONPATH', '/opt/ros/humble/lib/python3.10/site-packages:/opt/ros/humble/local/lib/python3.10/dist-packages'), ('COLCON', '1'), ('VTE_VERSION', '6800'), ('CMAKE_PREFIX_PATH', '/home/GTL/apaul/ros2_hw1/install/joy_pack:/opt/ros/humble')]), 'shell': False}
[6.031648] (joy_pack) StdoutLine: {'line': b'-- Install configuration: ""\n'}
[6.033294] (joy_pack) StdoutLine: {'line': b'-- Installing: /home/GTL/apaul/ros2_hw1/install/joy_pack/lib/joy_pack/listener\n'}
[6.070327] (joy_pack) StdoutLine: {'line': b'-- Set runtime path of "/home/GTL/apaul/ros2_hw1/install/joy_pack/lib/joy_pack/listener" to ""\n'}
[6.070532] (joy_pack) StdoutLine: {'line': b'-- Up-to-date: /home/GTL/apaul/ros2_hw1/install/joy_pack/share/ament_index/resource_index/package_run_dependencies/joy_pack\n'}
[6.071567] (joy_pack) StdoutLine: {'line': b'-- Up-to-date: /home/GTL/apaul/ros2_hw1/install/joy_pack/share/ament_index/resource_index/parent_prefix_path/joy_pack\n'}
[6.072406] (joy_pack) StdoutLine: {'line': b'-- Up-to-date: /home/GTL/apaul/ros2_hw1/install/joy_pack/share/joy_pack/environment/ament_prefix_path.sh\n'}
[6.073526] (joy_pack) StdoutLine: {'line': b'-- Up-to-date: /home/GTL/apaul/ros2_hw1/install/joy_pack/share/joy_pack/environment/ament_prefix_path.dsv\n'}
[6.073862] (joy_pack) StdoutLine: {'line': b'-- Up-to-date: /home/GTL/apaul/ros2_hw1/install/joy_pack/share/joy_pack/environment/path.sh\n'}
[6.074855] (joy_pack) StdoutLine: {'line': b'-- Up-to-date: /home/GTL/apaul/ros2_hw1/install/joy_pack/share/joy_pack/environment/path.dsv\n'}
[6.075274] (joy_pack) StdoutLine: {'line': b'-- Up-to-date: /home/GTL/apaul/ros2_hw1/install/joy_pack/share/joy_pack/local_setup.bash\n'}
[6.075879] (joy_pack) StdoutLine: {'line': b'-- Up-to-date: /home/GTL/apaul/ros2_hw1/install/joy_pack/share/joy_pack/local_setup.sh\n'}
[6.076373] (joy_pack) StdoutLine: {'line': b'-- Up-to-date: /home/GTL/apaul/ros2_hw1/install/joy_pack/share/joy_pack/local_setup.zsh\n'}
[6.077451] (joy_pack) StdoutLine: {'line': b'-- Up-to-date: /home/GTL/apaul/ros2_hw1/install/joy_pack/share/joy_pack/local_setup.dsv\n'}
[6.077976] (joy_pack) StdoutLine: {'line': b'-- Installing: /home/GTL/apaul/ros2_hw1/install/joy_pack/share/joy_pack/package.dsv\n'}
[6.083120] (joy_pack) StdoutLine: {'line': b'-- Up-to-date: /home/GTL/apaul/ros2_hw1/install/joy_pack/share/ament_index/resource_index/packages/joy_pack\n'}
[6.084003] (joy_pack) StdoutLine: {'line': b'-- Up-to-date: /home/GTL/apaul/ros2_hw1/install/joy_pack/share/joy_pack/cmake/joy_packConfig.cmake\n'}
[6.084494] (joy_pack) StdoutLine: {'line': b'-- Up-to-date: /home/GTL/apaul/ros2_hw1/install/joy_pack/share/joy_pack/cmake/joy_packConfig-version.cmake\n'}
[6.085079] (joy_pack) StdoutLine: {'line': b'-- Up-to-date: /home/GTL/apaul/ros2_hw1/install/joy_pack/share/joy_pack/package.xml\n'}
[6.087829] (joy_pack) CommandEnded: {'returncode': 0}
[6.113439] (-) TimerEvent: {}
[6.151751] (joy_pack) JobEnded: {'identifier': 'joy_pack', 'rc': 0}
[6.153466] (-) EventReactorShutdown: {}
