[0.000000] (-) TimerEvent: {}
[0.000147] (-) JobUnselected: {'identifier': 'ar_loc_base'}
[0.000285] (-) JobUnselected: {'identifier': 'ar_mapping_base'}
[0.000305] (-) JobUnselected: {'identifier': 'ar_slam_base'}
[0.000319] (-) JobUnselected: {'identifier': 'button_server'}
[0.000331] (-) JobUnselected: {'identifier': 'collision_avoidance_base'}
[0.000343] (-) JobUnselected: {'identifier': 'cs7630_msgs'}
[0.000354] (-) JobUnselected: {'identifier': 'face_detect_base'}
[0.000366] (-) JobUnselected: {'identifier': 'face_msg'}
[0.000379] (-) JobUnselected: {'identifier': 'floor_nav'}
[0.000392] (-) JobUnselected: {'identifier': 'joy_pack'}
[0.000403] (-) JobUnselected: {'identifier': 'keyboard_teleop'}
[0.000414] (-) JobUnselected: {'identifier': 'obstacle_avoidance_base'}
[0.000426] (-) JobUnselected: {'identifier': 'occgrid_planner'}
[0.000438] (-) JobUnselected: {'identifier': 'rover_driver_base'}
[0.000449] (-) JobUnselected: {'identifier': 'task_manager_client_py'}
[0.000460] (-) JobUnselected: {'identifier': 'task_manager_lib'}
[0.000472] (-) JobUnselected: {'identifier': 'task_manager_msgs'}
[0.000484] (-) JobUnselected: {'identifier': 'task_manager_nav2'}
[0.000495] (-) JobUnselected: {'identifier': 'task_manager_sync'}
[0.000507] (-) JobUnselected: {'identifier': 'turtlebot_launch'}
[0.000519] (-) JobUnselected: {'identifier': 'vrep4_helpers'}
[0.000533] (-) JobUnselected: {'identifier': 'vrep_ros_teleop'}
[0.000549] (-) JobUnselected: {'identifier': 'wifi_map_base'}
[0.000566] (-) JobUnselected: {'identifier': 'wpa_cli_msgs'}
[0.000585] (occgrid_planner_base) JobQueued: {'identifier': 'occgrid_planner_base', 'dependencies': OrderedDict([('cs7630_msgs', '/home/GTL/apaul/ros2_hw1/install/cs7630_msgs')])}
[0.000609] (occgrid_planner_base) JobStarted: {'identifier': 'occgrid_planner_base'}
[0.017016] (occgrid_planner_base) JobProgress: {'identifier': 'occgrid_planner_base', 'progress': 'cmake'}
[0.020182] (occgrid_planner_base) JobProgress: {'identifier': 'occgrid_planner_base', 'progress': 'build'}
[0.020767] (occgrid_planner_base) Command: {'cmd': ['/usr/bin/cmake', '--build', '/home/GTL/apaul/ros2_hw1/build/occgrid_planner_base', '--', '-j16', '-l16'], 'cwd': '/home/GTL/apaul/ros2_hw1/build/occgrid_planner_base', 'env': OrderedDict([('USER', 'apaul'), ('XDG_SESSION_TYPE', 'x11'), ('SHLVL', '1'), ('LD_LIBRARY_PATH', '/home/GTL/apaul/ros2_hw1/install/cs7630_msgs/lib:/usr/lib/x86_64-linux-gnu/gazebo-11/plugins:/opt/ros/humble/opt/rviz_ogre_vendor/lib:/opt/ros/humble/lib/x86_64-linux-gnu:/opt/ros/humble/lib'), ('HOME', '/home/GTL/apaul'), ('CYCLONEDDS_URI', '/cs-share/pradalier/gtlpc_cyclonedds.xml'), ('OLDPWD', '/home/GTL/apaul'), ('DESKTOP_SESSION', 'ubuntu'), ('ROS_PYTHON_VERSION', '3'), ('GNOME_SHELL_SESSION_MODE', 'ubuntu'), ('GTK_MODULES', 'gail:atk-bridge'), ('MANAGERPID', '2447'), ('SYSTEMD_EXEC_PID', '2970'), ('DBUS_SESSION_BUS_ADDRESS', 'unix:path=/run/user/37726/bus'), ('COLORTERM', 'truecolor'), ('TERMINATOR_DBUS_NAME', 'net.tenshu.Terminator23558193cd9818af7fe4d2c2f5bd9d00f'), ('GIO_LAUNCHED_DESKTOP_FILE_PID', '4339'), ('ROS_DISTRO', 'humble'), ('GTK_IM_MODULE', 'ibus'), ('LOGNAME', 'apaul'), ('JOURNAL_STREAM', '8:39539'), ('_', '/usr/bin/colcon'), ('ROS_VERSION', '2'), ('XDG_SESSION_CLASS', 'user'), ('USERNAME', 'apaul'), ('TERM', 'xterm-256color'), ('GNOME_DESKTOP_SESSION_ID', 'this-is-deprecated'), ('ROS_LOCALHOST_ONLY', '0'), ('WINDOWPATH', '2'), ('PATH', '/opt/ros/humble/bin:/usr/local/sbin:/usr/local/bin:/usr/sbin:/usr/bin:/sbin:/bin:/usr/games:/usr/local/games:/snap/bin:/snap/bin'), ('SESSION_MANAGER', 'local/gtlpc106.georgiatech-metz.fr:@/tmp/.ICE-unix/2702,unix/gtlpc106.georgiatech-metz.fr:/tmp/.ICE-unix/2702'), ('INVOCATION_ID', 'a7599bc07ed241d58205dd0c990b0f9b'), ('XDG_MENU_PREFIX', 'gnome-'), ('XDG_RUNTIME_DIR', '/run/user/37726'), ('DISPLAY', ':1'), ('TERMINATOR_DBUS_PATH', '/net/tenshu/Terminator2'), ('LANG', 'en_US.UTF-8'), ('XDG_CURRENT_DESKTOP', 'ubuntu:GNOME'), ('IBUS_DISABLE_SNOOPER', '1'), ('RMW_IMPLEMENTATION', 'rmw_cyclonedds_cpp'), ('XMODIFIERS', '@im=ibus'), ('XDG_SESSION_DESKTOP', 'ubuntu'), ('XAUTHORITY', '/run/user/37726/gdm/Xauthority'), ('SSH_AGENT_LAUNCHER', 'gnome-keyring'), ('SSH_AUTH_SOCK', '/run/user/37726/keyring/ssh'), ('ROS_DOMAIN_ID', '56'), ('AMENT_PREFIX_PATH', '/home/GTL/apaul/ros2_hw1/install/cs7630_msgs:/opt/ros/humble'), ('SHELL', '/bin/bash'), ('TERMINATOR_UUID', 'urn:uuid:2449bbd2-eecf-4110-a6e7-f3f786500713'), ('KRB5CCNAME', 'FILE:/tmp/krb5cc_37726'), ('QT_ACCESSIBILITY', '1'), ('GDMSESSION', 'ubuntu'), ('GPG_AGENT_INFO', '/run/user/37726/gnupg/S.gpg-agent:0:1'), ('QT_IM_MODULE', 'ibus'), ('PWD', '/home/GTL/apaul/ros2_hw1/build/occgrid_planner_base'), ('XDG_CONFIG_DIRS', '/etc/xdg/xdg-ubuntu:/etc/xdg'), ('XDG_DATA_DIRS', '/usr/share/ubuntu:/usr/share/gnome:/usr/local/share/:/usr/share/:/var/lib/snapd/desktop'), ('PYTHONPATH', '/home/GTL/apaul/ros2_hw1/install/cs7630_msgs/local/lib/python3.10/dist-packages:/opt/ros/humble/lib/python3.10/site-packages:/opt/ros/humble/local/lib/python3.10/dist-packages'), ('COLCON', '1'), ('VTE_VERSION', '6800'), ('CMAKE_PREFIX_PATH', '/home/GTL/apaul/ros2_hw1/install/cs7630_msgs:/opt/ros/humble')]), 'shell': False}
[0.075569] (occgrid_planner_base) StdoutLine: {'line': b'\x1b[35m\x1b[1mConsolidate compiler generated dependencies of target occgrid_planner_base\x1b[0m\n'}
[0.094723] (occgrid_planner_base) StdoutLine: {'line': b'[ 66%] Built target path_optimizer_base\n'}
[0.094958] (occgrid_planner_base) StdoutLine: {'line': b'[ 66%] Built target path_follower_base\n'}
[0.099337] (-) TimerEvent: {}
[0.136457] (occgrid_planner_base) StdoutLine: {'line': b'[ 83%] \x1b[32mBuilding CXX object CMakeFiles/occgrid_planner_base.dir/src/occgrid_planner.cpp.o\x1b[0m\n'}
[0.199431] (-) TimerEvent: {}
[0.299669] (-) TimerEvent: {}
[0.399891] (-) TimerEvent: {}
[0.500108] (-) TimerEvent: {}
[0.600344] (-) TimerEvent: {}
[0.700567] (-) TimerEvent: {}
[0.800839] (-) TimerEvent: {}
[0.901086] (-) TimerEvent: {}
[1.001312] (-) TimerEvent: {}
[1.101530] (-) TimerEvent: {}
[1.201790] (-) TimerEvent: {}
[1.302043] (-) TimerEvent: {}
[1.402261] (-) TimerEvent: {}
[1.502509] (-) TimerEvent: {}
[1.602781] (-) TimerEvent: {}
[1.703044] (-) TimerEvent: {}
[1.803310] (-) TimerEvent: {}
[1.903563] (-) TimerEvent: {}
[2.003832] (-) TimerEvent: {}
[2.104070] (-) TimerEvent: {}
[2.204308] (-) TimerEvent: {}
[2.304574] (-) TimerEvent: {}
[2.404821] (-) TimerEvent: {}
[2.505101] (-) TimerEvent: {}
[2.605376] (-) TimerEvent: {}
[2.705683] (-) TimerEvent: {}
[2.805951] (-) TimerEvent: {}
[2.906210] (-) TimerEvent: {}
[3.006450] (-) TimerEvent: {}
[3.106703] (-) TimerEvent: {}
[3.206931] (-) TimerEvent: {}
[3.307147] (-) TimerEvent: {}
[3.407386] (-) TimerEvent: {}
[3.507640] (-) TimerEvent: {}
[3.607888] (-) TimerEvent: {}
[3.708093] (-) TimerEvent: {}
[3.808334] (-) TimerEvent: {}
[3.908556] (-) TimerEvent: {}
[4.008800] (-) TimerEvent: {}
[4.109008] (-) TimerEvent: {}
[4.209260] (-) TimerEvent: {}
[4.309477] (-) TimerEvent: {}
[4.409686] (-) TimerEvent: {}
[4.509888] (-) TimerEvent: {}
[4.610108] (-) TimerEvent: {}
[4.710348] (-) TimerEvent: {}
[4.810583] (-) TimerEvent: {}
[4.910833] (-) TimerEvent: {}
[5.011065] (-) TimerEvent: {}
[5.111281] (-) TimerEvent: {}
[5.211485] (-) TimerEvent: {}
[5.311721] (-) TimerEvent: {}
[5.412012] (-) TimerEvent: {}
[5.512246] (-) TimerEvent: {}
[5.612465] (-) TimerEvent: {}
[5.712692] (-) TimerEvent: {}
[5.812978] (-) TimerEvent: {}
[5.913235] (-) TimerEvent: {}
[6.013475] (-) TimerEvent: {}
[6.113711] (-) TimerEvent: {}
[6.213957] (-) TimerEvent: {}
[6.314181] (-) TimerEvent: {}
[6.414420] (-) TimerEvent: {}
[6.514638] (-) TimerEvent: {}
[6.614886] (-) TimerEvent: {}
[6.715128] (-) TimerEvent: {}
[6.815334] (-) TimerEvent: {}
[6.915566] (-) TimerEvent: {}
[7.015828] (-) TimerEvent: {}
[7.116066] (-) TimerEvent: {}
[7.216293] (-) TimerEvent: {}
[7.316525] (-) TimerEvent: {}
[7.416734] (-) TimerEvent: {}
[7.516943] (-) TimerEvent: {}
[7.617218] (-) TimerEvent: {}
[7.717545] (-) TimerEvent: {}
[7.817789] (-) TimerEvent: {}
[7.918066] (-) TimerEvent: {}
[8.018287] (-) TimerEvent: {}
[8.118520] (-) TimerEvent: {}
[8.218767] (-) TimerEvent: {}
[8.318999] (-) TimerEvent: {}
[8.419276] (-) TimerEvent: {}
[8.519586] (-) TimerEvent: {}
[8.619961] (-) TimerEvent: {}
[8.720404] (-) TimerEvent: {}
[8.820700] (-) TimerEvent: {}
[8.921006] (-) TimerEvent: {}
[9.021283] (-) TimerEvent: {}
[9.121507] (-) TimerEvent: {}
[9.221761] (-) TimerEvent: {}
[9.322024] (-) TimerEvent: {}
[9.422266] (-) TimerEvent: {}
[9.522509] (-) TimerEvent: {}
[9.622797] (-) TimerEvent: {}
[9.723111] (-) TimerEvent: {}
[9.823427] (-) TimerEvent: {}
[9.923737] (-) TimerEvent: {}
[10.024043] (-) TimerEvent: {}
[10.124318] (-) TimerEvent: {}
[10.224617] (-) TimerEvent: {}
[10.324911] (-) TimerEvent: {}
[10.425168] (-) TimerEvent: {}
[10.525407] (-) TimerEvent: {}
[10.625643] (-) TimerEvent: {}
[10.725883] (-) TimerEvent: {}
[10.826134] (-) TimerEvent: {}
[10.926381] (-) TimerEvent: {}
[11.026601] (-) TimerEvent: {}
[11.126813] (-) TimerEvent: {}
[11.227045] (-) TimerEvent: {}
[11.327265] (-) TimerEvent: {}
[11.427527] (-) TimerEvent: {}
[11.527802] (-) TimerEvent: {}
[11.628031] (-) TimerEvent: {}
[11.728257] (-) TimerEvent: {}
[11.828490] (-) TimerEvent: {}
[11.928737] (-) TimerEvent: {}
[12.028982] (-) TimerEvent: {}
[12.129218] (-) TimerEvent: {}
[12.229474] (-) TimerEvent: {}
[12.329736] (-) TimerEvent: {}
[12.430022] (-) TimerEvent: {}
[12.530266] (-) TimerEvent: {}
[12.630524] (-) TimerEvent: {}
[12.730764] (-) TimerEvent: {}
[12.831004] (-) TimerEvent: {}
[12.931245] (-) TimerEvent: {}
[13.031511] (-) TimerEvent: {}
[13.131739] (-) TimerEvent: {}
[13.231993] (-) TimerEvent: {}
[13.332230] (-) TimerEvent: {}
[13.432453] (-) TimerEvent: {}
[13.532730] (-) TimerEvent: {}
[13.632991] (-) TimerEvent: {}
[13.733260] (-) TimerEvent: {}
[13.833472] (-) TimerEvent: {}
[13.933715] (-) TimerEvent: {}
[14.033964] (-) TimerEvent: {}
[14.134208] (-) TimerEvent: {}
[14.234424] (-) TimerEvent: {}
[14.334640] (-) TimerEvent: {}
[14.434891] (-) TimerEvent: {}
[14.535189] (-) TimerEvent: {}
[14.635445] (-) TimerEvent: {}
[14.735707] (-) TimerEvent: {}
[14.835917] (-) TimerEvent: {}
[14.936130] (-) TimerEvent: {}
[15.036372] (-) TimerEvent: {}
[15.136607] (-) TimerEvent: {}
[15.236879] (-) TimerEvent: {}
[15.337115] (-) TimerEvent: {}
[15.437363] (-) TimerEvent: {}
[15.537627] (-) TimerEvent: {}
[15.637868] (-) TimerEvent: {}
[15.738117] (-) TimerEvent: {}
[15.838361] (-) TimerEvent: {}
[15.938624] (-) TimerEvent: {}
[16.038999] (-) TimerEvent: {}
[16.139253] (-) TimerEvent: {}
[16.239495] (-) TimerEvent: {}
[16.339710] (-) TimerEvent: {}
[16.439933] (-) TimerEvent: {}
[16.540185] (-) TimerEvent: {}
[16.640432] (-) TimerEvent: {}
[16.740667] (-) TimerEvent: {}
[16.840911] (-) TimerEvent: {}
[16.941152] (-) TimerEvent: {}
[17.041434] (-) TimerEvent: {}
[17.141649] (-) TimerEvent: {}
[17.241887] (-) TimerEvent: {}
[17.277357] (occgrid_planner_base) StdoutLine: {'line': b'[100%] \x1b[32m\x1b[1mLinking CXX executable occgrid_planner_base\x1b[0m\n'}
[17.341994] (-) TimerEvent: {}
[17.442217] (-) TimerEvent: {}
[17.542520] (-) TimerEvent: {}
[17.642743] (-) TimerEvent: {}
[17.742993] (-) TimerEvent: {}
[17.843227] (-) TimerEvent: {}
[17.943444] (-) TimerEvent: {}
[18.043664] (-) TimerEvent: {}
[18.143883] (-) TimerEvent: {}
[18.244145] (-) TimerEvent: {}
[18.344408] (-) TimerEvent: {}
[18.399177] (occgrid_planner_base) StdoutLine: {'line': b'[100%] Built target occgrid_planner_base\n'}
[18.409697] (occgrid_planner_base) CommandEnded: {'returncode': 0}
[18.428348] (occgrid_planner_base) JobProgress: {'identifier': 'occgrid_planner_base', 'progress': 'install'}
[18.433722] (occgrid_planner_base) Command: {'cmd': ['/usr/bin/cmake', '--install', '/home/GTL/apaul/ros2_hw1/build/occgrid_planner_base'], 'cwd': '/home/GTL/apaul/ros2_hw1/build/occgrid_planner_base', 'env': OrderedDict([('USER', 'apaul'), ('XDG_SESSION_TYPE', 'x11'), ('SHLVL', '1'), ('LD_LIBRARY_PATH', '/home/GTL/apaul/ros2_hw1/install/cs7630_msgs/lib:/usr/lib/x86_64-linux-gnu/gazebo-11/plugins:/opt/ros/humble/opt/rviz_ogre_vendor/lib:/opt/ros/humble/lib/x86_64-linux-gnu:/opt/ros/humble/lib'), ('HOME', '/home/GTL/apaul'), ('CYCLONEDDS_URI', '/cs-share/pradalier/gtlpc_cyclonedds.xml'), ('OLDPWD', '/home/GTL/apaul'), ('DESKTOP_SESSION', 'ubuntu'), ('ROS_PYTHON_VERSION', '3'), ('GNOME_SHELL_SESSION_MODE', 'ubuntu'), ('GTK_MODULES', 'gail:atk-bridge'), ('MANAGERPID', '2447'), ('SYSTEMD_EXEC_PID', '2970'), ('DBUS_SESSION_BUS_ADDRESS', 'unix:path=/run/user/37726/bus'), ('COLORTERM', 'truecolor'), ('TERMINATOR_DBUS_NAME', 'net.tenshu.Terminator23558193cd9818af7fe4d2c2f5bd9d00f'), ('GIO_LAUNCHED_DESKTOP_FILE_PID', '4339'), ('ROS_DISTRO', 'humble'), ('GTK_IM_MODULE', 'ibus'), ('LOGNAME', 'apaul'), ('JOURNAL_STREAM', '8:39539'), ('_', '/usr/bin/colcon'), ('ROS_VERSION', '2'), ('XDG_SESSION_CLASS', 'user'), ('USERNAME', 'apaul'), ('TERM', 'xterm-256color'), ('GNOME_DESKTOP_SESSION_ID', 'this-is-deprecated'), ('ROS_LOCALHOST_ONLY', '0'), ('WINDOWPATH', '2'), ('PATH', '/opt/ros/humble/bin:/usr/local/sbin:/usr/local/bin:/usr/sbin:/usr/bin:/sbin:/bin:/usr/games:/usr/local/games:/snap/bin:/snap/bin'), ('SESSION_MANAGER', 'local/gtlpc106.georgiatech-metz.fr:@/tmp/.ICE-unix/2702,unix/gtlpc106.georgiatech-metz.fr:/tmp/.ICE-unix/2702'), ('INVOCATION_ID', 'a7599bc07ed241d58205dd0c990b0f9b'), ('XDG_MENU_PREFIX', 'gnome-'), ('XDG_RUNTIME_DIR', '/run/user/37726'), ('DISPLAY', ':1'), ('TERMINATOR_DBUS_PATH', '/net/tenshu/Terminator2'), ('LANG', 'en_US.UTF-8'), ('XDG_CURRENT_DESKTOP', 'ubuntu:GNOME'), ('IBUS_DISABLE_SNOOPER', '1'), ('RMW_IMPLEMENTATION', 'rmw_cyclonedds_cpp'), ('XMODIFIERS', '@im=ibus'), ('XDG_SESSION_DESKTOP', 'ubuntu'), ('XAUTHORITY', '/run/user/37726/gdm/Xauthority'), ('SSH_AGENT_LAUNCHER', 'gnome-keyring'), ('SSH_AUTH_SOCK', '/run/user/37726/keyring/ssh'), ('ROS_DOMAIN_ID', '56'), ('AMENT_PREFIX_PATH', '/home/GTL/apaul/ros2_hw1/install/cs7630_msgs:/opt/ros/humble'), ('SHELL', '/bin/bash'), ('TERMINATOR_UUID', 'urn:uuid:2449bbd2-eecf-4110-a6e7-f3f786500713'), ('KRB5CCNAME', 'FILE:/tmp/krb5cc_37726'), ('QT_ACCESSIBILITY', '1'), ('GDMSESSION', 'ubuntu'), ('GPG_AGENT_INFO', '/run/user/37726/gnupg/S.gpg-agent:0:1'), ('QT_IM_MODULE', 'ibus'), ('PWD', '/home/GTL/apaul/ros2_hw1/build/occgrid_planner_base'), ('XDG_CONFIG_DIRS', '/etc/xdg/xdg-ubuntu:/etc/xdg'), ('XDG_DATA_DIRS', '/usr/share/ubuntu:/usr/share/gnome:/usr/local/share/:/usr/share/:/var/lib/snapd/desktop'), ('PYTHONPATH', '/home/GTL/apaul/ros2_hw1/install/cs7630_msgs/local/lib/python3.10/dist-packages:/opt/ros/humble/lib/python3.10/site-packages:/opt/ros/humble/local/lib/python3.10/dist-packages'), ('COLCON', '1'), ('VTE_VERSION', '6800'), ('CMAKE_PREFIX_PATH', '/home/GTL/apaul/ros2_hw1/install/cs7630_msgs:/opt/ros/humble')]), 'shell': False}
[18.441411] (occgrid_planner_base) StdoutLine: {'line': b'-- Install configuration: ""\n'}
[18.442985] (occgrid_planner_base) StdoutLine: {'line': b'-- Installing: /home/GTL/apaul/ros2_hw1/install/occgrid_planner_base/lib/occgrid_planner_base/occgrid_planner_base\n'}
[18.444462] (-) TimerEvent: {}
[18.544658] (-) TimerEvent: {}
[18.633124] (occgrid_planner_base) StdoutLine: {'line': b'-- Set runtime path of "/home/GTL/apaul/ros2_hw1/install/occgrid_planner_base/lib/occgrid_planner_base/occgrid_planner_base" to ""\n'}
[18.634700] (occgrid_planner_base) StdoutLine: {'line': b'-- Up-to-date: /home/GTL/apaul/ros2_hw1/install/occgrid_planner_base/lib/occgrid_planner_base/path_optimizer_base\n'}
[18.637423] (occgrid_planner_base) StdoutLine: {'line': b'-- Up-to-date: /home/GTL/apaul/ros2_hw1/install/occgrid_planner_base/lib/occgrid_planner_base/path_follower_base\n'}
[18.639186] (occgrid_planner_base) StdoutLine: {'line': b'-- Up-to-date: /home/GTL/apaul/ros2_hw1/install/occgrid_planner_base/share/occgrid_planner_base\n'}
[18.640388] (occgrid_planner_base) StdoutLine: {'line': b'-- Up-to-date: /home/GTL/apaul/ros2_hw1/install/occgrid_planner_base/share/occgrid_planner_base/planner.launch.py\n'}
[18.641422] (occgrid_planner_base) StdoutLine: {'line': b'-- Up-to-date: /home/GTL/apaul/ros2_hw1/install/occgrid_planner_base/share/occgrid_planner_base/mapper_params_online_sync.yaml\n'}
[18.642016] (occgrid_planner_base) StdoutLine: {'line': b'-- Up-to-date: /home/GTL/apaul/ros2_hw1/install/occgrid_planner_base/share/occgrid_planner_base/slam_tb_sync.launch.py\n'}
[18.642965] (occgrid_planner_base) StdoutLine: {'line': b'-- Up-to-date: /home/GTL/apaul/ros2_hw1/install/occgrid_planner_base/share/occgrid_planner_base/mapper_params_tb_sync.yaml\n'}
[18.643899] (occgrid_planner_base) StdoutLine: {'line': b'-- Up-to-date: /home/GTL/apaul/ros2_hw1/install/occgrid_planner_base/share/occgrid_planner_base/slam_online_sync.launch.py\n'}
[18.644688] (occgrid_planner_base) StdoutLine: {'line': b'-- Up-to-date: /home/GTL/apaul/ros2_hw1/install/occgrid_planner_base/share/occgrid_planner_base/__pycache__\n'}
[18.644729] (-) TimerEvent: {}
[18.645690] (occgrid_planner_base) StdoutLine: {'line': b'-- Installing: /home/GTL/apaul/ros2_hw1/install/occgrid_planner_base/share/occgrid_planner_base/__pycache__/slam_online_sync.launch.cpython-310.pyc\n'}
[18.651292] (occgrid_planner_base) StdoutLine: {'line': b'-- Installing: /home/GTL/apaul/ros2_hw1/install/occgrid_planner_base/share/occgrid_planner_base/__pycache__/planner.launch.cpython-310.pyc\n'}
[18.666634] (occgrid_planner_base) StdoutLine: {'line': b'-- Up-to-date: /home/GTL/apaul/ros2_hw1/install/occgrid_planner_base/share/ament_index/resource_index/package_run_dependencies/occgrid_planner_base\n'}
[18.667481] (occgrid_planner_base) StdoutLine: {'line': b'-- Up-to-date: /home/GTL/apaul/ros2_hw1/install/occgrid_planner_base/share/ament_index/resource_index/parent_prefix_path/occgrid_planner_base\n'}
[18.668392] (occgrid_planner_base) StdoutLine: {'line': b'-- Up-to-date: /home/GTL/apaul/ros2_hw1/install/occgrid_planner_base/share/occgrid_planner_base/environment/ament_prefix_path.sh\n'}
[18.669069] (occgrid_planner_base) StdoutLine: {'line': b'-- Up-to-date: /home/GTL/apaul/ros2_hw1/install/occgrid_planner_base/share/occgrid_planner_base/environment/ament_prefix_path.dsv\n'}
[18.669635] (occgrid_planner_base) StdoutLine: {'line': b'-- Up-to-date: /home/GTL/apaul/ros2_hw1/install/occgrid_planner_base/share/occgrid_planner_base/environment/path.sh\n'}
[18.670479] (occgrid_planner_base) StdoutLine: {'line': b'-- Up-to-date: /home/GTL/apaul/ros2_hw1/install/occgrid_planner_base/share/occgrid_planner_base/environment/path.dsv\n'}
[18.671087] (occgrid_planner_base) StdoutLine: {'line': b'-- Up-to-date: /home/GTL/apaul/ros2_hw1/install/occgrid_planner_base/share/occgrid_planner_base/local_setup.bash\n'}
[18.671713] (occgrid_planner_base) StdoutLine: {'line': b'-- Up-to-date: /home/GTL/apaul/ros2_hw1/install/occgrid_planner_base/share/occgrid_planner_base/local_setup.sh\n'}
[18.672214] (occgrid_planner_base) StdoutLine: {'line': b'-- Up-to-date: /home/GTL/apaul/ros2_hw1/install/occgrid_planner_base/share/occgrid_planner_base/local_setup.zsh\n'}
[18.673200] (occgrid_planner_base) StdoutLine: {'line': b'-- Up-to-date: /home/GTL/apaul/ros2_hw1/install/occgrid_planner_base/share/occgrid_planner_base/local_setup.dsv\n'}
[18.674087] (occgrid_planner_base) StdoutLine: {'line': b'-- Installing: /home/GTL/apaul/ros2_hw1/install/occgrid_planner_base/share/occgrid_planner_base/package.dsv\n'}
[18.679337] (occgrid_planner_base) StdoutLine: {'line': b'-- Up-to-date: /home/GTL/apaul/ros2_hw1/install/occgrid_planner_base/share/ament_index/resource_index/packages/occgrid_planner_base\n'}
[18.680498] (occgrid_planner_base) StdoutLine: {'line': b'-- Up-to-date: /home/GTL/apaul/ros2_hw1/install/occgrid_planner_base/share/occgrid_planner_base/cmake/occgrid_planner_baseConfig.cmake\n'}
[18.680890] (occgrid_planner_base) StdoutLine: {'line': b'-- Up-to-date: /home/GTL/apaul/ros2_hw1/install/occgrid_planner_base/share/occgrid_planner_base/cmake/occgrid_planner_baseConfig-version.cmake\n'}
[18.681271] (occgrid_planner_base) StdoutLine: {'line': b'-- Up-to-date: /home/GTL/apaul/ros2_hw1/install/occgrid_planner_base/share/occgrid_planner_base/package.xml\n'}
[18.684112] (occgrid_planner_base) CommandEnded: {'returncode': 0}
[18.744830] (-) TimerEvent: {}
[18.750657] (occgrid_planner_base) JobEnded: {'identifier': 'occgrid_planner_base', 'rc': 0}
[18.752126] (-) EventReactorShutdown: {}
