[0.078s] Invoking command in '/home/GTL/pcastere/ros_hw1/ros2_hw1/build/task_manager_msgs': CMAKE_PREFIX_PATH=/opt/ros/humble /usr/bin/cmake --build /home/GTL/pcastere/ros_hw1/ros2_hw1/build/task_manager_msgs -- -j16 -l16
[0.712s] [  0%] Built target task_manager_msgs__cpp
[0.712s] [ 13%] Built target task_manager_msgs__rosidl_generator_c
[0.712s] [ 36%] Built target task_manager_msgs__rosidl_typesupport_cpp
[0.712s] [ 49%] Built target task_manager_msgs__rosidl_typesupport_introspection_cpp
[0.712s] [ 49%] Built target task_manager_msgs__rosidl_typesupport_fastrtps_cpp
[0.712s] [ 77%] Built target task_manager_msgs__rosidl_typesupport_c
[0.712s] [ 80%] Built target task_manager_msgs__rosidl_typesupport_introspection_c
[0.712s] [ 82%] Built target task_manager_msgs__rosidl_typesupport_fastrtps_c
[0.712s] [ 82%] Built target task_manager_msgs
[0.712s] [ 82%] Built target ament_cmake_python_copy_task_manager_msgs
[0.712s] [ 83%] Built target task_manager_msgs__py
[0.712s] [ 85%] Built target task_manager_msgs_encapsulate
[0.712s] [ 95%] Built target task_manager_msgs__rosidl_generator_py
[0.712s] [100%] Built target task_manager_msgs__rosidl_typesupport_fastrtps_c__pyext
[0.712s] [100%] Built target task_manager_msgs__rosidl_typesupport_introspection_c__pyext
[0.713s] [100%] Built target task_manager_msgs__rosidl_typesupport_c__pyext
[0.713s] running egg_info
[0.713s] writing task_manager_msgs.egg-info/PKG-INFO
[0.713s] writing dependency_links to task_manager_msgs.egg-info/dependency_links.txt
[0.713s] writing top-level names to task_manager_msgs.egg-info/top_level.txt
[0.713s] reading manifest file 'task_manager_msgs.egg-info/SOURCES.txt'
[0.713s] writing manifest file 'task_manager_msgs.egg-info/SOURCES.txt'
[0.713s] [100%] Built target ament_cmake_python_build_task_manager_msgs_egg
[0.911s] Invoked command in '/home/GTL/pcastere/ros_hw1/ros2_hw1/build/task_manager_msgs' returned '0': CMAKE_PREFIX_PATH=/opt/ros/humble /usr/bin/cmake --build /home/GTL/pcastere/ros_hw1/ros2_hw1/build/task_manager_msgs -- -j16 -l16
[1.060s] Invoking command in '/home/GTL/pcastere/ros_hw1/ros2_hw1/build/task_manager_msgs': CMAKE_PREFIX_PATH=/opt/ros/humble /usr/bin/cmake --install /home/GTL/pcastere/ros_hw1/ros2_hw1/build/task_manager_msgs
[1.084s] -- Install configuration: ""
[1.084s] -- Up-to-date: /home/GTL/pcastere/ros_hw1/ros2_hw1/install/task_manager_msgs/share/ament_index/resource_index/rosidl_interfaces/task_manager_msgs
[1.084s] -- Up-to-date: /home/GTL/pcastere/ros_hw1/ros2_hw1/install/task_manager_msgs/include/task_manager_msgs/task_manager_msgs
[1.084s] -- Up-to-date: /home/GTL/pcastere/ros_hw1/ros2_hw1/install/task_manager_msgs/include/task_manager_msgs/task_manager_msgs/msg
[1.084s] -- Up-to-date: /home/GTL/pcastere/ros_hw1/ros2_hw1/install/task_manager_msgs/include/task_manager_msgs/task_manager_msgs/msg/task_status.h
[1.084s] -- Up-to-date: /home/GTL/pcastere/ros_hw1/ros2_hw1/install/task_manager_msgs/include/task_manager_msgs/task_manager_msgs/msg/sync_status.h
[1.084s] -- Up-to-date: /home/GTL/pcastere/ros_hw1/ros2_hw1/install/task_manager_msgs/include/task_manager_msgs/task_manager_msgs/msg/detail
[1.084s] -- Up-to-date: /home/GTL/pcastere/ros_hw1/ros2_hw1/install/task_manager_msgs/include/task_manager_msgs/task_manager_msgs/msg/detail/task_parameter__functions.c
[1.084s] -- Up-to-date: /home/GTL/pcastere/ros_hw1/ros2_hw1/install/task_manager_msgs/include/task_manager_msgs/task_manager_msgs/msg/detail/task_description__struct.h
[1.084s] -- Up-to-date: /home/GTL/pcastere/ros_hw1/ros2_hw1/install/task_manager_msgs/include/task_manager_msgs/task_manager_msgs/msg/detail/task_description__type_support.h
[1.084s] -- Up-to-date: /home/GTL/pcastere/ros_hw1/ros2_hw1/install/task_manager_msgs/include/task_manager_msgs/task_manager_msgs/msg/detail/task_parameter__functions.h
[1.084s] -- Up-to-date: /home/GTL/pcastere/ros_hw1/ros2_hw1/install/task_manager_msgs/include/task_manager_msgs/task_manager_msgs/msg/detail/task_parameter__type_support.h
[1.085s] -- Up-to-date: /home/GTL/pcastere/ros_hw1/ros2_hw1/install/task_manager_msgs/include/task_manager_msgs/task_manager_msgs/msg/detail/sync_status__type_support.h
[1.085s] -- Up-to-date: /home/GTL/pcastere/ros_hw1/ros2_hw1/install/task_manager_msgs/include/task_manager_msgs/task_manager_msgs/msg/detail/task_config__struct.h
[1.085s] -- Up-to-date: /home/GTL/pcastere/ros_hw1/ros2_hw1/install/task_manager_msgs/include/task_manager_msgs/task_manager_msgs/msg/detail/encapsulated_message__functions.c
[1.085s] -- Up-to-date: /home/GTL/pcastere/ros_hw1/ros2_hw1/install/task_manager_msgs/include/task_manager_msgs/task_manager_msgs/msg/detail/task_description__functions.c
[1.085s] -- Up-to-date: /home/GTL/pcastere/ros_hw1/ros2_hw1/install/task_manager_msgs/include/task_manager_msgs/task_manager_msgs/msg/detail/task_config__type_support.h
[1.085s] -- Up-to-date: /home/GTL/pcastere/ros_hw1/ros2_hw1/install/task_manager_msgs/include/task_manager_msgs/task_manager_msgs/msg/detail/task_status__functions.c
[1.085s] -- Up-to-date: /home/GTL/pcastere/ros_hw1/ros2_hw1/install/task_manager_msgs/include/task_manager_msgs/task_manager_msgs/msg/detail/encapsulated_message__functions.h
[1.085s] -- Up-to-date: /home/GTL/pcastere/ros_hw1/ros2_hw1/install/task_manager_msgs/include/task_manager_msgs/task_manager_msgs/msg/detail/task_status__struct.h
[1.085s] -- Up-to-date: /home/GTL/pcastere/ros_hw1/ros2_hw1/install/task_manager_msgs/include/task_manager_msgs/task_manager_msgs/msg/detail/task_config__functions.h
[1.085s] -- Up-to-date: /home/GTL/pcastere/ros_hw1/ros2_hw1/install/task_manager_msgs/include/task_manager_msgs/task_manager_msgs/msg/detail/encapsulated_message__type_support.h
[1.085s] -- Up-to-date: /home/GTL/pcastere/ros_hw1/ros2_hw1/install/task_manager_msgs/include/task_manager_msgs/task_manager_msgs/msg/detail/sync_status__struct.h
[1.085s] -- Up-to-date: /home/GTL/pcastere/ros_hw1/ros2_hw1/install/task_manager_msgs/include/task_manager_msgs/task_manager_msgs/msg/detail/task_parameter__struct.h
[1.085s] -- Up-to-date: /home/GTL/pcastere/ros_hw1/ros2_hw1/install/task_manager_msgs/include/task_manager_msgs/task_manager_msgs/msg/detail/task_config__functions.c
[1.085s] -- Up-to-date: /home/GTL/pcastere/ros_hw1/ros2_hw1/install/task_manager_msgs/include/task_manager_msgs/task_manager_msgs/msg/detail/sync_status__functions.c
[1.085s] -- Up-to-date: /home/GTL/pcastere/ros_hw1/ros2_hw1/install/task_manager_msgs/include/task_manager_msgs/task_manager_msgs/msg/detail/task_status__type_support.h
[1.085s] -- Up-to-date: /home/GTL/pcastere/ros_hw1/ros2_hw1/install/task_manager_msgs/include/task_manager_msgs/task_manager_msgs/msg/detail/task_description__functions.h
[1.085s] -- Up-to-date: /home/GTL/pcastere/ros_hw1/ros2_hw1/install/task_manager_msgs/include/task_manager_msgs/task_manager_msgs/msg/detail/sync_status__functions.h
[1.085s] -- Up-to-date: /home/GTL/pcastere/ros_hw1/ros2_hw1/install/task_manager_msgs/include/task_manager_msgs/task_manager_msgs/msg/detail/encapsulated_message__struct.h
[1.085s] -- Up-to-date: /home/GTL/pcastere/ros_hw1/ros2_hw1/install/task_manager_msgs/include/task_manager_msgs/task_manager_msgs/msg/detail/task_status__functions.h
[1.085s] -- Up-to-date: /home/GTL/pcastere/ros_hw1/ros2_hw1/install/task_manager_msgs/include/task_manager_msgs/task_manager_msgs/msg/rosidl_generator_c__visibility_control.h
[1.085s] -- Up-to-date: /home/GTL/pcastere/ros_hw1/ros2_hw1/install/task_manager_msgs/include/task_manager_msgs/task_manager_msgs/msg/encapsulated_message.h
[1.086s] -- Up-to-date: /home/GTL/pcastere/ros_hw1/ros2_hw1/install/task_manager_msgs/include/task_manager_msgs/task_manager_msgs/msg/task_parameter.h
[1.086s] -- Up-to-date: /home/GTL/pcastere/ros_hw1/ros2_hw1/install/task_manager_msgs/include/task_manager_msgs/task_manager_msgs/msg/task_description.h
[1.086s] -- Up-to-date: /home/GTL/pcastere/ros_hw1/ros2_hw1/install/task_manager_msgs/include/task_manager_msgs/task_manager_msgs/msg/task_config.h
[1.086s] -- Up-to-date: /home/GTL/pcastere/ros_hw1/ros2_hw1/install/task_manager_msgs/include/task_manager_msgs/task_manager_msgs/srv
[1.087s] -- Up-to-date: /home/GTL/pcastere/ros_hw1/ros2_hw1/install/task_manager_msgs/include/task_manager_msgs/task_manager_msgs/srv/stop_task.h
[1.087s] -- Up-to-date: /home/GTL/pcastere/ros_hw1/ros2_hw1/install/task_manager_msgs/include/task_manager_msgs/task_manager_msgs/srv/detail
[1.088s] -- Up-to-date: /home/GTL/pcastere/ros_hw1/ros2_hw1/install/task_manager_msgs/include/task_manager_msgs/task_manager_msgs/srv/detail/stop_task__functions.c
[1.089s] -- Up-to-date: /home/GTL/pcastere/ros_hw1/ros2_hw1/install/task_manager_msgs/include/task_manager_msgs/task_manager_msgs/srv/detail/get_task_list__struct.h
[1.089s] -- Up-to-date: /home/GTL/pcastere/ros_hw1/ros2_hw1/install/task_manager_msgs/include/task_manager_msgs/task_manager_msgs/srv/detail/get_all_task_status__functions.h
[1.090s] -- Up-to-date: /home/GTL/pcastere/ros_hw1/ros2_hw1/install/task_manager_msgs/include/task_manager_msgs/task_manager_msgs/srv/detail/stop_task__struct.h
[1.090s] -- Up-to-date: /home/GTL/pcastere/ros_hw1/ros2_hw1/install/task_manager_msgs/include/task_manager_msgs/task_manager_msgs/srv/detail/start_task__functions.c
[1.091s] -- Up-to-date: /home/GTL/pcastere/ros_hw1/ros2_hw1/install/task_manager_msgs/include/task_manager_msgs/task_manager_msgs/srv/detail/get_all_task_status__type_support.h
[1.091s] -- Up-to-date: /home/GTL/pcastere/ros_hw1/ros2_hw1/install/task_manager_msgs/include/task_manager_msgs/task_manager_msgs/srv/detail/get_all_task_status__functions.c
[1.092s] -- Up-to-date: /home/GTL/pcastere/ros_hw1/ros2_hw1/install/task_manager_msgs/include/task_manager_msgs/task_manager_msgs/srv/detail/get_task_list__functions.c
[1.092s] -- Up-to-date: /home/GTL/pcastere/ros_hw1/ros2_hw1/install/task_manager_msgs/include/task_manager_msgs/task_manager_msgs/srv/detail/get_task_list__functions.h
[1.093s] -- Up-to-date: /home/GTL/pcastere/ros_hw1/ros2_hw1/install/task_manager_msgs/include/task_manager_msgs/task_manager_msgs/srv/detail/start_task__struct.h
[1.093s] -- Up-to-date: /home/GTL/pcastere/ros_hw1/ros2_hw1/install/task_manager_msgs/include/task_manager_msgs/task_manager_msgs/srv/detail/stop_task__functions.h
[1.094s] -- Up-to-date: /home/GTL/pcastere/ros_hw1/ros2_hw1/install/task_manager_msgs/include/task_manager_msgs/task_manager_msgs/srv/detail/get_task_list__type_support.h
[1.094s] -- Up-to-date: /home/GTL/pcastere/ros_hw1/ros2_hw1/install/task_manager_msgs/include/task_manager_msgs/task_manager_msgs/srv/detail/get_all_task_status__struct.h
[1.095s] -- Up-to-date: /home/GTL/pcastere/ros_hw1/ros2_hw1/install/task_manager_msgs/include/task_manager_msgs/task_manager_msgs/srv/detail/stop_task__type_support.h
[1.095s] -- Up-to-date: /home/GTL/pcastere/ros_hw1/ros2_hw1/install/task_manager_msgs/include/task_manager_msgs/task_manager_msgs/srv/detail/start_task__type_support.h
[1.095s] -- Up-to-date: /home/GTL/pcastere/ros_hw1/ros2_hw1/install/task_manager_msgs/include/task_manager_msgs/task_manager_msgs/srv/detail/start_task__functions.h
[1.096s] -- Up-to-date: /home/GTL/pcastere/ros_hw1/ros2_hw1/install/task_manager_msgs/include/task_manager_msgs/task_manager_msgs/srv/get_task_list.h
[1.096s] -- Up-to-date: /home/GTL/pcastere/ros_hw1/ros2_hw1/install/task_manager_msgs/include/task_manager_msgs/task_manager_msgs/srv/start_task.h
[1.097s] -- Up-to-date: /home/GTL/pcastere/ros_hw1/ros2_hw1/install/task_manager_msgs/include/task_manager_msgs/task_manager_msgs/srv/get_all_task_status.h
[1.097s] -- Up-to-date: /home/GTL/pcastere/ros_hw1/ros2_hw1/install/task_manager_msgs/share/task_manager_msgs/environment/library_path.sh
[1.098s] -- Up-to-date: /home/GTL/pcastere/ros_hw1/ros2_hw1/install/task_manager_msgs/share/task_manager_msgs/environment/library_path.dsv
[1.099s] -- Up-to-date: /home/GTL/pcastere/ros_hw1/ros2_hw1/install/task_manager_msgs/lib/libtask_manager_msgs__rosidl_generator_c.so
[1.100s] -- Up-to-date: /home/GTL/pcastere/ros_hw1/ros2_hw1/install/task_manager_msgs/include/task_manager_msgs/task_manager_msgs
[1.101s] -- Up-to-date: /home/GTL/pcastere/ros_hw1/ros2_hw1/install/task_manager_msgs/include/task_manager_msgs/task_manager_msgs/msg
[1.102s] -- Up-to-date: /home/GTL/pcastere/ros_hw1/ros2_hw1/install/task_manager_msgs/include/task_manager_msgs/task_manager_msgs/msg/detail
[1.103s] -- Up-to-date: /home/GTL/pcastere/ros_hw1/ros2_hw1/install/task_manager_msgs/include/task_manager_msgs/task_manager_msgs/msg/detail/task_config__rosidl_typesupport_fastrtps_c.h
[1.105s] -- Up-to-date: /home/GTL/pcastere/ros_hw1/ros2_hw1/install/task_manager_msgs/include/task_manager_msgs/task_manager_msgs/msg/detail/sync_status__rosidl_typesupport_fastrtps_c.h
[1.105s] -- Up-to-date: /home/GTL/pcastere/ros_hw1/ros2_hw1/install/task_manager_msgs/include/task_manager_msgs/task_manager_msgs/msg/detail/task_description__rosidl_typesupport_fastrtps_c.h
[1.105s] -- Up-to-date: /home/GTL/pcastere/ros_hw1/ros2_hw1/install/task_manager_msgs/include/task_manager_msgs/task_manager_msgs/msg/detail/task_status__rosidl_typesupport_fastrtps_c.h
[1.105s] -- Up-to-date: /home/GTL/pcastere/ros_hw1/ros2_hw1/install/task_manager_msgs/include/task_manager_msgs/task_manager_msgs/msg/detail/encapsulated_message__rosidl_typesupport_fastrtps_c.h
[1.105s] -- Up-to-date: /home/GTL/pcastere/ros_hw1/ros2_hw1/install/task_manager_msgs/include/task_manager_msgs/task_manager_msgs/msg/detail/task_parameter__rosidl_typesupport_fastrtps_c.h
[1.106s] -- Up-to-date: /home/GTL/pcastere/ros_hw1/ros2_hw1/install/task_manager_msgs/include/task_manager_msgs/task_manager_msgs/msg/rosidl_typesupport_fastrtps_c__visibility_control.h
[1.106s] -- Up-to-date: /home/GTL/pcastere/ros_hw1/ros2_hw1/install/task_manager_msgs/include/task_manager_msgs/task_manager_msgs/srv
[1.107s] -- Up-to-date: /home/GTL/pcastere/ros_hw1/ros2_hw1/install/task_manager_msgs/include/task_manager_msgs/task_manager_msgs/srv/detail
[1.108s] -- Up-to-date: /home/GTL/pcastere/ros_hw1/ros2_hw1/install/task_manager_msgs/include/task_manager_msgs/task_manager_msgs/srv/detail/get_all_task_status__rosidl_typesupport_fastrtps_c.h
[1.108s] -- Up-to-date: /home/GTL/pcastere/ros_hw1/ros2_hw1/install/task_manager_msgs/include/task_manager_msgs/task_manager_msgs/srv/detail/start_task__rosidl_typesupport_fastrtps_c.h
[1.109s] -- Up-to-date: /home/GTL/pcastere/ros_hw1/ros2_hw1/install/task_manager_msgs/include/task_manager_msgs/task_manager_msgs/srv/detail/get_task_list__rosidl_typesupport_fastrtps_c.h
[1.109s] -- Up-to-date: /home/GTL/pcastere/ros_hw1/ros2_hw1/install/task_manager_msgs/include/task_manager_msgs/task_manager_msgs/srv/detail/stop_task__rosidl_typesupport_fastrtps_c.h
[1.110s] -- Up-to-date: /home/GTL/pcastere/ros_hw1/ros2_hw1/install/task_manager_msgs/lib/libtask_manager_msgs__rosidl_typesupport_fastrtps_c.so
[1.112s] -- Up-to-date: /home/GTL/pcastere/ros_hw1/ros2_hw1/install/task_manager_msgs/include/task_manager_msgs/task_manager_msgs
[1.112s] -- Up-to-date: /home/GTL/pcastere/ros_hw1/ros2_hw1/install/task_manager_msgs/include/task_manager_msgs/task_manager_msgs/msg
[1.113s] -- Up-to-date: /home/GTL/pcastere/ros_hw1/ros2_hw1/install/task_manager_msgs/include/task_manager_msgs/task_manager_msgs/msg/sync_status.hpp
[1.114s] -- Up-to-date: /home/GTL/pcastere/ros_hw1/ros2_hw1/install/task_manager_msgs/include/task_manager_msgs/task_manager_msgs/msg/encapsulated_message.hpp
[1.114s] -- Up-to-date: /home/GTL/pcastere/ros_hw1/ros2_hw1/install/task_manager_msgs/include/task_manager_msgs/task_manager_msgs/msg/detail
[1.115s] -- Up-to-date: /home/GTL/pcastere/ros_hw1/ros2_hw1/install/task_manager_msgs/include/task_manager_msgs/task_manager_msgs/msg/detail/encapsulated_message__struct.hpp
[1.115s] -- Up-to-date: /home/GTL/pcastere/ros_hw1/ros2_hw1/install/task_manager_msgs/include/task_manager_msgs/task_manager_msgs/msg/detail/task_config__traits.hpp
[1.116s] -- Up-to-date: /home/GTL/pcastere/ros_hw1/ros2_hw1/install/task_manager_msgs/include/task_manager_msgs/task_manager_msgs/msg/detail/sync_status__builder.hpp
[1.116s] -- Up-to-date: /home/GTL/pcastere/ros_hw1/ros2_hw1/install/task_manager_msgs/include/task_manager_msgs/task_manager_msgs/msg/detail/sync_status__traits.hpp
[1.116s] -- Up-to-date: /home/GTL/pcastere/ros_hw1/ros2_hw1/install/task_manager_msgs/include/task_manager_msgs/task_manager_msgs/msg/detail/task_config__builder.hpp
[1.117s] -- Up-to-date: /home/GTL/pcastere/ros_hw1/ros2_hw1/install/task_manager_msgs/include/task_manager_msgs/task_manager_msgs/msg/detail/task_status__builder.hpp
[1.117s] -- Up-to-date: /home/GTL/pcastere/ros_hw1/ros2_hw1/install/task_manager_msgs/include/task_manager_msgs/task_manager_msgs/msg/detail/task_description__struct.hpp
[1.117s] -- Up-to-date: /home/GTL/pcastere/ros_hw1/ros2_hw1/install/task_manager_msgs/include/task_manager_msgs/task_manager_msgs/msg/detail/encapsulated_message__traits.hpp
[1.118s] -- Up-to-date: /home/GTL/pcastere/ros_hw1/ros2_hw1/install/task_manager_msgs/include/task_manager_msgs/task_manager_msgs/msg/detail/encapsulated_message__builder.hpp
[1.118s] -- Up-to-date: /home/GTL/pcastere/ros_hw1/ros2_hw1/install/task_manager_msgs/include/task_manager_msgs/task_manager_msgs/msg/detail/task_config__struct.hpp
[1.119s] -- Up-to-date: /home/GTL/pcastere/ros_hw1/ros2_hw1/install/task_manager_msgs/include/task_manager_msgs/task_manager_msgs/msg/detail/sync_status__struct.hpp
[1.119s] -- Up-to-date: /home/GTL/pcastere/ros_hw1/ros2_hw1/install/task_manager_msgs/include/task_manager_msgs/task_manager_msgs/msg/detail/task_status__struct.hpp
[1.120s] -- Up-to-date: /home/GTL/pcastere/ros_hw1/ros2_hw1/install/task_manager_msgs/include/task_manager_msgs/task_manager_msgs/msg/detail/task_status__traits.hpp
[1.120s] -- Up-to-date: /home/GTL/pcastere/ros_hw1/ros2_hw1/install/task_manager_msgs/include/task_manager_msgs/task_manager_msgs/msg/detail/task_description__traits.hpp
[1.121s] -- Up-to-date: /home/GTL/pcastere/ros_hw1/ros2_hw1/install/task_manager_msgs/include/task_manager_msgs/task_manager_msgs/msg/detail/task_description__builder.hpp
[1.121s] -- Up-to-date: /home/GTL/pcastere/ros_hw1/ros2_hw1/install/task_manager_msgs/include/task_manager_msgs/task_manager_msgs/msg/detail/task_parameter__traits.hpp
[1.122s] -- Up-to-date: /home/GTL/pcastere/ros_hw1/ros2_hw1/install/task_manager_msgs/include/task_manager_msgs/task_manager_msgs/msg/detail/task_parameter__builder.hpp
[1.122s] -- Up-to-date: /home/GTL/pcastere/ros_hw1/ros2_hw1/install/task_manager_msgs/include/task_manager_msgs/task_manager_msgs/msg/detail/task_parameter__struct.hpp
[1.123s] -- Up-to-date: /home/GTL/pcastere/ros_hw1/ros2_hw1/install/task_manager_msgs/include/task_manager_msgs/task_manager_msgs/msg/task_config.hpp
[1.124s] -- Up-to-date: /home/GTL/pcastere/ros_hw1/ros2_hw1/install/task_manager_msgs/include/task_manager_msgs/task_manager_msgs/msg/task_parameter.hpp
[1.124s] -- Up-to-date: /home/GTL/pcastere/ros_hw1/ros2_hw1/install/task_manager_msgs/include/task_manager_msgs/task_manager_msgs/msg/task_status.hpp
[1.127s] -- Up-to-date: /home/GTL/pcastere/ros_hw1/ros2_hw1/install/task_manager_msgs/include/task_manager_msgs/task_manager_msgs/msg/task_description.hpp
[1.127s] -- Up-to-date: /home/GTL/pcastere/ros_hw1/ros2_hw1/install/task_manager_msgs/include/task_manager_msgs/task_manager_msgs/srv
[1.127s] -- Up-to-date: /home/GTL/pcastere/ros_hw1/ros2_hw1/install/task_manager_msgs/include/task_manager_msgs/task_manager_msgs/srv/get_task_list.hpp
[1.127s] -- Up-to-date: /home/GTL/pcastere/ros_hw1/ros2_hw1/install/task_manager_msgs/include/task_manager_msgs/task_manager_msgs/srv/stop_task.hpp
[1.127s] -- Up-to-date: /home/GTL/pcastere/ros_hw1/ros2_hw1/install/task_manager_msgs/include/task_manager_msgs/task_manager_msgs/srv/detail
[1.128s] -- Up-to-date: /home/GTL/pcastere/ros_hw1/ros2_hw1/install/task_manager_msgs/include/task_manager_msgs/task_manager_msgs/srv/detail/stop_task__traits.hpp
[1.128s] -- Up-to-date: /home/GTL/pcastere/ros_hw1/ros2_hw1/install/task_manager_msgs/include/task_manager_msgs/task_manager_msgs/srv/detail/get_all_task_status__struct.hpp
[1.129s] -- Up-to-date: /home/GTL/pcastere/ros_hw1/ros2_hw1/install/task_manager_msgs/include/task_manager_msgs/task_manager_msgs/srv/detail/start_task__builder.hpp
[1.130s] -- Up-to-date: /home/GTL/pcastere/ros_hw1/ros2_hw1/install/task_manager_msgs/include/task_manager_msgs/task_manager_msgs/srv/detail/get_task_list__struct.hpp
[1.130s] -- Up-to-date: /home/GTL/pcastere/ros_hw1/ros2_hw1/install/task_manager_msgs/include/task_manager_msgs/task_manager_msgs/srv/detail/get_all_task_status__builder.hpp
[1.131s] -- Up-to-date: /home/GTL/pcastere/ros_hw1/ros2_hw1/install/task_manager_msgs/include/task_manager_msgs/task_manager_msgs/srv/detail/stop_task__struct.hpp
[1.131s] -- Up-to-date: /home/GTL/pcastere/ros_hw1/ros2_hw1/install/task_manager_msgs/include/task_manager_msgs/task_manager_msgs/srv/detail/start_task__traits.hpp
[1.131s] -- Up-to-date: /home/GTL/pcastere/ros_hw1/ros2_hw1/install/task_manager_msgs/include/task_manager_msgs/task_manager_msgs/srv/detail/stop_task__builder.hpp
[1.132s] -- Up-to-date: /home/GTL/pcastere/ros_hw1/ros2_hw1/install/task_manager_msgs/include/task_manager_msgs/task_manager_msgs/srv/detail/start_task__struct.hpp
[1.133s] -- Up-to-date: /home/GTL/pcastere/ros_hw1/ros2_hw1/install/task_manager_msgs/include/task_manager_msgs/task_manager_msgs/srv/detail/get_task_list__traits.hpp
[1.133s] -- Up-to-date: /home/GTL/pcastere/ros_hw1/ros2_hw1/install/task_manager_msgs/include/task_manager_msgs/task_manager_msgs/srv/detail/get_all_task_status__traits.hpp
[1.134s] -- Up-to-date: /home/GTL/pcastere/ros_hw1/ros2_hw1/install/task_manager_msgs/include/task_manager_msgs/task_manager_msgs/srv/detail/get_task_list__builder.hpp
[1.134s] -- Up-to-date: /home/GTL/pcastere/ros_hw1/ros2_hw1/install/task_manager_msgs/include/task_manager_msgs/task_manager_msgs/srv/start_task.hpp
[1.135s] -- Up-to-date: /home/GTL/pcastere/ros_hw1/ros2_hw1/install/task_manager_msgs/include/task_manager_msgs/task_manager_msgs/srv/get_all_task_status.hpp
[1.135s] -- Up-to-date: /home/GTL/pcastere/ros_hw1/ros2_hw1/install/task_manager_msgs/include/task_manager_msgs/task_manager_msgs
[1.136s] -- Up-to-date: /home/GTL/pcastere/ros_hw1/ros2_hw1/install/task_manager_msgs/include/task_manager_msgs/task_manager_msgs/msg
[1.137s] -- Up-to-date: /home/GTL/pcastere/ros_hw1/ros2_hw1/install/task_manager_msgs/include/task_manager_msgs/task_manager_msgs/msg/detail
[1.138s] -- Up-to-date: /home/GTL/pcastere/ros_hw1/ros2_hw1/install/task_manager_msgs/include/task_manager_msgs/task_manager_msgs/msg/detail/task_config__rosidl_typesupport_fastrtps_cpp.hpp
[1.138s] -- Up-to-date: /home/GTL/pcastere/ros_hw1/ros2_hw1/install/task_manager_msgs/include/task_manager_msgs/task_manager_msgs/msg/detail/dds_fastrtps
[1.139s] -- Up-to-date: /home/GTL/pcastere/ros_hw1/ros2_hw1/install/task_manager_msgs/include/task_manager_msgs/task_manager_msgs/msg/detail/encapsulated_message__rosidl_typesupport_fastrtps_cpp.hpp
[1.140s] -- Up-to-date: /home/GTL/pcastere/ros_hw1/ros2_hw1/install/task_manager_msgs/include/task_manager_msgs/task_manager_msgs/msg/detail/task_description__rosidl_typesupport_fastrtps_cpp.hpp
[1.140s] -- Up-to-date: /home/GTL/pcastere/ros_hw1/ros2_hw1/install/task_manager_msgs/include/task_manager_msgs/task_manager_msgs/msg/detail/task_status__rosidl_typesupport_fastrtps_cpp.hpp
[1.140s] -- Up-to-date: /home/GTL/pcastere/ros_hw1/ros2_hw1/install/task_manager_msgs/include/task_manager_msgs/task_manager_msgs/msg/detail/sync_status__rosidl_typesupport_fastrtps_cpp.hpp
[1.141s] -- Up-to-date: /home/GTL/pcastere/ros_hw1/ros2_hw1/install/task_manager_msgs/include/task_manager_msgs/task_manager_msgs/msg/detail/task_parameter__rosidl_typesupport_fastrtps_cpp.hpp
[1.141s] -- Up-to-date: /home/GTL/pcastere/ros_hw1/ros2_hw1/install/task_manager_msgs/include/task_manager_msgs/task_manager_msgs/msg/rosidl_typesupport_fastrtps_cpp__visibility_control.h
[1.142s] -- Up-to-date: /home/GTL/pcastere/ros_hw1/ros2_hw1/install/task_manager_msgs/include/task_manager_msgs/task_manager_msgs/srv
[1.142s] -- Up-to-date: /home/GTL/pcastere/ros_hw1/ros2_hw1/install/task_manager_msgs/include/task_manager_msgs/task_manager_msgs/srv/detail
[1.143s] -- Up-to-date: /home/GTL/pcastere/ros_hw1/ros2_hw1/install/task_manager_msgs/include/task_manager_msgs/task_manager_msgs/srv/detail/get_task_list__rosidl_typesupport_fastrtps_cpp.hpp
[1.144s] -- Up-to-date: /home/GTL/pcastere/ros_hw1/ros2_hw1/install/task_manager_msgs/include/task_manager_msgs/task_manager_msgs/srv/detail/start_task__rosidl_typesupport_fastrtps_cpp.hpp
[1.144s] -- Up-to-date: /home/GTL/pcastere/ros_hw1/ros2_hw1/install/task_manager_msgs/include/task_manager_msgs/task_manager_msgs/srv/detail/get_all_task_status__rosidl_typesupport_fastrtps_cpp.hpp
[1.144s] -- Up-to-date: /home/GTL/pcastere/ros_hw1/ros2_hw1/install/task_manager_msgs/include/task_manager_msgs/task_manager_msgs/srv/detail/dds_fastrtps
[1.145s] -- Up-to-date: /home/GTL/pcastere/ros_hw1/ros2_hw1/install/task_manager_msgs/include/task_manager_msgs/task_manager_msgs/srv/detail/stop_task__rosidl_typesupport_fastrtps_cpp.hpp
[1.146s] -- Up-to-date: /home/GTL/pcastere/ros_hw1/ros2_hw1/install/task_manager_msgs/lib/libtask_manager_msgs__rosidl_typesupport_fastrtps_cpp.so
[1.147s] -- Up-to-date: /home/GTL/pcastere/ros_hw1/ros2_hw1/install/task_manager_msgs/include/task_manager_msgs/task_manager_msgs
[1.148s] -- Up-to-date: /home/GTL/pcastere/ros_hw1/ros2_hw1/install/task_manager_msgs/include/task_manager_msgs/task_manager_msgs/msg
[1.148s] -- Up-to-date: /home/GTL/pcastere/ros_hw1/ros2_hw1/install/task_manager_msgs/include/task_manager_msgs/task_manager_msgs/msg/detail
[1.149s] -- Up-to-date: /home/GTL/pcastere/ros_hw1/ros2_hw1/install/task_manager_msgs/include/task_manager_msgs/task_manager_msgs/msg/detail/task_parameter__type_support.c
[1.150s] -- Up-to-date: /home/GTL/pcastere/ros_hw1/ros2_hw1/install/task_manager_msgs/include/task_manager_msgs/task_manager_msgs/msg/detail/task_parameter__rosidl_typesupport_introspection_c.h
[1.150s] -- Up-to-date: /home/GTL/pcastere/ros_hw1/ros2_hw1/install/task_manager_msgs/include/task_manager_msgs/task_manager_msgs/msg/detail/encapsulated_message__rosidl_typesupport_introspection_c.h
[1.151s] -- Up-to-date: /home/GTL/pcastere/ros_hw1/ros2_hw1/install/task_manager_msgs/include/task_manager_msgs/task_manager_msgs/msg/detail/sync_status__type_support.c
[1.152s] -- Up-to-date: /home/GTL/pcastere/ros_hw1/ros2_hw1/install/task_manager_msgs/include/task_manager_msgs/task_manager_msgs/msg/detail/task_description__type_support.c
[1.152s] -- Up-to-date: /home/GTL/pcastere/ros_hw1/ros2_hw1/install/task_manager_msgs/include/task_manager_msgs/task_manager_msgs/msg/detail/sync_status__rosidl_typesupport_introspection_c.h
[1.160s] -- Up-to-date: /home/GTL/pcastere/ros_hw1/ros2_hw1/install/task_manager_msgs/include/task_manager_msgs/task_manager_msgs/msg/detail/task_config__type_support.c
[1.160s] -- Up-to-date: /home/GTL/pcastere/ros_hw1/ros2_hw1/install/task_manager_msgs/include/task_manager_msgs/task_manager_msgs/msg/detail/task_description__rosidl_typesupport_introspection_c.h
[1.160s] -- Up-to-date: /home/GTL/pcastere/ros_hw1/ros2_hw1/install/task_manager_msgs/include/task_manager_msgs/task_manager_msgs/msg/detail/task_status__rosidl_typesupport_introspection_c.h
[1.160s] -- Up-to-date: /home/GTL/pcastere/ros_hw1/ros2_hw1/install/task_manager_msgs/include/task_manager_msgs/task_manager_msgs/msg/detail/task_config__rosidl_typesupport_introspection_c.h
[1.160s] -- Up-to-date: /home/GTL/pcastere/ros_hw1/ros2_hw1/install/task_manager_msgs/include/task_manager_msgs/task_manager_msgs/msg/detail/task_status__type_support.c
[1.160s] -- Up-to-date: /home/GTL/pcastere/ros_hw1/ros2_hw1/install/task_manager_msgs/include/task_manager_msgs/task_manager_msgs/msg/detail/encapsulated_message__type_support.c
[1.160s] -- Up-to-date: /home/GTL/pcastere/ros_hw1/ros2_hw1/install/task_manager_msgs/include/task_manager_msgs/task_manager_msgs/msg/rosidl_typesupport_introspection_c__visibility_control.h
[1.160s] -- Up-to-date: /home/GTL/pcastere/ros_hw1/ros2_hw1/install/task_manager_msgs/include/task_manager_msgs/task_manager_msgs/srv
[1.160s] -- Up-to-date: /home/GTL/pcastere/ros_hw1/ros2_hw1/install/task_manager_msgs/include/task_manager_msgs/task_manager_msgs/srv/detail
[1.160s] -- Up-to-date: /home/GTL/pcastere/ros_hw1/ros2_hw1/install/task_manager_msgs/include/task_manager_msgs/task_manager_msgs/srv/detail/start_task__type_support.c
[1.160s] -- Up-to-date: /home/GTL/pcastere/ros_hw1/ros2_hw1/install/task_manager_msgs/include/task_manager_msgs/task_manager_msgs/srv/detail/get_all_task_status__rosidl_typesupport_introspection_c.h
[1.160s] -- Up-to-date: /home/GTL/pcastere/ros_hw1/ros2_hw1/install/task_manager_msgs/include/task_manager_msgs/task_manager_msgs/srv/detail/get_all_task_status__type_support.c
[1.161s] -- Up-to-date: /home/GTL/pcastere/ros_hw1/ros2_hw1/install/task_manager_msgs/include/task_manager_msgs/task_manager_msgs/srv/detail/start_task__rosidl_typesupport_introspection_c.h
[1.162s] -- Up-to-date: /home/GTL/pcastere/ros_hw1/ros2_hw1/install/task_manager_msgs/include/task_manager_msgs/task_manager_msgs/srv/detail/stop_task__type_support.c
[1.162s] -- Up-to-date: /home/GTL/pcastere/ros_hw1/ros2_hw1/install/task_manager_msgs/include/task_manager_msgs/task_manager_msgs/srv/detail/get_task_list__rosidl_typesupport_introspection_c.h
[1.162s] -- Up-to-date: /home/GTL/pcastere/ros_hw1/ros2_hw1/install/task_manager_msgs/include/task_manager_msgs/task_manager_msgs/srv/detail/stop_task__rosidl_typesupport_introspection_c.h
[1.163s] -- Up-to-date: /home/GTL/pcastere/ros_hw1/ros2_hw1/install/task_manager_msgs/include/task_manager_msgs/task_manager_msgs/srv/detail/get_task_list__type_support.c
[1.164s] -- Up-to-date: /home/GTL/pcastere/ros_hw1/ros2_hw1/install/task_manager_msgs/lib/libtask_manager_msgs__rosidl_typesupport_introspection_c.so
[1.166s] -- Up-to-date: /home/GTL/pcastere/ros_hw1/ros2_hw1/install/task_manager_msgs/lib/libtask_manager_msgs__rosidl_typesupport_c.so
[1.167s] -- Up-to-date: /home/GTL/pcastere/ros_hw1/ros2_hw1/install/task_manager_msgs/include/task_manager_msgs/task_manager_msgs
[1.168s] -- Up-to-date: /home/GTL/pcastere/ros_hw1/ros2_hw1/install/task_manager_msgs/include/task_manager_msgs/task_manager_msgs/msg
[1.169s] -- Up-to-date: /home/GTL/pcastere/ros_hw1/ros2_hw1/install/task_manager_msgs/include/task_manager_msgs/task_manager_msgs/msg/detail
[1.170s] -- Up-to-date: /home/GTL/pcastere/ros_hw1/ros2_hw1/install/task_manager_msgs/include/task_manager_msgs/task_manager_msgs/msg/detail/task_parameter__rosidl_typesupport_introspection_cpp.hpp
[1.171s] -- Up-to-date: /home/GTL/pcastere/ros_hw1/ros2_hw1/install/task_manager_msgs/include/task_manager_msgs/task_manager_msgs/msg/detail/encapsulated_message__rosidl_typesupport_introspection_cpp.hpp
[1.171s] -- Up-to-date: /home/GTL/pcastere/ros_hw1/ros2_hw1/install/task_manager_msgs/include/task_manager_msgs/task_manager_msgs/msg/detail/task_status__rosidl_typesupport_introspection_cpp.hpp
[1.172s] -- Up-to-date: /home/GTL/pcastere/ros_hw1/ros2_hw1/install/task_manager_msgs/include/task_manager_msgs/task_manager_msgs/msg/detail/encapsulated_message__type_support.cpp
[1.172s] -- Up-to-date: /home/GTL/pcastere/ros_hw1/ros2_hw1/install/task_manager_msgs/include/task_manager_msgs/task_manager_msgs/msg/detail/sync_status__type_support.cpp
[1.173s] -- Up-to-date: /home/GTL/pcastere/ros_hw1/ros2_hw1/install/task_manager_msgs/include/task_manager_msgs/task_manager_msgs/msg/detail/sync_status__rosidl_typesupport_introspection_cpp.hpp
[1.173s] -- Up-to-date: /home/GTL/pcastere/ros_hw1/ros2_hw1/install/task_manager_msgs/include/task_manager_msgs/task_manager_msgs/msg/detail/task_description__rosidl_typesupport_introspection_cpp.hpp
[1.173s] -- Up-to-date: /home/GTL/pcastere/ros_hw1/ros2_hw1/install/task_manager_msgs/include/task_manager_msgs/task_manager_msgs/msg/detail/task_config__type_support.cpp
[1.174s] -- Up-to-date: /home/GTL/pcastere/ros_hw1/ros2_hw1/install/task_manager_msgs/include/task_manager_msgs/task_manager_msgs/msg/detail/task_description__type_support.cpp
[1.175s] -- Up-to-date: /home/GTL/pcastere/ros_hw1/ros2_hw1/install/task_manager_msgs/include/task_manager_msgs/task_manager_msgs/msg/detail/task_config__rosidl_typesupport_introspection_cpp.hpp
[1.175s] -- Up-to-date: /home/GTL/pcastere/ros_hw1/ros2_hw1/install/task_manager_msgs/include/task_manager_msgs/task_manager_msgs/msg/detail/task_status__type_support.cpp
[1.175s] -- Up-to-date: /home/GTL/pcastere/ros_hw1/ros2_hw1/install/task_manager_msgs/include/task_manager_msgs/task_manager_msgs/msg/detail/task_parameter__type_support.cpp
[1.176s] -- Up-to-date: /home/GTL/pcastere/ros_hw1/ros2_hw1/install/task_manager_msgs/include/task_manager_msgs/task_manager_msgs/srv
[1.177s] -- Up-to-date: /home/GTL/pcastere/ros_hw1/ros2_hw1/install/task_manager_msgs/include/task_manager_msgs/task_manager_msgs/srv/detail
[1.177s] -- Up-to-date: /home/GTL/pcastere/ros_hw1/ros2_hw1/install/task_manager_msgs/include/task_manager_msgs/task_manager_msgs/srv/detail/get_all_task_status__rosidl_typesupport_introspection_cpp.hpp
[1.178s] -- Up-to-date: /home/GTL/pcastere/ros_hw1/ros2_hw1/install/task_manager_msgs/include/task_manager_msgs/task_manager_msgs/srv/detail/start_task__rosidl_typesupport_introspection_cpp.hpp
[1.178s] -- Up-to-date: /home/GTL/pcastere/ros_hw1/ros2_hw1/install/task_manager_msgs/include/task_manager_msgs/task_manager_msgs/srv/detail/start_task__type_support.cpp
[1.179s] -- Up-to-date: /home/GTL/pcastere/ros_hw1/ros2_hw1/install/task_manager_msgs/include/task_manager_msgs/task_manager_msgs/srv/detail/get_all_task_status__type_support.cpp
[1.179s] -- Up-to-date: /home/GTL/pcastere/ros_hw1/ros2_hw1/install/task_manager_msgs/include/task_manager_msgs/task_manager_msgs/srv/detail/stop_task__rosidl_typesupport_introspection_cpp.hpp
[1.180s] -- Up-to-date: /home/GTL/pcastere/ros_hw1/ros2_hw1/install/task_manager_msgs/include/task_manager_msgs/task_manager_msgs/srv/detail/stop_task__type_support.cpp
[1.180s] -- Up-to-date: /home/GTL/pcastere/ros_hw1/ros2_hw1/install/task_manager_msgs/include/task_manager_msgs/task_manager_msgs/srv/detail/get_task_list__type_support.cpp
[1.181s] -- Up-to-date: /home/GTL/pcastere/ros_hw1/ros2_hw1/install/task_manager_msgs/include/task_manager_msgs/task_manager_msgs/srv/detail/get_task_list__rosidl_typesupport_introspection_cpp.hpp
[1.182s] -- Up-to-date: /home/GTL/pcastere/ros_hw1/ros2_hw1/install/task_manager_msgs/lib/libtask_manager_msgs__rosidl_typesupport_introspection_cpp.so
[1.183s] -- Up-to-date: /home/GTL/pcastere/ros_hw1/ros2_hw1/install/task_manager_msgs/lib/libtask_manager_msgs__rosidl_typesupport_cpp.so
[1.185s] -- Up-to-date: /home/GTL/pcastere/ros_hw1/ros2_hw1/install/task_manager_msgs/share/task_manager_msgs/environment/pythonpath.sh
[1.186s] -- Up-to-date: /home/GTL/pcastere/ros_hw1/ros2_hw1/install/task_manager_msgs/share/task_manager_msgs/environment/pythonpath.dsv
[1.188s] -- Up-to-date: /home/GTL/pcastere/ros_hw1/ros2_hw1/install/task_manager_msgs/local/lib/python3.10/dist-packages/task_manager_msgs-0.0.0-py3.10.egg-info
[1.189s] -- Installing: /home/GTL/pcastere/ros_hw1/ros2_hw1/install/task_manager_msgs/local/lib/python3.10/dist-packages/task_manager_msgs-0.0.0-py3.10.egg-info/dependency_links.txt
[1.195s] -- Installing: /home/GTL/pcastere/ros_hw1/ros2_hw1/install/task_manager_msgs/local/lib/python3.10/dist-packages/task_manager_msgs-0.0.0-py3.10.egg-info/top_level.txt
[1.198s] -- Installing: /home/GTL/pcastere/ros_hw1/ros2_hw1/install/task_manager_msgs/local/lib/python3.10/dist-packages/task_manager_msgs-0.0.0-py3.10.egg-info/PKG-INFO
[1.202s] -- Installing: /home/GTL/pcastere/ros_hw1/ros2_hw1/install/task_manager_msgs/local/lib/python3.10/dist-packages/task_manager_msgs-0.0.0-py3.10.egg-info/SOURCES.txt
[1.206s] -- Up-to-date: /home/GTL/pcastere/ros_hw1/ros2_hw1/install/task_manager_msgs/local/lib/python3.10/dist-packages/task_manager_msgs
[1.207s] -- Up-to-date: /home/GTL/pcastere/ros_hw1/ros2_hw1/install/task_manager_msgs/local/lib/python3.10/dist-packages/task_manager_msgs/msg
[1.208s] -- Up-to-date: /home/GTL/pcastere/ros_hw1/ros2_hw1/install/task_manager_msgs/local/lib/python3.10/dist-packages/task_manager_msgs/msg/_encapsulated_message_s.c
[1.209s] -- Up-to-date: /home/GTL/pcastere/ros_hw1/ros2_hw1/install/task_manager_msgs/local/lib/python3.10/dist-packages/task_manager_msgs/msg/_task_description_s.c
[1.209s] -- Up-to-date: /home/GTL/pcastere/ros_hw1/ros2_hw1/install/task_manager_msgs/local/lib/python3.10/dist-packages/task_manager_msgs/msg/_task_parameter.py
[1.210s] -- Up-to-date: /home/GTL/pcastere/ros_hw1/ros2_hw1/install/task_manager_msgs/local/lib/python3.10/dist-packages/task_manager_msgs/msg/_sync_status_s.c
[1.210s] -- Up-to-date: /home/GTL/pcastere/ros_hw1/ros2_hw1/install/task_manager_msgs/local/lib/python3.10/dist-packages/task_manager_msgs/msg/_task_config.py
[1.210s] -- Up-to-date: /home/GTL/pcastere/ros_hw1/ros2_hw1/install/task_manager_msgs/local/lib/python3.10/dist-packages/task_manager_msgs/msg/_task_parameter_s.c
[1.211s] -- Up-to-date: /home/GTL/pcastere/ros_hw1/ros2_hw1/install/task_manager_msgs/local/lib/python3.10/dist-packages/task_manager_msgs/msg/_task_status.py
[1.211s] -- Up-to-date: /home/GTL/pcastere/ros_hw1/ros2_hw1/install/task_manager_msgs/local/lib/python3.10/dist-packages/task_manager_msgs/msg/_task_description.py
[1.212s] -- Up-to-date: /home/GTL/pcastere/ros_hw1/ros2_hw1/install/task_manager_msgs/local/lib/python3.10/dist-packages/task_manager_msgs/msg/__init__.py
[1.213s] -- Up-to-date: /home/GTL/pcastere/ros_hw1/ros2_hw1/install/task_manager_msgs/local/lib/python3.10/dist-packages/task_manager_msgs/msg/_sync_status.py
[1.213s] -- Up-to-date: /home/GTL/pcastere/ros_hw1/ros2_hw1/install/task_manager_msgs/local/lib/python3.10/dist-packages/task_manager_msgs/msg/_encapsulated_message.py
[1.214s] -- Up-to-date: /home/GTL/pcastere/ros_hw1/ros2_hw1/install/task_manager_msgs/local/lib/python3.10/dist-packages/task_manager_msgs/msg/_task_config_s.c
[1.214s] -- Up-to-date: /home/GTL/pcastere/ros_hw1/ros2_hw1/install/task_manager_msgs/local/lib/python3.10/dist-packages/task_manager_msgs/msg/_task_status_s.c
[1.214s] -- Up-to-date: /home/GTL/pcastere/ros_hw1/ros2_hw1/install/task_manager_msgs/local/lib/python3.10/dist-packages/task_manager_msgs/task_manager_msgs_s__rosidl_typesupport_introspection_c.cpython-310-x86_64-linux-gnu.so
[1.215s] -- Up-to-date: /home/GTL/pcastere/ros_hw1/ros2_hw1/install/task_manager_msgs/local/lib/python3.10/dist-packages/task_manager_msgs/_task_manager_msgs_s.ep.rosidl_typesupport_introspection_c.c
[1.216s] -- Up-to-date: /home/GTL/pcastere/ros_hw1/ros2_hw1/install/task_manager_msgs/local/lib/python3.10/dist-packages/task_manager_msgs/__init__.py
[1.216s] -- Up-to-date: /home/GTL/pcastere/ros_hw1/ros2_hw1/install/task_manager_msgs/local/lib/python3.10/dist-packages/task_manager_msgs/_task_manager_msgs_s.ep.rosidl_typesupport_c.c
[1.217s] -- Up-to-date: /home/GTL/pcastere/ros_hw1/ros2_hw1/install/task_manager_msgs/local/lib/python3.10/dist-packages/task_manager_msgs/task_manager_msgs_s__rosidl_typesupport_c.cpython-310-x86_64-linux-gnu.so
[1.217s] -- Up-to-date: /home/GTL/pcastere/ros_hw1/ros2_hw1/install/task_manager_msgs/local/lib/python3.10/dist-packages/task_manager_msgs/srv
[1.218s] -- Up-to-date: /home/GTL/pcastere/ros_hw1/ros2_hw1/install/task_manager_msgs/local/lib/python3.10/dist-packages/task_manager_msgs/srv/_stop_task_s.c
[1.219s] -- Up-to-date: /home/GTL/pcastere/ros_hw1/ros2_hw1/install/task_manager_msgs/local/lib/python3.10/dist-packages/task_manager_msgs/srv/_start_task_s.c
[1.220s] -- Up-to-date: /home/GTL/pcastere/ros_hw1/ros2_hw1/install/task_manager_msgs/local/lib/python3.10/dist-packages/task_manager_msgs/srv/_get_all_task_status_s.c
[1.220s] -- Up-to-date: /home/GTL/pcastere/ros_hw1/ros2_hw1/install/task_manager_msgs/local/lib/python3.10/dist-packages/task_manager_msgs/srv/_get_task_list.py
[1.221s] -- Up-to-date: /home/GTL/pcastere/ros_hw1/ros2_hw1/install/task_manager_msgs/local/lib/python3.10/dist-packages/task_manager_msgs/srv/__init__.py
[1.221s] -- Up-to-date: /home/GTL/pcastere/ros_hw1/ros2_hw1/install/task_manager_msgs/local/lib/python3.10/dist-packages/task_manager_msgs/srv/_get_all_task_status.py
[1.222s] -- Up-to-date: /home/GTL/pcastere/ros_hw1/ros2_hw1/install/task_manager_msgs/local/lib/python3.10/dist-packages/task_manager_msgs/srv/_stop_task.py
[1.223s] -- Up-to-date: /home/GTL/pcastere/ros_hw1/ros2_hw1/install/task_manager_msgs/local/lib/python3.10/dist-packages/task_manager_msgs/srv/_get_task_list_s.c
[1.223s] -- Up-to-date: /home/GTL/pcastere/ros_hw1/ros2_hw1/install/task_manager_msgs/local/lib/python3.10/dist-packages/task_manager_msgs/srv/_start_task.py
[1.224s] -- Up-to-date: /home/GTL/pcastere/ros_hw1/ros2_hw1/install/task_manager_msgs/local/lib/python3.10/dist-packages/task_manager_msgs/_task_manager_msgs_s.ep.rosidl_typesupport_fastrtps_c.c
[1.224s] -- Up-to-date: /home/GTL/pcastere/ros_hw1/ros2_hw1/install/task_manager_msgs/local/lib/python3.10/dist-packages/task_manager_msgs/task_manager_msgs_s__rosidl_typesupport_fastrtps_c.cpython-310-x86_64-linux-gnu.so
[1.224s] -- Up-to-date: /home/GTL/pcastere/ros_hw1/ros2_hw1/install/task_manager_msgs/local/lib/python3.10/dist-packages/task_manager_msgs/libtask_manager_msgs__rosidl_generator_py.so
[1.256s] Listing '/home/GTL/pcastere/ros_hw1/ros2_hw1/install/task_manager_msgs/local/lib/python3.10/dist-packages/task_manager_msgs'...
[1.256s] Listing '/home/GTL/pcastere/ros_hw1/ros2_hw1/install/task_manager_msgs/local/lib/python3.10/dist-packages/task_manager_msgs/msg'...
[1.256s] Listing '/home/GTL/pcastere/ros_hw1/ros2_hw1/install/task_manager_msgs/local/lib/python3.10/dist-packages/task_manager_msgs/srv'...
[1.261s] -- Up-to-date: /home/GTL/pcastere/ros_hw1/ros2_hw1/install/task_manager_msgs/local/lib/python3.10/dist-packages/task_manager_msgs/task_manager_msgs_s__rosidl_typesupport_fastrtps_c.cpython-310-x86_64-linux-gnu.so
[1.263s] -- Up-to-date: /home/GTL/pcastere/ros_hw1/ros2_hw1/install/task_manager_msgs/local/lib/python3.10/dist-packages/task_manager_msgs/task_manager_msgs_s__rosidl_typesupport_introspection_c.cpython-310-x86_64-linux-gnu.so
[1.265s] -- Up-to-date: /home/GTL/pcastere/ros_hw1/ros2_hw1/install/task_manager_msgs/local/lib/python3.10/dist-packages/task_manager_msgs/task_manager_msgs_s__rosidl_typesupport_c.cpython-310-x86_64-linux-gnu.so
[1.267s] -- Up-to-date: /home/GTL/pcastere/ros_hw1/ros2_hw1/install/task_manager_msgs/lib/libtask_manager_msgs__rosidl_generator_py.so
[1.269s] -- Up-to-date: /home/GTL/pcastere/ros_hw1/ros2_hw1/install/task_manager_msgs/share/task_manager_msgs/srv/GetAllTaskStatus.idl
[1.269s] -- Up-to-date: /home/GTL/pcastere/ros_hw1/ros2_hw1/install/task_manager_msgs/share/task_manager_msgs/srv/StartTask.idl
[1.270s] -- Up-to-date: /home/GTL/pcastere/ros_hw1/ros2_hw1/install/task_manager_msgs/share/task_manager_msgs/srv/StopTask.idl
[1.270s] -- Up-to-date: /home/GTL/pcastere/ros_hw1/ros2_hw1/install/task_manager_msgs/share/task_manager_msgs/srv/GetTaskList.idl
[1.271s] -- Up-to-date: /home/GTL/pcastere/ros_hw1/ros2_hw1/install/task_manager_msgs/share/task_manager_msgs/msg/TaskDescription.idl
[1.271s] -- Up-to-date: /home/GTL/pcastere/ros_hw1/ros2_hw1/install/task_manager_msgs/share/task_manager_msgs/msg/TaskParameter.idl
[1.273s] -- Up-to-date: /home/GTL/pcastere/ros_hw1/ros2_hw1/install/task_manager_msgs/share/task_manager_msgs/msg/TaskStatus.idl
[1.273s] -- Up-to-date: /home/GTL/pcastere/ros_hw1/ros2_hw1/install/task_manager_msgs/share/task_manager_msgs/msg/TaskConfig.idl
[1.273s] -- Up-to-date: /home/GTL/pcastere/ros_hw1/ros2_hw1/install/task_manager_msgs/share/task_manager_msgs/msg/SyncStatus.idl
[1.273s] -- Up-to-date: /home/GTL/pcastere/ros_hw1/ros2_hw1/install/task_manager_msgs/share/task_manager_msgs/msg/EncapsulatedMessage.idl
[1.274s] -- Up-to-date: /home/GTL/pcastere/ros_hw1/ros2_hw1/install/task_manager_msgs/share/task_manager_msgs/srv/GetAllTaskStatus.srv
[1.274s] -- Up-to-date: /home/GTL/pcastere/ros_hw1/ros2_hw1/install/task_manager_msgs/share/task_manager_msgs/srv/GetAllTaskStatus_Request.msg
[1.274s] -- Up-to-date: /home/GTL/pcastere/ros_hw1/ros2_hw1/install/task_manager_msgs/share/task_manager_msgs/srv/GetAllTaskStatus_Response.msg
[1.275s] -- Up-to-date: /home/GTL/pcastere/ros_hw1/ros2_hw1/install/task_manager_msgs/share/task_manager_msgs/srv/StartTask.srv
[1.275s] -- Up-to-date: /home/GTL/pcastere/ros_hw1/ros2_hw1/install/task_manager_msgs/share/task_manager_msgs/srv/StartTask_Request.msg
[1.276s] -- Up-to-date: /home/GTL/pcastere/ros_hw1/ros2_hw1/install/task_manager_msgs/share/task_manager_msgs/srv/StartTask_Response.msg
[1.276s] -- Up-to-date: /home/GTL/pcastere/ros_hw1/ros2_hw1/install/task_manager_msgs/share/task_manager_msgs/srv/StopTask.srv
[1.277s] -- Up-to-date: /home/GTL/pcastere/ros_hw1/ros2_hw1/install/task_manager_msgs/share/task_manager_msgs/srv/StopTask_Request.msg
[1.277s] -- Up-to-date: /home/GTL/pcastere/ros_hw1/ros2_hw1/install/task_manager_msgs/share/task_manager_msgs/srv/StopTask_Response.msg
[1.278s] -- Up-to-date: /home/GTL/pcastere/ros_hw1/ros2_hw1/install/task_manager_msgs/share/task_manager_msgs/srv/GetTaskList.srv
[1.279s] -- Up-to-date: /home/GTL/pcastere/ros_hw1/ros2_hw1/install/task_manager_msgs/share/task_manager_msgs/srv/GetTaskList_Request.msg
[1.279s] -- Up-to-date: /home/GTL/pcastere/ros_hw1/ros2_hw1/install/task_manager_msgs/share/task_manager_msgs/srv/GetTaskList_Response.msg
[1.279s] -- Up-to-date: /home/GTL/pcastere/ros_hw1/ros2_hw1/install/task_manager_msgs/share/task_manager_msgs/msg/TaskDescription.msg
[1.280s] -- Up-to-date: /home/GTL/pcastere/ros_hw1/ros2_hw1/install/task_manager_msgs/share/task_manager_msgs/msg/TaskParameter.msg
[1.281s] -- Up-to-date: /home/GTL/pcastere/ros_hw1/ros2_hw1/install/task_manager_msgs/share/task_manager_msgs/msg/TaskStatus.msg
[1.281s] -- Up-to-date: /home/GTL/pcastere/ros_hw1/ros2_hw1/install/task_manager_msgs/share/task_manager_msgs/msg/TaskConfig.msg
[1.285s] -- Up-to-date: /home/GTL/pcastere/ros_hw1/ros2_hw1/install/task_manager_msgs/share/task_manager_msgs/msg/SyncStatus.msg
[1.285s] -- Up-to-date: /home/GTL/pcastere/ros_hw1/ros2_hw1/install/task_manager_msgs/share/task_manager_msgs/msg/EncapsulatedMessage.msg
[1.285s] -- Up-to-date: /home/GTL/pcastere/ros_hw1/ros2_hw1/install/task_manager_msgs/lib/task_manager_msgs/task_manager_msgs_encapsulate
[1.294s] -- Up-to-date: /home/GTL/pcastere/ros_hw1/ros2_hw1/install/task_manager_msgs/share/ament_index/resource_index/package_run_dependencies/task_manager_msgs
[1.294s] -- Up-to-date: /home/GTL/pcastere/ros_hw1/ros2_hw1/install/task_manager_msgs/share/ament_index/resource_index/parent_prefix_path/task_manager_msgs
[1.294s] -- Up-to-date: /home/GTL/pcastere/ros_hw1/ros2_hw1/install/task_manager_msgs/share/task_manager_msgs/environment/ament_prefix_path.sh
[1.294s] -- Up-to-date: /home/GTL/pcastere/ros_hw1/ros2_hw1/install/task_manager_msgs/share/task_manager_msgs/environment/ament_prefix_path.dsv
[1.294s] -- Up-to-date: /home/GTL/pcastere/ros_hw1/ros2_hw1/install/task_manager_msgs/share/task_manager_msgs/environment/path.sh
[1.299s] -- Up-to-date: /home/GTL/pcastere/ros_hw1/ros2_hw1/install/task_manager_msgs/share/task_manager_msgs/environment/path.dsv
[1.299s] -- Up-to-date: /home/GTL/pcastere/ros_hw1/ros2_hw1/install/task_manager_msgs/share/task_manager_msgs/local_setup.bash
[1.299s] -- Up-to-date: /home/GTL/pcastere/ros_hw1/ros2_hw1/install/task_manager_msgs/share/task_manager_msgs/local_setup.sh
[1.299s] -- Up-to-date: /home/GTL/pcastere/ros_hw1/ros2_hw1/install/task_manager_msgs/share/task_manager_msgs/local_setup.zsh
[1.304s] -- Up-to-date: /home/GTL/pcastere/ros_hw1/ros2_hw1/install/task_manager_msgs/share/task_manager_msgs/local_setup.dsv
[1.304s] -- Installing: /home/GTL/pcastere/ros_hw1/ros2_hw1/install/task_manager_msgs/share/task_manager_msgs/package.dsv
[1.304s] -- Up-to-date: /home/GTL/pcastere/ros_hw1/ros2_hw1/install/task_manager_msgs/share/ament_index/resource_index/packages/task_manager_msgs
[1.304s] -- Up-to-date: /home/GTL/pcastere/ros_hw1/ros2_hw1/install/task_manager_msgs/share/task_manager_msgs/cmake/export_task_manager_msgs__rosidl_generator_cExport.cmake
[1.304s] -- Up-to-date: /home/GTL/pcastere/ros_hw1/ros2_hw1/install/task_manager_msgs/share/task_manager_msgs/cmake/export_task_manager_msgs__rosidl_generator_cExport-noconfig.cmake
[1.304s] -- Up-to-date: /home/GTL/pcastere/ros_hw1/ros2_hw1/install/task_manager_msgs/share/task_manager_msgs/cmake/export_task_manager_msgs__rosidl_typesupport_fastrtps_cExport.cmake
[1.304s] -- Up-to-date: /home/GTL/pcastere/ros_hw1/ros2_hw1/install/task_manager_msgs/share/task_manager_msgs/cmake/export_task_manager_msgs__rosidl_typesupport_fastrtps_cExport-noconfig.cmake
[1.304s] -- Up-to-date: /home/GTL/pcastere/ros_hw1/ros2_hw1/install/task_manager_msgs/share/task_manager_msgs/cmake/export_task_manager_msgs__rosidl_generator_cppExport.cmake
[1.305s] -- Up-to-date: /home/GTL/pcastere/ros_hw1/ros2_hw1/install/task_manager_msgs/share/task_manager_msgs/cmake/export_task_manager_msgs__rosidl_typesupport_fastrtps_cppExport.cmake
[1.305s] -- Up-to-date: /home/GTL/pcastere/ros_hw1/ros2_hw1/install/task_manager_msgs/share/task_manager_msgs/cmake/export_task_manager_msgs__rosidl_typesupport_fastrtps_cppExport-noconfig.cmake
[1.306s] -- Up-to-date: /home/GTL/pcastere/ros_hw1/ros2_hw1/install/task_manager_msgs/share/task_manager_msgs/cmake/task_manager_msgs__rosidl_typesupport_introspection_cExport.cmake
[1.307s] -- Up-to-date: /home/GTL/pcastere/ros_hw1/ros2_hw1/install/task_manager_msgs/share/task_manager_msgs/cmake/task_manager_msgs__rosidl_typesupport_introspection_cExport-noconfig.cmake
[1.308s] -- Up-to-date: /home/GTL/pcastere/ros_hw1/ros2_hw1/install/task_manager_msgs/share/task_manager_msgs/cmake/task_manager_msgs__rosidl_typesupport_cExport.cmake
[1.309s] -- Up-to-date: /home/GTL/pcastere/ros_hw1/ros2_hw1/install/task_manager_msgs/share/task_manager_msgs/cmake/task_manager_msgs__rosidl_typesupport_cExport-noconfig.cmake
[1.311s] -- Up-to-date: /home/GTL/pcastere/ros_hw1/ros2_hw1/install/task_manager_msgs/share/task_manager_msgs/cmake/task_manager_msgs__rosidl_typesupport_introspection_cppExport.cmake
[1.312s] -- Up-to-date: /home/GTL/pcastere/ros_hw1/ros2_hw1/install/task_manager_msgs/share/task_manager_msgs/cmake/task_manager_msgs__rosidl_typesupport_introspection_cppExport-noconfig.cmake
[1.313s] -- Up-to-date: /home/GTL/pcastere/ros_hw1/ros2_hw1/install/task_manager_msgs/share/task_manager_msgs/cmake/task_manager_msgs__rosidl_typesupport_cppExport.cmake
[1.314s] -- Up-to-date: /home/GTL/pcastere/ros_hw1/ros2_hw1/install/task_manager_msgs/share/task_manager_msgs/cmake/task_manager_msgs__rosidl_typesupport_cppExport-noconfig.cmake
[1.315s] -- Up-to-date: /home/GTL/pcastere/ros_hw1/ros2_hw1/install/task_manager_msgs/share/task_manager_msgs/cmake/export_task_manager_msgs__rosidl_generator_pyExport.cmake
[1.316s] -- Up-to-date: /home/GTL/pcastere/ros_hw1/ros2_hw1/install/task_manager_msgs/share/task_manager_msgs/cmake/export_task_manager_msgs__rosidl_generator_pyExport-noconfig.cmake
[1.317s] -- Up-to-date: /home/GTL/pcastere/ros_hw1/ros2_hw1/install/task_manager_msgs/share/task_manager_msgs/cmake/rosidl_cmake-extras.cmake
[1.318s] -- Up-to-date: /home/GTL/pcastere/ros_hw1/ros2_hw1/install/task_manager_msgs/share/task_manager_msgs/cmake/ament_cmake_export_dependencies-extras.cmake
[1.318s] -- Up-to-date: /home/GTL/pcastere/ros_hw1/ros2_hw1/install/task_manager_msgs/share/task_manager_msgs/cmake/ament_cmake_export_include_directories-extras.cmake
[1.319s] -- Up-to-date: /home/GTL/pcastere/ros_hw1/ros2_hw1/install/task_manager_msgs/share/task_manager_msgs/cmake/ament_cmake_export_libraries-extras.cmake
[1.320s] -- Up-to-date: /home/GTL/pcastere/ros_hw1/ros2_hw1/install/task_manager_msgs/share/task_manager_msgs/cmake/ament_cmake_export_targets-extras.cmake
[1.320s] -- Up-to-date: /home/GTL/pcastere/ros_hw1/ros2_hw1/install/task_manager_msgs/share/task_manager_msgs/cmake/rosidl_cmake_export_typesupport_targets-extras.cmake
[1.321s] -- Up-to-date: /home/GTL/pcastere/ros_hw1/ros2_hw1/install/task_manager_msgs/share/task_manager_msgs/cmake/rosidl_cmake_export_typesupport_libraries-extras.cmake
[1.321s] -- Up-to-date: /home/GTL/pcastere/ros_hw1/ros2_hw1/install/task_manager_msgs/share/task_manager_msgs/cmake/task_manager_msgsConfig.cmake
[1.322s] -- Up-to-date: /home/GTL/pcastere/ros_hw1/ros2_hw1/install/task_manager_msgs/share/task_manager_msgs/cmake/task_manager_msgsConfig-version.cmake
[1.322s] -- Up-to-date: /home/GTL/pcastere/ros_hw1/ros2_hw1/install/task_manager_msgs/share/task_manager_msgs/package.xml
[1.528s] Invoked command in '/home/GTL/pcastere/ros_hw1/ros2_hw1/build/task_manager_msgs' returned '0': CMAKE_PREFIX_PATH=/opt/ros/humble /usr/bin/cmake --install /home/GTL/pcastere/ros_hw1/ros2_hw1/build/task_manager_msgs
