[0.262s] Invoking command in '/home/GTL/apaul/ros2_hw1/build/joy_pack': CMAKE_PREFIX_PATH=${CMAKE_PREFIX_PATH}:/home/GTL/apaul/ros2_hw1/install/vrep_ros_teleop:/home/GTL/apaul/ros2_hw1/install/keyboard_teleop:/home/GTL/apaul/ros2_hw1/install/face_detect_base:/opt/ros/humble /usr/bin/cmake --build /home/GTL/apaul/ros2_hw1/build/joy_pack -- -j16 -l16
[0.466s] [100%] Built target joy_node
[0.664s] Invoked command in '/home/GTL/apaul/ros2_hw1/build/joy_pack' returned '0': CMAKE_PREFIX_PATH=${CMAKE_PREFIX_PATH}:/home/GTL/apaul/ros2_hw1/install/vrep_ros_teleop:/home/GTL/apaul/ros2_hw1/install/keyboard_teleop:/home/GTL/apaul/ros2_hw1/install/face_detect_base:/opt/ros/humble /usr/bin/cmake --build /home/GTL/apaul/ros2_hw1/build/joy_pack -- -j16 -l16
[0.688s] Invoking command in '/home/GTL/apaul/ros2_hw1/build/joy_pack': CMAKE_PREFIX_PATH=${CMAKE_PREFIX_PATH}:/home/GTL/apaul/ros2_hw1/install/vrep_ros_teleop:/home/GTL/apaul/ros2_hw1/install/keyboard_teleop:/home/GTL/apaul/ros2_hw1/install/face_detect_base:/opt/ros/humble /usr/bin/cmake --install /home/GTL/apaul/ros2_hw1/build/joy_pack
[0.694s] -- Install configuration: ""
[0.695s] -- Up-to-date: /home/GTL/apaul/ros2_hw1/install/joy_pack/lib/joy_pack/joy_node
[0.696s] -- Up-to-date: /home/GTL/apaul/ros2_hw1/install/joy_pack/share/ament_index/resource_index/package_run_dependencies/joy_pack
[0.697s] -- Up-to-date: /home/GTL/apaul/ros2_hw1/install/joy_pack/share/ament_index/resource_index/parent_prefix_path/joy_pack
[0.698s] -- Up-to-date: /home/GTL/apaul/ros2_hw1/install/joy_pack/share/joy_pack/environment/ament_prefix_path.sh
[0.698s] -- Up-to-date: /home/GTL/apaul/ros2_hw1/install/joy_pack/share/joy_pack/environment/ament_prefix_path.dsv
[0.699s] -- Up-to-date: /home/GTL/apaul/ros2_hw1/install/joy_pack/share/joy_pack/environment/path.sh
[0.700s] -- Up-to-date: /home/GTL/apaul/ros2_hw1/install/joy_pack/share/joy_pack/environment/path.dsv
[0.700s] -- Up-to-date: /home/GTL/apaul/ros2_hw1/install/joy_pack/share/joy_pack/local_setup.bash
[0.701s] -- Up-to-date: /home/GTL/apaul/ros2_hw1/install/joy_pack/share/joy_pack/local_setup.sh
[0.701s] -- Up-to-date: /home/GTL/apaul/ros2_hw1/install/joy_pack/share/joy_pack/local_setup.zsh
[0.702s] -- Up-to-date: /home/GTL/apaul/ros2_hw1/install/joy_pack/share/joy_pack/local_setup.dsv
[0.702s] -- Installing: /home/GTL/apaul/ros2_hw1/install/joy_pack/share/joy_pack/package.dsv
[0.706s] -- Up-to-date: /home/GTL/apaul/ros2_hw1/install/joy_pack/share/ament_index/resource_index/packages/joy_pack
[0.707s] -- Up-to-date: /home/GTL/apaul/ros2_hw1/install/joy_pack/share/joy_pack/cmake/joy_packConfig.cmake
[0.708s] -- Up-to-date: /home/GTL/apaul/ros2_hw1/install/joy_pack/share/joy_pack/cmake/joy_packConfig-version.cmake
[0.708s] -- Up-to-date: /home/GTL/apaul/ros2_hw1/install/joy_pack/share/joy_pack/package.xml
[0.711s] Invoked command in '/home/GTL/apaul/ros2_hw1/build/joy_pack' returned '0': CMAKE_PREFIX_PATH=${CMAKE_PREFIX_PATH}:/home/GTL/apaul/ros2_hw1/install/vrep_ros_teleop:/home/GTL/apaul/ros2_hw1/install/keyboard_teleop:/home/GTL/apaul/ros2_hw1/install/face_detect_base:/opt/ros/humble /usr/bin/cmake --install /home/GTL/apaul/ros2_hw1/build/joy_pack
