[0.569s] Invoking command in '/home/GTL/apaul/ros2_hw1/src/ar_slam_base': AMENT_PREFIX_PATH=/home/GTL/apaul/ros2_hw1/install/ar_loc_base:/home/GTL/apaul/ros2_hw1/install/rover_driver_base:/home/GTL/apaul/ros2_hw1/install/ar_mapping_base:${AMENT_PREFIX_PATH} PYTHONPATH=/home/GTL/apaul/ros2_hw1/build/ar_slam_base/prefix_override:/usr/lib/python3/dist-packages/colcon_core/task/python/colcon_distutils_commands:/home/GTL/apaul/ros2_hw1/install/ar_slam_base/lib/python3.10/site-packages:/home/GTL/apaul/ros2_hw1/install/ar_loc_base/lib/python3.10/site-packages:/home/GTL/apaul/ros2_hw1/install/rover_driver_base/lib/python3.10/site-packages:/home/GTL/apaul/ros2_hw1/install/ar_mapping_base/lib/python3.10/site-packages:${PYTHONPATH} /usr/bin/python3 -W ignore:setup.py install is deprecated setup.py egg_info --egg-base ../../build/ar_slam_base build --build-base /home/GTL/apaul/ros2_hw1/build/ar_slam_base/build install --record /home/GTL/apaul/ros2_hw1/build/ar_slam_base/install.log --single-version-externally-managed install_data
[0.739s] running egg_info
[0.739s] writing ../../build/ar_slam_base/ar_slam_base.egg-info/PKG-INFO
[0.740s] writing dependency_links to ../../build/ar_slam_base/ar_slam_base.egg-info/dependency_links.txt
[0.741s] writing entry points to ../../build/ar_slam_base/ar_slam_base.egg-info/entry_points.txt
[0.743s] writing requirements to ../../build/ar_slam_base/ar_slam_base.egg-info/requires.txt
[0.744s] writing top-level names to ../../build/ar_slam_base/ar_slam_base.egg-info/top_level.txt
[0.746s] reading manifest file '../../build/ar_slam_base/ar_slam_base.egg-info/SOURCES.txt'
[0.748s] writing manifest file '../../build/ar_slam_base/ar_slam_base.egg-info/SOURCES.txt'
[0.749s] running build
[0.749s] running build_py
[0.749s] copying ar_slam_base/mapping_kf.py -> /home/GTL/apaul/ros2_hw1/build/ar_slam_base/build/lib/ar_slam_base
[0.752s] running install
[0.752s] running install_lib
[0.753s] copying /home/GTL/apaul/ros2_hw1/build/ar_slam_base/build/lib/ar_slam_base/mapping_kf.py -> /home/GTL/apaul/ros2_hw1/install/ar_slam_base/lib/python3.10/site-packages/ar_slam_base
[0.756s] byte-compiling /home/GTL/apaul/ros2_hw1/install/ar_slam_base/lib/python3.10/site-packages/ar_slam_base/mapping_kf.py to mapping_kf.cpython-310.pyc
[0.806s] running install_data
[0.807s] running install_egg_info
[0.808s] removing '/home/GTL/apaul/ros2_hw1/install/ar_slam_base/lib/python3.10/site-packages/ar_slam_base-0.0.0-py3.10.egg-info' (and everything under it)
[0.812s] Copying ../../build/ar_slam_base/ar_slam_base.egg-info to /home/GTL/apaul/ros2_hw1/install/ar_slam_base/lib/python3.10/site-packages/ar_slam_base-0.0.0-py3.10.egg-info
[0.833s] running install_scripts
[0.846s] Installing ar_slam_node script to /home/GTL/apaul/ros2_hw1/install/ar_slam_base/lib/ar_slam_base
[0.848s] Installing tb_slam_node script to /home/GTL/apaul/ros2_hw1/install/ar_slam_base/lib/ar_slam_base
[0.850s] writing list of installed files to '/home/GTL/apaul/ros2_hw1/build/ar_slam_base/install.log'
[0.866s] Invoked command in '/home/GTL/apaul/ros2_hw1/src/ar_slam_base' returned '0': AMENT_PREFIX_PATH=/home/GTL/apaul/ros2_hw1/install/ar_loc_base:/home/GTL/apaul/ros2_hw1/install/rover_driver_base:/home/GTL/apaul/ros2_hw1/install/ar_mapping_base:${AMENT_PREFIX_PATH} PYTHONPATH=/home/GTL/apaul/ros2_hw1/build/ar_slam_base/prefix_override:/usr/lib/python3/dist-packages/colcon_core/task/python/colcon_distutils_commands:/home/GTL/apaul/ros2_hw1/install/ar_slam_base/lib/python3.10/site-packages:/home/GTL/apaul/ros2_hw1/install/ar_loc_base/lib/python3.10/site-packages:/home/GTL/apaul/ros2_hw1/install/rover_driver_base/lib/python3.10/site-packages:/home/GTL/apaul/ros2_hw1/install/ar_mapping_base/lib/python3.10/site-packages:${PYTHONPATH} /usr/bin/python3 -W ignore:setup.py install is deprecated setup.py egg_info --egg-base ../../build/ar_slam_base build --build-base /home/GTL/apaul/ros2_hw1/build/ar_slam_base/build install --record /home/GTL/apaul/ros2_hw1/build/ar_slam_base/install.log --single-version-externally-managed install_data
