[0.000000] (-) TimerEvent: {}
[0.000140] (-) JobUnselected: {'identifier': 'ar_loc_base'}
[0.000157] (-) JobUnselected: {'identifier': 'ar_mapping_base'}
[0.000168] (-) JobUnselected: {'identifier': 'ar_slam_base'}
[0.000178] (-) JobUnselected: {'identifier': 'button_server'}
[0.000186] (-) JobUnselected: {'identifier': 'collision_avoidance_base'}
[0.000195] (-) JobUnselected: {'identifier': 'cs7630_msgs'}
[0.000204] (-) JobUnselected: {'identifier': 'face_detect_base'}
[0.000212] (-) JobUnselected: {'identifier': 'face_msg'}
[0.000221] (-) JobUnselected: {'identifier': 'floor_nav'}
[0.000229] (-) JobUnselected: {'identifier': 'joy_pack'}
[0.000237] (-) JobUnselected: {'identifier': 'keyboard_teleop'}
[0.000245] (-) JobUnselected: {'identifier': 'rover_driver_base'}
[0.000253] (-) JobUnselected: {'identifier': 'task_manager_client_py'}
[0.000261] (-) JobUnselected: {'identifier': 'task_manager_lib'}
[0.000269] (-) JobUnselected: {'identifier': 'task_manager_msgs'}
[0.000278] (-) JobUnselected: {'identifier': 'task_manager_nav2'}
[0.000286] (-) JobUnselected: {'identifier': 'task_manager_sync'}
[0.000294] (-) JobUnselected: {'identifier': 'turtlebot_launch'}
[0.000302] (-) JobUnselected: {'identifier': 'vrep4_helpers'}
[0.000314] (-) JobUnselected: {'identifier': 'vrep_ros_teleop'}
[0.000323] (-) JobUnselected: {'identifier': 'wifi_map_base'}
[0.000331] (-) JobUnselected: {'identifier': 'wpa_cli_msgs'}
[0.000341] (occgrid_planner_base) JobQueued: {'identifier': 'occgrid_planner_base', 'dependencies': OrderedDict([('cs7630_msgs', '/home/GTL/apaul/ros2_hw1/install/cs7630_msgs')])}
[0.000355] (occgrid_planner_base) JobStarted: {'identifier': 'occgrid_planner_base'}
[0.044558] (occgrid_planner_base) JobProgress: {'identifier': 'occgrid_planner_base', 'progress': 'cmake'}
[0.046832] (occgrid_planner_base) JobProgress: {'identifier': 'occgrid_planner_base', 'progress': 'build'}
[0.047500] (occgrid_planner_base) Command: {'cmd': ['/usr/bin/cmake', '--build', '/home/GTL/apaul/ros2_hw1/build/occgrid_planner_base', '--', '-j16', '-l16'], 'cwd': '/home/GTL/apaul/ros2_hw1/build/occgrid_planner_base', 'env': OrderedDict([('USER', 'apaul'), ('XDG_SESSION_TYPE', 'x11'), ('SHLVL', '1'), ('LD_LIBRARY_PATH', '/home/GTL/apaul/ros2_hw1/install/cs7630_msgs/lib:/usr/lib/x86_64-linux-gnu/gazebo-11/plugins:/opt/ros/humble/opt/rviz_ogre_vendor/lib:/opt/ros/humble/lib/x86_64-linux-gnu:/opt/ros/humble/lib'), ('HOME', '/home/GTL/apaul'), ('CYCLONEDDS_URI', '/cs-share/pradalier/gtlpc_cyclonedds.xml'), ('OLDPWD', '/home/GTL/apaul'), ('DESKTOP_SESSION', 'ubuntu'), ('ROS_PYTHON_VERSION', '3'), ('GNOME_SHELL_SESSION_MODE', 'ubuntu'), ('GTK_MODULES', 'gail:atk-bridge'), ('MANAGERPID', '2302'), ('SYSTEMD_EXEC_PID', '2645'), ('DBUS_SESSION_BUS_ADDRESS', 'unix:path=/run/user/37726/bus'), ('COLORTERM', 'truecolor'), ('TERMINATOR_DBUS_NAME', 'net.tenshu.Terminator23558193cd9818af7fe4d2c2f5bd9d00f'), ('GIO_LAUNCHED_DESKTOP_FILE_PID', '3021'), ('ROS_DISTRO', 'humble'), ('GTK_IM_MODULE', 'ibus'), ('LOGNAME', 'apaul'), ('JOURNAL_STREAM', '8:30295'), ('_', '/usr/bin/colcon'), ('ROS_VERSION', '2'), ('XDG_SESSION_CLASS', 'user'), ('USERNAME', 'apaul'), ('TERM', 'xterm-256color'), ('GNOME_DESKTOP_SESSION_ID', 'this-is-deprecated'), ('ROS_LOCALHOST_ONLY', '0'), ('WINDOWPATH', '2'), ('PATH', '/opt/ros/humble/bin:/usr/local/sbin:/usr/local/bin:/usr/sbin:/usr/bin:/sbin:/bin:/usr/games:/usr/local/games:/snap/bin:/snap/bin'), ('SESSION_MANAGER', 'local/gtlpc109.georgiatech-metz.fr:@/tmp/.ICE-unix/2483,unix/gtlpc109.georgiatech-metz.fr:/tmp/.ICE-unix/2483'), ('INVOCATION_ID', 'e44ddce5bfda4fe0ab391ad9343c6bdc'), ('XDG_MENU_PREFIX', 'gnome-'), ('XDG_RUNTIME_DIR', '/run/user/37726'), ('DISPLAY', ':1'), ('TERMINATOR_DBUS_PATH', '/net/tenshu/Terminator2'), ('LANG', 'en_US.UTF-8'), ('XDG_CURRENT_DESKTOP', 'ubuntu:GNOME'), ('IBUS_DISABLE_SNOOPER', '1'), ('RMW_IMPLEMENTATION', 'rmw_cyclonedds_cpp'), ('XMODIFIERS', '@im=ibus'), ('XDG_SESSION_DESKTOP', 'ubuntu'), ('XAUTHORITY', '/run/user/37726/gdm/Xauthority'), ('SSH_AGENT_LAUNCHER', 'gnome-keyring'), ('SSH_AUTH_SOCK', '/run/user/37726/keyring/ssh'), ('ROS_DOMAIN_ID', '59'), ('AMENT_PREFIX_PATH', '/home/GTL/apaul/ros2_hw1/install/cs7630_msgs:/opt/ros/humble'), ('SHELL', '/bin/bash'), ('TERMINATOR_UUID', 'urn:uuid:4254ca58-5fc0-4359-adf9-1351a34b4314'), ('KRB5CCNAME', 'FILE:/tmp/krb5cc_37726'), ('QT_ACCESSIBILITY', '1'), ('GDMSESSION', 'ubuntu'), ('GPG_AGENT_INFO', '/run/user/37726/gnupg/S.gpg-agent:0:1'), ('QT_IM_MODULE', 'ibus'), ('PWD', '/home/GTL/apaul/ros2_hw1/build/occgrid_planner_base'), ('XDG_CONFIG_DIRS', '/etc/xdg/xdg-ubuntu:/etc/xdg'), ('XDG_DATA_DIRS', '/usr/share/ubuntu:/usr/share/gnome:/usr/local/share/:/usr/share/:/var/lib/snapd/desktop'), ('PYTHONPATH', '/home/GTL/apaul/ros2_hw1/install/cs7630_msgs/local/lib/python3.10/dist-packages:/opt/ros/humble/lib/python3.10/site-packages:/opt/ros/humble/local/lib/python3.10/dist-packages'), ('COLCON', '1'), ('VTE_VERSION', '6800'), ('CMAKE_PREFIX_PATH', '/home/GTL/apaul/ros2_hw1/install/cs7630_msgs:/opt/ros/humble')]), 'shell': False}
[0.084892] (occgrid_planner_base) StdoutLine: {'line': b'\x1b[35m\x1b[1mConsolidate compiler generated dependencies of target occgrid_planner_base\x1b[0m\n'}
[0.097406] (occgrid_planner_base) StdoutLine: {'line': b'[ 66%] Built target path_optimizer_base\n'}
[0.097554] (occgrid_planner_base) StdoutLine: {'line': b'[ 66%] Built target path_follower_base\n'}
[0.098933] (-) TimerEvent: {}
[0.131494] (occgrid_planner_base) StdoutLine: {'line': b'[ 83%] \x1b[32mBuilding CXX object CMakeFiles/occgrid_planner_base.dir/src/occgrid_planner.cpp.o\x1b[0m\n'}
[0.199072] (-) TimerEvent: {}
[0.299333] (-) TimerEvent: {}
[0.399603] (-) TimerEvent: {}
[0.499865] (-) TimerEvent: {}
[0.600129] (-) TimerEvent: {}
[0.700354] (-) TimerEvent: {}
[0.800618] (-) TimerEvent: {}
[0.900884] (-) TimerEvent: {}
[1.001161] (-) TimerEvent: {}
[1.101447] (-) TimerEvent: {}
[1.201682] (-) TimerEvent: {}
[1.301950] (-) TimerEvent: {}
[1.402219] (-) TimerEvent: {}
[1.502488] (-) TimerEvent: {}
[1.602728] (-) TimerEvent: {}
[1.703017] (-) TimerEvent: {}
[1.803305] (-) TimerEvent: {}
[1.903658] (-) TimerEvent: {}
[2.003928] (-) TimerEvent: {}
[2.104246] (-) TimerEvent: {}
[2.204538] (-) TimerEvent: {}
[2.304810] (-) TimerEvent: {}
[2.405081] (-) TimerEvent: {}
[2.505333] (-) TimerEvent: {}
[2.576479] (occgrid_planner_base) StderrLine: {'line': b'\x1b[01m\x1b[K/home/GTL/apaul/ros2_hw1/src/occgrid_planner_base/src/occgrid_planner.cpp:\x1b[m\x1b[K In member function \xe2\x80\x98\x1b[01m\x1b[Kvoid OccupancyGridPlanner::og_callback(nav_msgs::msg::OccupancyGrid_<std::allocator<void> >::SharedPtr)\x1b[m\x1b[K\xe2\x80\x99:\n'}
[2.576617] (occgrid_planner_base) StderrLine: {'line': b'\x1b[01m\x1b[K/home/GTL/apaul/ros2_hw1/src/occgrid_planner_base/src/occgrid_planner.cpp:68:38:\x1b[m\x1b[K \x1b[01;35m\x1b[Kwarning: \x1b[m\x1b[Knarrowing conversion of \xe2\x80\x98\x1b[01m\x1b[K((std::__shared_ptr_access<nav_msgs::msg::OccupancyGrid_<std::allocator<void> >, __gnu_cxx::_S_atomic, false, false>*)(& msg))->std::__shared_ptr_access<nav_msgs::msg::OccupancyGrid_<std::allocator<void> >, __gnu_cxx::_S_atomic, false, false>::operator->()->nav_msgs::msg::OccupancyGrid_<std::allocator<void> >::info.nav_msgs::msg::MapMetaData_<std::allocator<void> >::height\x1b[m\x1b[K\xe2\x80\x99 from \xe2\x80\x98\x1b[01m\x1b[Knav_msgs::msg::MapMetaData_<std::allocator<void> >::_height_type\x1b[m\x1b[K\xe2\x80\x99 {aka \xe2\x80\x98\x1b[01m\x1b[Kunsigned int\x1b[m\x1b[K\xe2\x80\x99} to \xe2\x80\x98\x1b[01m\x1b[Kint\x1b[m\x1b[K\xe2\x80\x99 [\x1b[01;35m\x1b[K\x1b]8;;https://gcc.gnu.org/onlinedocs/gcc/Warning-Options.html#index-Wnarrowing\x07-Wnarrowing\x1b]8;;\x07\x1b[m\x1b[K]\n'}
[2.576667] (occgrid_planner_base) StderrLine: {'line': b'   68 |             int sizes[] = {\x1b[01;35m\x1b[Kmsg->info.height\x1b[m\x1b[K, msg->info.width, 2};\n'}
[2.576705] (occgrid_planner_base) StderrLine: {'line': b'      |                            \x1b[01;35m\x1b[K~~~~~~~~~~^~~~~~\x1b[m\x1b[K\n'}
[2.576740] (occgrid_planner_base) StderrLine: {'line': b'\x1b[01m\x1b[K/home/GTL/apaul/ros2_hw1/src/occgrid_planner_base/src/occgrid_planner.cpp:68:56:\x1b[m\x1b[K \x1b[01;35m\x1b[Kwarning: \x1b[m\x1b[Knarrowing conversion of \xe2\x80\x98\x1b[01m\x1b[K((std::__shared_ptr_access<nav_msgs::msg::OccupancyGrid_<std::allocator<void> >, __gnu_cxx::_S_atomic, false, false>*)(& msg))->std::__shared_ptr_access<nav_msgs::msg::OccupancyGrid_<std::allocator<void> >, __gnu_cxx::_S_atomic, false, false>::operator->()->nav_msgs::msg::OccupancyGrid_<std::allocator<void> >::info.nav_msgs::msg::MapMetaData_<std::allocator<void> >::width\x1b[m\x1b[K\xe2\x80\x99 from \xe2\x80\x98\x1b[01m\x1b[Knav_msgs::msg::MapMetaData_<std::allocator<void> >::_width_type\x1b[m\x1b[K\xe2\x80\x99 {aka \xe2\x80\x98\x1b[01m\x1b[Kunsigned int\x1b[m\x1b[K\xe2\x80\x99} to \xe2\x80\x98\x1b[01m\x1b[Kint\x1b[m\x1b[K\xe2\x80\x99 [\x1b[01;35m\x1b[K\x1b]8;;https://gcc.gnu.org/onlinedocs/gcc/Warning-Options.html#index-Wnarrowing\x07-Wnarrowing\x1b]8;;\x07\x1b[m\x1b[K]\n'}
[2.576781] (occgrid_planner_base) StderrLine: {'line': b'   68 |             int sizes[] = {msg->info.height, \x1b[01;35m\x1b[Kmsg->info.width\x1b[m\x1b[K, 2};\n'}
[2.576817] (occgrid_planner_base) StderrLine: {'line': b'      |                                              \x1b[01;35m\x1b[K~~~~~~~~~~^~~~~\x1b[m\x1b[K\n'}
[2.605425] (-) TimerEvent: {}
[2.705689] (-) TimerEvent: {}
[2.805935] (-) TimerEvent: {}
[2.906184] (-) TimerEvent: {}
[3.006447] (-) TimerEvent: {}
[3.106695] (-) TimerEvent: {}
[3.206937] (-) TimerEvent: {}
[3.307200] (-) TimerEvent: {}
[3.407464] (-) TimerEvent: {}
[3.507732] (-) TimerEvent: {}
[3.608000] (-) TimerEvent: {}
[3.708272] (-) TimerEvent: {}
[3.808548] (-) TimerEvent: {}
[3.908834] (-) TimerEvent: {}
[4.009096] (-) TimerEvent: {}
[4.109393] (-) TimerEvent: {}
[4.209662] (-) TimerEvent: {}
[4.309913] (-) TimerEvent: {}
[4.410165] (-) TimerEvent: {}
[4.510486] (-) TimerEvent: {}
[4.610740] (-) TimerEvent: {}
[4.711006] (-) TimerEvent: {}
[4.811272] (-) TimerEvent: {}
[4.911534] (-) TimerEvent: {}
[5.011849] (-) TimerEvent: {}
[5.112130] (-) TimerEvent: {}
[5.212393] (-) TimerEvent: {}
[5.312665] (-) TimerEvent: {}
[5.412935] (-) TimerEvent: {}
[5.513235] (-) TimerEvent: {}
[5.613471] (-) TimerEvent: {}
[5.713743] (-) TimerEvent: {}
[5.814016] (-) TimerEvent: {}
[5.914292] (-) TimerEvent: {}
[6.014526] (-) TimerEvent: {}
[6.114803] (-) TimerEvent: {}
[6.215048] (-) TimerEvent: {}
[6.315309] (-) TimerEvent: {}
[6.415576] (-) TimerEvent: {}
[6.515853] (-) TimerEvent: {}
[6.616125] (-) TimerEvent: {}
[6.716390] (-) TimerEvent: {}
[6.816650] (-) TimerEvent: {}
[6.916910] (-) TimerEvent: {}
[7.017211] (-) TimerEvent: {}
[7.117493] (-) TimerEvent: {}
[7.217760] (-) TimerEvent: {}
[7.318022] (-) TimerEvent: {}
[7.418286] (-) TimerEvent: {}
[7.518554] (-) TimerEvent: {}
[7.618857] (-) TimerEvent: {}
[7.719182] (-) TimerEvent: {}
[7.819493] (-) TimerEvent: {}
[7.919830] (-) TimerEvent: {}
[8.020122] (-) TimerEvent: {}
[8.120390] (-) TimerEvent: {}
[8.220676] (-) TimerEvent: {}
[8.320963] (-) TimerEvent: {}
[8.421245] (-) TimerEvent: {}
[8.521528] (-) TimerEvent: {}
[8.621794] (-) TimerEvent: {}
[8.722077] (-) TimerEvent: {}
[8.822338] (-) TimerEvent: {}
[8.922606] (-) TimerEvent: {}
[9.022875] (-) TimerEvent: {}
[9.123136] (-) TimerEvent: {}
[9.223399] (-) TimerEvent: {}
[9.323667] (-) TimerEvent: {}
[9.423958] (-) TimerEvent: {}
[9.524221] (-) TimerEvent: {}
[9.624489] (-) TimerEvent: {}
[9.724750] (-) TimerEvent: {}
[9.825014] (-) TimerEvent: {}
[9.925280] (-) TimerEvent: {}
[10.025544] (-) TimerEvent: {}
[10.125817] (-) TimerEvent: {}
[10.226126] (-) TimerEvent: {}
[10.326387] (-) TimerEvent: {}
[10.426646] (-) TimerEvent: {}
[10.526912] (-) TimerEvent: {}
[10.627178] (-) TimerEvent: {}
[10.727445] (-) TimerEvent: {}
[10.827709] (-) TimerEvent: {}
[10.927984] (-) TimerEvent: {}
[11.028245] (-) TimerEvent: {}
[11.128518] (-) TimerEvent: {}
[11.228789] (-) TimerEvent: {}
[11.329059] (-) TimerEvent: {}
[11.429374] (-) TimerEvent: {}
[11.529654] (-) TimerEvent: {}
[11.629885] (-) TimerEvent: {}
[11.730146] (-) TimerEvent: {}
[11.830391] (-) TimerEvent: {}
[11.930651] (-) TimerEvent: {}
[12.030919] (-) TimerEvent: {}
[12.131206] (-) TimerEvent: {}
[12.231521] (-) TimerEvent: {}
[12.331794] (-) TimerEvent: {}
[12.432076] (-) TimerEvent: {}
[12.532346] (-) TimerEvent: {}
[12.632607] (-) TimerEvent: {}
[12.732866] (-) TimerEvent: {}
[12.833140] (-) TimerEvent: {}
[12.933383] (-) TimerEvent: {}
[13.033639] (-) TimerEvent: {}
[13.133889] (-) TimerEvent: {}
[13.234129] (-) TimerEvent: {}
[13.334369] (-) TimerEvent: {}
[13.434597] (-) TimerEvent: {}
[13.534855] (-) TimerEvent: {}
[13.635128] (-) TimerEvent: {}
[13.735405] (-) TimerEvent: {}
[13.835657] (-) TimerEvent: {}
[13.935929] (-) TimerEvent: {}
[14.036183] (-) TimerEvent: {}
[14.136427] (-) TimerEvent: {}
[14.236677] (-) TimerEvent: {}
[14.336965] (-) TimerEvent: {}
[14.437230] (-) TimerEvent: {}
[14.537497] (-) TimerEvent: {}
[14.637766] (-) TimerEvent: {}
[14.738048] (-) TimerEvent: {}
[14.838293] (-) TimerEvent: {}
[14.938541] (-) TimerEvent: {}
[15.038795] (-) TimerEvent: {}
[15.139060] (-) TimerEvent: {}
[15.239321] (-) TimerEvent: {}
[15.339580] (-) TimerEvent: {}
[15.439841] (-) TimerEvent: {}
[15.540124] (-) TimerEvent: {}
[15.640403] (-) TimerEvent: {}
[15.740697] (-) TimerEvent: {}
[15.840968] (-) TimerEvent: {}
[15.941235] (-) TimerEvent: {}
[16.041490] (-) TimerEvent: {}
[16.042461] (occgrid_planner_base) StdoutLine: {'line': b'[100%] \x1b[32m\x1b[1mLinking CXX executable occgrid_planner_base\x1b[0m\n'}
[16.141598] (-) TimerEvent: {}
[16.241849] (-) TimerEvent: {}
[16.342111] (-) TimerEvent: {}
[16.442375] (-) TimerEvent: {}
[16.542645] (-) TimerEvent: {}
[16.642862] (-) TimerEvent: {}
[16.743115] (-) TimerEvent: {}
[16.843376] (-) TimerEvent: {}
[16.943657] (-) TimerEvent: {}
[17.043901] (-) TimerEvent: {}
[17.069227] (occgrid_planner_base) StdoutLine: {'line': b'[100%] Built target occgrid_planner_base\n'}
[17.080916] (occgrid_planner_base) CommandEnded: {'returncode': 0}
[17.099561] (occgrid_planner_base) JobProgress: {'identifier': 'occgrid_planner_base', 'progress': 'install'}
[17.104666] (occgrid_planner_base) Command: {'cmd': ['/usr/bin/cmake', '--install', '/home/GTL/apaul/ros2_hw1/build/occgrid_planner_base'], 'cwd': '/home/GTL/apaul/ros2_hw1/build/occgrid_planner_base', 'env': OrderedDict([('USER', 'apaul'), ('XDG_SESSION_TYPE', 'x11'), ('SHLVL', '1'), ('LD_LIBRARY_PATH', '/home/GTL/apaul/ros2_hw1/install/cs7630_msgs/lib:/usr/lib/x86_64-linux-gnu/gazebo-11/plugins:/opt/ros/humble/opt/rviz_ogre_vendor/lib:/opt/ros/humble/lib/x86_64-linux-gnu:/opt/ros/humble/lib'), ('HOME', '/home/GTL/apaul'), ('CYCLONEDDS_URI', '/cs-share/pradalier/gtlpc_cyclonedds.xml'), ('OLDPWD', '/home/GTL/apaul'), ('DESKTOP_SESSION', 'ubuntu'), ('ROS_PYTHON_VERSION', '3'), ('GNOME_SHELL_SESSION_MODE', 'ubuntu'), ('GTK_MODULES', 'gail:atk-bridge'), ('MANAGERPID', '2302'), ('SYSTEMD_EXEC_PID', '2645'), ('DBUS_SESSION_BUS_ADDRESS', 'unix:path=/run/user/37726/bus'), ('COLORTERM', 'truecolor'), ('TERMINATOR_DBUS_NAME', 'net.tenshu.Terminator23558193cd9818af7fe4d2c2f5bd9d00f'), ('GIO_LAUNCHED_DESKTOP_FILE_PID', '3021'), ('ROS_DISTRO', 'humble'), ('GTK_IM_MODULE', 'ibus'), ('LOGNAME', 'apaul'), ('JOURNAL_STREAM', '8:30295'), ('_', '/usr/bin/colcon'), ('ROS_VERSION', '2'), ('XDG_SESSION_CLASS', 'user'), ('USERNAME', 'apaul'), ('TERM', 'xterm-256color'), ('GNOME_DESKTOP_SESSION_ID', 'this-is-deprecated'), ('ROS_LOCALHOST_ONLY', '0'), ('WINDOWPATH', '2'), ('PATH', '/opt/ros/humble/bin:/usr/local/sbin:/usr/local/bin:/usr/sbin:/usr/bin:/sbin:/bin:/usr/games:/usr/local/games:/snap/bin:/snap/bin'), ('SESSION_MANAGER', 'local/gtlpc109.georgiatech-metz.fr:@/tmp/.ICE-unix/2483,unix/gtlpc109.georgiatech-metz.fr:/tmp/.ICE-unix/2483'), ('INVOCATION_ID', 'e44ddce5bfda4fe0ab391ad9343c6bdc'), ('XDG_MENU_PREFIX', 'gnome-'), ('XDG_RUNTIME_DIR', '/run/user/37726'), ('DISPLAY', ':1'), ('TERMINATOR_DBUS_PATH', '/net/tenshu/Terminator2'), ('LANG', 'en_US.UTF-8'), ('XDG_CURRENT_DESKTOP', 'ubuntu:GNOME'), ('IBUS_DISABLE_SNOOPER', '1'), ('RMW_IMPLEMENTATION', 'rmw_cyclonedds_cpp'), ('XMODIFIERS', '@im=ibus'), ('XDG_SESSION_DESKTOP', 'ubuntu'), ('XAUTHORITY', '/run/user/37726/gdm/Xauthority'), ('SSH_AGENT_LAUNCHER', 'gnome-keyring'), ('SSH_AUTH_SOCK', '/run/user/37726/keyring/ssh'), ('ROS_DOMAIN_ID', '59'), ('AMENT_PREFIX_PATH', '/home/GTL/apaul/ros2_hw1/install/cs7630_msgs:/opt/ros/humble'), ('SHELL', '/bin/bash'), ('TERMINATOR_UUID', 'urn:uuid:4254ca58-5fc0-4359-adf9-1351a34b4314'), ('KRB5CCNAME', 'FILE:/tmp/krb5cc_37726'), ('QT_ACCESSIBILITY', '1'), ('GDMSESSION', 'ubuntu'), ('GPG_AGENT_INFO', '/run/user/37726/gnupg/S.gpg-agent:0:1'), ('QT_IM_MODULE', 'ibus'), ('PWD', '/home/GTL/apaul/ros2_hw1/build/occgrid_planner_base'), ('XDG_CONFIG_DIRS', '/etc/xdg/xdg-ubuntu:/etc/xdg'), ('XDG_DATA_DIRS', '/usr/share/ubuntu:/usr/share/gnome:/usr/local/share/:/usr/share/:/var/lib/snapd/desktop'), ('PYTHONPATH', '/home/GTL/apaul/ros2_hw1/install/cs7630_msgs/local/lib/python3.10/dist-packages:/opt/ros/humble/lib/python3.10/site-packages:/opt/ros/humble/local/lib/python3.10/dist-packages'), ('COLCON', '1'), ('VTE_VERSION', '6800'), ('CMAKE_PREFIX_PATH', '/home/GTL/apaul/ros2_hw1/install/cs7630_msgs:/opt/ros/humble')]), 'shell': False}
[17.110103] (occgrid_planner_base) StdoutLine: {'line': b'-- Install configuration: ""\n'}
[17.111065] (occgrid_planner_base) StdoutLine: {'line': b'-- Installing: /home/GTL/apaul/ros2_hw1/install/occgrid_planner_base/lib/occgrid_planner_base/occgrid_planner_base\n'}
[17.144019] (-) TimerEvent: {}
[17.244252] (-) TimerEvent: {}
[17.304041] (occgrid_planner_base) StdoutLine: {'line': b'-- Set runtime path of "/home/GTL/apaul/ros2_hw1/install/occgrid_planner_base/lib/occgrid_planner_base/occgrid_planner_base" to ""\n'}
[17.304629] (occgrid_planner_base) StdoutLine: {'line': b'-- Up-to-date: /home/GTL/apaul/ros2_hw1/install/occgrid_planner_base/lib/occgrid_planner_base/path_optimizer_base\n'}
[17.308686] (occgrid_planner_base) StdoutLine: {'line': b'-- Up-to-date: /home/GTL/apaul/ros2_hw1/install/occgrid_planner_base/lib/occgrid_planner_base/path_follower_base\n'}
[17.311145] (occgrid_planner_base) StdoutLine: {'line': b'-- Up-to-date: /home/GTL/apaul/ros2_hw1/install/occgrid_planner_base/share/occgrid_planner_base\n'}
[17.311985] (occgrid_planner_base) StdoutLine: {'line': b'-- Up-to-date: /home/GTL/apaul/ros2_hw1/install/occgrid_planner_base/share/occgrid_planner_base/planner.launch.py\n'}
[17.312199] (occgrid_planner_base) StdoutLine: {'line': b'-- Up-to-date: /home/GTL/apaul/ros2_hw1/install/occgrid_planner_base/share/occgrid_planner_base/mapper_params_online_sync.yaml\n'}
[17.312429] (occgrid_planner_base) StdoutLine: {'line': b'-- Up-to-date: /home/GTL/apaul/ros2_hw1/install/occgrid_planner_base/share/occgrid_planner_base/slam_tb_sync.launch.py\n'}
[17.312615] (occgrid_planner_base) StdoutLine: {'line': b'-- Up-to-date: /home/GTL/apaul/ros2_hw1/install/occgrid_planner_base/share/occgrid_planner_base/mapper_params_tb_sync.yaml\n'}
[17.312852] (occgrid_planner_base) StdoutLine: {'line': b'-- Up-to-date: /home/GTL/apaul/ros2_hw1/install/occgrid_planner_base/share/occgrid_planner_base/slam_online_sync.launch.py\n'}
[17.313095] (occgrid_planner_base) StdoutLine: {'line': b'-- Up-to-date: /home/GTL/apaul/ros2_hw1/install/occgrid_planner_base/share/occgrid_planner_base/__pycache__\n'}
[17.313854] (occgrid_planner_base) StdoutLine: {'line': b'-- Up-to-date: /home/GTL/apaul/ros2_hw1/install/occgrid_planner_base/share/occgrid_planner_base/__pycache__/slam_online_sync.launch.cpython-310.pyc\n'}
[17.314058] (occgrid_planner_base) StdoutLine: {'line': b'-- Up-to-date: /home/GTL/apaul/ros2_hw1/install/occgrid_planner_base/share/occgrid_planner_base/__pycache__/planner.launch.cpython-310.pyc\n'}
[17.314269] (occgrid_planner_base) StdoutLine: {'line': b'-- Up-to-date: /home/GTL/apaul/ros2_hw1/install/occgrid_planner_base/share/ament_index/resource_index/package_run_dependencies/occgrid_planner_base\n'}
[17.314657] (occgrid_planner_base) StdoutLine: {'line': b'-- Up-to-date: /home/GTL/apaul/ros2_hw1/install/occgrid_planner_base/share/ament_index/resource_index/parent_prefix_path/occgrid_planner_base\n'}
[17.315019] (occgrid_planner_base) StdoutLine: {'line': b'-- Up-to-date: /home/GTL/apaul/ros2_hw1/install/occgrid_planner_base/share/occgrid_planner_base/environment/ament_prefix_path.sh\n'}
[17.315315] (occgrid_planner_base) StdoutLine: {'line': b'-- Up-to-date: /home/GTL/apaul/ros2_hw1/install/occgrid_planner_base/share/occgrid_planner_base/environment/ament_prefix_path.dsv\n'}
[17.315659] (occgrid_planner_base) StdoutLine: {'line': b'-- Up-to-date: /home/GTL/apaul/ros2_hw1/install/occgrid_planner_base/share/occgrid_planner_base/environment/path.sh\n'}
[17.316026] (occgrid_planner_base) StdoutLine: {'line': b'-- Up-to-date: /home/GTL/apaul/ros2_hw1/install/occgrid_planner_base/share/occgrid_planner_base/environment/path.dsv\n'}
[17.316358] (occgrid_planner_base) StdoutLine: {'line': b'-- Up-to-date: /home/GTL/apaul/ros2_hw1/install/occgrid_planner_base/share/occgrid_planner_base/local_setup.bash\n'}
[17.316662] (occgrid_planner_base) StdoutLine: {'line': b'-- Up-to-date: /home/GTL/apaul/ros2_hw1/install/occgrid_planner_base/share/occgrid_planner_base/local_setup.sh\n'}
[17.317002] (occgrid_planner_base) StdoutLine: {'line': b'-- Up-to-date: /home/GTL/apaul/ros2_hw1/install/occgrid_planner_base/share/occgrid_planner_base/local_setup.zsh\n'}
[17.317303] (occgrid_planner_base) StdoutLine: {'line': b'-- Up-to-date: /home/GTL/apaul/ros2_hw1/install/occgrid_planner_base/share/occgrid_planner_base/local_setup.dsv\n'}
[17.317527] (occgrid_planner_base) StdoutLine: {'line': b'-- Installing: /home/GTL/apaul/ros2_hw1/install/occgrid_planner_base/share/occgrid_planner_base/package.dsv\n'}
[17.321763] (occgrid_planner_base) StdoutLine: {'line': b'-- Up-to-date: /home/GTL/apaul/ros2_hw1/install/occgrid_planner_base/share/ament_index/resource_index/packages/occgrid_planner_base\n'}
[17.322084] (occgrid_planner_base) StdoutLine: {'line': b'-- Up-to-date: /home/GTL/apaul/ros2_hw1/install/occgrid_planner_base/share/occgrid_planner_base/cmake/occgrid_planner_baseConfig.cmake\n'}
[17.322407] (occgrid_planner_base) StdoutLine: {'line': b'-- Up-to-date: /home/GTL/apaul/ros2_hw1/install/occgrid_planner_base/share/occgrid_planner_base/cmake/occgrid_planner_baseConfig-version.cmake\n'}
[17.322687] (occgrid_planner_base) StdoutLine: {'line': b'-- Up-to-date: /home/GTL/apaul/ros2_hw1/install/occgrid_planner_base/share/occgrid_planner_base/package.xml\n'}
[17.324936] (occgrid_planner_base) CommandEnded: {'returncode': 0}
[17.344381] (-) TimerEvent: {}
[17.444613] (-) TimerEvent: {}
[17.468341] (occgrid_planner_base) JobEnded: {'identifier': 'occgrid_planner_base', 'rc': 0}
[17.470331] (-) EventReactorShutdown: {}
