[1.601s] Invoking command in '/home/GTL/apaul/ros2_hw1/src/ar_slam_base': AMENT_PREFIX_PATH=/home/GTL/apaul/ros2_hw1/install/ar_loc_base:/home/GTL/apaul/ros2_hw1/install/rover_driver_base:/home/GTL/apaul/ros2_hw1/install/ar_mapping_base:${AMENT_PREFIX_PATH} PYTHONPATH=/home/GTL/apaul/ros2_hw1/build/ar_slam_base/prefix_override:/usr/lib/python3/dist-packages/colcon_core/task/python/colcon_distutils_commands:/home/GTL/apaul/ros2_hw1/install/ar_slam_base/lib/python3.10/site-packages:/home/GTL/apaul/ros2_hw1/install/ar_loc_base/lib/python3.10/site-packages:/home/GTL/apaul/ros2_hw1/install/rover_driver_base/lib/python3.10/site-packages:/home/GTL/apaul/ros2_hw1/install/ar_mapping_base/lib/python3.10/site-packages:${PYTHONPATH} /usr/bin/python3 -W ignore:setup.py install is deprecated -W ignore:easy_install command is deprecated setup.py egg_info --egg-base ../../build/ar_slam_base build --build-base /home/GTL/apaul/ros2_hw1/build/ar_slam_base/build install --record /home/GTL/apaul/ros2_hw1/build/ar_slam_base/install.log --single-version-externally-managed install_data
[3.618s] running egg_info
[3.623s] writing ../../build/ar_slam_base/ar_slam_base.egg-info/PKG-INFO
[3.659s] writing dependency_links to ../../build/ar_slam_base/ar_slam_base.egg-info/dependency_links.txt
[3.663s] writing entry points to ../../build/ar_slam_base/ar_slam_base.egg-info/entry_points.txt
[3.666s] writing requirements to ../../build/ar_slam_base/ar_slam_base.egg-info/requires.txt
[3.668s] writing top-level names to ../../build/ar_slam_base/ar_slam_base.egg-info/top_level.txt
[3.680s] reading manifest file '../../build/ar_slam_base/ar_slam_base.egg-info/SOURCES.txt'
[3.685s] writing manifest file '../../build/ar_slam_base/ar_slam_base.egg-info/SOURCES.txt'
[3.687s] running build
[3.687s] running build_py
[3.693s] running install
[3.695s] running install_lib
[3.704s] running install_data
[3.709s] running install_egg_info
[3.740s] removing '/home/GTL/apaul/ros2_hw1/install/ar_slam_base/lib/python3.10/site-packages/ar_slam_base-0.0.0-py3.10.egg-info' (and everything under it)
[3.749s] Copying ../../build/ar_slam_base/ar_slam_base.egg-info to /home/GTL/apaul/ros2_hw1/install/ar_slam_base/lib/python3.10/site-packages/ar_slam_base-0.0.0-py3.10.egg-info
[3.776s] running install_scripts
[3.831s] Installing ar_slam_node script to /home/GTL/apaul/ros2_hw1/install/ar_slam_base/lib/ar_slam_base
[3.834s] Installing tb_slam_node script to /home/GTL/apaul/ros2_hw1/install/ar_slam_base/lib/ar_slam_base
[3.838s] writing list of installed files to '/home/GTL/apaul/ros2_hw1/build/ar_slam_base/install.log'
[3.935s] Invoked command in '/home/GTL/apaul/ros2_hw1/src/ar_slam_base' returned '0': AMENT_PREFIX_PATH=/home/GTL/apaul/ros2_hw1/install/ar_loc_base:/home/GTL/apaul/ros2_hw1/install/rover_driver_base:/home/GTL/apaul/ros2_hw1/install/ar_mapping_base:${AMENT_PREFIX_PATH} PYTHONPATH=/home/GTL/apaul/ros2_hw1/build/ar_slam_base/prefix_override:/usr/lib/python3/dist-packages/colcon_core/task/python/colcon_distutils_commands:/home/GTL/apaul/ros2_hw1/install/ar_slam_base/lib/python3.10/site-packages:/home/GTL/apaul/ros2_hw1/install/ar_loc_base/lib/python3.10/site-packages:/home/GTL/apaul/ros2_hw1/install/rover_driver_base/lib/python3.10/site-packages:/home/GTL/apaul/ros2_hw1/install/ar_mapping_base/lib/python3.10/site-packages:${PYTHONPATH} /usr/bin/python3 -W ignore:setup.py install is deprecated -W ignore:easy_install command is deprecated setup.py egg_info --egg-base ../../build/ar_slam_base build --build-base /home/GTL/apaul/ros2_hw1/build/ar_slam_base/build install --record /home/GTL/apaul/ros2_hw1/build/ar_slam_base/install.log --single-version-externally-managed install_data
