[0.096s] Invoking command in '/home/GTL/pcastere/ros_hw1/ros2_hw1/build/floor_nav': CMAKE_PREFIX_PATH=/home/GTL/pcastere/ros_hw1/ros2_hw1/install/task_manager_nav2:/home/GTL/pcastere/ros_hw1/ros2_hw1/install/task_manager_lib:/home/GTL/pcastere/ros_hw1/ros2_hw1/install/task_manager_msgs:/home/GTL/pcastere/ros_hw1/ros2_hw1/install/face_msg:/home/GTL/pcastere/ros_hw1/ros2_hw1/install/cs7630_msgs:/home/GTL/pcastere/ros_hw1/ros2_hw1/install/vrep4_helpers:/home/GTL/pcastere/ros_hw1/ros2_hw1/install/task_manager_sync:/home/GTL/pcastere/ros_hw1/ros2_hw1/install/floor_nav:/home/GTL/pcastere/ros_hw1/ros2_hw1/install/joy_pack:/home/GTL/pcastere/ros_hw1/ros2_hw1/install/collision_avoidance_base:/home/GTL/pcastere/ros_hw1/ros2_hw1/install/vrep_ros_teleop:/home/GTL/pcastere/ros_hw1/ros2_hw1/install/task_manager_client_py:/home/GTL/pcastere/ros_hw1/ros2_hw1/install/rover_driver_base:/home/GTL/pcastere/ros_hw1/ros2_hw1/install/keyboard_teleop:/home/GTL/pcastere/ros_hw1/ros2_hw1/install/face_detect_base:/home/GTL/pcastere/ros_hw1/ros2_hw1/install/button_server:/opt/ros/humble LD_LIBRARY_PATH=/home/GTL/pcastere/ros_hw1/ros2_hw1/install/task_manager_lib/lib:/home/GTL/pcastere/ros_hw1/ros2_hw1/install/task_manager_msgs/lib:/home/GTL/pcastere/ros_hw1/ros2_hw1/install/face_msg/lib:/home/GTL/pcastere/ros_hw1/ros2_hw1/install/cs7630_msgs/lib:/home/GTL/pcastere/ros_hw1/ros2_hw1/install/task_manager_sync/lib:/usr/lib/x86_64-linux-gnu/gazebo-11/plugins:/opt/ros/humble/opt/rviz_ogre_vendor/lib:/opt/ros/humble/lib/x86_64-linux-gnu:/opt/ros/humble/lib /usr/bin/cmake --build /home/GTL/pcastere/ros_hw1/ros2_hw1/build/floor_nav -- -j16 -l16
[0.204s] [35m[1mConsolidate compiler generated dependencies of target floornav_TaskGoToPose[0m
[0.253s] [ 48%] Built target floornav_TaskTrigger
[0.253s] [ 48%] Built target floornav_TaskWander
[0.253s] [ 48%] Built target floornav_TaskSetHeading
[0.253s] [ 48%] Built target floornav_TaskConstant
[0.253s] [ 48%] Built target floornav_TaskStareAtFace
[0.254s] [ 48%] Built target floornav_TaskSetBool
[0.256s] [ 58%] Built target floornav_TaskGoTo
[0.256s] [ 58%] Built target floornav_TaskSetMux
[0.257s] [ 67%] Built target floornav_TaskNav2
[0.259s] [ 74%] Built target floornav_TaskWaitForROI
[0.261s] [ 74%] Built target floornav_TaskWaitForFace
[0.263s] [ 87%] Built target floornav_TaskAutoDock
[0.263s] [ 87%] Built target floornav_task_server
[0.271s] [ 93%] Built target floornav_TaskPlanTo
[0.278s] [ 96%] [32mBuilding CXX object CMakeFiles/floornav_TaskGoToPose.dir/tasks/TaskGoToPose.cpp.o[0m
[7.421s] [100%] [32m[1mLinking CXX shared library libfloornav_TaskGoToPose.so[0m
[12.721s] [100%] Built target floornav_TaskGoToPose
[12.739s] Invoked command in '/home/GTL/pcastere/ros_hw1/ros2_hw1/build/floor_nav' returned '0': CMAKE_PREFIX_PATH=/home/GTL/pcastere/ros_hw1/ros2_hw1/install/task_manager_nav2:/home/GTL/pcastere/ros_hw1/ros2_hw1/install/task_manager_lib:/home/GTL/pcastere/ros_hw1/ros2_hw1/install/task_manager_msgs:/home/GTL/pcastere/ros_hw1/ros2_hw1/install/face_msg:/home/GTL/pcastere/ros_hw1/ros2_hw1/install/cs7630_msgs:/home/GTL/pcastere/ros_hw1/ros2_hw1/install/vrep4_helpers:/home/GTL/pcastere/ros_hw1/ros2_hw1/install/task_manager_sync:/home/GTL/pcastere/ros_hw1/ros2_hw1/install/floor_nav:/home/GTL/pcastere/ros_hw1/ros2_hw1/install/joy_pack:/home/GTL/pcastere/ros_hw1/ros2_hw1/install/collision_avoidance_base:/home/GTL/pcastere/ros_hw1/ros2_hw1/install/vrep_ros_teleop:/home/GTL/pcastere/ros_hw1/ros2_hw1/install/task_manager_client_py:/home/GTL/pcastere/ros_hw1/ros2_hw1/install/rover_driver_base:/home/GTL/pcastere/ros_hw1/ros2_hw1/install/keyboard_teleop:/home/GTL/pcastere/ros_hw1/ros2_hw1/install/face_detect_base:/home/GTL/pcastere/ros_hw1/ros2_hw1/install/button_server:/opt/ros/humble LD_LIBRARY_PATH=/home/GTL/pcastere/ros_hw1/ros2_hw1/install/task_manager_lib/lib:/home/GTL/pcastere/ros_hw1/ros2_hw1/install/task_manager_msgs/lib:/home/GTL/pcastere/ros_hw1/ros2_hw1/install/face_msg/lib:/home/GTL/pcastere/ros_hw1/ros2_hw1/install/cs7630_msgs/lib:/home/GTL/pcastere/ros_hw1/ros2_hw1/install/task_manager_sync/lib:/usr/lib/x86_64-linux-gnu/gazebo-11/plugins:/opt/ros/humble/opt/rviz_ogre_vendor/lib:/opt/ros/humble/lib/x86_64-linux-gnu:/opt/ros/humble/lib /usr/bin/cmake --build /home/GTL/pcastere/ros_hw1/ros2_hw1/build/floor_nav -- -j16 -l16
[12.821s] Invoking command in '/home/GTL/pcastere/ros_hw1/ros2_hw1/build/floor_nav': CMAKE_PREFIX_PATH=/home/GTL/pcastere/ros_hw1/ros2_hw1/install/task_manager_nav2:/home/GTL/pcastere/ros_hw1/ros2_hw1/install/task_manager_lib:/home/GTL/pcastere/ros_hw1/ros2_hw1/install/task_manager_msgs:/home/GTL/pcastere/ros_hw1/ros2_hw1/install/face_msg:/home/GTL/pcastere/ros_hw1/ros2_hw1/install/cs7630_msgs:/home/GTL/pcastere/ros_hw1/ros2_hw1/install/vrep4_helpers:/home/GTL/pcastere/ros_hw1/ros2_hw1/install/task_manager_sync:/home/GTL/pcastere/ros_hw1/ros2_hw1/install/floor_nav:/home/GTL/pcastere/ros_hw1/ros2_hw1/install/joy_pack:/home/GTL/pcastere/ros_hw1/ros2_hw1/install/collision_avoidance_base:/home/GTL/pcastere/ros_hw1/ros2_hw1/install/vrep_ros_teleop:/home/GTL/pcastere/ros_hw1/ros2_hw1/install/task_manager_client_py:/home/GTL/pcastere/ros_hw1/ros2_hw1/install/rover_driver_base:/home/GTL/pcastere/ros_hw1/ros2_hw1/install/keyboard_teleop:/home/GTL/pcastere/ros_hw1/ros2_hw1/install/face_detect_base:/home/GTL/pcastere/ros_hw1/ros2_hw1/install/button_server:/opt/ros/humble LD_LIBRARY_PATH=/home/GTL/pcastere/ros_hw1/ros2_hw1/install/task_manager_lib/lib:/home/GTL/pcastere/ros_hw1/ros2_hw1/install/task_manager_msgs/lib:/home/GTL/pcastere/ros_hw1/ros2_hw1/install/face_msg/lib:/home/GTL/pcastere/ros_hw1/ros2_hw1/install/cs7630_msgs/lib:/home/GTL/pcastere/ros_hw1/ros2_hw1/install/task_manager_sync/lib:/usr/lib/x86_64-linux-gnu/gazebo-11/plugins:/opt/ros/humble/opt/rviz_ogre_vendor/lib:/opt/ros/humble/lib/x86_64-linux-gnu:/opt/ros/humble/lib /usr/bin/cmake --install /home/GTL/pcastere/ros_hw1/ros2_hw1/build/floor_nav
[12.826s] -- Install configuration: ""
[12.827s] -- Up-to-date: /home/GTL/pcastere/ros_hw1/ros2_hw1/install/floor_nav/lib/floor_nav/floornav_task_server
[12.829s] -- Up-to-date: /home/GTL/pcastere/ros_hw1/ros2_hw1/install/floor_nav/lib/floor_nav/libfloornav_TaskAutoDock.so
[12.831s] -- Up-to-date: /home/GTL/pcastere/ros_hw1/ros2_hw1/install/floor_nav/lib/floor_nav/libfloornav_TaskWaitForROI.so
[12.833s] -- Up-to-date: /home/GTL/pcastere/ros_hw1/ros2_hw1/install/floor_nav/lib/floor_nav/libfloornav_TaskWander.so
[12.835s] -- Up-to-date: /home/GTL/pcastere/ros_hw1/ros2_hw1/install/floor_nav/lib/floor_nav/libfloornav_TaskSetHeading.so
[12.837s] -- Up-to-date: /home/GTL/pcastere/ros_hw1/ros2_hw1/install/floor_nav/lib/floor_nav/libfloornav_TaskPlanTo.so
[12.839s] -- Up-to-date: /home/GTL/pcastere/ros_hw1/ros2_hw1/install/floor_nav/lib/floor_nav/libfloornav_TaskGoTo.so
[12.840s] -- Up-to-date: /home/GTL/pcastere/ros_hw1/ros2_hw1/install/floor_nav/lib/floor_nav/libfloornav_TaskConstant.so
[12.842s] -- Up-to-date: /home/GTL/pcastere/ros_hw1/ros2_hw1/install/floor_nav/lib/floor_nav/libfloornav_TaskTrigger.so
[12.844s] -- Up-to-date: /home/GTL/pcastere/ros_hw1/ros2_hw1/install/floor_nav/lib/floor_nav/libfloornav_TaskSetBool.so
[12.846s] -- Up-to-date: /home/GTL/pcastere/ros_hw1/ros2_hw1/install/floor_nav/lib/floor_nav/libfloornav_TaskSetMux.so
[12.847s] -- Up-to-date: /home/GTL/pcastere/ros_hw1/ros2_hw1/install/floor_nav/lib/floor_nav/libfloornav_TaskNav2.so
[12.849s] -- Up-to-date: /home/GTL/pcastere/ros_hw1/ros2_hw1/install/floor_nav/lib/floor_nav/libfloornav_TaskWaitForFace.so
[12.851s] -- Up-to-date: /home/GTL/pcastere/ros_hw1/ros2_hw1/install/floor_nav/lib/floor_nav/libfloornav_TaskStareAtFace.so
[12.852s] -- Installing: /home/GTL/pcastere/ros_hw1/ros2_hw1/install/floor_nav/lib/floor_nav/libfloornav_TaskGoToPose.so
[12.890s] -- Set runtime path of "/home/GTL/pcastere/ros_hw1/ros2_hw1/install/floor_nav/lib/floor_nav/libfloornav_TaskGoToPose.so" to ""
[12.890s] -- Up-to-date: /home/GTL/pcastere/ros_hw1/ros2_hw1/install/floor_nav/share/floor_nav
[12.891s] -- Up-to-date: /home/GTL/pcastere/ros_hw1/ros2_hw1/install/floor_nav/share/floor_nav/launch_server_tb.launch.py
[12.891s] -- Up-to-date: /home/GTL/pcastere/ros_hw1/ros2_hw1/install/floor_nav/share/floor_nav/launch_rover.launch.py
[12.892s] -- Up-to-date: /home/GTL/pcastere/ros_hw1/ros2_hw1/install/floor_nav/share/floor_nav/launch_server_tb.launch
[12.892s] -- Up-to-date: /home/GTL/pcastere/ros_hw1/ros2_hw1/install/floor_nav/share/floor_nav/__pycache__
[12.893s] -- Up-to-date: /home/GTL/pcastere/ros_hw1/ros2_hw1/install/floor_nav/share/floor_nav/__pycache__/launch_rover.launch.cpython-310.pyc
[12.893s] -- Up-to-date: /home/GTL/pcastere/ros_hw1/ros2_hw1/install/floor_nav/share/floor_nav/__pycache__/launch_server_tb.launch.cpython-310.pyc
[12.893s] -- Up-to-date: /home/GTL/pcastere/ros_hw1/ros2_hw1/install/floor_nav/share/floor_nav/launch_server.launch
[12.894s] -- Up-to-date: /home/GTL/pcastere/ros_hw1/ros2_hw1/install/floor_nav/lib/floor_nav/graph_forever.py
[12.894s] -- Up-to-date: /home/GTL/pcastere/ros_hw1/ros2_hw1/install/floor_nav/lib/floor_nav/test_goto.py
[12.894s] -- Up-to-date: /home/GTL/pcastere/ros_hw1/ros2_hw1/install/floor_nav/lib/floor_nav/test_graph_2d.py
[12.895s] -- Up-to-date: /home/GTL/pcastere/ros_hw1/ros2_hw1/install/floor_nav/lib/floor_nav/test_graph.py
[12.895s] -- Up-to-date: /home/GTL/pcastere/ros_hw1/ros2_hw1/install/floor_nav/lib/floor_nav/test_graph-test.py
[12.895s] -- Up-to-date: /home/GTL/pcastere/ros_hw1/ros2_hw1/install/floor_nav/lib/floor_nav/test_planto.py
[12.896s] -- Up-to-date: /home/GTL/pcastere/ros_hw1/ros2_hw1/install/floor_nav/lib/floor_nav/test_set_heading.py
[12.896s] -- Up-to-date: /home/GTL/pcastere/ros_hw1/ros2_hw1/install/floor_nav/lib/floor_nav/test_wander.py
[12.896s] -- Up-to-date: /home/GTL/pcastere/ros_hw1/ros2_hw1/install/floor_nav/share/ament_index/resource_index/package_run_dependencies/floor_nav
[12.897s] -- Up-to-date: /home/GTL/pcastere/ros_hw1/ros2_hw1/install/floor_nav/share/ament_index/resource_index/parent_prefix_path/floor_nav
[12.897s] -- Up-to-date: /home/GTL/pcastere/ros_hw1/ros2_hw1/install/floor_nav/share/floor_nav/environment/ament_prefix_path.sh
[12.898s] -- Up-to-date: /home/GTL/pcastere/ros_hw1/ros2_hw1/install/floor_nav/share/floor_nav/environment/ament_prefix_path.dsv
[12.898s] -- Up-to-date: /home/GTL/pcastere/ros_hw1/ros2_hw1/install/floor_nav/share/floor_nav/environment/path.sh
[12.898s] -- Up-to-date: /home/GTL/pcastere/ros_hw1/ros2_hw1/install/floor_nav/share/floor_nav/environment/path.dsv
[12.899s] -- Up-to-date: /home/GTL/pcastere/ros_hw1/ros2_hw1/install/floor_nav/share/floor_nav/local_setup.bash
[12.899s] -- Up-to-date: /home/GTL/pcastere/ros_hw1/ros2_hw1/install/floor_nav/share/floor_nav/local_setup.sh
[12.899s] -- Up-to-date: /home/GTL/pcastere/ros_hw1/ros2_hw1/install/floor_nav/share/floor_nav/local_setup.zsh
[12.899s] -- Up-to-date: /home/GTL/pcastere/ros_hw1/ros2_hw1/install/floor_nav/share/floor_nav/local_setup.dsv
[12.900s] -- Installing: /home/GTL/pcastere/ros_hw1/ros2_hw1/install/floor_nav/share/floor_nav/package.dsv
[12.904s] -- Up-to-date: /home/GTL/pcastere/ros_hw1/ros2_hw1/install/floor_nav/share/ament_index/resource_index/packages/floor_nav
[12.905s] -- Up-to-date: /home/GTL/pcastere/ros_hw1/ros2_hw1/install/floor_nav/share/floor_nav/cmake/floor_navConfig.cmake
[12.905s] -- Up-to-date: /home/GTL/pcastere/ros_hw1/ros2_hw1/install/floor_nav/share/floor_nav/cmake/floor_navConfig-version.cmake
[12.905s] -- Up-to-date: /home/GTL/pcastere/ros_hw1/ros2_hw1/install/floor_nav/share/floor_nav/package.xml
[12.908s] Invoked command in '/home/GTL/pcastere/ros_hw1/ros2_hw1/build/floor_nav' returned '0': CMAKE_PREFIX_PATH=/home/GTL/pcastere/ros_hw1/ros2_hw1/install/task_manager_nav2:/home/GTL/pcastere/ros_hw1/ros2_hw1/install/task_manager_lib:/home/GTL/pcastere/ros_hw1/ros2_hw1/install/task_manager_msgs:/home/GTL/pcastere/ros_hw1/ros2_hw1/install/face_msg:/home/GTL/pcastere/ros_hw1/ros2_hw1/install/cs7630_msgs:/home/GTL/pcastere/ros_hw1/ros2_hw1/install/vrep4_helpers:/home/GTL/pcastere/ros_hw1/ros2_hw1/install/task_manager_sync:/home/GTL/pcastere/ros_hw1/ros2_hw1/install/floor_nav:/home/GTL/pcastere/ros_hw1/ros2_hw1/install/joy_pack:/home/GTL/pcastere/ros_hw1/ros2_hw1/install/collision_avoidance_base:/home/GTL/pcastere/ros_hw1/ros2_hw1/install/vrep_ros_teleop:/home/GTL/pcastere/ros_hw1/ros2_hw1/install/task_manager_client_py:/home/GTL/pcastere/ros_hw1/ros2_hw1/install/rover_driver_base:/home/GTL/pcastere/ros_hw1/ros2_hw1/install/keyboard_teleop:/home/GTL/pcastere/ros_hw1/ros2_hw1/install/face_detect_base:/home/GTL/pcastere/ros_hw1/ros2_hw1/install/button_server:/opt/ros/humble LD_LIBRARY_PATH=/home/GTL/pcastere/ros_hw1/ros2_hw1/install/task_manager_lib/lib:/home/GTL/pcastere/ros_hw1/ros2_hw1/install/task_manager_msgs/lib:/home/GTL/pcastere/ros_hw1/ros2_hw1/install/face_msg/lib:/home/GTL/pcastere/ros_hw1/ros2_hw1/install/cs7630_msgs/lib:/home/GTL/pcastere/ros_hw1/ros2_hw1/install/task_manager_sync/lib:/usr/lib/x86_64-linux-gnu/gazebo-11/plugins:/opt/ros/humble/opt/rviz_ogre_vendor/lib:/opt/ros/humble/lib/x86_64-linux-gnu:/opt/ros/humble/lib /usr/bin/cmake --install /home/GTL/pcastere/ros_hw1/ros2_hw1/build/floor_nav
