[0.109s] Invoking command in '/home/GTL/apaul/ros2_hw1/build/task_manager_msgs': CMAKE_PREFIX_PATH=/opt/ros/humble /usr/bin/cmake --build /home/GTL/apaul/ros2_hw1/build/task_manager_msgs -- -j16 -l16
[0.981s] [  0%] Built target task_manager_msgs__cpp
[0.981s] [ 14%] Built target task_manager_msgs__rosidl_generator_c
[0.981s] [ 39%] Built target task_manager_msgs__rosidl_typesupport_cpp
[0.981s] [ 48%] Built target task_manager_msgs__rosidl_typesupport_introspection_cpp
[0.981s] [ 48%] Built target task_manager_msgs__rosidl_typesupport_fastrtps_cpp
[0.981s] [ 80%] Built target task_manager_msgs__rosidl_typesupport_c
[0.981s] [ 80%] Built target task_manager_msgs__rosidl_typesupport_introspection_c
[0.981s] [ 82%] Built target task_manager_msgs__rosidl_typesupport_fastrtps_c
[0.981s] [ 82%] Built target task_manager_msgs
[0.981s] [ 82%] Built target ament_cmake_python_copy_task_manager_msgs
[0.981s] [ 83%] Built target task_manager_msgs__py
[0.981s] [ 85%] Built target task_manager_msgs_encapsulate
[0.981s] [ 95%] Built target task_manager_msgs__rosidl_generator_py
[0.981s] [ 98%] Built target task_manager_msgs__rosidl_typesupport_fastrtps_c__pyext
[0.981s] [100%] Built target task_manager_msgs__rosidl_typesupport_c__pyext
[0.981s] [100%] Built target task_manager_msgs__rosidl_typesupport_introspection_c__pyext
[0.981s] running egg_info
[0.981s] writing task_manager_msgs.egg-info/PKG-INFO
[0.981s] writing dependency_links to task_manager_msgs.egg-info/dependency_links.txt
[0.982s] writing top-level names to task_manager_msgs.egg-info/top_level.txt
[0.982s] reading manifest file 'task_manager_msgs.egg-info/SOURCES.txt'
[0.982s] writing manifest file 'task_manager_msgs.egg-info/SOURCES.txt'
[0.982s] [100%] Built target ament_cmake_python_build_task_manager_msgs_egg
[1.177s] Invoked command in '/home/GTL/apaul/ros2_hw1/build/task_manager_msgs' returned '0': CMAKE_PREFIX_PATH=/opt/ros/humble /usr/bin/cmake --build /home/GTL/apaul/ros2_hw1/build/task_manager_msgs -- -j16 -l16
[1.377s] Invoking command in '/home/GTL/apaul/ros2_hw1/build/task_manager_msgs': CMAKE_PREFIX_PATH=/opt/ros/humble /usr/bin/cmake --install /home/GTL/apaul/ros2_hw1/build/task_manager_msgs
[1.488s] -- Install configuration: ""
[1.489s] -- Up-to-date: /home/GTL/apaul/ros2_hw1/install/task_manager_msgs/share/ament_index/resource_index/rosidl_interfaces/task_manager_msgs
[1.489s] -- Up-to-date: /home/GTL/apaul/ros2_hw1/install/task_manager_msgs/include/task_manager_msgs/task_manager_msgs
[1.489s] -- Up-to-date: /home/GTL/apaul/ros2_hw1/install/task_manager_msgs/include/task_manager_msgs/task_manager_msgs/msg
[1.489s] -- Up-to-date: /home/GTL/apaul/ros2_hw1/install/task_manager_msgs/include/task_manager_msgs/task_manager_msgs/msg/task_status.h
[1.489s] -- Up-to-date: /home/GTL/apaul/ros2_hw1/install/task_manager_msgs/include/task_manager_msgs/task_manager_msgs/msg/sync_status.h
[1.489s] -- Up-to-date: /home/GTL/apaul/ros2_hw1/install/task_manager_msgs/include/task_manager_msgs/task_manager_msgs/msg/detail
[1.489s] -- Up-to-date: /home/GTL/apaul/ros2_hw1/install/task_manager_msgs/include/task_manager_msgs/task_manager_msgs/msg/detail/task_parameter__functions.c
[1.489s] -- Up-to-date: /home/GTL/apaul/ros2_hw1/install/task_manager_msgs/include/task_manager_msgs/task_manager_msgs/msg/detail/task_description__struct.h
[1.489s] -- Up-to-date: /home/GTL/apaul/ros2_hw1/install/task_manager_msgs/include/task_manager_msgs/task_manager_msgs/msg/detail/task_description__type_support.h
[1.489s] -- Up-to-date: /home/GTL/apaul/ros2_hw1/install/task_manager_msgs/include/task_manager_msgs/task_manager_msgs/msg/detail/task_parameter__functions.h
[1.489s] -- Up-to-date: /home/GTL/apaul/ros2_hw1/install/task_manager_msgs/include/task_manager_msgs/task_manager_msgs/msg/detail/task_parameter__type_support.h
[1.489s] -- Up-to-date: /home/GTL/apaul/ros2_hw1/install/task_manager_msgs/include/task_manager_msgs/task_manager_msgs/msg/detail/sync_status__type_support.h
[1.489s] -- Up-to-date: /home/GTL/apaul/ros2_hw1/install/task_manager_msgs/include/task_manager_msgs/task_manager_msgs/msg/detail/task_config__struct.h
[1.489s] -- Up-to-date: /home/GTL/apaul/ros2_hw1/install/task_manager_msgs/include/task_manager_msgs/task_manager_msgs/msg/detail/encapsulated_message__functions.c
[1.489s] -- Up-to-date: /home/GTL/apaul/ros2_hw1/install/task_manager_msgs/include/task_manager_msgs/task_manager_msgs/msg/detail/task_description__functions.c
[1.489s] -- Up-to-date: /home/GTL/apaul/ros2_hw1/install/task_manager_msgs/include/task_manager_msgs/task_manager_msgs/msg/detail/task_config__type_support.h
[1.489s] -- Up-to-date: /home/GTL/apaul/ros2_hw1/install/task_manager_msgs/include/task_manager_msgs/task_manager_msgs/msg/detail/task_status__functions.c
[1.489s] -- Up-to-date: /home/GTL/apaul/ros2_hw1/install/task_manager_msgs/include/task_manager_msgs/task_manager_msgs/msg/detail/encapsulated_message__functions.h
[1.490s] -- Up-to-date: /home/GTL/apaul/ros2_hw1/install/task_manager_msgs/include/task_manager_msgs/task_manager_msgs/msg/detail/task_status__struct.h
[1.491s] -- Up-to-date: /home/GTL/apaul/ros2_hw1/install/task_manager_msgs/include/task_manager_msgs/task_manager_msgs/msg/detail/task_config__functions.h
[1.491s] -- Up-to-date: /home/GTL/apaul/ros2_hw1/install/task_manager_msgs/include/task_manager_msgs/task_manager_msgs/msg/detail/encapsulated_message__type_support.h
[1.491s] -- Up-to-date: /home/GTL/apaul/ros2_hw1/install/task_manager_msgs/include/task_manager_msgs/task_manager_msgs/msg/detail/sync_status__struct.h
[1.491s] -- Up-to-date: /home/GTL/apaul/ros2_hw1/install/task_manager_msgs/include/task_manager_msgs/task_manager_msgs/msg/detail/task_parameter__struct.h
[1.491s] -- Up-to-date: /home/GTL/apaul/ros2_hw1/install/task_manager_msgs/include/task_manager_msgs/task_manager_msgs/msg/detail/task_config__functions.c
[1.491s] -- Up-to-date: /home/GTL/apaul/ros2_hw1/install/task_manager_msgs/include/task_manager_msgs/task_manager_msgs/msg/detail/sync_status__functions.c
[1.491s] -- Up-to-date: /home/GTL/apaul/ros2_hw1/install/task_manager_msgs/include/task_manager_msgs/task_manager_msgs/msg/detail/task_status__type_support.h
[1.491s] -- Up-to-date: /home/GTL/apaul/ros2_hw1/install/task_manager_msgs/include/task_manager_msgs/task_manager_msgs/msg/detail/task_description__functions.h
[1.491s] -- Up-to-date: /home/GTL/apaul/ros2_hw1/install/task_manager_msgs/include/task_manager_msgs/task_manager_msgs/msg/detail/sync_status__functions.h
[1.491s] -- Up-to-date: /home/GTL/apaul/ros2_hw1/install/task_manager_msgs/include/task_manager_msgs/task_manager_msgs/msg/detail/encapsulated_message__struct.h
[1.491s] -- Up-to-date: /home/GTL/apaul/ros2_hw1/install/task_manager_msgs/include/task_manager_msgs/task_manager_msgs/msg/detail/task_status__functions.h
[1.491s] -- Up-to-date: /home/GTL/apaul/ros2_hw1/install/task_manager_msgs/include/task_manager_msgs/task_manager_msgs/msg/rosidl_generator_c__visibility_control.h
[1.491s] -- Up-to-date: /home/GTL/apaul/ros2_hw1/install/task_manager_msgs/include/task_manager_msgs/task_manager_msgs/msg/encapsulated_message.h
[1.491s] -- Up-to-date: /home/GTL/apaul/ros2_hw1/install/task_manager_msgs/include/task_manager_msgs/task_manager_msgs/msg/task_parameter.h
[1.491s] -- Up-to-date: /home/GTL/apaul/ros2_hw1/install/task_manager_msgs/include/task_manager_msgs/task_manager_msgs/msg/task_description.h
[1.491s] -- Up-to-date: /home/GTL/apaul/ros2_hw1/install/task_manager_msgs/include/task_manager_msgs/task_manager_msgs/msg/task_config.h
[1.491s] -- Up-to-date: /home/GTL/apaul/ros2_hw1/install/task_manager_msgs/include/task_manager_msgs/task_manager_msgs/srv
[1.491s] -- Up-to-date: /home/GTL/apaul/ros2_hw1/install/task_manager_msgs/include/task_manager_msgs/task_manager_msgs/srv/stop_task.h
[1.491s] -- Up-to-date: /home/GTL/apaul/ros2_hw1/install/task_manager_msgs/include/task_manager_msgs/task_manager_msgs/srv/detail
[1.491s] -- Up-to-date: /home/GTL/apaul/ros2_hw1/install/task_manager_msgs/include/task_manager_msgs/task_manager_msgs/srv/detail/stop_task__functions.c
[1.492s] -- Up-to-date: /home/GTL/apaul/ros2_hw1/install/task_manager_msgs/include/task_manager_msgs/task_manager_msgs/srv/detail/get_task_list__struct.h
[1.492s] -- Up-to-date: /home/GTL/apaul/ros2_hw1/install/task_manager_msgs/include/task_manager_msgs/task_manager_msgs/srv/detail/get_all_task_status__functions.h
[1.492s] -- Up-to-date: /home/GTL/apaul/ros2_hw1/install/task_manager_msgs/include/task_manager_msgs/task_manager_msgs/srv/detail/stop_task__struct.h
[1.492s] -- Up-to-date: /home/GTL/apaul/ros2_hw1/install/task_manager_msgs/include/task_manager_msgs/task_manager_msgs/srv/detail/start_task__functions.c
[1.492s] -- Up-to-date: /home/GTL/apaul/ros2_hw1/install/task_manager_msgs/include/task_manager_msgs/task_manager_msgs/srv/detail/get_all_task_status__type_support.h
[1.492s] -- Up-to-date: /home/GTL/apaul/ros2_hw1/install/task_manager_msgs/include/task_manager_msgs/task_manager_msgs/srv/detail/get_all_task_status__functions.c
[1.492s] -- Up-to-date: /home/GTL/apaul/ros2_hw1/install/task_manager_msgs/include/task_manager_msgs/task_manager_msgs/srv/detail/get_task_list__functions.c
[1.492s] -- Up-to-date: /home/GTL/apaul/ros2_hw1/install/task_manager_msgs/include/task_manager_msgs/task_manager_msgs/srv/detail/get_task_list__functions.h
[1.492s] -- Up-to-date: /home/GTL/apaul/ros2_hw1/install/task_manager_msgs/include/task_manager_msgs/task_manager_msgs/srv/detail/start_task__struct.h
[1.492s] -- Up-to-date: /home/GTL/apaul/ros2_hw1/install/task_manager_msgs/include/task_manager_msgs/task_manager_msgs/srv/detail/stop_task__functions.h
[1.492s] -- Up-to-date: /home/GTL/apaul/ros2_hw1/install/task_manager_msgs/include/task_manager_msgs/task_manager_msgs/srv/detail/get_task_list__type_support.h
[1.492s] -- Up-to-date: /home/GTL/apaul/ros2_hw1/install/task_manager_msgs/include/task_manager_msgs/task_manager_msgs/srv/detail/get_all_task_status__struct.h
[1.492s] -- Up-to-date: /home/GTL/apaul/ros2_hw1/install/task_manager_msgs/include/task_manager_msgs/task_manager_msgs/srv/detail/stop_task__type_support.h
[1.492s] -- Up-to-date: /home/GTL/apaul/ros2_hw1/install/task_manager_msgs/include/task_manager_msgs/task_manager_msgs/srv/detail/start_task__type_support.h
[1.492s] -- Up-to-date: /home/GTL/apaul/ros2_hw1/install/task_manager_msgs/include/task_manager_msgs/task_manager_msgs/srv/detail/start_task__functions.h
[1.492s] -- Up-to-date: /home/GTL/apaul/ros2_hw1/install/task_manager_msgs/include/task_manager_msgs/task_manager_msgs/srv/get_task_list.h
[1.492s] -- Up-to-date: /home/GTL/apaul/ros2_hw1/install/task_manager_msgs/include/task_manager_msgs/task_manager_msgs/srv/start_task.h
[1.492s] -- Up-to-date: /home/GTL/apaul/ros2_hw1/install/task_manager_msgs/include/task_manager_msgs/task_manager_msgs/srv/get_all_task_status.h
[1.492s] -- Up-to-date: /home/GTL/apaul/ros2_hw1/install/task_manager_msgs/share/task_manager_msgs/environment/library_path.sh
[1.492s] -- Up-to-date: /home/GTL/apaul/ros2_hw1/install/task_manager_msgs/share/task_manager_msgs/environment/library_path.dsv
[1.492s] -- Up-to-date: /home/GTL/apaul/ros2_hw1/install/task_manager_msgs/lib/libtask_manager_msgs__rosidl_generator_c.so
[1.492s] -- Up-to-date: /home/GTL/apaul/ros2_hw1/install/task_manager_msgs/include/task_manager_msgs/task_manager_msgs
[1.492s] -- Up-to-date: /home/GTL/apaul/ros2_hw1/install/task_manager_msgs/include/task_manager_msgs/task_manager_msgs/msg
[1.493s] -- Up-to-date: /home/GTL/apaul/ros2_hw1/install/task_manager_msgs/include/task_manager_msgs/task_manager_msgs/msg/detail
[1.493s] -- Up-to-date: /home/GTL/apaul/ros2_hw1/install/task_manager_msgs/include/task_manager_msgs/task_manager_msgs/msg/detail/task_config__rosidl_typesupport_fastrtps_c.h
[1.493s] -- Up-to-date: /home/GTL/apaul/ros2_hw1/install/task_manager_msgs/include/task_manager_msgs/task_manager_msgs/msg/detail/sync_status__rosidl_typesupport_fastrtps_c.h
[1.493s] -- Up-to-date: /home/GTL/apaul/ros2_hw1/install/task_manager_msgs/include/task_manager_msgs/task_manager_msgs/msg/detail/task_description__rosidl_typesupport_fastrtps_c.h
[1.493s] -- Up-to-date: /home/GTL/apaul/ros2_hw1/install/task_manager_msgs/include/task_manager_msgs/task_manager_msgs/msg/detail/task_status__rosidl_typesupport_fastrtps_c.h
[1.493s] -- Up-to-date: /home/GTL/apaul/ros2_hw1/install/task_manager_msgs/include/task_manager_msgs/task_manager_msgs/msg/detail/encapsulated_message__rosidl_typesupport_fastrtps_c.h
[1.493s] -- Up-to-date: /home/GTL/apaul/ros2_hw1/install/task_manager_msgs/include/task_manager_msgs/task_manager_msgs/msg/detail/task_parameter__rosidl_typesupport_fastrtps_c.h
[1.493s] -- Up-to-date: /home/GTL/apaul/ros2_hw1/install/task_manager_msgs/include/task_manager_msgs/task_manager_msgs/msg/rosidl_typesupport_fastrtps_c__visibility_control.h
[1.493s] -- Up-to-date: /home/GTL/apaul/ros2_hw1/install/task_manager_msgs/include/task_manager_msgs/task_manager_msgs/srv
[1.493s] -- Up-to-date: /home/GTL/apaul/ros2_hw1/install/task_manager_msgs/include/task_manager_msgs/task_manager_msgs/srv/detail
[1.493s] -- Up-to-date: /home/GTL/apaul/ros2_hw1/install/task_manager_msgs/include/task_manager_msgs/task_manager_msgs/srv/detail/get_all_task_status__rosidl_typesupport_fastrtps_c.h
[1.493s] -- Up-to-date: /home/GTL/apaul/ros2_hw1/install/task_manager_msgs/include/task_manager_msgs/task_manager_msgs/srv/detail/start_task__rosidl_typesupport_fastrtps_c.h
[1.493s] -- Up-to-date: /home/GTL/apaul/ros2_hw1/install/task_manager_msgs/include/task_manager_msgs/task_manager_msgs/srv/detail/get_task_list__rosidl_typesupport_fastrtps_c.h
[1.493s] -- Up-to-date: /home/GTL/apaul/ros2_hw1/install/task_manager_msgs/include/task_manager_msgs/task_manager_msgs/srv/detail/stop_task__rosidl_typesupport_fastrtps_c.h
[1.493s] -- Up-to-date: /home/GTL/apaul/ros2_hw1/install/task_manager_msgs/lib/libtask_manager_msgs__rosidl_typesupport_fastrtps_c.so
[1.493s] -- Up-to-date: /home/GTL/apaul/ros2_hw1/install/task_manager_msgs/include/task_manager_msgs/task_manager_msgs
[1.493s] -- Up-to-date: /home/GTL/apaul/ros2_hw1/install/task_manager_msgs/include/task_manager_msgs/task_manager_msgs/msg
[1.493s] -- Up-to-date: /home/GTL/apaul/ros2_hw1/install/task_manager_msgs/include/task_manager_msgs/task_manager_msgs/msg/sync_status.hpp
[1.493s] -- Up-to-date: /home/GTL/apaul/ros2_hw1/install/task_manager_msgs/include/task_manager_msgs/task_manager_msgs/msg/encapsulated_message.hpp
[1.493s] -- Up-to-date: /home/GTL/apaul/ros2_hw1/install/task_manager_msgs/include/task_manager_msgs/task_manager_msgs/msg/detail
[1.493s] -- Up-to-date: /home/GTL/apaul/ros2_hw1/install/task_manager_msgs/include/task_manager_msgs/task_manager_msgs/msg/detail/encapsulated_message__struct.hpp
[1.493s] -- Up-to-date: /home/GTL/apaul/ros2_hw1/install/task_manager_msgs/include/task_manager_msgs/task_manager_msgs/msg/detail/task_config__traits.hpp
[1.493s] -- Up-to-date: /home/GTL/apaul/ros2_hw1/install/task_manager_msgs/include/task_manager_msgs/task_manager_msgs/msg/detail/sync_status__builder.hpp
[1.493s] -- Up-to-date: /home/GTL/apaul/ros2_hw1/install/task_manager_msgs/include/task_manager_msgs/task_manager_msgs/msg/detail/sync_status__traits.hpp
[1.493s] -- Up-to-date: /home/GTL/apaul/ros2_hw1/install/task_manager_msgs/include/task_manager_msgs/task_manager_msgs/msg/detail/task_config__builder.hpp
[1.493s] -- Up-to-date: /home/GTL/apaul/ros2_hw1/install/task_manager_msgs/include/task_manager_msgs/task_manager_msgs/msg/detail/task_status__builder.hpp
[1.494s] -- Up-to-date: /home/GTL/apaul/ros2_hw1/install/task_manager_msgs/include/task_manager_msgs/task_manager_msgs/msg/detail/task_description__struct.hpp
[1.494s] -- Up-to-date: /home/GTL/apaul/ros2_hw1/install/task_manager_msgs/include/task_manager_msgs/task_manager_msgs/msg/detail/encapsulated_message__traits.hpp
[1.494s] -- Up-to-date: /home/GTL/apaul/ros2_hw1/install/task_manager_msgs/include/task_manager_msgs/task_manager_msgs/msg/detail/encapsulated_message__builder.hpp
[1.494s] -- Up-to-date: /home/GTL/apaul/ros2_hw1/install/task_manager_msgs/include/task_manager_msgs/task_manager_msgs/msg/detail/task_config__struct.hpp
[1.494s] -- Up-to-date: /home/GTL/apaul/ros2_hw1/install/task_manager_msgs/include/task_manager_msgs/task_manager_msgs/msg/detail/sync_status__struct.hpp
[1.494s] -- Up-to-date: /home/GTL/apaul/ros2_hw1/install/task_manager_msgs/include/task_manager_msgs/task_manager_msgs/msg/detail/task_status__struct.hpp
[1.494s] -- Up-to-date: /home/GTL/apaul/ros2_hw1/install/task_manager_msgs/include/task_manager_msgs/task_manager_msgs/msg/detail/task_status__traits.hpp
[1.494s] -- Up-to-date: /home/GTL/apaul/ros2_hw1/install/task_manager_msgs/include/task_manager_msgs/task_manager_msgs/msg/detail/task_description__traits.hpp
[1.494s] -- Up-to-date: /home/GTL/apaul/ros2_hw1/install/task_manager_msgs/include/task_manager_msgs/task_manager_msgs/msg/detail/task_description__builder.hpp
[1.494s] -- Up-to-date: /home/GTL/apaul/ros2_hw1/install/task_manager_msgs/include/task_manager_msgs/task_manager_msgs/msg/detail/task_parameter__traits.hpp
[1.494s] -- Up-to-date: /home/GTL/apaul/ros2_hw1/install/task_manager_msgs/include/task_manager_msgs/task_manager_msgs/msg/detail/task_parameter__builder.hpp
[1.494s] -- Up-to-date: /home/GTL/apaul/ros2_hw1/install/task_manager_msgs/include/task_manager_msgs/task_manager_msgs/msg/detail/task_parameter__struct.hpp
[1.494s] -- Up-to-date: /home/GTL/apaul/ros2_hw1/install/task_manager_msgs/include/task_manager_msgs/task_manager_msgs/msg/task_config.hpp
[1.494s] -- Up-to-date: /home/GTL/apaul/ros2_hw1/install/task_manager_msgs/include/task_manager_msgs/task_manager_msgs/msg/task_parameter.hpp
[1.494s] -- Up-to-date: /home/GTL/apaul/ros2_hw1/install/task_manager_msgs/include/task_manager_msgs/task_manager_msgs/msg/task_status.hpp
[1.494s] -- Up-to-date: /home/GTL/apaul/ros2_hw1/install/task_manager_msgs/include/task_manager_msgs/task_manager_msgs/msg/task_description.hpp
[1.494s] -- Up-to-date: /home/GTL/apaul/ros2_hw1/install/task_manager_msgs/include/task_manager_msgs/task_manager_msgs/srv
[1.494s] -- Up-to-date: /home/GTL/apaul/ros2_hw1/install/task_manager_msgs/include/task_manager_msgs/task_manager_msgs/srv/get_task_list.hpp
[1.494s] -- Up-to-date: /home/GTL/apaul/ros2_hw1/install/task_manager_msgs/include/task_manager_msgs/task_manager_msgs/srv/stop_task.hpp
[1.494s] -- Up-to-date: /home/GTL/apaul/ros2_hw1/install/task_manager_msgs/include/task_manager_msgs/task_manager_msgs/srv/detail
[1.494s] -- Up-to-date: /home/GTL/apaul/ros2_hw1/install/task_manager_msgs/include/task_manager_msgs/task_manager_msgs/srv/detail/stop_task__traits.hpp
[1.494s] -- Up-to-date: /home/GTL/apaul/ros2_hw1/install/task_manager_msgs/include/task_manager_msgs/task_manager_msgs/srv/detail/get_all_task_status__struct.hpp
[1.495s] -- Up-to-date: /home/GTL/apaul/ros2_hw1/install/task_manager_msgs/include/task_manager_msgs/task_manager_msgs/srv/detail/start_task__builder.hpp
[1.495s] -- Up-to-date: /home/GTL/apaul/ros2_hw1/install/task_manager_msgs/include/task_manager_msgs/task_manager_msgs/srv/detail/get_task_list__struct.hpp
[1.495s] -- Up-to-date: /home/GTL/apaul/ros2_hw1/install/task_manager_msgs/include/task_manager_msgs/task_manager_msgs/srv/detail/get_all_task_status__builder.hpp
[1.495s] -- Up-to-date: /home/GTL/apaul/ros2_hw1/install/task_manager_msgs/include/task_manager_msgs/task_manager_msgs/srv/detail/stop_task__struct.hpp
[1.495s] -- Up-to-date: /home/GTL/apaul/ros2_hw1/install/task_manager_msgs/include/task_manager_msgs/task_manager_msgs/srv/detail/start_task__traits.hpp
[1.495s] -- Up-to-date: /home/GTL/apaul/ros2_hw1/install/task_manager_msgs/include/task_manager_msgs/task_manager_msgs/srv/detail/stop_task__builder.hpp
[1.495s] -- Up-to-date: /home/GTL/apaul/ros2_hw1/install/task_manager_msgs/include/task_manager_msgs/task_manager_msgs/srv/detail/start_task__struct.hpp
[1.495s] -- Up-to-date: /home/GTL/apaul/ros2_hw1/install/task_manager_msgs/include/task_manager_msgs/task_manager_msgs/srv/detail/get_task_list__traits.hpp
[1.495s] -- Up-to-date: /home/GTL/apaul/ros2_hw1/install/task_manager_msgs/include/task_manager_msgs/task_manager_msgs/srv/detail/get_all_task_status__traits.hpp
[1.495s] -- Up-to-date: /home/GTL/apaul/ros2_hw1/install/task_manager_msgs/include/task_manager_msgs/task_manager_msgs/srv/detail/get_task_list__builder.hpp
[1.495s] -- Up-to-date: /home/GTL/apaul/ros2_hw1/install/task_manager_msgs/include/task_manager_msgs/task_manager_msgs/srv/start_task.hpp
[1.495s] -- Up-to-date: /home/GTL/apaul/ros2_hw1/install/task_manager_msgs/include/task_manager_msgs/task_manager_msgs/srv/get_all_task_status.hpp
[1.495s] -- Up-to-date: /home/GTL/apaul/ros2_hw1/install/task_manager_msgs/include/task_manager_msgs/task_manager_msgs
[1.495s] -- Up-to-date: /home/GTL/apaul/ros2_hw1/install/task_manager_msgs/include/task_manager_msgs/task_manager_msgs/msg
[1.495s] -- Up-to-date: /home/GTL/apaul/ros2_hw1/install/task_manager_msgs/include/task_manager_msgs/task_manager_msgs/msg/detail
[1.495s] -- Up-to-date: /home/GTL/apaul/ros2_hw1/install/task_manager_msgs/include/task_manager_msgs/task_manager_msgs/msg/detail/task_config__rosidl_typesupport_fastrtps_cpp.hpp
[1.495s] -- Up-to-date: /home/GTL/apaul/ros2_hw1/install/task_manager_msgs/include/task_manager_msgs/task_manager_msgs/msg/detail/dds_fastrtps
[1.496s] -- Up-to-date: /home/GTL/apaul/ros2_hw1/install/task_manager_msgs/include/task_manager_msgs/task_manager_msgs/msg/detail/encapsulated_message__rosidl_typesupport_fastrtps_cpp.hpp
[1.496s] -- Up-to-date: /home/GTL/apaul/ros2_hw1/install/task_manager_msgs/include/task_manager_msgs/task_manager_msgs/msg/detail/task_description__rosidl_typesupport_fastrtps_cpp.hpp
[1.496s] -- Up-to-date: /home/GTL/apaul/ros2_hw1/install/task_manager_msgs/include/task_manager_msgs/task_manager_msgs/msg/detail/task_status__rosidl_typesupport_fastrtps_cpp.hpp
[1.497s] -- Up-to-date: /home/GTL/apaul/ros2_hw1/install/task_manager_msgs/include/task_manager_msgs/task_manager_msgs/msg/detail/sync_status__rosidl_typesupport_fastrtps_cpp.hpp
[1.497s] -- Up-to-date: /home/GTL/apaul/ros2_hw1/install/task_manager_msgs/include/task_manager_msgs/task_manager_msgs/msg/detail/task_parameter__rosidl_typesupport_fastrtps_cpp.hpp
[1.498s] -- Up-to-date: /home/GTL/apaul/ros2_hw1/install/task_manager_msgs/include/task_manager_msgs/task_manager_msgs/msg/rosidl_typesupport_fastrtps_cpp__visibility_control.h
[1.498s] -- Up-to-date: /home/GTL/apaul/ros2_hw1/install/task_manager_msgs/include/task_manager_msgs/task_manager_msgs/srv
[1.499s] -- Up-to-date: /home/GTL/apaul/ros2_hw1/install/task_manager_msgs/include/task_manager_msgs/task_manager_msgs/srv/detail
[1.500s] -- Up-to-date: /home/GTL/apaul/ros2_hw1/install/task_manager_msgs/include/task_manager_msgs/task_manager_msgs/srv/detail/get_task_list__rosidl_typesupport_fastrtps_cpp.hpp
[1.500s] -- Up-to-date: /home/GTL/apaul/ros2_hw1/install/task_manager_msgs/include/task_manager_msgs/task_manager_msgs/srv/detail/start_task__rosidl_typesupport_fastrtps_cpp.hpp
[1.502s] -- Up-to-date: /home/GTL/apaul/ros2_hw1/install/task_manager_msgs/include/task_manager_msgs/task_manager_msgs/srv/detail/get_all_task_status__rosidl_typesupport_fastrtps_cpp.hpp
[1.502s] -- Up-to-date: /home/GTL/apaul/ros2_hw1/install/task_manager_msgs/include/task_manager_msgs/task_manager_msgs/srv/detail/dds_fastrtps
[1.503s] -- Up-to-date: /home/GTL/apaul/ros2_hw1/install/task_manager_msgs/include/task_manager_msgs/task_manager_msgs/srv/detail/stop_task__rosidl_typesupport_fastrtps_cpp.hpp
[1.506s] -- Up-to-date: /home/GTL/apaul/ros2_hw1/install/task_manager_msgs/lib/libtask_manager_msgs__rosidl_typesupport_fastrtps_cpp.so
[1.509s] -- Up-to-date: /home/GTL/apaul/ros2_hw1/install/task_manager_msgs/include/task_manager_msgs/task_manager_msgs
[1.510s] -- Up-to-date: /home/GTL/apaul/ros2_hw1/install/task_manager_msgs/include/task_manager_msgs/task_manager_msgs/msg
[1.510s] -- Up-to-date: /home/GTL/apaul/ros2_hw1/install/task_manager_msgs/include/task_manager_msgs/task_manager_msgs/msg/detail
[1.512s] -- Up-to-date: /home/GTL/apaul/ros2_hw1/install/task_manager_msgs/include/task_manager_msgs/task_manager_msgs/msg/detail/task_parameter__type_support.c
[1.513s] -- Up-to-date: /home/GTL/apaul/ros2_hw1/install/task_manager_msgs/include/task_manager_msgs/task_manager_msgs/msg/detail/task_parameter__rosidl_typesupport_introspection_c.h
[1.513s] -- Up-to-date: /home/GTL/apaul/ros2_hw1/install/task_manager_msgs/include/task_manager_msgs/task_manager_msgs/msg/detail/encapsulated_message__rosidl_typesupport_introspection_c.h
[1.514s] -- Up-to-date: /home/GTL/apaul/ros2_hw1/install/task_manager_msgs/include/task_manager_msgs/task_manager_msgs/msg/detail/sync_status__type_support.c
[1.515s] -- Up-to-date: /home/GTL/apaul/ros2_hw1/install/task_manager_msgs/include/task_manager_msgs/task_manager_msgs/msg/detail/task_description__type_support.c
[1.515s] -- Up-to-date: /home/GTL/apaul/ros2_hw1/install/task_manager_msgs/include/task_manager_msgs/task_manager_msgs/msg/detail/sync_status__rosidl_typesupport_introspection_c.h
[1.516s] -- Up-to-date: /home/GTL/apaul/ros2_hw1/install/task_manager_msgs/include/task_manager_msgs/task_manager_msgs/msg/detail/task_config__type_support.c
[1.516s] -- Up-to-date: /home/GTL/apaul/ros2_hw1/install/task_manager_msgs/include/task_manager_msgs/task_manager_msgs/msg/detail/task_description__rosidl_typesupport_introspection_c.h
[1.517s] -- Up-to-date: /home/GTL/apaul/ros2_hw1/install/task_manager_msgs/include/task_manager_msgs/task_manager_msgs/msg/detail/task_status__rosidl_typesupport_introspection_c.h
[1.518s] -- Up-to-date: /home/GTL/apaul/ros2_hw1/install/task_manager_msgs/include/task_manager_msgs/task_manager_msgs/msg/detail/task_config__rosidl_typesupport_introspection_c.h
[1.518s] -- Up-to-date: /home/GTL/apaul/ros2_hw1/install/task_manager_msgs/include/task_manager_msgs/task_manager_msgs/msg/detail/task_status__type_support.c
[1.519s] -- Up-to-date: /home/GTL/apaul/ros2_hw1/install/task_manager_msgs/include/task_manager_msgs/task_manager_msgs/msg/detail/encapsulated_message__type_support.c
[1.519s] -- Up-to-date: /home/GTL/apaul/ros2_hw1/install/task_manager_msgs/include/task_manager_msgs/task_manager_msgs/msg/rosidl_typesupport_introspection_c__visibility_control.h
[1.523s] -- Up-to-date: /home/GTL/apaul/ros2_hw1/install/task_manager_msgs/include/task_manager_msgs/task_manager_msgs/srv
[1.523s] -- Up-to-date: /home/GTL/apaul/ros2_hw1/install/task_manager_msgs/include/task_manager_msgs/task_manager_msgs/srv/detail
[1.523s] -- Up-to-date: /home/GTL/apaul/ros2_hw1/install/task_manager_msgs/include/task_manager_msgs/task_manager_msgs/srv/detail/start_task__type_support.c
[1.523s] -- Up-to-date: /home/GTL/apaul/ros2_hw1/install/task_manager_msgs/include/task_manager_msgs/task_manager_msgs/srv/detail/get_all_task_status__rosidl_typesupport_introspection_c.h
[1.524s] -- Up-to-date: /home/GTL/apaul/ros2_hw1/install/task_manager_msgs/include/task_manager_msgs/task_manager_msgs/srv/detail/get_all_task_status__type_support.c
[1.524s] -- Up-to-date: /home/GTL/apaul/ros2_hw1/install/task_manager_msgs/include/task_manager_msgs/task_manager_msgs/srv/detail/start_task__rosidl_typesupport_introspection_c.h
[1.525s] -- Up-to-date: /home/GTL/apaul/ros2_hw1/install/task_manager_msgs/include/task_manager_msgs/task_manager_msgs/srv/detail/stop_task__type_support.c
[1.526s] -- Up-to-date: /home/GTL/apaul/ros2_hw1/install/task_manager_msgs/include/task_manager_msgs/task_manager_msgs/srv/detail/get_task_list__rosidl_typesupport_introspection_c.h
[1.527s] -- Up-to-date: /home/GTL/apaul/ros2_hw1/install/task_manager_msgs/include/task_manager_msgs/task_manager_msgs/srv/detail/stop_task__rosidl_typesupport_introspection_c.h
[1.528s] -- Up-to-date: /home/GTL/apaul/ros2_hw1/install/task_manager_msgs/include/task_manager_msgs/task_manager_msgs/srv/detail/get_task_list__type_support.c
[1.531s] -- Up-to-date: /home/GTL/apaul/ros2_hw1/install/task_manager_msgs/lib/libtask_manager_msgs__rosidl_typesupport_introspection_c.so
[1.535s] -- Up-to-date: /home/GTL/apaul/ros2_hw1/install/task_manager_msgs/lib/libtask_manager_msgs__rosidl_typesupport_c.so
[1.540s] -- Up-to-date: /home/GTL/apaul/ros2_hw1/install/task_manager_msgs/include/task_manager_msgs/task_manager_msgs
[1.541s] -- Up-to-date: /home/GTL/apaul/ros2_hw1/install/task_manager_msgs/include/task_manager_msgs/task_manager_msgs/msg
[1.542s] -- Up-to-date: /home/GTL/apaul/ros2_hw1/install/task_manager_msgs/include/task_manager_msgs/task_manager_msgs/msg/detail
[1.543s] -- Up-to-date: /home/GTL/apaul/ros2_hw1/install/task_manager_msgs/include/task_manager_msgs/task_manager_msgs/msg/detail/task_parameter__rosidl_typesupport_introspection_cpp.hpp
[1.545s] -- Up-to-date: /home/GTL/apaul/ros2_hw1/install/task_manager_msgs/include/task_manager_msgs/task_manager_msgs/msg/detail/encapsulated_message__rosidl_typesupport_introspection_cpp.hpp
[1.545s] -- Up-to-date: /home/GTL/apaul/ros2_hw1/install/task_manager_msgs/include/task_manager_msgs/task_manager_msgs/msg/detail/task_status__rosidl_typesupport_introspection_cpp.hpp
[1.545s] -- Up-to-date: /home/GTL/apaul/ros2_hw1/install/task_manager_msgs/include/task_manager_msgs/task_manager_msgs/msg/detail/encapsulated_message__type_support.cpp
[1.546s] -- Up-to-date: /home/GTL/apaul/ros2_hw1/install/task_manager_msgs/include/task_manager_msgs/task_manager_msgs/msg/detail/sync_status__type_support.cpp
[1.547s] -- Up-to-date: /home/GTL/apaul/ros2_hw1/install/task_manager_msgs/include/task_manager_msgs/task_manager_msgs/msg/detail/sync_status__rosidl_typesupport_introspection_cpp.hpp
[1.548s] -- Up-to-date: /home/GTL/apaul/ros2_hw1/install/task_manager_msgs/include/task_manager_msgs/task_manager_msgs/msg/detail/task_description__rosidl_typesupport_introspection_cpp.hpp
[1.548s] -- Up-to-date: /home/GTL/apaul/ros2_hw1/install/task_manager_msgs/include/task_manager_msgs/task_manager_msgs/msg/detail/task_config__type_support.cpp
[1.548s] -- Up-to-date: /home/GTL/apaul/ros2_hw1/install/task_manager_msgs/include/task_manager_msgs/task_manager_msgs/msg/detail/task_description__type_support.cpp
[1.549s] -- Up-to-date: /home/GTL/apaul/ros2_hw1/install/task_manager_msgs/include/task_manager_msgs/task_manager_msgs/msg/detail/task_config__rosidl_typesupport_introspection_cpp.hpp
[1.550s] -- Up-to-date: /home/GTL/apaul/ros2_hw1/install/task_manager_msgs/include/task_manager_msgs/task_manager_msgs/msg/detail/task_status__type_support.cpp
[1.550s] -- Up-to-date: /home/GTL/apaul/ros2_hw1/install/task_manager_msgs/include/task_manager_msgs/task_manager_msgs/msg/detail/task_parameter__type_support.cpp
[1.551s] -- Up-to-date: /home/GTL/apaul/ros2_hw1/install/task_manager_msgs/include/task_manager_msgs/task_manager_msgs/srv
[1.552s] -- Up-to-date: /home/GTL/apaul/ros2_hw1/install/task_manager_msgs/include/task_manager_msgs/task_manager_msgs/srv/detail
[1.553s] -- Up-to-date: /home/GTL/apaul/ros2_hw1/install/task_manager_msgs/include/task_manager_msgs/task_manager_msgs/srv/detail/get_all_task_status__rosidl_typesupport_introspection_cpp.hpp
[1.553s] -- Up-to-date: /home/GTL/apaul/ros2_hw1/install/task_manager_msgs/include/task_manager_msgs/task_manager_msgs/srv/detail/start_task__rosidl_typesupport_introspection_cpp.hpp
[1.554s] -- Up-to-date: /home/GTL/apaul/ros2_hw1/install/task_manager_msgs/include/task_manager_msgs/task_manager_msgs/srv/detail/start_task__type_support.cpp
[1.555s] -- Up-to-date: /home/GTL/apaul/ros2_hw1/install/task_manager_msgs/include/task_manager_msgs/task_manager_msgs/srv/detail/get_all_task_status__type_support.cpp
[1.556s] -- Up-to-date: /home/GTL/apaul/ros2_hw1/install/task_manager_msgs/include/task_manager_msgs/task_manager_msgs/srv/detail/stop_task__rosidl_typesupport_introspection_cpp.hpp
[1.556s] -- Up-to-date: /home/GTL/apaul/ros2_hw1/install/task_manager_msgs/include/task_manager_msgs/task_manager_msgs/srv/detail/stop_task__type_support.cpp
[1.557s] -- Up-to-date: /home/GTL/apaul/ros2_hw1/install/task_manager_msgs/include/task_manager_msgs/task_manager_msgs/srv/detail/get_task_list__type_support.cpp
[1.558s] -- Up-to-date: /home/GTL/apaul/ros2_hw1/install/task_manager_msgs/include/task_manager_msgs/task_manager_msgs/srv/detail/get_task_list__rosidl_typesupport_introspection_cpp.hpp
[1.561s] -- Up-to-date: /home/GTL/apaul/ros2_hw1/install/task_manager_msgs/lib/libtask_manager_msgs__rosidl_typesupport_introspection_cpp.so
[1.571s] -- Up-to-date: /home/GTL/apaul/ros2_hw1/install/task_manager_msgs/lib/libtask_manager_msgs__rosidl_typesupport_cpp.so
[1.571s] -- Up-to-date: /home/GTL/apaul/ros2_hw1/install/task_manager_msgs/share/task_manager_msgs/environment/pythonpath.sh
[1.571s] -- Up-to-date: /home/GTL/apaul/ros2_hw1/install/task_manager_msgs/share/task_manager_msgs/environment/pythonpath.dsv
[1.572s] -- Up-to-date: /home/GTL/apaul/ros2_hw1/install/task_manager_msgs/local/lib/python3.10/dist-packages/task_manager_msgs-0.0.0-py3.10.egg-info
[1.574s] -- Installing: /home/GTL/apaul/ros2_hw1/install/task_manager_msgs/local/lib/python3.10/dist-packages/task_manager_msgs-0.0.0-py3.10.egg-info/dependency_links.txt
[1.580s] -- Installing: /home/GTL/apaul/ros2_hw1/install/task_manager_msgs/local/lib/python3.10/dist-packages/task_manager_msgs-0.0.0-py3.10.egg-info/top_level.txt
[1.585s] -- Installing: /home/GTL/apaul/ros2_hw1/install/task_manager_msgs/local/lib/python3.10/dist-packages/task_manager_msgs-0.0.0-py3.10.egg-info/PKG-INFO
[1.590s] -- Installing: /home/GTL/apaul/ros2_hw1/install/task_manager_msgs/local/lib/python3.10/dist-packages/task_manager_msgs-0.0.0-py3.10.egg-info/SOURCES.txt
[1.596s] -- Up-to-date: /home/GTL/apaul/ros2_hw1/install/task_manager_msgs/local/lib/python3.10/dist-packages/task_manager_msgs
[1.597s] -- Up-to-date: /home/GTL/apaul/ros2_hw1/install/task_manager_msgs/local/lib/python3.10/dist-packages/task_manager_msgs/msg
[1.598s] -- Up-to-date: /home/GTL/apaul/ros2_hw1/install/task_manager_msgs/local/lib/python3.10/dist-packages/task_manager_msgs/msg/_encapsulated_message_s.c
[1.598s] -- Up-to-date: /home/GTL/apaul/ros2_hw1/install/task_manager_msgs/local/lib/python3.10/dist-packages/task_manager_msgs/msg/_task_description_s.c
[1.599s] -- Up-to-date: /home/GTL/apaul/ros2_hw1/install/task_manager_msgs/local/lib/python3.10/dist-packages/task_manager_msgs/msg/_task_parameter.py
[1.600s] -- Up-to-date: /home/GTL/apaul/ros2_hw1/install/task_manager_msgs/local/lib/python3.10/dist-packages/task_manager_msgs/msg/_sync_status_s.c
[1.600s] -- Up-to-date: /home/GTL/apaul/ros2_hw1/install/task_manager_msgs/local/lib/python3.10/dist-packages/task_manager_msgs/msg/_task_config.py
[1.601s] -- Up-to-date: /home/GTL/apaul/ros2_hw1/install/task_manager_msgs/local/lib/python3.10/dist-packages/task_manager_msgs/msg/_task_parameter_s.c
[1.601s] -- Up-to-date: /home/GTL/apaul/ros2_hw1/install/task_manager_msgs/local/lib/python3.10/dist-packages/task_manager_msgs/msg/_task_status.py
[1.602s] -- Up-to-date: /home/GTL/apaul/ros2_hw1/install/task_manager_msgs/local/lib/python3.10/dist-packages/task_manager_msgs/msg/_task_description.py
[1.602s] -- Up-to-date: /home/GTL/apaul/ros2_hw1/install/task_manager_msgs/local/lib/python3.10/dist-packages/task_manager_msgs/msg/__init__.py
[1.603s] -- Up-to-date: /home/GTL/apaul/ros2_hw1/install/task_manager_msgs/local/lib/python3.10/dist-packages/task_manager_msgs/msg/_sync_status.py
[1.604s] -- Up-to-date: /home/GTL/apaul/ros2_hw1/install/task_manager_msgs/local/lib/python3.10/dist-packages/task_manager_msgs/msg/_encapsulated_message.py
[1.604s] -- Up-to-date: /home/GTL/apaul/ros2_hw1/install/task_manager_msgs/local/lib/python3.10/dist-packages/task_manager_msgs/msg/_task_config_s.c
[1.605s] -- Up-to-date: /home/GTL/apaul/ros2_hw1/install/task_manager_msgs/local/lib/python3.10/dist-packages/task_manager_msgs/msg/_task_status_s.c
[1.605s] -- Up-to-date: /home/GTL/apaul/ros2_hw1/install/task_manager_msgs/local/lib/python3.10/dist-packages/task_manager_msgs/task_manager_msgs_s__rosidl_typesupport_introspection_c.cpython-310-x86_64-linux-gnu.so
[1.609s] -- Up-to-date: /home/GTL/apaul/ros2_hw1/install/task_manager_msgs/local/lib/python3.10/dist-packages/task_manager_msgs/_task_manager_msgs_s.ep.rosidl_typesupport_introspection_c.c
[1.609s] -- Up-to-date: /home/GTL/apaul/ros2_hw1/install/task_manager_msgs/local/lib/python3.10/dist-packages/task_manager_msgs/__init__.py
[1.609s] -- Up-to-date: /home/GTL/apaul/ros2_hw1/install/task_manager_msgs/local/lib/python3.10/dist-packages/task_manager_msgs/_task_manager_msgs_s.ep.rosidl_typesupport_c.c
[1.609s] -- Up-to-date: /home/GTL/apaul/ros2_hw1/install/task_manager_msgs/local/lib/python3.10/dist-packages/task_manager_msgs/task_manager_msgs_s__rosidl_typesupport_c.cpython-310-x86_64-linux-gnu.so
[1.609s] -- Up-to-date: /home/GTL/apaul/ros2_hw1/install/task_manager_msgs/local/lib/python3.10/dist-packages/task_manager_msgs/srv
[1.610s] -- Up-to-date: /home/GTL/apaul/ros2_hw1/install/task_manager_msgs/local/lib/python3.10/dist-packages/task_manager_msgs/srv/_stop_task_s.c
[1.611s] -- Up-to-date: /home/GTL/apaul/ros2_hw1/install/task_manager_msgs/local/lib/python3.10/dist-packages/task_manager_msgs/srv/_start_task_s.c
[1.612s] -- Up-to-date: /home/GTL/apaul/ros2_hw1/install/task_manager_msgs/local/lib/python3.10/dist-packages/task_manager_msgs/srv/_get_all_task_status_s.c
[1.613s] -- Up-to-date: /home/GTL/apaul/ros2_hw1/install/task_manager_msgs/local/lib/python3.10/dist-packages/task_manager_msgs/srv/_get_task_list.py
[1.613s] -- Up-to-date: /home/GTL/apaul/ros2_hw1/install/task_manager_msgs/local/lib/python3.10/dist-packages/task_manager_msgs/srv/__init__.py
[1.614s] -- Up-to-date: /home/GTL/apaul/ros2_hw1/install/task_manager_msgs/local/lib/python3.10/dist-packages/task_manager_msgs/srv/_get_all_task_status.py
[1.614s] -- Up-to-date: /home/GTL/apaul/ros2_hw1/install/task_manager_msgs/local/lib/python3.10/dist-packages/task_manager_msgs/srv/_stop_task.py
[1.615s] -- Up-to-date: /home/GTL/apaul/ros2_hw1/install/task_manager_msgs/local/lib/python3.10/dist-packages/task_manager_msgs/srv/_get_task_list_s.c
[1.616s] -- Up-to-date: /home/GTL/apaul/ros2_hw1/install/task_manager_msgs/local/lib/python3.10/dist-packages/task_manager_msgs/srv/_start_task.py
[1.616s] -- Up-to-date: /home/GTL/apaul/ros2_hw1/install/task_manager_msgs/local/lib/python3.10/dist-packages/task_manager_msgs/_task_manager_msgs_s.ep.rosidl_typesupport_fastrtps_c.c
[1.617s] -- Up-to-date: /home/GTL/apaul/ros2_hw1/install/task_manager_msgs/local/lib/python3.10/dist-packages/task_manager_msgs/task_manager_msgs_s__rosidl_typesupport_fastrtps_c.cpython-310-x86_64-linux-gnu.so
[1.617s] -- Up-to-date: /home/GTL/apaul/ros2_hw1/install/task_manager_msgs/local/lib/python3.10/dist-packages/task_manager_msgs/libtask_manager_msgs__rosidl_generator_py.so
[1.645s] Listing '/home/GTL/apaul/ros2_hw1/install/task_manager_msgs/local/lib/python3.10/dist-packages/task_manager_msgs'...
[1.645s] Listing '/home/GTL/apaul/ros2_hw1/install/task_manager_msgs/local/lib/python3.10/dist-packages/task_manager_msgs/msg'...
[1.645s] Listing '/home/GTL/apaul/ros2_hw1/install/task_manager_msgs/local/lib/python3.10/dist-packages/task_manager_msgs/srv'...
[1.651s] -- Up-to-date: /home/GTL/apaul/ros2_hw1/install/task_manager_msgs/local/lib/python3.10/dist-packages/task_manager_msgs/task_manager_msgs_s__rosidl_typesupport_fastrtps_c.cpython-310-x86_64-linux-gnu.so
[1.656s] -- Up-to-date: /home/GTL/apaul/ros2_hw1/install/task_manager_msgs/local/lib/python3.10/dist-packages/task_manager_msgs/task_manager_msgs_s__rosidl_typesupport_introspection_c.cpython-310-x86_64-linux-gnu.so
[1.661s] -- Up-to-date: /home/GTL/apaul/ros2_hw1/install/task_manager_msgs/local/lib/python3.10/dist-packages/task_manager_msgs/task_manager_msgs_s__rosidl_typesupport_c.cpython-310-x86_64-linux-gnu.so
[1.664s] -- Up-to-date: /home/GTL/apaul/ros2_hw1/install/task_manager_msgs/lib/libtask_manager_msgs__rosidl_generator_py.so
[1.668s] -- Up-to-date: /home/GTL/apaul/ros2_hw1/install/task_manager_msgs/share/task_manager_msgs/srv/GetAllTaskStatus.idl
[1.669s] -- Up-to-date: /home/GTL/apaul/ros2_hw1/install/task_manager_msgs/share/task_manager_msgs/srv/StartTask.idl
[1.670s] -- Up-to-date: /home/GTL/apaul/ros2_hw1/install/task_manager_msgs/share/task_manager_msgs/srv/StopTask.idl
[1.670s] -- Up-to-date: /home/GTL/apaul/ros2_hw1/install/task_manager_msgs/share/task_manager_msgs/srv/GetTaskList.idl
[1.671s] -- Up-to-date: /home/GTL/apaul/ros2_hw1/install/task_manager_msgs/share/task_manager_msgs/msg/TaskDescription.idl
[1.671s] -- Up-to-date: /home/GTL/apaul/ros2_hw1/install/task_manager_msgs/share/task_manager_msgs/msg/TaskParameter.idl
[1.672s] -- Up-to-date: /home/GTL/apaul/ros2_hw1/install/task_manager_msgs/share/task_manager_msgs/msg/TaskStatus.idl
[1.673s] -- Up-to-date: /home/GTL/apaul/ros2_hw1/install/task_manager_msgs/share/task_manager_msgs/msg/TaskConfig.idl
[1.674s] -- Up-to-date: /home/GTL/apaul/ros2_hw1/install/task_manager_msgs/share/task_manager_msgs/msg/SyncStatus.idl
[1.676s] -- Up-to-date: /home/GTL/apaul/ros2_hw1/install/task_manager_msgs/share/task_manager_msgs/msg/EncapsulatedMessage.idl
[1.676s] -- Up-to-date: /home/GTL/apaul/ros2_hw1/install/task_manager_msgs/share/task_manager_msgs/srv/GetAllTaskStatus.srv
[1.677s] -- Up-to-date: /home/GTL/apaul/ros2_hw1/install/task_manager_msgs/share/task_manager_msgs/srv/GetAllTaskStatus_Request.msg
[1.677s] -- Up-to-date: /home/GTL/apaul/ros2_hw1/install/task_manager_msgs/share/task_manager_msgs/srv/GetAllTaskStatus_Response.msg
[1.677s] -- Up-to-date: /home/GTL/apaul/ros2_hw1/install/task_manager_msgs/share/task_manager_msgs/srv/StartTask.srv
[1.677s] -- Up-to-date: /home/GTL/apaul/ros2_hw1/install/task_manager_msgs/share/task_manager_msgs/srv/StartTask_Request.msg
[1.678s] -- Up-to-date: /home/GTL/apaul/ros2_hw1/install/task_manager_msgs/share/task_manager_msgs/srv/StartTask_Response.msg
[1.679s] -- Up-to-date: /home/GTL/apaul/ros2_hw1/install/task_manager_msgs/share/task_manager_msgs/srv/StopTask.srv
[1.680s] -- Up-to-date: /home/GTL/apaul/ros2_hw1/install/task_manager_msgs/share/task_manager_msgs/srv/StopTask_Request.msg
[1.681s] -- Up-to-date: /home/GTL/apaul/ros2_hw1/install/task_manager_msgs/share/task_manager_msgs/srv/StopTask_Response.msg
[1.682s] -- Up-to-date: /home/GTL/apaul/ros2_hw1/install/task_manager_msgs/share/task_manager_msgs/srv/GetTaskList.srv
[1.683s] -- Up-to-date: /home/GTL/apaul/ros2_hw1/install/task_manager_msgs/share/task_manager_msgs/srv/GetTaskList_Request.msg
[1.683s] -- Up-to-date: /home/GTL/apaul/ros2_hw1/install/task_manager_msgs/share/task_manager_msgs/srv/GetTaskList_Response.msg
[1.684s] -- Up-to-date: /home/GTL/apaul/ros2_hw1/install/task_manager_msgs/share/task_manager_msgs/msg/TaskDescription.msg
[1.684s] -- Up-to-date: /home/GTL/apaul/ros2_hw1/install/task_manager_msgs/share/task_manager_msgs/msg/TaskParameter.msg
[1.685s] -- Up-to-date: /home/GTL/apaul/ros2_hw1/install/task_manager_msgs/share/task_manager_msgs/msg/TaskStatus.msg
[1.686s] -- Up-to-date: /home/GTL/apaul/ros2_hw1/install/task_manager_msgs/share/task_manager_msgs/msg/TaskConfig.msg
[1.686s] -- Up-to-date: /home/GTL/apaul/ros2_hw1/install/task_manager_msgs/share/task_manager_msgs/msg/SyncStatus.msg
[1.687s] -- Up-to-date: /home/GTL/apaul/ros2_hw1/install/task_manager_msgs/share/task_manager_msgs/msg/EncapsulatedMessage.msg
[1.689s] -- Up-to-date: /home/GTL/apaul/ros2_hw1/install/task_manager_msgs/lib/task_manager_msgs/task_manager_msgs_encapsulate
[1.694s] -- Up-to-date: /home/GTL/apaul/ros2_hw1/install/task_manager_msgs/share/ament_index/resource_index/package_run_dependencies/task_manager_msgs
[1.694s] -- Up-to-date: /home/GTL/apaul/ros2_hw1/install/task_manager_msgs/share/ament_index/resource_index/parent_prefix_path/task_manager_msgs
[1.695s] -- Up-to-date: /home/GTL/apaul/ros2_hw1/install/task_manager_msgs/share/task_manager_msgs/environment/ament_prefix_path.sh
[1.696s] -- Up-to-date: /home/GTL/apaul/ros2_hw1/install/task_manager_msgs/share/task_manager_msgs/environment/ament_prefix_path.dsv
[1.696s] -- Up-to-date: /home/GTL/apaul/ros2_hw1/install/task_manager_msgs/share/task_manager_msgs/environment/path.sh
[1.697s] -- Up-to-date: /home/GTL/apaul/ros2_hw1/install/task_manager_msgs/share/task_manager_msgs/environment/path.dsv
[1.698s] -- Up-to-date: /home/GTL/apaul/ros2_hw1/install/task_manager_msgs/share/task_manager_msgs/local_setup.bash
[1.699s] -- Up-to-date: /home/GTL/apaul/ros2_hw1/install/task_manager_msgs/share/task_manager_msgs/local_setup.sh
[1.699s] -- Up-to-date: /home/GTL/apaul/ros2_hw1/install/task_manager_msgs/share/task_manager_msgs/local_setup.zsh
[1.700s] -- Up-to-date: /home/GTL/apaul/ros2_hw1/install/task_manager_msgs/share/task_manager_msgs/local_setup.dsv
[1.701s] -- Installing: /home/GTL/apaul/ros2_hw1/install/task_manager_msgs/share/task_manager_msgs/package.dsv
[1.707s] -- Up-to-date: /home/GTL/apaul/ros2_hw1/install/task_manager_msgs/share/ament_index/resource_index/packages/task_manager_msgs
[1.712s] -- Up-to-date: /home/GTL/apaul/ros2_hw1/install/task_manager_msgs/share/task_manager_msgs/cmake/export_task_manager_msgs__rosidl_generator_cExport.cmake
[1.716s] -- Up-to-date: /home/GTL/apaul/ros2_hw1/install/task_manager_msgs/share/task_manager_msgs/cmake/export_task_manager_msgs__rosidl_generator_cExport-noconfig.cmake
[1.716s] -- Up-to-date: /home/GTL/apaul/ros2_hw1/install/task_manager_msgs/share/task_manager_msgs/cmake/export_task_manager_msgs__rosidl_typesupport_fastrtps_cExport.cmake
[1.716s] -- Up-to-date: /home/GTL/apaul/ros2_hw1/install/task_manager_msgs/share/task_manager_msgs/cmake/export_task_manager_msgs__rosidl_typesupport_fastrtps_cExport-noconfig.cmake
[1.718s] -- Up-to-date: /home/GTL/apaul/ros2_hw1/install/task_manager_msgs/share/task_manager_msgs/cmake/export_task_manager_msgs__rosidl_generator_cppExport.cmake
[1.720s] -- Up-to-date: /home/GTL/apaul/ros2_hw1/install/task_manager_msgs/share/task_manager_msgs/cmake/export_task_manager_msgs__rosidl_typesupport_fastrtps_cppExport.cmake
[1.721s] -- Up-to-date: /home/GTL/apaul/ros2_hw1/install/task_manager_msgs/share/task_manager_msgs/cmake/export_task_manager_msgs__rosidl_typesupport_fastrtps_cppExport-noconfig.cmake
[1.724s] -- Up-to-date: /home/GTL/apaul/ros2_hw1/install/task_manager_msgs/share/task_manager_msgs/cmake/task_manager_msgs__rosidl_typesupport_introspection_cExport.cmake
[1.724s] -- Up-to-date: /home/GTL/apaul/ros2_hw1/install/task_manager_msgs/share/task_manager_msgs/cmake/task_manager_msgs__rosidl_typesupport_introspection_cExport-noconfig.cmake
[1.726s] -- Up-to-date: /home/GTL/apaul/ros2_hw1/install/task_manager_msgs/share/task_manager_msgs/cmake/task_manager_msgs__rosidl_typesupport_cExport.cmake
[1.728s] -- Up-to-date: /home/GTL/apaul/ros2_hw1/install/task_manager_msgs/share/task_manager_msgs/cmake/task_manager_msgs__rosidl_typesupport_cExport-noconfig.cmake
[1.730s] -- Up-to-date: /home/GTL/apaul/ros2_hw1/install/task_manager_msgs/share/task_manager_msgs/cmake/task_manager_msgs__rosidl_typesupport_introspection_cppExport.cmake
[1.730s] -- Up-to-date: /home/GTL/apaul/ros2_hw1/install/task_manager_msgs/share/task_manager_msgs/cmake/task_manager_msgs__rosidl_typesupport_introspection_cppExport-noconfig.cmake
[1.732s] -- Up-to-date: /home/GTL/apaul/ros2_hw1/install/task_manager_msgs/share/task_manager_msgs/cmake/task_manager_msgs__rosidl_typesupport_cppExport.cmake
[1.733s] -- Up-to-date: /home/GTL/apaul/ros2_hw1/install/task_manager_msgs/share/task_manager_msgs/cmake/task_manager_msgs__rosidl_typesupport_cppExport-noconfig.cmake
[1.735s] -- Up-to-date: /home/GTL/apaul/ros2_hw1/install/task_manager_msgs/share/task_manager_msgs/cmake/export_task_manager_msgs__rosidl_generator_pyExport.cmake
[1.736s] -- Up-to-date: /home/GTL/apaul/ros2_hw1/install/task_manager_msgs/share/task_manager_msgs/cmake/export_task_manager_msgs__rosidl_generator_pyExport-noconfig.cmake
[1.737s] -- Up-to-date: /home/GTL/apaul/ros2_hw1/install/task_manager_msgs/share/task_manager_msgs/cmake/rosidl_cmake-extras.cmake
[1.738s] -- Up-to-date: /home/GTL/apaul/ros2_hw1/install/task_manager_msgs/share/task_manager_msgs/cmake/ament_cmake_export_dependencies-extras.cmake
[1.738s] -- Up-to-date: /home/GTL/apaul/ros2_hw1/install/task_manager_msgs/share/task_manager_msgs/cmake/ament_cmake_export_include_directories-extras.cmake
[1.739s] -- Up-to-date: /home/GTL/apaul/ros2_hw1/install/task_manager_msgs/share/task_manager_msgs/cmake/ament_cmake_export_libraries-extras.cmake
[1.740s] -- Up-to-date: /home/GTL/apaul/ros2_hw1/install/task_manager_msgs/share/task_manager_msgs/cmake/ament_cmake_export_targets-extras.cmake
[1.740s] -- Up-to-date: /home/GTL/apaul/ros2_hw1/install/task_manager_msgs/share/task_manager_msgs/cmake/rosidl_cmake_export_typesupport_targets-extras.cmake
[1.745s] -- Up-to-date: /home/GTL/apaul/ros2_hw1/install/task_manager_msgs/share/task_manager_msgs/cmake/rosidl_cmake_export_typesupport_libraries-extras.cmake
[1.745s] -- Up-to-date: /home/GTL/apaul/ros2_hw1/install/task_manager_msgs/share/task_manager_msgs/cmake/task_manager_msgsConfig.cmake
[1.752s] -- Up-to-date: /home/GTL/apaul/ros2_hw1/install/task_manager_msgs/share/task_manager_msgs/cmake/task_manager_msgsConfig-version.cmake
[1.752s] -- Up-to-date: /home/GTL/apaul/ros2_hw1/install/task_manager_msgs/share/task_manager_msgs/package.xml
[1.826s] Invoked command in '/home/GTL/apaul/ros2_hw1/build/task_manager_msgs' returned '0': CMAKE_PREFIX_PATH=/opt/ros/humble /usr/bin/cmake --install /home/GTL/apaul/ros2_hw1/build/task_manager_msgs
