[0.088s] Invoking command in '/home/GTL/apaul/ros2_hw1/build/collision_avoidance_base': CMAKE_PREFIX_PATH=${CMAKE_PREFIX_PATH}:/home/GTL/apaul/ros2_hw1/install/vrep_ros_teleop:/home/GTL/apaul/ros2_hw1/install/keyboard_teleop:/home/GTL/apaul/ros2_hw1/install/face_detect_base:/opt/ros/humble /usr/bin/cmake --build /home/GTL/apaul/ros2_hw1/build/collision_avoidance_base -- -j16 -l16
[0.517s] [35m[1mConsolidate compiler generated dependencies of target collision_avoidance_base[0m
[0.517s] [ 50%] [32mBuilding CXX object CMakeFiles/collision_avoidance_base.dir/src/collision_avoidance.cpp.o[0m
[3.496s] [01m[K/home/GTL/apaul/ros2_hw1/src/collision_avoidance_base/src/collision_avoidance.cpp:[m[K In member function ‘[01m[Kgeometry_msgs::msg::Twist CollisionAvoidance::findClosestAcceptableVelocity(const Twist&)[m[K’:
[3.496s] [01m[K/home/GTL/apaul/ros2_hw1/src/collision_avoidance_base/src/collision_avoidance.cpp:71:36:[m[K [01;31m[Kerror: [m[Kbase operand of ‘[01m[K->[m[K’ has non-pointer type ‘[01m[Kpcl::PointCloud<pcl::PointXYZ>[m[K’
[3.496s]    71 |             unsigned int n = lastpc[01;31m[K->[m[Kranges.size();
[3.496s]       |                                    [01;31m[K^~[m[K
[3.496s] [01m[K/home/GTL/apaul/ros2_hw1/src/collision_avoidance_base/src/collision_avoidance.cpp:73:58:[m[K [01;31m[Kerror: [m[Kinvalid operands of types ‘[01m[Kconst _x_type[m[K’ {aka ‘[01m[Kconst double[m[K’} and ‘[01m[Kgeometry_msgs::msg::Vector3_<std::allocator<void> >::_y_type[m[K’ {aka ‘[01m[Kdouble[m[K’} to binary ‘[01m[Koperator^[m[K’
[3.496s]    73 |         double velocity_Robot = sqrt([32m[Kdesired.linear.x[m[K[01;31m[K^[m[K[34m[K2  + desired.linear.y[m[K^2);
[3.496s]       |                                      [32m[K~~~~~~~~~~~~~~~~[m[K[01;31m[K^[m[K[34m[K~~~~~~~~~~~~~~~~~~~~~[m[K
[3.496s]       |                                                     [32m[K|[m[K    [34m[K|[m[K
[3.496s]       |                                                     [32m[K|[m[K    [34m[Kgeometry_msgs::msg::Vector3_<std::allocator<void> >::_y_type {aka double}[m[K
[3.496s]       |                                                     [32m[Kconst _x_type {aka const double}[m[K
[3.496s] 
[3.497s] [01m[K/home/GTL/apaul/ros2_hw1/src/collision_avoidance_base/src/collision_avoidance.cpp:73:62:[m[K [01;35m[Kwarning: [m[Ksuggest parentheses around arithmetic in operand of ‘[01m[K^[m[K’ [[01;35m[K]8;;https://gcc.gnu.org/onlinedocs/gcc/Warning-Options.html#index-Wparentheses-Wparentheses]8;;[m[K]
[3.497s]    73 |     double velocity_Robot = sqrt(desired.linear.x^[01;35m[K2  + desired.linear.y[m[K^2);
[3.497s]       |                                                   [01;35m[K~~~^~~~~~~~~~~~~~~~~~[m[K
[3.497s] 
[3.497s] [01m[K/home/GTL/apaul/ros2_hw1/src/collision_avoidance_base/src/collision_avoidance.cpp:74:54:[m[K [01;31m[Kerror: [m[Kinvalid operands of types ‘[01m[Kfloat[m[K’ and ‘[01m[Kfloat[m[K’ to binary ‘[01m[Koperator^[m[K’
[3.497s]    74 |             double distance_Object = sqrt(lastpc[i].x[01;31m[K^[m[K[32m[K2  + lastpc[i].y[m[K^2);
[3.497s]       |                                                      [01;31m[K^[m[K[32m[K~~~~~~~~~~~~~~~~[m[K
[3.497s]       |                                                          [32m[K|[m[K
[3.497s]       |                                                          [32m[Kfloat[m[K
[3.497s] [01m[K/home/GTL/apaul/ros2_hw1/src/collision_avoidance_base/src/collision_avoidance.cpp:74:58:[m[K [01;35m[Kwarning: [m[Ksuggest parentheses around arithmetic in operand of ‘[01m[K^[m[K’ [[01;35m[K]8;;https://gcc.gnu.org/onlinedocs/gcc/Warning-Options.html#index-Wparentheses-Wparentheses]8;;[m[K]
[3.497s]    74 |         double distance_Object = sqrt(lastpc[i].x^[01;35m[K2  + lastpc[i].y[m[K^2);
[3.497s]       |                                                   [01;35m[K~~~^~~~~~~~~~~~~[m[K
[3.497s] 
[3.497s] [01m[K/home/GTL/apaul/ros2_hw1/src/collision_avoidance_base/src/collision_avoidance.cpp:99:26:[m[K [01;31m[Kerror: [m[Kredeclaration of ‘[01m[Kunsigned int n[m[K’
[3.497s]    99 |             unsigned int [01;31m[Kn[m[K = lastpc.size();
[3.497s]       |                          [01;31m[K^[m[K
[3.497s] [01m[K/home/GTL/apaul/ros2_hw1/src/collision_avoidance_base/src/collision_avoidance.cpp:71:26:[m[K [01;36m[Knote: [m[K‘[01m[Kunsigned int n[m[K’ previously declared here
[3.497s]    71 |             unsigned int [01;36m[Kn[m[K = lastpc->ranges.size();
[3.497s]       |                          [01;36m[K^[m[K
[6.317s] gmake[2]: *** [CMakeFiles/collision_avoidance_base.dir/build.make:76: CMakeFiles/collision_avoidance_base.dir/src/collision_avoidance.cpp.o] Error 1
[6.317s] gmake[1]: *** [CMakeFiles/Makefile2:137: CMakeFiles/collision_avoidance_base.dir/all] Error 2
[6.317s] gmake: *** [Makefile:146: all] Error 2
[6.319s] Invoked command in '/home/GTL/apaul/ros2_hw1/build/collision_avoidance_base' returned '2': CMAKE_PREFIX_PATH=${CMAKE_PREFIX_PATH}:/home/GTL/apaul/ros2_hw1/install/vrep_ros_teleop:/home/GTL/apaul/ros2_hw1/install/keyboard_teleop:/home/GTL/apaul/ros2_hw1/install/face_detect_base:/opt/ros/humble /usr/bin/cmake --build /home/GTL/apaul/ros2_hw1/build/collision_avoidance_base -- -j16 -l16
