[0.019s] Invoking command in '/home/GTL/apaul/ros2_hw1/build/obstacle_avoidance_base': CMAKE_PREFIX_PATH=/opt/ros/humble /usr/bin/cmake --build /home/GTL/apaul/ros2_hw1/build/obstacle_avoidance_base -- -j16 -l16
[0.062s] [35m[1mConsolidate compiler generated dependencies of target obstacle_avoidance_base[0m
[0.147s] [ 50%] [32mBuilding CXX object CMakeFiles/obstacle_avoidance_base.dir/src/obstacle_avoidance.cpp.o[0m
[21.170s] [100%] [32m[1mLinking CXX executable obstacle_avoidance_base[0m
[22.493s] [100%] Built target obstacle_avoidance_base
[22.503s] Invoked command in '/home/GTL/apaul/ros2_hw1/build/obstacle_avoidance_base' returned '0': CMAKE_PREFIX_PATH=/opt/ros/humble /usr/bin/cmake --build /home/GTL/apaul/ros2_hw1/build/obstacle_avoidance_base -- -j16 -l16
[22.560s] Invoking command in '/home/GTL/apaul/ros2_hw1/build/obstacle_avoidance_base': CMAKE_PREFIX_PATH=/opt/ros/humble /usr/bin/cmake --install /home/GTL/apaul/ros2_hw1/build/obstacle_avoidance_base
[22.572s] -- Install configuration: ""
[22.574s] -- Installing: /home/GTL/apaul/ros2_hw1/install/obstacle_avoidance_base/lib/obstacle_avoidance_base/obstacle_avoidance_base
[22.836s] -- Set runtime path of "/home/GTL/apaul/ros2_hw1/install/obstacle_avoidance_base/lib/obstacle_avoidance_base/obstacle_avoidance_base" to ""
[22.836s] -- Up-to-date: /home/GTL/apaul/ros2_hw1/install/obstacle_avoidance_base/share/obstacle_avoidance_base
[22.837s] -- Up-to-date: /home/GTL/apaul/ros2_hw1/install/obstacle_avoidance_base/share/obstacle_avoidance_base/teleop_mux_planner_oa.launch.py
[22.838s] -- Up-to-date: /home/GTL/apaul/ros2_hw1/install/obstacle_avoidance_base/share/obstacle_avoidance_base/teleop_mux_oa.launch.py
[22.838s] -- Up-to-date: /home/GTL/apaul/ros2_hw1/install/obstacle_avoidance_base/share/ament_index/resource_index/package_run_dependencies/obstacle_avoidance_base
[22.839s] -- Up-to-date: /home/GTL/apaul/ros2_hw1/install/obstacle_avoidance_base/share/ament_index/resource_index/parent_prefix_path/obstacle_avoidance_base
[22.839s] -- Up-to-date: /home/GTL/apaul/ros2_hw1/install/obstacle_avoidance_base/share/obstacle_avoidance_base/environment/ament_prefix_path.sh
[22.840s] -- Up-to-date: /home/GTL/apaul/ros2_hw1/install/obstacle_avoidance_base/share/obstacle_avoidance_base/environment/ament_prefix_path.dsv
[22.841s] -- Up-to-date: /home/GTL/apaul/ros2_hw1/install/obstacle_avoidance_base/share/obstacle_avoidance_base/environment/path.sh
[22.841s] -- Up-to-date: /home/GTL/apaul/ros2_hw1/install/obstacle_avoidance_base/share/obstacle_avoidance_base/environment/path.dsv
[22.842s] -- Up-to-date: /home/GTL/apaul/ros2_hw1/install/obstacle_avoidance_base/share/obstacle_avoidance_base/local_setup.bash
[22.842s] -- Up-to-date: /home/GTL/apaul/ros2_hw1/install/obstacle_avoidance_base/share/obstacle_avoidance_base/local_setup.sh
[22.843s] -- Up-to-date: /home/GTL/apaul/ros2_hw1/install/obstacle_avoidance_base/share/obstacle_avoidance_base/local_setup.zsh
[22.844s] -- Up-to-date: /home/GTL/apaul/ros2_hw1/install/obstacle_avoidance_base/share/obstacle_avoidance_base/local_setup.dsv
[22.844s] -- Installing: /home/GTL/apaul/ros2_hw1/install/obstacle_avoidance_base/share/obstacle_avoidance_base/package.dsv
[22.849s] -- Up-to-date: /home/GTL/apaul/ros2_hw1/install/obstacle_avoidance_base/share/ament_index/resource_index/packages/obstacle_avoidance_base
[22.849s] -- Up-to-date: /home/GTL/apaul/ros2_hw1/install/obstacle_avoidance_base/share/obstacle_avoidance_base/cmake/obstacle_avoidance_baseConfig.cmake
[22.850s] -- Up-to-date: /home/GTL/apaul/ros2_hw1/install/obstacle_avoidance_base/share/obstacle_avoidance_base/cmake/obstacle_avoidance_baseConfig-version.cmake
[22.850s] -- Up-to-date: /home/GTL/apaul/ros2_hw1/install/obstacle_avoidance_base/share/obstacle_avoidance_base/package.xml
[22.853s] Invoked command in '/home/GTL/apaul/ros2_hw1/build/obstacle_avoidance_base' returned '0': CMAKE_PREFIX_PATH=/opt/ros/humble /usr/bin/cmake --install /home/GTL/apaul/ros2_hw1/build/obstacle_avoidance_base
