[0.641s] Invoking command in '/home/GTL/pcastere/ros_hw1/ros2_hw1/src/ros_task_manager/src/task_manager_client_py': CMAKE_PREFIX_PATH=/home/GTL/pcastere/ros_hw1/ros2_hw1/install/task_manager_msgs:/home/GTL/pcastere/ros_hw1/ros2_hw1/install/vrep4_helpers:/home/GTL/pcastere/ros_hw1/ros2_hw1/install/task_manager_sync:/home/GTL/pcastere/ros_hw1/ros2_hw1/install/floor_nav:/home/GTL/pcastere/ros_hw1/ros2_hw1/install/task_manager_nav2:/home/GTL/pcastere/ros_hw1/ros2_hw1/install/task_manager_lib:/home/GTL/pcastere/ros_hw1/ros2_hw1/install/joy_pack:/home/GTL/pcastere/ros_hw1/ros2_hw1/install/face_msg:/home/GTL/pcastere/ros_hw1/ros2_hw1/install/cs7630_msgs:/home/GTL/pcastere/ros_hw1/ros2_hw1/install/collision_avoidance_base LD_LIBRARY_PATH=/home/GTL/pcastere/ros_hw1/ros2_hw1/install/task_manager_msgs/lib:/home/GTL/pcastere/ros_hw1/ros2_hw1/install/task_manager_sync/lib:/home/GTL/pcastere/ros_hw1/ros2_hw1/install/task_manager_lib/lib:/home/GTL/pcastere/ros_hw1/ros2_hw1/install/face_msg/lib:/home/GTL/pcastere/ros_hw1/ros2_hw1/install/cs7630_msgs/lib:/usr/lib/x86_64-linux-gnu/gazebo-11/plugins:/opt/ros/humble/opt/rviz_ogre_vendor/lib:/opt/ros/humble/lib/x86_64-linux-gnu:/opt/ros/humble/lib PYTHONPATH=/home/GTL/pcastere/ros_hw1/ros2_hw1/build/task_manager_client_py/prefix_override:/usr/lib/python3/dist-packages/colcon_core/task/python/colcon_distutils_commands:/home/GTL/pcastere/ros_hw1/ros2_hw1/install/task_manager_client_py/lib/python3.10/site-packages:${PYTHONPATH} /usr/bin/python3 -W ignore:setup.py install is deprecated setup.py egg_info --egg-base ../../../../build/task_manager_client_py build --build-base /home/GTL/pcastere/ros_hw1/ros2_hw1/build/task_manager_client_py/build install --record /home/GTL/pcastere/ros_hw1/ros2_hw1/build/task_manager_client_py/install.log --install-scripts $base/lib/task_manager_client_py --single-version-externally-managed install_data
[0.858s] /usr/lib/python3/dist-packages/setuptools/dist.py:723: UserWarning: Usage of dash-separated 'script-dir' will not be supported in future versions. Please use the underscore name 'script_dir' instead
[0.858s]   warnings.warn(
[0.867s] running egg_info
[0.868s] creating ../../../../build/task_manager_client_py/task_manager_client_py.egg-info
[0.869s] writing ../../../../build/task_manager_client_py/task_manager_client_py.egg-info/PKG-INFO
[0.871s] writing dependency_links to ../../../../build/task_manager_client_py/task_manager_client_py.egg-info/dependency_links.txt
[0.873s] writing entry points to ../../../../build/task_manager_client_py/task_manager_client_py.egg-info/entry_points.txt
[0.874s] writing requirements to ../../../../build/task_manager_client_py/task_manager_client_py.egg-info/requires.txt
[0.875s] writing top-level names to ../../../../build/task_manager_client_py/task_manager_client_py.egg-info/top_level.txt
[0.876s] writing manifest file '../../../../build/task_manager_client_py/task_manager_client_py.egg-info/SOURCES.txt'
[0.882s] reading manifest file '../../../../build/task_manager_client_py/task_manager_client_py.egg-info/SOURCES.txt'
[0.884s] writing manifest file '../../../../build/task_manager_client_py/task_manager_client_py.egg-info/SOURCES.txt'
[0.885s] running build
[0.885s] running build_py
[0.885s] creating /home/GTL/pcastere/ros_hw1/ros2_hw1/build/task_manager_client_py/build
[0.886s] creating /home/GTL/pcastere/ros_hw1/ros2_hw1/build/task_manager_client_py/build/lib
[0.886s] creating /home/GTL/pcastere/ros_hw1/ros2_hw1/build/task_manager_client_py/build/lib/task_manager_client_py
[0.888s] copying task_manager_client_py/TaskClient.py -> /home/GTL/pcastere/ros_hw1/ros2_hw1/build/task_manager_client_py/build/lib/task_manager_client_py
[0.891s] copying task_manager_client_py/tasklist.py -> /home/GTL/pcastere/ros_hw1/ros2_hw1/build/task_manager_client_py/build/lib/task_manager_client_py
[0.893s] copying task_manager_client_py/__init__.py -> /home/GTL/pcastere/ros_hw1/ros2_hw1/build/task_manager_client_py/build/lib/task_manager_client_py
[0.895s] copying task_manager_client_py/console.py -> /home/GTL/pcastere/ros_hw1/ros2_hw1/build/task_manager_client_py/build/lib/task_manager_client_py
[0.897s] running build_scripts
[0.897s] creating /home/GTL/pcastere/ros_hw1/ros2_hw1/build/task_manager_client_py/build/scripts-3.10
[0.898s] copying and adjusting task_manager_client_py/console.py -> /home/GTL/pcastere/ros_hw1/ros2_hw1/build/task_manager_client_py/build/scripts-3.10
[0.912s] copying node/console -> /home/GTL/pcastere/ros_hw1/ros2_hw1/build/task_manager_client_py/build/scripts-3.10
[0.913s] changing mode of /home/GTL/pcastere/ros_hw1/ros2_hw1/build/task_manager_client_py/build/scripts-3.10/console.py from 664 to 775
[0.913s] running install
[0.913s] running install_lib
[0.915s] creating /home/GTL/pcastere/ros_hw1/ros2_hw1/install/task_manager_client_py/lib/python3.10/site-packages/task_manager_client_py
[0.917s] copying /home/GTL/pcastere/ros_hw1/ros2_hw1/build/task_manager_client_py/build/lib/task_manager_client_py/TaskClient.py -> /home/GTL/pcastere/ros_hw1/ros2_hw1/install/task_manager_client_py/lib/python3.10/site-packages/task_manager_client_py
[0.919s] copying /home/GTL/pcastere/ros_hw1/ros2_hw1/build/task_manager_client_py/build/lib/task_manager_client_py/tasklist.py -> /home/GTL/pcastere/ros_hw1/ros2_hw1/install/task_manager_client_py/lib/python3.10/site-packages/task_manager_client_py
[0.921s] copying /home/GTL/pcastere/ros_hw1/ros2_hw1/build/task_manager_client_py/build/lib/task_manager_client_py/__init__.py -> /home/GTL/pcastere/ros_hw1/ros2_hw1/install/task_manager_client_py/lib/python3.10/site-packages/task_manager_client_py
[0.922s] copying /home/GTL/pcastere/ros_hw1/ros2_hw1/build/task_manager_client_py/build/lib/task_manager_client_py/console.py -> /home/GTL/pcastere/ros_hw1/ros2_hw1/install/task_manager_client_py/lib/python3.10/site-packages/task_manager_client_py
[0.925s] byte-compiling /home/GTL/pcastere/ros_hw1/ros2_hw1/install/task_manager_client_py/lib/python3.10/site-packages/task_manager_client_py/TaskClient.py to TaskClient.cpython-310.pyc
[0.932s] byte-compiling /home/GTL/pcastere/ros_hw1/ros2_hw1/install/task_manager_client_py/lib/python3.10/site-packages/task_manager_client_py/tasklist.py to tasklist.cpython-310.pyc
[0.934s] byte-compiling /home/GTL/pcastere/ros_hw1/ros2_hw1/install/task_manager_client_py/lib/python3.10/site-packages/task_manager_client_py/__init__.py to __init__.cpython-310.pyc
[0.936s] byte-compiling /home/GTL/pcastere/ros_hw1/ros2_hw1/install/task_manager_client_py/lib/python3.10/site-packages/task_manager_client_py/console.py to console.cpython-310.pyc
[0.938s] running install_data
[0.938s] creating /home/GTL/pcastere/ros_hw1/ros2_hw1/install/task_manager_client_py/share/ament_index
[0.939s] creating /home/GTL/pcastere/ros_hw1/ros2_hw1/install/task_manager_client_py/share/ament_index/resource_index
[0.939s] creating /home/GTL/pcastere/ros_hw1/ros2_hw1/install/task_manager_client_py/share/ament_index/resource_index/packages
[0.941s] copying resource/task_manager_client_py -> /home/GTL/pcastere/ros_hw1/ros2_hw1/install/task_manager_client_py/share/ament_index/resource_index/packages
[0.943s] copying package.xml -> /home/GTL/pcastere/ros_hw1/ros2_hw1/install/task_manager_client_py/share/task_manager_client_py
[0.944s] running install_egg_info
[0.946s] Copying ../../../../build/task_manager_client_py/task_manager_client_py.egg-info to /home/GTL/pcastere/ros_hw1/ros2_hw1/install/task_manager_client_py/lib/python3.10/site-packages/task_manager_client_py-0.0.0-py3.10.egg-info
[0.967s] running install_scripts
[0.983s] creating /home/GTL/pcastere/ros_hw1/ros2_hw1/install/task_manager_client_py/lib/task_manager_client_py
[0.984s] copying /home/GTL/pcastere/ros_hw1/ros2_hw1/build/task_manager_client_py/build/scripts-3.10/console -> /home/GTL/pcastere/ros_hw1/ros2_hw1/install/task_manager_client_py/lib/task_manager_client_py
[0.986s] copying /home/GTL/pcastere/ros_hw1/ros2_hw1/build/task_manager_client_py/build/scripts-3.10/console.py -> /home/GTL/pcastere/ros_hw1/ros2_hw1/install/task_manager_client_py/lib/task_manager_client_py
[0.987s] changing mode of /home/GTL/pcastere/ros_hw1/ros2_hw1/install/task_manager_client_py/lib/task_manager_client_py/console to 755
[0.987s] changing mode of /home/GTL/pcastere/ros_hw1/ros2_hw1/install/task_manager_client_py/lib/task_manager_client_py/console.py to 775
[0.989s] Installing tasklist script to /home/GTL/pcastere/ros_hw1/ros2_hw1/install/task_manager_client_py/lib/task_manager_client_py
[0.991s] writing list of installed files to '/home/GTL/pcastere/ros_hw1/ros2_hw1/build/task_manager_client_py/install.log'
[1.012s] Invoked command in '/home/GTL/pcastere/ros_hw1/ros2_hw1/src/ros_task_manager/src/task_manager_client_py' returned '0': CMAKE_PREFIX_PATH=/home/GTL/pcastere/ros_hw1/ros2_hw1/install/task_manager_msgs:/home/GTL/pcastere/ros_hw1/ros2_hw1/install/vrep4_helpers:/home/GTL/pcastere/ros_hw1/ros2_hw1/install/task_manager_sync:/home/GTL/pcastere/ros_hw1/ros2_hw1/install/floor_nav:/home/GTL/pcastere/ros_hw1/ros2_hw1/install/task_manager_nav2:/home/GTL/pcastere/ros_hw1/ros2_hw1/install/task_manager_lib:/home/GTL/pcastere/ros_hw1/ros2_hw1/install/joy_pack:/home/GTL/pcastere/ros_hw1/ros2_hw1/install/face_msg:/home/GTL/pcastere/ros_hw1/ros2_hw1/install/cs7630_msgs:/home/GTL/pcastere/ros_hw1/ros2_hw1/install/collision_avoidance_base LD_LIBRARY_PATH=/home/GTL/pcastere/ros_hw1/ros2_hw1/install/task_manager_msgs/lib:/home/GTL/pcastere/ros_hw1/ros2_hw1/install/task_manager_sync/lib:/home/GTL/pcastere/ros_hw1/ros2_hw1/install/task_manager_lib/lib:/home/GTL/pcastere/ros_hw1/ros2_hw1/install/face_msg/lib:/home/GTL/pcastere/ros_hw1/ros2_hw1/install/cs7630_msgs/lib:/usr/lib/x86_64-linux-gnu/gazebo-11/plugins:/opt/ros/humble/opt/rviz_ogre_vendor/lib:/opt/ros/humble/lib/x86_64-linux-gnu:/opt/ros/humble/lib PYTHONPATH=/home/GTL/pcastere/ros_hw1/ros2_hw1/build/task_manager_client_py/prefix_override:/usr/lib/python3/dist-packages/colcon_core/task/python/colcon_distutils_commands:/home/GTL/pcastere/ros_hw1/ros2_hw1/install/task_manager_client_py/lib/python3.10/site-packages:${PYTHONPATH} /usr/bin/python3 -W ignore:setup.py install is deprecated setup.py egg_info --egg-base ../../../../build/task_manager_client_py build --build-base /home/GTL/pcastere/ros_hw1/ros2_hw1/build/task_manager_client_py/build install --record /home/GTL/pcastere/ros_hw1/ros2_hw1/build/task_manager_client_py/install.log --install-scripts $base/lib/task_manager_client_py --single-version-externally-managed install_data
