[0.000000] (-) TimerEvent: {}
[0.000082] (-) JobUnselected: {'identifier': 'ar_loc_base'}
[0.000196] (-) JobUnselected: {'identifier': 'ar_mapping_base'}
[0.000209] (-) JobUnselected: {'identifier': 'ar_slam_base'}
[0.000218] (-) JobUnselected: {'identifier': 'button_server'}
[0.000227] (-) JobUnselected: {'identifier': 'collision_avoidance_base'}
[0.000235] (-) JobUnselected: {'identifier': 'cs7630_msgs'}
[0.000244] (-) JobUnselected: {'identifier': 'face_detect_base'}
[0.000252] (-) JobUnselected: {'identifier': 'face_msg'}
[0.000260] (-) JobUnselected: {'identifier': 'floor_nav'}
[0.000268] (-) JobUnselected: {'identifier': 'joy_pack'}
[0.000276] (-) JobUnselected: {'identifier': 'keyboard_teleop'}
[0.000284] (-) JobUnselected: {'identifier': 'rover_driver_base'}
[0.000292] (-) JobUnselected: {'identifier': 'task_manager_client_py'}
[0.000300] (-) JobUnselected: {'identifier': 'task_manager_lib'}
[0.000308] (-) JobUnselected: {'identifier': 'task_manager_msgs'}
[0.000316] (-) JobUnselected: {'identifier': 'task_manager_nav2'}
[0.000324] (-) JobUnselected: {'identifier': 'task_manager_sync'}
[0.000332] (-) JobUnselected: {'identifier': 'turtlebot_launch'}
[0.000340] (-) JobUnselected: {'identifier': 'vrep4_helpers'}
[0.000349] (-) JobUnselected: {'identifier': 'vrep_ros_teleop'}
[0.000356] (-) JobUnselected: {'identifier': 'wifi_map_base'}
[0.000364] (-) JobUnselected: {'identifier': 'wpa_cli_msgs'}
[0.000374] (occgrid_planner_base) JobQueued: {'identifier': 'occgrid_planner_base', 'dependencies': OrderedDict([('cs7630_msgs', '/home/GTL/apaul/ros2_hw1/install/cs7630_msgs')])}
[0.000387] (occgrid_planner_base) JobStarted: {'identifier': 'occgrid_planner_base'}
[0.013499] (occgrid_planner_base) JobProgress: {'identifier': 'occgrid_planner_base', 'progress': 'cmake'}
[0.016367] (occgrid_planner_base) JobProgress: {'identifier': 'occgrid_planner_base', 'progress': 'build'}
[0.017079] (occgrid_planner_base) Command: {'cmd': ['/usr/bin/cmake', '--build', '/home/GTL/apaul/ros2_hw1/build/occgrid_planner_base', '--', '-j16', '-l16'], 'cwd': '/home/GTL/apaul/ros2_hw1/build/occgrid_planner_base', 'env': OrderedDict([('USER', 'apaul'), ('XDG_SESSION_TYPE', 'x11'), ('SHLVL', '1'), ('LD_LIBRARY_PATH', '/home/GTL/apaul/ros2_hw1/install/cs7630_msgs/lib:/usr/lib/x86_64-linux-gnu/gazebo-11/plugins:/opt/ros/humble/opt/rviz_ogre_vendor/lib:/opt/ros/humble/lib/x86_64-linux-gnu:/opt/ros/humble/lib'), ('HOME', '/home/GTL/apaul'), ('CYCLONEDDS_URI', '/cs-share/pradalier/gtlpc_cyclonedds.xml'), ('DESKTOP_SESSION', 'ubuntu'), ('ROS_PYTHON_VERSION', '3'), ('GNOME_SHELL_SESSION_MODE', 'ubuntu'), ('GTK_MODULES', 'gail:atk-bridge'), ('MANAGERPID', '2242'), ('SYSTEMD_EXEC_PID', '2598'), ('DBUS_SESSION_BUS_ADDRESS', 'unix:path=/run/user/37726/bus'), ('COLORTERM', 'truecolor'), ('TERMINATOR_DBUS_NAME', 'net.tenshu.Terminator23558193cd9818af7fe4d2c2f5bd9d00f'), ('GIO_LAUNCHED_DESKTOP_FILE_PID', '3386'), ('ROS_DISTRO', 'humble'), ('GTK_IM_MODULE', 'ibus'), ('LOGNAME', 'apaul'), ('JOURNAL_STREAM', '8:36620'), ('_', '/usr/bin/colcon'), ('ROS_VERSION', '2'), ('XDG_SESSION_CLASS', 'user'), ('USERNAME', 'apaul'), ('TERM', 'xterm-256color'), ('GNOME_DESKTOP_SESSION_ID', 'this-is-deprecated'), ('ROS_LOCALHOST_ONLY', '0'), ('WINDOWPATH', '2'), ('PATH', '/opt/ros/humble/bin:/usr/local/sbin:/usr/local/bin:/usr/sbin:/usr/bin:/sbin:/bin:/usr/games:/usr/local/games:/snap/bin:/snap/bin'), ('SESSION_MANAGER', 'local/gtlpc108.georgiatech-metz.fr:@/tmp/.ICE-unix/2414,unix/gtlpc108.georgiatech-metz.fr:/tmp/.ICE-unix/2414'), ('INVOCATION_ID', '2d5e767462ae4c3d8dce90902bcbe92c'), ('XDG_MENU_PREFIX', 'gnome-'), ('XDG_RUNTIME_DIR', '/run/user/37726'), ('DISPLAY', ':1'), ('TERMINATOR_DBUS_PATH', '/net/tenshu/Terminator2'), ('LANG', 'en_US.UTF-8'), ('XDG_CURRENT_DESKTOP', 'ubuntu:GNOME'), ('IBUS_DISABLE_SNOOPER', '1'), ('RMW_IMPLEMENTATION', 'rmw_cyclonedds_cpp'), ('XMODIFIERS', '@im=ibus'), ('XDG_SESSION_DESKTOP', 'ubuntu'), ('XAUTHORITY', '/run/user/37726/gdm/Xauthority'), ('SSH_AGENT_LAUNCHER', 'gnome-keyring'), ('SSH_AUTH_SOCK', '/run/user/37726/keyring/ssh'), ('ROS_DOMAIN_ID', '58'), ('AMENT_PREFIX_PATH', '/home/GTL/apaul/ros2_hw1/install/cs7630_msgs:/opt/ros/humble'), ('SHELL', '/bin/bash'), ('TERMINATOR_UUID', 'urn:uuid:254aed36-f209-4698-9d86-93dcbe7eb139'), ('KRB5CCNAME', 'FILE:/tmp/krb5cc_37726'), ('QT_ACCESSIBILITY', '1'), ('GDMSESSION', 'ubuntu'), ('GPG_AGENT_INFO', '/run/user/37726/gnupg/S.gpg-agent:0:1'), ('QT_IM_MODULE', 'ibus'), ('PWD', '/home/GTL/apaul/ros2_hw1/build/occgrid_planner_base'), ('XDG_CONFIG_DIRS', '/etc/xdg/xdg-ubuntu:/etc/xdg'), ('XDG_DATA_DIRS', '/usr/share/ubuntu:/usr/share/gnome:/usr/local/share/:/usr/share/:/var/lib/snapd/desktop'), ('PYTHONPATH', '/home/GTL/apaul/ros2_hw1/install/cs7630_msgs/local/lib/python3.10/dist-packages:/opt/ros/humble/lib/python3.10/site-packages:/opt/ros/humble/local/lib/python3.10/dist-packages'), ('COLCON', '1'), ('VTE_VERSION', '6800'), ('CMAKE_PREFIX_PATH', '/home/GTL/apaul/ros2_hw1/install/cs7630_msgs:/opt/ros/humble')]), 'shell': False}
[0.055561] (occgrid_planner_base) StdoutLine: {'line': b'\x1b[35m\x1b[1mConsolidate compiler generated dependencies of target occgrid_planner_base\x1b[0m\n'}
[0.071513] (occgrid_planner_base) StdoutLine: {'line': b'[ 66%] Built target path_follower_base\n'}
[0.071662] (occgrid_planner_base) StdoutLine: {'line': b'[ 66%] Built target path_optimizer_base\n'}
[0.097421] (occgrid_planner_base) StdoutLine: {'line': b'[ 83%] \x1b[32mBuilding CXX object CMakeFiles/occgrid_planner_base.dir/src/occgrid_planner.cpp.o\x1b[0m\n'}
[0.099275] (-) TimerEvent: {}
[0.199468] (-) TimerEvent: {}
[0.299688] (-) TimerEvent: {}
[0.399913] (-) TimerEvent: {}
[0.500114] (-) TimerEvent: {}
[0.600417] (-) TimerEvent: {}
[0.700618] (-) TimerEvent: {}
[0.800836] (-) TimerEvent: {}
[0.901077] (-) TimerEvent: {}
[1.001291] (-) TimerEvent: {}
[1.101505] (-) TimerEvent: {}
[1.201735] (-) TimerEvent: {}
[1.301964] (-) TimerEvent: {}
[1.402227] (-) TimerEvent: {}
[1.502462] (-) TimerEvent: {}
[1.602685] (-) TimerEvent: {}
[1.702923] (-) TimerEvent: {}
[1.803152] (-) TimerEvent: {}
[1.903377] (-) TimerEvent: {}
[2.003622] (-) TimerEvent: {}
[2.103932] (-) TimerEvent: {}
[2.204181] (-) TimerEvent: {}
[2.304416] (-) TimerEvent: {}
[2.404635] (-) TimerEvent: {}
[2.504903] (-) TimerEvent: {}
[2.605223] (-) TimerEvent: {}
[2.705554] (-) TimerEvent: {}
[2.805803] (-) TimerEvent: {}
[2.906034] (-) TimerEvent: {}
[3.006279] (-) TimerEvent: {}
[3.106539] (-) TimerEvent: {}
[3.206792] (-) TimerEvent: {}
[3.307013] (-) TimerEvent: {}
[3.407235] (-) TimerEvent: {}
[3.507461] (-) TimerEvent: {}
[3.607684] (-) TimerEvent: {}
[3.707950] (-) TimerEvent: {}
[3.808212] (-) TimerEvent: {}
[3.908449] (-) TimerEvent: {}
[4.008676] (-) TimerEvent: {}
[4.108917] (-) TimerEvent: {}
[4.209179] (-) TimerEvent: {}
[4.309418] (-) TimerEvent: {}
[4.409655] (-) TimerEvent: {}
[4.509902] (-) TimerEvent: {}
[4.610130] (-) TimerEvent: {}
[4.710378] (-) TimerEvent: {}
[4.810629] (-) TimerEvent: {}
[4.910888] (-) TimerEvent: {}
[5.011146] (-) TimerEvent: {}
[5.111401] (-) TimerEvent: {}
[5.211682] (-) TimerEvent: {}
[5.311939] (-) TimerEvent: {}
[5.412168] (-) TimerEvent: {}
[5.512420] (-) TimerEvent: {}
[5.612673] (-) TimerEvent: {}
[5.712896] (-) TimerEvent: {}
[5.813183] (-) TimerEvent: {}
[5.913443] (-) TimerEvent: {}
[6.013708] (-) TimerEvent: {}
[6.113954] (-) TimerEvent: {}
[6.214209] (-) TimerEvent: {}
[6.314489] (-) TimerEvent: {}
[6.414712] (-) TimerEvent: {}
[6.514961] (-) TimerEvent: {}
[6.615217] (-) TimerEvent: {}
[6.715472] (-) TimerEvent: {}
[6.815728] (-) TimerEvent: {}
[6.916019] (-) TimerEvent: {}
[7.016282] (-) TimerEvent: {}
[7.116538] (-) TimerEvent: {}
[7.216810] (-) TimerEvent: {}
[7.317063] (-) TimerEvent: {}
[7.417292] (-) TimerEvent: {}
[7.517533] (-) TimerEvent: {}
[7.617749] (-) TimerEvent: {}
[7.717990] (-) TimerEvent: {}
[7.818205] (-) TimerEvent: {}
[7.918464] (-) TimerEvent: {}
[8.018696] (-) TimerEvent: {}
[8.118934] (-) TimerEvent: {}
[8.219169] (-) TimerEvent: {}
[8.319404] (-) TimerEvent: {}
[8.419626] (-) TimerEvent: {}
[8.519908] (-) TimerEvent: {}
[8.620136] (-) TimerEvent: {}
[8.720362] (-) TimerEvent: {}
[8.820585] (-) TimerEvent: {}
[8.920909] (-) TimerEvent: {}
[9.021167] (-) TimerEvent: {}
[9.121392] (-) TimerEvent: {}
[9.221609] (-) TimerEvent: {}
[9.321829] (-) TimerEvent: {}
[9.422095] (-) TimerEvent: {}
[9.522342] (-) TimerEvent: {}
[9.622585] (-) TimerEvent: {}
[9.722870] (-) TimerEvent: {}
[9.823131] (-) TimerEvent: {}
[9.923372] (-) TimerEvent: {}
[10.023622] (-) TimerEvent: {}
[10.123848] (-) TimerEvent: {}
[10.224066] (-) TimerEvent: {}
[10.324285] (-) TimerEvent: {}
[10.424546] (-) TimerEvent: {}
[10.524786] (-) TimerEvent: {}
[10.625068] (-) TimerEvent: {}
[10.725307] (-) TimerEvent: {}
[10.825547] (-) TimerEvent: {}
[10.925765] (-) TimerEvent: {}
[11.026015] (-) TimerEvent: {}
[11.126266] (-) TimerEvent: {}
[11.226538] (-) TimerEvent: {}
[11.326826] (-) TimerEvent: {}
[11.427053] (-) TimerEvent: {}
[11.527301] (-) TimerEvent: {}
[11.627520] (-) TimerEvent: {}
[11.727739] (-) TimerEvent: {}
[11.827956] (-) TimerEvent: {}
[11.928213] (-) TimerEvent: {}
[12.028426] (-) TimerEvent: {}
[12.128689] (-) TimerEvent: {}
[12.228950] (-) TimerEvent: {}
[12.329185] (-) TimerEvent: {}
[12.429437] (-) TimerEvent: {}
[12.529690] (-) TimerEvent: {}
[12.629929] (-) TimerEvent: {}
[12.730148] (-) TimerEvent: {}
[12.830373] (-) TimerEvent: {}
[12.930635] (-) TimerEvent: {}
[13.030856] (-) TimerEvent: {}
[13.131093] (-) TimerEvent: {}
[13.231354] (-) TimerEvent: {}
[13.331648] (-) TimerEvent: {}
[13.431912] (-) TimerEvent: {}
[13.532130] (-) TimerEvent: {}
[13.632344] (-) TimerEvent: {}
[13.732578] (-) TimerEvent: {}
[13.832819] (-) TimerEvent: {}
[13.933041] (-) TimerEvent: {}
[14.033323] (-) TimerEvent: {}
[14.133563] (-) TimerEvent: {}
[14.233819] (-) TimerEvent: {}
[14.334064] (-) TimerEvent: {}
[14.434303] (-) TimerEvent: {}
[14.534526] (-) TimerEvent: {}
[14.634753] (-) TimerEvent: {}
[14.734970] (-) TimerEvent: {}
[14.835208] (-) TimerEvent: {}
[14.935420] (-) TimerEvent: {}
[15.035681] (-) TimerEvent: {}
[15.135933] (-) TimerEvent: {}
[15.236213] (-) TimerEvent: {}
[15.336456] (-) TimerEvent: {}
[15.436702] (-) TimerEvent: {}
[15.536921] (-) TimerEvent: {}
[15.637150] (-) TimerEvent: {}
[15.737406] (-) TimerEvent: {}
[15.837658] (-) TimerEvent: {}
[15.937902] (-) TimerEvent: {}
[16.038161] (-) TimerEvent: {}
[16.138398] (-) TimerEvent: {}
[16.238658] (-) TimerEvent: {}
[16.338885] (-) TimerEvent: {}
[16.439114] (-) TimerEvent: {}
[16.539367] (-) TimerEvent: {}
[16.639646] (-) TimerEvent: {}
[16.739894] (-) TimerEvent: {}
[16.840120] (-) TimerEvent: {}
[16.940385] (-) TimerEvent: {}
[17.040614] (-) TimerEvent: {}
[17.116285] (occgrid_planner_base) StdoutLine: {'line': b'[100%] \x1b[32m\x1b[1mLinking CXX executable occgrid_planner_base\x1b[0m\n'}
[17.140710] (-) TimerEvent: {}
[17.240949] (-) TimerEvent: {}
[17.341171] (-) TimerEvent: {}
[17.441426] (-) TimerEvent: {}
[17.541669] (-) TimerEvent: {}
[17.641919] (-) TimerEvent: {}
[17.742129] (-) TimerEvent: {}
[17.842333] (-) TimerEvent: {}
[17.942536] (-) TimerEvent: {}
[18.042800] (-) TimerEvent: {}
[18.143081] (-) TimerEvent: {}
[18.243340] (-) TimerEvent: {}
[18.274956] (occgrid_planner_base) StdoutLine: {'line': b'[100%] Built target occgrid_planner_base\n'}
[18.343444] (-) TimerEvent: {}
[18.443674] (-) TimerEvent: {}
[18.478974] (occgrid_planner_base) CommandEnded: {'returncode': 0}
[18.543749] (-) TimerEvent: {}
[18.552578] (occgrid_planner_base) JobProgress: {'identifier': 'occgrid_planner_base', 'progress': 'install'}
[18.558639] (occgrid_planner_base) Command: {'cmd': ['/usr/bin/cmake', '--install', '/home/GTL/apaul/ros2_hw1/build/occgrid_planner_base'], 'cwd': '/home/GTL/apaul/ros2_hw1/build/occgrid_planner_base', 'env': OrderedDict([('USER', 'apaul'), ('XDG_SESSION_TYPE', 'x11'), ('SHLVL', '1'), ('LD_LIBRARY_PATH', '/home/GTL/apaul/ros2_hw1/install/cs7630_msgs/lib:/usr/lib/x86_64-linux-gnu/gazebo-11/plugins:/opt/ros/humble/opt/rviz_ogre_vendor/lib:/opt/ros/humble/lib/x86_64-linux-gnu:/opt/ros/humble/lib'), ('HOME', '/home/GTL/apaul'), ('CYCLONEDDS_URI', '/cs-share/pradalier/gtlpc_cyclonedds.xml'), ('DESKTOP_SESSION', 'ubuntu'), ('ROS_PYTHON_VERSION', '3'), ('GNOME_SHELL_SESSION_MODE', 'ubuntu'), ('GTK_MODULES', 'gail:atk-bridge'), ('MANAGERPID', '2242'), ('SYSTEMD_EXEC_PID', '2598'), ('DBUS_SESSION_BUS_ADDRESS', 'unix:path=/run/user/37726/bus'), ('COLORTERM', 'truecolor'), ('TERMINATOR_DBUS_NAME', 'net.tenshu.Terminator23558193cd9818af7fe4d2c2f5bd9d00f'), ('GIO_LAUNCHED_DESKTOP_FILE_PID', '3386'), ('ROS_DISTRO', 'humble'), ('GTK_IM_MODULE', 'ibus'), ('LOGNAME', 'apaul'), ('JOURNAL_STREAM', '8:36620'), ('_', '/usr/bin/colcon'), ('ROS_VERSION', '2'), ('XDG_SESSION_CLASS', 'user'), ('USERNAME', 'apaul'), ('TERM', 'xterm-256color'), ('GNOME_DESKTOP_SESSION_ID', 'this-is-deprecated'), ('ROS_LOCALHOST_ONLY', '0'), ('WINDOWPATH', '2'), ('PATH', '/opt/ros/humble/bin:/usr/local/sbin:/usr/local/bin:/usr/sbin:/usr/bin:/sbin:/bin:/usr/games:/usr/local/games:/snap/bin:/snap/bin'), ('SESSION_MANAGER', 'local/gtlpc108.georgiatech-metz.fr:@/tmp/.ICE-unix/2414,unix/gtlpc108.georgiatech-metz.fr:/tmp/.ICE-unix/2414'), ('INVOCATION_ID', '2d5e767462ae4c3d8dce90902bcbe92c'), ('XDG_MENU_PREFIX', 'gnome-'), ('XDG_RUNTIME_DIR', '/run/user/37726'), ('DISPLAY', ':1'), ('TERMINATOR_DBUS_PATH', '/net/tenshu/Terminator2'), ('LANG', 'en_US.UTF-8'), ('XDG_CURRENT_DESKTOP', 'ubuntu:GNOME'), ('IBUS_DISABLE_SNOOPER', '1'), ('RMW_IMPLEMENTATION', 'rmw_cyclonedds_cpp'), ('XMODIFIERS', '@im=ibus'), ('XDG_SESSION_DESKTOP', 'ubuntu'), ('XAUTHORITY', '/run/user/37726/gdm/Xauthority'), ('SSH_AGENT_LAUNCHER', 'gnome-keyring'), ('SSH_AUTH_SOCK', '/run/user/37726/keyring/ssh'), ('ROS_DOMAIN_ID', '58'), ('AMENT_PREFIX_PATH', '/home/GTL/apaul/ros2_hw1/install/cs7630_msgs:/opt/ros/humble'), ('SHELL', '/bin/bash'), ('TERMINATOR_UUID', 'urn:uuid:254aed36-f209-4698-9d86-93dcbe7eb139'), ('KRB5CCNAME', 'FILE:/tmp/krb5cc_37726'), ('QT_ACCESSIBILITY', '1'), ('GDMSESSION', 'ubuntu'), ('GPG_AGENT_INFO', '/run/user/37726/gnupg/S.gpg-agent:0:1'), ('QT_IM_MODULE', 'ibus'), ('PWD', '/home/GTL/apaul/ros2_hw1/build/occgrid_planner_base'), ('XDG_CONFIG_DIRS', '/etc/xdg/xdg-ubuntu:/etc/xdg'), ('XDG_DATA_DIRS', '/usr/share/ubuntu:/usr/share/gnome:/usr/local/share/:/usr/share/:/var/lib/snapd/desktop'), ('PYTHONPATH', '/home/GTL/apaul/ros2_hw1/install/cs7630_msgs/local/lib/python3.10/dist-packages:/opt/ros/humble/lib/python3.10/site-packages:/opt/ros/humble/local/lib/python3.10/dist-packages'), ('COLCON', '1'), ('VTE_VERSION', '6800'), ('CMAKE_PREFIX_PATH', '/home/GTL/apaul/ros2_hw1/install/cs7630_msgs:/opt/ros/humble')]), 'shell': False}
[18.563750] (occgrid_planner_base) StdoutLine: {'line': b'-- Install configuration: ""\n'}
[18.564417] (occgrid_planner_base) StdoutLine: {'line': b'-- Installing: /home/GTL/apaul/ros2_hw1/install/occgrid_planner_base/lib/occgrid_planner_base/occgrid_planner_base\n'}
[18.643886] (-) TimerEvent: {}
[18.744156] (-) TimerEvent: {}
[18.752333] (occgrid_planner_base) StdoutLine: {'line': b'-- Set runtime path of "/home/GTL/apaul/ros2_hw1/install/occgrid_planner_base/lib/occgrid_planner_base/occgrid_planner_base" to ""\n'}
[18.752919] (occgrid_planner_base) StdoutLine: {'line': b'-- Up-to-date: /home/GTL/apaul/ros2_hw1/install/occgrid_planner_base/lib/occgrid_planner_base/path_optimizer_base\n'}
[18.756726] (occgrid_planner_base) StdoutLine: {'line': b'-- Up-to-date: /home/GTL/apaul/ros2_hw1/install/occgrid_planner_base/lib/occgrid_planner_base/path_follower_base\n'}
[18.760128] (occgrid_planner_base) StdoutLine: {'line': b'-- Up-to-date: /home/GTL/apaul/ros2_hw1/install/occgrid_planner_base/share/occgrid_planner_base\n'}
[18.761507] (occgrid_planner_base) StdoutLine: {'line': b'-- Up-to-date: /home/GTL/apaul/ros2_hw1/install/occgrid_planner_base/share/occgrid_planner_base/planner.launch.py\n'}
[18.762098] (occgrid_planner_base) StdoutLine: {'line': b'-- Up-to-date: /home/GTL/apaul/ros2_hw1/install/occgrid_planner_base/share/occgrid_planner_base/mapper_params_online_sync.yaml\n'}
[18.762319] (occgrid_planner_base) StdoutLine: {'line': b'-- Up-to-date: /home/GTL/apaul/ros2_hw1/install/occgrid_planner_base/share/occgrid_planner_base/slam_tb_sync.launch.py\n'}
[18.762765] (occgrid_planner_base) StdoutLine: {'line': b'-- Up-to-date: /home/GTL/apaul/ros2_hw1/install/occgrid_planner_base/share/occgrid_planner_base/mapper_params_tb_sync.yaml\n'}
[18.763002] (occgrid_planner_base) StdoutLine: {'line': b'-- Up-to-date: /home/GTL/apaul/ros2_hw1/install/occgrid_planner_base/share/occgrid_planner_base/slam_online_sync.launch.py\n'}
[18.763232] (occgrid_planner_base) StdoutLine: {'line': b'-- Up-to-date: /home/GTL/apaul/ros2_hw1/install/occgrid_planner_base/share/occgrid_planner_base/__pycache__\n'}
[18.763974] (occgrid_planner_base) StdoutLine: {'line': b'-- Up-to-date: /home/GTL/apaul/ros2_hw1/install/occgrid_planner_base/share/occgrid_planner_base/__pycache__/slam_online_sync.launch.cpython-310.pyc\n'}
[18.764378] (occgrid_planner_base) StdoutLine: {'line': b'-- Installing: /home/GTL/apaul/ros2_hw1/install/occgrid_planner_base/share/occgrid_planner_base/__pycache__/planner.launch.cpython-310.pyc\n'}
[18.770279] (occgrid_planner_base) StdoutLine: {'line': b'-- Up-to-date: /home/GTL/apaul/ros2_hw1/install/occgrid_planner_base/share/ament_index/resource_index/package_run_dependencies/occgrid_planner_base\n'}
[18.770525] (occgrid_planner_base) StdoutLine: {'line': b'-- Up-to-date: /home/GTL/apaul/ros2_hw1/install/occgrid_planner_base/share/ament_index/resource_index/parent_prefix_path/occgrid_planner_base\n'}
[18.771220] (occgrid_planner_base) StdoutLine: {'line': b'-- Up-to-date: /home/GTL/apaul/ros2_hw1/install/occgrid_planner_base/share/occgrid_planner_base/environment/ament_prefix_path.sh\n'}
[18.771449] (occgrid_planner_base) StdoutLine: {'line': b'-- Up-to-date: /home/GTL/apaul/ros2_hw1/install/occgrid_planner_base/share/occgrid_planner_base/environment/ament_prefix_path.dsv\n'}
[18.772139] (occgrid_planner_base) StdoutLine: {'line': b'-- Up-to-date: /home/GTL/apaul/ros2_hw1/install/occgrid_planner_base/share/occgrid_planner_base/environment/path.sh\n'}
[18.772387] (occgrid_planner_base) StdoutLine: {'line': b'-- Up-to-date: /home/GTL/apaul/ros2_hw1/install/occgrid_planner_base/share/occgrid_planner_base/environment/path.dsv\n'}
[18.772621] (occgrid_planner_base) StdoutLine: {'line': b'-- Up-to-date: /home/GTL/apaul/ros2_hw1/install/occgrid_planner_base/share/occgrid_planner_base/local_setup.bash\n'}
[18.773420] (occgrid_planner_base) StdoutLine: {'line': b'-- Up-to-date: /home/GTL/apaul/ros2_hw1/install/occgrid_planner_base/share/occgrid_planner_base/local_setup.sh\n'}
[18.773629] (occgrid_planner_base) StdoutLine: {'line': b'-- Up-to-date: /home/GTL/apaul/ros2_hw1/install/occgrid_planner_base/share/occgrid_planner_base/local_setup.zsh\n'}
[18.773927] (occgrid_planner_base) StdoutLine: {'line': b'-- Up-to-date: /home/GTL/apaul/ros2_hw1/install/occgrid_planner_base/share/occgrid_planner_base/local_setup.dsv\n'}
[18.774148] (occgrid_planner_base) StdoutLine: {'line': b'-- Installing: /home/GTL/apaul/ros2_hw1/install/occgrid_planner_base/share/occgrid_planner_base/package.dsv\n'}
[18.779159] (occgrid_planner_base) StdoutLine: {'line': b'-- Up-to-date: /home/GTL/apaul/ros2_hw1/install/occgrid_planner_base/share/ament_index/resource_index/packages/occgrid_planner_base\n'}
[18.779407] (occgrid_planner_base) StdoutLine: {'line': b'-- Up-to-date: /home/GTL/apaul/ros2_hw1/install/occgrid_planner_base/share/occgrid_planner_base/cmake/occgrid_planner_baseConfig.cmake\n'}
[18.780086] (occgrid_planner_base) StdoutLine: {'line': b'-- Up-to-date: /home/GTL/apaul/ros2_hw1/install/occgrid_planner_base/share/occgrid_planner_base/cmake/occgrid_planner_baseConfig-version.cmake\n'}
[18.780732] (occgrid_planner_base) StdoutLine: {'line': b'-- Up-to-date: /home/GTL/apaul/ros2_hw1/install/occgrid_planner_base/share/occgrid_planner_base/package.xml\n'}
[18.783710] (occgrid_planner_base) CommandEnded: {'returncode': 0}
[18.844268] (-) TimerEvent: {}
[18.851660] (occgrid_planner_base) JobEnded: {'identifier': 'occgrid_planner_base', 'rc': 0}
[18.853563] (-) EventReactorShutdown: {}
