[1.708s] Invoking command in '/home/GTL/apaul/ros2_hw1/src/keyboard_teleop': PYTHONPATH=/home/GTL/apaul/ros2_hw1/build/keyboard_teleop/prefix_override:/usr/lib/python3/dist-packages/colcon_core/task/python/colcon_distutils_commands:/home/GTL/apaul/ros2_hw1/install/keyboard_teleop/lib/python3.10/site-packages:${PYTHONPATH} /usr/bin/python3 -W ignore:setup.py install is deprecated setup.py egg_info --egg-base ../../build/keyboard_teleop build --build-base /home/GTL/apaul/ros2_hw1/build/keyboard_teleop/build install --record /home/GTL/apaul/ros2_hw1/build/keyboard_teleop/install.log --single-version-externally-managed install_data
[2.086s] running egg_info
[2.086s] creating ../../build/keyboard_teleop/keyboard_teleop.egg-info
[2.086s] writing ../../build/keyboard_teleop/keyboard_teleop.egg-info/PKG-INFO
[2.086s] writing dependency_links to ../../build/keyboard_teleop/keyboard_teleop.egg-info/dependency_links.txt
[2.086s] writing entry points to ../../build/keyboard_teleop/keyboard_teleop.egg-info/entry_points.txt
[2.086s] writing requirements to ../../build/keyboard_teleop/keyboard_teleop.egg-info/requires.txt
[2.086s] writing top-level names to ../../build/keyboard_teleop/keyboard_teleop.egg-info/top_level.txt
[2.086s] writing manifest file '../../build/keyboard_teleop/keyboard_teleop.egg-info/SOURCES.txt'
[2.086s] reading manifest file '../../build/keyboard_teleop/keyboard_teleop.egg-info/SOURCES.txt'
[2.086s] writing manifest file '../../build/keyboard_teleop/keyboard_teleop.egg-info/SOURCES.txt'
[2.086s] running build
[2.086s] running build_py
[2.086s] creating /home/GTL/apaul/ros2_hw1/build/keyboard_teleop/build
[2.086s] creating /home/GTL/apaul/ros2_hw1/build/keyboard_teleop/build/lib
[2.086s] creating /home/GTL/apaul/ros2_hw1/build/keyboard_teleop/build/lib/keyboard_teleop
[2.087s] copying keyboard_teleop/teleop.py -> /home/GTL/apaul/ros2_hw1/build/keyboard_teleop/build/lib/keyboard_teleop
[2.087s] copying keyboard_teleop/__init__.py -> /home/GTL/apaul/ros2_hw1/build/keyboard_teleop/build/lib/keyboard_teleop
[2.087s] copying keyboard_teleop/keyboard_joy.py -> /home/GTL/apaul/ros2_hw1/build/keyboard_teleop/build/lib/keyboard_teleop
[2.087s] running install
[2.087s] running install_lib
[2.087s] creating /home/GTL/apaul/ros2_hw1/install/keyboard_teleop/lib/python3.10/site-packages/keyboard_teleop
[2.087s] copying /home/GTL/apaul/ros2_hw1/build/keyboard_teleop/build/lib/keyboard_teleop/teleop.py -> /home/GTL/apaul/ros2_hw1/install/keyboard_teleop/lib/python3.10/site-packages/keyboard_teleop
[2.087s] copying /home/GTL/apaul/ros2_hw1/build/keyboard_teleop/build/lib/keyboard_teleop/__init__.py -> /home/GTL/apaul/ros2_hw1/install/keyboard_teleop/lib/python3.10/site-packages/keyboard_teleop
[2.087s] copying /home/GTL/apaul/ros2_hw1/build/keyboard_teleop/build/lib/keyboard_teleop/keyboard_joy.py -> /home/GTL/apaul/ros2_hw1/install/keyboard_teleop/lib/python3.10/site-packages/keyboard_teleop
[2.087s] byte-compiling /home/GTL/apaul/ros2_hw1/install/keyboard_teleop/lib/python3.10/site-packages/keyboard_teleop/teleop.py to teleop.cpython-310.pyc
[2.087s] byte-compiling /home/GTL/apaul/ros2_hw1/install/keyboard_teleop/lib/python3.10/site-packages/keyboard_teleop/__init__.py to __init__.cpython-310.pyc
[2.087s] byte-compiling /home/GTL/apaul/ros2_hw1/install/keyboard_teleop/lib/python3.10/site-packages/keyboard_teleop/keyboard_joy.py to keyboard_joy.cpython-310.pyc
[2.087s] running install_data
[2.087s] creating /home/GTL/apaul/ros2_hw1/install/keyboard_teleop/share/ament_index
[2.087s] creating /home/GTL/apaul/ros2_hw1/install/keyboard_teleop/share/ament_index/resource_index
[2.087s] creating /home/GTL/apaul/ros2_hw1/install/keyboard_teleop/share/ament_index/resource_index/packages
[2.087s] copying resource/keyboard_teleop -> /home/GTL/apaul/ros2_hw1/install/keyboard_teleop/share/ament_index/resource_index/packages
[2.087s] copying package.xml -> /home/GTL/apaul/ros2_hw1/install/keyboard_teleop/share/keyboard_teleop
[2.087s] running install_egg_info
[2.087s] Copying ../../build/keyboard_teleop/keyboard_teleop.egg-info to /home/GTL/apaul/ros2_hw1/install/keyboard_teleop/lib/python3.10/site-packages/keyboard_teleop-0.0.0-py3.10.egg-info
[2.087s] running install_scripts
[2.087s] Installing keyboard_joystick_node script to /home/GTL/apaul/ros2_hw1/install/keyboard_teleop/lib/keyboard_teleop
[2.087s] Installing keyboard_teleop_node script to /home/GTL/apaul/ros2_hw1/install/keyboard_teleop/lib/keyboard_teleop
[2.088s] writing list of installed files to '/home/GTL/apaul/ros2_hw1/build/keyboard_teleop/install.log'
[2.175s] Invoked command in '/home/GTL/apaul/ros2_hw1/src/keyboard_teleop' returned '0': PYTHONPATH=/home/GTL/apaul/ros2_hw1/build/keyboard_teleop/prefix_override:/usr/lib/python3/dist-packages/colcon_core/task/python/colcon_distutils_commands:/home/GTL/apaul/ros2_hw1/install/keyboard_teleop/lib/python3.10/site-packages:${PYTHONPATH} /usr/bin/python3 -W ignore:setup.py install is deprecated setup.py egg_info --egg-base ../../build/keyboard_teleop build --build-base /home/GTL/apaul/ros2_hw1/build/keyboard_teleop/build install --record /home/GTL/apaul/ros2_hw1/build/keyboard_teleop/install.log --single-version-externally-managed install_data
