[0.380s] Invoking command in '/home/GTL/pcastere/ros_hw1/ros2_hw1/build/collision_avoidance_base': CMAKE_PREFIX_PATH=${CMAKE_PREFIX_PATH}:/home/GTL/pcastere/ros_hw1/ros2_hw1/install/vrep_ros_teleop:/home/GTL/pcastere/ros_hw1/ros2_hw1/install/task_manager_client_py:/home/GTL/pcastere/ros_hw1/ros2_hw1/install/rover_driver_base:/home/GTL/pcastere/ros_hw1/ros2_hw1/install/keyboard_teleop:/home/GTL/pcastere/ros_hw1/ros2_hw1/install/face_detect_base:/home/GTL/pcastere/ros_hw1/ros2_hw1/install/button_server:/opt/ros/humble /usr/bin/cmake --build /home/GTL/pcastere/ros_hw1/ros2_hw1/build/collision_avoidance_base -- -j16 -l16
[0.884s] [100%] Built target collision_avoidance_base
[1.125s] Invoked command in '/home/GTL/pcastere/ros_hw1/ros2_hw1/build/collision_avoidance_base' returned '0': CMAKE_PREFIX_PATH=${CMAKE_PREFIX_PATH}:/home/GTL/pcastere/ros_hw1/ros2_hw1/install/vrep_ros_teleop:/home/GTL/pcastere/ros_hw1/ros2_hw1/install/task_manager_client_py:/home/GTL/pcastere/ros_hw1/ros2_hw1/install/rover_driver_base:/home/GTL/pcastere/ros_hw1/ros2_hw1/install/keyboard_teleop:/home/GTL/pcastere/ros_hw1/ros2_hw1/install/face_detect_base:/home/GTL/pcastere/ros_hw1/ros2_hw1/install/button_server:/opt/ros/humble /usr/bin/cmake --build /home/GTL/pcastere/ros_hw1/ros2_hw1/build/collision_avoidance_base -- -j16 -l16
[1.167s] Invoking command in '/home/GTL/pcastere/ros_hw1/ros2_hw1/build/collision_avoidance_base': CMAKE_PREFIX_PATH=${CMAKE_PREFIX_PATH}:/home/GTL/pcastere/ros_hw1/ros2_hw1/install/vrep_ros_teleop:/home/GTL/pcastere/ros_hw1/ros2_hw1/install/task_manager_client_py:/home/GTL/pcastere/ros_hw1/ros2_hw1/install/rover_driver_base:/home/GTL/pcastere/ros_hw1/ros2_hw1/install/keyboard_teleop:/home/GTL/pcastere/ros_hw1/ros2_hw1/install/face_detect_base:/home/GTL/pcastere/ros_hw1/ros2_hw1/install/button_server:/opt/ros/humble /usr/bin/cmake --install /home/GTL/pcastere/ros_hw1/ros2_hw1/build/collision_avoidance_base
[1.174s] -- Install configuration: ""
[1.174s] -- Up-to-date: /home/GTL/pcastere/ros_hw1/ros2_hw1/install/collision_avoidance_base/lib/collision_avoidance_base/collision_avoidance_base
[1.175s] -- Up-to-date: /home/GTL/pcastere/ros_hw1/ros2_hw1/install/collision_avoidance_base/share/collision_avoidance_base
[1.179s] -- Up-to-date: /home/GTL/pcastere/ros_hw1/ros2_hw1/install/collision_avoidance_base/share/collision_avoidance_base/coll_teleop.launch.py
[1.179s] -- Up-to-date: /home/GTL/pcastere/ros_hw1/ros2_hw1/install/collision_avoidance_base/share/collision_avoidance_base/ca_auto.launch.py
[1.179s] -- Up-to-date: /home/GTL/pcastere/ros_hw1/ros2_hw1/install/collision_avoidance_base/share/collision_avoidance_base/ca.launch.py
[1.179s] -- Up-to-date: /home/GTL/pcastere/ros_hw1/ros2_hw1/install/collision_avoidance_base/share/collision_avoidance_base/__pycache__
[1.179s] -- Up-to-date: /home/GTL/pcastere/ros_hw1/ros2_hw1/install/collision_avoidance_base/share/collision_avoidance_base/__pycache__/coll_teleop.launch.cpython-310.pyc
[1.180s] -- Up-to-date: /home/GTL/pcastere/ros_hw1/ros2_hw1/install/collision_avoidance_base/share/collision_avoidance_base/__pycache__/ca.launch.cpython-310.pyc
[1.180s] -- Up-to-date: /home/GTL/pcastere/ros_hw1/ros2_hw1/install/collision_avoidance_base/share/ament_index/resource_index/package_run_dependencies/collision_avoidance_base
[1.181s] -- Up-to-date: /home/GTL/pcastere/ros_hw1/ros2_hw1/install/collision_avoidance_base/share/ament_index/resource_index/parent_prefix_path/collision_avoidance_base
[1.181s] -- Up-to-date: /home/GTL/pcastere/ros_hw1/ros2_hw1/install/collision_avoidance_base/share/collision_avoidance_base/environment/ament_prefix_path.sh
[1.182s] -- Up-to-date: /home/GTL/pcastere/ros_hw1/ros2_hw1/install/collision_avoidance_base/share/collision_avoidance_base/environment/ament_prefix_path.dsv
[1.182s] -- Up-to-date: /home/GTL/pcastere/ros_hw1/ros2_hw1/install/collision_avoidance_base/share/collision_avoidance_base/environment/path.sh
[1.183s] -- Up-to-date: /home/GTL/pcastere/ros_hw1/ros2_hw1/install/collision_avoidance_base/share/collision_avoidance_base/environment/path.dsv
[1.184s] -- Up-to-date: /home/GTL/pcastere/ros_hw1/ros2_hw1/install/collision_avoidance_base/share/collision_avoidance_base/local_setup.bash
[1.184s] -- Up-to-date: /home/GTL/pcastere/ros_hw1/ros2_hw1/install/collision_avoidance_base/share/collision_avoidance_base/local_setup.sh
[1.184s] -- Up-to-date: /home/GTL/pcastere/ros_hw1/ros2_hw1/install/collision_avoidance_base/share/collision_avoidance_base/local_setup.zsh
[1.185s] -- Up-to-date: /home/GTL/pcastere/ros_hw1/ros2_hw1/install/collision_avoidance_base/share/collision_avoidance_base/local_setup.dsv
[1.186s] -- Installing: /home/GTL/pcastere/ros_hw1/ros2_hw1/install/collision_avoidance_base/share/collision_avoidance_base/package.dsv
[1.189s] -- Up-to-date: /home/GTL/pcastere/ros_hw1/ros2_hw1/install/collision_avoidance_base/share/ament_index/resource_index/packages/collision_avoidance_base
[1.190s] -- Up-to-date: /home/GTL/pcastere/ros_hw1/ros2_hw1/install/collision_avoidance_base/share/collision_avoidance_base/cmake/collision_avoidance_baseConfig.cmake
[1.190s] -- Up-to-date: /home/GTL/pcastere/ros_hw1/ros2_hw1/install/collision_avoidance_base/share/collision_avoidance_base/cmake/collision_avoidance_baseConfig-version.cmake
[1.191s] -- Up-to-date: /home/GTL/pcastere/ros_hw1/ros2_hw1/install/collision_avoidance_base/share/collision_avoidance_base/package.xml
[1.251s] Invoked command in '/home/GTL/pcastere/ros_hw1/ros2_hw1/build/collision_avoidance_base' returned '0': CMAKE_PREFIX_PATH=${CMAKE_PREFIX_PATH}:/home/GTL/pcastere/ros_hw1/ros2_hw1/install/vrep_ros_teleop:/home/GTL/pcastere/ros_hw1/ros2_hw1/install/task_manager_client_py:/home/GTL/pcastere/ros_hw1/ros2_hw1/install/rover_driver_base:/home/GTL/pcastere/ros_hw1/ros2_hw1/install/keyboard_teleop:/home/GTL/pcastere/ros_hw1/ros2_hw1/install/face_detect_base:/home/GTL/pcastere/ros_hw1/ros2_hw1/install/button_server:/opt/ros/humble /usr/bin/cmake --install /home/GTL/pcastere/ros_hw1/ros2_hw1/build/collision_avoidance_base
