[0.100s] Invoking command in '/home/GTL/apaul/ros2_hw1/build/task_manager_lib': AMENT_PREFIX_PATH=/home/GTL/apaul/ros2_hw1/install/task_manager_msgs:${AMENT_PREFIX_PATH} CMAKE_PREFIX_PATH=/home/GTL/apaul/ros2_hw1/install/task_manager_msgs:/opt/ros/humble LD_LIBRARY_PATH=/home/GTL/apaul/ros2_hw1/install/task_manager_msgs/lib:${LD_LIBRARY_PATH} PYTHONPATH=/home/GTL/apaul/ros2_hw1/install/task_manager_msgs/local/lib/python3.10/dist-packages:${PYTHONPATH} /usr/bin/cmake /home/GTL/apaul/ros2_hw1/src/ros_task_manager/src/task_manager_lib -DCMAKE_INSTALL_PREFIX=/home/GTL/apaul/ros2_hw1/install/task_manager_lib
[0.182s] -- The C compiler identification is GNU 11.4.0
[0.243s] -- The CXX compiler identification is GNU 11.4.0
[0.254s] -- Detecting C compiler ABI info
[0.378s] -- Detecting C compiler ABI info - done
[0.387s] -- Check for working C compiler: /usr/bin/cc - skipped
[0.387s] -- Detecting C compile features
[0.387s] -- Detecting C compile features - done
[0.398s] -- Detecting CXX compiler ABI info
[0.520s] -- Detecting CXX compiler ABI info - done
[0.528s] -- Check for working CXX compiler: /usr/bin/c++ - skipped
[0.528s] -- Detecting CXX compile features
[0.529s] -- Detecting CXX compile features - done
[0.541s] -- Found ament_cmake: 1.3.8 (/opt/ros/humble/share/ament_cmake/cmake)
[0.647s] -- Found Python3: /usr/bin/python3 (found version "3.10.12") found components: Interpreter 
[0.777s] -- Found rclcpp: 16.0.8 (/opt/ros/humble/share/rclcpp/cmake)
[0.840s] -- Found rosidl_generator_c: 3.1.5 (/opt/ros/humble/share/rosidl_generator_c/cmake)
[0.848s] -- Found rosidl_adapter: 3.1.5 (/opt/ros/humble/share/rosidl_adapter/cmake)
[0.860s] -- Found rosidl_generator_cpp: 3.1.5 (/opt/ros/humble/share/rosidl_generator_cpp/cmake)
[0.876s] -- Using all available rosidl_typesupport_c: rosidl_typesupport_fastrtps_c;rosidl_typesupport_introspection_c
[0.901s] -- Using all available rosidl_typesupport_cpp: rosidl_typesupport_fastrtps_cpp;rosidl_typesupport_introspection_cpp
[0.978s] -- Found rmw_implementation_cmake: 6.1.1 (/opt/ros/humble/share/rmw_implementation_cmake/cmake)
[0.983s] -- Found rmw_cyclonedds_cpp: 1.3.4 (/opt/ros/humble/share/rmw_cyclonedds_cpp/cmake)
[1.022s] -- Using RMW implementation 'rmw_cyclonedds_cpp' as default
[1.044s] -- Looking for pthread.h
[1.156s] -- Looking for pthread.h - found
[1.159s] -- Performing Test CMAKE_HAVE_LIBC_PTHREAD
[1.276s] -- Performing Test CMAKE_HAVE_LIBC_PTHREAD - Success
[1.277s] -- Found Threads: TRUE  
[1.391s] -- Found rclcpp_action: 16.0.8 (/opt/ros/humble/share/rclcpp_action/cmake)
[1.466s] -- Found rclpy: 3.3.12 (/opt/ros/humble/share/rclpy/cmake)
[1.472s] -- Found std_srvs: 4.2.3 (/opt/ros/humble/share/std_srvs/cmake)
[1.490s] -- Found task_manager_msgs: 0.0.0 (/home/GTL/apaul/ros2_hw1/install/task_manager_msgs/share/task_manager_msgs/cmake)
[1.594s] -- Found Boost: /usr/lib/x86_64-linux-gnu/cmake/Boost-1.74.0/BoostConfig.cmake (found version "1.74.0") found components: thread 
[1.600s] -- Found ament_lint_auto: 0.12.10 (/opt/ros/humble/share/ament_lint_auto/cmake)
[1.775s] -- Added test 'copyright' to check source files copyright and LICENSE
[1.801s] -- Added test 'cppcheck' to perform static code analysis on C / C++ code
[1.801s] -- Configured cppcheck include dirs: /home/GTL/apaul/ros2_hw1/src/ros_task_manager/src/task_manager_lib/include
[1.801s] -- Configured cppcheck exclude dirs and/or files: 
[1.819s] -- Added test 'cpplint' to check C / C++ code against the Google style
[1.819s] -- Configured cpplint exclude dirs and/or files: 
[1.823s] -- Added test 'flake8' to check Python code syntax and style conventions
[1.828s] -- Added test 'lint_cmake' to check CMake code style
[1.832s] -- Added test 'pep257' to check Python code against some of the docstring style conventions in PEP 257
[1.849s] -- Added test 'uncrustify' to check C / C++ code style
[1.849s] -- Configured uncrustify additional arguments: 
[1.853s] -- Added test 'xmllint' to check XML markup files
[1.908s] -- Configuring done
[2.101s] -- Generating done
[2.121s] -- Build files have been written to: /home/GTL/apaul/ros2_hw1/build/task_manager_lib
[2.128s] Invoked command in '/home/GTL/apaul/ros2_hw1/build/task_manager_lib' returned '0': AMENT_PREFIX_PATH=/home/GTL/apaul/ros2_hw1/install/task_manager_msgs:${AMENT_PREFIX_PATH} CMAKE_PREFIX_PATH=/home/GTL/apaul/ros2_hw1/install/task_manager_msgs:/opt/ros/humble LD_LIBRARY_PATH=/home/GTL/apaul/ros2_hw1/install/task_manager_msgs/lib:${LD_LIBRARY_PATH} PYTHONPATH=/home/GTL/apaul/ros2_hw1/install/task_manager_msgs/local/lib/python3.10/dist-packages:${PYTHONPATH} /usr/bin/cmake /home/GTL/apaul/ros2_hw1/src/ros_task_manager/src/task_manager_lib -DCMAKE_INSTALL_PREFIX=/home/GTL/apaul/ros2_hw1/install/task_manager_lib
[2.133s] Invoking command in '/home/GTL/apaul/ros2_hw1/build/task_manager_lib': AMENT_PREFIX_PATH=/home/GTL/apaul/ros2_hw1/install/task_manager_msgs:${AMENT_PREFIX_PATH} CMAKE_PREFIX_PATH=/home/GTL/apaul/ros2_hw1/install/task_manager_msgs:/opt/ros/humble LD_LIBRARY_PATH=/home/GTL/apaul/ros2_hw1/install/task_manager_msgs/lib:${LD_LIBRARY_PATH} PYTHONPATH=/home/GTL/apaul/ros2_hw1/install/task_manager_msgs/local/lib/python3.10/dist-packages:${PYTHONPATH} /usr/bin/cmake --build /home/GTL/apaul/ros2_hw1/build/task_manager_lib -- -j16 -l16
[2.199s] [ 60%] [32mBuilding CXX object CMakeFiles/task_manager_lib.dir/src/TaskInstance.cpp.o[0m
[2.202s] [ 60%] [32mBuilding CXX object CMakeFiles/task_manager_lib.dir/src/TaskConfig.cpp.o[0m
[2.202s] [ 60%] [32mBuilding CXX object CMakeFiles/task_manager_lib.dir/src/TaskDefinition.cpp.o[0m
[2.202s] [ 60%] [32mBuilding CXX object CMakeFiles/task_manager_lib.dir/src/DynamicTask.cpp.o[0m
[2.203s] [ 90%] [32mBuilding CXX object CMakeFiles/task_manager_lib.dir/src/TaskWaitDefault.cpp.o[0m
[2.203s] [ 90%] [32mBuilding CXX object CMakeFiles/task_manager_lib.dir/src/TaskScheduler.cpp.o[0m
[2.203s] [ 90%] [32mBuilding CXX object CMakeFiles/task_manager_lib.dir/src/TaskIdleDefault.cpp.o[0m
[2.203s] [ 90%] [32mBuilding CXX object CMakeFiles/task_manager_lib.dir/src/TaskSystem.cpp.o[0m
[2.203s] [ 90%] [32mBuilding CXX object CMakeFiles/task_manager_lib.dir/src/TaskServerDefault.cpp.o[0m
[13.623s] [100%] [32m[1mLinking CXX shared library libtask_manager_lib.so[0m
[16.017s] [100%] Built target task_manager_lib
[16.029s] Invoked command in '/home/GTL/apaul/ros2_hw1/build/task_manager_lib' returned '0': AMENT_PREFIX_PATH=/home/GTL/apaul/ros2_hw1/install/task_manager_msgs:${AMENT_PREFIX_PATH} CMAKE_PREFIX_PATH=/home/GTL/apaul/ros2_hw1/install/task_manager_msgs:/opt/ros/humble LD_LIBRARY_PATH=/home/GTL/apaul/ros2_hw1/install/task_manager_msgs/lib:${LD_LIBRARY_PATH} PYTHONPATH=/home/GTL/apaul/ros2_hw1/install/task_manager_msgs/local/lib/python3.10/dist-packages:${PYTHONPATH} /usr/bin/cmake --build /home/GTL/apaul/ros2_hw1/build/task_manager_lib -- -j16 -l16
[16.054s] Invoking command in '/home/GTL/apaul/ros2_hw1/build/task_manager_lib': AMENT_PREFIX_PATH=/home/GTL/apaul/ros2_hw1/install/task_manager_msgs:${AMENT_PREFIX_PATH} CMAKE_PREFIX_PATH=/home/GTL/apaul/ros2_hw1/install/task_manager_msgs:/opt/ros/humble LD_LIBRARY_PATH=/home/GTL/apaul/ros2_hw1/install/task_manager_msgs/lib:${LD_LIBRARY_PATH} PYTHONPATH=/home/GTL/apaul/ros2_hw1/install/task_manager_msgs/local/lib/python3.10/dist-packages:${PYTHONPATH} /usr/bin/cmake --install /home/GTL/apaul/ros2_hw1/build/task_manager_lib
[16.059s] -- Install configuration: ""
[16.062s] -- Installing: /home/GTL/apaul/ros2_hw1/install/task_manager_lib/lib/libtask_manager_lib.so
[16.314s] -- Set runtime path of "/home/GTL/apaul/ros2_hw1/install/task_manager_lib/lib/libtask_manager_lib.so" to ""
[16.314s] -- Installing: /home/GTL/apaul/ros2_hw1/install/task_manager_lib/include/task_manager_lib
[16.320s] -- Installing: /home/GTL/apaul/ros2_hw1/install/task_manager_lib/include/task_manager_lib/TaskServerDefault.h
[16.326s] -- Installing: /home/GTL/apaul/ros2_hw1/install/task_manager_lib/include/task_manager_lib/TaskWaitDefault.h
[16.331s] -- Installing: /home/GTL/apaul/ros2_hw1/install/task_manager_lib/include/task_manager_lib/TaskClient.h
[16.351s] -- Installing: /home/GTL/apaul/ros2_hw1/install/task_manager_lib/include/task_manager_lib/ServiceStorage.h
[16.356s] -- Installing: /home/GTL/apaul/ros2_hw1/install/task_manager_lib/include/task_manager_lib/TaskScheduler.h
[16.362s] -- Installing: /home/GTL/apaul/ros2_hw1/install/task_manager_lib/include/task_manager_lib/DynamicTask.h
[16.367s] -- Installing: /home/GTL/apaul/ros2_hw1/install/task_manager_lib/include/task_manager_lib/TaskEnvironment.h
[16.372s] -- Installing: /home/GTL/apaul/ros2_hw1/install/task_manager_lib/include/task_manager_lib/TaskInstance.h
[16.377s] -- Installing: /home/GTL/apaul/ros2_hw1/install/task_manager_lib/include/task_manager_lib/ParameterList.h
[16.436s] -- Installing: /home/GTL/apaul/ros2_hw1/install/task_manager_lib/include/task_manager_lib/TaskIdleDefault.h
[16.442s] -- Installing: /home/GTL/apaul/ros2_hw1/install/task_manager_lib/include/task_manager_lib/TaskServiceGeneric.h
[16.494s] -- Installing: /home/GTL/apaul/ros2_hw1/install/task_manager_lib/include/task_manager_lib/TaskParameterDefinition.h
[16.500s] -- Installing: /home/GTL/apaul/ros2_hw1/install/task_manager_lib/include/task_manager_lib/TaskSystem.h
[16.505s] -- Installing: /home/GTL/apaul/ros2_hw1/install/task_manager_lib/include/task_manager_lib/TaskDefinition.h
[16.510s] -- Installing: /home/GTL/apaul/ros2_hw1/install/task_manager_lib/include/task_manager_lib/TaskConfig.h
[16.515s] -- Installing: /home/GTL/apaul/ros2_hw1/install/task_manager_lib/include/task_manager_lib/TaskActionGeneric.h
[16.559s] -- Installing: /home/GTL/apaul/ros2_hw1/install/task_manager_lib/share/task_manager_lib/environment/library_path.sh
[16.565s] -- Installing: /home/GTL/apaul/ros2_hw1/install/task_manager_lib/share/task_manager_lib/environment/library_path.dsv
[16.577s] -- Installing: /home/GTL/apaul/ros2_hw1/install/task_manager_lib/share/ament_index/resource_index/package_run_dependencies/task_manager_lib
[16.604s] -- Installing: /home/GTL/apaul/ros2_hw1/install/task_manager_lib/share/ament_index/resource_index/parent_prefix_path/task_manager_lib
[16.626s] -- Installing: /home/GTL/apaul/ros2_hw1/install/task_manager_lib/share/task_manager_lib/environment/ament_prefix_path.sh
[16.633s] -- Installing: /home/GTL/apaul/ros2_hw1/install/task_manager_lib/share/task_manager_lib/environment/ament_prefix_path.dsv
[16.639s] -- Installing: /home/GTL/apaul/ros2_hw1/install/task_manager_lib/share/task_manager_lib/environment/path.sh
[16.644s] -- Installing: /home/GTL/apaul/ros2_hw1/install/task_manager_lib/share/task_manager_lib/environment/path.dsv
[16.650s] -- Installing: /home/GTL/apaul/ros2_hw1/install/task_manager_lib/share/task_manager_lib/local_setup.bash
[16.656s] -- Installing: /home/GTL/apaul/ros2_hw1/install/task_manager_lib/share/task_manager_lib/local_setup.sh
[16.662s] -- Installing: /home/GTL/apaul/ros2_hw1/install/task_manager_lib/share/task_manager_lib/local_setup.zsh
[16.668s] -- Installing: /home/GTL/apaul/ros2_hw1/install/task_manager_lib/share/task_manager_lib/local_setup.dsv
[16.672s] -- Installing: /home/GTL/apaul/ros2_hw1/install/task_manager_lib/share/task_manager_lib/package.dsv
[16.679s] -- Installing: /home/GTL/apaul/ros2_hw1/install/task_manager_lib/share/ament_index/resource_index/packages/task_manager_lib
[16.685s] -- Installing: /home/GTL/apaul/ros2_hw1/install/task_manager_lib/share/task_manager_lib/cmake/ament_cmake_export_dependencies-extras.cmake
[16.690s] -- Installing: /home/GTL/apaul/ros2_hw1/install/task_manager_lib/share/task_manager_lib/cmake/ament_cmake_export_include_directories-extras.cmake
[16.693s] -- Installing: /home/GTL/apaul/ros2_hw1/install/task_manager_lib/share/task_manager_lib/cmake/ament_cmake_export_libraries-extras.cmake
[16.697s] -- Installing: /home/GTL/apaul/ros2_hw1/install/task_manager_lib/share/task_manager_lib/cmake/task_manager_libConfig.cmake
[16.702s] -- Installing: /home/GTL/apaul/ros2_hw1/install/task_manager_lib/share/task_manager_lib/cmake/task_manager_libConfig-version.cmake
[16.706s] -- Installing: /home/GTL/apaul/ros2_hw1/install/task_manager_lib/share/task_manager_lib/package.xml
[16.712s] Invoked command in '/home/GTL/apaul/ros2_hw1/build/task_manager_lib' returned '0': AMENT_PREFIX_PATH=/home/GTL/apaul/ros2_hw1/install/task_manager_msgs:${AMENT_PREFIX_PATH} CMAKE_PREFIX_PATH=/home/GTL/apaul/ros2_hw1/install/task_manager_msgs:/opt/ros/humble LD_LIBRARY_PATH=/home/GTL/apaul/ros2_hw1/install/task_manager_msgs/lib:${LD_LIBRARY_PATH} PYTHONPATH=/home/GTL/apaul/ros2_hw1/install/task_manager_msgs/local/lib/python3.10/dist-packages:${PYTHONPATH} /usr/bin/cmake --install /home/GTL/apaul/ros2_hw1/build/task_manager_lib
