[1.698s] Invoking command in '/home/GTL/apaul/ros2_hw1/src/rover_driver_base': PYTHONPATH=/home/GTL/apaul/ros2_hw1/build/rover_driver_base/prefix_override:/usr/lib/python3/dist-packages/colcon_core/task/python/colcon_distutils_commands:/home/GTL/apaul/ros2_hw1/install/rover_driver_base/lib/python3.10/site-packages:${PYTHONPATH} /usr/bin/python3 -W ignore:setup.py install is deprecated setup.py egg_info --egg-base ../../build/rover_driver_base build --build-base /home/GTL/apaul/ros2_hw1/build/rover_driver_base/build install --record /home/GTL/apaul/ros2_hw1/build/rover_driver_base/install.log --single-version-externally-managed install_data
[1.954s] running egg_info
[1.955s] creating ../../build/rover_driver_base/rover_driver_base.egg-info
[1.956s] writing ../../build/rover_driver_base/rover_driver_base.egg-info/PKG-INFO
[1.959s] writing dependency_links to ../../build/rover_driver_base/rover_driver_base.egg-info/dependency_links.txt
[1.961s] writing entry points to ../../build/rover_driver_base/rover_driver_base.egg-info/entry_points.txt
[1.963s] writing requirements to ../../build/rover_driver_base/rover_driver_base.egg-info/requires.txt
[1.963s] writing top-level names to ../../build/rover_driver_base/rover_driver_base.egg-info/top_level.txt
[1.966s] writing manifest file '../../build/rover_driver_base/rover_driver_base.egg-info/SOURCES.txt'
[1.970s] reading manifest file '../../build/rover_driver_base/rover_driver_base.egg-info/SOURCES.txt'
[1.985s] writing manifest file '../../build/rover_driver_base/rover_driver_base.egg-info/SOURCES.txt'
[1.985s] running build
[1.985s] running build_py
[1.985s] creating /home/GTL/apaul/ros2_hw1/build/rover_driver_base/build
[1.985s] creating /home/GTL/apaul/ros2_hw1/build/rover_driver_base/build/lib
[1.985s] creating /home/GTL/apaul/ros2_hw1/build/rover_driver_base/build/lib/rover_driver_base
[1.985s] copying rover_driver_base/rover_kinematics.py -> /home/GTL/apaul/ros2_hw1/build/rover_driver_base/build/lib/rover_driver_base
[1.985s] copying rover_driver_base/rover_odom.py -> /home/GTL/apaul/ros2_hw1/build/rover_driver_base/build/lib/rover_driver_base
[1.985s] copying rover_driver_base/__init__.py -> /home/GTL/apaul/ros2_hw1/build/rover_driver_base/build/lib/rover_driver_base
[1.986s] copying rover_driver_base/rover_command.py -> /home/GTL/apaul/ros2_hw1/build/rover_driver_base/build/lib/rover_driver_base
[1.988s] running install
[1.989s] running install_lib
[1.991s] creating /home/GTL/apaul/ros2_hw1/install/rover_driver_base/lib/python3.10/site-packages/rover_driver_base
[1.993s] copying /home/GTL/apaul/ros2_hw1/build/rover_driver_base/build/lib/rover_driver_base/rover_kinematics.py -> /home/GTL/apaul/ros2_hw1/install/rover_driver_base/lib/python3.10/site-packages/rover_driver_base
[1.995s] copying /home/GTL/apaul/ros2_hw1/build/rover_driver_base/build/lib/rover_driver_base/rover_odom.py -> /home/GTL/apaul/ros2_hw1/install/rover_driver_base/lib/python3.10/site-packages/rover_driver_base
[1.998s] copying /home/GTL/apaul/ros2_hw1/build/rover_driver_base/build/lib/rover_driver_base/__init__.py -> /home/GTL/apaul/ros2_hw1/install/rover_driver_base/lib/python3.10/site-packages/rover_driver_base
[2.001s] copying /home/GTL/apaul/ros2_hw1/build/rover_driver_base/build/lib/rover_driver_base/rover_command.py -> /home/GTL/apaul/ros2_hw1/install/rover_driver_base/lib/python3.10/site-packages/rover_driver_base
[2.004s] byte-compiling /home/GTL/apaul/ros2_hw1/install/rover_driver_base/lib/python3.10/site-packages/rover_driver_base/rover_kinematics.py to rover_kinematics.cpython-310.pyc
[2.009s] byte-compiling /home/GTL/apaul/ros2_hw1/install/rover_driver_base/lib/python3.10/site-packages/rover_driver_base/rover_odom.py to rover_odom.cpython-310.pyc
[2.013s] byte-compiling /home/GTL/apaul/ros2_hw1/install/rover_driver_base/lib/python3.10/site-packages/rover_driver_base/__init__.py to __init__.cpython-310.pyc
[2.016s] byte-compiling /home/GTL/apaul/ros2_hw1/install/rover_driver_base/lib/python3.10/site-packages/rover_driver_base/rover_command.py to rover_command.cpython-310.pyc
[2.020s] running install_data
[2.020s] creating /home/GTL/apaul/ros2_hw1/install/rover_driver_base/share/ament_index
[2.021s] creating /home/GTL/apaul/ros2_hw1/install/rover_driver_base/share/ament_index/resource_index
[2.022s] creating /home/GTL/apaul/ros2_hw1/install/rover_driver_base/share/ament_index/resource_index/packages
[2.023s] copying resource/rover_driver_base -> /home/GTL/apaul/ros2_hw1/install/rover_driver_base/share/ament_index/resource_index/packages
[2.026s] copying package.xml -> /home/GTL/apaul/ros2_hw1/install/rover_driver_base/share/rover_driver_base
[2.029s] copying launch/rover_odom.launch.py -> /home/GTL/apaul/ros2_hw1/install/rover_driver_base/share/rover_driver_base
[2.033s] running install_egg_info
[2.035s] Copying ../../build/rover_driver_base/rover_driver_base.egg-info to /home/GTL/apaul/ros2_hw1/install/rover_driver_base/lib/python3.10/site-packages/rover_driver_base-0.0.0-py3.10.egg-info
[2.059s] running install_scripts
[2.079s] Installing rover_command_node script to /home/GTL/apaul/ros2_hw1/install/rover_driver_base/lib/rover_driver_base
[2.082s] Installing rover_odom_node script to /home/GTL/apaul/ros2_hw1/install/rover_driver_base/lib/rover_driver_base
[2.084s] writing list of installed files to '/home/GTL/apaul/ros2_hw1/build/rover_driver_base/install.log'
[2.184s] Invoked command in '/home/GTL/apaul/ros2_hw1/src/rover_driver_base' returned '0': PYTHONPATH=/home/GTL/apaul/ros2_hw1/build/rover_driver_base/prefix_override:/usr/lib/python3/dist-packages/colcon_core/task/python/colcon_distutils_commands:/home/GTL/apaul/ros2_hw1/install/rover_driver_base/lib/python3.10/site-packages:${PYTHONPATH} /usr/bin/python3 -W ignore:setup.py install is deprecated setup.py egg_info --egg-base ../../build/rover_driver_base build --build-base /home/GTL/apaul/ros2_hw1/build/rover_driver_base/build install --record /home/GTL/apaul/ros2_hw1/build/rover_driver_base/install.log --single-version-externally-managed install_data
