[0.033s] Invoking command in '/home/GTL/pcastere/ros_hw1/ros2_hw1/build/task_manager_nav2': CMAKE_PREFIX_PATH=/home/GTL/pcastere/ros_hw1/ros2_hw1/install/task_manager_lib:/home/GTL/pcastere/ros_hw1/ros2_hw1/install/task_manager_msgs:/home/GTL/pcastere/ros_hw1/ros2_hw1/install/vrep4_helpers:/home/GTL/pcastere/ros_hw1/ros2_hw1/install/task_manager_sync:/home/GTL/pcastere/ros_hw1/ros2_hw1/install/floor_nav:/home/GTL/pcastere/ros_hw1/ros2_hw1/install/task_manager_nav2:/home/GTL/pcastere/ros_hw1/ros2_hw1/install/joy_pack:/home/GTL/pcastere/ros_hw1/ros2_hw1/install/face_msg:/home/GTL/pcastere/ros_hw1/ros2_hw1/install/cs7630_msgs:/home/GTL/pcastere/ros_hw1/ros2_hw1/install/collision_avoidance_base:/home/GTL/pcastere/ros_hw1/ros2_hw1/install/vrep_ros_teleop:/home/GTL/pcastere/ros_hw1/ros2_hw1/install/task_manager_client_py:/home/GTL/pcastere/ros_hw1/ros2_hw1/install/rover_driver_base:/home/GTL/pcastere/ros_hw1/ros2_hw1/install/keyboard_teleop:/home/GTL/pcastere/ros_hw1/ros2_hw1/install/face_detect_base:/home/GTL/pcastere/ros_hw1/ros2_hw1/install/button_server:/opt/ros/humble LD_LIBRARY_PATH=/home/GTL/pcastere/ros_hw1/ros2_hw1/install/task_manager_lib/lib:/home/GTL/pcastere/ros_hw1/ros2_hw1/install/task_manager_msgs/lib:/home/GTL/pcastere/ros_hw1/ros2_hw1/install/task_manager_sync/lib:/home/GTL/pcastere/ros_hw1/ros2_hw1/install/face_msg/lib:/home/GTL/pcastere/ros_hw1/ros2_hw1/install/cs7630_msgs/lib:/usr/lib/x86_64-linux-gnu/gazebo-11/plugins:/opt/ros/humble/opt/rviz_ogre_vendor/lib:/opt/ros/humble/lib/x86_64-linux-gnu:/opt/ros/humble/lib /usr/bin/cmake /home/GTL/pcastere/ros_hw1/ros2_hw1/src/ros_task_manager/src/task_manager_nav2 -DCMAKE_INSTALL_PREFIX=/home/GTL/pcastere/ros_hw1/ros2_hw1/install/task_manager_nav2
[0.093s] -- The C compiler identification is GNU 11.4.0
[0.148s] -- The CXX compiler identification is GNU 11.4.0
[0.157s] -- Detecting C compiler ABI info
[0.259s] -- Detecting C compiler ABI info - done
[0.267s] -- Check for working C compiler: /usr/bin/cc - skipped
[0.267s] -- Detecting C compile features
[0.268s] -- Detecting C compile features - done
[0.275s] -- Detecting CXX compiler ABI info
[0.381s] -- Detecting CXX compiler ABI info - done
[0.389s] -- Check for working CXX compiler: /usr/bin/c++ - skipped
[0.389s] -- Detecting CXX compile features
[0.390s] -- Detecting CXX compile features - done
[0.426s] -- Found ament_cmake: 1.3.10 (/opt/ros/humble/share/ament_cmake/cmake)
[0.607s] -- Found Python3: /usr/bin/python3 (found version "3.10.12") found components: Interpreter 
[1.098s] -- Found nav2_msgs: 1.1.16 (/opt/ros/humble/share/nav2_msgs/cmake)
[1.385s] -- Found rosidl_generator_c: 3.1.5 (/opt/ros/humble/share/rosidl_generator_c/cmake)
[1.448s] -- Found rosidl_adapter: 3.1.5 (/opt/ros/humble/share/rosidl_adapter/cmake)
[1.508s] -- Found rosidl_generator_cpp: 3.1.5 (/opt/ros/humble/share/rosidl_generator_cpp/cmake)
[1.578s] -- Using all available rosidl_typesupport_c: rosidl_typesupport_fastrtps_c;rosidl_typesupport_introspection_c
[1.674s] -- Using all available rosidl_typesupport_cpp: rosidl_typesupport_fastrtps_cpp;rosidl_typesupport_introspection_cpp
[1.947s] -- Found task_manager_lib: 0.0.0 (/home/GTL/pcastere/ros_hw1/ros2_hw1/install/task_manager_lib/share/task_manager_lib/cmake)
[2.328s] -- Found rmw_implementation_cmake: 6.1.2 (/opt/ros/humble/share/rmw_implementation_cmake/cmake)
[2.360s] -- Found rmw_cyclonedds_cpp: 1.3.4 (/opt/ros/humble/share/rmw_cyclonedds_cpp/cmake)
[2.544s] -- Using RMW implementation 'rmw_cyclonedds_cpp' as default
[2.642s] -- Looking for pthread.h
[2.740s] -- Looking for pthread.h - found
[2.742s] -- Performing Test CMAKE_HAVE_LIBC_PTHREAD
[2.838s] -- Performing Test CMAKE_HAVE_LIBC_PTHREAD - Success
[2.839s] -- Found Threads: TRUE  
[3.109s] -- Found tf2_geometry_msgs: 0.25.8 (/opt/ros/humble/share/tf2_geometry_msgs/cmake)
[3.243s] -- Found eigen3_cmake_module: 0.1.1 (/opt/ros/humble/share/eigen3_cmake_module/cmake)
[3.244s] -- Found Eigen3: TRUE (found version "3.4.0") 
[3.244s] -- Ensuring Eigen3 include directory is part of orocos-kdl CMake target
[3.557s] -- Found ament_lint_auto: 0.12.11 (/opt/ros/humble/share/ament_lint_auto/cmake)
[3.921s] -- Added test 'copyright' to check source files copyright and LICENSE
[3.930s] -- Added test 'cppcheck' to perform static code analysis on C / C++ code
[3.930s] -- Configured cppcheck include dirs: 
[3.930s] -- Configured cppcheck exclude dirs and/or files: 
[3.937s] -- Added test 'cpplint' to check C / C++ code against the Google style
[3.937s] -- Configured cpplint exclude dirs and/or files: 
[3.942s] -- Added test 'lint_cmake' to check CMake code style
[3.951s] -- Added test 'uncrustify' to check C / C++ code style
[3.951s] -- Configured uncrustify additional arguments: 
[3.954s] -- Added test 'xmllint' to check XML markup files
[3.993s] -- Configuring done
[4.057s] -- Generating done
[4.074s] -- Build files have been written to: /home/GTL/pcastere/ros_hw1/ros2_hw1/build/task_manager_nav2
[4.082s] Invoked command in '/home/GTL/pcastere/ros_hw1/ros2_hw1/build/task_manager_nav2' returned '0': CMAKE_PREFIX_PATH=/home/GTL/pcastere/ros_hw1/ros2_hw1/install/task_manager_lib:/home/GTL/pcastere/ros_hw1/ros2_hw1/install/task_manager_msgs:/home/GTL/pcastere/ros_hw1/ros2_hw1/install/vrep4_helpers:/home/GTL/pcastere/ros_hw1/ros2_hw1/install/task_manager_sync:/home/GTL/pcastere/ros_hw1/ros2_hw1/install/floor_nav:/home/GTL/pcastere/ros_hw1/ros2_hw1/install/task_manager_nav2:/home/GTL/pcastere/ros_hw1/ros2_hw1/install/joy_pack:/home/GTL/pcastere/ros_hw1/ros2_hw1/install/face_msg:/home/GTL/pcastere/ros_hw1/ros2_hw1/install/cs7630_msgs:/home/GTL/pcastere/ros_hw1/ros2_hw1/install/collision_avoidance_base:/home/GTL/pcastere/ros_hw1/ros2_hw1/install/vrep_ros_teleop:/home/GTL/pcastere/ros_hw1/ros2_hw1/install/task_manager_client_py:/home/GTL/pcastere/ros_hw1/ros2_hw1/install/rover_driver_base:/home/GTL/pcastere/ros_hw1/ros2_hw1/install/keyboard_teleop:/home/GTL/pcastere/ros_hw1/ros2_hw1/install/face_detect_base:/home/GTL/pcastere/ros_hw1/ros2_hw1/install/button_server:/opt/ros/humble LD_LIBRARY_PATH=/home/GTL/pcastere/ros_hw1/ros2_hw1/install/task_manager_lib/lib:/home/GTL/pcastere/ros_hw1/ros2_hw1/install/task_manager_msgs/lib:/home/GTL/pcastere/ros_hw1/ros2_hw1/install/task_manager_sync/lib:/home/GTL/pcastere/ros_hw1/ros2_hw1/install/face_msg/lib:/home/GTL/pcastere/ros_hw1/ros2_hw1/install/cs7630_msgs/lib:/usr/lib/x86_64-linux-gnu/gazebo-11/plugins:/opt/ros/humble/opt/rviz_ogre_vendor/lib:/opt/ros/humble/lib/x86_64-linux-gnu:/opt/ros/humble/lib /usr/bin/cmake /home/GTL/pcastere/ros_hw1/ros2_hw1/src/ros_task_manager/src/task_manager_nav2 -DCMAKE_INSTALL_PREFIX=/home/GTL/pcastere/ros_hw1/ros2_hw1/install/task_manager_nav2
[4.088s] Invoking command in '/home/GTL/pcastere/ros_hw1/ros2_hw1/build/task_manager_nav2': CMAKE_PREFIX_PATH=/home/GTL/pcastere/ros_hw1/ros2_hw1/install/task_manager_lib:/home/GTL/pcastere/ros_hw1/ros2_hw1/install/task_manager_msgs:/home/GTL/pcastere/ros_hw1/ros2_hw1/install/vrep4_helpers:/home/GTL/pcastere/ros_hw1/ros2_hw1/install/task_manager_sync:/home/GTL/pcastere/ros_hw1/ros2_hw1/install/floor_nav:/home/GTL/pcastere/ros_hw1/ros2_hw1/install/task_manager_nav2:/home/GTL/pcastere/ros_hw1/ros2_hw1/install/joy_pack:/home/GTL/pcastere/ros_hw1/ros2_hw1/install/face_msg:/home/GTL/pcastere/ros_hw1/ros2_hw1/install/cs7630_msgs:/home/GTL/pcastere/ros_hw1/ros2_hw1/install/collision_avoidance_base:/home/GTL/pcastere/ros_hw1/ros2_hw1/install/vrep_ros_teleop:/home/GTL/pcastere/ros_hw1/ros2_hw1/install/task_manager_client_py:/home/GTL/pcastere/ros_hw1/ros2_hw1/install/rover_driver_base:/home/GTL/pcastere/ros_hw1/ros2_hw1/install/keyboard_teleop:/home/GTL/pcastere/ros_hw1/ros2_hw1/install/face_detect_base:/home/GTL/pcastere/ros_hw1/ros2_hw1/install/button_server:/opt/ros/humble LD_LIBRARY_PATH=/home/GTL/pcastere/ros_hw1/ros2_hw1/install/task_manager_lib/lib:/home/GTL/pcastere/ros_hw1/ros2_hw1/install/task_manager_msgs/lib:/home/GTL/pcastere/ros_hw1/ros2_hw1/install/task_manager_sync/lib:/home/GTL/pcastere/ros_hw1/ros2_hw1/install/face_msg/lib:/home/GTL/pcastere/ros_hw1/ros2_hw1/install/cs7630_msgs/lib:/usr/lib/x86_64-linux-gnu/gazebo-11/plugins:/opt/ros/humble/opt/rviz_ogre_vendor/lib:/opt/ros/humble/lib/x86_64-linux-gnu:/opt/ros/humble/lib /usr/bin/cmake --build /home/GTL/pcastere/ros_hw1/ros2_hw1/build/task_manager_nav2 -- -j16 -l16
[4.126s] Invoked command in '/home/GTL/pcastere/ros_hw1/ros2_hw1/build/task_manager_nav2' returned '0': CMAKE_PREFIX_PATH=/home/GTL/pcastere/ros_hw1/ros2_hw1/install/task_manager_lib:/home/GTL/pcastere/ros_hw1/ros2_hw1/install/task_manager_msgs:/home/GTL/pcastere/ros_hw1/ros2_hw1/install/vrep4_helpers:/home/GTL/pcastere/ros_hw1/ros2_hw1/install/task_manager_sync:/home/GTL/pcastere/ros_hw1/ros2_hw1/install/floor_nav:/home/GTL/pcastere/ros_hw1/ros2_hw1/install/task_manager_nav2:/home/GTL/pcastere/ros_hw1/ros2_hw1/install/joy_pack:/home/GTL/pcastere/ros_hw1/ros2_hw1/install/face_msg:/home/GTL/pcastere/ros_hw1/ros2_hw1/install/cs7630_msgs:/home/GTL/pcastere/ros_hw1/ros2_hw1/install/collision_avoidance_base:/home/GTL/pcastere/ros_hw1/ros2_hw1/install/vrep_ros_teleop:/home/GTL/pcastere/ros_hw1/ros2_hw1/install/task_manager_client_py:/home/GTL/pcastere/ros_hw1/ros2_hw1/install/rover_driver_base:/home/GTL/pcastere/ros_hw1/ros2_hw1/install/keyboard_teleop:/home/GTL/pcastere/ros_hw1/ros2_hw1/install/face_detect_base:/home/GTL/pcastere/ros_hw1/ros2_hw1/install/button_server:/opt/ros/humble LD_LIBRARY_PATH=/home/GTL/pcastere/ros_hw1/ros2_hw1/install/task_manager_lib/lib:/home/GTL/pcastere/ros_hw1/ros2_hw1/install/task_manager_msgs/lib:/home/GTL/pcastere/ros_hw1/ros2_hw1/install/task_manager_sync/lib:/home/GTL/pcastere/ros_hw1/ros2_hw1/install/face_msg/lib:/home/GTL/pcastere/ros_hw1/ros2_hw1/install/cs7630_msgs/lib:/usr/lib/x86_64-linux-gnu/gazebo-11/plugins:/opt/ros/humble/opt/rviz_ogre_vendor/lib:/opt/ros/humble/lib/x86_64-linux-gnu:/opt/ros/humble/lib /usr/bin/cmake --build /home/GTL/pcastere/ros_hw1/ros2_hw1/build/task_manager_nav2 -- -j16 -l16
[4.148s] Invoking command in '/home/GTL/pcastere/ros_hw1/ros2_hw1/build/task_manager_nav2': CMAKE_PREFIX_PATH=/home/GTL/pcastere/ros_hw1/ros2_hw1/install/task_manager_lib:/home/GTL/pcastere/ros_hw1/ros2_hw1/install/task_manager_msgs:/home/GTL/pcastere/ros_hw1/ros2_hw1/install/vrep4_helpers:/home/GTL/pcastere/ros_hw1/ros2_hw1/install/task_manager_sync:/home/GTL/pcastere/ros_hw1/ros2_hw1/install/floor_nav:/home/GTL/pcastere/ros_hw1/ros2_hw1/install/task_manager_nav2:/home/GTL/pcastere/ros_hw1/ros2_hw1/install/joy_pack:/home/GTL/pcastere/ros_hw1/ros2_hw1/install/face_msg:/home/GTL/pcastere/ros_hw1/ros2_hw1/install/cs7630_msgs:/home/GTL/pcastere/ros_hw1/ros2_hw1/install/collision_avoidance_base:/home/GTL/pcastere/ros_hw1/ros2_hw1/install/vrep_ros_teleop:/home/GTL/pcastere/ros_hw1/ros2_hw1/install/task_manager_client_py:/home/GTL/pcastere/ros_hw1/ros2_hw1/install/rover_driver_base:/home/GTL/pcastere/ros_hw1/ros2_hw1/install/keyboard_teleop:/home/GTL/pcastere/ros_hw1/ros2_hw1/install/face_detect_base:/home/GTL/pcastere/ros_hw1/ros2_hw1/install/button_server:/opt/ros/humble LD_LIBRARY_PATH=/home/GTL/pcastere/ros_hw1/ros2_hw1/install/task_manager_lib/lib:/home/GTL/pcastere/ros_hw1/ros2_hw1/install/task_manager_msgs/lib:/home/GTL/pcastere/ros_hw1/ros2_hw1/install/task_manager_sync/lib:/home/GTL/pcastere/ros_hw1/ros2_hw1/install/face_msg/lib:/home/GTL/pcastere/ros_hw1/ros2_hw1/install/cs7630_msgs/lib:/usr/lib/x86_64-linux-gnu/gazebo-11/plugins:/opt/ros/humble/opt/rviz_ogre_vendor/lib:/opt/ros/humble/lib/x86_64-linux-gnu:/opt/ros/humble/lib /usr/bin/cmake --install /home/GTL/pcastere/ros_hw1/ros2_hw1/build/task_manager_nav2
[4.155s] -- Install configuration: ""
[4.155s] -- Installing: /home/GTL/pcastere/ros_hw1/ros2_hw1/install/task_manager_nav2/include/task_manager_nav2
[4.163s] -- Installing: /home/GTL/pcastere/ros_hw1/ros2_hw1/install/task_manager_nav2/include/task_manager_nav2/TaskActionNav2.h
[4.179s] -- Installing: /home/GTL/pcastere/ros_hw1/ros2_hw1/install/task_manager_nav2/share/ament_index/resource_index/package_run_dependencies/task_manager_nav2
[4.188s] -- Installing: /home/GTL/pcastere/ros_hw1/ros2_hw1/install/task_manager_nav2/share/ament_index/resource_index/parent_prefix_path/task_manager_nav2
[4.196s] -- Installing: /home/GTL/pcastere/ros_hw1/ros2_hw1/install/task_manager_nav2/share/task_manager_nav2/environment/ament_prefix_path.sh
[4.200s] -- Installing: /home/GTL/pcastere/ros_hw1/ros2_hw1/install/task_manager_nav2/share/task_manager_nav2/environment/ament_prefix_path.dsv
[4.205s] -- Installing: /home/GTL/pcastere/ros_hw1/ros2_hw1/install/task_manager_nav2/share/task_manager_nav2/environment/path.sh
[4.208s] -- Installing: /home/GTL/pcastere/ros_hw1/ros2_hw1/install/task_manager_nav2/share/task_manager_nav2/environment/path.dsv
[4.212s] -- Installing: /home/GTL/pcastere/ros_hw1/ros2_hw1/install/task_manager_nav2/share/task_manager_nav2/local_setup.bash
[4.217s] -- Installing: /home/GTL/pcastere/ros_hw1/ros2_hw1/install/task_manager_nav2/share/task_manager_nav2/local_setup.sh
[4.221s] -- Installing: /home/GTL/pcastere/ros_hw1/ros2_hw1/install/task_manager_nav2/share/task_manager_nav2/local_setup.zsh
[4.225s] -- Installing: /home/GTL/pcastere/ros_hw1/ros2_hw1/install/task_manager_nav2/share/task_manager_nav2/local_setup.dsv
[4.230s] -- Installing: /home/GTL/pcastere/ros_hw1/ros2_hw1/install/task_manager_nav2/share/task_manager_nav2/package.dsv
[4.238s] -- Installing: /home/GTL/pcastere/ros_hw1/ros2_hw1/install/task_manager_nav2/share/ament_index/resource_index/packages/task_manager_nav2
[4.244s] -- Installing: /home/GTL/pcastere/ros_hw1/ros2_hw1/install/task_manager_nav2/share/task_manager_nav2/cmake/ament_cmake_export_dependencies-extras.cmake
[4.248s] -- Installing: /home/GTL/pcastere/ros_hw1/ros2_hw1/install/task_manager_nav2/share/task_manager_nav2/cmake/ament_cmake_export_include_directories-extras.cmake
[4.252s] -- Installing: /home/GTL/pcastere/ros_hw1/ros2_hw1/install/task_manager_nav2/share/task_manager_nav2/cmake/task_manager_nav2Config.cmake
[4.256s] -- Installing: /home/GTL/pcastere/ros_hw1/ros2_hw1/install/task_manager_nav2/share/task_manager_nav2/cmake/task_manager_nav2Config-version.cmake
[4.260s] -- Installing: /home/GTL/pcastere/ros_hw1/ros2_hw1/install/task_manager_nav2/share/task_manager_nav2/package.xml
[4.267s] Invoked command in '/home/GTL/pcastere/ros_hw1/ros2_hw1/build/task_manager_nav2' returned '0': CMAKE_PREFIX_PATH=/home/GTL/pcastere/ros_hw1/ros2_hw1/install/task_manager_lib:/home/GTL/pcastere/ros_hw1/ros2_hw1/install/task_manager_msgs:/home/GTL/pcastere/ros_hw1/ros2_hw1/install/vrep4_helpers:/home/GTL/pcastere/ros_hw1/ros2_hw1/install/task_manager_sync:/home/GTL/pcastere/ros_hw1/ros2_hw1/install/floor_nav:/home/GTL/pcastere/ros_hw1/ros2_hw1/install/task_manager_nav2:/home/GTL/pcastere/ros_hw1/ros2_hw1/install/joy_pack:/home/GTL/pcastere/ros_hw1/ros2_hw1/install/face_msg:/home/GTL/pcastere/ros_hw1/ros2_hw1/install/cs7630_msgs:/home/GTL/pcastere/ros_hw1/ros2_hw1/install/collision_avoidance_base:/home/GTL/pcastere/ros_hw1/ros2_hw1/install/vrep_ros_teleop:/home/GTL/pcastere/ros_hw1/ros2_hw1/install/task_manager_client_py:/home/GTL/pcastere/ros_hw1/ros2_hw1/install/rover_driver_base:/home/GTL/pcastere/ros_hw1/ros2_hw1/install/keyboard_teleop:/home/GTL/pcastere/ros_hw1/ros2_hw1/install/face_detect_base:/home/GTL/pcastere/ros_hw1/ros2_hw1/install/button_server:/opt/ros/humble LD_LIBRARY_PATH=/home/GTL/pcastere/ros_hw1/ros2_hw1/install/task_manager_lib/lib:/home/GTL/pcastere/ros_hw1/ros2_hw1/install/task_manager_msgs/lib:/home/GTL/pcastere/ros_hw1/ros2_hw1/install/task_manager_sync/lib:/home/GTL/pcastere/ros_hw1/ros2_hw1/install/face_msg/lib:/home/GTL/pcastere/ros_hw1/ros2_hw1/install/cs7630_msgs/lib:/usr/lib/x86_64-linux-gnu/gazebo-11/plugins:/opt/ros/humble/opt/rviz_ogre_vendor/lib:/opt/ros/humble/lib/x86_64-linux-gnu:/opt/ros/humble/lib /usr/bin/cmake --install /home/GTL/pcastere/ros_hw1/ros2_hw1/build/task_manager_nav2
