[1.738s] Invoking command in '/home/GTL/apaul/ros2_hw1/src/keyboard_teleop': PYTHONPATH=/home/GTL/apaul/ros2_hw1/build/keyboard_teleop/prefix_override:/usr/lib/python3/dist-packages/colcon_core/task/python/colcon_distutils_commands:/home/GTL/apaul/ros2_hw1/install/keyboard_teleop/lib/python3.10/site-packages:${PYTHONPATH} /usr/bin/python3 -W ignore:setup.py install is deprecated -W ignore:easy_install command is deprecated setup.py egg_info --egg-base ../../build/keyboard_teleop build --build-base /home/GTL/apaul/ros2_hw1/build/keyboard_teleop/build install --record /home/GTL/apaul/ros2_hw1/build/keyboard_teleop/install.log --single-version-externally-managed install_data
[4.297s] running egg_info
[4.297s] writing ../../build/keyboard_teleop/keyboard_teleop.egg-info/PKG-INFO
[4.298s] writing dependency_links to ../../build/keyboard_teleop/keyboard_teleop.egg-info/dependency_links.txt
[4.299s] writing entry points to ../../build/keyboard_teleop/keyboard_teleop.egg-info/entry_points.txt
[4.300s] writing requirements to ../../build/keyboard_teleop/keyboard_teleop.egg-info/requires.txt
[4.301s] writing top-level names to ../../build/keyboard_teleop/keyboard_teleop.egg-info/top_level.txt
[4.304s] reading manifest file '../../build/keyboard_teleop/keyboard_teleop.egg-info/SOURCES.txt'
[4.306s] writing manifest file '../../build/keyboard_teleop/keyboard_teleop.egg-info/SOURCES.txt'
[4.307s] running build
[4.308s] running build_py
[4.308s] running install
[4.309s] running install_lib
[4.312s] running install_data
[4.312s] running install_egg_info
[4.329s] removing '/home/GTL/apaul/ros2_hw1/install/keyboard_teleop/lib/python3.10/site-packages/keyboard_teleop-0.0.0-py3.10.egg-info' (and everything under it)
[4.332s] Copying ../../build/keyboard_teleop/keyboard_teleop.egg-info to /home/GTL/apaul/ros2_hw1/install/keyboard_teleop/lib/python3.10/site-packages/keyboard_teleop-0.0.0-py3.10.egg-info
[4.360s] running install_scripts
[4.372s] Installing keyboard_joystick_node script to /home/GTL/apaul/ros2_hw1/install/keyboard_teleop/lib/keyboard_teleop
[4.373s] Installing keyboard_teleop_node script to /home/GTL/apaul/ros2_hw1/install/keyboard_teleop/lib/keyboard_teleop
[4.375s] writing list of installed files to '/home/GTL/apaul/ros2_hw1/build/keyboard_teleop/install.log'
[4.452s] Invoked command in '/home/GTL/apaul/ros2_hw1/src/keyboard_teleop' returned '0': PYTHONPATH=/home/GTL/apaul/ros2_hw1/build/keyboard_teleop/prefix_override:/usr/lib/python3/dist-packages/colcon_core/task/python/colcon_distutils_commands:/home/GTL/apaul/ros2_hw1/install/keyboard_teleop/lib/python3.10/site-packages:${PYTHONPATH} /usr/bin/python3 -W ignore:setup.py install is deprecated -W ignore:easy_install command is deprecated setup.py egg_info --egg-base ../../build/keyboard_teleop build --build-base /home/GTL/apaul/ros2_hw1/build/keyboard_teleop/build install --record /home/GTL/apaul/ros2_hw1/build/keyboard_teleop/install.log --single-version-externally-managed install_data
