[1.742s] Invoking command in '/home/GTL/pcastere/ros_hw1/ros2_hw1/src/vrep_ros_teleop': PYTHONPATH=/home/GTL/pcastere/ros_hw1/ros2_hw1/build/vrep_ros_teleop/prefix_override:/usr/lib/python3/dist-packages/colcon_core/task/python/colcon_distutils_commands:/home/GTL/pcastere/ros_hw1/ros2_hw1/install/vrep_ros_teleop/lib/python3.10/site-packages:${PYTHONPATH} /usr/bin/python3 -W ignore:setup.py install is deprecated setup.py egg_info --egg-base ../../build/vrep_ros_teleop build --build-base /home/GTL/pcastere/ros_hw1/ros2_hw1/build/vrep_ros_teleop/build install --record /home/GTL/pcastere/ros_hw1/ros2_hw1/build/vrep_ros_teleop/install.log --single-version-externally-managed install_data
[1.984s] running egg_info
[1.985s] writing ../../build/vrep_ros_teleop/vrep_ros_teleop.egg-info/PKG-INFO
[1.986s] writing dependency_links to ../../build/vrep_ros_teleop/vrep_ros_teleop.egg-info/dependency_links.txt
[1.987s] writing entry points to ../../build/vrep_ros_teleop/vrep_ros_teleop.egg-info/entry_points.txt
[1.988s] writing requirements to ../../build/vrep_ros_teleop/vrep_ros_teleop.egg-info/requires.txt
[1.989s] writing top-level names to ../../build/vrep_ros_teleop/vrep_ros_teleop.egg-info/top_level.txt
[1.992s] reading manifest file '../../build/vrep_ros_teleop/vrep_ros_teleop.egg-info/SOURCES.txt'
[1.994s] writing manifest file '../../build/vrep_ros_teleop/vrep_ros_teleop.egg-info/SOURCES.txt'
[1.995s] running build
[1.995s] running build_py
[1.995s] running install
[1.996s] running install_lib
[1.997s] running install_data
[1.997s] running install_egg_info
[1.999s] removing '/home/GTL/pcastere/ros_hw1/ros2_hw1/install/vrep_ros_teleop/lib/python3.10/site-packages/vrep_ros_teleop-0.0.0-py3.10.egg-info' (and everything under it)
[2.001s] Copying ../../build/vrep_ros_teleop/vrep_ros_teleop.egg-info to /home/GTL/pcastere/ros_hw1/ros2_hw1/install/vrep_ros_teleop/lib/python3.10/site-packages/vrep_ros_teleop-0.0.0-py3.10.egg-info
[2.016s] running install_scripts
[2.035s] Installing teleop_mux_node script to /home/GTL/pcastere/ros_hw1/ros2_hw1/install/vrep_ros_teleop/lib/vrep_ros_teleop
[2.035s] Installing teleop_node script to /home/GTL/pcastere/ros_hw1/ros2_hw1/install/vrep_ros_teleop/lib/vrep_ros_teleop
[2.036s] writing list of installed files to '/home/GTL/pcastere/ros_hw1/ros2_hw1/build/vrep_ros_teleop/install.log'
[2.140s] Invoked command in '/home/GTL/pcastere/ros_hw1/ros2_hw1/src/vrep_ros_teleop' returned '0': PYTHONPATH=/home/GTL/pcastere/ros_hw1/ros2_hw1/build/vrep_ros_teleop/prefix_override:/usr/lib/python3/dist-packages/colcon_core/task/python/colcon_distutils_commands:/home/GTL/pcastere/ros_hw1/ros2_hw1/install/vrep_ros_teleop/lib/python3.10/site-packages:${PYTHONPATH} /usr/bin/python3 -W ignore:setup.py install is deprecated setup.py egg_info --egg-base ../../build/vrep_ros_teleop build --build-base /home/GTL/pcastere/ros_hw1/ros2_hw1/build/vrep_ros_teleop/build install --record /home/GTL/pcastere/ros_hw1/ros2_hw1/build/vrep_ros_teleop/install.log --single-version-externally-managed install_data
