[0.166s] Invoking command in '/home/GTL/apaul/ros2_hw1/build/floor_nav': CMAKE_PREFIX_PATH=/home/GTL/apaul/ros2_hw1/install/task_manager_nav2:/home/GTL/apaul/ros2_hw1/install/task_manager_lib:/home/GTL/apaul/ros2_hw1/install/task_manager_msgs:/home/GTL/apaul/ros2_hw1/install/face_msg:/home/GTL/apaul/ros2_hw1/install/cs7630_msgs:/home/GTL/apaul/ros2_hw1/install/vrep4_helpers:/home/GTL/apaul/ros2_hw1/install/task_manager_sync:/home/GTL/apaul/ros2_hw1/install/floor_nav:/home/GTL/apaul/ros2_hw1/install/joy_pack:/home/GTL/apaul/ros2_hw1/install/collision_avoidance_base:/home/GTL/apaul/ros2_hw1/install/vrep_ros_teleop:/home/GTL/apaul/ros2_hw1/install/task_manager_client_py:/home/GTL/apaul/ros2_hw1/install/keyboard_teleop:/home/GTL/apaul/ros2_hw1/install/face_detect_base:/home/GTL/apaul/ros2_hw1/install/button_server:/opt/ros/humble LD_LIBRARY_PATH=/home/GTL/apaul/ros2_hw1/install/task_manager_lib/lib:/home/GTL/apaul/ros2_hw1/install/task_manager_msgs/lib:/home/GTL/apaul/ros2_hw1/install/face_msg/lib:/home/GTL/apaul/ros2_hw1/install/cs7630_msgs/lib:/home/GTL/apaul/ros2_hw1/install/task_manager_sync/lib:/usr/lib/x86_64-linux-gnu/gazebo-11/plugins:/opt/ros/humble/opt/rviz_ogre_vendor/lib:/opt/ros/humble/lib/x86_64-linux-gnu:/opt/ros/humble/lib /usr/bin/cmake --build /home/GTL/apaul/ros2_hw1/build/floor_nav -- -j16 -l16
[0.346s] [  3%] [32mBuilding CXX object CMakeFiles/floornav_task_server.dir/src/task_server.cpp.o[0m
[9.333s] [  7%] [32mBuilding CXX object CMakeFiles/floornav_task_server.dir/src/SimTasksEnv.cpp.o[0m
[32.738s] [ 11%] [32m[1mLinking CXX executable floornav_task_server[0m
[46.222s] [ 11%] Built target floornav_task_server
[46.354s] [ 22%] [32mBuilding CXX object CMakeFiles/floornav_TaskSetHeading.dir/tasks/TaskSetHeading.cpp.o[0m
[46.354s] [ 18%] [32mBuilding CXX object CMakeFiles/floornav_TaskWander.dir/tasks/TaskWander.cpp.o[0m
[46.354s] [ 22%] [32mBuilding CXX object CMakeFiles/floornav_TaskPlanTo.dir/tasks/TaskPlanTo.cpp.o[0m
[46.358s] [ 33%] [32mBuilding CXX object CMakeFiles/floornav_TaskWaitForROI.dir/tasks/TaskWaitForROI.cpp.o[0m
[46.358s] [ 33%] [32mBuilding CXX object CMakeFiles/floornav_TaskGoTo.dir/tasks/TaskGoTo.cpp.o[0m
[46.358s] [ 33%] [32mBuilding CXX object CMakeFiles/floornav_TaskWaitForFace.dir/tasks/TaskWaitForFace.cpp.o[0m
[46.360s] [ 37%] [32mBuilding CXX object CMakeFiles/floornav_TaskAutoDock.dir/tasks/TaskAutoDock.cpp.o[0m
[46.374s] [ 44%] [32mBuilding CXX object CMakeFiles/floornav_TaskSetBool.dir/tasks/TaskSetBool.cpp.o[0m
[46.375s] [ 44%] [32mBuilding CXX object CMakeFiles/floornav_TaskConstant.dir/tasks/TaskConstant.cpp.o[0m
[46.380s] [ 48%] [32mBuilding CXX object CMakeFiles/floornav_TaskSetMux.dir/tasks/TaskSetMux.cpp.o[0m
[46.381s] [ 51%] [32mBuilding CXX object CMakeFiles/floornav_TaskTrigger.dir/tasks/TaskTrigger.cpp.o[0m
[46.392s] [ 55%] [32mBuilding CXX object CMakeFiles/floornav_TaskNav2.dir/tasks/TaskNav2.cpp.o[0m
[61.354s] [ 59%] [32m[1mLinking CXX shared library libfloornav_TaskTrigger.so[0m
[61.357s] [ 62%] [32m[1mLinking CXX shared library libfloornav_TaskConstant.so[0m
[63.616s] [ 66%] [32m[1mLinking CXX shared library libfloornav_TaskWaitForFace.so[0m
[64.625s] [ 70%] [32m[1mLinking CXX shared library libfloornav_TaskWaitForROI.so[0m
[64.695s] [ 74%] [32m[1mLinking CXX shared library libfloornav_TaskAutoDock.so[0m
[64.826s] [ 77%] [32m[1mLinking CXX shared library libfloornav_TaskSetHeading.so[0m
[65.332s] [ 81%] [32m[1mLinking CXX shared library libfloornav_TaskWander.so[0m
[65.649s] [ 85%] [32m[1mLinking CXX shared library libfloornav_TaskGoTo.so[0m
[66.804s] [ 88%] [32m[1mLinking CXX shared library libfloornav_TaskSetMux.so[0m
[66.909s] [ 92%] [32m[1mLinking CXX shared library libfloornav_TaskNav2.so[0m
[67.568s] [ 96%] [32m[1mLinking CXX shared library libfloornav_TaskSetBool.so[0m
[100.450s] [100%] [32m[1mLinking CXX shared library libfloornav_TaskPlanTo.so[0m
[150.691s] [100%] Built target floornav_TaskWaitForFace
[152.031s] [100%] Built target floornav_TaskConstant
[154.420s] [100%] Built target floornav_TaskTrigger
[154.505s] [100%] Built target floornav_TaskWaitForROI
[154.913s] [100%] Built target floornav_TaskSetHeading
[155.143s] [100%] Built target floornav_TaskWander
[155.882s] [100%] Built target floornav_TaskSetBool
[155.890s] [100%] Built target floornav_TaskGoTo
[157.014s] [100%] Built target floornav_TaskNav2
[157.604s] [100%] Built target floornav_TaskSetMux
[158.955s] [100%] Built target floornav_TaskAutoDock
[160.264s] [100%] Built target floornav_TaskPlanTo
[160.353s] Invoked command in '/home/GTL/apaul/ros2_hw1/build/floor_nav' returned '0': CMAKE_PREFIX_PATH=/home/GTL/apaul/ros2_hw1/install/task_manager_nav2:/home/GTL/apaul/ros2_hw1/install/task_manager_lib:/home/GTL/apaul/ros2_hw1/install/task_manager_msgs:/home/GTL/apaul/ros2_hw1/install/face_msg:/home/GTL/apaul/ros2_hw1/install/cs7630_msgs:/home/GTL/apaul/ros2_hw1/install/vrep4_helpers:/home/GTL/apaul/ros2_hw1/install/task_manager_sync:/home/GTL/apaul/ros2_hw1/install/floor_nav:/home/GTL/apaul/ros2_hw1/install/joy_pack:/home/GTL/apaul/ros2_hw1/install/collision_avoidance_base:/home/GTL/apaul/ros2_hw1/install/vrep_ros_teleop:/home/GTL/apaul/ros2_hw1/install/task_manager_client_py:/home/GTL/apaul/ros2_hw1/install/keyboard_teleop:/home/GTL/apaul/ros2_hw1/install/face_detect_base:/home/GTL/apaul/ros2_hw1/install/button_server:/opt/ros/humble LD_LIBRARY_PATH=/home/GTL/apaul/ros2_hw1/install/task_manager_lib/lib:/home/GTL/apaul/ros2_hw1/install/task_manager_msgs/lib:/home/GTL/apaul/ros2_hw1/install/face_msg/lib:/home/GTL/apaul/ros2_hw1/install/cs7630_msgs/lib:/home/GTL/apaul/ros2_hw1/install/task_manager_sync/lib:/usr/lib/x86_64-linux-gnu/gazebo-11/plugins:/opt/ros/humble/opt/rviz_ogre_vendor/lib:/opt/ros/humble/lib/x86_64-linux-gnu:/opt/ros/humble/lib /usr/bin/cmake --build /home/GTL/apaul/ros2_hw1/build/floor_nav -- -j16 -l16
[160.535s] Invoking command in '/home/GTL/apaul/ros2_hw1/build/floor_nav': CMAKE_PREFIX_PATH=/home/GTL/apaul/ros2_hw1/install/task_manager_nav2:/home/GTL/apaul/ros2_hw1/install/task_manager_lib:/home/GTL/apaul/ros2_hw1/install/task_manager_msgs:/home/GTL/apaul/ros2_hw1/install/face_msg:/home/GTL/apaul/ros2_hw1/install/cs7630_msgs:/home/GTL/apaul/ros2_hw1/install/vrep4_helpers:/home/GTL/apaul/ros2_hw1/install/task_manager_sync:/home/GTL/apaul/ros2_hw1/install/floor_nav:/home/GTL/apaul/ros2_hw1/install/joy_pack:/home/GTL/apaul/ros2_hw1/install/collision_avoidance_base:/home/GTL/apaul/ros2_hw1/install/vrep_ros_teleop:/home/GTL/apaul/ros2_hw1/install/task_manager_client_py:/home/GTL/apaul/ros2_hw1/install/keyboard_teleop:/home/GTL/apaul/ros2_hw1/install/face_detect_base:/home/GTL/apaul/ros2_hw1/install/button_server:/opt/ros/humble LD_LIBRARY_PATH=/home/GTL/apaul/ros2_hw1/install/task_manager_lib/lib:/home/GTL/apaul/ros2_hw1/install/task_manager_msgs/lib:/home/GTL/apaul/ros2_hw1/install/face_msg/lib:/home/GTL/apaul/ros2_hw1/install/cs7630_msgs/lib:/home/GTL/apaul/ros2_hw1/install/task_manager_sync/lib:/usr/lib/x86_64-linux-gnu/gazebo-11/plugins:/opt/ros/humble/opt/rviz_ogre_vendor/lib:/opt/ros/humble/lib/x86_64-linux-gnu:/opt/ros/humble/lib /usr/bin/cmake --install /home/GTL/apaul/ros2_hw1/build/floor_nav
[160.540s] -- Install configuration: ""
[160.549s] -- Installing: /home/GTL/apaul/ros2_hw1/install/floor_nav/lib/floor_nav/floornav_task_server
[161.101s] -- Set runtime path of "/home/GTL/apaul/ros2_hw1/install/floor_nav/lib/floor_nav/floornav_task_server" to ""
[161.105s] -- Installing: /home/GTL/apaul/ros2_hw1/install/floor_nav/lib/floor_nav/libfloornav_TaskAutoDock.so
[161.159s] -- Set runtime path of "/home/GTL/apaul/ros2_hw1/install/floor_nav/lib/floor_nav/libfloornav_TaskAutoDock.so" to ""
[161.163s] -- Installing: /home/GTL/apaul/ros2_hw1/install/floor_nav/lib/floor_nav/libfloornav_TaskWaitForROI.so
[161.203s] -- Set runtime path of "/home/GTL/apaul/ros2_hw1/install/floor_nav/lib/floor_nav/libfloornav_TaskWaitForROI.so" to ""
[161.208s] -- Installing: /home/GTL/apaul/ros2_hw1/install/floor_nav/lib/floor_nav/libfloornav_TaskWander.so
[161.248s] -- Set runtime path of "/home/GTL/apaul/ros2_hw1/install/floor_nav/lib/floor_nav/libfloornav_TaskWander.so" to ""
[161.283s] -- Installing: /home/GTL/apaul/ros2_hw1/install/floor_nav/lib/floor_nav/libfloornav_TaskSetHeading.so
[161.322s] -- Set runtime path of "/home/GTL/apaul/ros2_hw1/install/floor_nav/lib/floor_nav/libfloornav_TaskSetHeading.so" to ""
[161.325s] -- Installing: /home/GTL/apaul/ros2_hw1/install/floor_nav/lib/floor_nav/libfloornav_TaskPlanTo.so
[161.473s] -- Set runtime path of "/home/GTL/apaul/ros2_hw1/install/floor_nav/lib/floor_nav/libfloornav_TaskPlanTo.so" to ""
[161.477s] -- Installing: /home/GTL/apaul/ros2_hw1/install/floor_nav/lib/floor_nav/libfloornav_TaskGoTo.so
[161.515s] -- Set runtime path of "/home/GTL/apaul/ros2_hw1/install/floor_nav/lib/floor_nav/libfloornav_TaskGoTo.so" to ""
[161.519s] -- Installing: /home/GTL/apaul/ros2_hw1/install/floor_nav/lib/floor_nav/libfloornav_TaskConstant.so
[161.558s] -- Set runtime path of "/home/GTL/apaul/ros2_hw1/install/floor_nav/lib/floor_nav/libfloornav_TaskConstant.so" to ""
[161.563s] -- Installing: /home/GTL/apaul/ros2_hw1/install/floor_nav/lib/floor_nav/libfloornav_TaskTrigger.so
[161.614s] -- Set runtime path of "/home/GTL/apaul/ros2_hw1/install/floor_nav/lib/floor_nav/libfloornav_TaskTrigger.so" to ""
[161.617s] -- Installing: /home/GTL/apaul/ros2_hw1/install/floor_nav/lib/floor_nav/libfloornav_TaskSetBool.so
[161.667s] -- Set runtime path of "/home/GTL/apaul/ros2_hw1/install/floor_nav/lib/floor_nav/libfloornav_TaskSetBool.so" to ""
[161.671s] -- Installing: /home/GTL/apaul/ros2_hw1/install/floor_nav/lib/floor_nav/libfloornav_TaskSetMux.so
[161.722s] -- Set runtime path of "/home/GTL/apaul/ros2_hw1/install/floor_nav/lib/floor_nav/libfloornav_TaskSetMux.so" to ""
[161.727s] -- Installing: /home/GTL/apaul/ros2_hw1/install/floor_nav/lib/floor_nav/libfloornav_TaskNav2.so
[161.782s] -- Set runtime path of "/home/GTL/apaul/ros2_hw1/install/floor_nav/lib/floor_nav/libfloornav_TaskNav2.so" to ""
[161.786s] -- Installing: /home/GTL/apaul/ros2_hw1/install/floor_nav/lib/floor_nav/libfloornav_TaskWaitForFace.so
[161.823s] -- Set runtime path of "/home/GTL/apaul/ros2_hw1/install/floor_nav/lib/floor_nav/libfloornav_TaskWaitForFace.so" to ""
[161.825s] -- Up-to-date: /home/GTL/apaul/ros2_hw1/install/floor_nav/share/floor_nav
[161.828s] -- Up-to-date: /home/GTL/apaul/ros2_hw1/install/floor_nav/share/floor_nav/launch_server_tb.launch.py
[161.829s] -- Up-to-date: /home/GTL/apaul/ros2_hw1/install/floor_nav/share/floor_nav/launch_server_tb.launch
[161.831s] -- Up-to-date: /home/GTL/apaul/ros2_hw1/install/floor_nav/share/floor_nav/__pycache__
[161.833s] -- Up-to-date: /home/GTL/apaul/ros2_hw1/install/floor_nav/share/floor_nav/__pycache__/launch_server_tb.launch.cpython-310.pyc
[161.835s] -- Up-to-date: /home/GTL/apaul/ros2_hw1/install/floor_nav/share/floor_nav/launch_server.launch
[161.837s] -- Up-to-date: /home/GTL/apaul/ros2_hw1/install/floor_nav/lib/floor_nav/graph_forever.py
[161.839s] -- Up-to-date: /home/GTL/apaul/ros2_hw1/install/floor_nav/lib/floor_nav/test_goto.py
[161.840s] -- Up-to-date: /home/GTL/apaul/ros2_hw1/install/floor_nav/lib/floor_nav/test_graph_2d.py
[161.842s] -- Up-to-date: /home/GTL/apaul/ros2_hw1/install/floor_nav/lib/floor_nav/test_graph.py
[161.844s] -- Up-to-date: /home/GTL/apaul/ros2_hw1/install/floor_nav/lib/floor_nav/test_graph-test.py
[161.845s] -- Up-to-date: /home/GTL/apaul/ros2_hw1/install/floor_nav/lib/floor_nav/test_planto.py
[161.847s] -- Up-to-date: /home/GTL/apaul/ros2_hw1/install/floor_nav/lib/floor_nav/test_set_heading.py
[161.849s] -- Up-to-date: /home/GTL/apaul/ros2_hw1/install/floor_nav/lib/floor_nav/test_wander.py
[161.856s] -- Up-to-date: /home/GTL/apaul/ros2_hw1/install/floor_nav/share/ament_index/resource_index/package_run_dependencies/floor_nav
[161.859s] -- Installing: /home/GTL/apaul/ros2_hw1/install/floor_nav/share/ament_index/resource_index/parent_prefix_path/floor_nav
[161.868s] -- Up-to-date: /home/GTL/apaul/ros2_hw1/install/floor_nav/share/floor_nav/environment/ament_prefix_path.sh
[161.870s] -- Installing: /home/GTL/apaul/ros2_hw1/install/floor_nav/share/floor_nav/environment/ament_prefix_path.dsv
[161.877s] -- Up-to-date: /home/GTL/apaul/ros2_hw1/install/floor_nav/share/floor_nav/environment/path.sh
[161.878s] -- Installing: /home/GTL/apaul/ros2_hw1/install/floor_nav/share/floor_nav/environment/path.dsv
[161.887s] -- Up-to-date: /home/GTL/apaul/ros2_hw1/install/floor_nav/share/floor_nav/local_setup.bash
[161.888s] -- Up-to-date: /home/GTL/apaul/ros2_hw1/install/floor_nav/share/floor_nav/local_setup.sh
[161.891s] -- Up-to-date: /home/GTL/apaul/ros2_hw1/install/floor_nav/share/floor_nav/local_setup.zsh
[161.892s] -- Installing: /home/GTL/apaul/ros2_hw1/install/floor_nav/share/floor_nav/local_setup.dsv
[161.899s] -- Installing: /home/GTL/apaul/ros2_hw1/install/floor_nav/share/floor_nav/package.dsv
[161.909s] -- Up-to-date: /home/GTL/apaul/ros2_hw1/install/floor_nav/share/ament_index/resource_index/packages/floor_nav
[161.912s] -- Up-to-date: /home/GTL/apaul/ros2_hw1/install/floor_nav/share/floor_nav/cmake/floor_navConfig.cmake
[161.913s] -- Up-to-date: /home/GTL/apaul/ros2_hw1/install/floor_nav/share/floor_nav/cmake/floor_navConfig-version.cmake
[161.915s] -- Installing: /home/GTL/apaul/ros2_hw1/install/floor_nav/share/floor_nav/package.xml
[161.935s] Invoked command in '/home/GTL/apaul/ros2_hw1/build/floor_nav' returned '0': CMAKE_PREFIX_PATH=/home/GTL/apaul/ros2_hw1/install/task_manager_nav2:/home/GTL/apaul/ros2_hw1/install/task_manager_lib:/home/GTL/apaul/ros2_hw1/install/task_manager_msgs:/home/GTL/apaul/ros2_hw1/install/face_msg:/home/GTL/apaul/ros2_hw1/install/cs7630_msgs:/home/GTL/apaul/ros2_hw1/install/vrep4_helpers:/home/GTL/apaul/ros2_hw1/install/task_manager_sync:/home/GTL/apaul/ros2_hw1/install/floor_nav:/home/GTL/apaul/ros2_hw1/install/joy_pack:/home/GTL/apaul/ros2_hw1/install/collision_avoidance_base:/home/GTL/apaul/ros2_hw1/install/vrep_ros_teleop:/home/GTL/apaul/ros2_hw1/install/task_manager_client_py:/home/GTL/apaul/ros2_hw1/install/keyboard_teleop:/home/GTL/apaul/ros2_hw1/install/face_detect_base:/home/GTL/apaul/ros2_hw1/install/button_server:/opt/ros/humble LD_LIBRARY_PATH=/home/GTL/apaul/ros2_hw1/install/task_manager_lib/lib:/home/GTL/apaul/ros2_hw1/install/task_manager_msgs/lib:/home/GTL/apaul/ros2_hw1/install/face_msg/lib:/home/GTL/apaul/ros2_hw1/install/cs7630_msgs/lib:/home/GTL/apaul/ros2_hw1/install/task_manager_sync/lib:/usr/lib/x86_64-linux-gnu/gazebo-11/plugins:/opt/ros/humble/opt/rviz_ogre_vendor/lib:/opt/ros/humble/lib/x86_64-linux-gnu:/opt/ros/humble/lib /usr/bin/cmake --install /home/GTL/apaul/ros2_hw1/build/floor_nav
