[0.094s] Invoking command in '/home/GTL/pcastere/ros_hw1/ros2_hw1/build/floor_nav': CMAKE_PREFIX_PATH=/home/GTL/pcastere/ros_hw1/ros2_hw1/install/task_manager_nav2:/home/GTL/pcastere/ros_hw1/ros2_hw1/install/task_manager_lib:/home/GTL/pcastere/ros_hw1/ros2_hw1/install/task_manager_msgs:/home/GTL/pcastere/ros_hw1/ros2_hw1/install/face_msg:/home/GTL/pcastere/ros_hw1/ros2_hw1/install/cs7630_msgs:/home/GTL/pcastere/ros_hw1/ros2_hw1/install/vrep4_helpers:/home/GTL/pcastere/ros_hw1/ros2_hw1/install/task_manager_sync:/home/GTL/pcastere/ros_hw1/ros2_hw1/install/floor_nav:/home/GTL/pcastere/ros_hw1/ros2_hw1/install/joy_pack:/home/GTL/pcastere/ros_hw1/ros2_hw1/install/collision_avoidance_base:/home/GTL/pcastere/ros_hw1/ros2_hw1/install/vrep_ros_teleop:/home/GTL/pcastere/ros_hw1/ros2_hw1/install/task_manager_client_py:/home/GTL/pcastere/ros_hw1/ros2_hw1/install/ar_slam_base:/home/GTL/pcastere/ros_hw1/ros2_hw1/install/ar_loc_base:/home/GTL/pcastere/ros_hw1/ros2_hw1/install/rover_driver_base:/home/GTL/pcastere/ros_hw1/ros2_hw1/install/keyboard_teleop:/home/GTL/pcastere/ros_hw1/ros2_hw1/install/face_detect_base:/home/GTL/pcastere/ros_hw1/ros2_hw1/install/button_server:/home/GTL/pcastere/ros_hw1/ros2_hw1/install/ar_mapping_base:/opt/ros/humble LD_LIBRARY_PATH=/home/GTL/pcastere/ros_hw1/ros2_hw1/install/task_manager_lib/lib:/home/GTL/pcastere/ros_hw1/ros2_hw1/install/task_manager_msgs/lib:/home/GTL/pcastere/ros_hw1/ros2_hw1/install/face_msg/lib:/home/GTL/pcastere/ros_hw1/ros2_hw1/install/cs7630_msgs/lib:/home/GTL/pcastere/ros_hw1/ros2_hw1/install/task_manager_sync/lib:/usr/lib/x86_64-linux-gnu/gazebo-11/plugins:/opt/ros/humble/opt/rviz_ogre_vendor/lib:/opt/ros/humble/lib/x86_64-linux-gnu:/opt/ros/humble/lib /usr/bin/cmake --build /home/GTL/pcastere/ros_hw1/ros2_hw1/build/floor_nav -- -j16 -l16
[0.234s] [  9%] Built target floornav_TaskSetBool
[0.236s] [ 16%] Built target floornav_TaskGoToPose
[0.239s] [ 19%] Built target floornav_TaskNav2
[0.245s] [ 35%] Built target floornav_task_server
[0.245s] [ 35%] Built target floornav_TaskGoTo
[0.250s] [ 48%] Built target floornav_TaskSetHeading
[0.252s] [ 54%] Built target floornav_TaskStareAtFace
[0.252s] [ 54%] Built target floornav_TaskTrigger
[0.255s] [ 67%] Built target floornav_TaskPlanTo
[0.257s] [ 74%] Built target floornav_TaskConstant
[0.258s] [ 77%] Built target floornav_TaskWaitForFace
[0.259s] [ 80%] Built target floornav_TaskAutoDock
[0.262s] [ 87%] Built target floornav_TaskSetMux
[0.269s] [ 93%] Built target floornav_TaskWander
[0.278s] [100%] Built target floornav_TaskWaitForROI
[0.293s] Invoked command in '/home/GTL/pcastere/ros_hw1/ros2_hw1/build/floor_nav' returned '0': CMAKE_PREFIX_PATH=/home/GTL/pcastere/ros_hw1/ros2_hw1/install/task_manager_nav2:/home/GTL/pcastere/ros_hw1/ros2_hw1/install/task_manager_lib:/home/GTL/pcastere/ros_hw1/ros2_hw1/install/task_manager_msgs:/home/GTL/pcastere/ros_hw1/ros2_hw1/install/face_msg:/home/GTL/pcastere/ros_hw1/ros2_hw1/install/cs7630_msgs:/home/GTL/pcastere/ros_hw1/ros2_hw1/install/vrep4_helpers:/home/GTL/pcastere/ros_hw1/ros2_hw1/install/task_manager_sync:/home/GTL/pcastere/ros_hw1/ros2_hw1/install/floor_nav:/home/GTL/pcastere/ros_hw1/ros2_hw1/install/joy_pack:/home/GTL/pcastere/ros_hw1/ros2_hw1/install/collision_avoidance_base:/home/GTL/pcastere/ros_hw1/ros2_hw1/install/vrep_ros_teleop:/home/GTL/pcastere/ros_hw1/ros2_hw1/install/task_manager_client_py:/home/GTL/pcastere/ros_hw1/ros2_hw1/install/ar_slam_base:/home/GTL/pcastere/ros_hw1/ros2_hw1/install/ar_loc_base:/home/GTL/pcastere/ros_hw1/ros2_hw1/install/rover_driver_base:/home/GTL/pcastere/ros_hw1/ros2_hw1/install/keyboard_teleop:/home/GTL/pcastere/ros_hw1/ros2_hw1/install/face_detect_base:/home/GTL/pcastere/ros_hw1/ros2_hw1/install/button_server:/home/GTL/pcastere/ros_hw1/ros2_hw1/install/ar_mapping_base:/opt/ros/humble LD_LIBRARY_PATH=/home/GTL/pcastere/ros_hw1/ros2_hw1/install/task_manager_lib/lib:/home/GTL/pcastere/ros_hw1/ros2_hw1/install/task_manager_msgs/lib:/home/GTL/pcastere/ros_hw1/ros2_hw1/install/face_msg/lib:/home/GTL/pcastere/ros_hw1/ros2_hw1/install/cs7630_msgs/lib:/home/GTL/pcastere/ros_hw1/ros2_hw1/install/task_manager_sync/lib:/usr/lib/x86_64-linux-gnu/gazebo-11/plugins:/opt/ros/humble/opt/rviz_ogre_vendor/lib:/opt/ros/humble/lib/x86_64-linux-gnu:/opt/ros/humble/lib /usr/bin/cmake --build /home/GTL/pcastere/ros_hw1/ros2_hw1/build/floor_nav -- -j16 -l16
[0.387s] Invoking command in '/home/GTL/pcastere/ros_hw1/ros2_hw1/build/floor_nav': CMAKE_PREFIX_PATH=/home/GTL/pcastere/ros_hw1/ros2_hw1/install/task_manager_nav2:/home/GTL/pcastere/ros_hw1/ros2_hw1/install/task_manager_lib:/home/GTL/pcastere/ros_hw1/ros2_hw1/install/task_manager_msgs:/home/GTL/pcastere/ros_hw1/ros2_hw1/install/face_msg:/home/GTL/pcastere/ros_hw1/ros2_hw1/install/cs7630_msgs:/home/GTL/pcastere/ros_hw1/ros2_hw1/install/vrep4_helpers:/home/GTL/pcastere/ros_hw1/ros2_hw1/install/task_manager_sync:/home/GTL/pcastere/ros_hw1/ros2_hw1/install/floor_nav:/home/GTL/pcastere/ros_hw1/ros2_hw1/install/joy_pack:/home/GTL/pcastere/ros_hw1/ros2_hw1/install/collision_avoidance_base:/home/GTL/pcastere/ros_hw1/ros2_hw1/install/vrep_ros_teleop:/home/GTL/pcastere/ros_hw1/ros2_hw1/install/task_manager_client_py:/home/GTL/pcastere/ros_hw1/ros2_hw1/install/ar_slam_base:/home/GTL/pcastere/ros_hw1/ros2_hw1/install/ar_loc_base:/home/GTL/pcastere/ros_hw1/ros2_hw1/install/rover_driver_base:/home/GTL/pcastere/ros_hw1/ros2_hw1/install/keyboard_teleop:/home/GTL/pcastere/ros_hw1/ros2_hw1/install/face_detect_base:/home/GTL/pcastere/ros_hw1/ros2_hw1/install/button_server:/home/GTL/pcastere/ros_hw1/ros2_hw1/install/ar_mapping_base:/opt/ros/humble LD_LIBRARY_PATH=/home/GTL/pcastere/ros_hw1/ros2_hw1/install/task_manager_lib/lib:/home/GTL/pcastere/ros_hw1/ros2_hw1/install/task_manager_msgs/lib:/home/GTL/pcastere/ros_hw1/ros2_hw1/install/face_msg/lib:/home/GTL/pcastere/ros_hw1/ros2_hw1/install/cs7630_msgs/lib:/home/GTL/pcastere/ros_hw1/ros2_hw1/install/task_manager_sync/lib:/usr/lib/x86_64-linux-gnu/gazebo-11/plugins:/opt/ros/humble/opt/rviz_ogre_vendor/lib:/opt/ros/humble/lib/x86_64-linux-gnu:/opt/ros/humble/lib /usr/bin/cmake --install /home/GTL/pcastere/ros_hw1/ros2_hw1/build/floor_nav
[0.392s] -- Install configuration: ""
[0.394s] -- Up-to-date: /home/GTL/pcastere/ros_hw1/ros2_hw1/install/floor_nav/lib/floor_nav/floornav_task_server
[0.396s] -- Up-to-date: /home/GTL/pcastere/ros_hw1/ros2_hw1/install/floor_nav/lib/floor_nav/libfloornav_TaskAutoDock.so
[0.397s] -- Up-to-date: /home/GTL/pcastere/ros_hw1/ros2_hw1/install/floor_nav/lib/floor_nav/libfloornav_TaskWaitForROI.so
[0.399s] -- Up-to-date: /home/GTL/pcastere/ros_hw1/ros2_hw1/install/floor_nav/lib/floor_nav/libfloornav_TaskWander.so
[0.400s] -- Up-to-date: /home/GTL/pcastere/ros_hw1/ros2_hw1/install/floor_nav/lib/floor_nav/libfloornav_TaskSetHeading.so
[0.402s] -- Up-to-date: /home/GTL/pcastere/ros_hw1/ros2_hw1/install/floor_nav/lib/floor_nav/libfloornav_TaskPlanTo.so
[0.403s] -- Up-to-date: /home/GTL/pcastere/ros_hw1/ros2_hw1/install/floor_nav/lib/floor_nav/libfloornav_TaskGoTo.so
[0.405s] -- Up-to-date: /home/GTL/pcastere/ros_hw1/ros2_hw1/install/floor_nav/lib/floor_nav/libfloornav_TaskConstant.so
[0.407s] -- Up-to-date: /home/GTL/pcastere/ros_hw1/ros2_hw1/install/floor_nav/lib/floor_nav/libfloornav_TaskTrigger.so
[0.408s] -- Up-to-date: /home/GTL/pcastere/ros_hw1/ros2_hw1/install/floor_nav/lib/floor_nav/libfloornav_TaskSetBool.so
[0.409s] -- Up-to-date: /home/GTL/pcastere/ros_hw1/ros2_hw1/install/floor_nav/lib/floor_nav/libfloornav_TaskSetMux.so
[0.411s] -- Up-to-date: /home/GTL/pcastere/ros_hw1/ros2_hw1/install/floor_nav/lib/floor_nav/libfloornav_TaskNav2.so
[0.413s] -- Up-to-date: /home/GTL/pcastere/ros_hw1/ros2_hw1/install/floor_nav/lib/floor_nav/libfloornav_TaskWaitForFace.so
[0.413s] -- Up-to-date: /home/GTL/pcastere/ros_hw1/ros2_hw1/install/floor_nav/lib/floor_nav/libfloornav_TaskStareAtFace.so
[0.415s] -- Up-to-date: /home/GTL/pcastere/ros_hw1/ros2_hw1/install/floor_nav/lib/floor_nav/libfloornav_TaskGoToPose.so
[0.416s] -- Up-to-date: /home/GTL/pcastere/ros_hw1/ros2_hw1/install/floor_nav/share/floor_nav
[0.417s] -- Up-to-date: /home/GTL/pcastere/ros_hw1/ros2_hw1/install/floor_nav/share/floor_nav/launch_server_tb.launch.py
[0.418s] -- Up-to-date: /home/GTL/pcastere/ros_hw1/ros2_hw1/install/floor_nav/share/floor_nav/launch_rover.launch.py
[0.418s] -- Up-to-date: /home/GTL/pcastere/ros_hw1/ros2_hw1/install/floor_nav/share/floor_nav/launch_server_tb.launch
[0.419s] -- Up-to-date: /home/GTL/pcastere/ros_hw1/ros2_hw1/install/floor_nav/share/floor_nav/__pycache__
[0.420s] -- Up-to-date: /home/GTL/pcastere/ros_hw1/ros2_hw1/install/floor_nav/share/floor_nav/__pycache__/launch_rover.launch.cpython-310.pyc
[0.421s] -- Up-to-date: /home/GTL/pcastere/ros_hw1/ros2_hw1/install/floor_nav/share/floor_nav/__pycache__/launch_server_tb.launch.cpython-310.pyc
[0.421s] -- Up-to-date: /home/GTL/pcastere/ros_hw1/ros2_hw1/install/floor_nav/share/floor_nav/launch_server.launch
[0.422s] -- Up-to-date: /home/GTL/pcastere/ros_hw1/ros2_hw1/install/floor_nav/lib/floor_nav/graph_forever.py
[0.423s] -- Up-to-date: /home/GTL/pcastere/ros_hw1/ros2_hw1/install/floor_nav/lib/floor_nav/test_goto.py
[0.423s] -- Up-to-date: /home/GTL/pcastere/ros_hw1/ros2_hw1/install/floor_nav/lib/floor_nav/test_graph_2d.py
[0.424s] -- Up-to-date: /home/GTL/pcastere/ros_hw1/ros2_hw1/install/floor_nav/lib/floor_nav/test_graph.py
[0.425s] -- Up-to-date: /home/GTL/pcastere/ros_hw1/ros2_hw1/install/floor_nav/lib/floor_nav/test_graph-test.py
[0.425s] -- Up-to-date: /home/GTL/pcastere/ros_hw1/ros2_hw1/install/floor_nav/lib/floor_nav/test_planto.py
[0.426s] -- Up-to-date: /home/GTL/pcastere/ros_hw1/ros2_hw1/install/floor_nav/lib/floor_nav/test_set_heading.py
[0.427s] -- Up-to-date: /home/GTL/pcastere/ros_hw1/ros2_hw1/install/floor_nav/lib/floor_nav/test_wander.py
[0.427s] -- Up-to-date: /home/GTL/pcastere/ros_hw1/ros2_hw1/install/floor_nav/share/ament_index/resource_index/package_run_dependencies/floor_nav
[0.427s] -- Up-to-date: /home/GTL/pcastere/ros_hw1/ros2_hw1/install/floor_nav/share/ament_index/resource_index/parent_prefix_path/floor_nav
[0.431s] -- Up-to-date: /home/GTL/pcastere/ros_hw1/ros2_hw1/install/floor_nav/share/floor_nav/environment/ament_prefix_path.sh
[0.431s] -- Up-to-date: /home/GTL/pcastere/ros_hw1/ros2_hw1/install/floor_nav/share/floor_nav/environment/ament_prefix_path.dsv
[0.431s] -- Up-to-date: /home/GTL/pcastere/ros_hw1/ros2_hw1/install/floor_nav/share/floor_nav/environment/path.sh
[0.431s] -- Up-to-date: /home/GTL/pcastere/ros_hw1/ros2_hw1/install/floor_nav/share/floor_nav/environment/path.dsv
[0.431s] -- Up-to-date: /home/GTL/pcastere/ros_hw1/ros2_hw1/install/floor_nav/share/floor_nav/local_setup.bash
[0.432s] -- Up-to-date: /home/GTL/pcastere/ros_hw1/ros2_hw1/install/floor_nav/share/floor_nav/local_setup.sh
[0.432s] -- Up-to-date: /home/GTL/pcastere/ros_hw1/ros2_hw1/install/floor_nav/share/floor_nav/local_setup.zsh
[0.433s] -- Up-to-date: /home/GTL/pcastere/ros_hw1/ros2_hw1/install/floor_nav/share/floor_nav/local_setup.dsv
[0.433s] -- Installing: /home/GTL/pcastere/ros_hw1/ros2_hw1/install/floor_nav/share/floor_nav/package.dsv
[0.438s] -- Up-to-date: /home/GTL/pcastere/ros_hw1/ros2_hw1/install/floor_nav/share/ament_index/resource_index/packages/floor_nav
[0.438s] -- Up-to-date: /home/GTL/pcastere/ros_hw1/ros2_hw1/install/floor_nav/share/floor_nav/cmake/floor_navConfig.cmake
[0.439s] -- Up-to-date: /home/GTL/pcastere/ros_hw1/ros2_hw1/install/floor_nav/share/floor_nav/cmake/floor_navConfig-version.cmake
[0.439s] -- Up-to-date: /home/GTL/pcastere/ros_hw1/ros2_hw1/install/floor_nav/share/floor_nav/package.xml
[0.693s] Invoked command in '/home/GTL/pcastere/ros_hw1/ros2_hw1/build/floor_nav' returned '0': CMAKE_PREFIX_PATH=/home/GTL/pcastere/ros_hw1/ros2_hw1/install/task_manager_nav2:/home/GTL/pcastere/ros_hw1/ros2_hw1/install/task_manager_lib:/home/GTL/pcastere/ros_hw1/ros2_hw1/install/task_manager_msgs:/home/GTL/pcastere/ros_hw1/ros2_hw1/install/face_msg:/home/GTL/pcastere/ros_hw1/ros2_hw1/install/cs7630_msgs:/home/GTL/pcastere/ros_hw1/ros2_hw1/install/vrep4_helpers:/home/GTL/pcastere/ros_hw1/ros2_hw1/install/task_manager_sync:/home/GTL/pcastere/ros_hw1/ros2_hw1/install/floor_nav:/home/GTL/pcastere/ros_hw1/ros2_hw1/install/joy_pack:/home/GTL/pcastere/ros_hw1/ros2_hw1/install/collision_avoidance_base:/home/GTL/pcastere/ros_hw1/ros2_hw1/install/vrep_ros_teleop:/home/GTL/pcastere/ros_hw1/ros2_hw1/install/task_manager_client_py:/home/GTL/pcastere/ros_hw1/ros2_hw1/install/ar_slam_base:/home/GTL/pcastere/ros_hw1/ros2_hw1/install/ar_loc_base:/home/GTL/pcastere/ros_hw1/ros2_hw1/install/rover_driver_base:/home/GTL/pcastere/ros_hw1/ros2_hw1/install/keyboard_teleop:/home/GTL/pcastere/ros_hw1/ros2_hw1/install/face_detect_base:/home/GTL/pcastere/ros_hw1/ros2_hw1/install/button_server:/home/GTL/pcastere/ros_hw1/ros2_hw1/install/ar_mapping_base:/opt/ros/humble LD_LIBRARY_PATH=/home/GTL/pcastere/ros_hw1/ros2_hw1/install/task_manager_lib/lib:/home/GTL/pcastere/ros_hw1/ros2_hw1/install/task_manager_msgs/lib:/home/GTL/pcastere/ros_hw1/ros2_hw1/install/face_msg/lib:/home/GTL/pcastere/ros_hw1/ros2_hw1/install/cs7630_msgs/lib:/home/GTL/pcastere/ros_hw1/ros2_hw1/install/task_manager_sync/lib:/usr/lib/x86_64-linux-gnu/gazebo-11/plugins:/opt/ros/humble/opt/rviz_ogre_vendor/lib:/opt/ros/humble/lib/x86_64-linux-gnu:/opt/ros/humble/lib /usr/bin/cmake --install /home/GTL/pcastere/ros_hw1/ros2_hw1/build/floor_nav
