[0.031s] Invoking command in '/home/GTL/apaul/ros2_hw1/build/task_manager_nav2': AMENT_PREFIX_PATH=/home/GTL/apaul/ros2_hw1/install/task_manager_lib:/home/GTL/apaul/ros2_hw1/install/task_manager_msgs:${AMENT_PREFIX_PATH} CMAKE_PREFIX_PATH=/home/GTL/apaul/ros2_hw1/install/task_manager_lib:/home/GTL/apaul/ros2_hw1/install/task_manager_msgs:/opt/ros/humble LD_LIBRARY_PATH=/home/GTL/apaul/ros2_hw1/install/task_manager_lib/lib:/home/GTL/apaul/ros2_hw1/install/task_manager_msgs/lib:${LD_LIBRARY_PATH} PYTHONPATH=/home/GTL/apaul/ros2_hw1/install/task_manager_msgs/local/lib/python3.10/dist-packages:${PYTHONPATH} /usr/bin/cmake /home/GTL/apaul/ros2_hw1/src/ros_task_manager/src/task_manager_nav2 -DCMAKE_INSTALL_PREFIX=/home/GTL/apaul/ros2_hw1/install/task_manager_nav2
[0.108s] -- The C compiler identification is GNU 11.4.0
[0.176s] -- The CXX compiler identification is GNU 11.4.0
[0.191s] -- Detecting C compiler ABI info
[0.315s] -- Detecting C compiler ABI info - done
[0.323s] -- Check for working C compiler: /usr/bin/cc - skipped
[0.323s] -- Detecting C compile features
[0.324s] -- Detecting C compile features - done
[0.332s] -- Detecting CXX compiler ABI info
[0.459s] -- Detecting CXX compiler ABI info - done
[0.468s] -- Check for working CXX compiler: /usr/bin/c++ - skipped
[0.468s] -- Detecting CXX compile features
[0.469s] -- Detecting CXX compile features - done
[0.484s] -- Found ament_cmake: 1.3.11 (/opt/ros/humble/share/ament_cmake/cmake)
[0.607s] -- Found Python3: /usr/bin/python3 (found version "3.10.12") found components: Interpreter 
[0.781s] -- Found nav2_msgs: 1.1.17 (/opt/ros/humble/share/nav2_msgs/cmake)
[0.875s] -- Found rosidl_generator_c: 3.1.6 (/opt/ros/humble/share/rosidl_generator_c/cmake)
[0.895s] -- Found rosidl_adapter: 3.1.6 (/opt/ros/humble/share/rosidl_adapter/cmake)
[0.917s] -- Found rosidl_generator_cpp: 3.1.6 (/opt/ros/humble/share/rosidl_generator_cpp/cmake)
[0.943s] -- Using all available rosidl_typesupport_c: rosidl_typesupport_fastrtps_c;rosidl_typesupport_introspection_c
[0.980s] -- Using all available rosidl_typesupport_cpp: rosidl_typesupport_fastrtps_cpp;rosidl_typesupport_introspection_cpp
[1.128s] -- Found task_manager_lib: 0.0.0 (/home/GTL/apaul/ros2_hw1/install/task_manager_lib/share/task_manager_lib/cmake)
[1.260s] -- Found rmw_implementation_cmake: 6.1.2 (/opt/ros/humble/share/rmw_implementation_cmake/cmake)
[1.267s] -- Found rmw_cyclonedds_cpp: 1.3.4 (/opt/ros/humble/share/rmw_cyclonedds_cpp/cmake)
[1.315s] -- Using RMW implementation 'rmw_cyclonedds_cpp' as default
[1.343s] -- Looking for pthread.h
[1.460s] -- Looking for pthread.h - found
[1.462s] -- Performing Test CMAKE_HAVE_LIBC_PTHREAD
[1.584s] -- Performing Test CMAKE_HAVE_LIBC_PTHREAD - Success
[1.586s] -- Found Threads: TRUE  
[1.721s] -- Found tf2_geometry_msgs: 0.25.9 (/opt/ros/humble/share/tf2_geometry_msgs/cmake)
[1.767s] -- Found eigen3_cmake_module: 0.1.1 (/opt/ros/humble/share/eigen3_cmake_module/cmake)
[1.768s] -- Found Eigen3: TRUE (found version "3.4.0") 
[1.768s] -- Ensuring Eigen3 include directory is part of orocos-kdl CMake target
[1.903s] -- Found ament_lint_auto: 0.12.11 (/opt/ros/humble/share/ament_lint_auto/cmake)
[2.068s] -- Added test 'copyright' to check source files copyright and LICENSE
[2.076s] -- Added test 'cppcheck' to perform static code analysis on C / C++ code
[2.076s] -- Configured cppcheck include dirs: 
[2.076s] -- Configured cppcheck exclude dirs and/or files: 
[2.084s] -- Added test 'cpplint' to check C / C++ code against the Google style
[2.084s] -- Configured cpplint exclude dirs and/or files: 
[2.089s] -- Added test 'lint_cmake' to check CMake code style
[2.097s] -- Added test 'uncrustify' to check C / C++ code style
[2.098s] -- Configured uncrustify additional arguments: 
[2.100s] -- Added test 'xmllint' to check XML markup files
[2.142s] -- Configuring done
[2.210s] -- Generating done
[2.457s] -- Build files have been written to: /home/GTL/apaul/ros2_hw1/build/task_manager_nav2
[2.463s] Invoked command in '/home/GTL/apaul/ros2_hw1/build/task_manager_nav2' returned '0': AMENT_PREFIX_PATH=/home/GTL/apaul/ros2_hw1/install/task_manager_lib:/home/GTL/apaul/ros2_hw1/install/task_manager_msgs:${AMENT_PREFIX_PATH} CMAKE_PREFIX_PATH=/home/GTL/apaul/ros2_hw1/install/task_manager_lib:/home/GTL/apaul/ros2_hw1/install/task_manager_msgs:/opt/ros/humble LD_LIBRARY_PATH=/home/GTL/apaul/ros2_hw1/install/task_manager_lib/lib:/home/GTL/apaul/ros2_hw1/install/task_manager_msgs/lib:${LD_LIBRARY_PATH} PYTHONPATH=/home/GTL/apaul/ros2_hw1/install/task_manager_msgs/local/lib/python3.10/dist-packages:${PYTHONPATH} /usr/bin/cmake /home/GTL/apaul/ros2_hw1/src/ros_task_manager/src/task_manager_nav2 -DCMAKE_INSTALL_PREFIX=/home/GTL/apaul/ros2_hw1/install/task_manager_nav2
[2.465s] Invoking command in '/home/GTL/apaul/ros2_hw1/build/task_manager_nav2': AMENT_PREFIX_PATH=/home/GTL/apaul/ros2_hw1/install/task_manager_lib:/home/GTL/apaul/ros2_hw1/install/task_manager_msgs:${AMENT_PREFIX_PATH} CMAKE_PREFIX_PATH=/home/GTL/apaul/ros2_hw1/install/task_manager_lib:/home/GTL/apaul/ros2_hw1/install/task_manager_msgs:/opt/ros/humble LD_LIBRARY_PATH=/home/GTL/apaul/ros2_hw1/install/task_manager_lib/lib:/home/GTL/apaul/ros2_hw1/install/task_manager_msgs/lib:${LD_LIBRARY_PATH} PYTHONPATH=/home/GTL/apaul/ros2_hw1/install/task_manager_msgs/local/lib/python3.10/dist-packages:${PYTHONPATH} /usr/bin/cmake --build /home/GTL/apaul/ros2_hw1/build/task_manager_nav2 -- -j16 -l16
[2.524s] Invoked command in '/home/GTL/apaul/ros2_hw1/build/task_manager_nav2' returned '0': AMENT_PREFIX_PATH=/home/GTL/apaul/ros2_hw1/install/task_manager_lib:/home/GTL/apaul/ros2_hw1/install/task_manager_msgs:${AMENT_PREFIX_PATH} CMAKE_PREFIX_PATH=/home/GTL/apaul/ros2_hw1/install/task_manager_lib:/home/GTL/apaul/ros2_hw1/install/task_manager_msgs:/opt/ros/humble LD_LIBRARY_PATH=/home/GTL/apaul/ros2_hw1/install/task_manager_lib/lib:/home/GTL/apaul/ros2_hw1/install/task_manager_msgs/lib:${LD_LIBRARY_PATH} PYTHONPATH=/home/GTL/apaul/ros2_hw1/install/task_manager_msgs/local/lib/python3.10/dist-packages:${PYTHONPATH} /usr/bin/cmake --build /home/GTL/apaul/ros2_hw1/build/task_manager_nav2 -- -j16 -l16
[2.528s] Invoking command in '/home/GTL/apaul/ros2_hw1/build/task_manager_nav2': AMENT_PREFIX_PATH=/home/GTL/apaul/ros2_hw1/install/task_manager_lib:/home/GTL/apaul/ros2_hw1/install/task_manager_msgs:${AMENT_PREFIX_PATH} CMAKE_PREFIX_PATH=/home/GTL/apaul/ros2_hw1/install/task_manager_lib:/home/GTL/apaul/ros2_hw1/install/task_manager_msgs:/opt/ros/humble LD_LIBRARY_PATH=/home/GTL/apaul/ros2_hw1/install/task_manager_lib/lib:/home/GTL/apaul/ros2_hw1/install/task_manager_msgs/lib:${LD_LIBRARY_PATH} PYTHONPATH=/home/GTL/apaul/ros2_hw1/install/task_manager_msgs/local/lib/python3.10/dist-packages:${PYTHONPATH} /usr/bin/cmake --install /home/GTL/apaul/ros2_hw1/build/task_manager_nav2
[2.537s] -- Install configuration: ""
[2.537s] -- Installing: /home/GTL/apaul/ros2_hw1/install/task_manager_nav2/include/task_manager_nav2
[2.545s] -- Installing: /home/GTL/apaul/ros2_hw1/install/task_manager_nav2/include/task_manager_nav2/TaskActionNav2.h
[2.556s] -- Installing: /home/GTL/apaul/ros2_hw1/install/task_manager_nav2/share/ament_index/resource_index/package_run_dependencies/task_manager_nav2
[2.564s] -- Installing: /home/GTL/apaul/ros2_hw1/install/task_manager_nav2/share/ament_index/resource_index/parent_prefix_path/task_manager_nav2
[2.571s] -- Installing: /home/GTL/apaul/ros2_hw1/install/task_manager_nav2/share/task_manager_nav2/environment/ament_prefix_path.sh
[2.574s] -- Installing: /home/GTL/apaul/ros2_hw1/install/task_manager_nav2/share/task_manager_nav2/environment/ament_prefix_path.dsv
[2.578s] -- Installing: /home/GTL/apaul/ros2_hw1/install/task_manager_nav2/share/task_manager_nav2/environment/path.sh
[2.582s] -- Installing: /home/GTL/apaul/ros2_hw1/install/task_manager_nav2/share/task_manager_nav2/environment/path.dsv
[2.585s] -- Installing: /home/GTL/apaul/ros2_hw1/install/task_manager_nav2/share/task_manager_nav2/local_setup.bash
[2.589s] -- Installing: /home/GTL/apaul/ros2_hw1/install/task_manager_nav2/share/task_manager_nav2/local_setup.sh
[2.593s] -- Installing: /home/GTL/apaul/ros2_hw1/install/task_manager_nav2/share/task_manager_nav2/local_setup.zsh
[2.597s] -- Installing: /home/GTL/apaul/ros2_hw1/install/task_manager_nav2/share/task_manager_nav2/local_setup.dsv
[2.601s] -- Installing: /home/GTL/apaul/ros2_hw1/install/task_manager_nav2/share/task_manager_nav2/package.dsv
[2.608s] -- Installing: /home/GTL/apaul/ros2_hw1/install/task_manager_nav2/share/ament_index/resource_index/packages/task_manager_nav2
[2.614s] -- Installing: /home/GTL/apaul/ros2_hw1/install/task_manager_nav2/share/task_manager_nav2/cmake/ament_cmake_export_dependencies-extras.cmake
[2.619s] -- Installing: /home/GTL/apaul/ros2_hw1/install/task_manager_nav2/share/task_manager_nav2/cmake/ament_cmake_export_include_directories-extras.cmake
[2.636s] -- Installing: /home/GTL/apaul/ros2_hw1/install/task_manager_nav2/share/task_manager_nav2/cmake/task_manager_nav2Config.cmake
[2.642s] -- Installing: /home/GTL/apaul/ros2_hw1/install/task_manager_nav2/share/task_manager_nav2/cmake/task_manager_nav2Config-version.cmake
[2.657s] -- Installing: /home/GTL/apaul/ros2_hw1/install/task_manager_nav2/share/task_manager_nav2/package.xml
[2.667s] Invoked command in '/home/GTL/apaul/ros2_hw1/build/task_manager_nav2' returned '0': AMENT_PREFIX_PATH=/home/GTL/apaul/ros2_hw1/install/task_manager_lib:/home/GTL/apaul/ros2_hw1/install/task_manager_msgs:${AMENT_PREFIX_PATH} CMAKE_PREFIX_PATH=/home/GTL/apaul/ros2_hw1/install/task_manager_lib:/home/GTL/apaul/ros2_hw1/install/task_manager_msgs:/opt/ros/humble LD_LIBRARY_PATH=/home/GTL/apaul/ros2_hw1/install/task_manager_lib/lib:/home/GTL/apaul/ros2_hw1/install/task_manager_msgs/lib:${LD_LIBRARY_PATH} PYTHONPATH=/home/GTL/apaul/ros2_hw1/install/task_manager_msgs/local/lib/python3.10/dist-packages:${PYTHONPATH} /usr/bin/cmake --install /home/GTL/apaul/ros2_hw1/build/task_manager_nav2
