[0.600s] Invoking command in '/home/GTL/apaul/ros2_hw1/build/wpa_cli_msgs': CMAKE_PREFIX_PATH=/opt/ros/humble /usr/bin/cmake --build /home/GTL/apaul/ros2_hw1/build/wpa_cli_msgs -- -j16 -l16
[2.108s] [  2%] Built target wpa_cli_msgs__cpp
[2.108s] [ 12%] Built target wpa_cli_msgs__rosidl_generator_c
[2.108s] [ 43%] Built target wpa_cli_msgs__rosidl_typesupport_introspection_cpp
[2.108s] [ 43%] Built target wpa_cli_msgs__rosidl_typesupport_cpp
[2.108s] [ 48%] Built target wpa_cli_msgs__rosidl_typesupport_fastrtps_cpp
[2.108s] [ 74%] Built target wpa_cli_msgs__rosidl_typesupport_c
[2.108s] [ 74%] Built target wpa_cli_msgs__rosidl_typesupport_introspection_c
[2.108s] [ 74%] Built target wpa_cli_msgs__rosidl_typesupport_fastrtps_c
[2.108s] [ 74%] Built target ament_cmake_python_copy_wpa_cli_msgs
[2.108s] [ 74%] Built target wpa_cli_msgs
[2.108s] [ 76%] Built target wpa_cli_msgs__py
[2.108s] [ 84%] Built target wpa_cli_msgs__rosidl_generator_py
[2.108s] [100%] Built target wpa_cli_msgs__rosidl_typesupport_introspection_c__pyext
[2.108s] [100%] Built target wpa_cli_msgs__rosidl_typesupport_c__pyext
[2.108s] [100%] Built target wpa_cli_msgs__rosidl_typesupport_fastrtps_c__pyext
[2.108s] running egg_info
[2.108s] writing wpa_cli_msgs.egg-info/PKG-INFO
[2.108s] writing dependency_links to wpa_cli_msgs.egg-info/dependency_links.txt
[2.108s] writing top-level names to wpa_cli_msgs.egg-info/top_level.txt
[2.108s] reading manifest file 'wpa_cli_msgs.egg-info/SOURCES.txt'
[2.108s] writing manifest file 'wpa_cli_msgs.egg-info/SOURCES.txt'
[2.109s] [100%] Built target ament_cmake_python_build_wpa_cli_msgs_egg
[2.326s] Invoked command in '/home/GTL/apaul/ros2_hw1/build/wpa_cli_msgs' returned '0': CMAKE_PREFIX_PATH=/opt/ros/humble /usr/bin/cmake --build /home/GTL/apaul/ros2_hw1/build/wpa_cli_msgs -- -j16 -l16
[2.402s] Invoking command in '/home/GTL/apaul/ros2_hw1/build/wpa_cli_msgs': CMAKE_PREFIX_PATH=/opt/ros/humble /usr/bin/cmake --install /home/GTL/apaul/ros2_hw1/build/wpa_cli_msgs
[2.416s] -- Install configuration: ""
[2.416s] -- Up-to-date: /home/GTL/apaul/ros2_hw1/install/wpa_cli_msgs/share/ament_index/resource_index/rosidl_interfaces/wpa_cli_msgs
[2.416s] -- Up-to-date: /home/GTL/apaul/ros2_hw1/install/wpa_cli_msgs/include/wpa_cli_msgs/wpa_cli_msgs
[2.416s] -- Up-to-date: /home/GTL/apaul/ros2_hw1/install/wpa_cli_msgs/include/wpa_cli_msgs/wpa_cli_msgs/msg
[2.416s] -- Up-to-date: /home/GTL/apaul/ros2_hw1/install/wpa_cli_msgs/include/wpa_cli_msgs/wpa_cli_msgs/msg/detail
[2.417s] -- Up-to-date: /home/GTL/apaul/ros2_hw1/install/wpa_cli_msgs/include/wpa_cli_msgs/wpa_cli_msgs/msg/detail/network__functions.h
[2.417s] -- Up-to-date: /home/GTL/apaul/ros2_hw1/install/wpa_cli_msgs/include/wpa_cli_msgs/wpa_cli_msgs/msg/detail/network__type_support.h
[2.417s] -- Up-to-date: /home/GTL/apaul/ros2_hw1/install/wpa_cli_msgs/include/wpa_cli_msgs/wpa_cli_msgs/msg/detail/scan__struct.h
[2.417s] -- Up-to-date: /home/GTL/apaul/ros2_hw1/install/wpa_cli_msgs/include/wpa_cli_msgs/wpa_cli_msgs/msg/detail/scan__type_support.h
[2.418s] -- Up-to-date: /home/GTL/apaul/ros2_hw1/install/wpa_cli_msgs/include/wpa_cli_msgs/wpa_cli_msgs/msg/detail/scan__functions.c
[2.418s] -- Up-to-date: /home/GTL/apaul/ros2_hw1/install/wpa_cli_msgs/include/wpa_cli_msgs/wpa_cli_msgs/msg/detail/scan__functions.h
[2.419s] -- Up-to-date: /home/GTL/apaul/ros2_hw1/install/wpa_cli_msgs/include/wpa_cli_msgs/wpa_cli_msgs/msg/detail/network__functions.c
[2.419s] -- Up-to-date: /home/GTL/apaul/ros2_hw1/install/wpa_cli_msgs/include/wpa_cli_msgs/wpa_cli_msgs/msg/detail/network__struct.h
[2.419s] -- Up-to-date: /home/GTL/apaul/ros2_hw1/install/wpa_cli_msgs/include/wpa_cli_msgs/wpa_cli_msgs/msg/rosidl_generator_c__visibility_control.h
[2.419s] -- Up-to-date: /home/GTL/apaul/ros2_hw1/install/wpa_cli_msgs/include/wpa_cli_msgs/wpa_cli_msgs/msg/scan.h
[2.420s] -- Up-to-date: /home/GTL/apaul/ros2_hw1/install/wpa_cli_msgs/include/wpa_cli_msgs/wpa_cli_msgs/msg/network.h
[2.420s] -- Up-to-date: /home/GTL/apaul/ros2_hw1/install/wpa_cli_msgs/share/wpa_cli_msgs/environment/library_path.sh
[2.420s] -- Up-to-date: /home/GTL/apaul/ros2_hw1/install/wpa_cli_msgs/share/wpa_cli_msgs/environment/library_path.dsv
[2.422s] -- Up-to-date: /home/GTL/apaul/ros2_hw1/install/wpa_cli_msgs/lib/libwpa_cli_msgs__rosidl_generator_c.so
[2.424s] -- Up-to-date: /home/GTL/apaul/ros2_hw1/install/wpa_cli_msgs/include/wpa_cli_msgs/wpa_cli_msgs
[2.425s] -- Up-to-date: /home/GTL/apaul/ros2_hw1/install/wpa_cli_msgs/include/wpa_cli_msgs/wpa_cli_msgs/msg
[2.426s] -- Up-to-date: /home/GTL/apaul/ros2_hw1/install/wpa_cli_msgs/include/wpa_cli_msgs/wpa_cli_msgs/msg/detail
[2.427s] -- Up-to-date: /home/GTL/apaul/ros2_hw1/install/wpa_cli_msgs/include/wpa_cli_msgs/wpa_cli_msgs/msg/detail/network__rosidl_typesupport_fastrtps_c.h
[2.428s] -- Up-to-date: /home/GTL/apaul/ros2_hw1/install/wpa_cli_msgs/include/wpa_cli_msgs/wpa_cli_msgs/msg/detail/scan__rosidl_typesupport_fastrtps_c.h
[2.429s] -- Up-to-date: /home/GTL/apaul/ros2_hw1/install/wpa_cli_msgs/include/wpa_cli_msgs/wpa_cli_msgs/msg/rosidl_typesupport_fastrtps_c__visibility_control.h
[2.430s] -- Up-to-date: /home/GTL/apaul/ros2_hw1/install/wpa_cli_msgs/lib/libwpa_cli_msgs__rosidl_typesupport_fastrtps_c.so
[2.433s] -- Up-to-date: /home/GTL/apaul/ros2_hw1/install/wpa_cli_msgs/include/wpa_cli_msgs/wpa_cli_msgs
[2.434s] -- Up-to-date: /home/GTL/apaul/ros2_hw1/install/wpa_cli_msgs/include/wpa_cli_msgs/wpa_cli_msgs/msg
[2.435s] -- Up-to-date: /home/GTL/apaul/ros2_hw1/install/wpa_cli_msgs/include/wpa_cli_msgs/wpa_cli_msgs/msg/detail
[2.436s] -- Up-to-date: /home/GTL/apaul/ros2_hw1/install/wpa_cli_msgs/include/wpa_cli_msgs/wpa_cli_msgs/msg/detail/scan__builder.hpp
[2.437s] -- Up-to-date: /home/GTL/apaul/ros2_hw1/install/wpa_cli_msgs/include/wpa_cli_msgs/wpa_cli_msgs/msg/detail/scan__struct.hpp
[2.437s] -- Up-to-date: /home/GTL/apaul/ros2_hw1/install/wpa_cli_msgs/include/wpa_cli_msgs/wpa_cli_msgs/msg/detail/network__traits.hpp
[2.438s] -- Up-to-date: /home/GTL/apaul/ros2_hw1/install/wpa_cli_msgs/include/wpa_cli_msgs/wpa_cli_msgs/msg/detail/network__struct.hpp
[2.438s] -- Up-to-date: /home/GTL/apaul/ros2_hw1/install/wpa_cli_msgs/include/wpa_cli_msgs/wpa_cli_msgs/msg/detail/network__builder.hpp
[2.439s] -- Up-to-date: /home/GTL/apaul/ros2_hw1/install/wpa_cli_msgs/include/wpa_cli_msgs/wpa_cli_msgs/msg/detail/scan__traits.hpp
[2.440s] -- Up-to-date: /home/GTL/apaul/ros2_hw1/install/wpa_cli_msgs/include/wpa_cli_msgs/wpa_cli_msgs/msg/scan.hpp
[2.441s] -- Up-to-date: /home/GTL/apaul/ros2_hw1/install/wpa_cli_msgs/include/wpa_cli_msgs/wpa_cli_msgs/msg/network.hpp
[2.441s] -- Up-to-date: /home/GTL/apaul/ros2_hw1/install/wpa_cli_msgs/include/wpa_cli_msgs/wpa_cli_msgs
[2.442s] -- Up-to-date: /home/GTL/apaul/ros2_hw1/install/wpa_cli_msgs/include/wpa_cli_msgs/wpa_cli_msgs/msg
[2.443s] -- Up-to-date: /home/GTL/apaul/ros2_hw1/install/wpa_cli_msgs/include/wpa_cli_msgs/wpa_cli_msgs/msg/detail
[2.444s] -- Up-to-date: /home/GTL/apaul/ros2_hw1/install/wpa_cli_msgs/include/wpa_cli_msgs/wpa_cli_msgs/msg/detail/scan__rosidl_typesupport_fastrtps_cpp.hpp
[2.445s] -- Up-to-date: /home/GTL/apaul/ros2_hw1/install/wpa_cli_msgs/include/wpa_cli_msgs/wpa_cli_msgs/msg/detail/dds_fastrtps
[2.445s] -- Up-to-date: /home/GTL/apaul/ros2_hw1/install/wpa_cli_msgs/include/wpa_cli_msgs/wpa_cli_msgs/msg/detail/network__rosidl_typesupport_fastrtps_cpp.hpp
[2.446s] -- Up-to-date: /home/GTL/apaul/ros2_hw1/install/wpa_cli_msgs/include/wpa_cli_msgs/wpa_cli_msgs/msg/rosidl_typesupport_fastrtps_cpp__visibility_control.h
[2.449s] -- Up-to-date: /home/GTL/apaul/ros2_hw1/install/wpa_cli_msgs/lib/libwpa_cli_msgs__rosidl_typesupport_fastrtps_cpp.so
[2.452s] -- Up-to-date: /home/GTL/apaul/ros2_hw1/install/wpa_cli_msgs/include/wpa_cli_msgs/wpa_cli_msgs
[2.452s] -- Up-to-date: /home/GTL/apaul/ros2_hw1/install/wpa_cli_msgs/include/wpa_cli_msgs/wpa_cli_msgs/msg
[2.453s] -- Up-to-date: /home/GTL/apaul/ros2_hw1/install/wpa_cli_msgs/include/wpa_cli_msgs/wpa_cli_msgs/msg/detail
[2.455s] -- Up-to-date: /home/GTL/apaul/ros2_hw1/install/wpa_cli_msgs/include/wpa_cli_msgs/wpa_cli_msgs/msg/detail/network__rosidl_typesupport_introspection_c.h
[2.455s] -- Up-to-date: /home/GTL/apaul/ros2_hw1/install/wpa_cli_msgs/include/wpa_cli_msgs/wpa_cli_msgs/msg/detail/scan__type_support.c
[2.455s] -- Up-to-date: /home/GTL/apaul/ros2_hw1/install/wpa_cli_msgs/include/wpa_cli_msgs/wpa_cli_msgs/msg/detail/network__type_support.c
[2.456s] -- Up-to-date: /home/GTL/apaul/ros2_hw1/install/wpa_cli_msgs/include/wpa_cli_msgs/wpa_cli_msgs/msg/detail/scan__rosidl_typesupport_introspection_c.h
[2.457s] -- Up-to-date: /home/GTL/apaul/ros2_hw1/install/wpa_cli_msgs/include/wpa_cli_msgs/wpa_cli_msgs/msg/rosidl_typesupport_introspection_c__visibility_control.h
[2.470s] -- Up-to-date: /home/GTL/apaul/ros2_hw1/install/wpa_cli_msgs/lib/libwpa_cli_msgs__rosidl_typesupport_introspection_c.so
[2.471s] -- Up-to-date: /home/GTL/apaul/ros2_hw1/install/wpa_cli_msgs/lib/libwpa_cli_msgs__rosidl_typesupport_c.so
[2.471s] -- Up-to-date: /home/GTL/apaul/ros2_hw1/install/wpa_cli_msgs/include/wpa_cli_msgs/wpa_cli_msgs
[2.471s] -- Up-to-date: /home/GTL/apaul/ros2_hw1/install/wpa_cli_msgs/include/wpa_cli_msgs/wpa_cli_msgs/msg
[2.473s] -- Up-to-date: /home/GTL/apaul/ros2_hw1/install/wpa_cli_msgs/include/wpa_cli_msgs/wpa_cli_msgs/msg/detail
[2.473s] -- Up-to-date: /home/GTL/apaul/ros2_hw1/install/wpa_cli_msgs/include/wpa_cli_msgs/wpa_cli_msgs/msg/detail/network__rosidl_typesupport_introspection_cpp.hpp
[2.473s] -- Up-to-date: /home/GTL/apaul/ros2_hw1/install/wpa_cli_msgs/include/wpa_cli_msgs/wpa_cli_msgs/msg/detail/scan__rosidl_typesupport_introspection_cpp.hpp
[2.474s] -- Up-to-date: /home/GTL/apaul/ros2_hw1/install/wpa_cli_msgs/include/wpa_cli_msgs/wpa_cli_msgs/msg/detail/network__type_support.cpp
[2.474s] -- Up-to-date: /home/GTL/apaul/ros2_hw1/install/wpa_cli_msgs/include/wpa_cli_msgs/wpa_cli_msgs/msg/detail/scan__type_support.cpp
[2.475s] -- Up-to-date: /home/GTL/apaul/ros2_hw1/install/wpa_cli_msgs/lib/libwpa_cli_msgs__rosidl_typesupport_introspection_cpp.so
[2.479s] -- Up-to-date: /home/GTL/apaul/ros2_hw1/install/wpa_cli_msgs/lib/libwpa_cli_msgs__rosidl_typesupport_cpp.so
[2.482s] -- Up-to-date: /home/GTL/apaul/ros2_hw1/install/wpa_cli_msgs/share/wpa_cli_msgs/environment/pythonpath.sh
[2.483s] -- Up-to-date: /home/GTL/apaul/ros2_hw1/install/wpa_cli_msgs/share/wpa_cli_msgs/environment/pythonpath.dsv
[2.484s] -- Up-to-date: /home/GTL/apaul/ros2_hw1/install/wpa_cli_msgs/local/lib/python3.10/dist-packages/wpa_cli_msgs-0.0.0-py3.10.egg-info
[2.485s] -- Installing: /home/GTL/apaul/ros2_hw1/install/wpa_cli_msgs/local/lib/python3.10/dist-packages/wpa_cli_msgs-0.0.0-py3.10.egg-info/dependency_links.txt
[2.491s] -- Installing: /home/GTL/apaul/ros2_hw1/install/wpa_cli_msgs/local/lib/python3.10/dist-packages/wpa_cli_msgs-0.0.0-py3.10.egg-info/top_level.txt
[2.496s] -- Installing: /home/GTL/apaul/ros2_hw1/install/wpa_cli_msgs/local/lib/python3.10/dist-packages/wpa_cli_msgs-0.0.0-py3.10.egg-info/PKG-INFO
[2.502s] -- Installing: /home/GTL/apaul/ros2_hw1/install/wpa_cli_msgs/local/lib/python3.10/dist-packages/wpa_cli_msgs-0.0.0-py3.10.egg-info/SOURCES.txt
[2.510s] -- Up-to-date: /home/GTL/apaul/ros2_hw1/install/wpa_cli_msgs/local/lib/python3.10/dist-packages/wpa_cli_msgs
[2.511s] -- Up-to-date: /home/GTL/apaul/ros2_hw1/install/wpa_cli_msgs/local/lib/python3.10/dist-packages/wpa_cli_msgs/wpa_cli_msgs_s__rosidl_typesupport_introspection_c.cpython-310-x86_64-linux-gnu.so
[2.511s] -- Up-to-date: /home/GTL/apaul/ros2_hw1/install/wpa_cli_msgs/local/lib/python3.10/dist-packages/wpa_cli_msgs/_wpa_cli_msgs_s.ep.rosidl_typesupport_introspection_c.c
[2.512s] -- Up-to-date: /home/GTL/apaul/ros2_hw1/install/wpa_cli_msgs/local/lib/python3.10/dist-packages/wpa_cli_msgs/msg
[2.512s] -- Up-to-date: /home/GTL/apaul/ros2_hw1/install/wpa_cli_msgs/local/lib/python3.10/dist-packages/wpa_cli_msgs/msg/_scan.py
[2.512s] -- Up-to-date: /home/GTL/apaul/ros2_hw1/install/wpa_cli_msgs/local/lib/python3.10/dist-packages/wpa_cli_msgs/msg/__init__.py
[2.513s] -- Up-to-date: /home/GTL/apaul/ros2_hw1/install/wpa_cli_msgs/local/lib/python3.10/dist-packages/wpa_cli_msgs/msg/_network_s.c
[2.514s] -- Up-to-date: /home/GTL/apaul/ros2_hw1/install/wpa_cli_msgs/local/lib/python3.10/dist-packages/wpa_cli_msgs/msg/_scan_s.c
[2.514s] -- Up-to-date: /home/GTL/apaul/ros2_hw1/install/wpa_cli_msgs/local/lib/python3.10/dist-packages/wpa_cli_msgs/msg/_network.py
[2.514s] -- Up-to-date: /home/GTL/apaul/ros2_hw1/install/wpa_cli_msgs/local/lib/python3.10/dist-packages/wpa_cli_msgs/_wpa_cli_msgs_s.ep.rosidl_typesupport_c.c
[2.515s] -- Up-to-date: /home/GTL/apaul/ros2_hw1/install/wpa_cli_msgs/local/lib/python3.10/dist-packages/wpa_cli_msgs/wpa_cli_msgs_s__rosidl_typesupport_fastrtps_c.cpython-310-x86_64-linux-gnu.so
[2.516s] -- Up-to-date: /home/GTL/apaul/ros2_hw1/install/wpa_cli_msgs/local/lib/python3.10/dist-packages/wpa_cli_msgs/libwpa_cli_msgs__rosidl_generator_py.so
[2.517s] -- Up-to-date: /home/GTL/apaul/ros2_hw1/install/wpa_cli_msgs/local/lib/python3.10/dist-packages/wpa_cli_msgs/_wpa_cli_msgs_s.ep.rosidl_typesupport_fastrtps_c.c
[2.517s] -- Up-to-date: /home/GTL/apaul/ros2_hw1/install/wpa_cli_msgs/local/lib/python3.10/dist-packages/wpa_cli_msgs/__init__.py
[2.517s] -- Up-to-date: /home/GTL/apaul/ros2_hw1/install/wpa_cli_msgs/local/lib/python3.10/dist-packages/wpa_cli_msgs/wpa_cli_msgs_s__rosidl_typesupport_c.cpython-310-x86_64-linux-gnu.so
[2.544s] Listing '/home/GTL/apaul/ros2_hw1/install/wpa_cli_msgs/local/lib/python3.10/dist-packages/wpa_cli_msgs'...
[2.544s] Listing '/home/GTL/apaul/ros2_hw1/install/wpa_cli_msgs/local/lib/python3.10/dist-packages/wpa_cli_msgs/msg'...
[2.553s] -- Up-to-date: /home/GTL/apaul/ros2_hw1/install/wpa_cli_msgs/local/lib/python3.10/dist-packages/wpa_cli_msgs/wpa_cli_msgs_s__rosidl_typesupport_fastrtps_c.cpython-310-x86_64-linux-gnu.so
[2.554s] -- Up-to-date: /home/GTL/apaul/ros2_hw1/install/wpa_cli_msgs/local/lib/python3.10/dist-packages/wpa_cli_msgs/wpa_cli_msgs_s__rosidl_typesupport_introspection_c.cpython-310-x86_64-linux-gnu.so
[2.562s] -- Up-to-date: /home/GTL/apaul/ros2_hw1/install/wpa_cli_msgs/local/lib/python3.10/dist-packages/wpa_cli_msgs/wpa_cli_msgs_s__rosidl_typesupport_c.cpython-310-x86_64-linux-gnu.so
[2.570s] -- Up-to-date: /home/GTL/apaul/ros2_hw1/install/wpa_cli_msgs/lib/libwpa_cli_msgs__rosidl_generator_py.so
[2.572s] -- Up-to-date: /home/GTL/apaul/ros2_hw1/install/wpa_cli_msgs/share/wpa_cli_msgs/msg/Network.idl
[2.573s] -- Up-to-date: /home/GTL/apaul/ros2_hw1/install/wpa_cli_msgs/share/wpa_cli_msgs/msg/Scan.idl
[2.573s] -- Up-to-date: /home/GTL/apaul/ros2_hw1/install/wpa_cli_msgs/share/wpa_cli_msgs/msg/Network.msg
[2.573s] -- Up-to-date: /home/GTL/apaul/ros2_hw1/install/wpa_cli_msgs/share/wpa_cli_msgs/msg/Scan.msg
[2.575s] -- Up-to-date: /home/GTL/apaul/ros2_hw1/install/wpa_cli_msgs/share/ament_index/resource_index/package_run_dependencies/wpa_cli_msgs
[2.576s] -- Up-to-date: /home/GTL/apaul/ros2_hw1/install/wpa_cli_msgs/share/ament_index/resource_index/parent_prefix_path/wpa_cli_msgs
[2.577s] -- Up-to-date: /home/GTL/apaul/ros2_hw1/install/wpa_cli_msgs/share/wpa_cli_msgs/environment/ament_prefix_path.sh
[2.578s] -- Up-to-date: /home/GTL/apaul/ros2_hw1/install/wpa_cli_msgs/share/wpa_cli_msgs/environment/ament_prefix_path.dsv
[2.579s] -- Up-to-date: /home/GTL/apaul/ros2_hw1/install/wpa_cli_msgs/share/wpa_cli_msgs/environment/path.sh
[2.579s] -- Up-to-date: /home/GTL/apaul/ros2_hw1/install/wpa_cli_msgs/share/wpa_cli_msgs/environment/path.dsv
[2.580s] -- Up-to-date: /home/GTL/apaul/ros2_hw1/install/wpa_cli_msgs/share/wpa_cli_msgs/local_setup.bash
[2.581s] -- Up-to-date: /home/GTL/apaul/ros2_hw1/install/wpa_cli_msgs/share/wpa_cli_msgs/local_setup.sh
[2.582s] -- Up-to-date: /home/GTL/apaul/ros2_hw1/install/wpa_cli_msgs/share/wpa_cli_msgs/local_setup.zsh
[2.583s] -- Up-to-date: /home/GTL/apaul/ros2_hw1/install/wpa_cli_msgs/share/wpa_cli_msgs/local_setup.dsv
[2.584s] -- Installing: /home/GTL/apaul/ros2_hw1/install/wpa_cli_msgs/share/wpa_cli_msgs/package.dsv
[2.595s] -- Up-to-date: /home/GTL/apaul/ros2_hw1/install/wpa_cli_msgs/share/ament_index/resource_index/packages/wpa_cli_msgs
[2.596s] -- Up-to-date: /home/GTL/apaul/ros2_hw1/install/wpa_cli_msgs/share/wpa_cli_msgs/cmake/export_wpa_cli_msgs__rosidl_generator_cExport.cmake
[2.597s] -- Up-to-date: /home/GTL/apaul/ros2_hw1/install/wpa_cli_msgs/share/wpa_cli_msgs/cmake/export_wpa_cli_msgs__rosidl_generator_cExport-noconfig.cmake
[2.598s] -- Up-to-date: /home/GTL/apaul/ros2_hw1/install/wpa_cli_msgs/share/wpa_cli_msgs/cmake/export_wpa_cli_msgs__rosidl_typesupport_fastrtps_cExport.cmake
[2.598s] -- Up-to-date: /home/GTL/apaul/ros2_hw1/install/wpa_cli_msgs/share/wpa_cli_msgs/cmake/export_wpa_cli_msgs__rosidl_typesupport_fastrtps_cExport-noconfig.cmake
[2.600s] -- Up-to-date: /home/GTL/apaul/ros2_hw1/install/wpa_cli_msgs/share/wpa_cli_msgs/cmake/export_wpa_cli_msgs__rosidl_generator_cppExport.cmake
[2.602s] -- Up-to-date: /home/GTL/apaul/ros2_hw1/install/wpa_cli_msgs/share/wpa_cli_msgs/cmake/export_wpa_cli_msgs__rosidl_typesupport_fastrtps_cppExport.cmake
[2.603s] -- Up-to-date: /home/GTL/apaul/ros2_hw1/install/wpa_cli_msgs/share/wpa_cli_msgs/cmake/export_wpa_cli_msgs__rosidl_typesupport_fastrtps_cppExport-noconfig.cmake
[2.605s] -- Up-to-date: /home/GTL/apaul/ros2_hw1/install/wpa_cli_msgs/share/wpa_cli_msgs/cmake/wpa_cli_msgs__rosidl_typesupport_introspection_cExport.cmake
[2.605s] -- Up-to-date: /home/GTL/apaul/ros2_hw1/install/wpa_cli_msgs/share/wpa_cli_msgs/cmake/wpa_cli_msgs__rosidl_typesupport_introspection_cExport-noconfig.cmake
[2.607s] -- Up-to-date: /home/GTL/apaul/ros2_hw1/install/wpa_cli_msgs/share/wpa_cli_msgs/cmake/wpa_cli_msgs__rosidl_typesupport_cExport.cmake
[2.608s] -- Up-to-date: /home/GTL/apaul/ros2_hw1/install/wpa_cli_msgs/share/wpa_cli_msgs/cmake/wpa_cli_msgs__rosidl_typesupport_cExport-noconfig.cmake
[2.610s] -- Up-to-date: /home/GTL/apaul/ros2_hw1/install/wpa_cli_msgs/share/wpa_cli_msgs/cmake/wpa_cli_msgs__rosidl_typesupport_introspection_cppExport.cmake
[2.611s] -- Up-to-date: /home/GTL/apaul/ros2_hw1/install/wpa_cli_msgs/share/wpa_cli_msgs/cmake/wpa_cli_msgs__rosidl_typesupport_introspection_cppExport-noconfig.cmake
[2.613s] -- Up-to-date: /home/GTL/apaul/ros2_hw1/install/wpa_cli_msgs/share/wpa_cli_msgs/cmake/wpa_cli_msgs__rosidl_typesupport_cppExport.cmake
[2.614s] -- Up-to-date: /home/GTL/apaul/ros2_hw1/install/wpa_cli_msgs/share/wpa_cli_msgs/cmake/wpa_cli_msgs__rosidl_typesupport_cppExport-noconfig.cmake
[2.616s] -- Up-to-date: /home/GTL/apaul/ros2_hw1/install/wpa_cli_msgs/share/wpa_cli_msgs/cmake/export_wpa_cli_msgs__rosidl_generator_pyExport.cmake
[2.618s] -- Up-to-date: /home/GTL/apaul/ros2_hw1/install/wpa_cli_msgs/share/wpa_cli_msgs/cmake/export_wpa_cli_msgs__rosidl_generator_pyExport-noconfig.cmake
[2.619s] -- Up-to-date: /home/GTL/apaul/ros2_hw1/install/wpa_cli_msgs/share/wpa_cli_msgs/cmake/rosidl_cmake-extras.cmake
[2.619s] -- Up-to-date: /home/GTL/apaul/ros2_hw1/install/wpa_cli_msgs/share/wpa_cli_msgs/cmake/ament_cmake_export_dependencies-extras.cmake
[2.620s] -- Up-to-date: /home/GTL/apaul/ros2_hw1/install/wpa_cli_msgs/share/wpa_cli_msgs/cmake/ament_cmake_export_include_directories-extras.cmake
[2.621s] -- Up-to-date: /home/GTL/apaul/ros2_hw1/install/wpa_cli_msgs/share/wpa_cli_msgs/cmake/ament_cmake_export_libraries-extras.cmake
[2.621s] -- Up-to-date: /home/GTL/apaul/ros2_hw1/install/wpa_cli_msgs/share/wpa_cli_msgs/cmake/ament_cmake_export_targets-extras.cmake
[2.622s] -- Up-to-date: /home/GTL/apaul/ros2_hw1/install/wpa_cli_msgs/share/wpa_cli_msgs/cmake/rosidl_cmake_export_typesupport_targets-extras.cmake
[2.623s] -- Up-to-date: /home/GTL/apaul/ros2_hw1/install/wpa_cli_msgs/share/wpa_cli_msgs/cmake/rosidl_cmake_export_typesupport_libraries-extras.cmake
[2.623s] -- Up-to-date: /home/GTL/apaul/ros2_hw1/install/wpa_cli_msgs/share/wpa_cli_msgs/cmake/wpa_cli_msgsConfig.cmake
[2.625s] -- Up-to-date: /home/GTL/apaul/ros2_hw1/install/wpa_cli_msgs/share/wpa_cli_msgs/cmake/wpa_cli_msgsConfig-version.cmake
[2.629s] -- Up-to-date: /home/GTL/apaul/ros2_hw1/install/wpa_cli_msgs/share/wpa_cli_msgs/package.xml
[2.751s] Invoked command in '/home/GTL/apaul/ros2_hw1/build/wpa_cli_msgs' returned '0': CMAKE_PREFIX_PATH=/opt/ros/humble /usr/bin/cmake --install /home/GTL/apaul/ros2_hw1/build/wpa_cli_msgs
