[1.392s] Invoking command in '/home/GTL/pcastere/ros_hw1/ros2_hw1/build/task_manager_lib': CMAKE_PREFIX_PATH=/home/GTL/pcastere/ros_hw1/ros2_hw1/install/task_manager_msgs:/home/GTL/pcastere/ros_hw1/ros2_hw1/install/vrep4_helpers:/home/GTL/pcastere/ros_hw1/ros2_hw1/install/task_manager_sync:/home/GTL/pcastere/ros_hw1/ros2_hw1/install/floor_nav:/home/GTL/pcastere/ros_hw1/ros2_hw1/install/task_manager_nav2:/home/GTL/pcastere/ros_hw1/ros2_hw1/install/task_manager_lib:/home/GTL/pcastere/ros_hw1/ros2_hw1/install/joy_pack:/home/GTL/pcastere/ros_hw1/ros2_hw1/install/face_msg:/home/GTL/pcastere/ros_hw1/ros2_hw1/install/cs7630_msgs:/home/GTL/pcastere/ros_hw1/ros2_hw1/install/collision_avoidance_base:/home/GTL/pcastere/ros_hw1/ros2_hw1/install/vrep_ros_teleop:/home/GTL/pcastere/ros_hw1/ros2_hw1/install/task_manager_client_py:/home/GTL/pcastere/ros_hw1/ros2_hw1/install/rover_driver_base:/home/GTL/pcastere/ros_hw1/ros2_hw1/install/keyboard_teleop:/home/GTL/pcastere/ros_hw1/ros2_hw1/install/face_detect_base:/home/GTL/pcastere/ros_hw1/ros2_hw1/install/button_server:/opt/ros/humble LD_LIBRARY_PATH=/home/GTL/pcastere/ros_hw1/ros2_hw1/install/task_manager_msgs/lib:/home/GTL/pcastere/ros_hw1/ros2_hw1/install/task_manager_sync/lib:/home/GTL/pcastere/ros_hw1/ros2_hw1/install/task_manager_lib/lib:/home/GTL/pcastere/ros_hw1/ros2_hw1/install/face_msg/lib:/home/GTL/pcastere/ros_hw1/ros2_hw1/install/cs7630_msgs/lib:/usr/lib/x86_64-linux-gnu/gazebo-11/plugins:/opt/ros/humble/opt/rviz_ogre_vendor/lib:/opt/ros/humble/lib/x86_64-linux-gnu:/opt/ros/humble/lib /usr/bin/cmake --build /home/GTL/pcastere/ros_hw1/ros2_hw1/build/task_manager_lib -- -j16 -l16
[3.760s] [100%] Built target task_manager_lib
[3.772s] Invoked command in '/home/GTL/pcastere/ros_hw1/ros2_hw1/build/task_manager_lib' returned '0': CMAKE_PREFIX_PATH=/home/GTL/pcastere/ros_hw1/ros2_hw1/install/task_manager_msgs:/home/GTL/pcastere/ros_hw1/ros2_hw1/install/vrep4_helpers:/home/GTL/pcastere/ros_hw1/ros2_hw1/install/task_manager_sync:/home/GTL/pcastere/ros_hw1/ros2_hw1/install/floor_nav:/home/GTL/pcastere/ros_hw1/ros2_hw1/install/task_manager_nav2:/home/GTL/pcastere/ros_hw1/ros2_hw1/install/task_manager_lib:/home/GTL/pcastere/ros_hw1/ros2_hw1/install/joy_pack:/home/GTL/pcastere/ros_hw1/ros2_hw1/install/face_msg:/home/GTL/pcastere/ros_hw1/ros2_hw1/install/cs7630_msgs:/home/GTL/pcastere/ros_hw1/ros2_hw1/install/collision_avoidance_base:/home/GTL/pcastere/ros_hw1/ros2_hw1/install/vrep_ros_teleop:/home/GTL/pcastere/ros_hw1/ros2_hw1/install/task_manager_client_py:/home/GTL/pcastere/ros_hw1/ros2_hw1/install/rover_driver_base:/home/GTL/pcastere/ros_hw1/ros2_hw1/install/keyboard_teleop:/home/GTL/pcastere/ros_hw1/ros2_hw1/install/face_detect_base:/home/GTL/pcastere/ros_hw1/ros2_hw1/install/button_server:/opt/ros/humble LD_LIBRARY_PATH=/home/GTL/pcastere/ros_hw1/ros2_hw1/install/task_manager_msgs/lib:/home/GTL/pcastere/ros_hw1/ros2_hw1/install/task_manager_sync/lib:/home/GTL/pcastere/ros_hw1/ros2_hw1/install/task_manager_lib/lib:/home/GTL/pcastere/ros_hw1/ros2_hw1/install/face_msg/lib:/home/GTL/pcastere/ros_hw1/ros2_hw1/install/cs7630_msgs/lib:/usr/lib/x86_64-linux-gnu/gazebo-11/plugins:/opt/ros/humble/opt/rviz_ogre_vendor/lib:/opt/ros/humble/lib/x86_64-linux-gnu:/opt/ros/humble/lib /usr/bin/cmake --build /home/GTL/pcastere/ros_hw1/ros2_hw1/build/task_manager_lib -- -j16 -l16
[3.807s] Invoking command in '/home/GTL/pcastere/ros_hw1/ros2_hw1/build/task_manager_lib': CMAKE_PREFIX_PATH=/home/GTL/pcastere/ros_hw1/ros2_hw1/install/task_manager_msgs:/home/GTL/pcastere/ros_hw1/ros2_hw1/install/vrep4_helpers:/home/GTL/pcastere/ros_hw1/ros2_hw1/install/task_manager_sync:/home/GTL/pcastere/ros_hw1/ros2_hw1/install/floor_nav:/home/GTL/pcastere/ros_hw1/ros2_hw1/install/task_manager_nav2:/home/GTL/pcastere/ros_hw1/ros2_hw1/install/task_manager_lib:/home/GTL/pcastere/ros_hw1/ros2_hw1/install/joy_pack:/home/GTL/pcastere/ros_hw1/ros2_hw1/install/face_msg:/home/GTL/pcastere/ros_hw1/ros2_hw1/install/cs7630_msgs:/home/GTL/pcastere/ros_hw1/ros2_hw1/install/collision_avoidance_base:/home/GTL/pcastere/ros_hw1/ros2_hw1/install/vrep_ros_teleop:/home/GTL/pcastere/ros_hw1/ros2_hw1/install/task_manager_client_py:/home/GTL/pcastere/ros_hw1/ros2_hw1/install/rover_driver_base:/home/GTL/pcastere/ros_hw1/ros2_hw1/install/keyboard_teleop:/home/GTL/pcastere/ros_hw1/ros2_hw1/install/face_detect_base:/home/GTL/pcastere/ros_hw1/ros2_hw1/install/button_server:/opt/ros/humble LD_LIBRARY_PATH=/home/GTL/pcastere/ros_hw1/ros2_hw1/install/task_manager_msgs/lib:/home/GTL/pcastere/ros_hw1/ros2_hw1/install/task_manager_sync/lib:/home/GTL/pcastere/ros_hw1/ros2_hw1/install/task_manager_lib/lib:/home/GTL/pcastere/ros_hw1/ros2_hw1/install/face_msg/lib:/home/GTL/pcastere/ros_hw1/ros2_hw1/install/cs7630_msgs/lib:/usr/lib/x86_64-linux-gnu/gazebo-11/plugins:/opt/ros/humble/opt/rviz_ogre_vendor/lib:/opt/ros/humble/lib/x86_64-linux-gnu:/opt/ros/humble/lib /usr/bin/cmake --install /home/GTL/pcastere/ros_hw1/ros2_hw1/build/task_manager_lib
[3.813s] -- Install configuration: ""
[3.871s] -- Up-to-date: /home/GTL/pcastere/ros_hw1/ros2_hw1/install/task_manager_lib/lib/libtask_manager_lib.so
[3.872s] -- Up-to-date: /home/GTL/pcastere/ros_hw1/ros2_hw1/install/task_manager_lib/include/task_manager_lib
[3.874s] -- Up-to-date: /home/GTL/pcastere/ros_hw1/ros2_hw1/install/task_manager_lib/include/task_manager_lib/TaskServerDefault.h
[3.875s] -- Up-to-date: /home/GTL/pcastere/ros_hw1/ros2_hw1/install/task_manager_lib/include/task_manager_lib/TaskWaitDefault.h
[3.876s] -- Up-to-date: /home/GTL/pcastere/ros_hw1/ros2_hw1/install/task_manager_lib/include/task_manager_lib/TaskClient.h
[3.876s] -- Up-to-date: /home/GTL/pcastere/ros_hw1/ros2_hw1/install/task_manager_lib/include/task_manager_lib/ServiceStorage.h
[3.877s] -- Up-to-date: /home/GTL/pcastere/ros_hw1/ros2_hw1/install/task_manager_lib/include/task_manager_lib/TaskScheduler.h
[3.878s] -- Up-to-date: /home/GTL/pcastere/ros_hw1/ros2_hw1/install/task_manager_lib/include/task_manager_lib/DynamicTask.h
[3.878s] -- Up-to-date: /home/GTL/pcastere/ros_hw1/ros2_hw1/install/task_manager_lib/include/task_manager_lib/TaskEnvironment.h
[3.879s] -- Up-to-date: /home/GTL/pcastere/ros_hw1/ros2_hw1/install/task_manager_lib/include/task_manager_lib/TaskInstance.h
[3.893s] -- Up-to-date: /home/GTL/pcastere/ros_hw1/ros2_hw1/install/task_manager_lib/include/task_manager_lib/ParameterList.h
[3.899s] -- Up-to-date: /home/GTL/pcastere/ros_hw1/ros2_hw1/install/task_manager_lib/include/task_manager_lib/TaskIdleDefault.h
[3.916s] -- Up-to-date: /home/GTL/pcastere/ros_hw1/ros2_hw1/install/task_manager_lib/include/task_manager_lib/TaskServiceGeneric.h
[3.917s] -- Up-to-date: /home/GTL/pcastere/ros_hw1/ros2_hw1/install/task_manager_lib/include/task_manager_lib/TaskParameterDefinition.h
[3.918s] -- Up-to-date: /home/GTL/pcastere/ros_hw1/ros2_hw1/install/task_manager_lib/include/task_manager_lib/TaskSystem.h
[3.918s] -- Up-to-date: /home/GTL/pcastere/ros_hw1/ros2_hw1/install/task_manager_lib/include/task_manager_lib/TaskDefinition.h
[3.919s] -- Up-to-date: /home/GTL/pcastere/ros_hw1/ros2_hw1/install/task_manager_lib/include/task_manager_lib/TaskConfig.h
[3.920s] -- Up-to-date: /home/GTL/pcastere/ros_hw1/ros2_hw1/install/task_manager_lib/include/task_manager_lib/TaskActionGeneric.h
[3.920s] -- Up-to-date: /home/GTL/pcastere/ros_hw1/ros2_hw1/install/task_manager_lib/share/task_manager_lib/environment/library_path.sh
[3.921s] -- Up-to-date: /home/GTL/pcastere/ros_hw1/ros2_hw1/install/task_manager_lib/share/task_manager_lib/environment/library_path.dsv
[3.921s] -- Up-to-date: /home/GTL/pcastere/ros_hw1/ros2_hw1/install/task_manager_lib/share/ament_index/resource_index/package_run_dependencies/task_manager_lib
[3.922s] -- Up-to-date: /home/GTL/pcastere/ros_hw1/ros2_hw1/install/task_manager_lib/share/ament_index/resource_index/parent_prefix_path/task_manager_lib
[3.922s] -- Installing: /home/GTL/pcastere/ros_hw1/ros2_hw1/install/task_manager_lib/share/task_manager_lib/environment/ament_prefix_path.sh
[3.926s] -- Up-to-date: /home/GTL/pcastere/ros_hw1/ros2_hw1/install/task_manager_lib/share/task_manager_lib/environment/ament_prefix_path.dsv
[3.926s] -- Installing: /home/GTL/pcastere/ros_hw1/ros2_hw1/install/task_manager_lib/share/task_manager_lib/environment/path.sh
[3.929s] -- Up-to-date: /home/GTL/pcastere/ros_hw1/ros2_hw1/install/task_manager_lib/share/task_manager_lib/environment/path.dsv
[3.930s] -- Up-to-date: /home/GTL/pcastere/ros_hw1/ros2_hw1/install/task_manager_lib/share/task_manager_lib/local_setup.bash
[3.930s] -- Up-to-date: /home/GTL/pcastere/ros_hw1/ros2_hw1/install/task_manager_lib/share/task_manager_lib/local_setup.sh
[3.931s] -- Up-to-date: /home/GTL/pcastere/ros_hw1/ros2_hw1/install/task_manager_lib/share/task_manager_lib/local_setup.zsh
[3.932s] -- Up-to-date: /home/GTL/pcastere/ros_hw1/ros2_hw1/install/task_manager_lib/share/task_manager_lib/local_setup.dsv
[3.932s] -- Installing: /home/GTL/pcastere/ros_hw1/ros2_hw1/install/task_manager_lib/share/task_manager_lib/package.dsv
[3.973s] -- Up-to-date: /home/GTL/pcastere/ros_hw1/ros2_hw1/install/task_manager_lib/share/ament_index/resource_index/packages/task_manager_lib
[3.974s] -- Up-to-date: /home/GTL/pcastere/ros_hw1/ros2_hw1/install/task_manager_lib/share/task_manager_lib/cmake/ament_cmake_export_dependencies-extras.cmake
[3.974s] -- Up-to-date: /home/GTL/pcastere/ros_hw1/ros2_hw1/install/task_manager_lib/share/task_manager_lib/cmake/ament_cmake_export_include_directories-extras.cmake
[3.975s] -- Up-to-date: /home/GTL/pcastere/ros_hw1/ros2_hw1/install/task_manager_lib/share/task_manager_lib/cmake/ament_cmake_export_libraries-extras.cmake
[3.975s] -- Up-to-date: /home/GTL/pcastere/ros_hw1/ros2_hw1/install/task_manager_lib/share/task_manager_lib/cmake/task_manager_libConfig.cmake
[3.976s] -- Up-to-date: /home/GTL/pcastere/ros_hw1/ros2_hw1/install/task_manager_lib/share/task_manager_lib/cmake/task_manager_libConfig-version.cmake
[3.976s] -- Up-to-date: /home/GTL/pcastere/ros_hw1/ros2_hw1/install/task_manager_lib/share/task_manager_lib/package.xml
[3.979s] Invoked command in '/home/GTL/pcastere/ros_hw1/ros2_hw1/build/task_manager_lib' returned '0': CMAKE_PREFIX_PATH=/home/GTL/pcastere/ros_hw1/ros2_hw1/install/task_manager_msgs:/home/GTL/pcastere/ros_hw1/ros2_hw1/install/vrep4_helpers:/home/GTL/pcastere/ros_hw1/ros2_hw1/install/task_manager_sync:/home/GTL/pcastere/ros_hw1/ros2_hw1/install/floor_nav:/home/GTL/pcastere/ros_hw1/ros2_hw1/install/task_manager_nav2:/home/GTL/pcastere/ros_hw1/ros2_hw1/install/task_manager_lib:/home/GTL/pcastere/ros_hw1/ros2_hw1/install/joy_pack:/home/GTL/pcastere/ros_hw1/ros2_hw1/install/face_msg:/home/GTL/pcastere/ros_hw1/ros2_hw1/install/cs7630_msgs:/home/GTL/pcastere/ros_hw1/ros2_hw1/install/collision_avoidance_base:/home/GTL/pcastere/ros_hw1/ros2_hw1/install/vrep_ros_teleop:/home/GTL/pcastere/ros_hw1/ros2_hw1/install/task_manager_client_py:/home/GTL/pcastere/ros_hw1/ros2_hw1/install/rover_driver_base:/home/GTL/pcastere/ros_hw1/ros2_hw1/install/keyboard_teleop:/home/GTL/pcastere/ros_hw1/ros2_hw1/install/face_detect_base:/home/GTL/pcastere/ros_hw1/ros2_hw1/install/button_server:/opt/ros/humble LD_LIBRARY_PATH=/home/GTL/pcastere/ros_hw1/ros2_hw1/install/task_manager_msgs/lib:/home/GTL/pcastere/ros_hw1/ros2_hw1/install/task_manager_sync/lib:/home/GTL/pcastere/ros_hw1/ros2_hw1/install/task_manager_lib/lib:/home/GTL/pcastere/ros_hw1/ros2_hw1/install/face_msg/lib:/home/GTL/pcastere/ros_hw1/ros2_hw1/install/cs7630_msgs/lib:/usr/lib/x86_64-linux-gnu/gazebo-11/plugins:/opt/ros/humble/opt/rviz_ogre_vendor/lib:/opt/ros/humble/lib/x86_64-linux-gnu:/opt/ros/humble/lib /usr/bin/cmake --install /home/GTL/pcastere/ros_hw1/ros2_hw1/build/task_manager_lib
