[1.169s] Invoking command in '/home/GTL/apaul/ros2_hw1/build/collision_avoidance_base': CMAKE_PREFIX_PATH=${CMAKE_PREFIX_PATH}:/home/GTL/apaul/ros2_hw1/install/vrep_ros_teleop:/home/GTL/apaul/ros2_hw1/install/task_manager_client_py:/home/GTL/apaul/ros2_hw1/install/ar_slam_base:/home/GTL/apaul/ros2_hw1/install/ar_loc_base:/home/GTL/apaul/ros2_hw1/install/rover_driver_base:/home/GTL/apaul/ros2_hw1/install/keyboard_teleop:/home/GTL/apaul/ros2_hw1/install/face_detect_base:/home/GTL/apaul/ros2_hw1/install/button_server:/home/GTL/apaul/ros2_hw1/install/ar_mapping_base:/opt/ros/humble /usr/bin/cmake --build /home/GTL/apaul/ros2_hw1/build/collision_avoidance_base -- -j16 -l16
[1.765s] [100%] Built target collision_avoidance_base
[1.766s] Invoked command in '/home/GTL/apaul/ros2_hw1/build/collision_avoidance_base' returned '0': CMAKE_PREFIX_PATH=${CMAKE_PREFIX_PATH}:/home/GTL/apaul/ros2_hw1/install/vrep_ros_teleop:/home/GTL/apaul/ros2_hw1/install/task_manager_client_py:/home/GTL/apaul/ros2_hw1/install/ar_slam_base:/home/GTL/apaul/ros2_hw1/install/ar_loc_base:/home/GTL/apaul/ros2_hw1/install/rover_driver_base:/home/GTL/apaul/ros2_hw1/install/keyboard_teleop:/home/GTL/apaul/ros2_hw1/install/face_detect_base:/home/GTL/apaul/ros2_hw1/install/button_server:/home/GTL/apaul/ros2_hw1/install/ar_mapping_base:/opt/ros/humble /usr/bin/cmake --build /home/GTL/apaul/ros2_hw1/build/collision_avoidance_base -- -j16 -l16
[2.096s] Invoking command in '/home/GTL/apaul/ros2_hw1/build/collision_avoidance_base': CMAKE_PREFIX_PATH=${CMAKE_PREFIX_PATH}:/home/GTL/apaul/ros2_hw1/install/vrep_ros_teleop:/home/GTL/apaul/ros2_hw1/install/task_manager_client_py:/home/GTL/apaul/ros2_hw1/install/ar_slam_base:/home/GTL/apaul/ros2_hw1/install/ar_loc_base:/home/GTL/apaul/ros2_hw1/install/rover_driver_base:/home/GTL/apaul/ros2_hw1/install/keyboard_teleop:/home/GTL/apaul/ros2_hw1/install/face_detect_base:/home/GTL/apaul/ros2_hw1/install/button_server:/home/GTL/apaul/ros2_hw1/install/ar_mapping_base:/opt/ros/humble /usr/bin/cmake --install /home/GTL/apaul/ros2_hw1/build/collision_avoidance_base
[2.114s] -- Install configuration: ""
[2.165s] -- Up-to-date: /home/GTL/apaul/ros2_hw1/install/collision_avoidance_base/lib/collision_avoidance_base/collision_avoidance_base
[2.169s] -- Up-to-date: /home/GTL/apaul/ros2_hw1/install/collision_avoidance_base/share/collision_avoidance_base
[2.170s] -- Up-to-date: /home/GTL/apaul/ros2_hw1/install/collision_avoidance_base/share/collision_avoidance_base/coll_teleop.launch.py
[2.171s] -- Up-to-date: /home/GTL/apaul/ros2_hw1/install/collision_avoidance_base/share/collision_avoidance_base/ca_auto.launch.py
[2.172s] -- Up-to-date: /home/GTL/apaul/ros2_hw1/install/collision_avoidance_base/share/collision_avoidance_base/ca.launch.py
[2.172s] -- Up-to-date: /home/GTL/apaul/ros2_hw1/install/collision_avoidance_base/share/collision_avoidance_base/__pycache__
[2.173s] -- Up-to-date: /home/GTL/apaul/ros2_hw1/install/collision_avoidance_base/share/collision_avoidance_base/__pycache__/coll_teleop.launch.cpython-310.pyc
[2.174s] -- Up-to-date: /home/GTL/apaul/ros2_hw1/install/collision_avoidance_base/share/collision_avoidance_base/__pycache__/ca.launch.cpython-310.pyc
[2.175s] -- Up-to-date: /home/GTL/apaul/ros2_hw1/install/collision_avoidance_base/share/ament_index/resource_index/package_run_dependencies/collision_avoidance_base
[2.175s] -- Up-to-date: /home/GTL/apaul/ros2_hw1/install/collision_avoidance_base/share/ament_index/resource_index/parent_prefix_path/collision_avoidance_base
[2.175s] -- Up-to-date: /home/GTL/apaul/ros2_hw1/install/collision_avoidance_base/share/collision_avoidance_base/environment/ament_prefix_path.sh
[2.176s] -- Up-to-date: /home/GTL/apaul/ros2_hw1/install/collision_avoidance_base/share/collision_avoidance_base/environment/ament_prefix_path.dsv
[2.176s] -- Up-to-date: /home/GTL/apaul/ros2_hw1/install/collision_avoidance_base/share/collision_avoidance_base/environment/path.sh
[2.177s] -- Up-to-date: /home/GTL/apaul/ros2_hw1/install/collision_avoidance_base/share/collision_avoidance_base/environment/path.dsv
[2.177s] -- Up-to-date: /home/GTL/apaul/ros2_hw1/install/collision_avoidance_base/share/collision_avoidance_base/local_setup.bash
[2.177s] -- Up-to-date: /home/GTL/apaul/ros2_hw1/install/collision_avoidance_base/share/collision_avoidance_base/local_setup.sh
[2.178s] -- Up-to-date: /home/GTL/apaul/ros2_hw1/install/collision_avoidance_base/share/collision_avoidance_base/local_setup.zsh
[2.179s] -- Up-to-date: /home/GTL/apaul/ros2_hw1/install/collision_avoidance_base/share/collision_avoidance_base/local_setup.dsv
[2.182s] -- Installing: /home/GTL/apaul/ros2_hw1/install/collision_avoidance_base/share/collision_avoidance_base/package.dsv
[2.278s] -- Up-to-date: /home/GTL/apaul/ros2_hw1/install/collision_avoidance_base/share/ament_index/resource_index/packages/collision_avoidance_base
[2.279s] -- Up-to-date: /home/GTL/apaul/ros2_hw1/install/collision_avoidance_base/share/collision_avoidance_base/cmake/collision_avoidance_baseConfig.cmake
[2.279s] -- Up-to-date: /home/GTL/apaul/ros2_hw1/install/collision_avoidance_base/share/collision_avoidance_base/cmake/collision_avoidance_baseConfig-version.cmake
[2.280s] -- Up-to-date: /home/GTL/apaul/ros2_hw1/install/collision_avoidance_base/share/collision_avoidance_base/package.xml
[2.380s] Invoked command in '/home/GTL/apaul/ros2_hw1/build/collision_avoidance_base' returned '0': CMAKE_PREFIX_PATH=${CMAKE_PREFIX_PATH}:/home/GTL/apaul/ros2_hw1/install/vrep_ros_teleop:/home/GTL/apaul/ros2_hw1/install/task_manager_client_py:/home/GTL/apaul/ros2_hw1/install/ar_slam_base:/home/GTL/apaul/ros2_hw1/install/ar_loc_base:/home/GTL/apaul/ros2_hw1/install/rover_driver_base:/home/GTL/apaul/ros2_hw1/install/keyboard_teleop:/home/GTL/apaul/ros2_hw1/install/face_detect_base:/home/GTL/apaul/ros2_hw1/install/button_server:/home/GTL/apaul/ros2_hw1/install/ar_mapping_base:/opt/ros/humble /usr/bin/cmake --install /home/GTL/apaul/ros2_hw1/build/collision_avoidance_base
