[0.660s] Invoking command in '/home/GTL/apaul/ros2_hw1/src/face_detect_base': AMENT_PREFIX_PATH=/home/GTL/apaul/ros2_hw1/install/cs7630_msgs:${AMENT_PREFIX_PATH} CMAKE_PREFIX_PATH=/home/GTL/apaul/ros2_hw1/install/cs7630_msgs LD_LIBRARY_PATH=/home/GTL/apaul/ros2_hw1/install/cs7630_msgs/lib:${LD_LIBRARY_PATH} PYTHONPATH=/home/GTL/apaul/ros2_hw1/build/face_detect_base/prefix_override:/usr/lib/python3/dist-packages/colcon_core/task/python/colcon_distutils_commands:/home/GTL/apaul/ros2_hw1/install/face_detect_base/lib/python3.10/site-packages:/home/GTL/apaul/ros2_hw1/install/cs7630_msgs/local/lib/python3.10/dist-packages:${PYTHONPATH} /usr/bin/python3 -W ignore:setup.py install is deprecated setup.py egg_info --egg-base ../../build/face_detect_base build --build-base /home/GTL/apaul/ros2_hw1/build/face_detect_base/build install --record /home/GTL/apaul/ros2_hw1/build/face_detect_base/install.log --single-version-externally-managed install_data
[0.832s] running egg_info
[0.833s] writing ../../build/face_detect_base/face_detect_base.egg-info/PKG-INFO
[0.886s] writing dependency_links to ../../build/face_detect_base/face_detect_base.egg-info/dependency_links.txt
[0.886s] writing entry points to ../../build/face_detect_base/face_detect_base.egg-info/entry_points.txt
[0.886s] writing requirements to ../../build/face_detect_base/face_detect_base.egg-info/requires.txt
[0.887s] writing top-level names to ../../build/face_detect_base/face_detect_base.egg-info/top_level.txt
[0.890s] reading manifest file '../../build/face_detect_base/face_detect_base.egg-info/SOURCES.txt'
[0.891s] writing manifest file '../../build/face_detect_base/face_detect_base.egg-info/SOURCES.txt'
[0.892s] running build
[0.892s] running build_py
[0.893s] running install
[0.894s] running install_lib
[0.896s] running install_data
[0.896s] running install_egg_info
[0.896s] removing '/home/GTL/apaul/ros2_hw1/install/face_detect_base/lib/python3.10/site-packages/face_detect_base-0.0.0-py3.10.egg-info' (and everything under it)
[0.900s] Copying ../../build/face_detect_base/face_detect_base.egg-info to /home/GTL/apaul/ros2_hw1/install/face_detect_base/lib/python3.10/site-packages/face_detect_base-0.0.0-py3.10.egg-info
[0.924s] running install_scripts
[0.933s] Installing face_detect_node script to /home/GTL/apaul/ros2_hw1/install/face_detect_base/lib/face_detect_base
[0.935s] writing list of installed files to '/home/GTL/apaul/ros2_hw1/build/face_detect_base/install.log'
[0.955s] Invoked command in '/home/GTL/apaul/ros2_hw1/src/face_detect_base' returned '0': AMENT_PREFIX_PATH=/home/GTL/apaul/ros2_hw1/install/cs7630_msgs:${AMENT_PREFIX_PATH} CMAKE_PREFIX_PATH=/home/GTL/apaul/ros2_hw1/install/cs7630_msgs LD_LIBRARY_PATH=/home/GTL/apaul/ros2_hw1/install/cs7630_msgs/lib:${LD_LIBRARY_PATH} PYTHONPATH=/home/GTL/apaul/ros2_hw1/build/face_detect_base/prefix_override:/usr/lib/python3/dist-packages/colcon_core/task/python/colcon_distutils_commands:/home/GTL/apaul/ros2_hw1/install/face_detect_base/lib/python3.10/site-packages:/home/GTL/apaul/ros2_hw1/install/cs7630_msgs/local/lib/python3.10/dist-packages:${PYTHONPATH} /usr/bin/python3 -W ignore:setup.py install is deprecated setup.py egg_info --egg-base ../../build/face_detect_base build --build-base /home/GTL/apaul/ros2_hw1/build/face_detect_base/build install --record /home/GTL/apaul/ros2_hw1/build/face_detect_base/install.log --single-version-externally-managed install_data
