[0.000000] (-) TimerEvent: {}
[0.000247] (-) JobUnselected: {'identifier': 'ar_loc_base'}
[0.000265] (-) JobUnselected: {'identifier': 'ar_mapping_base'}
[0.000276] (-) JobUnselected: {'identifier': 'ar_slam_base'}
[0.000285] (-) JobUnselected: {'identifier': 'button_server'}
[0.000293] (-) JobUnselected: {'identifier': 'collision_avoidance_base'}
[0.000301] (-) JobUnselected: {'identifier': 'cs7630_msgs'}
[0.000309] (-) JobUnselected: {'identifier': 'face_detect_base'}
[0.000317] (-) JobUnselected: {'identifier': 'face_msg'}
[0.000325] (-) JobUnselected: {'identifier': 'floor_nav'}
[0.000332] (-) JobUnselected: {'identifier': 'joy_pack'}
[0.000340] (-) JobUnselected: {'identifier': 'keyboard_teleop'}
[0.000348] (-) JobUnselected: {'identifier': 'obstacle_avoidance_base'}
[0.000356] (-) JobUnselected: {'identifier': 'occgrid_planner'}
[0.000364] (-) JobUnselected: {'identifier': 'rover_driver_base'}
[0.000372] (-) JobUnselected: {'identifier': 'task_manager_client_py'}
[0.000380] (-) JobUnselected: {'identifier': 'task_manager_lib'}
[0.000387] (-) JobUnselected: {'identifier': 'task_manager_msgs'}
[0.000395] (-) JobUnselected: {'identifier': 'task_manager_nav2'}
[0.000403] (-) JobUnselected: {'identifier': 'task_manager_sync'}
[0.000411] (-) JobUnselected: {'identifier': 'turtlebot_launch'}
[0.000419] (-) JobUnselected: {'identifier': 'vrep4_helpers'}
[0.000427] (-) JobUnselected: {'identifier': 'vrep_ros_teleop'}
[0.000435] (-) JobUnselected: {'identifier': 'wifi_map_base'}
[0.000442] (-) JobUnselected: {'identifier': 'wpa_cli_msgs'}
[0.000453] (occgrid_planner_base) JobQueued: {'identifier': 'occgrid_planner_base', 'dependencies': OrderedDict([('cs7630_msgs', '/home/GTL/apaul/ros2_hw1/install/cs7630_msgs')])}
[0.000466] (occgrid_planner_base) JobStarted: {'identifier': 'occgrid_planner_base'}
[0.018000] (occgrid_planner_base) JobProgress: {'identifier': 'occgrid_planner_base', 'progress': 'cmake'}
[0.021865] (occgrid_planner_base) JobProgress: {'identifier': 'occgrid_planner_base', 'progress': 'build'}
[0.022696] (occgrid_planner_base) Command: {'cmd': ['/usr/bin/cmake', '--build', '/home/GTL/apaul/ros2_hw1/build/occgrid_planner_base', '--', '-j16', '-l16'], 'cwd': '/home/GTL/apaul/ros2_hw1/build/occgrid_planner_base', 'env': OrderedDict([('USER', 'apaul'), ('XDG_SESSION_TYPE', 'x11'), ('SHLVL', '1'), ('LD_LIBRARY_PATH', '/home/GTL/apaul/ros2_hw1/install/cs7630_msgs/lib:/usr/lib/x86_64-linux-gnu/gazebo-11/plugins:/opt/ros/humble/opt/rviz_ogre_vendor/lib:/opt/ros/humble/lib/x86_64-linux-gnu:/opt/ros/humble/lib'), ('HOME', '/home/GTL/apaul'), ('CYCLONEDDS_URI', '/cs-share/pradalier/gtlpc_cyclonedds.xml'), ('OLDPWD', '/home/GTL/apaul'), ('DESKTOP_SESSION', 'ubuntu'), ('ROS_PYTHON_VERSION', '3'), ('GNOME_SHELL_SESSION_MODE', 'ubuntu'), ('GTK_MODULES', 'gail:atk-bridge'), ('MANAGERPID', '2447'), ('SYSTEMD_EXEC_PID', '2970'), ('DBUS_SESSION_BUS_ADDRESS', 'unix:path=/run/user/37726/bus'), ('COLORTERM', 'truecolor'), ('TERMINATOR_DBUS_NAME', 'net.tenshu.Terminator23558193cd9818af7fe4d2c2f5bd9d00f'), ('GIO_LAUNCHED_DESKTOP_FILE_PID', '4339'), ('ROS_DISTRO', 'humble'), ('GTK_IM_MODULE', 'ibus'), ('LOGNAME', 'apaul'), ('JOURNAL_STREAM', '8:39539'), ('_', '/usr/bin/colcon'), ('ROS_VERSION', '2'), ('XDG_SESSION_CLASS', 'user'), ('USERNAME', 'apaul'), ('TERM', 'xterm-256color'), ('GNOME_DESKTOP_SESSION_ID', 'this-is-deprecated'), ('ROS_LOCALHOST_ONLY', '0'), ('WINDOWPATH', '2'), ('PATH', '/opt/ros/humble/bin:/usr/local/sbin:/usr/local/bin:/usr/sbin:/usr/bin:/sbin:/bin:/usr/games:/usr/local/games:/snap/bin:/snap/bin'), ('SESSION_MANAGER', 'local/gtlpc106.georgiatech-metz.fr:@/tmp/.ICE-unix/2702,unix/gtlpc106.georgiatech-metz.fr:/tmp/.ICE-unix/2702'), ('INVOCATION_ID', 'a7599bc07ed241d58205dd0c990b0f9b'), ('XDG_MENU_PREFIX', 'gnome-'), ('XDG_RUNTIME_DIR', '/run/user/37726'), ('DISPLAY', ':1'), ('TERMINATOR_DBUS_PATH', '/net/tenshu/Terminator2'), ('LANG', 'en_US.UTF-8'), ('XDG_CURRENT_DESKTOP', 'ubuntu:GNOME'), ('IBUS_DISABLE_SNOOPER', '1'), ('RMW_IMPLEMENTATION', 'rmw_cyclonedds_cpp'), ('XMODIFIERS', '@im=ibus'), ('XDG_SESSION_DESKTOP', 'ubuntu'), ('XAUTHORITY', '/run/user/37726/gdm/Xauthority'), ('SSH_AGENT_LAUNCHER', 'gnome-keyring'), ('SSH_AUTH_SOCK', '/run/user/37726/keyring/ssh'), ('ROS_DOMAIN_ID', '56'), ('AMENT_PREFIX_PATH', '/home/GTL/apaul/ros2_hw1/install/cs7630_msgs:/opt/ros/humble'), ('SHELL', '/bin/bash'), ('TERMINATOR_UUID', 'urn:uuid:2449bbd2-eecf-4110-a6e7-f3f786500713'), ('KRB5CCNAME', 'FILE:/tmp/krb5cc_37726'), ('QT_ACCESSIBILITY', '1'), ('GDMSESSION', 'ubuntu'), ('GPG_AGENT_INFO', '/run/user/37726/gnupg/S.gpg-agent:0:1'), ('QT_IM_MODULE', 'ibus'), ('PWD', '/home/GTL/apaul/ros2_hw1/build/occgrid_planner_base'), ('XDG_CONFIG_DIRS', '/etc/xdg/xdg-ubuntu:/etc/xdg'), ('XDG_DATA_DIRS', '/usr/share/ubuntu:/usr/share/gnome:/usr/local/share/:/usr/share/:/var/lib/snapd/desktop'), ('PYTHONPATH', '/home/GTL/apaul/ros2_hw1/install/cs7630_msgs/local/lib/python3.10/dist-packages:/opt/ros/humble/lib/python3.10/site-packages:/opt/ros/humble/local/lib/python3.10/dist-packages'), ('COLCON', '1'), ('VTE_VERSION', '6800'), ('CMAKE_PREFIX_PATH', '/home/GTL/apaul/ros2_hw1/install/cs7630_msgs:/opt/ros/humble')]), 'shell': False}
[0.077943] (occgrid_planner_base) StdoutLine: {'line': b'\x1b[35m\x1b[1mConsolidate compiler generated dependencies of target occgrid_planner_base\x1b[0m\n'}
[0.098112] (occgrid_planner_base) StdoutLine: {'line': b'[ 66%] Built target path_follower_base\n'}
[0.098318] (occgrid_planner_base) StdoutLine: {'line': b'[ 66%] Built target path_optimizer_base\n'}
[0.098824] (-) TimerEvent: {}
[0.147882] (occgrid_planner_base) StdoutLine: {'line': b'[ 83%] \x1b[32mBuilding CXX object CMakeFiles/occgrid_planner_base.dir/src/occgrid_planner.cpp.o\x1b[0m\n'}
[0.198956] (-) TimerEvent: {}
[0.299286] (-) TimerEvent: {}
[0.399524] (-) TimerEvent: {}
[0.499754] (-) TimerEvent: {}
[0.599955] (-) TimerEvent: {}
[0.700166] (-) TimerEvent: {}
[0.800384] (-) TimerEvent: {}
[0.900622] (-) TimerEvent: {}
[1.000841] (-) TimerEvent: {}
[1.101115] (-) TimerEvent: {}
[1.201400] (-) TimerEvent: {}
[1.301663] (-) TimerEvent: {}
[1.401907] (-) TimerEvent: {}
[1.502140] (-) TimerEvent: {}
[1.602366] (-) TimerEvent: {}
[1.702648] (-) TimerEvent: {}
[1.802911] (-) TimerEvent: {}
[1.903176] (-) TimerEvent: {}
[2.003432] (-) TimerEvent: {}
[2.103656] (-) TimerEvent: {}
[2.203880] (-) TimerEvent: {}
[2.304121] (-) TimerEvent: {}
[2.404378] (-) TimerEvent: {}
[2.504621] (-) TimerEvent: {}
[2.604874] (-) TimerEvent: {}
[2.705138] (-) TimerEvent: {}
[2.770730] (occgrid_planner_base) StderrLine: {'line': b'\x1b[01m\x1b[K/home/GTL/apaul/ros2_hw1/src/occgrid_planner_base/src/occgrid_planner.cpp:\x1b[m\x1b[K In member function \xe2\x80\x98\x1b[01m\x1b[Kvoid OccupancyGridPlanner::og_callback(nav_msgs::msg::OccupancyGrid_<std::allocator<void> >::SharedPtr)\x1b[m\x1b[K\xe2\x80\x99:\n'}
[2.770866] (occgrid_planner_base) StderrLine: {'line': b'\x1b[01m\x1b[K/home/GTL/apaul/ros2_hw1/src/occgrid_planner_base/src/occgrid_planner.cpp:126:47:\x1b[m\x1b[K \x1b[01;31m\x1b[Kerror: \x1b[m\x1b[K\xe2\x80\x98\x1b[01m\x1b[Krobot_footstep_\x1b[m\x1b[K\xe2\x80\x99 was not declared in this scope\n'}
[2.770906] (occgrid_planner_base) StderrLine: {'line': b'  126 |                 if (start.x >= 0 && start.x < \x1b[01;31m\x1b[Krobot_footstep_\x1b[m\x1b[K.cols &&\n'}
[2.770940] (occgrid_planner_base) StderrLine: {'line': b'      |                                               \x1b[01;31m\x1b[K^~~~~~~~~~~~~~~\x1b[m\x1b[K\n'}
[2.777513] (occgrid_planner_base) StderrLine: {'line': b'\x1b[01m\x1b[K/home/GTL/apaul/ros2_hw1/src/occgrid_planner_base/src/occgrid_planner.cpp:134:29:\x1b[m\x1b[K \x1b[01;31m\x1b[Kerror: \x1b[m\x1b[K\xe2\x80\x98\x1b[01m\x1b[Krobot_footstep_\x1b[m\x1b[K\xe2\x80\x99 was not declared in this scope\n'}
[2.777586] (occgrid_planner_base) StderrLine: {'line': b'  134 |                 og_ = og_ | \x1b[01;31m\x1b[Krobot_footstep_\x1b[m\x1b[K;\n'}
[2.777623] (occgrid_planner_base) StderrLine: {'line': b'      |                             \x1b[01;31m\x1b[K^~~~~~~~~~~~~~~\x1b[m\x1b[K\n'}
[2.805250] (-) TimerEvent: {}
[2.905505] (-) TimerEvent: {}
[3.005762] (-) TimerEvent: {}
[3.106040] (-) TimerEvent: {}
[3.206296] (-) TimerEvent: {}
[3.306593] (-) TimerEvent: {}
[3.406860] (-) TimerEvent: {}
[3.507097] (-) TimerEvent: {}
[3.607333] (-) TimerEvent: {}
[3.707574] (-) TimerEvent: {}
[3.807832] (-) TimerEvent: {}
[3.908075] (-) TimerEvent: {}
[4.008324] (-) TimerEvent: {}
[4.108572] (-) TimerEvent: {}
[4.208844] (-) TimerEvent: {}
[4.309101] (-) TimerEvent: {}
[4.409335] (-) TimerEvent: {}
[4.509577] (-) TimerEvent: {}
[4.609835] (-) TimerEvent: {}
[4.710095] (-) TimerEvent: {}
[4.810375] (-) TimerEvent: {}
[4.910647] (-) TimerEvent: {}
[5.010885] (-) TimerEvent: {}
[5.111107] (-) TimerEvent: {}
[5.211368] (-) TimerEvent: {}
[5.311608] (-) TimerEvent: {}
[5.411846] (-) TimerEvent: {}
[5.465603] (occgrid_planner_base) StderrLine: {'line': b'gmake[2]: *** [CMakeFiles/occgrid_planner_base.dir/build.make:76: CMakeFiles/occgrid_planner_base.dir/src/occgrid_planner.cpp.o] Error 1\n'}
[5.465753] (occgrid_planner_base) StderrLine: {'line': b'gmake[1]: *** [CMakeFiles/Makefile2:141: CMakeFiles/occgrid_planner_base.dir/all] Error 2\n'}
[5.465839] (occgrid_planner_base) StderrLine: {'line': b'gmake: *** [Makefile:146: all] Error 2\n'}
[5.467182] (occgrid_planner_base) CommandEnded: {'returncode': 2}
[5.511913] (-) TimerEvent: {}
[5.516939] (occgrid_planner_base) JobEnded: {'identifier': 'occgrid_planner_base', 'rc': 2}
[5.527206] (-) EventReactorShutdown: {}
