[1.367s] Invoking command in '/home/GTL/apaul/ros2_hw1/src/ros_task_manager/src/button_server': PYTHONPATH=/home/GTL/apaul/ros2_hw1/build/button_server/prefix_override:/usr/lib/python3/dist-packages/colcon_core/task/python/colcon_distutils_commands:/home/GTL/apaul/ros2_hw1/install/button_server/lib/python3.10/site-packages:${PYTHONPATH} /usr/bin/python3 -W ignore:setup.py install is deprecated -W ignore:easy_install command is deprecated setup.py egg_info --egg-base ../../../../build/button_server build --build-base /home/GTL/apaul/ros2_hw1/build/button_server/build install --record /home/GTL/apaul/ros2_hw1/build/button_server/install.log --single-version-externally-managed install_data
[1.604s] running egg_info
[1.605s] writing ../../../../build/button_server/button_server.egg-info/PKG-INFO
[1.606s] writing dependency_links to ../../../../build/button_server/button_server.egg-info/dependency_links.txt
[1.607s] writing entry points to ../../../../build/button_server/button_server.egg-info/entry_points.txt
[1.608s] writing requirements to ../../../../build/button_server/button_server.egg-info/requires.txt
[1.608s] writing top-level names to ../../../../build/button_server/button_server.egg-info/top_level.txt
[1.615s] reading manifest file '../../../../build/button_server/button_server.egg-info/SOURCES.txt'
[1.616s] writing manifest file '../../../../build/button_server/button_server.egg-info/SOURCES.txt'
[1.618s] running build
[1.618s] running build_py
[1.620s] running build_scripts
[1.620s] running install
[1.620s] running install_lib
[1.623s] running install_data
[1.624s] running install_egg_info
[1.638s] removing '/home/GTL/apaul/ros2_hw1/install/button_server/lib/python3.10/site-packages/button_server-0.0.0-py3.10.egg-info' (and everything under it)
[1.641s] Copying ../../../../build/button_server/button_server.egg-info to /home/GTL/apaul/ros2_hw1/install/button_server/lib/python3.10/site-packages/button_server-0.0.0-py3.10.egg-info
[1.661s] running install_scripts
[1.677s] changing mode of /home/GTL/apaul/ros2_hw1/install/button_server/lib/button_server/button_server_node to 775
[1.678s] writing list of installed files to '/home/GTL/apaul/ros2_hw1/build/button_server/install.log'
[1.708s] Invoked command in '/home/GTL/apaul/ros2_hw1/src/ros_task_manager/src/button_server' returned '0': PYTHONPATH=/home/GTL/apaul/ros2_hw1/build/button_server/prefix_override:/usr/lib/python3/dist-packages/colcon_core/task/python/colcon_distutils_commands:/home/GTL/apaul/ros2_hw1/install/button_server/lib/python3.10/site-packages:${PYTHONPATH} /usr/bin/python3 -W ignore:setup.py install is deprecated -W ignore:easy_install command is deprecated setup.py egg_info --egg-base ../../../../build/button_server build --build-base /home/GTL/apaul/ros2_hw1/build/button_server/build install --record /home/GTL/apaul/ros2_hw1/build/button_server/install.log --single-version-externally-managed install_data
