[0.023s] Invoking command in '/home/GTL/apaul/ros2_hw1/build/collision_avoidance_base': CMAKE_PREFIX_PATH=/opt/ros/humble /usr/bin/cmake /home/GTL/apaul/ros2_hw1/src/collision_avoidance_base -DCMAKE_INSTALL_PREFIX=/home/GTL/apaul/ros2_hw1/install/collision_avoidance_base
[0.095s] -- The C compiler identification is GNU 11.4.0
[0.165s] -- The CXX compiler identification is GNU 11.4.0
[0.178s] -- Detecting C compiler ABI info
[0.316s] -- Detecting C compiler ABI info - done
[0.326s] -- Check for working C compiler: /usr/bin/cc - skipped
[0.326s] -- Detecting C compile features
[0.326s] -- Detecting C compile features - done
[0.339s] -- Detecting CXX compiler ABI info
[0.479s] -- Detecting CXX compiler ABI info - done
[0.492s] -- Check for working CXX compiler: /usr/bin/c++ - skipped
[0.492s] -- Detecting CXX compile features
[0.492s] -- Detecting CXX compile features - done
[0.503s] -- Found ament_cmake: 1.3.11 (/opt/ros/humble/share/ament_cmake/cmake)
[0.621s] -- Found Python3: /usr/bin/python3 (found version "3.10.12") found components: Interpreter 
[0.728s] -- Found rclcpp: 16.0.11 (/opt/ros/humble/share/rclcpp/cmake)
[0.759s] -- Found rosidl_generator_c: 3.1.6 (/opt/ros/humble/share/rosidl_generator_c/cmake)
[0.763s] -- Found rosidl_adapter: 3.1.6 (/opt/ros/humble/share/rosidl_adapter/cmake)
[0.769s] -- Found rosidl_generator_cpp: 3.1.6 (/opt/ros/humble/share/rosidl_generator_cpp/cmake)
[0.778s] -- Using all available rosidl_typesupport_c: rosidl_typesupport_fastrtps_c;rosidl_typesupport_introspection_c
[0.790s] -- Using all available rosidl_typesupport_cpp: rosidl_typesupport_fastrtps_cpp;rosidl_typesupport_introspection_cpp
[0.821s] -- Found rmw_implementation_cmake: 6.1.2 (/opt/ros/humble/share/rmw_implementation_cmake/cmake)
[0.823s] -- Found rmw_cyclonedds_cpp: 1.3.4 (/opt/ros/humble/share/rmw_cyclonedds_cpp/cmake)
[0.837s] -- Using RMW implementation 'rmw_cyclonedds_cpp' as default
[0.853s] -- Looking for pthread.h
[0.982s] -- Looking for pthread.h - found
[0.984s] -- Performing Test CMAKE_HAVE_LIBC_PTHREAD
[1.106s] -- Performing Test CMAKE_HAVE_LIBC_PTHREAD - Success
[1.108s] -- Found Threads: TRUE  
[1.164s] -- Found sensor_msgs: 4.2.4 (/opt/ros/humble/share/sensor_msgs/cmake)
[1.194s] -- Checking for module 'eigen3'
[1.201s] --   Found eigen3, version 3.4.0
[1.216s] -- Found Eigen: /usr/include/eigen3 (Required is at least version "3.1") 
[1.216s] -- Eigen found (include: /usr/include/eigen3, version: 3.4.0)
[1.261s] -- Checking for module 'libusb-1.0'
[1.268s] --   Found libusb-1.0, version 1.0.25
[1.285s] -- Found libusb: /usr/lib/x86_64-linux-gnu/libusb-1.0.so  
[1.286s] -- OpenNI found (version: 1.5.4.0, include: /usr/include/ni, lib: /usr/lib/libOpenNI.so;libusb::libusb)
[1.313s] -- OpenNI2 found (version: 2.2.0.33, include: /usr/include/openni2, lib: /usr/lib/x86_64-linux-gnu/libOpenNI2.so;libusb::libusb)
[2.596s] -- Eigen found (include: /usr/include/eigen3, version: 3.4.0)
[2.596s] -- Found PCL_COMMON: /usr/lib/x86_64-linux-gnu/libpcl_common.so  
[2.597s] -- Found PCL_OCTREE: /usr/lib/x86_64-linux-gnu/libpcl_octree.so  
[2.598s] -- Found PCL_IO: /usr/lib/x86_64-linux-gnu/libpcl_io.so  
[2.599s] -- Found pcl_conversions: 2.4.5 (/opt/ros/humble/share/pcl_conversions/cmake)
[2.625s] -- Found ament_lint_auto: 0.12.11 (/opt/ros/humble/share/ament_lint_auto/cmake)
[2.732s] -- Added test 'cppcheck' to perform static code analysis on C / C++ code
[2.732s] -- Configured cppcheck include dirs: $<BUILD_INTERFACE:/home/GTL/apaul/ros2_hw1/src/collision_avoidance_base/include>
[2.732s] -- Configured cppcheck exclude dirs and/or files: 
[2.735s] -- Added test 'flake8' to check Python code syntax and style conventions
[2.738s] -- Added test 'lint_cmake' to check CMake code style
[2.741s] -- Added test 'pep257' to check Python code against some of the docstring style conventions in PEP 257
[2.750s] -- Added test 'uncrustify' to check C / C++ code style
[2.750s] -- Configured uncrustify additional arguments: 
[2.753s] -- Added test 'xmllint' to check XML markup files
[2.770s] -- Configuring done
[2.871s] -- Generating done
[2.906s] -- Build files have been written to: /home/GTL/apaul/ros2_hw1/build/collision_avoidance_base
[2.915s] Invoked command in '/home/GTL/apaul/ros2_hw1/build/collision_avoidance_base' returned '0': CMAKE_PREFIX_PATH=/opt/ros/humble /usr/bin/cmake /home/GTL/apaul/ros2_hw1/src/collision_avoidance_base -DCMAKE_INSTALL_PREFIX=/home/GTL/apaul/ros2_hw1/install/collision_avoidance_base
[2.921s] Invoking command in '/home/GTL/apaul/ros2_hw1/build/collision_avoidance_base': CMAKE_PREFIX_PATH=/opt/ros/humble /usr/bin/cmake --build /home/GTL/apaul/ros2_hw1/build/collision_avoidance_base -- -j16 -l16
[2.979s] [ 50%] [32mBuilding CXX object CMakeFiles/collision_avoidance_base.dir/src/collision_avoidance.cpp.o[0m
[23.847s] [100%] [32m[1mLinking CXX executable collision_avoidance_base[0m
[24.983s] [100%] Built target collision_avoidance_base
[24.991s] Invoked command in '/home/GTL/apaul/ros2_hw1/build/collision_avoidance_base' returned '0': CMAKE_PREFIX_PATH=/opt/ros/humble /usr/bin/cmake --build /home/GTL/apaul/ros2_hw1/build/collision_avoidance_base -- -j16 -l16
[24.993s] Invoking command in '/home/GTL/apaul/ros2_hw1/build/collision_avoidance_base': CMAKE_PREFIX_PATH=/opt/ros/humble /usr/bin/cmake --install /home/GTL/apaul/ros2_hw1/build/collision_avoidance_base
[25.002s] -- Install configuration: ""
[25.006s] -- Installing: /home/GTL/apaul/ros2_hw1/install/collision_avoidance_base/lib/collision_avoidance_base/collision_avoidance_base
[25.243s] -- Set runtime path of "/home/GTL/apaul/ros2_hw1/install/collision_avoidance_base/lib/collision_avoidance_base/collision_avoidance_base" to ""
[25.243s] -- Installing: /home/GTL/apaul/ros2_hw1/install/collision_avoidance_base/share/collision_avoidance_base
[25.247s] -- Installing: /home/GTL/apaul/ros2_hw1/install/collision_avoidance_base/share/collision_avoidance_base/coll_teleop.launch.py
[25.250s] -- Installing: /home/GTL/apaul/ros2_hw1/install/collision_avoidance_base/share/collision_avoidance_base/ca_auto.launch.py
[25.253s] -- Installing: /home/GTL/apaul/ros2_hw1/install/collision_avoidance_base/share/collision_avoidance_base/ca.launch.py
[25.257s] -- Installing: /home/GTL/apaul/ros2_hw1/install/collision_avoidance_base/share/collision_avoidance_base/__pycache__
[25.260s] -- Installing: /home/GTL/apaul/ros2_hw1/install/collision_avoidance_base/share/collision_avoidance_base/__pycache__/coll_teleop.launch.cpython-310.pyc
[25.275s] -- Installing: /home/GTL/apaul/ros2_hw1/install/collision_avoidance_base/share/collision_avoidance_base/__pycache__/ca.launch.cpython-310.pyc
[25.285s] -- Installing: /home/GTL/apaul/ros2_hw1/install/collision_avoidance_base/share/ament_index/resource_index/package_run_dependencies/collision_avoidance_base
[25.291s] -- Installing: /home/GTL/apaul/ros2_hw1/install/collision_avoidance_base/share/ament_index/resource_index/parent_prefix_path/collision_avoidance_base
[25.296s] -- Installing: /home/GTL/apaul/ros2_hw1/install/collision_avoidance_base/share/collision_avoidance_base/environment/ament_prefix_path.sh
[25.299s] -- Installing: /home/GTL/apaul/ros2_hw1/install/collision_avoidance_base/share/collision_avoidance_base/environment/ament_prefix_path.dsv
[25.302s] -- Installing: /home/GTL/apaul/ros2_hw1/install/collision_avoidance_base/share/collision_avoidance_base/environment/path.sh
[25.305s] -- Installing: /home/GTL/apaul/ros2_hw1/install/collision_avoidance_base/share/collision_avoidance_base/environment/path.dsv
[25.308s] -- Installing: /home/GTL/apaul/ros2_hw1/install/collision_avoidance_base/share/collision_avoidance_base/local_setup.bash
[25.312s] -- Installing: /home/GTL/apaul/ros2_hw1/install/collision_avoidance_base/share/collision_avoidance_base/local_setup.sh
[25.315s] -- Installing: /home/GTL/apaul/ros2_hw1/install/collision_avoidance_base/share/collision_avoidance_base/local_setup.zsh
[25.317s] -- Installing: /home/GTL/apaul/ros2_hw1/install/collision_avoidance_base/share/collision_avoidance_base/local_setup.dsv
[25.320s] -- Installing: /home/GTL/apaul/ros2_hw1/install/collision_avoidance_base/share/collision_avoidance_base/package.dsv
[25.329s] -- Installing: /home/GTL/apaul/ros2_hw1/install/collision_avoidance_base/share/ament_index/resource_index/packages/collision_avoidance_base
[25.330s] -- Installing: /home/GTL/apaul/ros2_hw1/install/collision_avoidance_base/share/collision_avoidance_base/cmake/collision_avoidance_baseConfig.cmake
[25.333s] -- Installing: /home/GTL/apaul/ros2_hw1/install/collision_avoidance_base/share/collision_avoidance_base/cmake/collision_avoidance_baseConfig-version.cmake
[25.336s] -- Installing: /home/GTL/apaul/ros2_hw1/install/collision_avoidance_base/share/collision_avoidance_base/package.xml
[25.341s] Invoked command in '/home/GTL/apaul/ros2_hw1/build/collision_avoidance_base' returned '0': CMAKE_PREFIX_PATH=/opt/ros/humble /usr/bin/cmake --install /home/GTL/apaul/ros2_hw1/build/collision_avoidance_base
