[1.930s] Invoking command in '/home/GTL/pcastere/ros_hw1/ros2_hw1/src/ar_mapping_base': PYTHONPATH=/home/GTL/pcastere/ros_hw1/ros2_hw1/build/ar_mapping_base/prefix_override:/usr/lib/python3/dist-packages/colcon_core/task/python/colcon_distutils_commands:/home/GTL/pcastere/ros_hw1/ros2_hw1/install/ar_mapping_base/lib/python3.10/site-packages:${PYTHONPATH} /usr/bin/python3 -W ignore:setup.py install is deprecated setup.py egg_info --egg-base ../../build/ar_mapping_base build --build-base /home/GTL/pcastere/ros_hw1/ros2_hw1/build/ar_mapping_base/build install --record /home/GTL/pcastere/ros_hw1/ros2_hw1/build/ar_mapping_base/install.log --single-version-externally-managed install_data
[2.131s] running egg_info
[2.132s] writing ../../build/ar_mapping_base/ar_mapping_base.egg-info/PKG-INFO
[2.133s] writing dependency_links to ../../build/ar_mapping_base/ar_mapping_base.egg-info/dependency_links.txt
[2.134s] writing entry points to ../../build/ar_mapping_base/ar_mapping_base.egg-info/entry_points.txt
[2.135s] writing requirements to ../../build/ar_mapping_base/ar_mapping_base.egg-info/requires.txt
[2.135s] writing top-level names to ../../build/ar_mapping_base/ar_mapping_base.egg-info/top_level.txt
[2.141s] reading manifest file '../../build/ar_mapping_base/ar_mapping_base.egg-info/SOURCES.txt'
[2.142s] writing manifest file '../../build/ar_mapping_base/ar_mapping_base.egg-info/SOURCES.txt'
[2.143s] running build
[2.143s] running build_py
[2.145s] running install
[2.145s] running install_lib
[2.148s] running install_data
[2.151s] running install_egg_info
[2.152s] removing '/home/GTL/pcastere/ros_hw1/ros2_hw1/install/ar_mapping_base/lib/python3.10/site-packages/ar_mapping_base-0.0.0-py3.10.egg-info' (and everything under it)
[2.154s] Copying ../../build/ar_mapping_base/ar_mapping_base.egg-info to /home/GTL/pcastere/ros_hw1/ros2_hw1/install/ar_mapping_base/lib/python3.10/site-packages/ar_mapping_base-0.0.0-py3.10.egg-info
[2.170s] running install_scripts
[2.186s] Installing ar_mapping_node script to /home/GTL/pcastere/ros_hw1/ros2_hw1/install/ar_mapping_base/lib/ar_mapping_base
[2.188s] writing list of installed files to '/home/GTL/pcastere/ros_hw1/ros2_hw1/build/ar_mapping_base/install.log'
[2.253s] Invoked command in '/home/GTL/pcastere/ros_hw1/ros2_hw1/src/ar_mapping_base' returned '0': PYTHONPATH=/home/GTL/pcastere/ros_hw1/ros2_hw1/build/ar_mapping_base/prefix_override:/usr/lib/python3/dist-packages/colcon_core/task/python/colcon_distutils_commands:/home/GTL/pcastere/ros_hw1/ros2_hw1/install/ar_mapping_base/lib/python3.10/site-packages:${PYTHONPATH} /usr/bin/python3 -W ignore:setup.py install is deprecated setup.py egg_info --egg-base ../../build/ar_mapping_base build --build-base /home/GTL/pcastere/ros_hw1/ros2_hw1/build/ar_mapping_base/build install --record /home/GTL/pcastere/ros_hw1/ros2_hw1/build/ar_mapping_base/install.log --single-version-externally-managed install_data
