[01m[K/home/GTL/apaul/ros2_hw1/src/joy_pack/src/joy_function.cpp:15:5:[m[K [01;31m[Kerror: [m[KISO C++ forbids declaration of ‘[01m[KJoyNode[m[K’ with no type [[01;31m[K]8;;https://gcc.gnu.org/onlinedocs/gcc/Warning-Options.html#index-fpermissive-fpermissive]8;;[m[K]
   15 |     [01;31m[KJoyNode[m[K()
      |     [01;31m[K^~~~~~~[m[K
[01m[K/home/GTL/apaul/ros2_hw1/src/joy_pack/src/joy_function.cpp:55:36:[m[K [01;31m[Kerror: [m[K‘[01m[KString[m[K’ is not a member of ‘[01m[Kstd_msgs::msg[m[K’
   55 |   rclcpp::Publisher<std_msgs::msg::[01;31m[KString[m[K>::SharedPtr publisher_;
      |                                    [01;31m[K^~~~~~[m[K
[01m[K/home/GTL/apaul/ros2_hw1/src/joy_pack/src/joy_function.cpp:55:42:[m[K [01;31m[Kerror: [m[Ktemplate argument 1 is invalid
   55 |   rclcpp::Publisher<std_msgs::msg::String[01;31m[K>[m[K::SharedPtr publisher_;
      |                                          [01;31m[K^[m[K
[01m[K/home/GTL/apaul/ros2_hw1/src/joy_pack/src/joy_function.cpp:55:45:[m[K [01;31m[Kerror: [m[Kexpected ‘[01m[K;[m[K’ at end of member declaration
   55 |   rclcpp::Publisher<std_msgs::msg::String>::[01;31m[KSharedPtr[m[K publisher_;
      |                                             [01;31m[K^~~~~~~~~[m[K
      |                                                      [32m[K;[m[K
[01m[K/home/GTL/apaul/ros2_hw1/src/joy_pack/src/joy_function.cpp:55:55:[m[K [01;31m[Kerror: [m[K‘[01m[Kpublisher_[m[K’ does not name a type; did you mean ‘[01m[Krmw_publisher_t[m[K’?
   55 |   rclcpp::Publisher<std_msgs::msg::String>::SharedPtr [01;31m[Kpublisher_[m[K;
      |                                                       [01;31m[K^~~~~~~~~~[m[K
      |                                                       [32m[Krmw_publisher_t[m[K
[01m[K/home/GTL/apaul/ros2_hw1/src/joy_pack/src/joy_function.cpp:[m[K In member function ‘[01m[Kint JoySubscriber::JoyNode()[m[K’:
[01m[K/home/GTL/apaul/ros2_hw1/src/joy_pack/src/joy_function.cpp:16:7:[m[K [01;31m[Kerror: [m[Konly constructors take member initializers
   16 |     : [01;31m[KNode[m[K("joy_subscriber")
      |       [01;31m[K^~~~[m[K
[01m[K/home/GTL/apaul/ros2_hw1/src/joy_pack/src/joy_function.cpp:19:29:[m[K [01;31m[Kerror: [m[K‘[01m[KJoyNode[m[K’ is not a class, namespace, or enumeration
   19 |       "joy", 10, std::bind(&[01;31m[KJoyNode[m[K::topic_callback, this, _1));
      |                             [01;31m[K^~~~~~~[m[K
[01m[K/home/GTL/apaul/ros2_hw1/src/joy_pack/src/joy_function.cpp:21:7:[m[K [01;31m[Kerror: [m[K‘[01m[Kpublisher_[m[K’ was not declared in this scope; did you mean ‘[01m[Krmw_publisher_t[m[K’?
   21 |       [01;31m[Kpublisher_[m[K = this->create_publisher<sensor_msgs::msg::Joy>(
      |       [01;31m[K^~~~~~~~~~[m[K
      |       [32m[Krmw_publisher_t[m[K
[01m[K/home/GTL/apaul/ros2_hw1/src/joy_pack/src/joy_function.cpp:22:45:[m[K [01;31m[Kerror: [m[K‘[01m[KJoyNode[m[K’ is not a class, namespace, or enumeration
   22 |         "vrep/twistCommand", 10, std::bind(&[01;31m[KJoyNode[m[K::topic_callback, this, _1));
      |                                             [01;31m[K^~~~~~~[m[K
[01m[K/home/GTL/apaul/ros2_hw1/src/joy_pack/src/joy_function.cpp:24:11:[m[K [01;31m[Kerror: [m[Kunable to find numeric literal operator ‘[01m[Koperator""ms[m[K’
   24 |           [01;31m[K10ms[m[K, std::bind(&JoyNode::timer_callback, this));
      |           [01;31m[K^~~~[m[K
[01m[K/home/GTL/apaul/ros2_hw1/src/joy_pack/src/joy_function.cpp:24:28:[m[K [01;31m[Kerror: [m[K‘[01m[KJoyNode[m[K’ is not a class, namespace, or enumeration
   24 |           10ms, std::bind(&[01;31m[KJoyNode[m[K::timer_callback, this));
      |                            [01;31m[K^~~~~~~[m[K
[01m[K/home/GTL/apaul/ros2_hw1/src/joy_pack/src/joy_function.cpp:25:5:[m[K [01;35m[Kwarning: [m[Kno return statement in function returning non-void [[01;35m[K]8;;https://gcc.gnu.org/onlinedocs/gcc/Warning-Options.html#index-Wreturn-type-Wreturn-type]8;;[m[K]
   25 |     [01;35m[K}[m[K
      |     [01;35m[K^[m[K
[01m[K/home/GTL/apaul/ros2_hw1/src/joy_pack/src/joy_function.cpp:[m[K In member function ‘[01m[Kvoid JoySubscriber::timer_callback()[m[K’:
[01m[K/home/GTL/apaul/ros2_hw1/src/joy_pack/src/joy_function.cpp:48:45:[m[K [01;31m[Kerror: [m[Kexpected primary-expression before ‘[01m[K;[m[K’ token
   48 |     auto message = geometry_msgs::msg::Twist[01;31m[K;[m[K
      |                                             [01;31m[K^[m[K
[01m[K/home/GTL/apaul/ros2_hw1/src/joy_pack/src/joy_function.cpp:49:23:[m[K [01;31m[Kerror: [m[K‘[01m[Kmsg[m[K’ was not declared in this scope
   49 |     message.linear = [[01;31m[Kmsg[m[K.axes[1]+msg.axes[3],msg.axes[0]+msg.axes[2],0];
      |                       [01;31m[K^~~[m[K
[01m[K/home/GTL/apaul/ros2_hw1/src/joy_pack/src/joy_function.cpp:49:23:[m[K [01;36m[Knote: [m[Ksuggested alternatives:
In file included from [01m[K/opt/ros/humble/include/builtin_interfaces/builtin_interfaces/msg/duration.hpp:7[m[K,
                 from [01m[K/opt/ros/humble/include/rclcpp/rclcpp/duration.hpp:20[m[K,
                 from [01m[K/opt/ros/humble/include/rclcpp/rclcpp/qos.hpp:20[m[K,
                 from [01m[K/opt/ros/humble/include/rclcpp/rclcpp/node_interfaces/node_graph_interface.hpp:32[m[K,
                 from [01m[K/opt/ros/humble/include/rclcpp/rclcpp/client.hpp:42[m[K,
                 from [01m[K/opt/ros/humble/include/rclcpp/rclcpp/callback_group.hpp:24[m[K,
                 from [01m[K/opt/ros/humble/include/rclcpp/rclcpp/any_executable.hpp:20[m[K,
                 from [01m[K/opt/ros/humble/include/rclcpp/rclcpp/memory_strategy.hpp:25[m[K,
                 from [01m[K/opt/ros/humble/include/rclcpp/rclcpp/memory_strategies.hpp:18[m[K,
                 from [01m[K/opt/ros/humble/include/rclcpp/rclcpp/executor_options.hpp:20[m[K,
                 from [01m[K/opt/ros/humble/include/rclcpp/rclcpp/executor.hpp:37[m[K,
                 from [01m[K/opt/ros/humble/include/rclcpp/rclcpp/executors/multi_threaded_executor.hpp:25[m[K,
                 from [01m[K/opt/ros/humble/include/rclcpp/rclcpp/executors.hpp:21[m[K,
                 from [01m[K/opt/ros/humble/include/rclcpp/rclcpp/rclcpp.hpp:155[m[K,
                 from [01m[K/home/GTL/apaul/ros2_hw1/src/joy_pack/src/joy_function.cpp:6[m[K:
[01m[K/opt/ros/humble/include/builtin_interfaces/builtin_interfaces/msg/detail/duration__struct.hpp:27:11:[m[K [01;36m[Knote: [m[K  ‘[01m[Kbuiltin_interfaces::msg[m[K’
   27 | namespace [01;36m[Kmsg[m[K
      |           [01;36m[K^~~[m[K
In file included from [01m[K/opt/ros/humble/include/rcl_interfaces/rcl_interfaces/msg/set_parameters_result.hpp:7[m[K,
                 from [01m[K/opt/ros/humble/include/rclcpp/rclcpp/qos_overriding_options.hpp:28[m[K,
                 from [01m[K/opt/ros/humble/include/rclcpp/rclcpp/subscription_options.hpp:30[m[K,
                 from [01m[K/opt/ros/humble/include/rclcpp/rclcpp/subscription.hpp:45[m[K,
                 from [01m[K/opt/ros/humble/include/rclcpp/rclcpp/any_executable.hpp:25[m[K,
                 from [01m[K/opt/ros/humble/include/rclcpp/rclcpp/memory_strategy.hpp:25[m[K,
                 from [01m[K/opt/ros/humble/include/rclcpp/rclcpp/memory_strategies.hpp:18[m[K,
                 from [01m[K/opt/ros/humble/include/rclcpp/rclcpp/executor_options.hpp:20[m[K,
                 from [01m[K/opt/ros/humble/include/rclcpp/rclcpp/executor.hpp:37[m[K,
                 from [01m[K/opt/ros/humble/include/rclcpp/rclcpp/executors/multi_threaded_executor.hpp:25[m[K,
                 from [01m[K/opt/ros/humble/include/rclcpp/rclcpp/executors.hpp:21[m[K,
                 from [01m[K/opt/ros/humble/include/rclcpp/rclcpp/rclcpp.hpp:155[m[K,
                 from [01m[K/home/GTL/apaul/ros2_hw1/src/joy_pack/src/joy_function.cpp:6[m[K:
[01m[K/opt/ros/humble/include/rcl_interfaces/rcl_interfaces/msg/detail/set_parameters_result__struct.hpp:27:11:[m[K [01;36m[Knote: [m[K  ‘[01m[Krcl_interfaces::msg[m[K’
   27 | namespace [01;36m[Kmsg[m[K
      |           [01;36m[K^~~[m[K
In file included from [01m[K/opt/ros/humble/include/statistics_msgs/statistics_msgs/msg/detail/metrics_message__struct.hpp:23[m[K,
                 from [01m[K/opt/ros/humble/include/statistics_msgs/statistics_msgs/msg/metrics_message.hpp:7[m[K,
                 from [01m[K/opt/ros/humble/include/libstatistics_collector/libstatistics_collector/collector/generate_statistics_message.hpp:21[m[K,
                 from [01m[K/opt/ros/humble/include/rclcpp/rclcpp/topic_statistics/subscription_topic_statistics.hpp:23[m[K,
                 from [01m[K/opt/ros/humble/include/rclcpp/rclcpp/subscription.hpp:50[m[K,
                 from [01m[K/opt/ros/humble/include/rclcpp/rclcpp/any_executable.hpp:25[m[K,
                 from [01m[K/opt/ros/humble/include/rclcpp/rclcpp/memory_strategy.hpp:25[m[K,
                 from [01m[K/opt/ros/humble/include/rclcpp/rclcpp/memory_strategies.hpp:18[m[K,
                 from [01m[K/opt/ros/humble/include/rclcpp/rclcpp/executor_options.hpp:20[m[K,
                 from [01m[K/opt/ros/humble/include/rclcpp/rclcpp/executor.hpp:37[m[K,
                 from [01m[K/opt/ros/humble/include/rclcpp/rclcpp/executors/multi_threaded_executor.hpp:25[m[K,
                 from [01m[K/opt/ros/humble/include/rclcpp/rclcpp/executors.hpp:21[m[K,
                 from [01m[K/opt/ros/humble/include/rclcpp/rclcpp/rclcpp.hpp:155[m[K,
                 from [01m[K/home/GTL/apaul/ros2_hw1/src/joy_pack/src/joy_function.cpp:6[m[K:
[01m[K/opt/ros/humble/include/statistics_msgs/statistics_msgs/msg/detail/statistic_data_point__struct.hpp:27:11:[m[K [01;36m[Knote: [m[K  ‘[01m[Kstatistics_msgs::msg[m[K’
   27 | namespace [01;36m[Kmsg[m[K
      |           [01;36m[K^~~[m[K
In file included from [01m[K/opt/ros/humble/include/sensor_msgs/sensor_msgs/msg/detail/joy__struct.hpp:20[m[K,
                 from [01m[K/opt/ros/humble/include/sensor_msgs/sensor_msgs/msg/joy.hpp:7[m[K,
                 from [01m[K/home/GTL/apaul/ros2_hw1/src/joy_pack/src/joy_function.cpp:7[m[K:
[01m[K/opt/ros/humble/include/std_msgs/std_msgs/msg/detail/header__struct.hpp:31:11:[m[K [01;36m[Knote: [m[K  ‘[01m[Kstd_msgs::msg[m[K’
   31 | namespace [01;36m[Kmsg[m[K
      |           [01;36m[K^~~[m[K
In file included from [01m[K/opt/ros/humble/include/sensor_msgs/sensor_msgs/msg/joy.hpp:7[m[K,
                 from [01m[K/home/GTL/apaul/ros2_hw1/src/joy_pack/src/joy_function.cpp:7[m[K:
[01m[K/opt/ros/humble/include/sensor_msgs/sensor_msgs/msg/detail/joy__struct.hpp:31:11:[m[K [01;36m[Knote: [m[K  ‘[01m[Ksensor_msgs::msg[m[K’
   31 | namespace [01;36m[Kmsg[m[K
      |           [01;36m[K^~~[m[K
In file included from [01m[K/opt/ros/humble/include/geometry_msgs/geometry_msgs/msg/detail/twist__struct.hpp:21[m[K,
                 from [01m[K/opt/ros/humble/include/geometry_msgs/geometry_msgs/msg/twist.hpp:7[m[K,
                 from [01m[K/home/GTL/apaul/ros2_hw1/src/joy_pack/src/joy_function.cpp:8[m[K:
[01m[K/opt/ros/humble/include/geometry_msgs/geometry_msgs/msg/detail/vector3__struct.hpp:27:11:[m[K [01;36m[Knote: [m[K  ‘[01m[Kgeometry_msgs::msg[m[K’
   27 | namespace [01;36m[Kmsg[m[K
      |           [01;36m[K^~~[m[K
[01m[K/home/GTL/apaul/ros2_hw1/src/joy_pack/src/joy_function.cpp:49:26:[m[K [01;31m[Kerror: [m[Kexpected ‘[01m[K,[m[K’ before ‘[01m[K.[m[K’ token
   49 |     message.linear = [msg[01;31m[K.[m[Kaxes[1]+msg.axes[3],msg.axes[0]+msg.axes[2],0];
      |                          [01;31m[K^[m[K
[01m[K/home/GTL/apaul/ros2_hw1/src/joy_pack/src/joy_function.cpp:49:26:[m[K [01;31m[Kerror: [m[Kexpected identifier before ‘[01m[K.[m[K’ token
[01m[K/home/GTL/apaul/ros2_hw1/src/joy_pack/src/joy_function.cpp:49:46:[m[K [01;31m[Kerror: [m[Kexpected ‘[01m[K][m[K’ before ‘[01m[K,[m[K’ token
   49 |     message.linear = [msg.axes[1]+msg.axes[3][01;31m[K,[m[Kmsg.axes[0]+msg.axes[2],0];
      |                                              [01;31m[K^[m[K
[01m[K/home/GTL/apaul/ros2_hw1/src/joy_pack/src/joy_function.cpp:[m[K In lambda function:
[01m[K/home/GTL/apaul/ros2_hw1/src/joy_pack/src/joy_function.cpp:49:46:[m[K [01;31m[Kerror: [m[Kexpected ‘[01m[K{[m[K’ before ‘[01m[K,[m[K’ token
[01m[K/home/GTL/apaul/ros2_hw1/src/joy_pack/src/joy_function.cpp:[m[K In member function ‘[01m[Kvoid JoySubscriber::timer_callback()[m[K’:
[01m[K/home/GTL/apaul/ros2_hw1/src/joy_pack/src/joy_function.cpp:50:24:[m[K [01;31m[Kerror: [m[Kexpected identifier before numeric constant
   50 |     message.angular = [[01;31m[K0[m[K,0,0];
      |                        [01;31m[K^[m[K
[01m[K/home/GTL/apaul/ros2_hw1/src/joy_pack/src/joy_function.cpp:50:25:[m[K [01;31m[Kerror: [m[Kexpected ‘[01m[K][m[K’ before ‘[01m[K,[m[K’ token
   50 |     message.angular = [0[01;31m[K,[m[K0,0];
      |                         [01;31m[K^[m[K
[01m[K/home/GTL/apaul/ros2_hw1/src/joy_pack/src/joy_function.cpp:[m[K In lambda function:
[01m[K/home/GTL/apaul/ros2_hw1/src/joy_pack/src/joy_function.cpp:50:25:[m[K [01;31m[Kerror: [m[Kexpected ‘[01m[K{[m[K’ before ‘[01m[K,[m[K’ token
[01m[K/home/GTL/apaul/ros2_hw1/src/joy_pack/src/joy_function.cpp:[m[K In member function ‘[01m[Kvoid JoySubscriber::timer_callback()[m[K’:
[01m[K/home/GTL/apaul/ros2_hw1/src/joy_pack/src/joy_function.cpp:52:5:[m[K [01;31m[Kerror: [m[K‘[01m[Kpublisher_[m[K’ was not declared in this scope; did you mean ‘[01m[Krmw_publisher_t[m[K’?
   52 |     [01;31m[Kpublisher_[m[K->publish(message);
      |     [01;31m[K^~~~~~~~~~[m[K
      |     [32m[Krmw_publisher_t[m[K
[01m[K/home/GTL/apaul/ros2_hw1/src/joy_pack/src/joy_function.cpp:[m[K In function ‘[01m[Kint main(int, char**)[m[K’:
[01m[K/home/GTL/apaul/ros2_hw1/src/joy_pack/src/joy_function.cpp:62:33:[m[K [01;31m[Kerror: [m[K‘[01m[KJoyNode[m[K’ was not declared in this scope
   62 |   rclcpp::spin(std::make_shared<[01;31m[KJoyNode[m[K>());
      |                                 [01;31m[K^~~~~~~[m[K
[01m[K/home/GTL/apaul/ros2_hw1/src/joy_pack/src/joy_function.cpp:62:41:[m[K [01;31m[Kerror: [m[Kno matching function for call to ‘[01m[Kmake_shared<<expression error> >()[m[K’
   62 |   rclcpp::spin([01;31m[Kstd::make_shared<JoyNode>()[m[K);
      |                [01;31m[K~~~~~~~~~~~~~~~~~~~~~~~~~^~[m[K
In file included from [01m[K/usr/include/c++/11/memory:77[m[K,
                 from [01m[K/home/GTL/apaul/ros2_hw1/src/joy_pack/src/joy_function.cpp:3[m[K:
[01m[K/usr/include/c++/11/bits/shared_ptr.h:875:5:[m[K [01;36m[Knote: [m[Kcandidate: ‘[01m[Ktemplate<class _Tp, class ... _Args> std::shared_ptr<_Tp> std::make_shared(_Args&& ...)[m[K’
  875 |     [01;36m[Kmake_shared[m[K(_Args&&... __args)
      |     [01;36m[K^~~~~~~~~~~[m[K
[01m[K/usr/include/c++/11/bits/shared_ptr.h:875:5:[m[K [01;36m[Knote: [m[K  template argument deduction/substitution failed:
[01m[K/home/GTL/apaul/ros2_hw1/src/joy_pack/src/joy_function.cpp:62:41:[m[K [01;31m[Kerror: [m[Ktemplate argument 1 is invalid
   62 |   rclcpp::spin([01;31m[Kstd::make_shared<JoyNode>()[m[K);
      |                [01;31m[K~~~~~~~~~~~~~~~~~~~~~~~~~^~[m[K
gmake[2]: *** [CMakeFiles/listener.dir/build.make:76: CMakeFiles/listener.dir/src/joy_function.cpp.o] Error 1
gmake[1]: *** [CMakeFiles/Makefile2:137: CMakeFiles/listener.dir/all] Error 2
gmake: *** [Makefile:146: all] Error 2
