[0.075s] Invoking command in '/home/GTL/apaul/ros2_hw1/build/cs7630_msgs': CMAKE_PREFIX_PATH=/opt/ros/humble /usr/bin/cmake /home/GTL/apaul/ros2_hw1/src/cs7630_msgs -DCMAKE_INSTALL_PREFIX=/home/GTL/apaul/ros2_hw1/install/cs7630_msgs
[0.557s] -- The C compiler identification is GNU 11.4.0
[0.557s] -- The CXX compiler identification is GNU 11.4.0
[0.557s] -- Detecting C compiler ABI info
[0.557s] -- Detecting C compiler ABI info - done
[0.557s] -- Check for working C compiler: /usr/bin/cc - skipped
[0.557s] -- Detecting C compile features
[0.557s] -- Detecting C compile features - done
[0.558s] -- Detecting CXX compiler ABI info
[0.558s] -- Detecting CXX compiler ABI info - done
[0.558s] -- Check for working CXX compiler: /usr/bin/c++ - skipped
[0.558s] -- Detecting CXX compile features
[0.558s] -- Detecting CXX compile features - done
[0.558s] -- Found ament_cmake: 1.3.10 (/opt/ros/humble/share/ament_cmake/cmake)
[0.575s] -- Found Python3: /usr/bin/python3 (found version "3.10.12") found components: Interpreter 
[0.659s] -- Found std_msgs: 4.2.4 (/opt/ros/humble/share/std_msgs/cmake)
[0.679s] -- Found rosidl_generator_c: 3.1.5 (/opt/ros/humble/share/rosidl_generator_c/cmake)
[0.682s] -- Found rosidl_adapter: 3.1.5 (/opt/ros/humble/share/rosidl_adapter/cmake)
[0.687s] -- Found rosidl_generator_cpp: 3.1.5 (/opt/ros/humble/share/rosidl_generator_cpp/cmake)
[0.696s] -- Using all available rosidl_typesupport_c: rosidl_typesupport_fastrtps_c;rosidl_typesupport_introspection_c
[0.705s] -- Using all available rosidl_typesupport_cpp: rosidl_typesupport_fastrtps_cpp;rosidl_typesupport_introspection_cpp
[0.721s] -- Found geometry_msgs: 4.2.4 (/opt/ros/humble/share/geometry_msgs/cmake)
[0.729s] -- Found sensor_msgs: 4.2.4 (/opt/ros/humble/share/sensor_msgs/cmake)
[0.740s] -- Found rosidl_default_generators: 1.2.0 (/opt/ros/humble/share/rosidl_default_generators/cmake)
[1.111s] -- Found ament_cmake_ros: 0.10.0 (/opt/ros/humble/share/ament_cmake_ros/cmake)
[2.172s] -- Using all available rosidl_typesupport_c: rosidl_typesupport_fastrtps_c;rosidl_typesupport_introspection_c
[2.971s] -- Using all available rosidl_typesupport_cpp: rosidl_typesupport_fastrtps_cpp;rosidl_typesupport_introspection_cpp
[2.986s] -- Found PythonInterp: /usr/bin/python3 (found suitable version "3.10.12", minimum required is "3.6") 
[2.988s] -- Found python_cmake_module: 0.10.0 (/opt/ros/humble/share/python_cmake_module/cmake)
[3.008s] -- Found PythonLibs: /usr/lib/x86_64-linux-gnu/libpython3.10.so (found suitable version "3.10.12", minimum required is "3.5") 
[3.008s] -- Using PYTHON_EXECUTABLE: /usr/bin/python3
[3.008s] -- Using PYTHON_INCLUDE_DIRS: /usr/include/python3.10
[3.008s] -- Using PYTHON_LIBRARIES: /usr/lib/x86_64-linux-gnu/libpython3.10.so
[3.024s] -- Found PythonExtra: .so  
[3.195s] -- Found ament_lint_auto: 0.12.11 (/opt/ros/humble/share/ament_lint_auto/cmake)
[3.292s] -- Added test 'lint_cmake' to check CMake code style
[3.299s] -- Added test 'xmllint' to check XML markup files
[3.343s] -- Configuring done
[3.796s] -- Generating done
[3.837s] -- Build files have been written to: /home/GTL/apaul/ros2_hw1/build/cs7630_msgs
[3.843s] Invoked command in '/home/GTL/apaul/ros2_hw1/build/cs7630_msgs' returned '0': CMAKE_PREFIX_PATH=/opt/ros/humble /usr/bin/cmake /home/GTL/apaul/ros2_hw1/src/cs7630_msgs -DCMAKE_INSTALL_PREFIX=/home/GTL/apaul/ros2_hw1/install/cs7630_msgs
[3.849s] Invoking command in '/home/GTL/apaul/ros2_hw1/build/cs7630_msgs': CMAKE_PREFIX_PATH=/opt/ros/humble /usr/bin/cmake --build /home/GTL/apaul/ros2_hw1/build/cs7630_msgs -- -j16 -l16
[3.906s] [  2%] [34m[1mGenerating C code for ROS interfaces[0m
[3.912s] [  4%] [34m[1mGenerating C++ code for ROS interfaces[0m
[3.920s] [  4%] Built target ament_cmake_python_copy_cs7630_msgs
[4.095s] running egg_info
[4.095s] creating cs7630_msgs.egg-info
[4.096s] writing cs7630_msgs.egg-info/PKG-INFO
[4.099s] writing dependency_links to cs7630_msgs.egg-info/dependency_links.txt
[4.101s] writing top-level names to cs7630_msgs.egg-info/top_level.txt
[4.103s] writing manifest file 'cs7630_msgs.egg-info/SOURCES.txt'
[4.107s] reading manifest file 'cs7630_msgs.egg-info/SOURCES.txt'
[4.109s] writing manifest file 'cs7630_msgs.egg-info/SOURCES.txt'
[4.127s] [  4%] Built target ament_cmake_python_build_cs7630_msgs_egg
[4.143s] [  4%] Built target cs7630_msgs__cpp
[4.153s] [  8%] [34m[1mGenerating C++ introspection for ROS interfaces[0m
[4.154s] [ 10%] [34m[1mGenerating C++ type support dispatch for ROS interfaces[0m
[4.154s] [ 10%] [34m[1mGenerating C++ type support for eProsima Fast-RTPS[0m
[4.161s] [ 17%] [32mBuilding C object CMakeFiles/cs7630_msgs__rosidl_generator_c.dir/rosidl_generator_c/cs7630_msgs/msg/detail/roi_array__functions.c.o[0m
[4.161s] [ 17%] [32mBuilding C object CMakeFiles/cs7630_msgs__rosidl_generator_c.dir/rosidl_generator_c/cs7630_msgs/msg/detail/trajectory__functions.c.o[0m
[4.161s] [ 17%] [32mBuilding C object CMakeFiles/cs7630_msgs__rosidl_generator_c.dir/rosidl_generator_c/cs7630_msgs/msg/detail/trajectory_element__functions.c.o[0m
[4.212s] [ 19%] [32m[1mLinking C shared library libcs7630_msgs__rosidl_generator_c.so[0m
[4.252s] [ 19%] Built target cs7630_msgs__rosidl_generator_c
[4.264s] [ 25%] [34m[1mGenerating C type support dispatch for ROS interfaces[0m
[4.265s] [ 25%] [34m[1mGenerating C introspection for ROS interfaces[0m
[4.265s] [ 25%] [34m[1mGenerating C type support for eProsima Fast-RTPS[0m
[4.343s] [ 31%] [32mBuilding CXX object CMakeFiles/cs7630_msgs__rosidl_typesupport_cpp.dir/rosidl_typesupport_cpp/cs7630_msgs/msg/roi_array__type_support.cpp.o[0m
[4.343s] [ 31%] [32mBuilding CXX object CMakeFiles/cs7630_msgs__rosidl_typesupport_cpp.dir/rosidl_typesupport_cpp/cs7630_msgs/msg/trajectory_element__type_support.cpp.o[0m
[4.343s] [ 31%] [32mBuilding CXX object CMakeFiles/cs7630_msgs__rosidl_typesupport_cpp.dir/rosidl_typesupport_cpp/cs7630_msgs/msg/trajectory__type_support.cpp.o[0m
[4.372s] [ 36%] [32mBuilding CXX object CMakeFiles/cs7630_msgs__rosidl_typesupport_introspection_cpp.dir/rosidl_typesupport_introspection_cpp/cs7630_msgs/msg/detail/roi_array__type_support.cpp.o[0m
[4.373s] [ 38%] [32mBuilding CXX object CMakeFiles/cs7630_msgs__rosidl_typesupport_introspection_cpp.dir/rosidl_typesupport_introspection_cpp/cs7630_msgs/msg/detail/trajectory__type_support.cpp.o[0m
[4.374s] [ 38%] [32mBuilding CXX object CMakeFiles/cs7630_msgs__rosidl_typesupport_introspection_cpp.dir/rosidl_typesupport_introspection_cpp/cs7630_msgs/msg/detail/trajectory_element__type_support.cpp.o[0m
[4.385s] [ 44%] [32mBuilding CXX object CMakeFiles/cs7630_msgs__rosidl_typesupport_fastrtps_cpp.dir/rosidl_typesupport_fastrtps_cpp/cs7630_msgs/msg/detail/dds_fastrtps/trajectory__type_support.cpp.o[0m
[4.386s] [ 44%] [32mBuilding CXX object CMakeFiles/cs7630_msgs__rosidl_typesupport_fastrtps_cpp.dir/rosidl_typesupport_fastrtps_cpp/cs7630_msgs/msg/detail/dds_fastrtps/trajectory_element__type_support.cpp.o[0m
[4.386s] [ 44%] [32mBuilding CXX object CMakeFiles/cs7630_msgs__rosidl_typesupport_fastrtps_cpp.dir/rosidl_typesupport_fastrtps_cpp/cs7630_msgs/msg/detail/dds_fastrtps/roi_array__type_support.cpp.o[0m
[4.486s] [ 51%] [32mBuilding CXX object CMakeFiles/cs7630_msgs__rosidl_typesupport_c.dir/rosidl_typesupport_c/cs7630_msgs/msg/roi_array__type_support.cpp.o[0m
[4.486s] [ 51%] [32mBuilding CXX object CMakeFiles/cs7630_msgs__rosidl_typesupport_c.dir/rosidl_typesupport_c/cs7630_msgs/msg/trajectory__type_support.cpp.o[0m
[4.487s] [ 51%] [32mBuilding CXX object CMakeFiles/cs7630_msgs__rosidl_typesupport_c.dir/rosidl_typesupport_c/cs7630_msgs/msg/trajectory_element__type_support.cpp.o[0m
[4.528s] [ 53%] [32m[1mLinking CXX shared library libcs7630_msgs__rosidl_typesupport_c.so[0m
[4.547s] [ 59%] [32mBuilding C object CMakeFiles/cs7630_msgs__rosidl_typesupport_introspection_c.dir/rosidl_typesupport_introspection_c/cs7630_msgs/msg/detail/roi_array__type_support.c.o[0m
[4.547s] [ 59%] [32mBuilding C object CMakeFiles/cs7630_msgs__rosidl_typesupport_introspection_c.dir/rosidl_typesupport_introspection_c/cs7630_msgs/msg/detail/trajectory_element__type_support.c.o[0m
[4.547s] [ 59%] [32mBuilding C object CMakeFiles/cs7630_msgs__rosidl_typesupport_introspection_c.dir/rosidl_typesupport_introspection_c/cs7630_msgs/msg/detail/trajectory__type_support.c.o[0m
[4.590s] [ 59%] Built target cs7630_msgs__rosidl_typesupport_c
[4.602s] [ 61%] [32m[1mLinking C shared library libcs7630_msgs__rosidl_typesupport_introspection_c.so[0m
[4.608s] [ 65%] [32mBuilding CXX object CMakeFiles/cs7630_msgs__rosidl_typesupport_fastrtps_c.dir/rosidl_typesupport_fastrtps_c/cs7630_msgs/msg/detail/roi_array__type_support_c.cpp.o[0m
[4.608s] [ 65%] [32mBuilding CXX object CMakeFiles/cs7630_msgs__rosidl_typesupport_fastrtps_c.dir/rosidl_typesupport_fastrtps_c/cs7630_msgs/msg/detail/trajectory__type_support_c.cpp.o[0m
[4.610s] [ 68%] [32mBuilding CXX object CMakeFiles/cs7630_msgs__rosidl_typesupport_fastrtps_c.dir/rosidl_typesupport_fastrtps_c/cs7630_msgs/msg/detail/trajectory_element__type_support_c.cpp.o[0m
[4.643s] [ 70%] Built target cs7630_msgs__rosidl_typesupport_introspection_c
[4.643s] [ 70%] [32m[1mLinking CXX shared library libcs7630_msgs__rosidl_typesupport_cpp.so[0m
[4.682s] [ 70%] Built target cs7630_msgs__rosidl_typesupport_cpp
[4.770s] [ 72%] [32m[1mLinking CXX shared library libcs7630_msgs__rosidl_typesupport_introspection_cpp.so[0m
[4.776s] [ 74%] [32m[1mLinking CXX shared library libcs7630_msgs__rosidl_typesupport_fastrtps_cpp.so[0m
[4.844s] [ 74%] Built target cs7630_msgs__rosidl_typesupport_introspection_cpp
[4.851s] [ 74%] Built target cs7630_msgs__rosidl_typesupport_fastrtps_cpp
[4.886s] [ 76%] [32m[1mLinking CXX shared library libcs7630_msgs__rosidl_typesupport_fastrtps_c.so[0m
[4.970s] [ 76%] Built target cs7630_msgs__rosidl_typesupport_fastrtps_c
[5.008s] [ 76%] Built target cs7630_msgs
[5.055s] [ 78%] [34m[1mGenerating Python code for ROS interfaces[0m
[5.384s] [ 78%] Built target cs7630_msgs__py
[5.420s] [ 85%] [32mBuilding C object CMakeFiles/cs7630_msgs__rosidl_generator_py.dir/rosidl_generator_py/cs7630_msgs/msg/_roi_array_s.c.o[0m
[5.420s] [ 85%] [32mBuilding C object CMakeFiles/cs7630_msgs__rosidl_generator_py.dir/rosidl_generator_py/cs7630_msgs/msg/_trajectory_s.c.o[0m
[5.421s] [ 85%] [32mBuilding C object CMakeFiles/cs7630_msgs__rosidl_generator_py.dir/rosidl_generator_py/cs7630_msgs/msg/_trajectory_element_s.c.o[0m
[5.841s] [ 87%] [32m[1mLinking C shared library rosidl_generator_py/cs7630_msgs/libcs7630_msgs__rosidl_generator_py.so[0m
[5.929s] [ 87%] Built target cs7630_msgs__rosidl_generator_py
[5.956s] [ 93%] [32mBuilding C object CMakeFiles/cs7630_msgs__rosidl_typesupport_c__pyext.dir/rosidl_generator_py/cs7630_msgs/_cs7630_msgs_s.ep.rosidl_typesupport_c.c.o[0m
[5.956s] [ 93%] [32mBuilding C object CMakeFiles/cs7630_msgs__rosidl_typesupport_fastrtps_c__pyext.dir/rosidl_generator_py/cs7630_msgs/_cs7630_msgs_s.ep.rosidl_typesupport_fastrtps_c.c.o[0m
[5.956s] [ 93%] [32mBuilding C object CMakeFiles/cs7630_msgs__rosidl_typesupport_introspection_c__pyext.dir/rosidl_generator_py/cs7630_msgs/_cs7630_msgs_s.ep.rosidl_typesupport_introspection_c.c.o[0m
[6.027s] [ 97%] [32m[1mLinking C shared library rosidl_generator_py/cs7630_msgs/cs7630_msgs_s__rosidl_typesupport_fastrtps_c.cpython-310-x86_64-linux-gnu.so[0m
[6.028s] [ 97%] [32m[1mLinking C shared library rosidl_generator_py/cs7630_msgs/cs7630_msgs_s__rosidl_typesupport_c.cpython-310-x86_64-linux-gnu.so[0m
[6.035s] [100%] [32m[1mLinking C shared library rosidl_generator_py/cs7630_msgs/cs7630_msgs_s__rosidl_typesupport_introspection_c.cpython-310-x86_64-linux-gnu.so[0m
[6.063s] [100%] Built target cs7630_msgs__rosidl_typesupport_c__pyext
[6.063s] [100%] Built target cs7630_msgs__rosidl_typesupport_fastrtps_c__pyext
[6.072s] [100%] Built target cs7630_msgs__rosidl_typesupport_introspection_c__pyext
[6.100s] Invoked command in '/home/GTL/apaul/ros2_hw1/build/cs7630_msgs' returned '0': CMAKE_PREFIX_PATH=/opt/ros/humble /usr/bin/cmake --build /home/GTL/apaul/ros2_hw1/build/cs7630_msgs -- -j16 -l16
[6.152s] Invoking command in '/home/GTL/apaul/ros2_hw1/build/cs7630_msgs': CMAKE_PREFIX_PATH=/opt/ros/humble /usr/bin/cmake --install /home/GTL/apaul/ros2_hw1/build/cs7630_msgs
[6.159s] -- Install configuration: ""
[6.170s] -- Installing: /home/GTL/apaul/ros2_hw1/install/cs7630_msgs/share/ament_index/resource_index/rosidl_interfaces/cs7630_msgs
[6.176s] -- Installing: /home/GTL/apaul/ros2_hw1/install/cs7630_msgs/include/cs7630_msgs/cs7630_msgs
[6.183s] -- Installing: /home/GTL/apaul/ros2_hw1/install/cs7630_msgs/include/cs7630_msgs/cs7630_msgs/msg
[6.188s] -- Installing: /home/GTL/apaul/ros2_hw1/install/cs7630_msgs/include/cs7630_msgs/cs7630_msgs/msg/trajectory.h
[6.193s] -- Installing: /home/GTL/apaul/ros2_hw1/install/cs7630_msgs/include/cs7630_msgs/cs7630_msgs/msg/roi_array.h
[6.196s] -- Installing: /home/GTL/apaul/ros2_hw1/install/cs7630_msgs/include/cs7630_msgs/cs7630_msgs/msg/detail
[6.200s] -- Installing: /home/GTL/apaul/ros2_hw1/install/cs7630_msgs/include/cs7630_msgs/cs7630_msgs/msg/detail/trajectory_element__functions.h
[6.205s] -- Installing: /home/GTL/apaul/ros2_hw1/install/cs7630_msgs/include/cs7630_msgs/cs7630_msgs/msg/detail/trajectory_element__functions.c
[6.208s] -- Installing: /home/GTL/apaul/ros2_hw1/install/cs7630_msgs/include/cs7630_msgs/cs7630_msgs/msg/detail/trajectory__struct.h
[6.212s] -- Installing: /home/GTL/apaul/ros2_hw1/install/cs7630_msgs/include/cs7630_msgs/cs7630_msgs/msg/detail/roi_array__type_support.h
[6.216s] -- Installing: /home/GTL/apaul/ros2_hw1/install/cs7630_msgs/include/cs7630_msgs/cs7630_msgs/msg/detail/trajectory__functions.c
[6.220s] -- Installing: /home/GTL/apaul/ros2_hw1/install/cs7630_msgs/include/cs7630_msgs/cs7630_msgs/msg/detail/trajectory_element__type_support.h
[6.224s] -- Installing: /home/GTL/apaul/ros2_hw1/install/cs7630_msgs/include/cs7630_msgs/cs7630_msgs/msg/detail/trajectory__functions.h
[6.229s] -- Installing: /home/GTL/apaul/ros2_hw1/install/cs7630_msgs/include/cs7630_msgs/cs7630_msgs/msg/detail/roi_array__functions.c
[6.232s] -- Installing: /home/GTL/apaul/ros2_hw1/install/cs7630_msgs/include/cs7630_msgs/cs7630_msgs/msg/detail/trajectory__type_support.h
[6.237s] -- Installing: /home/GTL/apaul/ros2_hw1/install/cs7630_msgs/include/cs7630_msgs/cs7630_msgs/msg/detail/roi_array__functions.h
[6.241s] -- Installing: /home/GTL/apaul/ros2_hw1/install/cs7630_msgs/include/cs7630_msgs/cs7630_msgs/msg/detail/roi_array__struct.h
[6.245s] -- Installing: /home/GTL/apaul/ros2_hw1/install/cs7630_msgs/include/cs7630_msgs/cs7630_msgs/msg/detail/trajectory_element__struct.h
[6.249s] -- Installing: /home/GTL/apaul/ros2_hw1/install/cs7630_msgs/include/cs7630_msgs/cs7630_msgs/msg/rosidl_generator_c__visibility_control.h
[6.253s] -- Installing: /home/GTL/apaul/ros2_hw1/install/cs7630_msgs/include/cs7630_msgs/cs7630_msgs/msg/trajectory_element.h
[6.260s] -- Installing: /home/GTL/apaul/ros2_hw1/install/cs7630_msgs/share/cs7630_msgs/environment/library_path.sh
[6.263s] -- Installing: /home/GTL/apaul/ros2_hw1/install/cs7630_msgs/share/cs7630_msgs/environment/library_path.dsv
[6.269s] -- Installing: /home/GTL/apaul/ros2_hw1/install/cs7630_msgs/lib/libcs7630_msgs__rosidl_generator_c.so
[6.276s] -- Set runtime path of "/home/GTL/apaul/ros2_hw1/install/cs7630_msgs/lib/libcs7630_msgs__rosidl_generator_c.so" to ""
[6.276s] -- Up-to-date: /home/GTL/apaul/ros2_hw1/install/cs7630_msgs/include/cs7630_msgs/cs7630_msgs
[6.277s] -- Up-to-date: /home/GTL/apaul/ros2_hw1/install/cs7630_msgs/include/cs7630_msgs/cs7630_msgs/msg
[6.279s] -- Up-to-date: /home/GTL/apaul/ros2_hw1/install/cs7630_msgs/include/cs7630_msgs/cs7630_msgs/msg/detail
[6.280s] -- Installing: /home/GTL/apaul/ros2_hw1/install/cs7630_msgs/include/cs7630_msgs/cs7630_msgs/msg/detail/trajectory_element__rosidl_typesupport_fastrtps_c.h
[6.285s] -- Installing: /home/GTL/apaul/ros2_hw1/install/cs7630_msgs/include/cs7630_msgs/cs7630_msgs/msg/detail/trajectory__rosidl_typesupport_fastrtps_c.h
[6.289s] -- Installing: /home/GTL/apaul/ros2_hw1/install/cs7630_msgs/include/cs7630_msgs/cs7630_msgs/msg/detail/roi_array__rosidl_typesupport_fastrtps_c.h
[6.293s] -- Installing: /home/GTL/apaul/ros2_hw1/install/cs7630_msgs/include/cs7630_msgs/cs7630_msgs/msg/rosidl_typesupport_fastrtps_c__visibility_control.h
[6.297s] -- Installing: /home/GTL/apaul/ros2_hw1/install/cs7630_msgs/lib/libcs7630_msgs__rosidl_typesupport_fastrtps_c.so
[6.304s] -- Set runtime path of "/home/GTL/apaul/ros2_hw1/install/cs7630_msgs/lib/libcs7630_msgs__rosidl_typesupport_fastrtps_c.so" to ""
[6.304s] -- Up-to-date: /home/GTL/apaul/ros2_hw1/install/cs7630_msgs/include/cs7630_msgs/cs7630_msgs
[6.306s] -- Up-to-date: /home/GTL/apaul/ros2_hw1/install/cs7630_msgs/include/cs7630_msgs/cs7630_msgs/msg
[6.307s] -- Up-to-date: /home/GTL/apaul/ros2_hw1/install/cs7630_msgs/include/cs7630_msgs/cs7630_msgs/msg/detail
[6.309s] -- Installing: /home/GTL/apaul/ros2_hw1/install/cs7630_msgs/include/cs7630_msgs/cs7630_msgs/msg/detail/trajectory_element__struct.hpp
[6.314s] -- Installing: /home/GTL/apaul/ros2_hw1/install/cs7630_msgs/include/cs7630_msgs/cs7630_msgs/msg/detail/trajectory_element__traits.hpp
[6.319s] -- Installing: /home/GTL/apaul/ros2_hw1/install/cs7630_msgs/include/cs7630_msgs/cs7630_msgs/msg/detail/trajectory__builder.hpp
[6.323s] -- Installing: /home/GTL/apaul/ros2_hw1/install/cs7630_msgs/include/cs7630_msgs/cs7630_msgs/msg/detail/roi_array__struct.hpp
[6.328s] -- Installing: /home/GTL/apaul/ros2_hw1/install/cs7630_msgs/include/cs7630_msgs/cs7630_msgs/msg/detail/trajectory_element__builder.hpp
[6.332s] -- Installing: /home/GTL/apaul/ros2_hw1/install/cs7630_msgs/include/cs7630_msgs/cs7630_msgs/msg/detail/roi_array__builder.hpp
[6.336s] -- Installing: /home/GTL/apaul/ros2_hw1/install/cs7630_msgs/include/cs7630_msgs/cs7630_msgs/msg/detail/trajectory__struct.hpp
[6.340s] -- Installing: /home/GTL/apaul/ros2_hw1/install/cs7630_msgs/include/cs7630_msgs/cs7630_msgs/msg/detail/trajectory__traits.hpp
[6.344s] -- Installing: /home/GTL/apaul/ros2_hw1/install/cs7630_msgs/include/cs7630_msgs/cs7630_msgs/msg/detail/roi_array__traits.hpp
[6.348s] -- Installing: /home/GTL/apaul/ros2_hw1/install/cs7630_msgs/include/cs7630_msgs/cs7630_msgs/msg/roi_array.hpp
[6.352s] -- Installing: /home/GTL/apaul/ros2_hw1/install/cs7630_msgs/include/cs7630_msgs/cs7630_msgs/msg/trajectory.hpp
[6.356s] -- Installing: /home/GTL/apaul/ros2_hw1/install/cs7630_msgs/include/cs7630_msgs/cs7630_msgs/msg/trajectory_element.hpp
[6.360s] -- Up-to-date: /home/GTL/apaul/ros2_hw1/install/cs7630_msgs/include/cs7630_msgs/cs7630_msgs
[6.361s] -- Up-to-date: /home/GTL/apaul/ros2_hw1/install/cs7630_msgs/include/cs7630_msgs/cs7630_msgs/msg
[6.363s] -- Up-to-date: /home/GTL/apaul/ros2_hw1/install/cs7630_msgs/include/cs7630_msgs/cs7630_msgs/msg/detail
[6.364s] -- Installing: /home/GTL/apaul/ros2_hw1/install/cs7630_msgs/include/cs7630_msgs/cs7630_msgs/msg/detail/roi_array__rosidl_typesupport_fastrtps_cpp.hpp
[6.369s] -- Installing: /home/GTL/apaul/ros2_hw1/install/cs7630_msgs/include/cs7630_msgs/cs7630_msgs/msg/detail/dds_fastrtps
[6.372s] -- Installing: /home/GTL/apaul/ros2_hw1/install/cs7630_msgs/include/cs7630_msgs/cs7630_msgs/msg/detail/trajectory_element__rosidl_typesupport_fastrtps_cpp.hpp
[6.376s] -- Installing: /home/GTL/apaul/ros2_hw1/install/cs7630_msgs/include/cs7630_msgs/cs7630_msgs/msg/detail/trajectory__rosidl_typesupport_fastrtps_cpp.hpp
[6.379s] -- Installing: /home/GTL/apaul/ros2_hw1/install/cs7630_msgs/include/cs7630_msgs/cs7630_msgs/msg/rosidl_typesupport_fastrtps_cpp__visibility_control.h
[6.384s] -- Installing: /home/GTL/apaul/ros2_hw1/install/cs7630_msgs/lib/libcs7630_msgs__rosidl_typesupport_fastrtps_cpp.so
[6.391s] -- Set runtime path of "/home/GTL/apaul/ros2_hw1/install/cs7630_msgs/lib/libcs7630_msgs__rosidl_typesupport_fastrtps_cpp.so" to ""
[6.391s] -- Up-to-date: /home/GTL/apaul/ros2_hw1/install/cs7630_msgs/include/cs7630_msgs/cs7630_msgs
[6.393s] -- Up-to-date: /home/GTL/apaul/ros2_hw1/install/cs7630_msgs/include/cs7630_msgs/cs7630_msgs/msg
[6.394s] -- Up-to-date: /home/GTL/apaul/ros2_hw1/install/cs7630_msgs/include/cs7630_msgs/cs7630_msgs/msg/detail
[6.395s] -- Installing: /home/GTL/apaul/ros2_hw1/install/cs7630_msgs/include/cs7630_msgs/cs7630_msgs/msg/detail/roi_array__rosidl_typesupport_introspection_c.h
[6.400s] -- Installing: /home/GTL/apaul/ros2_hw1/install/cs7630_msgs/include/cs7630_msgs/cs7630_msgs/msg/detail/trajectory_element__rosidl_typesupport_introspection_c.h
[6.404s] -- Installing: /home/GTL/apaul/ros2_hw1/install/cs7630_msgs/include/cs7630_msgs/cs7630_msgs/msg/detail/roi_array__type_support.c
[6.409s] -- Installing: /home/GTL/apaul/ros2_hw1/install/cs7630_msgs/include/cs7630_msgs/cs7630_msgs/msg/detail/trajectory__rosidl_typesupport_introspection_c.h
[6.413s] -- Installing: /home/GTL/apaul/ros2_hw1/install/cs7630_msgs/include/cs7630_msgs/cs7630_msgs/msg/detail/trajectory_element__type_support.c
[6.417s] -- Installing: /home/GTL/apaul/ros2_hw1/install/cs7630_msgs/include/cs7630_msgs/cs7630_msgs/msg/detail/trajectory__type_support.c
[6.421s] -- Installing: /home/GTL/apaul/ros2_hw1/install/cs7630_msgs/include/cs7630_msgs/cs7630_msgs/msg/rosidl_typesupport_introspection_c__visibility_control.h
[6.425s] -- Installing: /home/GTL/apaul/ros2_hw1/install/cs7630_msgs/lib/libcs7630_msgs__rosidl_typesupport_introspection_c.so
[6.431s] -- Set runtime path of "/home/GTL/apaul/ros2_hw1/install/cs7630_msgs/lib/libcs7630_msgs__rosidl_typesupport_introspection_c.so" to ""
[6.432s] -- Installing: /home/GTL/apaul/ros2_hw1/install/cs7630_msgs/lib/libcs7630_msgs__rosidl_typesupport_c.so
[6.438s] -- Set runtime path of "/home/GTL/apaul/ros2_hw1/install/cs7630_msgs/lib/libcs7630_msgs__rosidl_typesupport_c.so" to ""
[6.438s] -- Up-to-date: /home/GTL/apaul/ros2_hw1/install/cs7630_msgs/include/cs7630_msgs/cs7630_msgs
[6.440s] -- Up-to-date: /home/GTL/apaul/ros2_hw1/install/cs7630_msgs/include/cs7630_msgs/cs7630_msgs/msg
[6.441s] -- Up-to-date: /home/GTL/apaul/ros2_hw1/install/cs7630_msgs/include/cs7630_msgs/cs7630_msgs/msg/detail
[6.442s] -- Installing: /home/GTL/apaul/ros2_hw1/install/cs7630_msgs/include/cs7630_msgs/cs7630_msgs/msg/detail/roi_array__type_support.cpp
[6.446s] -- Installing: /home/GTL/apaul/ros2_hw1/install/cs7630_msgs/include/cs7630_msgs/cs7630_msgs/msg/detail/trajectory_element__rosidl_typesupport_introspection_cpp.hpp
[6.450s] -- Installing: /home/GTL/apaul/ros2_hw1/install/cs7630_msgs/include/cs7630_msgs/cs7630_msgs/msg/detail/roi_array__rosidl_typesupport_introspection_cpp.hpp
[6.454s] -- Installing: /home/GTL/apaul/ros2_hw1/install/cs7630_msgs/include/cs7630_msgs/cs7630_msgs/msg/detail/trajectory__rosidl_typesupport_introspection_cpp.hpp
[6.457s] -- Installing: /home/GTL/apaul/ros2_hw1/install/cs7630_msgs/include/cs7630_msgs/cs7630_msgs/msg/detail/trajectory_element__type_support.cpp
[6.461s] -- Installing: /home/GTL/apaul/ros2_hw1/install/cs7630_msgs/include/cs7630_msgs/cs7630_msgs/msg/detail/trajectory__type_support.cpp
[6.465s] -- Installing: /home/GTL/apaul/ros2_hw1/install/cs7630_msgs/lib/libcs7630_msgs__rosidl_typesupport_introspection_cpp.so
[6.472s] -- Set runtime path of "/home/GTL/apaul/ros2_hw1/install/cs7630_msgs/lib/libcs7630_msgs__rosidl_typesupport_introspection_cpp.so" to ""
[6.473s] -- Installing: /home/GTL/apaul/ros2_hw1/install/cs7630_msgs/lib/libcs7630_msgs__rosidl_typesupport_cpp.so
[6.479s] -- Set runtime path of "/home/GTL/apaul/ros2_hw1/install/cs7630_msgs/lib/libcs7630_msgs__rosidl_typesupport_cpp.so" to ""
[6.480s] -- Installing: /home/GTL/apaul/ros2_hw1/install/cs7630_msgs/share/cs7630_msgs/environment/pythonpath.sh
[6.484s] -- Installing: /home/GTL/apaul/ros2_hw1/install/cs7630_msgs/share/cs7630_msgs/environment/pythonpath.dsv
[6.489s] -- Installing: /home/GTL/apaul/ros2_hw1/install/cs7630_msgs/local/lib/python3.10/dist-packages/cs7630_msgs-0.0.0-py3.10.egg-info
[6.495s] -- Installing: /home/GTL/apaul/ros2_hw1/install/cs7630_msgs/local/lib/python3.10/dist-packages/cs7630_msgs-0.0.0-py3.10.egg-info/dependency_links.txt
[6.499s] -- Installing: /home/GTL/apaul/ros2_hw1/install/cs7630_msgs/local/lib/python3.10/dist-packages/cs7630_msgs-0.0.0-py3.10.egg-info/top_level.txt
[6.503s] -- Installing: /home/GTL/apaul/ros2_hw1/install/cs7630_msgs/local/lib/python3.10/dist-packages/cs7630_msgs-0.0.0-py3.10.egg-info/PKG-INFO
[6.507s] -- Installing: /home/GTL/apaul/ros2_hw1/install/cs7630_msgs/local/lib/python3.10/dist-packages/cs7630_msgs-0.0.0-py3.10.egg-info/SOURCES.txt
[6.511s] -- Installing: /home/GTL/apaul/ros2_hw1/install/cs7630_msgs/local/lib/python3.10/dist-packages/cs7630_msgs
[6.514s] -- Installing: /home/GTL/apaul/ros2_hw1/install/cs7630_msgs/local/lib/python3.10/dist-packages/cs7630_msgs/msg
[6.518s] -- Installing: /home/GTL/apaul/ros2_hw1/install/cs7630_msgs/local/lib/python3.10/dist-packages/cs7630_msgs/msg/_trajectory.py
[6.521s] -- Installing: /home/GTL/apaul/ros2_hw1/install/cs7630_msgs/local/lib/python3.10/dist-packages/cs7630_msgs/msg/_roi_array_s.c
[6.525s] -- Installing: /home/GTL/apaul/ros2_hw1/install/cs7630_msgs/local/lib/python3.10/dist-packages/cs7630_msgs/msg/_roi_array.py
[6.529s] -- Installing: /home/GTL/apaul/ros2_hw1/install/cs7630_msgs/local/lib/python3.10/dist-packages/cs7630_msgs/msg/_trajectory_s.c
[6.533s] -- Installing: /home/GTL/apaul/ros2_hw1/install/cs7630_msgs/local/lib/python3.10/dist-packages/cs7630_msgs/msg/__init__.py
[6.538s] -- Installing: /home/GTL/apaul/ros2_hw1/install/cs7630_msgs/local/lib/python3.10/dist-packages/cs7630_msgs/msg/_trajectory_element_s.c
[6.542s] -- Installing: /home/GTL/apaul/ros2_hw1/install/cs7630_msgs/local/lib/python3.10/dist-packages/cs7630_msgs/msg/_trajectory_element.py
[6.546s] -- Installing: /home/GTL/apaul/ros2_hw1/install/cs7630_msgs/local/lib/python3.10/dist-packages/cs7630_msgs/cs7630_msgs_s__rosidl_typesupport_c.cpython-310-x86_64-linux-gnu.so
[6.550s] -- Installing: /home/GTL/apaul/ros2_hw1/install/cs7630_msgs/local/lib/python3.10/dist-packages/cs7630_msgs/libcs7630_msgs__rosidl_generator_py.so
[6.555s] -- Installing: /home/GTL/apaul/ros2_hw1/install/cs7630_msgs/local/lib/python3.10/dist-packages/cs7630_msgs/cs7630_msgs_s__rosidl_typesupport_fastrtps_c.cpython-310-x86_64-linux-gnu.so
[6.560s] -- Installing: /home/GTL/apaul/ros2_hw1/install/cs7630_msgs/local/lib/python3.10/dist-packages/cs7630_msgs/_cs7630_msgs_s.ep.rosidl_typesupport_c.c
[6.564s] -- Installing: /home/GTL/apaul/ros2_hw1/install/cs7630_msgs/local/lib/python3.10/dist-packages/cs7630_msgs/cs7630_msgs_s__rosidl_typesupport_introspection_c.cpython-310-x86_64-linux-gnu.so
[6.569s] -- Installing: /home/GTL/apaul/ros2_hw1/install/cs7630_msgs/local/lib/python3.10/dist-packages/cs7630_msgs/_cs7630_msgs_s.ep.rosidl_typesupport_fastrtps_c.c
[6.574s] -- Installing: /home/GTL/apaul/ros2_hw1/install/cs7630_msgs/local/lib/python3.10/dist-packages/cs7630_msgs/__init__.py
[6.577s] -- Installing: /home/GTL/apaul/ros2_hw1/install/cs7630_msgs/local/lib/python3.10/dist-packages/cs7630_msgs/_cs7630_msgs_s.ep.rosidl_typesupport_introspection_c.c
[6.636s] Listing '/home/GTL/apaul/ros2_hw1/install/cs7630_msgs/local/lib/python3.10/dist-packages/cs7630_msgs'...
[6.637s] Compiling '/home/GTL/apaul/ros2_hw1/install/cs7630_msgs/local/lib/python3.10/dist-packages/cs7630_msgs/__init__.py'...
[6.637s] Listing '/home/GTL/apaul/ros2_hw1/install/cs7630_msgs/local/lib/python3.10/dist-packages/cs7630_msgs/msg'...
[6.637s] Compiling '/home/GTL/apaul/ros2_hw1/install/cs7630_msgs/local/lib/python3.10/dist-packages/cs7630_msgs/msg/__init__.py'...
[6.637s] Compiling '/home/GTL/apaul/ros2_hw1/install/cs7630_msgs/local/lib/python3.10/dist-packages/cs7630_msgs/msg/_roi_array.py'...
[6.637s] Compiling '/home/GTL/apaul/ros2_hw1/install/cs7630_msgs/local/lib/python3.10/dist-packages/cs7630_msgs/msg/_trajectory.py'...
[6.637s] Compiling '/home/GTL/apaul/ros2_hw1/install/cs7630_msgs/local/lib/python3.10/dist-packages/cs7630_msgs/msg/_trajectory_element.py'...
[6.646s] -- Installing: /home/GTL/apaul/ros2_hw1/install/cs7630_msgs/local/lib/python3.10/dist-packages/cs7630_msgs/cs7630_msgs_s__rosidl_typesupport_fastrtps_c.cpython-310-x86_64-linux-gnu.so
[6.657s] -- Set runtime path of "/home/GTL/apaul/ros2_hw1/install/cs7630_msgs/local/lib/python3.10/dist-packages/cs7630_msgs/cs7630_msgs_s__rosidl_typesupport_fastrtps_c.cpython-310-x86_64-linux-gnu.so" to ""
[6.660s] -- Installing: /home/GTL/apaul/ros2_hw1/install/cs7630_msgs/local/lib/python3.10/dist-packages/cs7630_msgs/cs7630_msgs_s__rosidl_typesupport_introspection_c.cpython-310-x86_64-linux-gnu.so
[6.670s] -- Set runtime path of "/home/GTL/apaul/ros2_hw1/install/cs7630_msgs/local/lib/python3.10/dist-packages/cs7630_msgs/cs7630_msgs_s__rosidl_typesupport_introspection_c.cpython-310-x86_64-linux-gnu.so" to ""
[6.672s] -- Installing: /home/GTL/apaul/ros2_hw1/install/cs7630_msgs/local/lib/python3.10/dist-packages/cs7630_msgs/cs7630_msgs_s__rosidl_typesupport_c.cpython-310-x86_64-linux-gnu.so
[6.679s] -- Set runtime path of "/home/GTL/apaul/ros2_hw1/install/cs7630_msgs/local/lib/python3.10/dist-packages/cs7630_msgs/cs7630_msgs_s__rosidl_typesupport_c.cpython-310-x86_64-linux-gnu.so" to ""
[6.680s] -- Installing: /home/GTL/apaul/ros2_hw1/install/cs7630_msgs/lib/libcs7630_msgs__rosidl_generator_py.so
[6.686s] -- Set runtime path of "/home/GTL/apaul/ros2_hw1/install/cs7630_msgs/lib/libcs7630_msgs__rosidl_generator_py.so" to ""
[6.689s] -- Installing: /home/GTL/apaul/ros2_hw1/install/cs7630_msgs/share/cs7630_msgs/msg/ROIArray.idl
[6.693s] -- Installing: /home/GTL/apaul/ros2_hw1/install/cs7630_msgs/share/cs7630_msgs/msg/Trajectory.idl
[6.696s] -- Installing: /home/GTL/apaul/ros2_hw1/install/cs7630_msgs/share/cs7630_msgs/msg/TrajectoryElement.idl
[6.700s] -- Installing: /home/GTL/apaul/ros2_hw1/install/cs7630_msgs/share/cs7630_msgs/msg/ROIArray.msg
[6.704s] -- Installing: /home/GTL/apaul/ros2_hw1/install/cs7630_msgs/share/cs7630_msgs/msg/Trajectory.msg
[6.708s] -- Installing: /home/GTL/apaul/ros2_hw1/install/cs7630_msgs/share/cs7630_msgs/msg/TrajectoryElement.msg
[6.714s] -- Installing: /home/GTL/apaul/ros2_hw1/install/cs7630_msgs/share/ament_index/resource_index/package_run_dependencies/cs7630_msgs
[6.720s] -- Installing: /home/GTL/apaul/ros2_hw1/install/cs7630_msgs/share/ament_index/resource_index/parent_prefix_path/cs7630_msgs
[6.724s] -- Installing: /home/GTL/apaul/ros2_hw1/install/cs7630_msgs/share/cs7630_msgs/environment/ament_prefix_path.sh
[6.728s] -- Installing: /home/GTL/apaul/ros2_hw1/install/cs7630_msgs/share/cs7630_msgs/environment/ament_prefix_path.dsv
[6.732s] -- Installing: /home/GTL/apaul/ros2_hw1/install/cs7630_msgs/share/cs7630_msgs/environment/path.sh
[6.735s] -- Installing: /home/GTL/apaul/ros2_hw1/install/cs7630_msgs/share/cs7630_msgs/environment/path.dsv
[6.739s] -- Installing: /home/GTL/apaul/ros2_hw1/install/cs7630_msgs/share/cs7630_msgs/local_setup.bash
[6.743s] -- Installing: /home/GTL/apaul/ros2_hw1/install/cs7630_msgs/share/cs7630_msgs/local_setup.sh
[6.747s] -- Installing: /home/GTL/apaul/ros2_hw1/install/cs7630_msgs/share/cs7630_msgs/local_setup.zsh
[6.751s] -- Installing: /home/GTL/apaul/ros2_hw1/install/cs7630_msgs/share/cs7630_msgs/local_setup.dsv
[6.755s] -- Installing: /home/GTL/apaul/ros2_hw1/install/cs7630_msgs/share/cs7630_msgs/package.dsv
[6.761s] -- Installing: /home/GTL/apaul/ros2_hw1/install/cs7630_msgs/share/ament_index/resource_index/packages/cs7630_msgs
[6.767s] -- Installing: /home/GTL/apaul/ros2_hw1/install/cs7630_msgs/share/cs7630_msgs/cmake/export_cs7630_msgs__rosidl_generator_cExport.cmake
[6.772s] -- Installing: /home/GTL/apaul/ros2_hw1/install/cs7630_msgs/share/cs7630_msgs/cmake/export_cs7630_msgs__rosidl_generator_cExport-noconfig.cmake
[6.776s] -- Installing: /home/GTL/apaul/ros2_hw1/install/cs7630_msgs/share/cs7630_msgs/cmake/export_cs7630_msgs__rosidl_typesupport_fastrtps_cExport.cmake
[6.781s] -- Installing: /home/GTL/apaul/ros2_hw1/install/cs7630_msgs/share/cs7630_msgs/cmake/export_cs7630_msgs__rosidl_typesupport_fastrtps_cExport-noconfig.cmake
[6.786s] -- Installing: /home/GTL/apaul/ros2_hw1/install/cs7630_msgs/share/cs7630_msgs/cmake/export_cs7630_msgs__rosidl_generator_cppExport.cmake
[6.790s] -- Installing: /home/GTL/apaul/ros2_hw1/install/cs7630_msgs/share/cs7630_msgs/cmake/export_cs7630_msgs__rosidl_typesupport_fastrtps_cppExport.cmake
[6.795s] -- Installing: /home/GTL/apaul/ros2_hw1/install/cs7630_msgs/share/cs7630_msgs/cmake/export_cs7630_msgs__rosidl_typesupport_fastrtps_cppExport-noconfig.cmake
[6.799s] -- Installing: /home/GTL/apaul/ros2_hw1/install/cs7630_msgs/share/cs7630_msgs/cmake/cs7630_msgs__rosidl_typesupport_introspection_cExport.cmake
[6.803s] -- Installing: /home/GTL/apaul/ros2_hw1/install/cs7630_msgs/share/cs7630_msgs/cmake/cs7630_msgs__rosidl_typesupport_introspection_cExport-noconfig.cmake
[6.807s] -- Installing: /home/GTL/apaul/ros2_hw1/install/cs7630_msgs/share/cs7630_msgs/cmake/cs7630_msgs__rosidl_typesupport_cExport.cmake
[6.811s] -- Installing: /home/GTL/apaul/ros2_hw1/install/cs7630_msgs/share/cs7630_msgs/cmake/cs7630_msgs__rosidl_typesupport_cExport-noconfig.cmake
[6.816s] -- Installing: /home/GTL/apaul/ros2_hw1/install/cs7630_msgs/share/cs7630_msgs/cmake/cs7630_msgs__rosidl_typesupport_introspection_cppExport.cmake
[6.820s] -- Installing: /home/GTL/apaul/ros2_hw1/install/cs7630_msgs/share/cs7630_msgs/cmake/cs7630_msgs__rosidl_typesupport_introspection_cppExport-noconfig.cmake
[6.824s] -- Installing: /home/GTL/apaul/ros2_hw1/install/cs7630_msgs/share/cs7630_msgs/cmake/cs7630_msgs__rosidl_typesupport_cppExport.cmake
[6.829s] -- Installing: /home/GTL/apaul/ros2_hw1/install/cs7630_msgs/share/cs7630_msgs/cmake/cs7630_msgs__rosidl_typesupport_cppExport-noconfig.cmake
[6.835s] -- Installing: /home/GTL/apaul/ros2_hw1/install/cs7630_msgs/share/cs7630_msgs/cmake/export_cs7630_msgs__rosidl_generator_pyExport.cmake
[6.839s] -- Installing: /home/GTL/apaul/ros2_hw1/install/cs7630_msgs/share/cs7630_msgs/cmake/export_cs7630_msgs__rosidl_generator_pyExport-noconfig.cmake
[6.843s] -- Installing: /home/GTL/apaul/ros2_hw1/install/cs7630_msgs/share/cs7630_msgs/cmake/rosidl_cmake-extras.cmake
[6.846s] -- Installing: /home/GTL/apaul/ros2_hw1/install/cs7630_msgs/share/cs7630_msgs/cmake/ament_cmake_export_dependencies-extras.cmake
[6.850s] -- Installing: /home/GTL/apaul/ros2_hw1/install/cs7630_msgs/share/cs7630_msgs/cmake/ament_cmake_export_include_directories-extras.cmake
[6.854s] -- Installing: /home/GTL/apaul/ros2_hw1/install/cs7630_msgs/share/cs7630_msgs/cmake/ament_cmake_export_libraries-extras.cmake
[6.858s] -- Installing: /home/GTL/apaul/ros2_hw1/install/cs7630_msgs/share/cs7630_msgs/cmake/ament_cmake_export_targets-extras.cmake
[6.863s] -- Installing: /home/GTL/apaul/ros2_hw1/install/cs7630_msgs/share/cs7630_msgs/cmake/rosidl_cmake_export_typesupport_targets-extras.cmake
[6.868s] -- Installing: /home/GTL/apaul/ros2_hw1/install/cs7630_msgs/share/cs7630_msgs/cmake/rosidl_cmake_export_typesupport_libraries-extras.cmake
[6.872s] -- Installing: /home/GTL/apaul/ros2_hw1/install/cs7630_msgs/share/cs7630_msgs/cmake/cs7630_msgsConfig.cmake
[6.877s] -- Installing: /home/GTL/apaul/ros2_hw1/install/cs7630_msgs/share/cs7630_msgs/cmake/cs7630_msgsConfig-version.cmake
[6.881s] -- Installing: /home/GTL/apaul/ros2_hw1/install/cs7630_msgs/share/cs7630_msgs/package.xml
[6.888s] Invoked command in '/home/GTL/apaul/ros2_hw1/build/cs7630_msgs' returned '0': CMAKE_PREFIX_PATH=/opt/ros/humble /usr/bin/cmake --install /home/GTL/apaul/ros2_hw1/build/cs7630_msgs
