[0.582s] Invoking command in '/home/GTL/apaul/ros2_hw1/src/ros_task_manager/src/task_manager_client_py': AMENT_PREFIX_PATH=/home/GTL/apaul/ros2_hw1/install/task_manager_msgs:${AMENT_PREFIX_PATH} CMAKE_PREFIX_PATH=/home/GTL/apaul/ros2_hw1/install/task_manager_msgs LD_LIBRARY_PATH=/home/GTL/apaul/ros2_hw1/install/task_manager_msgs/lib:${LD_LIBRARY_PATH} PYTHONPATH=/home/GTL/apaul/ros2_hw1/build/task_manager_client_py/prefix_override:/usr/lib/python3/dist-packages/colcon_core/task/python/colcon_distutils_commands:/home/GTL/apaul/ros2_hw1/install/task_manager_client_py/lib/python3.10/site-packages:/home/GTL/apaul/ros2_hw1/install/task_manager_msgs/local/lib/python3.10/dist-packages:${PYTHONPATH} /usr/bin/python3 -W ignore:setup.py install is deprecated setup.py egg_info --egg-base ../../../../build/task_manager_client_py build --build-base /home/GTL/apaul/ros2_hw1/build/task_manager_client_py/build install --record /home/GTL/apaul/ros2_hw1/build/task_manager_client_py/install.log --install-scripts $base/lib/task_manager_client_py --single-version-externally-managed install_data
[0.788s] /usr/lib/python3/dist-packages/setuptools/dist.py:723: UserWarning: Usage of dash-separated 'script-dir' will not be supported in future versions. Please use the underscore name 'script_dir' instead
[0.788s]   warnings.warn(
[0.796s] running egg_info
[0.797s] writing ../../../../build/task_manager_client_py/task_manager_client_py.egg-info/PKG-INFO
[0.798s] writing dependency_links to ../../../../build/task_manager_client_py/task_manager_client_py.egg-info/dependency_links.txt
[0.799s] writing entry points to ../../../../build/task_manager_client_py/task_manager_client_py.egg-info/entry_points.txt
[0.800s] writing requirements to ../../../../build/task_manager_client_py/task_manager_client_py.egg-info/requires.txt
[0.801s] writing top-level names to ../../../../build/task_manager_client_py/task_manager_client_py.egg-info/top_level.txt
[0.804s] reading manifest file '../../../../build/task_manager_client_py/task_manager_client_py.egg-info/SOURCES.txt'
[0.816s] writing manifest file '../../../../build/task_manager_client_py/task_manager_client_py.egg-info/SOURCES.txt'
[0.817s] running build
[0.817s] running build_py
[0.817s] running build_scripts
[0.817s] running install
[0.817s] running install_lib
[0.817s] running install_data
[0.817s] running install_egg_info
[0.817s] removing '/home/GTL/apaul/ros2_hw1/install/task_manager_client_py/lib/python3.10/site-packages/task_manager_client_py-0.0.0-py3.10.egg-info' (and everything under it)
[0.817s] Copying ../../../../build/task_manager_client_py/task_manager_client_py.egg-info to /home/GTL/apaul/ros2_hw1/install/task_manager_client_py/lib/python3.10/site-packages/task_manager_client_py-0.0.0-py3.10.egg-info
[0.832s] running install_scripts
[0.845s] changing mode of /home/GTL/apaul/ros2_hw1/install/task_manager_client_py/lib/task_manager_client_py/console to 755
[0.845s] changing mode of /home/GTL/apaul/ros2_hw1/install/task_manager_client_py/lib/task_manager_client_py/console.py to 775
[0.847s] Installing tasklist script to /home/GTL/apaul/ros2_hw1/install/task_manager_client_py/lib/task_manager_client_py
[0.849s] writing list of installed files to '/home/GTL/apaul/ros2_hw1/build/task_manager_client_py/install.log'
[0.896s] Invoked command in '/home/GTL/apaul/ros2_hw1/src/ros_task_manager/src/task_manager_client_py' returned '0': AMENT_PREFIX_PATH=/home/GTL/apaul/ros2_hw1/install/task_manager_msgs:${AMENT_PREFIX_PATH} CMAKE_PREFIX_PATH=/home/GTL/apaul/ros2_hw1/install/task_manager_msgs LD_LIBRARY_PATH=/home/GTL/apaul/ros2_hw1/install/task_manager_msgs/lib:${LD_LIBRARY_PATH} PYTHONPATH=/home/GTL/apaul/ros2_hw1/build/task_manager_client_py/prefix_override:/usr/lib/python3/dist-packages/colcon_core/task/python/colcon_distutils_commands:/home/GTL/apaul/ros2_hw1/install/task_manager_client_py/lib/python3.10/site-packages:/home/GTL/apaul/ros2_hw1/install/task_manager_msgs/local/lib/python3.10/dist-packages:${PYTHONPATH} /usr/bin/python3 -W ignore:setup.py install is deprecated setup.py egg_info --egg-base ../../../../build/task_manager_client_py build --build-base /home/GTL/apaul/ros2_hw1/build/task_manager_client_py/build install --record /home/GTL/apaul/ros2_hw1/build/task_manager_client_py/install.log --install-scripts $base/lib/task_manager_client_py --single-version-externally-managed install_data
