[0.038s] Invoking command in '/home/GTL/apaul/ros2_hw1/build/task_manager_sync': AMENT_PREFIX_PATH=/home/GTL/apaul/ros2_hw1/install/task_manager_lib:/home/GTL/apaul/ros2_hw1/install/task_manager_msgs:${AMENT_PREFIX_PATH} CMAKE_PREFIX_PATH=/home/GTL/apaul/ros2_hw1/install/task_manager_lib:/home/GTL/apaul/ros2_hw1/install/task_manager_msgs:/opt/ros/humble LD_LIBRARY_PATH=/home/GTL/apaul/ros2_hw1/install/task_manager_lib/lib:/home/GTL/apaul/ros2_hw1/install/task_manager_msgs/lib:${LD_LIBRARY_PATH} PYTHONPATH=/home/GTL/apaul/ros2_hw1/install/task_manager_msgs/local/lib/python3.10/dist-packages:${PYTHONPATH} /usr/bin/cmake --build /home/GTL/apaul/ros2_hw1/build/task_manager_sync -- -j16 -l16
[0.106s] [ 71%] Built target task_manager_sync_lib
[0.138s] [100%] Built target test_server_sync
[0.173s] Invoked command in '/home/GTL/apaul/ros2_hw1/build/task_manager_sync' returned '0': AMENT_PREFIX_PATH=/home/GTL/apaul/ros2_hw1/install/task_manager_lib:/home/GTL/apaul/ros2_hw1/install/task_manager_msgs:${AMENT_PREFIX_PATH} CMAKE_PREFIX_PATH=/home/GTL/apaul/ros2_hw1/install/task_manager_lib:/home/GTL/apaul/ros2_hw1/install/task_manager_msgs:/opt/ros/humble LD_LIBRARY_PATH=/home/GTL/apaul/ros2_hw1/install/task_manager_lib/lib:/home/GTL/apaul/ros2_hw1/install/task_manager_msgs/lib:${LD_LIBRARY_PATH} PYTHONPATH=/home/GTL/apaul/ros2_hw1/install/task_manager_msgs/local/lib/python3.10/dist-packages:${PYTHONPATH} /usr/bin/cmake --build /home/GTL/apaul/ros2_hw1/build/task_manager_sync -- -j16 -l16
[0.272s] Invoking command in '/home/GTL/apaul/ros2_hw1/build/task_manager_sync': AMENT_PREFIX_PATH=/home/GTL/apaul/ros2_hw1/install/task_manager_lib:/home/GTL/apaul/ros2_hw1/install/task_manager_msgs:${AMENT_PREFIX_PATH} CMAKE_PREFIX_PATH=/home/GTL/apaul/ros2_hw1/install/task_manager_lib:/home/GTL/apaul/ros2_hw1/install/task_manager_msgs:/opt/ros/humble LD_LIBRARY_PATH=/home/GTL/apaul/ros2_hw1/install/task_manager_lib/lib:/home/GTL/apaul/ros2_hw1/install/task_manager_msgs/lib:${LD_LIBRARY_PATH} PYTHONPATH=/home/GTL/apaul/ros2_hw1/install/task_manager_msgs/local/lib/python3.10/dist-packages:${PYTHONPATH} /usr/bin/cmake --install /home/GTL/apaul/ros2_hw1/build/task_manager_sync
[0.272s] -- Install configuration: ""
[0.272s] -- Up-to-date: /home/GTL/apaul/ros2_hw1/install/task_manager_sync/lib/libtask_manager_sync_lib.so
[0.275s] -- Up-to-date: /home/GTL/apaul/ros2_hw1/install/task_manager_sync/include/task_manager_sync
[0.276s] -- Up-to-date: /home/GTL/apaul/ros2_hw1/install/task_manager_sync/include/task_manager_sync/TaskWaitForStatusSync.h
[0.276s] -- Up-to-date: /home/GTL/apaul/ros2_hw1/install/task_manager_sync/include/task_manager_sync/TaskEnvironmentSync.h
[0.276s] -- Up-to-date: /home/GTL/apaul/ros2_hw1/install/task_manager_sync/include/task_manager_sync/TaskSetStatusSync.h
[0.276s] -- Up-to-date: /home/GTL/apaul/ros2_hw1/install/task_manager_sync/include/task_manager_sync/TaskServerSync.h
[0.277s] -- Up-to-date: /home/GTL/apaul/ros2_hw1/install/task_manager_sync/share/task_manager_sync
[0.278s] -- Up-to-date: /home/GTL/apaul/ros2_hw1/install/task_manager_sync/share/task_manager_sync/launch_server.launch
[0.278s] -- Up-to-date: /home/GTL/apaul/ros2_hw1/install/task_manager_sync/share/task_manager_sync/environment/library_path.sh
[0.279s] -- Up-to-date: /home/GTL/apaul/ros2_hw1/install/task_manager_sync/share/task_manager_sync/environment/library_path.dsv
[0.279s] -- Up-to-date: /home/GTL/apaul/ros2_hw1/install/task_manager_sync/share/ament_index/resource_index/package_run_dependencies/task_manager_sync
[0.279s] -- Up-to-date: /home/GTL/apaul/ros2_hw1/install/task_manager_sync/share/ament_index/resource_index/parent_prefix_path/task_manager_sync
[0.280s] -- Up-to-date: /home/GTL/apaul/ros2_hw1/install/task_manager_sync/share/task_manager_sync/environment/ament_prefix_path.sh
[0.280s] -- Up-to-date: /home/GTL/apaul/ros2_hw1/install/task_manager_sync/share/task_manager_sync/environment/ament_prefix_path.dsv
[0.281s] -- Up-to-date: /home/GTL/apaul/ros2_hw1/install/task_manager_sync/share/task_manager_sync/environment/path.sh
[0.281s] -- Up-to-date: /home/GTL/apaul/ros2_hw1/install/task_manager_sync/share/task_manager_sync/environment/path.dsv
[0.281s] -- Up-to-date: /home/GTL/apaul/ros2_hw1/install/task_manager_sync/share/task_manager_sync/local_setup.bash
[0.282s] -- Up-to-date: /home/GTL/apaul/ros2_hw1/install/task_manager_sync/share/task_manager_sync/local_setup.sh
[0.282s] -- Up-to-date: /home/GTL/apaul/ros2_hw1/install/task_manager_sync/share/task_manager_sync/local_setup.zsh
[0.283s] -- Up-to-date: /home/GTL/apaul/ros2_hw1/install/task_manager_sync/share/task_manager_sync/local_setup.dsv
[0.284s] -- Installing: /home/GTL/apaul/ros2_hw1/install/task_manager_sync/share/task_manager_sync/package.dsv
[0.290s] -- Up-to-date: /home/GTL/apaul/ros2_hw1/install/task_manager_sync/share/ament_index/resource_index/packages/task_manager_sync
[0.290s] -- Up-to-date: /home/GTL/apaul/ros2_hw1/install/task_manager_sync/share/task_manager_sync/cmake/ament_cmake_export_dependencies-extras.cmake
[0.291s] -- Up-to-date: /home/GTL/apaul/ros2_hw1/install/task_manager_sync/share/task_manager_sync/cmake/ament_cmake_export_include_directories-extras.cmake
[0.291s] -- Up-to-date: /home/GTL/apaul/ros2_hw1/install/task_manager_sync/share/task_manager_sync/cmake/ament_cmake_export_libraries-extras.cmake
[0.292s] -- Up-to-date: /home/GTL/apaul/ros2_hw1/install/task_manager_sync/share/task_manager_sync/cmake/task_manager_syncConfig.cmake
[0.293s] -- Up-to-date: /home/GTL/apaul/ros2_hw1/install/task_manager_sync/share/task_manager_sync/cmake/task_manager_syncConfig-version.cmake
[0.293s] -- Up-to-date: /home/GTL/apaul/ros2_hw1/install/task_manager_sync/share/task_manager_sync/package.xml
[0.296s] Invoked command in '/home/GTL/apaul/ros2_hw1/build/task_manager_sync' returned '0': AMENT_PREFIX_PATH=/home/GTL/apaul/ros2_hw1/install/task_manager_lib:/home/GTL/apaul/ros2_hw1/install/task_manager_msgs:${AMENT_PREFIX_PATH} CMAKE_PREFIX_PATH=/home/GTL/apaul/ros2_hw1/install/task_manager_lib:/home/GTL/apaul/ros2_hw1/install/task_manager_msgs:/opt/ros/humble LD_LIBRARY_PATH=/home/GTL/apaul/ros2_hw1/install/task_manager_lib/lib:/home/GTL/apaul/ros2_hw1/install/task_manager_msgs/lib:${LD_LIBRARY_PATH} PYTHONPATH=/home/GTL/apaul/ros2_hw1/install/task_manager_msgs/local/lib/python3.10/dist-packages:${PYTHONPATH} /usr/bin/cmake --install /home/GTL/apaul/ros2_hw1/build/task_manager_sync
