[0.094s] Invoking command in '/home/GTL/pcastere/ros_hw1/ros2_hw1/build/task_manager_msgs': CMAKE_PREFIX_PATH=/opt/ros/humble /usr/bin/cmake --build /home/GTL/pcastere/ros_hw1/ros2_hw1/build/task_manager_msgs -- -j16 -l16
[0.915s] [  0%] Built target task_manager_msgs__cpp
[0.915s] [ 12%] Built target task_manager_msgs__rosidl_generator_c
[0.916s] [ 52%] Built target task_manager_msgs__rosidl_typesupport_cpp
[0.916s] [ 69%] Built target task_manager_msgs__rosidl_typesupport_introspection_cpp
[0.916s] [ 69%] Built target task_manager_msgs__rosidl_typesupport_fastrtps_cpp
[0.916s] [ 81%] Built target task_manager_msgs__rosidl_typesupport_introspection_c
[0.916s] [ 81%] Built target task_manager_msgs__rosidl_typesupport_c
[0.916s] [ 82%] Built target task_manager_msgs__rosidl_typesupport_fastrtps_c
[0.916s] [ 82%] Built target task_manager_msgs
[0.916s] [ 83%] Built target ament_cmake_python_copy_task_manager_msgs
[0.916s] [ 83%] Built target task_manager_msgs__py
[0.916s] [ 85%] Built target task_manager_msgs_encapsulate
[0.916s] [ 95%] Built target task_manager_msgs__rosidl_generator_py
[0.916s] [100%] Built target task_manager_msgs__rosidl_typesupport_c__pyext
[0.916s] [100%] Built target task_manager_msgs__rosidl_typesupport_fastrtps_c__pyext
[0.916s] [100%] Built target task_manager_msgs__rosidl_typesupport_introspection_c__pyext
[0.916s] running egg_info
[0.916s] writing task_manager_msgs.egg-info/PKG-INFO
[0.916s] writing dependency_links to task_manager_msgs.egg-info/dependency_links.txt
[0.916s] writing top-level names to task_manager_msgs.egg-info/top_level.txt
[0.916s] reading manifest file 'task_manager_msgs.egg-info/SOURCES.txt'
[0.916s] writing manifest file 'task_manager_msgs.egg-info/SOURCES.txt'
[0.916s] [100%] Built target ament_cmake_python_build_task_manager_msgs_egg
[1.106s] Invoked command in '/home/GTL/pcastere/ros_hw1/ros2_hw1/build/task_manager_msgs' returned '0': CMAKE_PREFIX_PATH=/opt/ros/humble /usr/bin/cmake --build /home/GTL/pcastere/ros_hw1/ros2_hw1/build/task_manager_msgs -- -j16 -l16
[1.267s] Invoking command in '/home/GTL/pcastere/ros_hw1/ros2_hw1/build/task_manager_msgs': CMAKE_PREFIX_PATH=/opt/ros/humble /usr/bin/cmake --install /home/GTL/pcastere/ros_hw1/ros2_hw1/build/task_manager_msgs
[1.295s] -- Install configuration: ""
[1.295s] -- Up-to-date: /home/GTL/pcastere/ros_hw1/ros2_hw1/install/task_manager_msgs/share/ament_index/resource_index/rosidl_interfaces/task_manager_msgs
[1.296s] -- Up-to-date: /home/GTL/pcastere/ros_hw1/ros2_hw1/install/task_manager_msgs/include/task_manager_msgs/task_manager_msgs
[1.296s] -- Up-to-date: /home/GTL/pcastere/ros_hw1/ros2_hw1/install/task_manager_msgs/include/task_manager_msgs/task_manager_msgs/msg
[1.296s] -- Up-to-date: /home/GTL/pcastere/ros_hw1/ros2_hw1/install/task_manager_msgs/include/task_manager_msgs/task_manager_msgs/msg/task_status.h
[1.296s] -- Up-to-date: /home/GTL/pcastere/ros_hw1/ros2_hw1/install/task_manager_msgs/include/task_manager_msgs/task_manager_msgs/msg/sync_status.h
[1.296s] -- Up-to-date: /home/GTL/pcastere/ros_hw1/ros2_hw1/install/task_manager_msgs/include/task_manager_msgs/task_manager_msgs/msg/detail
[1.296s] -- Up-to-date: /home/GTL/pcastere/ros_hw1/ros2_hw1/install/task_manager_msgs/include/task_manager_msgs/task_manager_msgs/msg/detail/task_parameter__functions.c
[1.296s] -- Up-to-date: /home/GTL/pcastere/ros_hw1/ros2_hw1/install/task_manager_msgs/include/task_manager_msgs/task_manager_msgs/msg/detail/task_description__struct.h
[1.296s] -- Up-to-date: /home/GTL/pcastere/ros_hw1/ros2_hw1/install/task_manager_msgs/include/task_manager_msgs/task_manager_msgs/msg/detail/task_description__type_support.h
[1.296s] -- Up-to-date: /home/GTL/pcastere/ros_hw1/ros2_hw1/install/task_manager_msgs/include/task_manager_msgs/task_manager_msgs/msg/detail/task_parameter__functions.h
[1.296s] -- Up-to-date: /home/GTL/pcastere/ros_hw1/ros2_hw1/install/task_manager_msgs/include/task_manager_msgs/task_manager_msgs/msg/detail/task_parameter__type_support.h
[1.296s] -- Up-to-date: /home/GTL/pcastere/ros_hw1/ros2_hw1/install/task_manager_msgs/include/task_manager_msgs/task_manager_msgs/msg/detail/sync_status__type_support.h
[1.296s] -- Up-to-date: /home/GTL/pcastere/ros_hw1/ros2_hw1/install/task_manager_msgs/include/task_manager_msgs/task_manager_msgs/msg/detail/task_config__struct.h
[1.296s] -- Up-to-date: /home/GTL/pcastere/ros_hw1/ros2_hw1/install/task_manager_msgs/include/task_manager_msgs/task_manager_msgs/msg/detail/encapsulated_message__functions.c
[1.296s] -- Up-to-date: /home/GTL/pcastere/ros_hw1/ros2_hw1/install/task_manager_msgs/include/task_manager_msgs/task_manager_msgs/msg/detail/task_description__functions.c
[1.296s] -- Up-to-date: /home/GTL/pcastere/ros_hw1/ros2_hw1/install/task_manager_msgs/include/task_manager_msgs/task_manager_msgs/msg/detail/task_config__type_support.h
[1.296s] -- Up-to-date: /home/GTL/pcastere/ros_hw1/ros2_hw1/install/task_manager_msgs/include/task_manager_msgs/task_manager_msgs/msg/detail/task_status__functions.c
[1.296s] -- Up-to-date: /home/GTL/pcastere/ros_hw1/ros2_hw1/install/task_manager_msgs/include/task_manager_msgs/task_manager_msgs/msg/detail/encapsulated_message__functions.h
[1.296s] -- Up-to-date: /home/GTL/pcastere/ros_hw1/ros2_hw1/install/task_manager_msgs/include/task_manager_msgs/task_manager_msgs/msg/detail/task_status__struct.h
[1.296s] -- Up-to-date: /home/GTL/pcastere/ros_hw1/ros2_hw1/install/task_manager_msgs/include/task_manager_msgs/task_manager_msgs/msg/detail/task_config__functions.h
[1.296s] -- Up-to-date: /home/GTL/pcastere/ros_hw1/ros2_hw1/install/task_manager_msgs/include/task_manager_msgs/task_manager_msgs/msg/detail/encapsulated_message__type_support.h
[1.296s] -- Up-to-date: /home/GTL/pcastere/ros_hw1/ros2_hw1/install/task_manager_msgs/include/task_manager_msgs/task_manager_msgs/msg/detail/sync_status__struct.h
[1.296s] -- Up-to-date: /home/GTL/pcastere/ros_hw1/ros2_hw1/install/task_manager_msgs/include/task_manager_msgs/task_manager_msgs/msg/detail/task_parameter__struct.h
[1.297s] -- Up-to-date: /home/GTL/pcastere/ros_hw1/ros2_hw1/install/task_manager_msgs/include/task_manager_msgs/task_manager_msgs/msg/detail/task_config__functions.c
[1.297s] -- Up-to-date: /home/GTL/pcastere/ros_hw1/ros2_hw1/install/task_manager_msgs/include/task_manager_msgs/task_manager_msgs/msg/detail/sync_status__functions.c
[1.297s] -- Up-to-date: /home/GTL/pcastere/ros_hw1/ros2_hw1/install/task_manager_msgs/include/task_manager_msgs/task_manager_msgs/msg/detail/task_status__type_support.h
[1.297s] -- Up-to-date: /home/GTL/pcastere/ros_hw1/ros2_hw1/install/task_manager_msgs/include/task_manager_msgs/task_manager_msgs/msg/detail/task_description__functions.h
[1.297s] -- Up-to-date: /home/GTL/pcastere/ros_hw1/ros2_hw1/install/task_manager_msgs/include/task_manager_msgs/task_manager_msgs/msg/detail/sync_status__functions.h
[1.297s] -- Up-to-date: /home/GTL/pcastere/ros_hw1/ros2_hw1/install/task_manager_msgs/include/task_manager_msgs/task_manager_msgs/msg/detail/encapsulated_message__struct.h
[1.297s] -- Up-to-date: /home/GTL/pcastere/ros_hw1/ros2_hw1/install/task_manager_msgs/include/task_manager_msgs/task_manager_msgs/msg/detail/task_status__functions.h
[1.297s] -- Up-to-date: /home/GTL/pcastere/ros_hw1/ros2_hw1/install/task_manager_msgs/include/task_manager_msgs/task_manager_msgs/msg/rosidl_generator_c__visibility_control.h
[1.297s] -- Up-to-date: /home/GTL/pcastere/ros_hw1/ros2_hw1/install/task_manager_msgs/include/task_manager_msgs/task_manager_msgs/msg/encapsulated_message.h
[1.297s] -- Up-to-date: /home/GTL/pcastere/ros_hw1/ros2_hw1/install/task_manager_msgs/include/task_manager_msgs/task_manager_msgs/msg/task_parameter.h
[1.297s] -- Up-to-date: /home/GTL/pcastere/ros_hw1/ros2_hw1/install/task_manager_msgs/include/task_manager_msgs/task_manager_msgs/msg/task_description.h
[1.297s] -- Up-to-date: /home/GTL/pcastere/ros_hw1/ros2_hw1/install/task_manager_msgs/include/task_manager_msgs/task_manager_msgs/msg/task_config.h
[1.297s] -- Up-to-date: /home/GTL/pcastere/ros_hw1/ros2_hw1/install/task_manager_msgs/include/task_manager_msgs/task_manager_msgs/srv
[1.297s] -- Up-to-date: /home/GTL/pcastere/ros_hw1/ros2_hw1/install/task_manager_msgs/include/task_manager_msgs/task_manager_msgs/srv/stop_task.h
[1.297s] -- Up-to-date: /home/GTL/pcastere/ros_hw1/ros2_hw1/install/task_manager_msgs/include/task_manager_msgs/task_manager_msgs/srv/detail
[1.297s] -- Up-to-date: /home/GTL/pcastere/ros_hw1/ros2_hw1/install/task_manager_msgs/include/task_manager_msgs/task_manager_msgs/srv/detail/stop_task__functions.c
[1.297s] -- Up-to-date: /home/GTL/pcastere/ros_hw1/ros2_hw1/install/task_manager_msgs/include/task_manager_msgs/task_manager_msgs/srv/detail/get_task_list__struct.h
[1.297s] -- Up-to-date: /home/GTL/pcastere/ros_hw1/ros2_hw1/install/task_manager_msgs/include/task_manager_msgs/task_manager_msgs/srv/detail/get_all_task_status__functions.h
[1.297s] -- Up-to-date: /home/GTL/pcastere/ros_hw1/ros2_hw1/install/task_manager_msgs/include/task_manager_msgs/task_manager_msgs/srv/detail/stop_task__struct.h
[1.297s] -- Up-to-date: /home/GTL/pcastere/ros_hw1/ros2_hw1/install/task_manager_msgs/include/task_manager_msgs/task_manager_msgs/srv/detail/start_task__functions.c
[1.297s] -- Up-to-date: /home/GTL/pcastere/ros_hw1/ros2_hw1/install/task_manager_msgs/include/task_manager_msgs/task_manager_msgs/srv/detail/get_all_task_status__type_support.h
[1.297s] -- Up-to-date: /home/GTL/pcastere/ros_hw1/ros2_hw1/install/task_manager_msgs/include/task_manager_msgs/task_manager_msgs/srv/detail/get_all_task_status__functions.c
[1.297s] -- Up-to-date: /home/GTL/pcastere/ros_hw1/ros2_hw1/install/task_manager_msgs/include/task_manager_msgs/task_manager_msgs/srv/detail/get_task_list__functions.c
[1.297s] -- Up-to-date: /home/GTL/pcastere/ros_hw1/ros2_hw1/install/task_manager_msgs/include/task_manager_msgs/task_manager_msgs/srv/detail/get_task_list__functions.h
[1.297s] -- Up-to-date: /home/GTL/pcastere/ros_hw1/ros2_hw1/install/task_manager_msgs/include/task_manager_msgs/task_manager_msgs/srv/detail/start_task__struct.h
[1.297s] -- Up-to-date: /home/GTL/pcastere/ros_hw1/ros2_hw1/install/task_manager_msgs/include/task_manager_msgs/task_manager_msgs/srv/detail/stop_task__functions.h
[1.297s] -- Up-to-date: /home/GTL/pcastere/ros_hw1/ros2_hw1/install/task_manager_msgs/include/task_manager_msgs/task_manager_msgs/srv/detail/get_task_list__type_support.h
[1.297s] -- Up-to-date: /home/GTL/pcastere/ros_hw1/ros2_hw1/install/task_manager_msgs/include/task_manager_msgs/task_manager_msgs/srv/detail/get_all_task_status__struct.h
[1.298s] -- Up-to-date: /home/GTL/pcastere/ros_hw1/ros2_hw1/install/task_manager_msgs/include/task_manager_msgs/task_manager_msgs/srv/detail/stop_task__type_support.h
[1.298s] -- Up-to-date: /home/GTL/pcastere/ros_hw1/ros2_hw1/install/task_manager_msgs/include/task_manager_msgs/task_manager_msgs/srv/detail/start_task__type_support.h
[1.298s] -- Up-to-date: /home/GTL/pcastere/ros_hw1/ros2_hw1/install/task_manager_msgs/include/task_manager_msgs/task_manager_msgs/srv/detail/start_task__functions.h
[1.298s] -- Up-to-date: /home/GTL/pcastere/ros_hw1/ros2_hw1/install/task_manager_msgs/include/task_manager_msgs/task_manager_msgs/srv/get_task_list.h
[1.298s] -- Up-to-date: /home/GTL/pcastere/ros_hw1/ros2_hw1/install/task_manager_msgs/include/task_manager_msgs/task_manager_msgs/srv/start_task.h
[1.298s] -- Up-to-date: /home/GTL/pcastere/ros_hw1/ros2_hw1/install/task_manager_msgs/include/task_manager_msgs/task_manager_msgs/srv/get_all_task_status.h
[1.298s] -- Up-to-date: /home/GTL/pcastere/ros_hw1/ros2_hw1/install/task_manager_msgs/share/task_manager_msgs/environment/library_path.sh
[1.298s] -- Up-to-date: /home/GTL/pcastere/ros_hw1/ros2_hw1/install/task_manager_msgs/share/task_manager_msgs/environment/library_path.dsv
[1.298s] -- Up-to-date: /home/GTL/pcastere/ros_hw1/ros2_hw1/install/task_manager_msgs/lib/libtask_manager_msgs__rosidl_generator_c.so
[1.298s] -- Up-to-date: /home/GTL/pcastere/ros_hw1/ros2_hw1/install/task_manager_msgs/include/task_manager_msgs/task_manager_msgs
[1.298s] -- Up-to-date: /home/GTL/pcastere/ros_hw1/ros2_hw1/install/task_manager_msgs/include/task_manager_msgs/task_manager_msgs/msg
[1.298s] -- Up-to-date: /home/GTL/pcastere/ros_hw1/ros2_hw1/install/task_manager_msgs/include/task_manager_msgs/task_manager_msgs/msg/detail
[1.298s] -- Up-to-date: /home/GTL/pcastere/ros_hw1/ros2_hw1/install/task_manager_msgs/include/task_manager_msgs/task_manager_msgs/msg/detail/task_config__rosidl_typesupport_fastrtps_c.h
[1.298s] -- Up-to-date: /home/GTL/pcastere/ros_hw1/ros2_hw1/install/task_manager_msgs/include/task_manager_msgs/task_manager_msgs/msg/detail/sync_status__rosidl_typesupport_fastrtps_c.h
[1.298s] -- Up-to-date: /home/GTL/pcastere/ros_hw1/ros2_hw1/install/task_manager_msgs/include/task_manager_msgs/task_manager_msgs/msg/detail/task_description__rosidl_typesupport_fastrtps_c.h
[1.298s] -- Up-to-date: /home/GTL/pcastere/ros_hw1/ros2_hw1/install/task_manager_msgs/include/task_manager_msgs/task_manager_msgs/msg/detail/task_status__rosidl_typesupport_fastrtps_c.h
[1.298s] -- Up-to-date: /home/GTL/pcastere/ros_hw1/ros2_hw1/install/task_manager_msgs/include/task_manager_msgs/task_manager_msgs/msg/detail/encapsulated_message__rosidl_typesupport_fastrtps_c.h
[1.298s] -- Up-to-date: /home/GTL/pcastere/ros_hw1/ros2_hw1/install/task_manager_msgs/include/task_manager_msgs/task_manager_msgs/msg/detail/task_parameter__rosidl_typesupport_fastrtps_c.h
[1.298s] -- Up-to-date: /home/GTL/pcastere/ros_hw1/ros2_hw1/install/task_manager_msgs/include/task_manager_msgs/task_manager_msgs/msg/rosidl_typesupport_fastrtps_c__visibility_control.h
[1.298s] -- Up-to-date: /home/GTL/pcastere/ros_hw1/ros2_hw1/install/task_manager_msgs/include/task_manager_msgs/task_manager_msgs/srv
[1.298s] -- Up-to-date: /home/GTL/pcastere/ros_hw1/ros2_hw1/install/task_manager_msgs/include/task_manager_msgs/task_manager_msgs/srv/detail
[1.298s] -- Up-to-date: /home/GTL/pcastere/ros_hw1/ros2_hw1/install/task_manager_msgs/include/task_manager_msgs/task_manager_msgs/srv/detail/get_all_task_status__rosidl_typesupport_fastrtps_c.h
[1.298s] -- Up-to-date: /home/GTL/pcastere/ros_hw1/ros2_hw1/install/task_manager_msgs/include/task_manager_msgs/task_manager_msgs/srv/detail/start_task__rosidl_typesupport_fastrtps_c.h
[1.299s] -- Up-to-date: /home/GTL/pcastere/ros_hw1/ros2_hw1/install/task_manager_msgs/include/task_manager_msgs/task_manager_msgs/srv/detail/get_task_list__rosidl_typesupport_fastrtps_c.h
[1.299s] -- Up-to-date: /home/GTL/pcastere/ros_hw1/ros2_hw1/install/task_manager_msgs/include/task_manager_msgs/task_manager_msgs/srv/detail/stop_task__rosidl_typesupport_fastrtps_c.h
[1.300s] -- Up-to-date: /home/GTL/pcastere/ros_hw1/ros2_hw1/install/task_manager_msgs/lib/libtask_manager_msgs__rosidl_typesupport_fastrtps_c.so
[1.301s] -- Up-to-date: /home/GTL/pcastere/ros_hw1/ros2_hw1/install/task_manager_msgs/include/task_manager_msgs/task_manager_msgs
[1.301s] -- Up-to-date: /home/GTL/pcastere/ros_hw1/ros2_hw1/install/task_manager_msgs/include/task_manager_msgs/task_manager_msgs/msg
[1.302s] -- Up-to-date: /home/GTL/pcastere/ros_hw1/ros2_hw1/install/task_manager_msgs/include/task_manager_msgs/task_manager_msgs/msg/sync_status.hpp
[1.302s] -- Up-to-date: /home/GTL/pcastere/ros_hw1/ros2_hw1/install/task_manager_msgs/include/task_manager_msgs/task_manager_msgs/msg/encapsulated_message.hpp
[1.303s] -- Up-to-date: /home/GTL/pcastere/ros_hw1/ros2_hw1/install/task_manager_msgs/include/task_manager_msgs/task_manager_msgs/msg/detail
[1.303s] -- Up-to-date: /home/GTL/pcastere/ros_hw1/ros2_hw1/install/task_manager_msgs/include/task_manager_msgs/task_manager_msgs/msg/detail/encapsulated_message__struct.hpp
[1.303s] -- Up-to-date: /home/GTL/pcastere/ros_hw1/ros2_hw1/install/task_manager_msgs/include/task_manager_msgs/task_manager_msgs/msg/detail/task_config__traits.hpp
[1.304s] -- Up-to-date: /home/GTL/pcastere/ros_hw1/ros2_hw1/install/task_manager_msgs/include/task_manager_msgs/task_manager_msgs/msg/detail/sync_status__builder.hpp
[1.304s] -- Up-to-date: /home/GTL/pcastere/ros_hw1/ros2_hw1/install/task_manager_msgs/include/task_manager_msgs/task_manager_msgs/msg/detail/sync_status__traits.hpp
[1.305s] -- Up-to-date: /home/GTL/pcastere/ros_hw1/ros2_hw1/install/task_manager_msgs/include/task_manager_msgs/task_manager_msgs/msg/detail/task_config__builder.hpp
[1.305s] -- Up-to-date: /home/GTL/pcastere/ros_hw1/ros2_hw1/install/task_manager_msgs/include/task_manager_msgs/task_manager_msgs/msg/detail/task_status__builder.hpp
[1.305s] -- Up-to-date: /home/GTL/pcastere/ros_hw1/ros2_hw1/install/task_manager_msgs/include/task_manager_msgs/task_manager_msgs/msg/detail/task_description__struct.hpp
[1.307s] -- Up-to-date: /home/GTL/pcastere/ros_hw1/ros2_hw1/install/task_manager_msgs/include/task_manager_msgs/task_manager_msgs/msg/detail/encapsulated_message__traits.hpp
[1.307s] -- Up-to-date: /home/GTL/pcastere/ros_hw1/ros2_hw1/install/task_manager_msgs/include/task_manager_msgs/task_manager_msgs/msg/detail/encapsulated_message__builder.hpp
[1.307s] -- Up-to-date: /home/GTL/pcastere/ros_hw1/ros2_hw1/install/task_manager_msgs/include/task_manager_msgs/task_manager_msgs/msg/detail/task_config__struct.hpp
[1.307s] -- Up-to-date: /home/GTL/pcastere/ros_hw1/ros2_hw1/install/task_manager_msgs/include/task_manager_msgs/task_manager_msgs/msg/detail/sync_status__struct.hpp
[1.307s] -- Up-to-date: /home/GTL/pcastere/ros_hw1/ros2_hw1/install/task_manager_msgs/include/task_manager_msgs/task_manager_msgs/msg/detail/task_status__struct.hpp
[1.307s] -- Up-to-date: /home/GTL/pcastere/ros_hw1/ros2_hw1/install/task_manager_msgs/include/task_manager_msgs/task_manager_msgs/msg/detail/task_status__traits.hpp
[1.307s] -- Up-to-date: /home/GTL/pcastere/ros_hw1/ros2_hw1/install/task_manager_msgs/include/task_manager_msgs/task_manager_msgs/msg/detail/task_description__traits.hpp
[1.307s] -- Up-to-date: /home/GTL/pcastere/ros_hw1/ros2_hw1/install/task_manager_msgs/include/task_manager_msgs/task_manager_msgs/msg/detail/task_description__builder.hpp
[1.309s] -- Up-to-date: /home/GTL/pcastere/ros_hw1/ros2_hw1/install/task_manager_msgs/include/task_manager_msgs/task_manager_msgs/msg/detail/task_parameter__traits.hpp
[1.309s] -- Up-to-date: /home/GTL/pcastere/ros_hw1/ros2_hw1/install/task_manager_msgs/include/task_manager_msgs/task_manager_msgs/msg/detail/task_parameter__builder.hpp
[1.309s] -- Up-to-date: /home/GTL/pcastere/ros_hw1/ros2_hw1/install/task_manager_msgs/include/task_manager_msgs/task_manager_msgs/msg/detail/task_parameter__struct.hpp
[1.309s] -- Up-to-date: /home/GTL/pcastere/ros_hw1/ros2_hw1/install/task_manager_msgs/include/task_manager_msgs/task_manager_msgs/msg/task_config.hpp
[1.310s] -- Up-to-date: /home/GTL/pcastere/ros_hw1/ros2_hw1/install/task_manager_msgs/include/task_manager_msgs/task_manager_msgs/msg/task_parameter.hpp
[1.310s] -- Up-to-date: /home/GTL/pcastere/ros_hw1/ros2_hw1/install/task_manager_msgs/include/task_manager_msgs/task_manager_msgs/msg/task_status.hpp
[1.310s] -- Up-to-date: /home/GTL/pcastere/ros_hw1/ros2_hw1/install/task_manager_msgs/include/task_manager_msgs/task_manager_msgs/msg/task_description.hpp
[1.310s] -- Up-to-date: /home/GTL/pcastere/ros_hw1/ros2_hw1/install/task_manager_msgs/include/task_manager_msgs/task_manager_msgs/srv
[1.310s] -- Up-to-date: /home/GTL/pcastere/ros_hw1/ros2_hw1/install/task_manager_msgs/include/task_manager_msgs/task_manager_msgs/srv/get_task_list.hpp
[1.311s] -- Up-to-date: /home/GTL/pcastere/ros_hw1/ros2_hw1/install/task_manager_msgs/include/task_manager_msgs/task_manager_msgs/srv/stop_task.hpp
[1.311s] -- Up-to-date: /home/GTL/pcastere/ros_hw1/ros2_hw1/install/task_manager_msgs/include/task_manager_msgs/task_manager_msgs/srv/detail
[1.312s] -- Up-to-date: /home/GTL/pcastere/ros_hw1/ros2_hw1/install/task_manager_msgs/include/task_manager_msgs/task_manager_msgs/srv/detail/stop_task__traits.hpp
[1.312s] -- Up-to-date: /home/GTL/pcastere/ros_hw1/ros2_hw1/install/task_manager_msgs/include/task_manager_msgs/task_manager_msgs/srv/detail/get_all_task_status__struct.hpp
[1.312s] -- Up-to-date: /home/GTL/pcastere/ros_hw1/ros2_hw1/install/task_manager_msgs/include/task_manager_msgs/task_manager_msgs/srv/detail/start_task__builder.hpp
[1.312s] -- Up-to-date: /home/GTL/pcastere/ros_hw1/ros2_hw1/install/task_manager_msgs/include/task_manager_msgs/task_manager_msgs/srv/detail/get_task_list__struct.hpp
[1.312s] -- Up-to-date: /home/GTL/pcastere/ros_hw1/ros2_hw1/install/task_manager_msgs/include/task_manager_msgs/task_manager_msgs/srv/detail/get_all_task_status__builder.hpp
[1.313s] -- Up-to-date: /home/GTL/pcastere/ros_hw1/ros2_hw1/install/task_manager_msgs/include/task_manager_msgs/task_manager_msgs/srv/detail/stop_task__struct.hpp
[1.313s] -- Up-to-date: /home/GTL/pcastere/ros_hw1/ros2_hw1/install/task_manager_msgs/include/task_manager_msgs/task_manager_msgs/srv/detail/start_task__traits.hpp
[1.313s] -- Up-to-date: /home/GTL/pcastere/ros_hw1/ros2_hw1/install/task_manager_msgs/include/task_manager_msgs/task_manager_msgs/srv/detail/stop_task__builder.hpp
[1.313s] -- Up-to-date: /home/GTL/pcastere/ros_hw1/ros2_hw1/install/task_manager_msgs/include/task_manager_msgs/task_manager_msgs/srv/detail/start_task__struct.hpp
[1.314s] -- Up-to-date: /home/GTL/pcastere/ros_hw1/ros2_hw1/install/task_manager_msgs/include/task_manager_msgs/task_manager_msgs/srv/detail/get_task_list__traits.hpp
[1.314s] -- Up-to-date: /home/GTL/pcastere/ros_hw1/ros2_hw1/install/task_manager_msgs/include/task_manager_msgs/task_manager_msgs/srv/detail/get_all_task_status__traits.hpp
[1.314s] -- Up-to-date: /home/GTL/pcastere/ros_hw1/ros2_hw1/install/task_manager_msgs/include/task_manager_msgs/task_manager_msgs/srv/detail/get_task_list__builder.hpp
[1.314s] -- Up-to-date: /home/GTL/pcastere/ros_hw1/ros2_hw1/install/task_manager_msgs/include/task_manager_msgs/task_manager_msgs/srv/start_task.hpp
[1.315s] -- Up-to-date: /home/GTL/pcastere/ros_hw1/ros2_hw1/install/task_manager_msgs/include/task_manager_msgs/task_manager_msgs/srv/get_all_task_status.hpp
[1.315s] -- Up-to-date: /home/GTL/pcastere/ros_hw1/ros2_hw1/install/task_manager_msgs/include/task_manager_msgs/task_manager_msgs
[1.315s] -- Up-to-date: /home/GTL/pcastere/ros_hw1/ros2_hw1/install/task_manager_msgs/include/task_manager_msgs/task_manager_msgs/msg
[1.316s] -- Up-to-date: /home/GTL/pcastere/ros_hw1/ros2_hw1/install/task_manager_msgs/include/task_manager_msgs/task_manager_msgs/msg/detail
[1.317s] -- Up-to-date: /home/GTL/pcastere/ros_hw1/ros2_hw1/install/task_manager_msgs/include/task_manager_msgs/task_manager_msgs/msg/detail/task_config__rosidl_typesupport_fastrtps_cpp.hpp
[1.317s] -- Up-to-date: /home/GTL/pcastere/ros_hw1/ros2_hw1/install/task_manager_msgs/include/task_manager_msgs/task_manager_msgs/msg/detail/dds_fastrtps
[1.317s] -- Up-to-date: /home/GTL/pcastere/ros_hw1/ros2_hw1/install/task_manager_msgs/include/task_manager_msgs/task_manager_msgs/msg/detail/encapsulated_message__rosidl_typesupport_fastrtps_cpp.hpp
[1.318s] -- Up-to-date: /home/GTL/pcastere/ros_hw1/ros2_hw1/install/task_manager_msgs/include/task_manager_msgs/task_manager_msgs/msg/detail/task_description__rosidl_typesupport_fastrtps_cpp.hpp
[1.318s] -- Up-to-date: /home/GTL/pcastere/ros_hw1/ros2_hw1/install/task_manager_msgs/include/task_manager_msgs/task_manager_msgs/msg/detail/task_status__rosidl_typesupport_fastrtps_cpp.hpp
[1.318s] -- Up-to-date: /home/GTL/pcastere/ros_hw1/ros2_hw1/install/task_manager_msgs/include/task_manager_msgs/task_manager_msgs/msg/detail/sync_status__rosidl_typesupport_fastrtps_cpp.hpp
[1.318s] -- Up-to-date: /home/GTL/pcastere/ros_hw1/ros2_hw1/install/task_manager_msgs/include/task_manager_msgs/task_manager_msgs/msg/detail/task_parameter__rosidl_typesupport_fastrtps_cpp.hpp
[1.318s] -- Up-to-date: /home/GTL/pcastere/ros_hw1/ros2_hw1/install/task_manager_msgs/include/task_manager_msgs/task_manager_msgs/msg/rosidl_typesupport_fastrtps_cpp__visibility_control.h
[1.319s] -- Up-to-date: /home/GTL/pcastere/ros_hw1/ros2_hw1/install/task_manager_msgs/include/task_manager_msgs/task_manager_msgs/srv
[1.321s] -- Up-to-date: /home/GTL/pcastere/ros_hw1/ros2_hw1/install/task_manager_msgs/include/task_manager_msgs/task_manager_msgs/srv/detail
[1.322s] -- Up-to-date: /home/GTL/pcastere/ros_hw1/ros2_hw1/install/task_manager_msgs/include/task_manager_msgs/task_manager_msgs/srv/detail/get_task_list__rosidl_typesupport_fastrtps_cpp.hpp
[1.322s] -- Up-to-date: /home/GTL/pcastere/ros_hw1/ros2_hw1/install/task_manager_msgs/include/task_manager_msgs/task_manager_msgs/srv/detail/start_task__rosidl_typesupport_fastrtps_cpp.hpp
[1.322s] -- Up-to-date: /home/GTL/pcastere/ros_hw1/ros2_hw1/install/task_manager_msgs/include/task_manager_msgs/task_manager_msgs/srv/detail/get_all_task_status__rosidl_typesupport_fastrtps_cpp.hpp
[1.322s] -- Up-to-date: /home/GTL/pcastere/ros_hw1/ros2_hw1/install/task_manager_msgs/include/task_manager_msgs/task_manager_msgs/srv/detail/dds_fastrtps
[1.322s] -- Up-to-date: /home/GTL/pcastere/ros_hw1/ros2_hw1/install/task_manager_msgs/include/task_manager_msgs/task_manager_msgs/srv/detail/stop_task__rosidl_typesupport_fastrtps_cpp.hpp
[1.322s] -- Up-to-date: /home/GTL/pcastere/ros_hw1/ros2_hw1/install/task_manager_msgs/lib/libtask_manager_msgs__rosidl_typesupport_fastrtps_cpp.so
[1.323s] -- Up-to-date: /home/GTL/pcastere/ros_hw1/ros2_hw1/install/task_manager_msgs/include/task_manager_msgs/task_manager_msgs
[1.324s] -- Up-to-date: /home/GTL/pcastere/ros_hw1/ros2_hw1/install/task_manager_msgs/include/task_manager_msgs/task_manager_msgs/msg
[1.325s] -- Up-to-date: /home/GTL/pcastere/ros_hw1/ros2_hw1/install/task_manager_msgs/include/task_manager_msgs/task_manager_msgs/msg/detail
[1.325s] -- Up-to-date: /home/GTL/pcastere/ros_hw1/ros2_hw1/install/task_manager_msgs/include/task_manager_msgs/task_manager_msgs/msg/detail/task_parameter__type_support.c
[1.325s] -- Up-to-date: /home/GTL/pcastere/ros_hw1/ros2_hw1/install/task_manager_msgs/include/task_manager_msgs/task_manager_msgs/msg/detail/task_parameter__rosidl_typesupport_introspection_c.h
[1.325s] -- Up-to-date: /home/GTL/pcastere/ros_hw1/ros2_hw1/install/task_manager_msgs/include/task_manager_msgs/task_manager_msgs/msg/detail/encapsulated_message__rosidl_typesupport_introspection_c.h
[1.326s] -- Up-to-date: /home/GTL/pcastere/ros_hw1/ros2_hw1/install/task_manager_msgs/include/task_manager_msgs/task_manager_msgs/msg/detail/sync_status__type_support.c
[1.326s] -- Up-to-date: /home/GTL/pcastere/ros_hw1/ros2_hw1/install/task_manager_msgs/include/task_manager_msgs/task_manager_msgs/msg/detail/task_description__type_support.c
[1.326s] -- Up-to-date: /home/GTL/pcastere/ros_hw1/ros2_hw1/install/task_manager_msgs/include/task_manager_msgs/task_manager_msgs/msg/detail/sync_status__rosidl_typesupport_introspection_c.h
[1.326s] -- Up-to-date: /home/GTL/pcastere/ros_hw1/ros2_hw1/install/task_manager_msgs/include/task_manager_msgs/task_manager_msgs/msg/detail/task_config__type_support.c
[1.327s] -- Up-to-date: /home/GTL/pcastere/ros_hw1/ros2_hw1/install/task_manager_msgs/include/task_manager_msgs/task_manager_msgs/msg/detail/task_description__rosidl_typesupport_introspection_c.h
[1.327s] -- Up-to-date: /home/GTL/pcastere/ros_hw1/ros2_hw1/install/task_manager_msgs/include/task_manager_msgs/task_manager_msgs/msg/detail/task_status__rosidl_typesupport_introspection_c.h
[1.327s] -- Up-to-date: /home/GTL/pcastere/ros_hw1/ros2_hw1/install/task_manager_msgs/include/task_manager_msgs/task_manager_msgs/msg/detail/task_config__rosidl_typesupport_introspection_c.h
[1.327s] -- Up-to-date: /home/GTL/pcastere/ros_hw1/ros2_hw1/install/task_manager_msgs/include/task_manager_msgs/task_manager_msgs/msg/detail/task_status__type_support.c
[1.328s] -- Up-to-date: /home/GTL/pcastere/ros_hw1/ros2_hw1/install/task_manager_msgs/include/task_manager_msgs/task_manager_msgs/msg/detail/encapsulated_message__type_support.c
[1.328s] -- Up-to-date: /home/GTL/pcastere/ros_hw1/ros2_hw1/install/task_manager_msgs/include/task_manager_msgs/task_manager_msgs/msg/rosidl_typesupport_introspection_c__visibility_control.h
[1.328s] -- Up-to-date: /home/GTL/pcastere/ros_hw1/ros2_hw1/install/task_manager_msgs/include/task_manager_msgs/task_manager_msgs/srv
[1.329s] -- Up-to-date: /home/GTL/pcastere/ros_hw1/ros2_hw1/install/task_manager_msgs/include/task_manager_msgs/task_manager_msgs/srv/detail
[1.329s] -- Up-to-date: /home/GTL/pcastere/ros_hw1/ros2_hw1/install/task_manager_msgs/include/task_manager_msgs/task_manager_msgs/srv/detail/start_task__type_support.c
[1.329s] -- Up-to-date: /home/GTL/pcastere/ros_hw1/ros2_hw1/install/task_manager_msgs/include/task_manager_msgs/task_manager_msgs/srv/detail/get_all_task_status__rosidl_typesupport_introspection_c.h
[1.330s] -- Up-to-date: /home/GTL/pcastere/ros_hw1/ros2_hw1/install/task_manager_msgs/include/task_manager_msgs/task_manager_msgs/srv/detail/get_all_task_status__type_support.c
[1.330s] -- Up-to-date: /home/GTL/pcastere/ros_hw1/ros2_hw1/install/task_manager_msgs/include/task_manager_msgs/task_manager_msgs/srv/detail/start_task__rosidl_typesupport_introspection_c.h
[1.330s] -- Up-to-date: /home/GTL/pcastere/ros_hw1/ros2_hw1/install/task_manager_msgs/include/task_manager_msgs/task_manager_msgs/srv/detail/stop_task__type_support.c
[1.330s] -- Up-to-date: /home/GTL/pcastere/ros_hw1/ros2_hw1/install/task_manager_msgs/include/task_manager_msgs/task_manager_msgs/srv/detail/get_task_list__rosidl_typesupport_introspection_c.h
[1.331s] -- Up-to-date: /home/GTL/pcastere/ros_hw1/ros2_hw1/install/task_manager_msgs/include/task_manager_msgs/task_manager_msgs/srv/detail/stop_task__rosidl_typesupport_introspection_c.h
[1.331s] -- Up-to-date: /home/GTL/pcastere/ros_hw1/ros2_hw1/install/task_manager_msgs/include/task_manager_msgs/task_manager_msgs/srv/detail/get_task_list__type_support.c
[1.331s] -- Up-to-date: /home/GTL/pcastere/ros_hw1/ros2_hw1/install/task_manager_msgs/lib/libtask_manager_msgs__rosidl_typesupport_introspection_c.so
[1.332s] -- Up-to-date: /home/GTL/pcastere/ros_hw1/ros2_hw1/install/task_manager_msgs/lib/libtask_manager_msgs__rosidl_typesupport_c.so
[1.333s] -- Up-to-date: /home/GTL/pcastere/ros_hw1/ros2_hw1/install/task_manager_msgs/include/task_manager_msgs/task_manager_msgs
[1.334s] -- Up-to-date: /home/GTL/pcastere/ros_hw1/ros2_hw1/install/task_manager_msgs/include/task_manager_msgs/task_manager_msgs/msg
[1.335s] -- Up-to-date: /home/GTL/pcastere/ros_hw1/ros2_hw1/install/task_manager_msgs/include/task_manager_msgs/task_manager_msgs/msg/detail
[1.335s] -- Up-to-date: /home/GTL/pcastere/ros_hw1/ros2_hw1/install/task_manager_msgs/include/task_manager_msgs/task_manager_msgs/msg/detail/task_parameter__rosidl_typesupport_introspection_cpp.hpp
[1.335s] -- Up-to-date: /home/GTL/pcastere/ros_hw1/ros2_hw1/install/task_manager_msgs/include/task_manager_msgs/task_manager_msgs/msg/detail/encapsulated_message__rosidl_typesupport_introspection_cpp.hpp
[1.336s] -- Up-to-date: /home/GTL/pcastere/ros_hw1/ros2_hw1/install/task_manager_msgs/include/task_manager_msgs/task_manager_msgs/msg/detail/task_status__rosidl_typesupport_introspection_cpp.hpp
[1.336s] -- Up-to-date: /home/GTL/pcastere/ros_hw1/ros2_hw1/install/task_manager_msgs/include/task_manager_msgs/task_manager_msgs/msg/detail/encapsulated_message__type_support.cpp
[1.336s] -- Up-to-date: /home/GTL/pcastere/ros_hw1/ros2_hw1/install/task_manager_msgs/include/task_manager_msgs/task_manager_msgs/msg/detail/sync_status__type_support.cpp
[1.336s] -- Up-to-date: /home/GTL/pcastere/ros_hw1/ros2_hw1/install/task_manager_msgs/include/task_manager_msgs/task_manager_msgs/msg/detail/sync_status__rosidl_typesupport_introspection_cpp.hpp
[1.337s] -- Up-to-date: /home/GTL/pcastere/ros_hw1/ros2_hw1/install/task_manager_msgs/include/task_manager_msgs/task_manager_msgs/msg/detail/task_description__rosidl_typesupport_introspection_cpp.hpp
[1.337s] -- Up-to-date: /home/GTL/pcastere/ros_hw1/ros2_hw1/install/task_manager_msgs/include/task_manager_msgs/task_manager_msgs/msg/detail/task_config__type_support.cpp
[1.337s] -- Up-to-date: /home/GTL/pcastere/ros_hw1/ros2_hw1/install/task_manager_msgs/include/task_manager_msgs/task_manager_msgs/msg/detail/task_description__type_support.cpp
[1.338s] -- Up-to-date: /home/GTL/pcastere/ros_hw1/ros2_hw1/install/task_manager_msgs/include/task_manager_msgs/task_manager_msgs/msg/detail/task_config__rosidl_typesupport_introspection_cpp.hpp
[1.338s] -- Up-to-date: /home/GTL/pcastere/ros_hw1/ros2_hw1/install/task_manager_msgs/include/task_manager_msgs/task_manager_msgs/msg/detail/task_status__type_support.cpp
[1.338s] -- Up-to-date: /home/GTL/pcastere/ros_hw1/ros2_hw1/install/task_manager_msgs/include/task_manager_msgs/task_manager_msgs/msg/detail/task_parameter__type_support.cpp
[1.339s] -- Up-to-date: /home/GTL/pcastere/ros_hw1/ros2_hw1/install/task_manager_msgs/include/task_manager_msgs/task_manager_msgs/srv
[1.339s] -- Up-to-date: /home/GTL/pcastere/ros_hw1/ros2_hw1/install/task_manager_msgs/include/task_manager_msgs/task_manager_msgs/srv/detail
[1.340s] -- Up-to-date: /home/GTL/pcastere/ros_hw1/ros2_hw1/install/task_manager_msgs/include/task_manager_msgs/task_manager_msgs/srv/detail/get_all_task_status__rosidl_typesupport_introspection_cpp.hpp
[1.340s] -- Up-to-date: /home/GTL/pcastere/ros_hw1/ros2_hw1/install/task_manager_msgs/include/task_manager_msgs/task_manager_msgs/srv/detail/start_task__rosidl_typesupport_introspection_cpp.hpp
[1.340s] -- Up-to-date: /home/GTL/pcastere/ros_hw1/ros2_hw1/install/task_manager_msgs/include/task_manager_msgs/task_manager_msgs/srv/detail/start_task__type_support.cpp
[1.340s] -- Up-to-date: /home/GTL/pcastere/ros_hw1/ros2_hw1/install/task_manager_msgs/include/task_manager_msgs/task_manager_msgs/srv/detail/get_all_task_status__type_support.cpp
[1.341s] -- Up-to-date: /home/GTL/pcastere/ros_hw1/ros2_hw1/install/task_manager_msgs/include/task_manager_msgs/task_manager_msgs/srv/detail/stop_task__rosidl_typesupport_introspection_cpp.hpp
[1.341s] -- Up-to-date: /home/GTL/pcastere/ros_hw1/ros2_hw1/install/task_manager_msgs/include/task_manager_msgs/task_manager_msgs/srv/detail/stop_task__type_support.cpp
[1.341s] -- Up-to-date: /home/GTL/pcastere/ros_hw1/ros2_hw1/install/task_manager_msgs/include/task_manager_msgs/task_manager_msgs/srv/detail/get_task_list__type_support.cpp
[1.341s] -- Up-to-date: /home/GTL/pcastere/ros_hw1/ros2_hw1/install/task_manager_msgs/include/task_manager_msgs/task_manager_msgs/srv/detail/get_task_list__rosidl_typesupport_introspection_cpp.hpp
[1.342s] -- Up-to-date: /home/GTL/pcastere/ros_hw1/ros2_hw1/install/task_manager_msgs/lib/libtask_manager_msgs__rosidl_typesupport_introspection_cpp.so
[1.344s] -- Up-to-date: /home/GTL/pcastere/ros_hw1/ros2_hw1/install/task_manager_msgs/lib/libtask_manager_msgs__rosidl_typesupport_cpp.so
[1.344s] -- Up-to-date: /home/GTL/pcastere/ros_hw1/ros2_hw1/install/task_manager_msgs/share/task_manager_msgs/environment/pythonpath.sh
[1.345s] -- Up-to-date: /home/GTL/pcastere/ros_hw1/ros2_hw1/install/task_manager_msgs/share/task_manager_msgs/environment/pythonpath.dsv
[1.345s] -- Up-to-date: /home/GTL/pcastere/ros_hw1/ros2_hw1/install/task_manager_msgs/local/lib/python3.10/dist-packages/task_manager_msgs-0.0.0-py3.10.egg-info
[1.346s] -- Installing: /home/GTL/pcastere/ros_hw1/ros2_hw1/install/task_manager_msgs/local/lib/python3.10/dist-packages/task_manager_msgs-0.0.0-py3.10.egg-info/dependency_links.txt
[1.354s] -- Installing: /home/GTL/pcastere/ros_hw1/ros2_hw1/install/task_manager_msgs/local/lib/python3.10/dist-packages/task_manager_msgs-0.0.0-py3.10.egg-info/top_level.txt
[1.355s] -- Installing: /home/GTL/pcastere/ros_hw1/ros2_hw1/install/task_manager_msgs/local/lib/python3.10/dist-packages/task_manager_msgs-0.0.0-py3.10.egg-info/PKG-INFO
[1.358s] -- Installing: /home/GTL/pcastere/ros_hw1/ros2_hw1/install/task_manager_msgs/local/lib/python3.10/dist-packages/task_manager_msgs-0.0.0-py3.10.egg-info/SOURCES.txt
[1.362s] -- Up-to-date: /home/GTL/pcastere/ros_hw1/ros2_hw1/install/task_manager_msgs/local/lib/python3.10/dist-packages/task_manager_msgs
[1.363s] -- Up-to-date: /home/GTL/pcastere/ros_hw1/ros2_hw1/install/task_manager_msgs/local/lib/python3.10/dist-packages/task_manager_msgs/msg
[1.363s] -- Up-to-date: /home/GTL/pcastere/ros_hw1/ros2_hw1/install/task_manager_msgs/local/lib/python3.10/dist-packages/task_manager_msgs/msg/_encapsulated_message_s.c
[1.363s] -- Up-to-date: /home/GTL/pcastere/ros_hw1/ros2_hw1/install/task_manager_msgs/local/lib/python3.10/dist-packages/task_manager_msgs/msg/_task_description_s.c
[1.364s] -- Up-to-date: /home/GTL/pcastere/ros_hw1/ros2_hw1/install/task_manager_msgs/local/lib/python3.10/dist-packages/task_manager_msgs/msg/_task_parameter.py
[1.364s] -- Up-to-date: /home/GTL/pcastere/ros_hw1/ros2_hw1/install/task_manager_msgs/local/lib/python3.10/dist-packages/task_manager_msgs/msg/_sync_status_s.c
[1.364s] -- Up-to-date: /home/GTL/pcastere/ros_hw1/ros2_hw1/install/task_manager_msgs/local/lib/python3.10/dist-packages/task_manager_msgs/msg/_task_config.py
[1.364s] -- Up-to-date: /home/GTL/pcastere/ros_hw1/ros2_hw1/install/task_manager_msgs/local/lib/python3.10/dist-packages/task_manager_msgs/msg/_task_parameter_s.c
[1.365s] -- Up-to-date: /home/GTL/pcastere/ros_hw1/ros2_hw1/install/task_manager_msgs/local/lib/python3.10/dist-packages/task_manager_msgs/msg/_task_status.py
[1.365s] -- Up-to-date: /home/GTL/pcastere/ros_hw1/ros2_hw1/install/task_manager_msgs/local/lib/python3.10/dist-packages/task_manager_msgs/msg/_task_description.py
[1.366s] -- Up-to-date: /home/GTL/pcastere/ros_hw1/ros2_hw1/install/task_manager_msgs/local/lib/python3.10/dist-packages/task_manager_msgs/msg/__init__.py
[1.366s] -- Up-to-date: /home/GTL/pcastere/ros_hw1/ros2_hw1/install/task_manager_msgs/local/lib/python3.10/dist-packages/task_manager_msgs/msg/_sync_status.py
[1.366s] -- Up-to-date: /home/GTL/pcastere/ros_hw1/ros2_hw1/install/task_manager_msgs/local/lib/python3.10/dist-packages/task_manager_msgs/msg/_encapsulated_message.py
[1.366s] -- Up-to-date: /home/GTL/pcastere/ros_hw1/ros2_hw1/install/task_manager_msgs/local/lib/python3.10/dist-packages/task_manager_msgs/msg/_task_config_s.c
[1.367s] -- Up-to-date: /home/GTL/pcastere/ros_hw1/ros2_hw1/install/task_manager_msgs/local/lib/python3.10/dist-packages/task_manager_msgs/msg/_task_status_s.c
[1.367s] -- Up-to-date: /home/GTL/pcastere/ros_hw1/ros2_hw1/install/task_manager_msgs/local/lib/python3.10/dist-packages/task_manager_msgs/task_manager_msgs_s__rosidl_typesupport_introspection_c.cpython-310-x86_64-linux-gnu.so
[1.367s] -- Up-to-date: /home/GTL/pcastere/ros_hw1/ros2_hw1/install/task_manager_msgs/local/lib/python3.10/dist-packages/task_manager_msgs/_task_manager_msgs_s.ep.rosidl_typesupport_introspection_c.c
[1.367s] -- Up-to-date: /home/GTL/pcastere/ros_hw1/ros2_hw1/install/task_manager_msgs/local/lib/python3.10/dist-packages/task_manager_msgs/__init__.py
[1.367s] -- Up-to-date: /home/GTL/pcastere/ros_hw1/ros2_hw1/install/task_manager_msgs/local/lib/python3.10/dist-packages/task_manager_msgs/_task_manager_msgs_s.ep.rosidl_typesupport_c.c
[1.368s] -- Up-to-date: /home/GTL/pcastere/ros_hw1/ros2_hw1/install/task_manager_msgs/local/lib/python3.10/dist-packages/task_manager_msgs/task_manager_msgs_s__rosidl_typesupport_c.cpython-310-x86_64-linux-gnu.so
[1.368s] -- Up-to-date: /home/GTL/pcastere/ros_hw1/ros2_hw1/install/task_manager_msgs/local/lib/python3.10/dist-packages/task_manager_msgs/srv
[1.369s] -- Up-to-date: /home/GTL/pcastere/ros_hw1/ros2_hw1/install/task_manager_msgs/local/lib/python3.10/dist-packages/task_manager_msgs/srv/_stop_task_s.c
[1.369s] -- Up-to-date: /home/GTL/pcastere/ros_hw1/ros2_hw1/install/task_manager_msgs/local/lib/python3.10/dist-packages/task_manager_msgs/srv/_start_task_s.c
[1.369s] -- Up-to-date: /home/GTL/pcastere/ros_hw1/ros2_hw1/install/task_manager_msgs/local/lib/python3.10/dist-packages/task_manager_msgs/srv/_get_all_task_status_s.c
[1.369s] -- Up-to-date: /home/GTL/pcastere/ros_hw1/ros2_hw1/install/task_manager_msgs/local/lib/python3.10/dist-packages/task_manager_msgs/srv/_get_task_list.py
[1.370s] -- Up-to-date: /home/GTL/pcastere/ros_hw1/ros2_hw1/install/task_manager_msgs/local/lib/python3.10/dist-packages/task_manager_msgs/srv/__init__.py
[1.370s] -- Up-to-date: /home/GTL/pcastere/ros_hw1/ros2_hw1/install/task_manager_msgs/local/lib/python3.10/dist-packages/task_manager_msgs/srv/_get_all_task_status.py
[1.370s] -- Up-to-date: /home/GTL/pcastere/ros_hw1/ros2_hw1/install/task_manager_msgs/local/lib/python3.10/dist-packages/task_manager_msgs/srv/_stop_task.py
[1.371s] -- Up-to-date: /home/GTL/pcastere/ros_hw1/ros2_hw1/install/task_manager_msgs/local/lib/python3.10/dist-packages/task_manager_msgs/srv/_get_task_list_s.c
[1.371s] -- Up-to-date: /home/GTL/pcastere/ros_hw1/ros2_hw1/install/task_manager_msgs/local/lib/python3.10/dist-packages/task_manager_msgs/srv/_start_task.py
[1.371s] -- Up-to-date: /home/GTL/pcastere/ros_hw1/ros2_hw1/install/task_manager_msgs/local/lib/python3.10/dist-packages/task_manager_msgs/_task_manager_msgs_s.ep.rosidl_typesupport_fastrtps_c.c
[1.371s] -- Up-to-date: /home/GTL/pcastere/ros_hw1/ros2_hw1/install/task_manager_msgs/local/lib/python3.10/dist-packages/task_manager_msgs/task_manager_msgs_s__rosidl_typesupport_fastrtps_c.cpython-310-x86_64-linux-gnu.so
[1.372s] -- Up-to-date: /home/GTL/pcastere/ros_hw1/ros2_hw1/install/task_manager_msgs/local/lib/python3.10/dist-packages/task_manager_msgs/libtask_manager_msgs__rosidl_generator_py.so
[1.400s] Listing '/home/GTL/pcastere/ros_hw1/ros2_hw1/install/task_manager_msgs/local/lib/python3.10/dist-packages/task_manager_msgs'...
[1.400s] Listing '/home/GTL/pcastere/ros_hw1/ros2_hw1/install/task_manager_msgs/local/lib/python3.10/dist-packages/task_manager_msgs/msg'...
[1.400s] Listing '/home/GTL/pcastere/ros_hw1/ros2_hw1/install/task_manager_msgs/local/lib/python3.10/dist-packages/task_manager_msgs/srv'...
[1.406s] -- Up-to-date: /home/GTL/pcastere/ros_hw1/ros2_hw1/install/task_manager_msgs/local/lib/python3.10/dist-packages/task_manager_msgs/task_manager_msgs_s__rosidl_typesupport_fastrtps_c.cpython-310-x86_64-linux-gnu.so
[1.407s] -- Up-to-date: /home/GTL/pcastere/ros_hw1/ros2_hw1/install/task_manager_msgs/local/lib/python3.10/dist-packages/task_manager_msgs/task_manager_msgs_s__rosidl_typesupport_introspection_c.cpython-310-x86_64-linux-gnu.so
[1.412s] -- Up-to-date: /home/GTL/pcastere/ros_hw1/ros2_hw1/install/task_manager_msgs/local/lib/python3.10/dist-packages/task_manager_msgs/task_manager_msgs_s__rosidl_typesupport_c.cpython-310-x86_64-linux-gnu.so
[1.414s] -- Up-to-date: /home/GTL/pcastere/ros_hw1/ros2_hw1/install/task_manager_msgs/lib/libtask_manager_msgs__rosidl_generator_py.so
[1.414s] -- Up-to-date: /home/GTL/pcastere/ros_hw1/ros2_hw1/install/task_manager_msgs/share/task_manager_msgs/srv/GetAllTaskStatus.idl
[1.414s] -- Up-to-date: /home/GTL/pcastere/ros_hw1/ros2_hw1/install/task_manager_msgs/share/task_manager_msgs/srv/StartTask.idl
[1.415s] -- Up-to-date: /home/GTL/pcastere/ros_hw1/ros2_hw1/install/task_manager_msgs/share/task_manager_msgs/srv/StopTask.idl
[1.415s] -- Up-to-date: /home/GTL/pcastere/ros_hw1/ros2_hw1/install/task_manager_msgs/share/task_manager_msgs/srv/GetTaskList.idl
[1.415s] -- Up-to-date: /home/GTL/pcastere/ros_hw1/ros2_hw1/install/task_manager_msgs/share/task_manager_msgs/msg/TaskDescription.idl
[1.415s] -- Up-to-date: /home/GTL/pcastere/ros_hw1/ros2_hw1/install/task_manager_msgs/share/task_manager_msgs/msg/TaskParameter.idl
[1.415s] -- Up-to-date: /home/GTL/pcastere/ros_hw1/ros2_hw1/install/task_manager_msgs/share/task_manager_msgs/msg/TaskStatus.idl
[1.415s] -- Up-to-date: /home/GTL/pcastere/ros_hw1/ros2_hw1/install/task_manager_msgs/share/task_manager_msgs/msg/TaskConfig.idl
[1.415s] -- Up-to-date: /home/GTL/pcastere/ros_hw1/ros2_hw1/install/task_manager_msgs/share/task_manager_msgs/msg/SyncStatus.idl
[1.415s] -- Up-to-date: /home/GTL/pcastere/ros_hw1/ros2_hw1/install/task_manager_msgs/share/task_manager_msgs/msg/EncapsulatedMessage.idl
[1.415s] -- Up-to-date: /home/GTL/pcastere/ros_hw1/ros2_hw1/install/task_manager_msgs/share/task_manager_msgs/srv/GetAllTaskStatus.srv
[1.416s] -- Up-to-date: /home/GTL/pcastere/ros_hw1/ros2_hw1/install/task_manager_msgs/share/task_manager_msgs/srv/GetAllTaskStatus_Request.msg
[1.416s] -- Up-to-date: /home/GTL/pcastere/ros_hw1/ros2_hw1/install/task_manager_msgs/share/task_manager_msgs/srv/GetAllTaskStatus_Response.msg
[1.416s] -- Up-to-date: /home/GTL/pcastere/ros_hw1/ros2_hw1/install/task_manager_msgs/share/task_manager_msgs/srv/StartTask.srv
[1.417s] -- Up-to-date: /home/GTL/pcastere/ros_hw1/ros2_hw1/install/task_manager_msgs/share/task_manager_msgs/srv/StartTask_Request.msg
[1.417s] -- Up-to-date: /home/GTL/pcastere/ros_hw1/ros2_hw1/install/task_manager_msgs/share/task_manager_msgs/srv/StartTask_Response.msg
[1.417s] -- Up-to-date: /home/GTL/pcastere/ros_hw1/ros2_hw1/install/task_manager_msgs/share/task_manager_msgs/srv/StopTask.srv
[1.418s] -- Up-to-date: /home/GTL/pcastere/ros_hw1/ros2_hw1/install/task_manager_msgs/share/task_manager_msgs/srv/StopTask_Request.msg
[1.418s] -- Up-to-date: /home/GTL/pcastere/ros_hw1/ros2_hw1/install/task_manager_msgs/share/task_manager_msgs/srv/StopTask_Response.msg
[1.418s] -- Up-to-date: /home/GTL/pcastere/ros_hw1/ros2_hw1/install/task_manager_msgs/share/task_manager_msgs/srv/GetTaskList.srv
[1.418s] -- Up-to-date: /home/GTL/pcastere/ros_hw1/ros2_hw1/install/task_manager_msgs/share/task_manager_msgs/srv/GetTaskList_Request.msg
[1.419s] -- Up-to-date: /home/GTL/pcastere/ros_hw1/ros2_hw1/install/task_manager_msgs/share/task_manager_msgs/srv/GetTaskList_Response.msg
[1.419s] -- Up-to-date: /home/GTL/pcastere/ros_hw1/ros2_hw1/install/task_manager_msgs/share/task_manager_msgs/msg/TaskDescription.msg
[1.419s] -- Up-to-date: /home/GTL/pcastere/ros_hw1/ros2_hw1/install/task_manager_msgs/share/task_manager_msgs/msg/TaskParameter.msg
[1.419s] -- Up-to-date: /home/GTL/pcastere/ros_hw1/ros2_hw1/install/task_manager_msgs/share/task_manager_msgs/msg/TaskStatus.msg
[1.420s] -- Up-to-date: /home/GTL/pcastere/ros_hw1/ros2_hw1/install/task_manager_msgs/share/task_manager_msgs/msg/TaskConfig.msg
[1.420s] -- Up-to-date: /home/GTL/pcastere/ros_hw1/ros2_hw1/install/task_manager_msgs/share/task_manager_msgs/msg/SyncStatus.msg
[1.420s] -- Up-to-date: /home/GTL/pcastere/ros_hw1/ros2_hw1/install/task_manager_msgs/share/task_manager_msgs/msg/EncapsulatedMessage.msg
[1.421s] -- Up-to-date: /home/GTL/pcastere/ros_hw1/ros2_hw1/install/task_manager_msgs/lib/task_manager_msgs/task_manager_msgs_encapsulate
[1.423s] -- Up-to-date: /home/GTL/pcastere/ros_hw1/ros2_hw1/install/task_manager_msgs/share/ament_index/resource_index/package_run_dependencies/task_manager_msgs
[1.423s] -- Up-to-date: /home/GTL/pcastere/ros_hw1/ros2_hw1/install/task_manager_msgs/share/ament_index/resource_index/parent_prefix_path/task_manager_msgs
[1.423s] -- Up-to-date: /home/GTL/pcastere/ros_hw1/ros2_hw1/install/task_manager_msgs/share/task_manager_msgs/environment/ament_prefix_path.sh
[1.423s] -- Up-to-date: /home/GTL/pcastere/ros_hw1/ros2_hw1/install/task_manager_msgs/share/task_manager_msgs/environment/ament_prefix_path.dsv
[1.424s] -- Up-to-date: /home/GTL/pcastere/ros_hw1/ros2_hw1/install/task_manager_msgs/share/task_manager_msgs/environment/path.sh
[1.424s] -- Up-to-date: /home/GTL/pcastere/ros_hw1/ros2_hw1/install/task_manager_msgs/share/task_manager_msgs/environment/path.dsv
[1.424s] -- Up-to-date: /home/GTL/pcastere/ros_hw1/ros2_hw1/install/task_manager_msgs/share/task_manager_msgs/local_setup.bash
[1.425s] -- Up-to-date: /home/GTL/pcastere/ros_hw1/ros2_hw1/install/task_manager_msgs/share/task_manager_msgs/local_setup.sh
[1.425s] -- Up-to-date: /home/GTL/pcastere/ros_hw1/ros2_hw1/install/task_manager_msgs/share/task_manager_msgs/local_setup.zsh
[1.425s] -- Up-to-date: /home/GTL/pcastere/ros_hw1/ros2_hw1/install/task_manager_msgs/share/task_manager_msgs/local_setup.dsv
[1.426s] -- Installing: /home/GTL/pcastere/ros_hw1/ros2_hw1/install/task_manager_msgs/share/task_manager_msgs/package.dsv
[1.430s] -- Up-to-date: /home/GTL/pcastere/ros_hw1/ros2_hw1/install/task_manager_msgs/share/ament_index/resource_index/packages/task_manager_msgs
[1.432s] -- Up-to-date: /home/GTL/pcastere/ros_hw1/ros2_hw1/install/task_manager_msgs/share/task_manager_msgs/cmake/export_task_manager_msgs__rosidl_generator_cExport.cmake
[1.433s] -- Up-to-date: /home/GTL/pcastere/ros_hw1/ros2_hw1/install/task_manager_msgs/share/task_manager_msgs/cmake/export_task_manager_msgs__rosidl_generator_cExport-noconfig.cmake
[1.433s] -- Up-to-date: /home/GTL/pcastere/ros_hw1/ros2_hw1/install/task_manager_msgs/share/task_manager_msgs/cmake/export_task_manager_msgs__rosidl_typesupport_fastrtps_cExport.cmake
[1.434s] -- Up-to-date: /home/GTL/pcastere/ros_hw1/ros2_hw1/install/task_manager_msgs/share/task_manager_msgs/cmake/export_task_manager_msgs__rosidl_typesupport_fastrtps_cExport-noconfig.cmake
[1.436s] -- Up-to-date: /home/GTL/pcastere/ros_hw1/ros2_hw1/install/task_manager_msgs/share/task_manager_msgs/cmake/export_task_manager_msgs__rosidl_generator_cppExport.cmake
[1.436s] -- Up-to-date: /home/GTL/pcastere/ros_hw1/ros2_hw1/install/task_manager_msgs/share/task_manager_msgs/cmake/export_task_manager_msgs__rosidl_typesupport_fastrtps_cppExport.cmake
[1.437s] -- Up-to-date: /home/GTL/pcastere/ros_hw1/ros2_hw1/install/task_manager_msgs/share/task_manager_msgs/cmake/export_task_manager_msgs__rosidl_typesupport_fastrtps_cppExport-noconfig.cmake
[1.438s] -- Up-to-date: /home/GTL/pcastere/ros_hw1/ros2_hw1/install/task_manager_msgs/share/task_manager_msgs/cmake/task_manager_msgs__rosidl_typesupport_introspection_cExport.cmake
[1.440s] -- Up-to-date: /home/GTL/pcastere/ros_hw1/ros2_hw1/install/task_manager_msgs/share/task_manager_msgs/cmake/task_manager_msgs__rosidl_typesupport_introspection_cExport-noconfig.cmake
[1.440s] -- Up-to-date: /home/GTL/pcastere/ros_hw1/ros2_hw1/install/task_manager_msgs/share/task_manager_msgs/cmake/task_manager_msgs__rosidl_typesupport_cExport.cmake
[1.441s] -- Up-to-date: /home/GTL/pcastere/ros_hw1/ros2_hw1/install/task_manager_msgs/share/task_manager_msgs/cmake/task_manager_msgs__rosidl_typesupport_cExport-noconfig.cmake
[1.442s] -- Up-to-date: /home/GTL/pcastere/ros_hw1/ros2_hw1/install/task_manager_msgs/share/task_manager_msgs/cmake/task_manager_msgs__rosidl_typesupport_introspection_cppExport.cmake
[1.442s] -- Up-to-date: /home/GTL/pcastere/ros_hw1/ros2_hw1/install/task_manager_msgs/share/task_manager_msgs/cmake/task_manager_msgs__rosidl_typesupport_introspection_cppExport-noconfig.cmake
[1.444s] -- Up-to-date: /home/GTL/pcastere/ros_hw1/ros2_hw1/install/task_manager_msgs/share/task_manager_msgs/cmake/task_manager_msgs__rosidl_typesupport_cppExport.cmake
[1.444s] -- Up-to-date: /home/GTL/pcastere/ros_hw1/ros2_hw1/install/task_manager_msgs/share/task_manager_msgs/cmake/task_manager_msgs__rosidl_typesupport_cppExport-noconfig.cmake
[1.445s] -- Up-to-date: /home/GTL/pcastere/ros_hw1/ros2_hw1/install/task_manager_msgs/share/task_manager_msgs/cmake/export_task_manager_msgs__rosidl_generator_pyExport.cmake
[1.446s] -- Up-to-date: /home/GTL/pcastere/ros_hw1/ros2_hw1/install/task_manager_msgs/share/task_manager_msgs/cmake/export_task_manager_msgs__rosidl_generator_pyExport-noconfig.cmake
[1.446s] -- Up-to-date: /home/GTL/pcastere/ros_hw1/ros2_hw1/install/task_manager_msgs/share/task_manager_msgs/cmake/rosidl_cmake-extras.cmake
[1.446s] -- Up-to-date: /home/GTL/pcastere/ros_hw1/ros2_hw1/install/task_manager_msgs/share/task_manager_msgs/cmake/ament_cmake_export_dependencies-extras.cmake
[1.447s] -- Up-to-date: /home/GTL/pcastere/ros_hw1/ros2_hw1/install/task_manager_msgs/share/task_manager_msgs/cmake/ament_cmake_export_include_directories-extras.cmake
[1.447s] -- Up-to-date: /home/GTL/pcastere/ros_hw1/ros2_hw1/install/task_manager_msgs/share/task_manager_msgs/cmake/ament_cmake_export_libraries-extras.cmake
[1.447s] -- Up-to-date: /home/GTL/pcastere/ros_hw1/ros2_hw1/install/task_manager_msgs/share/task_manager_msgs/cmake/ament_cmake_export_targets-extras.cmake
[1.448s] -- Up-to-date: /home/GTL/pcastere/ros_hw1/ros2_hw1/install/task_manager_msgs/share/task_manager_msgs/cmake/rosidl_cmake_export_typesupport_targets-extras.cmake
[1.448s] -- Up-to-date: /home/GTL/pcastere/ros_hw1/ros2_hw1/install/task_manager_msgs/share/task_manager_msgs/cmake/rosidl_cmake_export_typesupport_libraries-extras.cmake
[1.448s] -- Up-to-date: /home/GTL/pcastere/ros_hw1/ros2_hw1/install/task_manager_msgs/share/task_manager_msgs/cmake/task_manager_msgsConfig.cmake
[1.448s] -- Up-to-date: /home/GTL/pcastere/ros_hw1/ros2_hw1/install/task_manager_msgs/share/task_manager_msgs/cmake/task_manager_msgsConfig-version.cmake
[1.451s] -- Up-to-date: /home/GTL/pcastere/ros_hw1/ros2_hw1/install/task_manager_msgs/share/task_manager_msgs/package.xml
[1.455s] Invoked command in '/home/GTL/pcastere/ros_hw1/ros2_hw1/build/task_manager_msgs' returned '0': CMAKE_PREFIX_PATH=/opt/ros/humble /usr/bin/cmake --install /home/GTL/pcastere/ros_hw1/ros2_hw1/build/task_manager_msgs
