[0.023s] Invoking command in '/home/GTL/apaul/ros2_hw1/build/task_manager_sync': AMENT_PREFIX_PATH=/home/GTL/apaul/ros2_hw1/install/task_manager_lib:/home/GTL/apaul/ros2_hw1/install/task_manager_msgs:${AMENT_PREFIX_PATH} CMAKE_PREFIX_PATH=/home/GTL/apaul/ros2_hw1/install/task_manager_lib:/home/GTL/apaul/ros2_hw1/install/task_manager_msgs:/opt/ros/humble LD_LIBRARY_PATH=/home/GTL/apaul/ros2_hw1/install/task_manager_lib/lib:/home/GTL/apaul/ros2_hw1/install/task_manager_msgs/lib:${LD_LIBRARY_PATH} PYTHONPATH=/home/GTL/apaul/ros2_hw1/install/task_manager_msgs/local/lib/python3.10/dist-packages:${PYTHONPATH} /usr/bin/cmake /home/GTL/apaul/ros2_hw1/src/ros_task_manager/src/task_manager_sync -DCMAKE_INSTALL_PREFIX=/home/GTL/apaul/ros2_hw1/install/task_manager_sync
[0.084s] -- The C compiler identification is GNU 11.4.0
[0.134s] -- The CXX compiler identification is GNU 11.4.0
[0.144s] -- Detecting C compiler ABI info
[0.243s] -- Detecting C compiler ABI info - done
[0.251s] -- Check for working C compiler: /usr/bin/cc - skipped
[0.251s] -- Detecting C compile features
[0.251s] -- Detecting C compile features - done
[0.258s] -- Detecting CXX compiler ABI info
[0.359s] -- Detecting CXX compiler ABI info - done
[0.366s] -- Check for working CXX compiler: /usr/bin/c++ - skipped
[0.366s] -- Detecting CXX compile features
[0.367s] -- Detecting CXX compile features - done
[0.377s] -- Found ament_cmake: 1.3.10 (/opt/ros/humble/share/ament_cmake/cmake)
[0.485s] -- Found Python3: /usr/bin/python3 (found version "3.10.12") found components: Interpreter 
[0.631s] -- Found task_manager_msgs: 0.0.0 (/home/GTL/apaul/ros2_hw1/install/task_manager_msgs/share/task_manager_msgs/cmake)
[0.711s] -- Found rosidl_generator_c: 3.1.5 (/opt/ros/humble/share/rosidl_generator_c/cmake)
[0.724s] -- Found rosidl_adapter: 3.1.5 (/opt/ros/humble/share/rosidl_adapter/cmake)
[0.740s] -- Found rosidl_generator_cpp: 3.1.5 (/opt/ros/humble/share/rosidl_generator_cpp/cmake)
[0.762s] -- Using all available rosidl_typesupport_c: rosidl_typesupport_fastrtps_c;rosidl_typesupport_introspection_c
[0.792s] -- Using all available rosidl_typesupport_cpp: rosidl_typesupport_fastrtps_cpp;rosidl_typesupport_introspection_cpp
[0.927s] -- Found rmw_implementation_cmake: 6.1.2 (/opt/ros/humble/share/rmw_implementation_cmake/cmake)
[0.934s] -- Found rmw_cyclonedds_cpp: 1.3.4 (/opt/ros/humble/share/rmw_cyclonedds_cpp/cmake)
[0.977s] -- Using RMW implementation 'rmw_cyclonedds_cpp' as default
[1.005s] -- Looking for pthread.h
[1.114s] -- Looking for pthread.h - found
[1.116s] -- Performing Test CMAKE_HAVE_LIBC_PTHREAD
[1.227s] -- Performing Test CMAKE_HAVE_LIBC_PTHREAD - Success
[1.228s] -- Found Threads: TRUE  
[1.291s] -- Found task_manager_lib: 0.0.0 (/home/GTL/apaul/ros2_hw1/install/task_manager_lib/share/task_manager_lib/cmake)
[1.375s] -- Found ament_lint_auto: 0.12.11 (/opt/ros/humble/share/ament_lint_auto/cmake)
[1.565s] -- Added test 'copyright' to check source files copyright and LICENSE
[1.583s] -- Added test 'cppcheck' to perform static code analysis on C / C++ code
[1.584s] -- Configured cppcheck include dirs: /home/GTL/apaul/ros2_hw1/src/ros_task_manager/src/task_manager_sync/include
[1.584s] -- Configured cppcheck exclude dirs and/or files: 
[1.597s] -- Added test 'cpplint' to check C / C++ code against the Google style
[1.597s] -- Configured cpplint exclude dirs and/or files: 
[1.601s] -- Added test 'flake8' to check Python code syntax and style conventions
[1.605s] -- Added test 'lint_cmake' to check CMake code style
[1.609s] -- Added test 'pep257' to check Python code against some of the docstring style conventions in PEP 257
[1.622s] -- Added test 'uncrustify' to check C / C++ code style
[1.622s] -- Configured uncrustify additional arguments: 
[1.625s] -- Added test 'xmllint' to check XML markup files
[1.677s] -- Configuring done
[2.593s] -- Generating done
[2.617s] -- Build files have been written to: /home/GTL/apaul/ros2_hw1/build/task_manager_sync
[2.623s] Invoked command in '/home/GTL/apaul/ros2_hw1/build/task_manager_sync' returned '0': AMENT_PREFIX_PATH=/home/GTL/apaul/ros2_hw1/install/task_manager_lib:/home/GTL/apaul/ros2_hw1/install/task_manager_msgs:${AMENT_PREFIX_PATH} CMAKE_PREFIX_PATH=/home/GTL/apaul/ros2_hw1/install/task_manager_lib:/home/GTL/apaul/ros2_hw1/install/task_manager_msgs:/opt/ros/humble LD_LIBRARY_PATH=/home/GTL/apaul/ros2_hw1/install/task_manager_lib/lib:/home/GTL/apaul/ros2_hw1/install/task_manager_msgs/lib:${LD_LIBRARY_PATH} PYTHONPATH=/home/GTL/apaul/ros2_hw1/install/task_manager_msgs/local/lib/python3.10/dist-packages:${PYTHONPATH} /usr/bin/cmake /home/GTL/apaul/ros2_hw1/src/ros_task_manager/src/task_manager_sync -DCMAKE_INSTALL_PREFIX=/home/GTL/apaul/ros2_hw1/install/task_manager_sync
[2.625s] Invoking command in '/home/GTL/apaul/ros2_hw1/build/task_manager_sync': AMENT_PREFIX_PATH=/home/GTL/apaul/ros2_hw1/install/task_manager_lib:/home/GTL/apaul/ros2_hw1/install/task_manager_msgs:${AMENT_PREFIX_PATH} CMAKE_PREFIX_PATH=/home/GTL/apaul/ros2_hw1/install/task_manager_lib:/home/GTL/apaul/ros2_hw1/install/task_manager_msgs:/opt/ros/humble LD_LIBRARY_PATH=/home/GTL/apaul/ros2_hw1/install/task_manager_lib/lib:/home/GTL/apaul/ros2_hw1/install/task_manager_msgs/lib:${LD_LIBRARY_PATH} PYTHONPATH=/home/GTL/apaul/ros2_hw1/install/task_manager_msgs/local/lib/python3.10/dist-packages:${PYTHONPATH} /usr/bin/cmake --build /home/GTL/apaul/ros2_hw1/build/task_manager_sync -- -j16 -l16
[2.689s] [ 57%] [32mBuilding CXX object CMakeFiles/task_manager_sync_lib.dir/src/TaskSetStatusSync.cpp.o[0m
[2.689s] [ 57%] [32mBuilding CXX object CMakeFiles/task_manager_sync_lib.dir/src/TaskWaitForStatusSync.cpp.o[0m
[2.689s] [ 57%] [32mBuilding CXX object CMakeFiles/task_manager_sync_lib.dir/src/TaskEnvironmentSync.cpp.o[0m
[2.689s] [ 57%] [32mBuilding CXX object CMakeFiles/task_manager_sync_lib.dir/src/TaskServerSync.cpp.o[0m
[8.377s] [ 71%] [32m[1mLinking CXX shared library libtask_manager_sync_lib.so[0m
[10.731s] [ 71%] Built target task_manager_sync_lib
[10.758s] [ 85%] [32mBuilding CXX object CMakeFiles/test_server_sync.dir/src/task_server.cpp.o[0m
[14.017s] [100%] [32m[1mLinking CXX executable test_server_sync[0m
[14.363s] [100%] Built target test_server_sync
[14.375s] Invoked command in '/home/GTL/apaul/ros2_hw1/build/task_manager_sync' returned '0': AMENT_PREFIX_PATH=/home/GTL/apaul/ros2_hw1/install/task_manager_lib:/home/GTL/apaul/ros2_hw1/install/task_manager_msgs:${AMENT_PREFIX_PATH} CMAKE_PREFIX_PATH=/home/GTL/apaul/ros2_hw1/install/task_manager_lib:/home/GTL/apaul/ros2_hw1/install/task_manager_msgs:/opt/ros/humble LD_LIBRARY_PATH=/home/GTL/apaul/ros2_hw1/install/task_manager_lib/lib:/home/GTL/apaul/ros2_hw1/install/task_manager_msgs/lib:${LD_LIBRARY_PATH} PYTHONPATH=/home/GTL/apaul/ros2_hw1/install/task_manager_msgs/local/lib/python3.10/dist-packages:${PYTHONPATH} /usr/bin/cmake --build /home/GTL/apaul/ros2_hw1/build/task_manager_sync -- -j16 -l16
[14.402s] Invoking command in '/home/GTL/apaul/ros2_hw1/build/task_manager_sync': AMENT_PREFIX_PATH=/home/GTL/apaul/ros2_hw1/install/task_manager_lib:/home/GTL/apaul/ros2_hw1/install/task_manager_msgs:${AMENT_PREFIX_PATH} CMAKE_PREFIX_PATH=/home/GTL/apaul/ros2_hw1/install/task_manager_lib:/home/GTL/apaul/ros2_hw1/install/task_manager_msgs:/opt/ros/humble LD_LIBRARY_PATH=/home/GTL/apaul/ros2_hw1/install/task_manager_lib/lib:/home/GTL/apaul/ros2_hw1/install/task_manager_msgs/lib:${LD_LIBRARY_PATH} PYTHONPATH=/home/GTL/apaul/ros2_hw1/install/task_manager_msgs/local/lib/python3.10/dist-packages:${PYTHONPATH} /usr/bin/cmake --install /home/GTL/apaul/ros2_hw1/build/task_manager_sync
[14.407s] -- Install configuration: ""
[14.412s] -- Installing: /home/GTL/apaul/ros2_hw1/install/task_manager_sync/lib/libtask_manager_sync_lib.so
[14.478s] -- Set runtime path of "/home/GTL/apaul/ros2_hw1/install/task_manager_sync/lib/libtask_manager_sync_lib.so" to ""
[14.479s] -- Installing: /home/GTL/apaul/ros2_hw1/install/task_manager_sync/include/task_manager_sync
[14.482s] -- Installing: /home/GTL/apaul/ros2_hw1/install/task_manager_sync/include/task_manager_sync/TaskWaitForStatusSync.h
[14.486s] -- Installing: /home/GTL/apaul/ros2_hw1/install/task_manager_sync/include/task_manager_sync/TaskEnvironmentSync.h
[14.489s] -- Installing: /home/GTL/apaul/ros2_hw1/install/task_manager_sync/include/task_manager_sync/TaskSetStatusSync.h
[14.493s] -- Installing: /home/GTL/apaul/ros2_hw1/install/task_manager_sync/include/task_manager_sync/TaskServerSync.h
[14.497s] -- Installing: /home/GTL/apaul/ros2_hw1/install/task_manager_sync/share/task_manager_sync
[14.501s] -- Installing: /home/GTL/apaul/ros2_hw1/install/task_manager_sync/share/task_manager_sync/launch_server.launch
[14.507s] -- Installing: /home/GTL/apaul/ros2_hw1/install/task_manager_sync/share/task_manager_sync/environment/library_path.sh
[14.511s] -- Installing: /home/GTL/apaul/ros2_hw1/install/task_manager_sync/share/task_manager_sync/environment/library_path.dsv
[14.520s] -- Installing: /home/GTL/apaul/ros2_hw1/install/task_manager_sync/share/ament_index/resource_index/package_run_dependencies/task_manager_sync
[14.527s] -- Installing: /home/GTL/apaul/ros2_hw1/install/task_manager_sync/share/ament_index/resource_index/parent_prefix_path/task_manager_sync
[14.533s] -- Installing: /home/GTL/apaul/ros2_hw1/install/task_manager_sync/share/task_manager_sync/environment/ament_prefix_path.sh
[14.537s] -- Installing: /home/GTL/apaul/ros2_hw1/install/task_manager_sync/share/task_manager_sync/environment/ament_prefix_path.dsv
[14.541s] -- Installing: /home/GTL/apaul/ros2_hw1/install/task_manager_sync/share/task_manager_sync/environment/path.sh
[14.544s] -- Installing: /home/GTL/apaul/ros2_hw1/install/task_manager_sync/share/task_manager_sync/environment/path.dsv
[14.548s] -- Installing: /home/GTL/apaul/ros2_hw1/install/task_manager_sync/share/task_manager_sync/local_setup.bash
[14.552s] -- Installing: /home/GTL/apaul/ros2_hw1/install/task_manager_sync/share/task_manager_sync/local_setup.sh
[14.555s] -- Installing: /home/GTL/apaul/ros2_hw1/install/task_manager_sync/share/task_manager_sync/local_setup.zsh
[14.559s] -- Installing: /home/GTL/apaul/ros2_hw1/install/task_manager_sync/share/task_manager_sync/local_setup.dsv
[14.563s] -- Installing: /home/GTL/apaul/ros2_hw1/install/task_manager_sync/share/task_manager_sync/package.dsv
[14.570s] -- Installing: /home/GTL/apaul/ros2_hw1/install/task_manager_sync/share/ament_index/resource_index/packages/task_manager_sync
[14.575s] -- Installing: /home/GTL/apaul/ros2_hw1/install/task_manager_sync/share/task_manager_sync/cmake/ament_cmake_export_dependencies-extras.cmake
[14.579s] -- Installing: /home/GTL/apaul/ros2_hw1/install/task_manager_sync/share/task_manager_sync/cmake/ament_cmake_export_include_directories-extras.cmake
[14.582s] -- Installing: /home/GTL/apaul/ros2_hw1/install/task_manager_sync/share/task_manager_sync/cmake/ament_cmake_export_libraries-extras.cmake
[14.586s] -- Installing: /home/GTL/apaul/ros2_hw1/install/task_manager_sync/share/task_manager_sync/cmake/task_manager_syncConfig.cmake
[14.589s] -- Installing: /home/GTL/apaul/ros2_hw1/install/task_manager_sync/share/task_manager_sync/cmake/task_manager_syncConfig-version.cmake
[14.593s] -- Installing: /home/GTL/apaul/ros2_hw1/install/task_manager_sync/share/task_manager_sync/package.xml
[14.599s] Invoked command in '/home/GTL/apaul/ros2_hw1/build/task_manager_sync' returned '0': AMENT_PREFIX_PATH=/home/GTL/apaul/ros2_hw1/install/task_manager_lib:/home/GTL/apaul/ros2_hw1/install/task_manager_msgs:${AMENT_PREFIX_PATH} CMAKE_PREFIX_PATH=/home/GTL/apaul/ros2_hw1/install/task_manager_lib:/home/GTL/apaul/ros2_hw1/install/task_manager_msgs:/opt/ros/humble LD_LIBRARY_PATH=/home/GTL/apaul/ros2_hw1/install/task_manager_lib/lib:/home/GTL/apaul/ros2_hw1/install/task_manager_msgs/lib:${LD_LIBRARY_PATH} PYTHONPATH=/home/GTL/apaul/ros2_hw1/install/task_manager_msgs/local/lib/python3.10/dist-packages:${PYTHONPATH} /usr/bin/cmake --install /home/GTL/apaul/ros2_hw1/build/task_manager_sync
