[1.275s] Invoking command in '/home/GTL/pcastere/ros_hw1/ros2_hw1/src/face_detect_base': AMENT_PREFIX_PATH=/home/GTL/pcastere/ros_hw1/ros2_hw1/install/cs7630_msgs:${AMENT_PREFIX_PATH} CMAKE_PREFIX_PATH=/home/GTL/pcastere/ros_hw1/ros2_hw1/install/cs7630_msgs LD_LIBRARY_PATH=/home/GTL/pcastere/ros_hw1/ros2_hw1/install/cs7630_msgs/lib:${LD_LIBRARY_PATH} PYTHONPATH=/home/GTL/pcastere/ros_hw1/ros2_hw1/build/face_detect_base/prefix_override:/usr/lib/python3/dist-packages/colcon_core/task/python/colcon_distutils_commands:/home/GTL/pcastere/ros_hw1/ros2_hw1/install/face_detect_base/lib/python3.10/site-packages:/home/GTL/pcastere/ros_hw1/ros2_hw1/install/cs7630_msgs/local/lib/python3.10/dist-packages:${PYTHONPATH} /usr/bin/python3 -W ignore:setup.py install is deprecated setup.py egg_info --egg-base ../../build/face_detect_base build --build-base /home/GTL/pcastere/ros_hw1/ros2_hw1/build/face_detect_base/build install --record /home/GTL/pcastere/ros_hw1/ros2_hw1/build/face_detect_base/install.log --single-version-externally-managed install_data
[1.506s] running egg_info
[1.508s] creating ../../build/face_detect_base/face_detect_base.egg-info
[1.509s] writing ../../build/face_detect_base/face_detect_base.egg-info/PKG-INFO
[1.512s] writing dependency_links to ../../build/face_detect_base/face_detect_base.egg-info/dependency_links.txt
[1.514s] writing entry points to ../../build/face_detect_base/face_detect_base.egg-info/entry_points.txt
[1.516s] writing requirements to ../../build/face_detect_base/face_detect_base.egg-info/requires.txt
[1.518s] writing top-level names to ../../build/face_detect_base/face_detect_base.egg-info/top_level.txt
[1.521s] writing manifest file '../../build/face_detect_base/face_detect_base.egg-info/SOURCES.txt'
[1.527s] reading manifest file '../../build/face_detect_base/face_detect_base.egg-info/SOURCES.txt'
[1.530s] writing manifest file '../../build/face_detect_base/face_detect_base.egg-info/SOURCES.txt'
[1.531s] running build
[1.531s] running build_py
[1.532s] creating /home/GTL/pcastere/ros_hw1/ros2_hw1/build/face_detect_base/build
[1.533s] creating /home/GTL/pcastere/ros_hw1/ros2_hw1/build/face_detect_base/build/lib
[1.534s] creating /home/GTL/pcastere/ros_hw1/ros2_hw1/build/face_detect_base/build/lib/face_detect_base
[1.536s] copying face_detect_base/face_detect_node.py -> /home/GTL/pcastere/ros_hw1/ros2_hw1/build/face_detect_base/build/lib/face_detect_base
[1.539s] copying face_detect_base/__init__.py -> /home/GTL/pcastere/ros_hw1/ros2_hw1/build/face_detect_base/build/lib/face_detect_base
[1.541s] running install
[1.542s] running install_lib
[1.545s] creating /home/GTL/pcastere/ros_hw1/ros2_hw1/install/face_detect_base/lib/python3.10/site-packages/face_detect_base
[1.547s] copying /home/GTL/pcastere/ros_hw1/ros2_hw1/build/face_detect_base/build/lib/face_detect_base/face_detect_node.py -> /home/GTL/pcastere/ros_hw1/ros2_hw1/install/face_detect_base/lib/python3.10/site-packages/face_detect_base
[1.551s] copying /home/GTL/pcastere/ros_hw1/ros2_hw1/build/face_detect_base/build/lib/face_detect_base/__init__.py -> /home/GTL/pcastere/ros_hw1/ros2_hw1/install/face_detect_base/lib/python3.10/site-packages/face_detect_base
[1.554s] byte-compiling /home/GTL/pcastere/ros_hw1/ros2_hw1/install/face_detect_base/lib/python3.10/site-packages/face_detect_base/face_detect_node.py to face_detect_node.cpython-310.pyc
[1.560s] byte-compiling /home/GTL/pcastere/ros_hw1/ros2_hw1/install/face_detect_base/lib/python3.10/site-packages/face_detect_base/__init__.py to __init__.cpython-310.pyc
[1.563s] running install_data
[1.563s] creating /home/GTL/pcastere/ros_hw1/ros2_hw1/install/face_detect_base/share/ament_index
[1.564s] creating /home/GTL/pcastere/ros_hw1/ros2_hw1/install/face_detect_base/share/ament_index/resource_index
[1.565s] creating /home/GTL/pcastere/ros_hw1/ros2_hw1/install/face_detect_base/share/ament_index/resource_index/packages
[1.567s] copying resource/face_detect_base -> /home/GTL/pcastere/ros_hw1/ros2_hw1/install/face_detect_base/share/ament_index/resource_index/packages
[1.569s] copying package.xml -> /home/GTL/pcastere/ros_hw1/ros2_hw1/install/face_detect_base/share/face_detect_base
[1.572s] copying launch/face_detect.launch.py -> /home/GTL/pcastere/ros_hw1/ros2_hw1/install/face_detect_base/share/face_detect_base
[1.575s] running install_egg_info
[1.577s] Copying ../../build/face_detect_base/face_detect_base.egg-info to /home/GTL/pcastere/ros_hw1/ros2_hw1/install/face_detect_base/lib/python3.10/site-packages/face_detect_base-0.0.0-py3.10.egg-info
[1.604s] running install_scripts
[1.623s] Installing face_detect_node script to /home/GTL/pcastere/ros_hw1/ros2_hw1/install/face_detect_base/lib/face_detect_base
[1.628s] writing list of installed files to '/home/GTL/pcastere/ros_hw1/ros2_hw1/build/face_detect_base/install.log'
[1.652s] Invoked command in '/home/GTL/pcastere/ros_hw1/ros2_hw1/src/face_detect_base' returned '0': AMENT_PREFIX_PATH=/home/GTL/pcastere/ros_hw1/ros2_hw1/install/cs7630_msgs:${AMENT_PREFIX_PATH} CMAKE_PREFIX_PATH=/home/GTL/pcastere/ros_hw1/ros2_hw1/install/cs7630_msgs LD_LIBRARY_PATH=/home/GTL/pcastere/ros_hw1/ros2_hw1/install/cs7630_msgs/lib:${LD_LIBRARY_PATH} PYTHONPATH=/home/GTL/pcastere/ros_hw1/ros2_hw1/build/face_detect_base/prefix_override:/usr/lib/python3/dist-packages/colcon_core/task/python/colcon_distutils_commands:/home/GTL/pcastere/ros_hw1/ros2_hw1/install/face_detect_base/lib/python3.10/site-packages:/home/GTL/pcastere/ros_hw1/ros2_hw1/install/cs7630_msgs/local/lib/python3.10/dist-packages:${PYTHONPATH} /usr/bin/python3 -W ignore:setup.py install is deprecated setup.py egg_info --egg-base ../../build/face_detect_base build --build-base /home/GTL/pcastere/ros_hw1/ros2_hw1/build/face_detect_base/build install --record /home/GTL/pcastere/ros_hw1/ros2_hw1/build/face_detect_base/install.log --single-version-externally-managed install_data
