[0.069s] Invoking command in '/home/GTL/apaul/ros2_hw1/build/task_manager_lib': CMAKE_PREFIX_PATH=/home/GTL/apaul/ros2_hw1/install/task_manager_msgs:/home/GTL/apaul/ros2_hw1/install/wifi_map_base:/home/GTL/apaul/ros2_hw1/install/wpa_cli_msgs:/home/GTL/apaul/ros2_hw1/install/vrep4_helpers:/home/GTL/apaul/ros2_hw1/install/turtlebot_launch:/home/GTL/apaul/ros2_hw1/install/task_manager_sync:/home/GTL/apaul/ros2_hw1/install/floor_nav:/home/GTL/apaul/ros2_hw1/install/task_manager_nav2:/home/GTL/apaul/ros2_hw1/install/task_manager_lib:/home/GTL/apaul/ros2_hw1/install/joy_pack:/home/GTL/apaul/ros2_hw1/install/face_msg:/home/GTL/apaul/ros2_hw1/install/cs7630_msgs:/home/GTL/apaul/ros2_hw1/install/collision_avoidance_base:/home/GTL/apaul/ros2_hw1/install/vrep_ros_teleop:/home/GTL/apaul/ros2_hw1/install/task_manager_client_py:/home/GTL/apaul/ros2_hw1/install/ar_slam_base:/home/GTL/apaul/ros2_hw1/install/ar_loc_base:/home/GTL/apaul/ros2_hw1/install/rover_driver_base:/home/GTL/apaul/ros2_hw1/install/keyboard_teleop:/home/GTL/apaul/ros2_hw1/install/face_detect_base:/home/GTL/apaul/ros2_hw1/install/button_server:/home/GTL/apaul/ros2_hw1/install/ar_mapping_base:/opt/ros/humble LD_LIBRARY_PATH=/home/GTL/apaul/ros2_hw1/install/task_manager_msgs/lib:/home/GTL/apaul/ros2_hw1/install/wpa_cli_msgs/lib:/home/GTL/apaul/ros2_hw1/install/task_manager_sync/lib:/home/GTL/apaul/ros2_hw1/install/task_manager_lib/lib:/home/GTL/apaul/ros2_hw1/install/face_msg/lib:/home/GTL/apaul/ros2_hw1/install/cs7630_msgs/lib:/usr/lib/x86_64-linux-gnu/gazebo-11/plugins:/opt/ros/humble/opt/rviz_ogre_vendor/lib:/opt/ros/humble/lib/x86_64-linux-gnu:/opt/ros/humble/lib /usr/bin/cmake --build /home/GTL/apaul/ros2_hw1/build/task_manager_lib -- -j16 -l16
[0.314s] [100%] Built target task_manager_lib
[0.756s] Invoked command in '/home/GTL/apaul/ros2_hw1/build/task_manager_lib' returned '0': CMAKE_PREFIX_PATH=/home/GTL/apaul/ros2_hw1/install/task_manager_msgs:/home/GTL/apaul/ros2_hw1/install/wifi_map_base:/home/GTL/apaul/ros2_hw1/install/wpa_cli_msgs:/home/GTL/apaul/ros2_hw1/install/vrep4_helpers:/home/GTL/apaul/ros2_hw1/install/turtlebot_launch:/home/GTL/apaul/ros2_hw1/install/task_manager_sync:/home/GTL/apaul/ros2_hw1/install/floor_nav:/home/GTL/apaul/ros2_hw1/install/task_manager_nav2:/home/GTL/apaul/ros2_hw1/install/task_manager_lib:/home/GTL/apaul/ros2_hw1/install/joy_pack:/home/GTL/apaul/ros2_hw1/install/face_msg:/home/GTL/apaul/ros2_hw1/install/cs7630_msgs:/home/GTL/apaul/ros2_hw1/install/collision_avoidance_base:/home/GTL/apaul/ros2_hw1/install/vrep_ros_teleop:/home/GTL/apaul/ros2_hw1/install/task_manager_client_py:/home/GTL/apaul/ros2_hw1/install/ar_slam_base:/home/GTL/apaul/ros2_hw1/install/ar_loc_base:/home/GTL/apaul/ros2_hw1/install/rover_driver_base:/home/GTL/apaul/ros2_hw1/install/keyboard_teleop:/home/GTL/apaul/ros2_hw1/install/face_detect_base:/home/GTL/apaul/ros2_hw1/install/button_server:/home/GTL/apaul/ros2_hw1/install/ar_mapping_base:/opt/ros/humble LD_LIBRARY_PATH=/home/GTL/apaul/ros2_hw1/install/task_manager_msgs/lib:/home/GTL/apaul/ros2_hw1/install/wpa_cli_msgs/lib:/home/GTL/apaul/ros2_hw1/install/task_manager_sync/lib:/home/GTL/apaul/ros2_hw1/install/task_manager_lib/lib:/home/GTL/apaul/ros2_hw1/install/face_msg/lib:/home/GTL/apaul/ros2_hw1/install/cs7630_msgs/lib:/usr/lib/x86_64-linux-gnu/gazebo-11/plugins:/opt/ros/humble/opt/rviz_ogre_vendor/lib:/opt/ros/humble/lib/x86_64-linux-gnu:/opt/ros/humble/lib /usr/bin/cmake --build /home/GTL/apaul/ros2_hw1/build/task_manager_lib -- -j16 -l16
[0.790s] Invoking command in '/home/GTL/apaul/ros2_hw1/build/task_manager_lib': CMAKE_PREFIX_PATH=/home/GTL/apaul/ros2_hw1/install/task_manager_msgs:/home/GTL/apaul/ros2_hw1/install/wifi_map_base:/home/GTL/apaul/ros2_hw1/install/wpa_cli_msgs:/home/GTL/apaul/ros2_hw1/install/vrep4_helpers:/home/GTL/apaul/ros2_hw1/install/turtlebot_launch:/home/GTL/apaul/ros2_hw1/install/task_manager_sync:/home/GTL/apaul/ros2_hw1/install/floor_nav:/home/GTL/apaul/ros2_hw1/install/task_manager_nav2:/home/GTL/apaul/ros2_hw1/install/task_manager_lib:/home/GTL/apaul/ros2_hw1/install/joy_pack:/home/GTL/apaul/ros2_hw1/install/face_msg:/home/GTL/apaul/ros2_hw1/install/cs7630_msgs:/home/GTL/apaul/ros2_hw1/install/collision_avoidance_base:/home/GTL/apaul/ros2_hw1/install/vrep_ros_teleop:/home/GTL/apaul/ros2_hw1/install/task_manager_client_py:/home/GTL/apaul/ros2_hw1/install/ar_slam_base:/home/GTL/apaul/ros2_hw1/install/ar_loc_base:/home/GTL/apaul/ros2_hw1/install/rover_driver_base:/home/GTL/apaul/ros2_hw1/install/keyboard_teleop:/home/GTL/apaul/ros2_hw1/install/face_detect_base:/home/GTL/apaul/ros2_hw1/install/button_server:/home/GTL/apaul/ros2_hw1/install/ar_mapping_base:/opt/ros/humble LD_LIBRARY_PATH=/home/GTL/apaul/ros2_hw1/install/task_manager_msgs/lib:/home/GTL/apaul/ros2_hw1/install/wpa_cli_msgs/lib:/home/GTL/apaul/ros2_hw1/install/task_manager_sync/lib:/home/GTL/apaul/ros2_hw1/install/task_manager_lib/lib:/home/GTL/apaul/ros2_hw1/install/face_msg/lib:/home/GTL/apaul/ros2_hw1/install/cs7630_msgs/lib:/usr/lib/x86_64-linux-gnu/gazebo-11/plugins:/opt/ros/humble/opt/rviz_ogre_vendor/lib:/opt/ros/humble/lib/x86_64-linux-gnu:/opt/ros/humble/lib /usr/bin/cmake --install /home/GTL/apaul/ros2_hw1/build/task_manager_lib
[0.795s] -- Install configuration: ""
[0.797s] -- Up-to-date: /home/GTL/apaul/ros2_hw1/install/task_manager_lib/lib/libtask_manager_lib.so
[0.801s] -- Up-to-date: /home/GTL/apaul/ros2_hw1/install/task_manager_lib/include/task_manager_lib
[0.801s] -- Up-to-date: /home/GTL/apaul/ros2_hw1/install/task_manager_lib/include/task_manager_lib/TaskServerDefault.h
[0.802s] -- Up-to-date: /home/GTL/apaul/ros2_hw1/install/task_manager_lib/include/task_manager_lib/TaskWaitDefault.h
[0.802s] -- Up-to-date: /home/GTL/apaul/ros2_hw1/install/task_manager_lib/include/task_manager_lib/TaskClient.h
[0.802s] -- Up-to-date: /home/GTL/apaul/ros2_hw1/install/task_manager_lib/include/task_manager_lib/ServiceStorage.h
[0.803s] -- Up-to-date: /home/GTL/apaul/ros2_hw1/install/task_manager_lib/include/task_manager_lib/TaskScheduler.h
[0.803s] -- Up-to-date: /home/GTL/apaul/ros2_hw1/install/task_manager_lib/include/task_manager_lib/DynamicTask.h
[0.803s] -- Up-to-date: /home/GTL/apaul/ros2_hw1/install/task_manager_lib/include/task_manager_lib/TaskEnvironment.h
[0.804s] -- Up-to-date: /home/GTL/apaul/ros2_hw1/install/task_manager_lib/include/task_manager_lib/TaskInstance.h
[0.804s] -- Up-to-date: /home/GTL/apaul/ros2_hw1/install/task_manager_lib/include/task_manager_lib/ParameterList.h
[0.804s] -- Up-to-date: /home/GTL/apaul/ros2_hw1/install/task_manager_lib/include/task_manager_lib/TaskIdleDefault.h
[0.805s] -- Up-to-date: /home/GTL/apaul/ros2_hw1/install/task_manager_lib/include/task_manager_lib/TaskServiceGeneric.h
[0.805s] -- Up-to-date: /home/GTL/apaul/ros2_hw1/install/task_manager_lib/include/task_manager_lib/TaskParameterDefinition.h
[0.805s] -- Up-to-date: /home/GTL/apaul/ros2_hw1/install/task_manager_lib/include/task_manager_lib/TaskSystem.h
[0.806s] -- Up-to-date: /home/GTL/apaul/ros2_hw1/install/task_manager_lib/include/task_manager_lib/TaskDefinition.h
[0.806s] -- Up-to-date: /home/GTL/apaul/ros2_hw1/install/task_manager_lib/include/task_manager_lib/TaskConfig.h
[0.806s] -- Up-to-date: /home/GTL/apaul/ros2_hw1/install/task_manager_lib/include/task_manager_lib/TaskActionGeneric.h
[0.807s] -- Up-to-date: /home/GTL/apaul/ros2_hw1/install/task_manager_lib/share/task_manager_lib/environment/library_path.sh
[0.807s] -- Up-to-date: /home/GTL/apaul/ros2_hw1/install/task_manager_lib/share/task_manager_lib/environment/library_path.dsv
[0.808s] -- Up-to-date: /home/GTL/apaul/ros2_hw1/install/task_manager_lib/share/ament_index/resource_index/package_run_dependencies/task_manager_lib
[0.808s] -- Up-to-date: /home/GTL/apaul/ros2_hw1/install/task_manager_lib/share/ament_index/resource_index/parent_prefix_path/task_manager_lib
[0.808s] -- Up-to-date: /home/GTL/apaul/ros2_hw1/install/task_manager_lib/share/task_manager_lib/environment/ament_prefix_path.sh
[0.809s] -- Up-to-date: /home/GTL/apaul/ros2_hw1/install/task_manager_lib/share/task_manager_lib/environment/ament_prefix_path.dsv
[0.809s] -- Up-to-date: /home/GTL/apaul/ros2_hw1/install/task_manager_lib/share/task_manager_lib/environment/path.sh
[0.809s] -- Up-to-date: /home/GTL/apaul/ros2_hw1/install/task_manager_lib/share/task_manager_lib/environment/path.dsv
[0.810s] -- Up-to-date: /home/GTL/apaul/ros2_hw1/install/task_manager_lib/share/task_manager_lib/local_setup.bash
[0.810s] -- Up-to-date: /home/GTL/apaul/ros2_hw1/install/task_manager_lib/share/task_manager_lib/local_setup.sh
[0.810s] -- Up-to-date: /home/GTL/apaul/ros2_hw1/install/task_manager_lib/share/task_manager_lib/local_setup.zsh
[0.811s] -- Up-to-date: /home/GTL/apaul/ros2_hw1/install/task_manager_lib/share/task_manager_lib/local_setup.dsv
[0.811s] -- Installing: /home/GTL/apaul/ros2_hw1/install/task_manager_lib/share/task_manager_lib/package.dsv
[0.815s] -- Up-to-date: /home/GTL/apaul/ros2_hw1/install/task_manager_lib/share/ament_index/resource_index/packages/task_manager_lib
[0.815s] -- Up-to-date: /home/GTL/apaul/ros2_hw1/install/task_manager_lib/share/task_manager_lib/cmake/ament_cmake_export_dependencies-extras.cmake
[0.816s] -- Up-to-date: /home/GTL/apaul/ros2_hw1/install/task_manager_lib/share/task_manager_lib/cmake/ament_cmake_export_include_directories-extras.cmake
[0.816s] -- Up-to-date: /home/GTL/apaul/ros2_hw1/install/task_manager_lib/share/task_manager_lib/cmake/ament_cmake_export_libraries-extras.cmake
[0.816s] -- Up-to-date: /home/GTL/apaul/ros2_hw1/install/task_manager_lib/share/task_manager_lib/cmake/task_manager_libConfig.cmake
[0.817s] -- Up-to-date: /home/GTL/apaul/ros2_hw1/install/task_manager_lib/share/task_manager_lib/cmake/task_manager_libConfig-version.cmake
[0.817s] -- Up-to-date: /home/GTL/apaul/ros2_hw1/install/task_manager_lib/share/task_manager_lib/package.xml
[0.820s] Invoked command in '/home/GTL/apaul/ros2_hw1/build/task_manager_lib' returned '0': CMAKE_PREFIX_PATH=/home/GTL/apaul/ros2_hw1/install/task_manager_msgs:/home/GTL/apaul/ros2_hw1/install/wifi_map_base:/home/GTL/apaul/ros2_hw1/install/wpa_cli_msgs:/home/GTL/apaul/ros2_hw1/install/vrep4_helpers:/home/GTL/apaul/ros2_hw1/install/turtlebot_launch:/home/GTL/apaul/ros2_hw1/install/task_manager_sync:/home/GTL/apaul/ros2_hw1/install/floor_nav:/home/GTL/apaul/ros2_hw1/install/task_manager_nav2:/home/GTL/apaul/ros2_hw1/install/task_manager_lib:/home/GTL/apaul/ros2_hw1/install/joy_pack:/home/GTL/apaul/ros2_hw1/install/face_msg:/home/GTL/apaul/ros2_hw1/install/cs7630_msgs:/home/GTL/apaul/ros2_hw1/install/collision_avoidance_base:/home/GTL/apaul/ros2_hw1/install/vrep_ros_teleop:/home/GTL/apaul/ros2_hw1/install/task_manager_client_py:/home/GTL/apaul/ros2_hw1/install/ar_slam_base:/home/GTL/apaul/ros2_hw1/install/ar_loc_base:/home/GTL/apaul/ros2_hw1/install/rover_driver_base:/home/GTL/apaul/ros2_hw1/install/keyboard_teleop:/home/GTL/apaul/ros2_hw1/install/face_detect_base:/home/GTL/apaul/ros2_hw1/install/button_server:/home/GTL/apaul/ros2_hw1/install/ar_mapping_base:/opt/ros/humble LD_LIBRARY_PATH=/home/GTL/apaul/ros2_hw1/install/task_manager_msgs/lib:/home/GTL/apaul/ros2_hw1/install/wpa_cli_msgs/lib:/home/GTL/apaul/ros2_hw1/install/task_manager_sync/lib:/home/GTL/apaul/ros2_hw1/install/task_manager_lib/lib:/home/GTL/apaul/ros2_hw1/install/face_msg/lib:/home/GTL/apaul/ros2_hw1/install/cs7630_msgs/lib:/usr/lib/x86_64-linux-gnu/gazebo-11/plugins:/opt/ros/humble/opt/rviz_ogre_vendor/lib:/opt/ros/humble/lib/x86_64-linux-gnu:/opt/ros/humble/lib /usr/bin/cmake --install /home/GTL/apaul/ros2_hw1/build/task_manager_lib
