[1.672s] Invoking command in '/home/GTL/apaul/ros2_hw1/src/ar_loc_base': AMENT_PREFIX_PATH=/home/GTL/apaul/ros2_hw1/install/rover_driver_base:${AMENT_PREFIX_PATH} PYTHONPATH=/home/GTL/apaul/ros2_hw1/build/ar_loc_base/prefix_override:/usr/lib/python3/dist-packages/colcon_core/task/python/colcon_distutils_commands:/home/GTL/apaul/ros2_hw1/install/ar_loc_base/lib/python3.10/site-packages:/home/GTL/apaul/ros2_hw1/install/rover_driver_base/lib/python3.10/site-packages:${PYTHONPATH} /usr/bin/python3 -W ignore:setup.py install is deprecated setup.py egg_info --egg-base ../../build/ar_loc_base build --build-base /home/GTL/apaul/ros2_hw1/build/ar_loc_base/build install --record /home/GTL/apaul/ros2_hw1/build/ar_loc_base/install.log --single-version-externally-managed install_data
[1.854s] running egg_info
[1.855s] writing ../../build/ar_loc_base/ar_loc_base.egg-info/PKG-INFO
[1.856s] writing dependency_links to ../../build/ar_loc_base/ar_loc_base.egg-info/dependency_links.txt
[1.857s] writing entry points to ../../build/ar_loc_base/ar_loc_base.egg-info/entry_points.txt
[1.857s] writing requirements to ../../build/ar_loc_base/ar_loc_base.egg-info/requires.txt
[1.858s] writing top-level names to ../../build/ar_loc_base/ar_loc_base.egg-info/top_level.txt
[1.866s] reading manifest file '../../build/ar_loc_base/ar_loc_base.egg-info/SOURCES.txt'
[1.866s] writing manifest file '../../build/ar_loc_base/ar_loc_base.egg-info/SOURCES.txt'
[1.866s] running build
[1.866s] running build_py
[1.866s] copying ar_loc_base/rover_pf.py -> /home/GTL/apaul/ros2_hw1/build/ar_loc_base/build/lib/ar_loc_base
[1.867s] running install
[1.867s] running install_lib
[1.868s] copying /home/GTL/apaul/ros2_hw1/build/ar_loc_base/build/lib/ar_loc_base/rover_pf.py -> /home/GTL/apaul/ros2_hw1/install/ar_loc_base/lib/python3.10/site-packages/ar_loc_base
[1.870s] byte-compiling /home/GTL/apaul/ros2_hw1/install/ar_loc_base/lib/python3.10/site-packages/ar_loc_base/rover_pf.py to rover_pf.cpython-310.pyc
[1.874s] running install_data
[1.874s] running install_egg_info
[1.875s] removing '/home/GTL/apaul/ros2_hw1/install/ar_loc_base/lib/python3.10/site-packages/ar_loc_base-0.0.0-py3.10.egg-info' (and everything under it)
[1.877s] Copying ../../build/ar_loc_base/ar_loc_base.egg-info to /home/GTL/apaul/ros2_hw1/install/ar_loc_base/lib/python3.10/site-packages/ar_loc_base-0.0.0-py3.10.egg-info
[1.896s] running install_scripts
[1.914s] Installing ar_loc_node script to /home/GTL/apaul/ros2_hw1/install/ar_loc_base/lib/ar_loc_base
[1.916s] writing list of installed files to '/home/GTL/apaul/ros2_hw1/build/ar_loc_base/install.log'
[2.000s] Invoked command in '/home/GTL/apaul/ros2_hw1/src/ar_loc_base' returned '0': AMENT_PREFIX_PATH=/home/GTL/apaul/ros2_hw1/install/rover_driver_base:${AMENT_PREFIX_PATH} PYTHONPATH=/home/GTL/apaul/ros2_hw1/build/ar_loc_base/prefix_override:/usr/lib/python3/dist-packages/colcon_core/task/python/colcon_distutils_commands:/home/GTL/apaul/ros2_hw1/install/ar_loc_base/lib/python3.10/site-packages:/home/GTL/apaul/ros2_hw1/install/rover_driver_base/lib/python3.10/site-packages:${PYTHONPATH} /usr/bin/python3 -W ignore:setup.py install is deprecated setup.py egg_info --egg-base ../../build/ar_loc_base build --build-base /home/GTL/apaul/ros2_hw1/build/ar_loc_base/build install --record /home/GTL/apaul/ros2_hw1/build/ar_loc_base/install.log --single-version-externally-managed install_data
