[0.354s] Invoking command in '/home/GTL/apaul/ros2_hw1/build/task_manager_msgs': CMAKE_PREFIX_PATH=${CMAKE_PREFIX_PATH}:/home/GTL/apaul/ros2_hw1/install/vrep_ros_teleop:/home/GTL/apaul/ros2_hw1/install/task_manager_client_py:/home/GTL/apaul/ros2_hw1/install/ar_slam_base:/home/GTL/apaul/ros2_hw1/install/ar_loc_base:/home/GTL/apaul/ros2_hw1/install/rover_driver_base:/home/GTL/apaul/ros2_hw1/install/keyboard_teleop:/home/GTL/apaul/ros2_hw1/install/face_detect_base:/home/GTL/apaul/ros2_hw1/install/button_server:/home/GTL/apaul/ros2_hw1/install/ar_mapping_base:/opt/ros/humble /usr/bin/cmake --build /home/GTL/apaul/ros2_hw1/build/task_manager_msgs -- -j16 -l16
[1.786s] [  0%] Built target task_manager_msgs__cpp
[1.786s] [ 17%] Built target task_manager_msgs__rosidl_typesupport_fastrtps_cpp
[1.786s] [ 34%] Built target task_manager_msgs__rosidl_generator_c
[1.786s] [ 47%] Built target task_manager_msgs__rosidl_typesupport_introspection_cpp
[1.786s] [ 47%] Built target task_manager_msgs__rosidl_typesupport_cpp
[1.786s] [ 59%] Built target task_manager_msgs__rosidl_typesupport_c
[1.786s] [ 71%] Built target task_manager_msgs__rosidl_typesupport_introspection_c
[1.786s] [ 82%] Built target task_manager_msgs__rosidl_typesupport_fastrtps_c
[1.786s] [ 82%] Built target task_manager_msgs
[1.786s] [ 83%] Built target task_manager_msgs__py
[1.786s] [ 85%] Built target task_manager_msgs_encapsulate
[1.786s] [ 95%] Built target task_manager_msgs__rosidl_generator_py
[1.786s] [ 95%] Built target ament_cmake_python_copy_task_manager_msgs
[1.786s] [ 97%] Built target task_manager_msgs__rosidl_typesupport_c__pyext
[1.786s] [ 98%] Built target task_manager_msgs__rosidl_typesupport_fastrtps_c__pyext
[1.786s] [100%] Built target task_manager_msgs__rosidl_typesupport_introspection_c__pyext
[1.786s] running egg_info
[1.786s] writing task_manager_msgs.egg-info/PKG-INFO
[1.786s] writing dependency_links to task_manager_msgs.egg-info/dependency_links.txt
[1.786s] writing top-level names to task_manager_msgs.egg-info/top_level.txt
[1.786s] reading manifest file 'task_manager_msgs.egg-info/SOURCES.txt'
[1.786s] writing manifest file 'task_manager_msgs.egg-info/SOURCES.txt'
[1.786s] [100%] Built target ament_cmake_python_build_task_manager_msgs_egg
[2.050s] Invoked command in '/home/GTL/apaul/ros2_hw1/build/task_manager_msgs' returned '0': CMAKE_PREFIX_PATH=${CMAKE_PREFIX_PATH}:/home/GTL/apaul/ros2_hw1/install/vrep_ros_teleop:/home/GTL/apaul/ros2_hw1/install/task_manager_client_py:/home/GTL/apaul/ros2_hw1/install/ar_slam_base:/home/GTL/apaul/ros2_hw1/install/ar_loc_base:/home/GTL/apaul/ros2_hw1/install/rover_driver_base:/home/GTL/apaul/ros2_hw1/install/keyboard_teleop:/home/GTL/apaul/ros2_hw1/install/face_detect_base:/home/GTL/apaul/ros2_hw1/install/button_server:/home/GTL/apaul/ros2_hw1/install/ar_mapping_base:/opt/ros/humble /usr/bin/cmake --build /home/GTL/apaul/ros2_hw1/build/task_manager_msgs -- -j16 -l16
[2.300s] Invoking command in '/home/GTL/apaul/ros2_hw1/build/task_manager_msgs': CMAKE_PREFIX_PATH=${CMAKE_PREFIX_PATH}:/home/GTL/apaul/ros2_hw1/install/vrep_ros_teleop:/home/GTL/apaul/ros2_hw1/install/task_manager_client_py:/home/GTL/apaul/ros2_hw1/install/ar_slam_base:/home/GTL/apaul/ros2_hw1/install/ar_loc_base:/home/GTL/apaul/ros2_hw1/install/rover_driver_base:/home/GTL/apaul/ros2_hw1/install/keyboard_teleop:/home/GTL/apaul/ros2_hw1/install/face_detect_base:/home/GTL/apaul/ros2_hw1/install/button_server:/home/GTL/apaul/ros2_hw1/install/ar_mapping_base:/opt/ros/humble /usr/bin/cmake --install /home/GTL/apaul/ros2_hw1/build/task_manager_msgs
[2.337s] -- Install configuration: ""
[2.337s] -- Up-to-date: /home/GTL/apaul/ros2_hw1/install/task_manager_msgs/share/ament_index/resource_index/rosidl_interfaces/task_manager_msgs
[2.337s] -- Up-to-date: /home/GTL/apaul/ros2_hw1/install/task_manager_msgs/include/task_manager_msgs/task_manager_msgs
[2.338s] -- Up-to-date: /home/GTL/apaul/ros2_hw1/install/task_manager_msgs/include/task_manager_msgs/task_manager_msgs/msg
[2.338s] -- Up-to-date: /home/GTL/apaul/ros2_hw1/install/task_manager_msgs/include/task_manager_msgs/task_manager_msgs/msg/task_status.h
[2.338s] -- Up-to-date: /home/GTL/apaul/ros2_hw1/install/task_manager_msgs/include/task_manager_msgs/task_manager_msgs/msg/sync_status.h
[2.338s] -- Up-to-date: /home/GTL/apaul/ros2_hw1/install/task_manager_msgs/include/task_manager_msgs/task_manager_msgs/msg/detail
[2.338s] -- Up-to-date: /home/GTL/apaul/ros2_hw1/install/task_manager_msgs/include/task_manager_msgs/task_manager_msgs/msg/detail/task_parameter__functions.c
[2.339s] -- Up-to-date: /home/GTL/apaul/ros2_hw1/install/task_manager_msgs/include/task_manager_msgs/task_manager_msgs/msg/detail/task_description__struct.h
[2.339s] -- Up-to-date: /home/GTL/apaul/ros2_hw1/install/task_manager_msgs/include/task_manager_msgs/task_manager_msgs/msg/detail/task_description__type_support.h
[2.339s] -- Up-to-date: /home/GTL/apaul/ros2_hw1/install/task_manager_msgs/include/task_manager_msgs/task_manager_msgs/msg/detail/task_parameter__functions.h
[2.339s] -- Up-to-date: /home/GTL/apaul/ros2_hw1/install/task_manager_msgs/include/task_manager_msgs/task_manager_msgs/msg/detail/task_parameter__type_support.h
[2.340s] -- Up-to-date: /home/GTL/apaul/ros2_hw1/install/task_manager_msgs/include/task_manager_msgs/task_manager_msgs/msg/detail/sync_status__type_support.h
[2.340s] -- Up-to-date: /home/GTL/apaul/ros2_hw1/install/task_manager_msgs/include/task_manager_msgs/task_manager_msgs/msg/detail/task_config__struct.h
[2.341s] -- Up-to-date: /home/GTL/apaul/ros2_hw1/install/task_manager_msgs/include/task_manager_msgs/task_manager_msgs/msg/detail/encapsulated_message__functions.c
[2.341s] -- Up-to-date: /home/GTL/apaul/ros2_hw1/install/task_manager_msgs/include/task_manager_msgs/task_manager_msgs/msg/detail/task_description__functions.c
[2.342s] -- Up-to-date: /home/GTL/apaul/ros2_hw1/install/task_manager_msgs/include/task_manager_msgs/task_manager_msgs/msg/detail/task_config__type_support.h
[2.342s] -- Up-to-date: /home/GTL/apaul/ros2_hw1/install/task_manager_msgs/include/task_manager_msgs/task_manager_msgs/msg/detail/task_status__functions.c
[2.343s] -- Up-to-date: /home/GTL/apaul/ros2_hw1/install/task_manager_msgs/include/task_manager_msgs/task_manager_msgs/msg/detail/encapsulated_message__functions.h
[2.343s] -- Up-to-date: /home/GTL/apaul/ros2_hw1/install/task_manager_msgs/include/task_manager_msgs/task_manager_msgs/msg/detail/task_status__struct.h
[2.344s] -- Up-to-date: /home/GTL/apaul/ros2_hw1/install/task_manager_msgs/include/task_manager_msgs/task_manager_msgs/msg/detail/task_config__functions.h
[2.344s] -- Up-to-date: /home/GTL/apaul/ros2_hw1/install/task_manager_msgs/include/task_manager_msgs/task_manager_msgs/msg/detail/encapsulated_message__type_support.h
[2.345s] -- Up-to-date: /home/GTL/apaul/ros2_hw1/install/task_manager_msgs/include/task_manager_msgs/task_manager_msgs/msg/detail/sync_status__struct.h
[2.345s] -- Up-to-date: /home/GTL/apaul/ros2_hw1/install/task_manager_msgs/include/task_manager_msgs/task_manager_msgs/msg/detail/task_parameter__struct.h
[2.346s] -- Up-to-date: /home/GTL/apaul/ros2_hw1/install/task_manager_msgs/include/task_manager_msgs/task_manager_msgs/msg/detail/task_config__functions.c
[2.346s] -- Up-to-date: /home/GTL/apaul/ros2_hw1/install/task_manager_msgs/include/task_manager_msgs/task_manager_msgs/msg/detail/sync_status__functions.c
[2.347s] -- Up-to-date: /home/GTL/apaul/ros2_hw1/install/task_manager_msgs/include/task_manager_msgs/task_manager_msgs/msg/detail/task_status__type_support.h
[2.347s] -- Up-to-date: /home/GTL/apaul/ros2_hw1/install/task_manager_msgs/include/task_manager_msgs/task_manager_msgs/msg/detail/task_description__functions.h
[2.348s] -- Up-to-date: /home/GTL/apaul/ros2_hw1/install/task_manager_msgs/include/task_manager_msgs/task_manager_msgs/msg/detail/sync_status__functions.h
[2.348s] -- Up-to-date: /home/GTL/apaul/ros2_hw1/install/task_manager_msgs/include/task_manager_msgs/task_manager_msgs/msg/detail/encapsulated_message__struct.h
[2.348s] -- Up-to-date: /home/GTL/apaul/ros2_hw1/install/task_manager_msgs/include/task_manager_msgs/task_manager_msgs/msg/detail/task_status__functions.h
[2.349s] -- Up-to-date: /home/GTL/apaul/ros2_hw1/install/task_manager_msgs/include/task_manager_msgs/task_manager_msgs/msg/rosidl_generator_c__visibility_control.h
[2.349s] -- Up-to-date: /home/GTL/apaul/ros2_hw1/install/task_manager_msgs/include/task_manager_msgs/task_manager_msgs/msg/encapsulated_message.h
[2.350s] -- Up-to-date: /home/GTL/apaul/ros2_hw1/install/task_manager_msgs/include/task_manager_msgs/task_manager_msgs/msg/task_parameter.h
[2.350s] -- Up-to-date: /home/GTL/apaul/ros2_hw1/install/task_manager_msgs/include/task_manager_msgs/task_manager_msgs/msg/task_description.h
[2.351s] -- Up-to-date: /home/GTL/apaul/ros2_hw1/install/task_manager_msgs/include/task_manager_msgs/task_manager_msgs/msg/task_config.h
[2.351s] -- Up-to-date: /home/GTL/apaul/ros2_hw1/install/task_manager_msgs/include/task_manager_msgs/task_manager_msgs/srv
[2.353s] -- Up-to-date: /home/GTL/apaul/ros2_hw1/install/task_manager_msgs/include/task_manager_msgs/task_manager_msgs/srv/stop_task.h
[2.353s] -- Up-to-date: /home/GTL/apaul/ros2_hw1/install/task_manager_msgs/include/task_manager_msgs/task_manager_msgs/srv/detail
[2.354s] -- Up-to-date: /home/GTL/apaul/ros2_hw1/install/task_manager_msgs/include/task_manager_msgs/task_manager_msgs/srv/detail/stop_task__functions.c
[2.355s] -- Up-to-date: /home/GTL/apaul/ros2_hw1/install/task_manager_msgs/include/task_manager_msgs/task_manager_msgs/srv/detail/get_task_list__struct.h
[2.355s] -- Up-to-date: /home/GTL/apaul/ros2_hw1/install/task_manager_msgs/include/task_manager_msgs/task_manager_msgs/srv/detail/get_all_task_status__functions.h
[2.355s] -- Up-to-date: /home/GTL/apaul/ros2_hw1/install/task_manager_msgs/include/task_manager_msgs/task_manager_msgs/srv/detail/stop_task__struct.h
[2.355s] -- Up-to-date: /home/GTL/apaul/ros2_hw1/install/task_manager_msgs/include/task_manager_msgs/task_manager_msgs/srv/detail/start_task__functions.c
[2.356s] -- Up-to-date: /home/GTL/apaul/ros2_hw1/install/task_manager_msgs/include/task_manager_msgs/task_manager_msgs/srv/detail/get_all_task_status__type_support.h
[2.356s] -- Up-to-date: /home/GTL/apaul/ros2_hw1/install/task_manager_msgs/include/task_manager_msgs/task_manager_msgs/srv/detail/get_all_task_status__functions.c
[2.357s] -- Up-to-date: /home/GTL/apaul/ros2_hw1/install/task_manager_msgs/include/task_manager_msgs/task_manager_msgs/srv/detail/get_task_list__functions.c
[2.357s] -- Up-to-date: /home/GTL/apaul/ros2_hw1/install/task_manager_msgs/include/task_manager_msgs/task_manager_msgs/srv/detail/get_task_list__functions.h
[2.357s] -- Up-to-date: /home/GTL/apaul/ros2_hw1/install/task_manager_msgs/include/task_manager_msgs/task_manager_msgs/srv/detail/start_task__struct.h
[2.358s] -- Up-to-date: /home/GTL/apaul/ros2_hw1/install/task_manager_msgs/include/task_manager_msgs/task_manager_msgs/srv/detail/stop_task__functions.h
[2.358s] -- Up-to-date: /home/GTL/apaul/ros2_hw1/install/task_manager_msgs/include/task_manager_msgs/task_manager_msgs/srv/detail/get_task_list__type_support.h
[2.359s] -- Up-to-date: /home/GTL/apaul/ros2_hw1/install/task_manager_msgs/include/task_manager_msgs/task_manager_msgs/srv/detail/get_all_task_status__struct.h
[2.359s] -- Up-to-date: /home/GTL/apaul/ros2_hw1/install/task_manager_msgs/include/task_manager_msgs/task_manager_msgs/srv/detail/stop_task__type_support.h
[2.360s] -- Up-to-date: /home/GTL/apaul/ros2_hw1/install/task_manager_msgs/include/task_manager_msgs/task_manager_msgs/srv/detail/start_task__type_support.h
[2.360s] -- Up-to-date: /home/GTL/apaul/ros2_hw1/install/task_manager_msgs/include/task_manager_msgs/task_manager_msgs/srv/detail/start_task__functions.h
[2.361s] -- Up-to-date: /home/GTL/apaul/ros2_hw1/install/task_manager_msgs/include/task_manager_msgs/task_manager_msgs/srv/get_task_list.h
[2.361s] -- Up-to-date: /home/GTL/apaul/ros2_hw1/install/task_manager_msgs/include/task_manager_msgs/task_manager_msgs/srv/start_task.h
[2.361s] -- Up-to-date: /home/GTL/apaul/ros2_hw1/install/task_manager_msgs/include/task_manager_msgs/task_manager_msgs/srv/get_all_task_status.h
[2.362s] -- Up-to-date: /home/GTL/apaul/ros2_hw1/install/task_manager_msgs/share/task_manager_msgs/environment/library_path.sh
[2.364s] -- Up-to-date: /home/GTL/apaul/ros2_hw1/install/task_manager_msgs/share/task_manager_msgs/environment/library_path.dsv
[2.400s] -- Up-to-date: /home/GTL/apaul/ros2_hw1/install/task_manager_msgs/lib/libtask_manager_msgs__rosidl_generator_c.so
[2.402s] -- Up-to-date: /home/GTL/apaul/ros2_hw1/install/task_manager_msgs/include/task_manager_msgs/task_manager_msgs
[2.402s] -- Up-to-date: /home/GTL/apaul/ros2_hw1/install/task_manager_msgs/include/task_manager_msgs/task_manager_msgs/msg
[2.405s] -- Up-to-date: /home/GTL/apaul/ros2_hw1/install/task_manager_msgs/include/task_manager_msgs/task_manager_msgs/msg/detail
[2.405s] -- Up-to-date: /home/GTL/apaul/ros2_hw1/install/task_manager_msgs/include/task_manager_msgs/task_manager_msgs/msg/detail/task_config__rosidl_typesupport_fastrtps_c.h
[2.405s] -- Up-to-date: /home/GTL/apaul/ros2_hw1/install/task_manager_msgs/include/task_manager_msgs/task_manager_msgs/msg/detail/sync_status__rosidl_typesupport_fastrtps_c.h
[2.405s] -- Up-to-date: /home/GTL/apaul/ros2_hw1/install/task_manager_msgs/include/task_manager_msgs/task_manager_msgs/msg/detail/task_description__rosidl_typesupport_fastrtps_c.h
[2.405s] -- Up-to-date: /home/GTL/apaul/ros2_hw1/install/task_manager_msgs/include/task_manager_msgs/task_manager_msgs/msg/detail/task_status__rosidl_typesupport_fastrtps_c.h
[2.406s] -- Up-to-date: /home/GTL/apaul/ros2_hw1/install/task_manager_msgs/include/task_manager_msgs/task_manager_msgs/msg/detail/encapsulated_message__rosidl_typesupport_fastrtps_c.h
[2.406s] -- Up-to-date: /home/GTL/apaul/ros2_hw1/install/task_manager_msgs/include/task_manager_msgs/task_manager_msgs/msg/detail/task_parameter__rosidl_typesupport_fastrtps_c.h
[2.406s] -- Up-to-date: /home/GTL/apaul/ros2_hw1/install/task_manager_msgs/include/task_manager_msgs/task_manager_msgs/msg/rosidl_typesupport_fastrtps_c__visibility_control.h
[2.407s] -- Up-to-date: /home/GTL/apaul/ros2_hw1/install/task_manager_msgs/include/task_manager_msgs/task_manager_msgs/srv
[2.407s] -- Up-to-date: /home/GTL/apaul/ros2_hw1/install/task_manager_msgs/include/task_manager_msgs/task_manager_msgs/srv/detail
[2.408s] -- Up-to-date: /home/GTL/apaul/ros2_hw1/install/task_manager_msgs/include/task_manager_msgs/task_manager_msgs/srv/detail/get_all_task_status__rosidl_typesupport_fastrtps_c.h
[2.408s] -- Up-to-date: /home/GTL/apaul/ros2_hw1/install/task_manager_msgs/include/task_manager_msgs/task_manager_msgs/srv/detail/start_task__rosidl_typesupport_fastrtps_c.h
[2.409s] -- Up-to-date: /home/GTL/apaul/ros2_hw1/install/task_manager_msgs/include/task_manager_msgs/task_manager_msgs/srv/detail/get_task_list__rosidl_typesupport_fastrtps_c.h
[2.409s] -- Up-to-date: /home/GTL/apaul/ros2_hw1/install/task_manager_msgs/include/task_manager_msgs/task_manager_msgs/srv/detail/stop_task__rosidl_typesupport_fastrtps_c.h
[2.428s] -- Up-to-date: /home/GTL/apaul/ros2_hw1/install/task_manager_msgs/lib/libtask_manager_msgs__rosidl_typesupport_fastrtps_c.so
[2.430s] -- Up-to-date: /home/GTL/apaul/ros2_hw1/install/task_manager_msgs/include/task_manager_msgs/task_manager_msgs
[2.431s] -- Up-to-date: /home/GTL/apaul/ros2_hw1/install/task_manager_msgs/include/task_manager_msgs/task_manager_msgs/msg
[2.432s] -- Up-to-date: /home/GTL/apaul/ros2_hw1/install/task_manager_msgs/include/task_manager_msgs/task_manager_msgs/msg/sync_status.hpp
[2.432s] -- Up-to-date: /home/GTL/apaul/ros2_hw1/install/task_manager_msgs/include/task_manager_msgs/task_manager_msgs/msg/encapsulated_message.hpp
[2.432s] -- Up-to-date: /home/GTL/apaul/ros2_hw1/install/task_manager_msgs/include/task_manager_msgs/task_manager_msgs/msg/detail
[2.443s] -- Up-to-date: /home/GTL/apaul/ros2_hw1/install/task_manager_msgs/include/task_manager_msgs/task_manager_msgs/msg/detail/encapsulated_message__struct.hpp
[2.443s] -- Up-to-date: /home/GTL/apaul/ros2_hw1/install/task_manager_msgs/include/task_manager_msgs/task_manager_msgs/msg/detail/task_config__traits.hpp
[2.444s] -- Up-to-date: /home/GTL/apaul/ros2_hw1/install/task_manager_msgs/include/task_manager_msgs/task_manager_msgs/msg/detail/sync_status__builder.hpp
[2.444s] -- Up-to-date: /home/GTL/apaul/ros2_hw1/install/task_manager_msgs/include/task_manager_msgs/task_manager_msgs/msg/detail/sync_status__traits.hpp
[2.444s] -- Up-to-date: /home/GTL/apaul/ros2_hw1/install/task_manager_msgs/include/task_manager_msgs/task_manager_msgs/msg/detail/task_config__builder.hpp
[2.444s] -- Up-to-date: /home/GTL/apaul/ros2_hw1/install/task_manager_msgs/include/task_manager_msgs/task_manager_msgs/msg/detail/task_status__builder.hpp
[2.444s] -- Up-to-date: /home/GTL/apaul/ros2_hw1/install/task_manager_msgs/include/task_manager_msgs/task_manager_msgs/msg/detail/task_description__struct.hpp
[2.444s] -- Up-to-date: /home/GTL/apaul/ros2_hw1/install/task_manager_msgs/include/task_manager_msgs/task_manager_msgs/msg/detail/encapsulated_message__traits.hpp
[2.444s] -- Up-to-date: /home/GTL/apaul/ros2_hw1/install/task_manager_msgs/include/task_manager_msgs/task_manager_msgs/msg/detail/encapsulated_message__builder.hpp
[2.444s] -- Up-to-date: /home/GTL/apaul/ros2_hw1/install/task_manager_msgs/include/task_manager_msgs/task_manager_msgs/msg/detail/task_config__struct.hpp
[2.444s] -- Up-to-date: /home/GTL/apaul/ros2_hw1/install/task_manager_msgs/include/task_manager_msgs/task_manager_msgs/msg/detail/sync_status__struct.hpp
[2.444s] -- Up-to-date: /home/GTL/apaul/ros2_hw1/install/task_manager_msgs/include/task_manager_msgs/task_manager_msgs/msg/detail/task_status__struct.hpp
[2.444s] -- Up-to-date: /home/GTL/apaul/ros2_hw1/install/task_manager_msgs/include/task_manager_msgs/task_manager_msgs/msg/detail/task_status__traits.hpp
[2.445s] -- Up-to-date: /home/GTL/apaul/ros2_hw1/install/task_manager_msgs/include/task_manager_msgs/task_manager_msgs/msg/detail/task_description__traits.hpp
[2.445s] -- Up-to-date: /home/GTL/apaul/ros2_hw1/install/task_manager_msgs/include/task_manager_msgs/task_manager_msgs/msg/detail/task_description__builder.hpp
[2.445s] -- Up-to-date: /home/GTL/apaul/ros2_hw1/install/task_manager_msgs/include/task_manager_msgs/task_manager_msgs/msg/detail/task_parameter__traits.hpp
[2.445s] -- Up-to-date: /home/GTL/apaul/ros2_hw1/install/task_manager_msgs/include/task_manager_msgs/task_manager_msgs/msg/detail/task_parameter__builder.hpp
[2.445s] -- Up-to-date: /home/GTL/apaul/ros2_hw1/install/task_manager_msgs/include/task_manager_msgs/task_manager_msgs/msg/detail/task_parameter__struct.hpp
[2.445s] -- Up-to-date: /home/GTL/apaul/ros2_hw1/install/task_manager_msgs/include/task_manager_msgs/task_manager_msgs/msg/task_config.hpp
[2.445s] -- Up-to-date: /home/GTL/apaul/ros2_hw1/install/task_manager_msgs/include/task_manager_msgs/task_manager_msgs/msg/task_parameter.hpp
[2.445s] -- Up-to-date: /home/GTL/apaul/ros2_hw1/install/task_manager_msgs/include/task_manager_msgs/task_manager_msgs/msg/task_status.hpp
[2.446s] -- Up-to-date: /home/GTL/apaul/ros2_hw1/install/task_manager_msgs/include/task_manager_msgs/task_manager_msgs/msg/task_description.hpp
[2.446s] -- Up-to-date: /home/GTL/apaul/ros2_hw1/install/task_manager_msgs/include/task_manager_msgs/task_manager_msgs/srv
[2.446s] -- Up-to-date: /home/GTL/apaul/ros2_hw1/install/task_manager_msgs/include/task_manager_msgs/task_manager_msgs/srv/get_task_list.hpp
[2.446s] -- Up-to-date: /home/GTL/apaul/ros2_hw1/install/task_manager_msgs/include/task_manager_msgs/task_manager_msgs/srv/stop_task.hpp
[2.446s] -- Up-to-date: /home/GTL/apaul/ros2_hw1/install/task_manager_msgs/include/task_manager_msgs/task_manager_msgs/srv/detail
[2.447s] -- Up-to-date: /home/GTL/apaul/ros2_hw1/install/task_manager_msgs/include/task_manager_msgs/task_manager_msgs/srv/detail/stop_task__traits.hpp
[2.448s] -- Up-to-date: /home/GTL/apaul/ros2_hw1/install/task_manager_msgs/include/task_manager_msgs/task_manager_msgs/srv/detail/get_all_task_status__struct.hpp
[2.448s] -- Up-to-date: /home/GTL/apaul/ros2_hw1/install/task_manager_msgs/include/task_manager_msgs/task_manager_msgs/srv/detail/start_task__builder.hpp
[2.449s] -- Up-to-date: /home/GTL/apaul/ros2_hw1/install/task_manager_msgs/include/task_manager_msgs/task_manager_msgs/srv/detail/get_task_list__struct.hpp
[2.449s] -- Up-to-date: /home/GTL/apaul/ros2_hw1/install/task_manager_msgs/include/task_manager_msgs/task_manager_msgs/srv/detail/get_all_task_status__builder.hpp
[2.450s] -- Up-to-date: /home/GTL/apaul/ros2_hw1/install/task_manager_msgs/include/task_manager_msgs/task_manager_msgs/srv/detail/stop_task__struct.hpp
[2.451s] -- Up-to-date: /home/GTL/apaul/ros2_hw1/install/task_manager_msgs/include/task_manager_msgs/task_manager_msgs/srv/detail/start_task__traits.hpp
[2.451s] -- Up-to-date: /home/GTL/apaul/ros2_hw1/install/task_manager_msgs/include/task_manager_msgs/task_manager_msgs/srv/detail/stop_task__builder.hpp
[2.451s] -- Up-to-date: /home/GTL/apaul/ros2_hw1/install/task_manager_msgs/include/task_manager_msgs/task_manager_msgs/srv/detail/start_task__struct.hpp
[2.451s] -- Up-to-date: /home/GTL/apaul/ros2_hw1/install/task_manager_msgs/include/task_manager_msgs/task_manager_msgs/srv/detail/get_task_list__traits.hpp
[2.452s] -- Up-to-date: /home/GTL/apaul/ros2_hw1/install/task_manager_msgs/include/task_manager_msgs/task_manager_msgs/srv/detail/get_all_task_status__traits.hpp
[2.452s] -- Up-to-date: /home/GTL/apaul/ros2_hw1/install/task_manager_msgs/include/task_manager_msgs/task_manager_msgs/srv/detail/get_task_list__builder.hpp
[2.453s] -- Up-to-date: /home/GTL/apaul/ros2_hw1/install/task_manager_msgs/include/task_manager_msgs/task_manager_msgs/srv/start_task.hpp
[2.453s] -- Up-to-date: /home/GTL/apaul/ros2_hw1/install/task_manager_msgs/include/task_manager_msgs/task_manager_msgs/srv/get_all_task_status.hpp
[2.453s] -- Up-to-date: /home/GTL/apaul/ros2_hw1/install/task_manager_msgs/include/task_manager_msgs/task_manager_msgs
[2.454s] -- Up-to-date: /home/GTL/apaul/ros2_hw1/install/task_manager_msgs/include/task_manager_msgs/task_manager_msgs/msg
[2.455s] -- Up-to-date: /home/GTL/apaul/ros2_hw1/install/task_manager_msgs/include/task_manager_msgs/task_manager_msgs/msg/detail
[2.456s] -- Up-to-date: /home/GTL/apaul/ros2_hw1/install/task_manager_msgs/include/task_manager_msgs/task_manager_msgs/msg/detail/task_config__rosidl_typesupport_fastrtps_cpp.hpp
[2.456s] -- Up-to-date: /home/GTL/apaul/ros2_hw1/install/task_manager_msgs/include/task_manager_msgs/task_manager_msgs/msg/detail/dds_fastrtps
[2.457s] -- Up-to-date: /home/GTL/apaul/ros2_hw1/install/task_manager_msgs/include/task_manager_msgs/task_manager_msgs/msg/detail/encapsulated_message__rosidl_typesupport_fastrtps_cpp.hpp
[2.458s] -- Up-to-date: /home/GTL/apaul/ros2_hw1/install/task_manager_msgs/include/task_manager_msgs/task_manager_msgs/msg/detail/task_description__rosidl_typesupport_fastrtps_cpp.hpp
[2.458s] -- Up-to-date: /home/GTL/apaul/ros2_hw1/install/task_manager_msgs/include/task_manager_msgs/task_manager_msgs/msg/detail/task_status__rosidl_typesupport_fastrtps_cpp.hpp
[2.459s] -- Up-to-date: /home/GTL/apaul/ros2_hw1/install/task_manager_msgs/include/task_manager_msgs/task_manager_msgs/msg/detail/sync_status__rosidl_typesupport_fastrtps_cpp.hpp
[2.459s] -- Up-to-date: /home/GTL/apaul/ros2_hw1/install/task_manager_msgs/include/task_manager_msgs/task_manager_msgs/msg/detail/task_parameter__rosidl_typesupport_fastrtps_cpp.hpp
[2.459s] -- Up-to-date: /home/GTL/apaul/ros2_hw1/install/task_manager_msgs/include/task_manager_msgs/task_manager_msgs/msg/rosidl_typesupport_fastrtps_cpp__visibility_control.h
[2.460s] -- Up-to-date: /home/GTL/apaul/ros2_hw1/install/task_manager_msgs/include/task_manager_msgs/task_manager_msgs/srv
[2.460s] -- Up-to-date: /home/GTL/apaul/ros2_hw1/install/task_manager_msgs/include/task_manager_msgs/task_manager_msgs/srv/detail
[2.461s] -- Up-to-date: /home/GTL/apaul/ros2_hw1/install/task_manager_msgs/include/task_manager_msgs/task_manager_msgs/srv/detail/get_task_list__rosidl_typesupport_fastrtps_cpp.hpp
[2.462s] -- Up-to-date: /home/GTL/apaul/ros2_hw1/install/task_manager_msgs/include/task_manager_msgs/task_manager_msgs/srv/detail/start_task__rosidl_typesupport_fastrtps_cpp.hpp
[2.462s] -- Up-to-date: /home/GTL/apaul/ros2_hw1/install/task_manager_msgs/include/task_manager_msgs/task_manager_msgs/srv/detail/get_all_task_status__rosidl_typesupport_fastrtps_cpp.hpp
[2.463s] -- Up-to-date: /home/GTL/apaul/ros2_hw1/install/task_manager_msgs/include/task_manager_msgs/task_manager_msgs/srv/detail/dds_fastrtps
[2.463s] -- Up-to-date: /home/GTL/apaul/ros2_hw1/install/task_manager_msgs/include/task_manager_msgs/task_manager_msgs/srv/detail/stop_task__rosidl_typesupport_fastrtps_cpp.hpp
[2.471s] -- Up-to-date: /home/GTL/apaul/ros2_hw1/install/task_manager_msgs/lib/libtask_manager_msgs__rosidl_typesupport_fastrtps_cpp.so
[2.474s] -- Up-to-date: /home/GTL/apaul/ros2_hw1/install/task_manager_msgs/include/task_manager_msgs/task_manager_msgs
[2.474s] -- Up-to-date: /home/GTL/apaul/ros2_hw1/install/task_manager_msgs/include/task_manager_msgs/task_manager_msgs/msg
[2.475s] -- Up-to-date: /home/GTL/apaul/ros2_hw1/install/task_manager_msgs/include/task_manager_msgs/task_manager_msgs/msg/detail
[2.476s] -- Up-to-date: /home/GTL/apaul/ros2_hw1/install/task_manager_msgs/include/task_manager_msgs/task_manager_msgs/msg/detail/task_parameter__type_support.c
[2.477s] -- Up-to-date: /home/GTL/apaul/ros2_hw1/install/task_manager_msgs/include/task_manager_msgs/task_manager_msgs/msg/detail/task_parameter__rosidl_typesupport_introspection_c.h
[2.477s] -- Up-to-date: /home/GTL/apaul/ros2_hw1/install/task_manager_msgs/include/task_manager_msgs/task_manager_msgs/msg/detail/encapsulated_message__rosidl_typesupport_introspection_c.h
[2.477s] -- Up-to-date: /home/GTL/apaul/ros2_hw1/install/task_manager_msgs/include/task_manager_msgs/task_manager_msgs/msg/detail/sync_status__type_support.c
[2.478s] -- Up-to-date: /home/GTL/apaul/ros2_hw1/install/task_manager_msgs/include/task_manager_msgs/task_manager_msgs/msg/detail/task_description__type_support.c
[2.478s] -- Up-to-date: /home/GTL/apaul/ros2_hw1/install/task_manager_msgs/include/task_manager_msgs/task_manager_msgs/msg/detail/sync_status__rosidl_typesupport_introspection_c.h
[2.479s] -- Up-to-date: /home/GTL/apaul/ros2_hw1/install/task_manager_msgs/include/task_manager_msgs/task_manager_msgs/msg/detail/task_config__type_support.c
[2.479s] -- Up-to-date: /home/GTL/apaul/ros2_hw1/install/task_manager_msgs/include/task_manager_msgs/task_manager_msgs/msg/detail/task_description__rosidl_typesupport_introspection_c.h
[2.480s] -- Up-to-date: /home/GTL/apaul/ros2_hw1/install/task_manager_msgs/include/task_manager_msgs/task_manager_msgs/msg/detail/task_status__rosidl_typesupport_introspection_c.h
[2.480s] -- Up-to-date: /home/GTL/apaul/ros2_hw1/install/task_manager_msgs/include/task_manager_msgs/task_manager_msgs/msg/detail/task_config__rosidl_typesupport_introspection_c.h
[2.481s] -- Up-to-date: /home/GTL/apaul/ros2_hw1/install/task_manager_msgs/include/task_manager_msgs/task_manager_msgs/msg/detail/task_status__type_support.c
[2.482s] -- Up-to-date: /home/GTL/apaul/ros2_hw1/install/task_manager_msgs/include/task_manager_msgs/task_manager_msgs/msg/detail/encapsulated_message__type_support.c
[2.482s] -- Up-to-date: /home/GTL/apaul/ros2_hw1/install/task_manager_msgs/include/task_manager_msgs/task_manager_msgs/msg/rosidl_typesupport_introspection_c__visibility_control.h
[2.482s] -- Up-to-date: /home/GTL/apaul/ros2_hw1/install/task_manager_msgs/include/task_manager_msgs/task_manager_msgs/srv
[2.482s] -- Up-to-date: /home/GTL/apaul/ros2_hw1/install/task_manager_msgs/include/task_manager_msgs/task_manager_msgs/srv/detail
[2.483s] -- Up-to-date: /home/GTL/apaul/ros2_hw1/install/task_manager_msgs/include/task_manager_msgs/task_manager_msgs/srv/detail/start_task__type_support.c
[2.484s] -- Up-to-date: /home/GTL/apaul/ros2_hw1/install/task_manager_msgs/include/task_manager_msgs/task_manager_msgs/srv/detail/get_all_task_status__rosidl_typesupport_introspection_c.h
[2.484s] -- Up-to-date: /home/GTL/apaul/ros2_hw1/install/task_manager_msgs/include/task_manager_msgs/task_manager_msgs/srv/detail/get_all_task_status__type_support.c
[2.485s] -- Up-to-date: /home/GTL/apaul/ros2_hw1/install/task_manager_msgs/include/task_manager_msgs/task_manager_msgs/srv/detail/start_task__rosidl_typesupport_introspection_c.h
[2.485s] -- Up-to-date: /home/GTL/apaul/ros2_hw1/install/task_manager_msgs/include/task_manager_msgs/task_manager_msgs/srv/detail/stop_task__type_support.c
[2.485s] -- Up-to-date: /home/GTL/apaul/ros2_hw1/install/task_manager_msgs/include/task_manager_msgs/task_manager_msgs/srv/detail/get_task_list__rosidl_typesupport_introspection_c.h
[2.486s] -- Up-to-date: /home/GTL/apaul/ros2_hw1/install/task_manager_msgs/include/task_manager_msgs/task_manager_msgs/srv/detail/stop_task__rosidl_typesupport_introspection_c.h
[2.487s] -- Up-to-date: /home/GTL/apaul/ros2_hw1/install/task_manager_msgs/include/task_manager_msgs/task_manager_msgs/srv/detail/get_task_list__type_support.c
[2.511s] -- Up-to-date: /home/GTL/apaul/ros2_hw1/install/task_manager_msgs/lib/libtask_manager_msgs__rosidl_typesupport_introspection_c.so
[2.529s] -- Up-to-date: /home/GTL/apaul/ros2_hw1/install/task_manager_msgs/lib/libtask_manager_msgs__rosidl_typesupport_c.so
[2.532s] -- Up-to-date: /home/GTL/apaul/ros2_hw1/install/task_manager_msgs/include/task_manager_msgs/task_manager_msgs
[2.533s] -- Up-to-date: /home/GTL/apaul/ros2_hw1/install/task_manager_msgs/include/task_manager_msgs/task_manager_msgs/msg
[2.533s] -- Up-to-date: /home/GTL/apaul/ros2_hw1/install/task_manager_msgs/include/task_manager_msgs/task_manager_msgs/msg/detail
[2.534s] -- Up-to-date: /home/GTL/apaul/ros2_hw1/install/task_manager_msgs/include/task_manager_msgs/task_manager_msgs/msg/detail/task_parameter__rosidl_typesupport_introspection_cpp.hpp
[2.535s] -- Up-to-date: /home/GTL/apaul/ros2_hw1/install/task_manager_msgs/include/task_manager_msgs/task_manager_msgs/msg/detail/encapsulated_message__rosidl_typesupport_introspection_cpp.hpp
[2.535s] -- Up-to-date: /home/GTL/apaul/ros2_hw1/install/task_manager_msgs/include/task_manager_msgs/task_manager_msgs/msg/detail/task_status__rosidl_typesupport_introspection_cpp.hpp
[2.536s] -- Up-to-date: /home/GTL/apaul/ros2_hw1/install/task_manager_msgs/include/task_manager_msgs/task_manager_msgs/msg/detail/encapsulated_message__type_support.cpp
[2.536s] -- Up-to-date: /home/GTL/apaul/ros2_hw1/install/task_manager_msgs/include/task_manager_msgs/task_manager_msgs/msg/detail/sync_status__type_support.cpp
[2.537s] -- Up-to-date: /home/GTL/apaul/ros2_hw1/install/task_manager_msgs/include/task_manager_msgs/task_manager_msgs/msg/detail/sync_status__rosidl_typesupport_introspection_cpp.hpp
[2.537s] -- Up-to-date: /home/GTL/apaul/ros2_hw1/install/task_manager_msgs/include/task_manager_msgs/task_manager_msgs/msg/detail/task_description__rosidl_typesupport_introspection_cpp.hpp
[2.538s] -- Up-to-date: /home/GTL/apaul/ros2_hw1/install/task_manager_msgs/include/task_manager_msgs/task_manager_msgs/msg/detail/task_config__type_support.cpp
[2.538s] -- Up-to-date: /home/GTL/apaul/ros2_hw1/install/task_manager_msgs/include/task_manager_msgs/task_manager_msgs/msg/detail/task_description__type_support.cpp
[2.538s] -- Up-to-date: /home/GTL/apaul/ros2_hw1/install/task_manager_msgs/include/task_manager_msgs/task_manager_msgs/msg/detail/task_config__rosidl_typesupport_introspection_cpp.hpp
[2.539s] -- Up-to-date: /home/GTL/apaul/ros2_hw1/install/task_manager_msgs/include/task_manager_msgs/task_manager_msgs/msg/detail/task_status__type_support.cpp
[2.539s] -- Up-to-date: /home/GTL/apaul/ros2_hw1/install/task_manager_msgs/include/task_manager_msgs/task_manager_msgs/msg/detail/task_parameter__type_support.cpp
[2.540s] -- Up-to-date: /home/GTL/apaul/ros2_hw1/install/task_manager_msgs/include/task_manager_msgs/task_manager_msgs/srv
[2.540s] -- Up-to-date: /home/GTL/apaul/ros2_hw1/install/task_manager_msgs/include/task_manager_msgs/task_manager_msgs/srv/detail
[2.541s] -- Up-to-date: /home/GTL/apaul/ros2_hw1/install/task_manager_msgs/include/task_manager_msgs/task_manager_msgs/srv/detail/get_all_task_status__rosidl_typesupport_introspection_cpp.hpp
[2.542s] -- Up-to-date: /home/GTL/apaul/ros2_hw1/install/task_manager_msgs/include/task_manager_msgs/task_manager_msgs/srv/detail/start_task__rosidl_typesupport_introspection_cpp.hpp
[2.542s] -- Up-to-date: /home/GTL/apaul/ros2_hw1/install/task_manager_msgs/include/task_manager_msgs/task_manager_msgs/srv/detail/start_task__type_support.cpp
[2.543s] -- Up-to-date: /home/GTL/apaul/ros2_hw1/install/task_manager_msgs/include/task_manager_msgs/task_manager_msgs/srv/detail/get_all_task_status__type_support.cpp
[2.543s] -- Up-to-date: /home/GTL/apaul/ros2_hw1/install/task_manager_msgs/include/task_manager_msgs/task_manager_msgs/srv/detail/stop_task__rosidl_typesupport_introspection_cpp.hpp
[2.544s] -- Up-to-date: /home/GTL/apaul/ros2_hw1/install/task_manager_msgs/include/task_manager_msgs/task_manager_msgs/srv/detail/stop_task__type_support.cpp
[2.544s] -- Up-to-date: /home/GTL/apaul/ros2_hw1/install/task_manager_msgs/include/task_manager_msgs/task_manager_msgs/srv/detail/get_task_list__type_support.cpp
[2.545s] -- Up-to-date: /home/GTL/apaul/ros2_hw1/install/task_manager_msgs/include/task_manager_msgs/task_manager_msgs/srv/detail/get_task_list__rosidl_typesupport_introspection_cpp.hpp
[2.564s] -- Up-to-date: /home/GTL/apaul/ros2_hw1/install/task_manager_msgs/lib/libtask_manager_msgs__rosidl_typesupport_introspection_cpp.so
[2.568s] -- Up-to-date: /home/GTL/apaul/ros2_hw1/install/task_manager_msgs/lib/libtask_manager_msgs__rosidl_typesupport_cpp.so
[2.570s] -- Up-to-date: /home/GTL/apaul/ros2_hw1/install/task_manager_msgs/share/task_manager_msgs/environment/pythonpath.sh
[2.571s] -- Up-to-date: /home/GTL/apaul/ros2_hw1/install/task_manager_msgs/share/task_manager_msgs/environment/pythonpath.dsv
[2.571s] -- Up-to-date: /home/GTL/apaul/ros2_hw1/install/task_manager_msgs/local/lib/python3.10/dist-packages/task_manager_msgs-0.0.0-py3.10.egg-info
[2.572s] -- Installing: /home/GTL/apaul/ros2_hw1/install/task_manager_msgs/local/lib/python3.10/dist-packages/task_manager_msgs-0.0.0-py3.10.egg-info/dependency_links.txt
[2.577s] -- Installing: /home/GTL/apaul/ros2_hw1/install/task_manager_msgs/local/lib/python3.10/dist-packages/task_manager_msgs-0.0.0-py3.10.egg-info/top_level.txt
[2.581s] -- Installing: /home/GTL/apaul/ros2_hw1/install/task_manager_msgs/local/lib/python3.10/dist-packages/task_manager_msgs-0.0.0-py3.10.egg-info/PKG-INFO
[2.586s] -- Installing: /home/GTL/apaul/ros2_hw1/install/task_manager_msgs/local/lib/python3.10/dist-packages/task_manager_msgs-0.0.0-py3.10.egg-info/SOURCES.txt
[2.591s] -- Up-to-date: /home/GTL/apaul/ros2_hw1/install/task_manager_msgs/local/lib/python3.10/dist-packages/task_manager_msgs
[2.592s] -- Up-to-date: /home/GTL/apaul/ros2_hw1/install/task_manager_msgs/local/lib/python3.10/dist-packages/task_manager_msgs/msg
[2.593s] -- Up-to-date: /home/GTL/apaul/ros2_hw1/install/task_manager_msgs/local/lib/python3.10/dist-packages/task_manager_msgs/msg/_encapsulated_message_s.c
[2.593s] -- Up-to-date: /home/GTL/apaul/ros2_hw1/install/task_manager_msgs/local/lib/python3.10/dist-packages/task_manager_msgs/msg/_task_description_s.c
[2.594s] -- Up-to-date: /home/GTL/apaul/ros2_hw1/install/task_manager_msgs/local/lib/python3.10/dist-packages/task_manager_msgs/msg/_task_parameter.py
[2.594s] -- Up-to-date: /home/GTL/apaul/ros2_hw1/install/task_manager_msgs/local/lib/python3.10/dist-packages/task_manager_msgs/msg/_sync_status_s.c
[2.595s] -- Up-to-date: /home/GTL/apaul/ros2_hw1/install/task_manager_msgs/local/lib/python3.10/dist-packages/task_manager_msgs/msg/_task_config.py
[2.595s] -- Up-to-date: /home/GTL/apaul/ros2_hw1/install/task_manager_msgs/local/lib/python3.10/dist-packages/task_manager_msgs/msg/_task_parameter_s.c
[2.596s] -- Up-to-date: /home/GTL/apaul/ros2_hw1/install/task_manager_msgs/local/lib/python3.10/dist-packages/task_manager_msgs/msg/_task_status.py
[2.596s] -- Up-to-date: /home/GTL/apaul/ros2_hw1/install/task_manager_msgs/local/lib/python3.10/dist-packages/task_manager_msgs/msg/_task_description.py
[2.597s] -- Up-to-date: /home/GTL/apaul/ros2_hw1/install/task_manager_msgs/local/lib/python3.10/dist-packages/task_manager_msgs/msg/__init__.py
[2.597s] -- Up-to-date: /home/GTL/apaul/ros2_hw1/install/task_manager_msgs/local/lib/python3.10/dist-packages/task_manager_msgs/msg/_sync_status.py
[2.598s] -- Up-to-date: /home/GTL/apaul/ros2_hw1/install/task_manager_msgs/local/lib/python3.10/dist-packages/task_manager_msgs/msg/_encapsulated_message.py
[2.598s] -- Up-to-date: /home/GTL/apaul/ros2_hw1/install/task_manager_msgs/local/lib/python3.10/dist-packages/task_manager_msgs/msg/_task_config_s.c
[2.599s] -- Up-to-date: /home/GTL/apaul/ros2_hw1/install/task_manager_msgs/local/lib/python3.10/dist-packages/task_manager_msgs/msg/_task_status_s.c
[2.600s] -- Up-to-date: /home/GTL/apaul/ros2_hw1/install/task_manager_msgs/local/lib/python3.10/dist-packages/task_manager_msgs/task_manager_msgs_s__rosidl_typesupport_introspection_c.cpython-310-x86_64-linux-gnu.so
[2.600s] -- Up-to-date: /home/GTL/apaul/ros2_hw1/install/task_manager_msgs/local/lib/python3.10/dist-packages/task_manager_msgs/_task_manager_msgs_s.ep.rosidl_typesupport_introspection_c.c
[2.601s] -- Up-to-date: /home/GTL/apaul/ros2_hw1/install/task_manager_msgs/local/lib/python3.10/dist-packages/task_manager_msgs/__init__.py
[2.601s] -- Up-to-date: /home/GTL/apaul/ros2_hw1/install/task_manager_msgs/local/lib/python3.10/dist-packages/task_manager_msgs/_task_manager_msgs_s.ep.rosidl_typesupport_c.c
[2.602s] -- Up-to-date: /home/GTL/apaul/ros2_hw1/install/task_manager_msgs/local/lib/python3.10/dist-packages/task_manager_msgs/task_manager_msgs_s__rosidl_typesupport_c.cpython-310-x86_64-linux-gnu.so
[2.602s] -- Up-to-date: /home/GTL/apaul/ros2_hw1/install/task_manager_msgs/local/lib/python3.10/dist-packages/task_manager_msgs/srv
[2.604s] -- Up-to-date: /home/GTL/apaul/ros2_hw1/install/task_manager_msgs/local/lib/python3.10/dist-packages/task_manager_msgs/srv/_stop_task_s.c
[2.604s] -- Up-to-date: /home/GTL/apaul/ros2_hw1/install/task_manager_msgs/local/lib/python3.10/dist-packages/task_manager_msgs/srv/_start_task_s.c
[2.605s] -- Up-to-date: /home/GTL/apaul/ros2_hw1/install/task_manager_msgs/local/lib/python3.10/dist-packages/task_manager_msgs/srv/_get_all_task_status_s.c
[2.605s] -- Up-to-date: /home/GTL/apaul/ros2_hw1/install/task_manager_msgs/local/lib/python3.10/dist-packages/task_manager_msgs/srv/_get_task_list.py
[2.606s] -- Up-to-date: /home/GTL/apaul/ros2_hw1/install/task_manager_msgs/local/lib/python3.10/dist-packages/task_manager_msgs/srv/__init__.py
[2.606s] -- Up-to-date: /home/GTL/apaul/ros2_hw1/install/task_manager_msgs/local/lib/python3.10/dist-packages/task_manager_msgs/srv/_get_all_task_status.py
[2.607s] -- Up-to-date: /home/GTL/apaul/ros2_hw1/install/task_manager_msgs/local/lib/python3.10/dist-packages/task_manager_msgs/srv/_stop_task.py
[2.607s] -- Up-to-date: /home/GTL/apaul/ros2_hw1/install/task_manager_msgs/local/lib/python3.10/dist-packages/task_manager_msgs/srv/_get_task_list_s.c
[2.608s] -- Up-to-date: /home/GTL/apaul/ros2_hw1/install/task_manager_msgs/local/lib/python3.10/dist-packages/task_manager_msgs/srv/_start_task.py
[2.609s] -- Up-to-date: /home/GTL/apaul/ros2_hw1/install/task_manager_msgs/local/lib/python3.10/dist-packages/task_manager_msgs/_task_manager_msgs_s.ep.rosidl_typesupport_fastrtps_c.c
[2.609s] -- Up-to-date: /home/GTL/apaul/ros2_hw1/install/task_manager_msgs/local/lib/python3.10/dist-packages/task_manager_msgs/task_manager_msgs_s__rosidl_typesupport_fastrtps_c.cpython-310-x86_64-linux-gnu.so
[2.610s] -- Up-to-date: /home/GTL/apaul/ros2_hw1/install/task_manager_msgs/local/lib/python3.10/dist-packages/task_manager_msgs/libtask_manager_msgs__rosidl_generator_py.so
[2.673s] Listing '/home/GTL/apaul/ros2_hw1/install/task_manager_msgs/local/lib/python3.10/dist-packages/task_manager_msgs'...
[2.673s] Listing '/home/GTL/apaul/ros2_hw1/install/task_manager_msgs/local/lib/python3.10/dist-packages/task_manager_msgs/msg'...
[2.673s] Listing '/home/GTL/apaul/ros2_hw1/install/task_manager_msgs/local/lib/python3.10/dist-packages/task_manager_msgs/srv'...
[2.682s] -- Up-to-date: /home/GTL/apaul/ros2_hw1/install/task_manager_msgs/local/lib/python3.10/dist-packages/task_manager_msgs/task_manager_msgs_s__rosidl_typesupport_fastrtps_c.cpython-310-x86_64-linux-gnu.so
[2.687s] -- Up-to-date: /home/GTL/apaul/ros2_hw1/install/task_manager_msgs/local/lib/python3.10/dist-packages/task_manager_msgs/task_manager_msgs_s__rosidl_typesupport_introspection_c.cpython-310-x86_64-linux-gnu.so
[2.693s] -- Up-to-date: /home/GTL/apaul/ros2_hw1/install/task_manager_msgs/local/lib/python3.10/dist-packages/task_manager_msgs/task_manager_msgs_s__rosidl_typesupport_c.cpython-310-x86_64-linux-gnu.so
[2.704s] -- Up-to-date: /home/GTL/apaul/ros2_hw1/install/task_manager_msgs/lib/libtask_manager_msgs__rosidl_generator_py.so
[2.707s] -- Up-to-date: /home/GTL/apaul/ros2_hw1/install/task_manager_msgs/share/task_manager_msgs/srv/GetAllTaskStatus.idl
[2.708s] -- Up-to-date: /home/GTL/apaul/ros2_hw1/install/task_manager_msgs/share/task_manager_msgs/srv/StartTask.idl
[2.708s] -- Up-to-date: /home/GTL/apaul/ros2_hw1/install/task_manager_msgs/share/task_manager_msgs/srv/StopTask.idl
[2.709s] -- Up-to-date: /home/GTL/apaul/ros2_hw1/install/task_manager_msgs/share/task_manager_msgs/srv/GetTaskList.idl
[2.710s] -- Up-to-date: /home/GTL/apaul/ros2_hw1/install/task_manager_msgs/share/task_manager_msgs/msg/TaskDescription.idl
[2.710s] -- Up-to-date: /home/GTL/apaul/ros2_hw1/install/task_manager_msgs/share/task_manager_msgs/msg/TaskParameter.idl
[2.712s] -- Up-to-date: /home/GTL/apaul/ros2_hw1/install/task_manager_msgs/share/task_manager_msgs/msg/TaskStatus.idl
[2.712s] -- Up-to-date: /home/GTL/apaul/ros2_hw1/install/task_manager_msgs/share/task_manager_msgs/msg/TaskConfig.idl
[2.713s] -- Up-to-date: /home/GTL/apaul/ros2_hw1/install/task_manager_msgs/share/task_manager_msgs/msg/SyncStatus.idl
[2.714s] -- Up-to-date: /home/GTL/apaul/ros2_hw1/install/task_manager_msgs/share/task_manager_msgs/msg/EncapsulatedMessage.idl
[2.714s] -- Up-to-date: /home/GTL/apaul/ros2_hw1/install/task_manager_msgs/share/task_manager_msgs/srv/GetAllTaskStatus.srv
[2.715s] -- Up-to-date: /home/GTL/apaul/ros2_hw1/install/task_manager_msgs/share/task_manager_msgs/srv/GetAllTaskStatus_Request.msg
[2.716s] -- Up-to-date: /home/GTL/apaul/ros2_hw1/install/task_manager_msgs/share/task_manager_msgs/srv/GetAllTaskStatus_Response.msg
[2.716s] -- Up-to-date: /home/GTL/apaul/ros2_hw1/install/task_manager_msgs/share/task_manager_msgs/srv/StartTask.srv
[2.717s] -- Up-to-date: /home/GTL/apaul/ros2_hw1/install/task_manager_msgs/share/task_manager_msgs/srv/StartTask_Request.msg
[2.717s] -- Up-to-date: /home/GTL/apaul/ros2_hw1/install/task_manager_msgs/share/task_manager_msgs/srv/StartTask_Response.msg
[2.718s] -- Up-to-date: /home/GTL/apaul/ros2_hw1/install/task_manager_msgs/share/task_manager_msgs/srv/StopTask.srv
[2.719s] -- Up-to-date: /home/GTL/apaul/ros2_hw1/install/task_manager_msgs/share/task_manager_msgs/srv/StopTask_Request.msg
[2.719s] -- Up-to-date: /home/GTL/apaul/ros2_hw1/install/task_manager_msgs/share/task_manager_msgs/srv/StopTask_Response.msg
[2.720s] -- Up-to-date: /home/GTL/apaul/ros2_hw1/install/task_manager_msgs/share/task_manager_msgs/srv/GetTaskList.srv
[2.721s] -- Up-to-date: /home/GTL/apaul/ros2_hw1/install/task_manager_msgs/share/task_manager_msgs/srv/GetTaskList_Request.msg
[2.721s] -- Up-to-date: /home/GTL/apaul/ros2_hw1/install/task_manager_msgs/share/task_manager_msgs/srv/GetTaskList_Response.msg
[2.722s] -- Up-to-date: /home/GTL/apaul/ros2_hw1/install/task_manager_msgs/share/task_manager_msgs/msg/TaskDescription.msg
[2.723s] -- Up-to-date: /home/GTL/apaul/ros2_hw1/install/task_manager_msgs/share/task_manager_msgs/msg/TaskParameter.msg
[2.724s] -- Up-to-date: /home/GTL/apaul/ros2_hw1/install/task_manager_msgs/share/task_manager_msgs/msg/TaskStatus.msg
[2.724s] -- Up-to-date: /home/GTL/apaul/ros2_hw1/install/task_manager_msgs/share/task_manager_msgs/msg/TaskConfig.msg
[2.725s] -- Up-to-date: /home/GTL/apaul/ros2_hw1/install/task_manager_msgs/share/task_manager_msgs/msg/SyncStatus.msg
[2.726s] -- Up-to-date: /home/GTL/apaul/ros2_hw1/install/task_manager_msgs/share/task_manager_msgs/msg/EncapsulatedMessage.msg
[2.751s] -- Up-to-date: /home/GTL/apaul/ros2_hw1/install/task_manager_msgs/lib/task_manager_msgs/task_manager_msgs_encapsulate
[2.754s] -- Up-to-date: /home/GTL/apaul/ros2_hw1/install/task_manager_msgs/share/ament_index/resource_index/package_run_dependencies/task_manager_msgs
[2.755s] -- Up-to-date: /home/GTL/apaul/ros2_hw1/install/task_manager_msgs/share/ament_index/resource_index/parent_prefix_path/task_manager_msgs
[2.756s] -- Up-to-date: /home/GTL/apaul/ros2_hw1/install/task_manager_msgs/share/task_manager_msgs/environment/ament_prefix_path.sh
[2.757s] -- Up-to-date: /home/GTL/apaul/ros2_hw1/install/task_manager_msgs/share/task_manager_msgs/environment/ament_prefix_path.dsv
[2.758s] -- Up-to-date: /home/GTL/apaul/ros2_hw1/install/task_manager_msgs/share/task_manager_msgs/environment/path.sh
[2.759s] -- Up-to-date: /home/GTL/apaul/ros2_hw1/install/task_manager_msgs/share/task_manager_msgs/environment/path.dsv
[2.759s] -- Up-to-date: /home/GTL/apaul/ros2_hw1/install/task_manager_msgs/share/task_manager_msgs/local_setup.bash
[2.760s] -- Up-to-date: /home/GTL/apaul/ros2_hw1/install/task_manager_msgs/share/task_manager_msgs/local_setup.sh
[2.761s] -- Up-to-date: /home/GTL/apaul/ros2_hw1/install/task_manager_msgs/share/task_manager_msgs/local_setup.zsh
[2.762s] -- Up-to-date: /home/GTL/apaul/ros2_hw1/install/task_manager_msgs/share/task_manager_msgs/local_setup.dsv
[2.762s] -- Installing: /home/GTL/apaul/ros2_hw1/install/task_manager_msgs/share/task_manager_msgs/package.dsv
[2.787s] -- Up-to-date: /home/GTL/apaul/ros2_hw1/install/task_manager_msgs/share/ament_index/resource_index/packages/task_manager_msgs
[2.804s] -- Up-to-date: /home/GTL/apaul/ros2_hw1/install/task_manager_msgs/share/task_manager_msgs/cmake/export_task_manager_msgs__rosidl_generator_cExport.cmake
[2.805s] -- Up-to-date: /home/GTL/apaul/ros2_hw1/install/task_manager_msgs/share/task_manager_msgs/cmake/export_task_manager_msgs__rosidl_generator_cExport-noconfig.cmake
[2.808s] -- Up-to-date: /home/GTL/apaul/ros2_hw1/install/task_manager_msgs/share/task_manager_msgs/cmake/export_task_manager_msgs__rosidl_typesupport_fastrtps_cExport.cmake
[2.809s] -- Up-to-date: /home/GTL/apaul/ros2_hw1/install/task_manager_msgs/share/task_manager_msgs/cmake/export_task_manager_msgs__rosidl_typesupport_fastrtps_cExport-noconfig.cmake
[2.811s] -- Up-to-date: /home/GTL/apaul/ros2_hw1/install/task_manager_msgs/share/task_manager_msgs/cmake/export_task_manager_msgs__rosidl_generator_cppExport.cmake
[2.814s] -- Up-to-date: /home/GTL/apaul/ros2_hw1/install/task_manager_msgs/share/task_manager_msgs/cmake/export_task_manager_msgs__rosidl_typesupport_fastrtps_cppExport.cmake
[2.814s] -- Up-to-date: /home/GTL/apaul/ros2_hw1/install/task_manager_msgs/share/task_manager_msgs/cmake/export_task_manager_msgs__rosidl_typesupport_fastrtps_cppExport-noconfig.cmake
[2.817s] -- Up-to-date: /home/GTL/apaul/ros2_hw1/install/task_manager_msgs/share/task_manager_msgs/cmake/task_manager_msgs__rosidl_typesupport_introspection_cExport.cmake
[2.818s] -- Up-to-date: /home/GTL/apaul/ros2_hw1/install/task_manager_msgs/share/task_manager_msgs/cmake/task_manager_msgs__rosidl_typesupport_introspection_cExport-noconfig.cmake
[2.820s] -- Up-to-date: /home/GTL/apaul/ros2_hw1/install/task_manager_msgs/share/task_manager_msgs/cmake/task_manager_msgs__rosidl_typesupport_cExport.cmake
[2.821s] -- Up-to-date: /home/GTL/apaul/ros2_hw1/install/task_manager_msgs/share/task_manager_msgs/cmake/task_manager_msgs__rosidl_typesupport_cExport-noconfig.cmake
[2.824s] -- Up-to-date: /home/GTL/apaul/ros2_hw1/install/task_manager_msgs/share/task_manager_msgs/cmake/task_manager_msgs__rosidl_typesupport_introspection_cppExport.cmake
[2.825s] -- Up-to-date: /home/GTL/apaul/ros2_hw1/install/task_manager_msgs/share/task_manager_msgs/cmake/task_manager_msgs__rosidl_typesupport_introspection_cppExport-noconfig.cmake
[2.837s] -- Up-to-date: /home/GTL/apaul/ros2_hw1/install/task_manager_msgs/share/task_manager_msgs/cmake/task_manager_msgs__rosidl_typesupport_cppExport.cmake
[2.838s] -- Up-to-date: /home/GTL/apaul/ros2_hw1/install/task_manager_msgs/share/task_manager_msgs/cmake/task_manager_msgs__rosidl_typesupport_cppExport-noconfig.cmake
[2.841s] -- Up-to-date: /home/GTL/apaul/ros2_hw1/install/task_manager_msgs/share/task_manager_msgs/cmake/export_task_manager_msgs__rosidl_generator_pyExport.cmake
[2.842s] -- Up-to-date: /home/GTL/apaul/ros2_hw1/install/task_manager_msgs/share/task_manager_msgs/cmake/export_task_manager_msgs__rosidl_generator_pyExport-noconfig.cmake
[2.843s] -- Up-to-date: /home/GTL/apaul/ros2_hw1/install/task_manager_msgs/share/task_manager_msgs/cmake/rosidl_cmake-extras.cmake
[2.843s] -- Up-to-date: /home/GTL/apaul/ros2_hw1/install/task_manager_msgs/share/task_manager_msgs/cmake/ament_cmake_export_dependencies-extras.cmake
[2.844s] -- Up-to-date: /home/GTL/apaul/ros2_hw1/install/task_manager_msgs/share/task_manager_msgs/cmake/ament_cmake_export_include_directories-extras.cmake
[2.844s] -- Up-to-date: /home/GTL/apaul/ros2_hw1/install/task_manager_msgs/share/task_manager_msgs/cmake/ament_cmake_export_libraries-extras.cmake
[2.845s] -- Up-to-date: /home/GTL/apaul/ros2_hw1/install/task_manager_msgs/share/task_manager_msgs/cmake/ament_cmake_export_targets-extras.cmake
[2.845s] -- Up-to-date: /home/GTL/apaul/ros2_hw1/install/task_manager_msgs/share/task_manager_msgs/cmake/rosidl_cmake_export_typesupport_targets-extras.cmake
[2.846s] -- Up-to-date: /home/GTL/apaul/ros2_hw1/install/task_manager_msgs/share/task_manager_msgs/cmake/rosidl_cmake_export_typesupport_libraries-extras.cmake
[2.846s] -- Up-to-date: /home/GTL/apaul/ros2_hw1/install/task_manager_msgs/share/task_manager_msgs/cmake/task_manager_msgsConfig.cmake
[2.847s] -- Up-to-date: /home/GTL/apaul/ros2_hw1/install/task_manager_msgs/share/task_manager_msgs/cmake/task_manager_msgsConfig-version.cmake
[2.847s] -- Up-to-date: /home/GTL/apaul/ros2_hw1/install/task_manager_msgs/share/task_manager_msgs/package.xml
