[35m[1mConsolidate compiler generated dependencies of target listener[0m
[ 50%] [32mBuilding CXX object CMakeFiles/listener.dir/src/joy_function.cpp.o[0m
[01m[K/home/GTL/apaul/ros2_hw1/src/joy_pack/src/joy_function.cpp:[m[K In member function ‘[01m[Kvoid JoyNode::timer_callback()[m[K’:
[01m[K/home/GTL/apaul/ros2_hw1/src/joy_pack/src/joy_function.cpp:62:21:[m[K [01;35m[Kwarning: [m[Kcapture of variable ‘[01m[Kaxes[m[K’ with non-automatic storage duration
   62 |     message.linear=[[01;35m[Kaxes[m[K[1]+axes[3],0.0,0.0];
      |                     [01;35m[K^~~~[m[K
[01m[K/home/GTL/apaul/ros2_hw1/src/joy_pack/src/joy_function.cpp:12:7:[m[K [01;36m[Knote: [m[K‘[01m[Kfloat axes [6][m[K’ declared here
   12 | float [01;36m[Kaxes[m[K[6];
      |       [01;36m[K^~~~[m[K
[01m[K/home/GTL/apaul/ros2_hw1/src/joy_pack/src/joy_function.cpp:62:25:[m[K [01;31m[Kerror: [m[Kexpected ‘[01m[K,[m[K’ before ‘[01m[K[[m[K’ token
   62 |     message.linear=[axes[01;31m[K[[m[K1]+axes[3],0.0,0.0];
      |                         [01;31m[K^[m[K
[01m[K/home/GTL/apaul/ros2_hw1/src/joy_pack/src/joy_function.cpp:62:25:[m[K [01;31m[Kerror: [m[Kexpected identifier before ‘[01m[K[[m[K’ token
[01m[K/home/GTL/apaul/ros2_hw1/src/joy_pack/src/joy_function.cpp:62:36:[m[K [01;31m[Kerror: [m[Kexpected ‘[01m[K][m[K’ before ‘[01m[K,[m[K’ token
   62 |     message.linear=[axes[1]+axes[3][01;31m[K,[m[K0.0,0.0];
      |                                    [01;31m[K^[m[K
[01m[K/home/GTL/apaul/ros2_hw1/src/joy_pack/src/joy_function.cpp:[m[K In lambda function:
[01m[K/home/GTL/apaul/ros2_hw1/src/joy_pack/src/joy_function.cpp:62:36:[m[K [01;31m[Kerror: [m[Kexpected ‘[01m[K{[m[K’ before ‘[01m[K,[m[K’ token
[01m[K/home/GTL/apaul/ros2_hw1/src/joy_pack/src/joy_function.cpp:[m[K In member function ‘[01m[Kvoid JoyNode::timer_callback()[m[K’:
[01m[K/home/GTL/apaul/ros2_hw1/src/joy_pack/src/joy_function.cpp:62:36:[m[K [01;31m[Kerror: [m[Kno match for ‘[01m[Koperator=[m[K’ (operand types are ‘[01m[Kgeometry_msgs::msg::Twist_<std::allocator<void> >::_linear_type[m[K’ {aka ‘[01m[Kgeometry_msgs::msg::Vector3_<std::allocator<void> >[m[K’} and ‘[01m[KJoyNode::timer_callback()::<lambda()>[m[K’)
In file included from [01m[K/opt/ros/humble/include/geometry_msgs/geometry_msgs/msg/detail/twist__struct.hpp:21[m[K,
                 from [01m[K/opt/ros/humble/include/geometry_msgs/geometry_msgs/msg/twist.hpp:7[m[K,
                 from [01m[K/home/GTL/apaul/ros2_hw1/src/joy_pack/src/joy_function.cpp:8[m[K:
[01m[K/opt/ros/humble/include/geometry_msgs/geometry_msgs/msg/detail/vector3__struct.hpp:32:8:[m[K [01;36m[Knote: [m[Kcandidate: ‘[01m[Kconstexpr geometry_msgs::msg::Vector3_<std::allocator<void> >& geometry_msgs::msg::Vector3_<std::allocator<void> >::operator=(const geometry_msgs::msg::Vector3_<std::allocator<void> >&)[m[K’
   32 | struct [01;36m[KVector3_[m[K
      |        [01;36m[K^~~~~~~~[m[K
[01m[K/opt/ros/humble/include/geometry_msgs/geometry_msgs/msg/detail/vector3__struct.hpp:32:8:[m[K [01;36m[Knote: [m[K  no known conversion for argument 1 from ‘[01m[KJoyNode::timer_callback()::<lambda()>[m[K’ to ‘[01m[Kconst geometry_msgs::msg::Vector3_<std::allocator<void> >&[m[K’
[01m[K/opt/ros/humble/include/geometry_msgs/geometry_msgs/msg/detail/vector3__struct.hpp:32:8:[m[K [01;36m[Knote: [m[Kcandidate: ‘[01m[Kconstexpr geometry_msgs::msg::Vector3_<std::allocator<void> >& geometry_msgs::msg::Vector3_<std::allocator<void> >::operator=(geometry_msgs::msg::Vector3_<std::allocator<void> >&&)[m[K’
[01m[K/opt/ros/humble/include/geometry_msgs/geometry_msgs/msg/detail/vector3__struct.hpp:32:8:[m[K [01;36m[Knote: [m[K  no known conversion for argument 1 from ‘[01m[KJoyNode::timer_callback()::<lambda()>[m[K’ to ‘[01m[Kgeometry_msgs::msg::Vector3_<std::allocator<void> >&&[m[K’
[01m[K/home/GTL/apaul/ros2_hw1/src/joy_pack/src/joy_function.cpp:63:22:[m[K [01;31m[Kerror: [m[Kexpected identifier before numeric constant
   63 |     message.angular=[[01;31m[K0.0[m[K,0.0,axes[0]+axes[2]];
      |                      [01;31m[K^~~[m[K
[01m[K/home/GTL/apaul/ros2_hw1/src/joy_pack/src/joy_function.cpp:63:25:[m[K [01;31m[Kerror: [m[Kexpected ‘[01m[K][m[K’ before ‘[01m[K,[m[K’ token
   63 |     message.angular=[0.0[01;31m[K,[m[K0.0,axes[0]+axes[2]];
      |                         [01;31m[K^[m[K
[01m[K/home/GTL/apaul/ros2_hw1/src/joy_pack/src/joy_function.cpp:[m[K In lambda function:
[01m[K/home/GTL/apaul/ros2_hw1/src/joy_pack/src/joy_function.cpp:63:25:[m[K [01;31m[Kerror: [m[Kexpected ‘[01m[K{[m[K’ before ‘[01m[K,[m[K’ token
[01m[K/home/GTL/apaul/ros2_hw1/src/joy_pack/src/joy_function.cpp:[m[K In member function ‘[01m[Kvoid JoyNode::timer_callback()[m[K’:
[01m[K/home/GTL/apaul/ros2_hw1/src/joy_pack/src/joy_function.cpp:63:25:[m[K [01;31m[Kerror: [m[Kno match for ‘[01m[Koperator=[m[K’ (operand types are ‘[01m[Kgeometry_msgs::msg::Twist_<std::allocator<void> >::_angular_type[m[K’ {aka ‘[01m[Kgeometry_msgs::msg::Vector3_<std::allocator<void> >[m[K’} and ‘[01m[KJoyNode::timer_callback()::<lambda()>[m[K’)
In file included from [01m[K/opt/ros/humble/include/geometry_msgs/geometry_msgs/msg/detail/twist__struct.hpp:21[m[K,
                 from [01m[K/opt/ros/humble/include/geometry_msgs/geometry_msgs/msg/twist.hpp:7[m[K,
                 from [01m[K/home/GTL/apaul/ros2_hw1/src/joy_pack/src/joy_function.cpp:8[m[K:
[01m[K/opt/ros/humble/include/geometry_msgs/geometry_msgs/msg/detail/vector3__struct.hpp:32:8:[m[K [01;36m[Knote: [m[Kcandidate: ‘[01m[Kconstexpr geometry_msgs::msg::Vector3_<std::allocator<void> >& geometry_msgs::msg::Vector3_<std::allocator<void> >::operator=(const geometry_msgs::msg::Vector3_<std::allocator<void> >&)[m[K’
   32 | struct [01;36m[KVector3_[m[K
      |        [01;36m[K^~~~~~~~[m[K
[01m[K/opt/ros/humble/include/geometry_msgs/geometry_msgs/msg/detail/vector3__struct.hpp:32:8:[m[K [01;36m[Knote: [m[K  no known conversion for argument 1 from ‘[01m[KJoyNode::timer_callback()::<lambda()>[m[K’ to ‘[01m[Kconst geometry_msgs::msg::Vector3_<std::allocator<void> >&[m[K’
[01m[K/opt/ros/humble/include/geometry_msgs/geometry_msgs/msg/detail/vector3__struct.hpp:32:8:[m[K [01;36m[Knote: [m[Kcandidate: ‘[01m[Kconstexpr geometry_msgs::msg::Vector3_<std::allocator<void> >& geometry_msgs::msg::Vector3_<std::allocator<void> >::operator=(geometry_msgs::msg::Vector3_<std::allocator<void> >&&)[m[K’
[01m[K/opt/ros/humble/include/geometry_msgs/geometry_msgs/msg/detail/vector3__struct.hpp:32:8:[m[K [01;36m[Knote: [m[K  no known conversion for argument 1 from ‘[01m[KJoyNode::timer_callback()::<lambda()>[m[K’ to ‘[01m[Kgeometry_msgs::msg::Vector3_<std::allocator<void> >&&[m[K’
gmake[2]: *** [CMakeFiles/listener.dir/build.make:76: CMakeFiles/listener.dir/src/joy_function.cpp.o] Error 1
gmake[1]: *** [CMakeFiles/Makefile2:137: CMakeFiles/listener.dir/all] Error 2
gmake: *** [Makefile:146: all] Error 2
