[1.570s] Invoking command in '/home/GTL/apaul/ros2_hw1/src/ros_task_manager/src/button_server': PYTHONPATH=/home/GTL/apaul/ros2_hw1/build/button_server/prefix_override:/usr/lib/python3/dist-packages/colcon_core/task/python/colcon_distutils_commands:/home/GTL/apaul/ros2_hw1/install/button_server/lib/python3.10/site-packages:${PYTHONPATH} /usr/bin/python3 -W ignore:setup.py install is deprecated setup.py egg_info --egg-base ../../../../build/button_server build --build-base /home/GTL/apaul/ros2_hw1/build/button_server/build install --record /home/GTL/apaul/ros2_hw1/build/button_server/install.log --single-version-externally-managed install_data
[1.762s] running egg_info
[1.763s] creating ../../../../build/button_server/button_server.egg-info
[1.766s] writing ../../../../build/button_server/button_server.egg-info/PKG-INFO
[1.775s] writing dependency_links to ../../../../build/button_server/button_server.egg-info/dependency_links.txt
[1.779s] writing entry points to ../../../../build/button_server/button_server.egg-info/entry_points.txt
[1.784s] writing requirements to ../../../../build/button_server/button_server.egg-info/requires.txt
[1.786s] writing top-level names to ../../../../build/button_server/button_server.egg-info/top_level.txt
[1.791s] writing manifest file '../../../../build/button_server/button_server.egg-info/SOURCES.txt'
[1.801s] reading manifest file '../../../../build/button_server/button_server.egg-info/SOURCES.txt'
[1.804s] writing manifest file '../../../../build/button_server/button_server.egg-info/SOURCES.txt'
[1.807s] running build
[1.807s] running build_py
[1.808s] creating /home/GTL/apaul/ros2_hw1/build/button_server/build
[1.809s] creating /home/GTL/apaul/ros2_hw1/build/button_server/build/lib
[1.812s] creating /home/GTL/apaul/ros2_hw1/build/button_server/build/lib/button_server
[1.817s] copying button_server/ButtonServer3.py -> /home/GTL/apaul/ros2_hw1/build/button_server/build/lib/button_server
[1.826s] copying button_server/__init__.py -> /home/GTL/apaul/ros2_hw1/build/button_server/build/lib/button_server
[1.832s] copying button_server/requesthdl3.py -> /home/GTL/apaul/ros2_hw1/build/button_server/build/lib/button_server
[1.839s] running build_scripts
[1.839s] creating /home/GTL/apaul/ros2_hw1/build/button_server/build/scripts-3.10
[1.865s] copying and adjusting nodes/button_server_node -> /home/GTL/apaul/ros2_hw1/build/button_server/build/scripts-3.10
[1.865s] changing mode of /home/GTL/apaul/ros2_hw1/build/button_server/build/scripts-3.10/button_server_node from 664 to 775
[1.866s] running install
[1.866s] running install_lib
[1.869s] creating /home/GTL/apaul/ros2_hw1/install/button_server/lib/python3.10/site-packages/button_server
[1.871s] copying /home/GTL/apaul/ros2_hw1/build/button_server/build/lib/button_server/ButtonServer3.py -> /home/GTL/apaul/ros2_hw1/install/button_server/lib/python3.10/site-packages/button_server
[1.875s] copying /home/GTL/apaul/ros2_hw1/build/button_server/build/lib/button_server/__init__.py -> /home/GTL/apaul/ros2_hw1/install/button_server/lib/python3.10/site-packages/button_server
[1.881s] copying /home/GTL/apaul/ros2_hw1/build/button_server/build/lib/button_server/requesthdl3.py -> /home/GTL/apaul/ros2_hw1/install/button_server/lib/python3.10/site-packages/button_server
[1.889s] byte-compiling /home/GTL/apaul/ros2_hw1/install/button_server/lib/python3.10/site-packages/button_server/ButtonServer3.py to ButtonServer3.cpython-310.pyc
[1.899s] byte-compiling /home/GTL/apaul/ros2_hw1/install/button_server/lib/python3.10/site-packages/button_server/__init__.py to __init__.cpython-310.pyc
[1.907s] byte-compiling /home/GTL/apaul/ros2_hw1/install/button_server/lib/python3.10/site-packages/button_server/requesthdl3.py to requesthdl3.cpython-310.pyc
[1.914s] running install_data
[1.915s] creating /home/GTL/apaul/ros2_hw1/install/button_server/share/ament_index
[1.916s] creating /home/GTL/apaul/ros2_hw1/install/button_server/share/ament_index/resource_index
[1.919s] creating /home/GTL/apaul/ros2_hw1/install/button_server/share/ament_index/resource_index/packages
[1.924s] copying resource/button_server -> /home/GTL/apaul/ros2_hw1/install/button_server/share/ament_index/resource_index/packages
[1.930s] copying package.xml -> /home/GTL/apaul/ros2_hw1/install/button_server/share/button_server
[1.934s] creating /home/GTL/apaul/ros2_hw1/install/button_server/share/button_server/launch
[1.937s] copying launch/button_server.launch -> /home/GTL/apaul/ros2_hw1/install/button_server/share/button_server/launch
[1.950s] creating /home/GTL/apaul/ros2_hw1/install/button_server/share/button_server/lib
[1.953s] copying lib/jquery-3.6.4.min.js -> /home/GTL/apaul/ros2_hw1/install/button_server/share/button_server/lib
[1.968s] running install_egg_info
[1.971s] Copying ../../../../build/button_server/button_server.egg-info to /home/GTL/apaul/ros2_hw1/install/button_server/lib/python3.10/site-packages/button_server-0.0.0-py3.10.egg-info
[2.027s] running install_scripts
[2.043s] creating /home/GTL/apaul/ros2_hw1/install/button_server/lib/button_server
[2.046s] copying /home/GTL/apaul/ros2_hw1/build/button_server/build/scripts-3.10/button_server_node -> /home/GTL/apaul/ros2_hw1/install/button_server/lib/button_server
[2.054s] changing mode of /home/GTL/apaul/ros2_hw1/install/button_server/lib/button_server/button_server_node to 775
[2.058s] writing list of installed files to '/home/GTL/apaul/ros2_hw1/build/button_server/install.log'
[2.081s] Invoked command in '/home/GTL/apaul/ros2_hw1/src/ros_task_manager/src/button_server' returned '0': PYTHONPATH=/home/GTL/apaul/ros2_hw1/build/button_server/prefix_override:/usr/lib/python3/dist-packages/colcon_core/task/python/colcon_distutils_commands:/home/GTL/apaul/ros2_hw1/install/button_server/lib/python3.10/site-packages:${PYTHONPATH} /usr/bin/python3 -W ignore:setup.py install is deprecated setup.py egg_info --egg-base ../../../../build/button_server build --build-base /home/GTL/apaul/ros2_hw1/build/button_server/build install --record /home/GTL/apaul/ros2_hw1/build/button_server/install.log --single-version-externally-managed install_data
