[0.000000] (-) TimerEvent: {}
[0.000186] (-) JobUnselected: {'identifier': 'ar_loc_base'}
[0.000292] (-) JobUnselected: {'identifier': 'ar_mapping_base'}
[0.000303] (-) JobUnselected: {'identifier': 'ar_slam_base'}
[0.000317] (-) JobUnselected: {'identifier': 'button_server'}
[0.000325] (-) JobUnselected: {'identifier': 'collision_avoidance_base'}
[0.000333] (-) JobUnselected: {'identifier': 'cs7630_msgs'}
[0.000347] (-) JobUnselected: {'identifier': 'face_detect_base'}
[0.000355] (-) JobUnselected: {'identifier': 'face_msg'}
[0.000370] (-) JobUnselected: {'identifier': 'floor_nav'}
[0.000377] (-) JobUnselected: {'identifier': 'joy_pack'}
[0.000385] (-) JobUnselected: {'identifier': 'keyboard_teleop'}
[0.000395] (-) JobUnselected: {'identifier': 'obstacle_avoidance_base'}
[0.000402] (-) JobUnselected: {'identifier': 'occgrid_planner'}
[0.000410] (-) JobUnselected: {'identifier': 'rover_driver_base'}
[0.000418] (-) JobUnselected: {'identifier': 'task_manager_client_py'}
[0.000425] (-) JobUnselected: {'identifier': 'task_manager_lib'}
[0.000433] (-) JobUnselected: {'identifier': 'task_manager_msgs'}
[0.000440] (-) JobUnselected: {'identifier': 'task_manager_nav2'}
[0.000448] (-) JobUnselected: {'identifier': 'task_manager_sync'}
[0.000456] (-) JobUnselected: {'identifier': 'turtlebot_launch'}
[0.000464] (-) JobUnselected: {'identifier': 'vrep4_helpers'}
[0.000472] (-) JobUnselected: {'identifier': 'vrep_ros_teleop'}
[0.000479] (-) JobUnselected: {'identifier': 'wifi_map_base'}
[0.000487] (-) JobUnselected: {'identifier': 'wpa_cli_msgs'}
[0.000496] (occgrid_planner_base) JobQueued: {'identifier': 'occgrid_planner_base', 'dependencies': OrderedDict([('cs7630_msgs', '/home/GTL/apaul/ros2_hw1/install/cs7630_msgs')])}
[0.000510] (occgrid_planner_base) JobStarted: {'identifier': 'occgrid_planner_base'}
[0.011903] (occgrid_planner_base) JobProgress: {'identifier': 'occgrid_planner_base', 'progress': 'cmake'}
[0.014109] (occgrid_planner_base) JobProgress: {'identifier': 'occgrid_planner_base', 'progress': 'build'}
[0.014759] (occgrid_planner_base) Command: {'cmd': ['/usr/bin/cmake', '--build', '/home/GTL/apaul/ros2_hw1/build/occgrid_planner_base', '--', '-j16', '-l16'], 'cwd': '/home/GTL/apaul/ros2_hw1/build/occgrid_planner_base', 'env': OrderedDict([('USER', 'apaul'), ('XDG_SESSION_TYPE', 'x11'), ('SHLVL', '1'), ('LD_LIBRARY_PATH', '/home/GTL/apaul/ros2_hw1/install/cs7630_msgs/lib:/usr/lib/x86_64-linux-gnu/gazebo-11/plugins:/opt/ros/humble/opt/rviz_ogre_vendor/lib:/opt/ros/humble/lib/x86_64-linux-gnu:/opt/ros/humble/lib'), ('HOME', '/home/GTL/apaul'), ('CYCLONEDDS_URI', '/cs-share/pradalier/gtlpc_cyclonedds.xml'), ('OLDPWD', '/home/GTL/apaul'), ('DESKTOP_SESSION', 'ubuntu'), ('ROS_PYTHON_VERSION', '3'), ('GNOME_SHELL_SESSION_MODE', 'ubuntu'), ('GTK_MODULES', 'gail:atk-bridge'), ('MANAGERPID', '31000'), ('SYSTEMD_EXEC_PID', '31479'), ('DBUS_SESSION_BUS_ADDRESS', 'unix:path=/run/user/37726/bus'), ('COLORTERM', 'truecolor'), ('TERMINATOR_DBUS_NAME', 'net.tenshu.Terminator23558193cd9818af7fe4d2c2f5bd9d00f'), ('GIO_LAUNCHED_DESKTOP_FILE_PID', '32748'), ('ROS_DISTRO', 'humble'), ('GTK_IM_MODULE', 'ibus'), ('LOGNAME', 'apaul'), ('JOURNAL_STREAM', '8:114510'), ('_', '/usr/bin/colcon'), ('ROS_VERSION', '2'), ('XDG_SESSION_CLASS', 'user'), ('USERNAME', 'apaul'), ('TERM', 'xterm-256color'), ('GNOME_DESKTOP_SESSION_ID', 'this-is-deprecated'), ('ROS_LOCALHOST_ONLY', '0'), ('WINDOWPATH', '2'), ('PATH', '/opt/ros/humble/bin:/usr/local/sbin:/usr/local/bin:/usr/sbin:/usr/bin:/sbin:/bin:/usr/games:/usr/local/games:/snap/bin:/snap/bin'), ('SESSION_MANAGER', 'local/gtlpc106.georgiatech-metz.fr:@/tmp/.ICE-unix/31246,unix/gtlpc106.georgiatech-metz.fr:/tmp/.ICE-unix/31246'), ('INVOCATION_ID', '2f9f53c34a7b47279c31338331113f15'), ('XDG_MENU_PREFIX', 'gnome-'), ('XDG_RUNTIME_DIR', '/run/user/37726'), ('DISPLAY', ':1'), ('TERMINATOR_DBUS_PATH', '/net/tenshu/Terminator2'), ('LANG', 'en_US.UTF-8'), ('XDG_CURRENT_DESKTOP', 'ubuntu:GNOME'), ('IBUS_DISABLE_SNOOPER', '1'), ('RMW_IMPLEMENTATION', 'rmw_cyclonedds_cpp'), ('XMODIFIERS', '@im=ibus'), ('XDG_SESSION_DESKTOP', 'ubuntu'), ('XAUTHORITY', '/run/user/37726/gdm/Xauthority'), ('SSH_AGENT_LAUNCHER', 'gnome-keyring'), ('SSH_AUTH_SOCK', '/run/user/37726/keyring/ssh'), ('ROS_DOMAIN_ID', '56'), ('AMENT_PREFIX_PATH', '/home/GTL/apaul/ros2_hw1/install/cs7630_msgs:/opt/ros/humble'), ('SHELL', '/bin/bash'), ('TERMINATOR_UUID', 'urn:uuid:87601f4f-064a-404c-94c1-1c11c2c0e3f6'), ('KRB5CCNAME', 'FILE:/tmp/krb5cc_37726'), ('QT_ACCESSIBILITY', '1'), ('GDMSESSION', 'ubuntu'), ('GPG_AGENT_INFO', '/run/user/37726/gnupg/S.gpg-agent:0:1'), ('QT_IM_MODULE', 'ibus'), ('PWD', '/home/GTL/apaul/ros2_hw1/build/occgrid_planner_base'), ('XDG_CONFIG_DIRS', '/etc/xdg/xdg-ubuntu:/etc/xdg'), ('XDG_DATA_DIRS', '/usr/share/ubuntu:/usr/share/gnome:/usr/local/share/:/usr/share/:/var/lib/snapd/desktop'), ('PYTHONPATH', '/home/GTL/apaul/ros2_hw1/install/cs7630_msgs/local/lib/python3.10/dist-packages:/opt/ros/humble/lib/python3.10/site-packages:/opt/ros/humble/local/lib/python3.10/dist-packages'), ('COLCON', '1'), ('VTE_VERSION', '6800'), ('CMAKE_PREFIX_PATH', '/home/GTL/apaul/ros2_hw1/install/cs7630_msgs:/opt/ros/humble')]), 'shell': False}
[0.051424] (occgrid_planner_base) StdoutLine: {'line': b'\x1b[35m\x1b[1mConsolidate compiler generated dependencies of target occgrid_planner_base\x1b[0m\n'}
[0.063362] (occgrid_planner_base) StdoutLine: {'line': b'[ 66%] Built target path_follower_base\n'}
[0.063508] (occgrid_planner_base) StdoutLine: {'line': b'[ 66%] Built target path_optimizer_base\n'}
[0.072454] (occgrid_planner_base) StdoutLine: {'line': b'[ 83%] \x1b[32mBuilding CXX object CMakeFiles/occgrid_planner_base.dir/src/occgrid_planner.cpp.o\x1b[0m\n'}
[0.099196] (-) TimerEvent: {}
[0.199431] (-) TimerEvent: {}
[0.299656] (-) TimerEvent: {}
[0.399897] (-) TimerEvent: {}
[0.500141] (-) TimerEvent: {}
[0.600385] (-) TimerEvent: {}
[0.700613] (-) TimerEvent: {}
[0.800846] (-) TimerEvent: {}
[0.901083] (-) TimerEvent: {}
[1.001300] (-) TimerEvent: {}
[1.101545] (-) TimerEvent: {}
[1.201789] (-) TimerEvent: {}
[1.302045] (-) TimerEvent: {}
[1.402285] (-) TimerEvent: {}
[1.502509] (-) TimerEvent: {}
[1.602736] (-) TimerEvent: {}
[1.702957] (-) TimerEvent: {}
[1.803225] (-) TimerEvent: {}
[1.903494] (-) TimerEvent: {}
[2.003747] (-) TimerEvent: {}
[2.104041] (-) TimerEvent: {}
[2.204303] (-) TimerEvent: {}
[2.304533] (-) TimerEvent: {}
[2.404774] (-) TimerEvent: {}
[2.505014] (-) TimerEvent: {}
[2.605259] (-) TimerEvent: {}
[2.705519] (-) TimerEvent: {}
[2.805747] (-) TimerEvent: {}
[2.905991] (-) TimerEvent: {}
[3.006270] (-) TimerEvent: {}
[3.106521] (-) TimerEvent: {}
[3.206836] (-) TimerEvent: {}
[3.307123] (-) TimerEvent: {}
[3.407406] (-) TimerEvent: {}
[3.507709] (-) TimerEvent: {}
[3.608007] (-) TimerEvent: {}
[3.708333] (-) TimerEvent: {}
[3.808625] (-) TimerEvent: {}
[3.908861] (-) TimerEvent: {}
[4.009099] (-) TimerEvent: {}
[4.109324] (-) TimerEvent: {}
[4.209573] (-) TimerEvent: {}
[4.309836] (-) TimerEvent: {}
[4.410070] (-) TimerEvent: {}
[4.510305] (-) TimerEvent: {}
[4.610567] (-) TimerEvent: {}
[4.710819] (-) TimerEvent: {}
[4.811038] (-) TimerEvent: {}
[4.911252] (-) TimerEvent: {}
[5.011504] (-) TimerEvent: {}
[5.111763] (-) TimerEvent: {}
[5.212048] (-) TimerEvent: {}
[5.312299] (-) TimerEvent: {}
[5.412562] (-) TimerEvent: {}
[5.512837] (-) TimerEvent: {}
[5.613075] (-) TimerEvent: {}
[5.713309] (-) TimerEvent: {}
[5.813536] (-) TimerEvent: {}
[5.913794] (-) TimerEvent: {}
[6.014043] (-) TimerEvent: {}
[6.114292] (-) TimerEvent: {}
[6.214565] (-) TimerEvent: {}
[6.314877] (-) TimerEvent: {}
[6.415102] (-) TimerEvent: {}
[6.515334] (-) TimerEvent: {}
[6.615572] (-) TimerEvent: {}
[6.715807] (-) TimerEvent: {}
[6.816062] (-) TimerEvent: {}
[6.916277] (-) TimerEvent: {}
[7.016511] (-) TimerEvent: {}
[7.116749] (-) TimerEvent: {}
[7.216984] (-) TimerEvent: {}
[7.317214] (-) TimerEvent: {}
[7.417446] (-) TimerEvent: {}
[7.517658] (-) TimerEvent: {}
[7.617889] (-) TimerEvent: {}
[7.718142] (-) TimerEvent: {}
[7.818357] (-) TimerEvent: {}
[7.918605] (-) TimerEvent: {}
[8.018880] (-) TimerEvent: {}
[8.119120] (-) TimerEvent: {}
[8.219398] (-) TimerEvent: {}
[8.319645] (-) TimerEvent: {}
[8.419883] (-) TimerEvent: {}
[8.520158] (-) TimerEvent: {}
[8.620403] (-) TimerEvent: {}
[8.720642] (-) TimerEvent: {}
[8.820886] (-) TimerEvent: {}
[8.921163] (-) TimerEvent: {}
[9.021411] (-) TimerEvent: {}
[9.121640] (-) TimerEvent: {}
[9.221897] (-) TimerEvent: {}
[9.322148] (-) TimerEvent: {}
[9.422413] (-) TimerEvent: {}
[9.522812] (-) TimerEvent: {}
[9.623181] (-) TimerEvent: {}
[9.723449] (-) TimerEvent: {}
[9.823683] (-) TimerEvent: {}
[9.923941] (-) TimerEvent: {}
[10.024216] (-) TimerEvent: {}
[10.124467] (-) TimerEvent: {}
[10.224744] (-) TimerEvent: {}
[10.325044] (-) TimerEvent: {}
[10.425295] (-) TimerEvent: {}
[10.525556] (-) TimerEvent: {}
[10.625822] (-) TimerEvent: {}
[10.726101] (-) TimerEvent: {}
[10.826371] (-) TimerEvent: {}
[10.926651] (-) TimerEvent: {}
[11.026928] (-) TimerEvent: {}
[11.127208] (-) TimerEvent: {}
[11.227471] (-) TimerEvent: {}
[11.327693] (-) TimerEvent: {}
[11.427929] (-) TimerEvent: {}
[11.528172] (-) TimerEvent: {}
[11.628378] (-) TimerEvent: {}
[11.728603] (-) TimerEvent: {}
[11.828826] (-) TimerEvent: {}
[11.929052] (-) TimerEvent: {}
[12.029278] (-) TimerEvent: {}
[12.129513] (-) TimerEvent: {}
[12.229736] (-) TimerEvent: {}
[12.329971] (-) TimerEvent: {}
[12.430210] (-) TimerEvent: {}
[12.530448] (-) TimerEvent: {}
[12.630679] (-) TimerEvent: {}
[12.730931] (-) TimerEvent: {}
[12.831170] (-) TimerEvent: {}
[12.931419] (-) TimerEvent: {}
[13.031668] (-) TimerEvent: {}
[13.131902] (-) TimerEvent: {}
[13.232155] (-) TimerEvent: {}
[13.332396] (-) TimerEvent: {}
[13.432623] (-) TimerEvent: {}
[13.532876] (-) TimerEvent: {}
[13.633106] (-) TimerEvent: {}
[13.733344] (-) TimerEvent: {}
[13.833580] (-) TimerEvent: {}
[13.933819] (-) TimerEvent: {}
[14.034047] (-) TimerEvent: {}
[14.134284] (-) TimerEvent: {}
[14.234497] (-) TimerEvent: {}
[14.334727] (-) TimerEvent: {}
[14.434962] (-) TimerEvent: {}
[14.535183] (-) TimerEvent: {}
[14.635449] (-) TimerEvent: {}
[14.735737] (-) TimerEvent: {}
[14.836002] (-) TimerEvent: {}
[14.936235] (-) TimerEvent: {}
[15.036473] (-) TimerEvent: {}
[15.136710] (-) TimerEvent: {}
[15.236956] (-) TimerEvent: {}
[15.337194] (-) TimerEvent: {}
[15.437423] (-) TimerEvent: {}
[15.537644] (-) TimerEvent: {}
[15.637873] (-) TimerEvent: {}
[15.738106] (-) TimerEvent: {}
[15.838362] (-) TimerEvent: {}
[15.938599] (-) TimerEvent: {}
[16.038826] (-) TimerEvent: {}
[16.139089] (-) TimerEvent: {}
[16.239366] (-) TimerEvent: {}
[16.339627] (-) TimerEvent: {}
[16.439868] (-) TimerEvent: {}
[16.540123] (-) TimerEvent: {}
[16.640429] (-) TimerEvent: {}
[16.740666] (-) TimerEvent: {}
[16.840900] (-) TimerEvent: {}
[16.941139] (-) TimerEvent: {}
[17.041357] (-) TimerEvent: {}
[17.044797] (occgrid_planner_base) StdoutLine: {'line': b'[100%] \x1b[32m\x1b[1mLinking CXX executable occgrid_planner_base\x1b[0m\n'}
[17.141464] (-) TimerEvent: {}
[17.241684] (-) TimerEvent: {}
[17.341915] (-) TimerEvent: {}
[17.442157] (-) TimerEvent: {}
[17.542407] (-) TimerEvent: {}
[17.642621] (-) TimerEvent: {}
[17.742861] (-) TimerEvent: {}
[17.843122] (-) TimerEvent: {}
[17.943348] (-) TimerEvent: {}
[18.043573] (-) TimerEvent: {}
[18.143803] (-) TimerEvent: {}
[18.151480] (occgrid_planner_base) StdoutLine: {'line': b'[100%] Built target occgrid_planner_base\n'}
[18.161131] (occgrid_planner_base) CommandEnded: {'returncode': 0}
[18.179543] (occgrid_planner_base) JobProgress: {'identifier': 'occgrid_planner_base', 'progress': 'install'}
[18.184771] (occgrid_planner_base) Command: {'cmd': ['/usr/bin/cmake', '--install', '/home/GTL/apaul/ros2_hw1/build/occgrid_planner_base'], 'cwd': '/home/GTL/apaul/ros2_hw1/build/occgrid_planner_base', 'env': OrderedDict([('USER', 'apaul'), ('XDG_SESSION_TYPE', 'x11'), ('SHLVL', '1'), ('LD_LIBRARY_PATH', '/home/GTL/apaul/ros2_hw1/install/cs7630_msgs/lib:/usr/lib/x86_64-linux-gnu/gazebo-11/plugins:/opt/ros/humble/opt/rviz_ogre_vendor/lib:/opt/ros/humble/lib/x86_64-linux-gnu:/opt/ros/humble/lib'), ('HOME', '/home/GTL/apaul'), ('CYCLONEDDS_URI', '/cs-share/pradalier/gtlpc_cyclonedds.xml'), ('OLDPWD', '/home/GTL/apaul'), ('DESKTOP_SESSION', 'ubuntu'), ('ROS_PYTHON_VERSION', '3'), ('GNOME_SHELL_SESSION_MODE', 'ubuntu'), ('GTK_MODULES', 'gail:atk-bridge'), ('MANAGERPID', '31000'), ('SYSTEMD_EXEC_PID', '31479'), ('DBUS_SESSION_BUS_ADDRESS', 'unix:path=/run/user/37726/bus'), ('COLORTERM', 'truecolor'), ('TERMINATOR_DBUS_NAME', 'net.tenshu.Terminator23558193cd9818af7fe4d2c2f5bd9d00f'), ('GIO_LAUNCHED_DESKTOP_FILE_PID', '32748'), ('ROS_DISTRO', 'humble'), ('GTK_IM_MODULE', 'ibus'), ('LOGNAME', 'apaul'), ('JOURNAL_STREAM', '8:114510'), ('_', '/usr/bin/colcon'), ('ROS_VERSION', '2'), ('XDG_SESSION_CLASS', 'user'), ('USERNAME', 'apaul'), ('TERM', 'xterm-256color'), ('GNOME_DESKTOP_SESSION_ID', 'this-is-deprecated'), ('ROS_LOCALHOST_ONLY', '0'), ('WINDOWPATH', '2'), ('PATH', '/opt/ros/humble/bin:/usr/local/sbin:/usr/local/bin:/usr/sbin:/usr/bin:/sbin:/bin:/usr/games:/usr/local/games:/snap/bin:/snap/bin'), ('SESSION_MANAGER', 'local/gtlpc106.georgiatech-metz.fr:@/tmp/.ICE-unix/31246,unix/gtlpc106.georgiatech-metz.fr:/tmp/.ICE-unix/31246'), ('INVOCATION_ID', '2f9f53c34a7b47279c31338331113f15'), ('XDG_MENU_PREFIX', 'gnome-'), ('XDG_RUNTIME_DIR', '/run/user/37726'), ('DISPLAY', ':1'), ('TERMINATOR_DBUS_PATH', '/net/tenshu/Terminator2'), ('LANG', 'en_US.UTF-8'), ('XDG_CURRENT_DESKTOP', 'ubuntu:GNOME'), ('IBUS_DISABLE_SNOOPER', '1'), ('RMW_IMPLEMENTATION', 'rmw_cyclonedds_cpp'), ('XMODIFIERS', '@im=ibus'), ('XDG_SESSION_DESKTOP', 'ubuntu'), ('XAUTHORITY', '/run/user/37726/gdm/Xauthority'), ('SSH_AGENT_LAUNCHER', 'gnome-keyring'), ('SSH_AUTH_SOCK', '/run/user/37726/keyring/ssh'), ('ROS_DOMAIN_ID', '56'), ('AMENT_PREFIX_PATH', '/home/GTL/apaul/ros2_hw1/install/cs7630_msgs:/opt/ros/humble'), ('SHELL', '/bin/bash'), ('TERMINATOR_UUID', 'urn:uuid:87601f4f-064a-404c-94c1-1c11c2c0e3f6'), ('KRB5CCNAME', 'FILE:/tmp/krb5cc_37726'), ('QT_ACCESSIBILITY', '1'), ('GDMSESSION', 'ubuntu'), ('GPG_AGENT_INFO', '/run/user/37726/gnupg/S.gpg-agent:0:1'), ('QT_IM_MODULE', 'ibus'), ('PWD', '/home/GTL/apaul/ros2_hw1/build/occgrid_planner_base'), ('XDG_CONFIG_DIRS', '/etc/xdg/xdg-ubuntu:/etc/xdg'), ('XDG_DATA_DIRS', '/usr/share/ubuntu:/usr/share/gnome:/usr/local/share/:/usr/share/:/var/lib/snapd/desktop'), ('PYTHONPATH', '/home/GTL/apaul/ros2_hw1/install/cs7630_msgs/local/lib/python3.10/dist-packages:/opt/ros/humble/lib/python3.10/site-packages:/opt/ros/humble/local/lib/python3.10/dist-packages'), ('COLCON', '1'), ('VTE_VERSION', '6800'), ('CMAKE_PREFIX_PATH', '/home/GTL/apaul/ros2_hw1/install/cs7630_msgs:/opt/ros/humble')]), 'shell': False}
[18.189371] (occgrid_planner_base) StdoutLine: {'line': b'-- Install configuration: ""\n'}
[18.189969] (occgrid_planner_base) StdoutLine: {'line': b'-- Installing: /home/GTL/apaul/ros2_hw1/install/occgrid_planner_base/lib/occgrid_planner_base/occgrid_planner_base\n'}
[18.243892] (-) TimerEvent: {}
[18.344124] (-) TimerEvent: {}
[18.444347] (-) TimerEvent: {}
[18.544561] (-) TimerEvent: {}
[18.567820] (occgrid_planner_base) StdoutLine: {'line': b'-- Set runtime path of "/home/GTL/apaul/ros2_hw1/install/occgrid_planner_base/lib/occgrid_planner_base/occgrid_planner_base" to ""\n'}
[18.568726] (occgrid_planner_base) StdoutLine: {'line': b'-- Up-to-date: /home/GTL/apaul/ros2_hw1/install/occgrid_planner_base/lib/occgrid_planner_base/path_optimizer_base\n'}
[18.572950] (occgrid_planner_base) StdoutLine: {'line': b'-- Up-to-date: /home/GTL/apaul/ros2_hw1/install/occgrid_planner_base/lib/occgrid_planner_base/path_follower_base\n'}
[18.576130] (occgrid_planner_base) StdoutLine: {'line': b'-- Up-to-date: /home/GTL/apaul/ros2_hw1/install/occgrid_planner_base/share/occgrid_planner_base\n'}
[18.577137] (occgrid_planner_base) StdoutLine: {'line': b'-- Up-to-date: /home/GTL/apaul/ros2_hw1/install/occgrid_planner_base/share/occgrid_planner_base/planner.launch.py\n'}
[18.577575] (occgrid_planner_base) StdoutLine: {'line': b'-- Up-to-date: /home/GTL/apaul/ros2_hw1/install/occgrid_planner_base/share/occgrid_planner_base/mapper_params_online_sync.yaml\n'}
[18.577830] (occgrid_planner_base) StdoutLine: {'line': b'-- Up-to-date: /home/GTL/apaul/ros2_hw1/install/occgrid_planner_base/share/occgrid_planner_base/slam_tb_sync.launch.py\n'}
[18.578043] (occgrid_planner_base) StdoutLine: {'line': b'-- Up-to-date: /home/GTL/apaul/ros2_hw1/install/occgrid_planner_base/share/occgrid_planner_base/mapper_params_tb_sync.yaml\n'}
[18.578258] (occgrid_planner_base) StdoutLine: {'line': b'-- Up-to-date: /home/GTL/apaul/ros2_hw1/install/occgrid_planner_base/share/occgrid_planner_base/slam_online_sync.launch.py\n'}
[18.578472] (occgrid_planner_base) StdoutLine: {'line': b'-- Up-to-date: /home/GTL/apaul/ros2_hw1/install/occgrid_planner_base/share/occgrid_planner_base/__pycache__\n'}
[18.579270] (occgrid_planner_base) StdoutLine: {'line': b'-- Up-to-date: /home/GTL/apaul/ros2_hw1/install/occgrid_planner_base/share/occgrid_planner_base/__pycache__/slam_online_sync.launch.cpython-310.pyc\n'}
[18.579664] (occgrid_planner_base) StdoutLine: {'line': b'-- Installing: /home/GTL/apaul/ros2_hw1/install/occgrid_planner_base/share/occgrid_planner_base/__pycache__/planner.launch.cpython-310.pyc\n'}
[18.585149] (occgrid_planner_base) StdoutLine: {'line': b'-- Up-to-date: /home/GTL/apaul/ros2_hw1/install/occgrid_planner_base/share/ament_index/resource_index/package_run_dependencies/occgrid_planner_base\n'}
[18.585442] (occgrid_planner_base) StdoutLine: {'line': b'-- Up-to-date: /home/GTL/apaul/ros2_hw1/install/occgrid_planner_base/share/ament_index/resource_index/parent_prefix_path/occgrid_planner_base\n'}
[18.585947] (occgrid_planner_base) StdoutLine: {'line': b'-- Up-to-date: /home/GTL/apaul/ros2_hw1/install/occgrid_planner_base/share/occgrid_planner_base/environment/ament_prefix_path.sh\n'}
[18.586190] (occgrid_planner_base) StdoutLine: {'line': b'-- Up-to-date: /home/GTL/apaul/ros2_hw1/install/occgrid_planner_base/share/occgrid_planner_base/environment/ament_prefix_path.dsv\n'}
[18.586470] (occgrid_planner_base) StdoutLine: {'line': b'-- Up-to-date: /home/GTL/apaul/ros2_hw1/install/occgrid_planner_base/share/occgrid_planner_base/environment/path.sh\n'}
[18.586928] (occgrid_planner_base) StdoutLine: {'line': b'-- Up-to-date: /home/GTL/apaul/ros2_hw1/install/occgrid_planner_base/share/occgrid_planner_base/environment/path.dsv\n'}
[18.587219] (occgrid_planner_base) StdoutLine: {'line': b'-- Up-to-date: /home/GTL/apaul/ros2_hw1/install/occgrid_planner_base/share/occgrid_planner_base/local_setup.bash\n'}
[18.587572] (occgrid_planner_base) StdoutLine: {'line': b'-- Up-to-date: /home/GTL/apaul/ros2_hw1/install/occgrid_planner_base/share/occgrid_planner_base/local_setup.sh\n'}
[18.587863] (occgrid_planner_base) StdoutLine: {'line': b'-- Up-to-date: /home/GTL/apaul/ros2_hw1/install/occgrid_planner_base/share/occgrid_planner_base/local_setup.zsh\n'}
[18.588105] (occgrid_planner_base) StdoutLine: {'line': b'-- Up-to-date: /home/GTL/apaul/ros2_hw1/install/occgrid_planner_base/share/occgrid_planner_base/local_setup.dsv\n'}
[18.588317] (occgrid_planner_base) StdoutLine: {'line': b'-- Installing: /home/GTL/apaul/ros2_hw1/install/occgrid_planner_base/share/occgrid_planner_base/package.dsv\n'}
[18.593194] (occgrid_planner_base) StdoutLine: {'line': b'-- Up-to-date: /home/GTL/apaul/ros2_hw1/install/occgrid_planner_base/share/ament_index/resource_index/packages/occgrid_planner_base\n'}
[18.593438] (occgrid_planner_base) StdoutLine: {'line': b'-- Up-to-date: /home/GTL/apaul/ros2_hw1/install/occgrid_planner_base/share/occgrid_planner_base/cmake/occgrid_planner_baseConfig.cmake\n'}
[18.593673] (occgrid_planner_base) StdoutLine: {'line': b'-- Up-to-date: /home/GTL/apaul/ros2_hw1/install/occgrid_planner_base/share/occgrid_planner_base/cmake/occgrid_planner_baseConfig-version.cmake\n'}
[18.593867] (occgrid_planner_base) StdoutLine: {'line': b'-- Up-to-date: /home/GTL/apaul/ros2_hw1/install/occgrid_planner_base/share/occgrid_planner_base/package.xml\n'}
[18.596073] (occgrid_planner_base) CommandEnded: {'returncode': 0}
[18.644650] (-) TimerEvent: {}
[18.658102] (occgrid_planner_base) JobEnded: {'identifier': 'occgrid_planner_base', 'rc': 0}
[18.659584] (-) EventReactorShutdown: {}
