[0.026s] Invoking command in '/home/GTL/apaul/ros2_hw1/build/occgrid_planner_base': AMENT_PREFIX_PATH=/home/GTL/apaul/ros2_hw1/install/cs7630_msgs:${AMENT_PREFIX_PATH} CMAKE_PREFIX_PATH=/home/GTL/apaul/ros2_hw1/install/cs7630_msgs:/opt/ros/humble LD_LIBRARY_PATH=/home/GTL/apaul/ros2_hw1/install/cs7630_msgs/lib:${LD_LIBRARY_PATH} PYTHONPATH=/home/GTL/apaul/ros2_hw1/install/cs7630_msgs/local/lib/python3.10/dist-packages:${PYTHONPATH} /usr/bin/cmake --build /home/GTL/apaul/ros2_hw1/build/occgrid_planner_base -- -j16 -l16
[0.074s] [35m[1mConsolidate compiler generated dependencies of target occgrid_planner_base[0m
[0.092s] [ 66%] Built target path_optimizer_base
[0.092s] [ 66%] Built target path_follower_base
[0.133s] [ 83%] [32mBuilding CXX object CMakeFiles/occgrid_planner_base.dir/src/occgrid_planner.cpp.o[0m
[17.249s] [100%] [32m[1mLinking CXX executable occgrid_planner_base[0m
[18.339s] [100%] Built target occgrid_planner_base
[18.348s] Invoked command in '/home/GTL/apaul/ros2_hw1/build/occgrid_planner_base' returned '0': AMENT_PREFIX_PATH=/home/GTL/apaul/ros2_hw1/install/cs7630_msgs:${AMENT_PREFIX_PATH} CMAKE_PREFIX_PATH=/home/GTL/apaul/ros2_hw1/install/cs7630_msgs:/opt/ros/humble LD_LIBRARY_PATH=/home/GTL/apaul/ros2_hw1/install/cs7630_msgs/lib:${LD_LIBRARY_PATH} PYTHONPATH=/home/GTL/apaul/ros2_hw1/install/cs7630_msgs/local/lib/python3.10/dist-packages:${PYTHONPATH} /usr/bin/cmake --build /home/GTL/apaul/ros2_hw1/build/occgrid_planner_base -- -j16 -l16
[18.373s] Invoking command in '/home/GTL/apaul/ros2_hw1/build/occgrid_planner_base': AMENT_PREFIX_PATH=/home/GTL/apaul/ros2_hw1/install/cs7630_msgs:${AMENT_PREFIX_PATH} CMAKE_PREFIX_PATH=/home/GTL/apaul/ros2_hw1/install/cs7630_msgs:/opt/ros/humble LD_LIBRARY_PATH=/home/GTL/apaul/ros2_hw1/install/cs7630_msgs/lib:${LD_LIBRARY_PATH} PYTHONPATH=/home/GTL/apaul/ros2_hw1/install/cs7630_msgs/local/lib/python3.10/dist-packages:${PYTHONPATH} /usr/bin/cmake --install /home/GTL/apaul/ros2_hw1/build/occgrid_planner_base
[18.377s] -- Install configuration: ""
[18.378s] -- Installing: /home/GTL/apaul/ros2_hw1/install/occgrid_planner_base/lib/occgrid_planner_base/occgrid_planner_base
[18.572s] -- Set runtime path of "/home/GTL/apaul/ros2_hw1/install/occgrid_planner_base/lib/occgrid_planner_base/occgrid_planner_base" to ""
[18.573s] -- Up-to-date: /home/GTL/apaul/ros2_hw1/install/occgrid_planner_base/lib/occgrid_planner_base/path_optimizer_base
[18.577s] -- Up-to-date: /home/GTL/apaul/ros2_hw1/install/occgrid_planner_base/lib/occgrid_planner_base/path_follower_base
[18.580s] -- Up-to-date: /home/GTL/apaul/ros2_hw1/install/occgrid_planner_base/share/occgrid_planner_base
[18.581s] -- Up-to-date: /home/GTL/apaul/ros2_hw1/install/occgrid_planner_base/share/occgrid_planner_base/planner.launch.py
[18.582s] -- Up-to-date: /home/GTL/apaul/ros2_hw1/install/occgrid_planner_base/share/occgrid_planner_base/mapper_params_online_sync.yaml
[18.583s] -- Up-to-date: /home/GTL/apaul/ros2_hw1/install/occgrid_planner_base/share/occgrid_planner_base/slam_tb_sync.launch.py
[18.584s] -- Up-to-date: /home/GTL/apaul/ros2_hw1/install/occgrid_planner_base/share/occgrid_planner_base/mapper_params_tb_sync.yaml
[18.584s] -- Up-to-date: /home/GTL/apaul/ros2_hw1/install/occgrid_planner_base/share/occgrid_planner_base/slam_online_sync.launch.py
[18.585s] -- Up-to-date: /home/GTL/apaul/ros2_hw1/install/occgrid_planner_base/share/occgrid_planner_base/__pycache__
[18.588s] -- Installing: /home/GTL/apaul/ros2_hw1/install/occgrid_planner_base/share/occgrid_planner_base/__pycache__/slam_online_sync.launch.cpython-310.pyc
[18.594s] -- Installing: /home/GTL/apaul/ros2_hw1/install/occgrid_planner_base/share/occgrid_planner_base/__pycache__/planner.launch.cpython-310.pyc
[18.599s] -- Up-to-date: /home/GTL/apaul/ros2_hw1/install/occgrid_planner_base/share/ament_index/resource_index/package_run_dependencies/occgrid_planner_base
[18.600s] -- Up-to-date: /home/GTL/apaul/ros2_hw1/install/occgrid_planner_base/share/ament_index/resource_index/parent_prefix_path/occgrid_planner_base
[18.601s] -- Up-to-date: /home/GTL/apaul/ros2_hw1/install/occgrid_planner_base/share/occgrid_planner_base/environment/ament_prefix_path.sh
[18.602s] -- Up-to-date: /home/GTL/apaul/ros2_hw1/install/occgrid_planner_base/share/occgrid_planner_base/environment/ament_prefix_path.dsv
[18.603s] -- Up-to-date: /home/GTL/apaul/ros2_hw1/install/occgrid_planner_base/share/occgrid_planner_base/environment/path.sh
[18.604s] -- Up-to-date: /home/GTL/apaul/ros2_hw1/install/occgrid_planner_base/share/occgrid_planner_base/environment/path.dsv
[18.605s] -- Up-to-date: /home/GTL/apaul/ros2_hw1/install/occgrid_planner_base/share/occgrid_planner_base/local_setup.bash
[18.605s] -- Up-to-date: /home/GTL/apaul/ros2_hw1/install/occgrid_planner_base/share/occgrid_planner_base/local_setup.sh
[18.606s] -- Up-to-date: /home/GTL/apaul/ros2_hw1/install/occgrid_planner_base/share/occgrid_planner_base/local_setup.zsh
[18.606s] -- Up-to-date: /home/GTL/apaul/ros2_hw1/install/occgrid_planner_base/share/occgrid_planner_base/local_setup.dsv
[18.607s] -- Installing: /home/GTL/apaul/ros2_hw1/install/occgrid_planner_base/share/occgrid_planner_base/package.dsv
[18.612s] -- Up-to-date: /home/GTL/apaul/ros2_hw1/install/occgrid_planner_base/share/ament_index/resource_index/packages/occgrid_planner_base
[18.613s] -- Up-to-date: /home/GTL/apaul/ros2_hw1/install/occgrid_planner_base/share/occgrid_planner_base/cmake/occgrid_planner_baseConfig.cmake
[18.614s] -- Up-to-date: /home/GTL/apaul/ros2_hw1/install/occgrid_planner_base/share/occgrid_planner_base/cmake/occgrid_planner_baseConfig-version.cmake
[18.614s] -- Up-to-date: /home/GTL/apaul/ros2_hw1/install/occgrid_planner_base/share/occgrid_planner_base/package.xml
[18.617s] Invoked command in '/home/GTL/apaul/ros2_hw1/build/occgrid_planner_base' returned '0': AMENT_PREFIX_PATH=/home/GTL/apaul/ros2_hw1/install/cs7630_msgs:${AMENT_PREFIX_PATH} CMAKE_PREFIX_PATH=/home/GTL/apaul/ros2_hw1/install/cs7630_msgs:/opt/ros/humble LD_LIBRARY_PATH=/home/GTL/apaul/ros2_hw1/install/cs7630_msgs/lib:${LD_LIBRARY_PATH} PYTHONPATH=/home/GTL/apaul/ros2_hw1/install/cs7630_msgs/local/lib/python3.10/dist-packages:${PYTHONPATH} /usr/bin/cmake --install /home/GTL/apaul/ros2_hw1/build/occgrid_planner_base
