[0.000000] (-) TimerEvent: {}
[0.000240] (collision_avoidance_base) JobQueued: {'identifier': 'collision_avoidance_base', 'dependencies': OrderedDict()}
[0.000262] (face_detect_base) JobQueued: {'identifier': 'face_detect_base', 'dependencies': OrderedDict()}
[0.000274] (joy_pack) JobQueued: {'identifier': 'joy_pack', 'dependencies': OrderedDict()}
[0.000283] (keyboard_teleop) JobQueued: {'identifier': 'keyboard_teleop', 'dependencies': OrderedDict()}
[0.000292] (vrep4_helpers) JobQueued: {'identifier': 'vrep4_helpers', 'dependencies': OrderedDict()}
[0.000301] (vrep_ros_teleop) JobQueued: {'identifier': 'vrep_ros_teleop', 'dependencies': OrderedDict()}
[0.000311] (collision_avoidance_base) JobStarted: {'identifier': 'collision_avoidance_base'}
[0.005910] (face_detect_base) JobStarted: {'identifier': 'face_detect_base'}
[0.017461] (joy_pack) JobStarted: {'identifier': 'joy_pack'}
[0.021644] (keyboard_teleop) JobStarted: {'identifier': 'keyboard_teleop'}
[0.032067] (vrep4_helpers) JobStarted: {'identifier': 'vrep4_helpers'}
[0.036542] (vrep_ros_teleop) JobStarted: {'identifier': 'vrep_ros_teleop'}
[0.049031] (collision_avoidance_base) JobProgress: {'identifier': 'collision_avoidance_base', 'progress': 'cmake'}
[0.052321] (collision_avoidance_base) JobProgress: {'identifier': 'collision_avoidance_base', 'progress': 'build'}
[0.053020] (collision_avoidance_base) Command: {'cmd': ['/usr/bin/cmake', '--build', '/home/GTL/apaul/ros2_hw1/build/collision_avoidance_base', '--', '-j16', '-l16'], 'cwd': '/home/GTL/apaul/ros2_hw1/build/collision_avoidance_base', 'env': OrderedDict([('USER', 'apaul'), ('XDG_SESSION_TYPE', 'x11'), ('SHLVL', '1'), ('LD_LIBRARY_PATH', '/usr/lib/x86_64-linux-gnu/gazebo-11/plugins:/opt/ros/humble/opt/rviz_ogre_vendor/lib:/opt/ros/humble/lib/x86_64-linux-gnu:/opt/ros/humble/lib'), ('HOME', '/home/GTL/apaul'), ('CYCLONEDDS_URI', '/cs-share/pradalier/gtlpc_cyclonedds.xml'), ('OLDPWD', '/home/GTL/apaul/ros2_hw1/src'), ('DESKTOP_SESSION', 'ubuntu'), ('ROS_PYTHON_VERSION', '3'), ('GNOME_SHELL_SESSION_MODE', 'ubuntu'), ('GTK_MODULES', 'gail:atk-bridge'), ('MANAGERPID', '2469'), ('SYSTEMD_EXEC_PID', '2882'), ('DBUS_SESSION_BUS_ADDRESS', 'unix:path=/run/user/37726/bus'), ('COLORTERM', 'truecolor'), ('TERMINATOR_DBUS_NAME', 'net.tenshu.Terminator23558193cd9818af7fe4d2c2f5bd9d00f'), ('GIO_LAUNCHED_DESKTOP_FILE_PID', '4378'), ('ROS_DISTRO', 'humble'), ('GTK_IM_MODULE', 'ibus'), ('LOGNAME', 'apaul'), ('JOURNAL_STREAM', '8:31672'), ('_', '/usr/bin/colcon'), ('ROS_VERSION', '2'), ('XDG_SESSION_CLASS', 'user'), ('USERNAME', 'apaul'), ('TERM', 'xterm-256color'), ('GNOME_DESKTOP_SESSION_ID', 'this-is-deprecated'), ('ROS_LOCALHOST_ONLY', '0'), ('WINDOWPATH', '2'), ('PATH', '/opt/ros/humble/bin:/usr/local/sbin:/usr/local/bin:/usr/sbin:/usr/bin:/sbin:/bin:/usr/games:/usr/local/games:/snap/bin:/snap/bin'), ('SESSION_MANAGER', 'local/gtlpc106.georgiatech-metz.fr:@/tmp/.ICE-unix/2632,unix/gtlpc106.georgiatech-metz.fr:/tmp/.ICE-unix/2632'), ('INVOCATION_ID', '3dc4de6aafe04c5682e503f4a0989816'), ('XDG_MENU_PREFIX', 'gnome-'), ('XDG_RUNTIME_DIR', '/run/user/37726'), ('DISPLAY', ':1'), ('TERMINATOR_DBUS_PATH', '/net/tenshu/Terminator2'), ('LANG', 'en_US.UTF-8'), ('XDG_CURRENT_DESKTOP', 'ubuntu:GNOME'), ('IBUS_DISABLE_SNOOPER', '1'), ('RMW_IMPLEMENTATION', 'rmw_cyclonedds_cpp'), ('XMODIFIERS', '@im=ibus'), ('XDG_SESSION_DESKTOP', 'ubuntu'), ('XAUTHORITY', '/run/user/37726/gdm/Xauthority'), ('SSH_AGENT_LAUNCHER', 'gnome-keyring'), ('SSH_AUTH_SOCK', '/run/user/37726/keyring/ssh'), ('ROS_DOMAIN_ID', '56'), ('AMENT_PREFIX_PATH', '/opt/ros/humble'), ('SHELL', '/bin/bash'), ('TERMINATOR_UUID', 'urn:uuid:51e16036-5b61-4a91-8086-4d008d9b4654'), ('KRB5CCNAME', 'FILE:/tmp/krb5cc_37726'), ('QT_ACCESSIBILITY', '1'), ('GDMSESSION', 'ubuntu'), ('GPG_AGENT_INFO', '/run/user/37726/gnupg/S.gpg-agent:0:1'), ('QT_IM_MODULE', 'ibus'), ('PWD', '/home/GTL/apaul/ros2_hw1/build/collision_avoidance_base'), ('XDG_CONFIG_DIRS', '/etc/xdg/xdg-ubuntu:/etc/xdg'), ('XDG_DATA_DIRS', '/usr/share/ubuntu:/usr/share/gnome:/usr/local/share/:/usr/share/:/var/lib/snapd/desktop'), ('PYTHONPATH', '/opt/ros/humble/lib/python3.10/site-packages:/opt/ros/humble/local/lib/python3.10/dist-packages'), ('COLCON', '1'), ('VTE_VERSION', '6800'), ('CMAKE_PREFIX_PATH', '/opt/ros/humble')]), 'shell': False}
[0.098748] (-) TimerEvent: {}
[0.198994] (-) TimerEvent: {}
[0.246701] (joy_pack) JobProgress: {'identifier': 'joy_pack', 'progress': 'cmake'}
[0.249883] (joy_pack) JobProgress: {'identifier': 'joy_pack', 'progress': 'build'}
[0.251221] (joy_pack) Command: {'cmd': ['/usr/bin/cmake', '--build', '/home/GTL/apaul/ros2_hw1/build/joy_pack', '--', '-j16', '-l16'], 'cwd': '/home/GTL/apaul/ros2_hw1/build/joy_pack', 'env': OrderedDict([('USER', 'apaul'), ('XDG_SESSION_TYPE', 'x11'), ('SHLVL', '1'), ('LD_LIBRARY_PATH', '/usr/lib/x86_64-linux-gnu/gazebo-11/plugins:/opt/ros/humble/opt/rviz_ogre_vendor/lib:/opt/ros/humble/lib/x86_64-linux-gnu:/opt/ros/humble/lib'), ('HOME', '/home/GTL/apaul'), ('CYCLONEDDS_URI', '/cs-share/pradalier/gtlpc_cyclonedds.xml'), ('OLDPWD', '/home/GTL/apaul/ros2_hw1/src'), ('DESKTOP_SESSION', 'ubuntu'), ('ROS_PYTHON_VERSION', '3'), ('GNOME_SHELL_SESSION_MODE', 'ubuntu'), ('GTK_MODULES', 'gail:atk-bridge'), ('MANAGERPID', '2469'), ('SYSTEMD_EXEC_PID', '2882'), ('DBUS_SESSION_BUS_ADDRESS', 'unix:path=/run/user/37726/bus'), ('COLORTERM', 'truecolor'), ('TERMINATOR_DBUS_NAME', 'net.tenshu.Terminator23558193cd9818af7fe4d2c2f5bd9d00f'), ('GIO_LAUNCHED_DESKTOP_FILE_PID', '4378'), ('ROS_DISTRO', 'humble'), ('GTK_IM_MODULE', 'ibus'), ('LOGNAME', 'apaul'), ('JOURNAL_STREAM', '8:31672'), ('_', '/usr/bin/colcon'), ('ROS_VERSION', '2'), ('XDG_SESSION_CLASS', 'user'), ('USERNAME', 'apaul'), ('TERM', 'xterm-256color'), ('GNOME_DESKTOP_SESSION_ID', 'this-is-deprecated'), ('ROS_LOCALHOST_ONLY', '0'), ('WINDOWPATH', '2'), ('PATH', '/opt/ros/humble/bin:/usr/local/sbin:/usr/local/bin:/usr/sbin:/usr/bin:/sbin:/bin:/usr/games:/usr/local/games:/snap/bin:/snap/bin'), ('SESSION_MANAGER', 'local/gtlpc106.georgiatech-metz.fr:@/tmp/.ICE-unix/2632,unix/gtlpc106.georgiatech-metz.fr:/tmp/.ICE-unix/2632'), ('INVOCATION_ID', '3dc4de6aafe04c5682e503f4a0989816'), ('XDG_MENU_PREFIX', 'gnome-'), ('XDG_RUNTIME_DIR', '/run/user/37726'), ('DISPLAY', ':1'), ('TERMINATOR_DBUS_PATH', '/net/tenshu/Terminator2'), ('LANG', 'en_US.UTF-8'), ('XDG_CURRENT_DESKTOP', 'ubuntu:GNOME'), ('IBUS_DISABLE_SNOOPER', '1'), ('RMW_IMPLEMENTATION', 'rmw_cyclonedds_cpp'), ('XMODIFIERS', '@im=ibus'), ('XDG_SESSION_DESKTOP', 'ubuntu'), ('XAUTHORITY', '/run/user/37726/gdm/Xauthority'), ('SSH_AGENT_LAUNCHER', 'gnome-keyring'), ('SSH_AUTH_SOCK', '/run/user/37726/keyring/ssh'), ('ROS_DOMAIN_ID', '56'), ('AMENT_PREFIX_PATH', '/opt/ros/humble'), ('SHELL', '/bin/bash'), ('TERMINATOR_UUID', 'urn:uuid:51e16036-5b61-4a91-8086-4d008d9b4654'), ('KRB5CCNAME', 'FILE:/tmp/krb5cc_37726'), ('QT_ACCESSIBILITY', '1'), ('GDMSESSION', 'ubuntu'), ('GPG_AGENT_INFO', '/run/user/37726/gnupg/S.gpg-agent:0:1'), ('QT_IM_MODULE', 'ibus'), ('PWD', '/home/GTL/apaul/ros2_hw1/build/joy_pack'), ('XDG_CONFIG_DIRS', '/etc/xdg/xdg-ubuntu:/etc/xdg'), ('XDG_DATA_DIRS', '/usr/share/ubuntu:/usr/share/gnome:/usr/local/share/:/usr/share/:/var/lib/snapd/desktop'), ('PYTHONPATH', '/opt/ros/humble/lib/python3.10/site-packages:/opt/ros/humble/local/lib/python3.10/dist-packages'), ('COLCON', '1'), ('VTE_VERSION', '6800'), ('CMAKE_PREFIX_PATH', '/opt/ros/humble')]), 'shell': False}
[0.299081] (-) TimerEvent: {}
[0.399333] (-) TimerEvent: {}
[0.447595] (vrep4_helpers) JobProgress: {'identifier': 'vrep4_helpers', 'progress': 'cmake'}
[0.450792] (vrep4_helpers) JobProgress: {'identifier': 'vrep4_helpers', 'progress': 'build'}
[0.451140] (vrep4_helpers) Command: {'cmd': ['/usr/bin/cmake', '--build', '/home/GTL/apaul/ros2_hw1/build/vrep4_helpers', '--', '-j16', '-l16'], 'cwd': '/home/GTL/apaul/ros2_hw1/build/vrep4_helpers', 'env': OrderedDict([('USER', 'apaul'), ('XDG_SESSION_TYPE', 'x11'), ('SHLVL', '1'), ('LD_LIBRARY_PATH', '/usr/lib/x86_64-linux-gnu/gazebo-11/plugins:/opt/ros/humble/opt/rviz_ogre_vendor/lib:/opt/ros/humble/lib/x86_64-linux-gnu:/opt/ros/humble/lib'), ('HOME', '/home/GTL/apaul'), ('CYCLONEDDS_URI', '/cs-share/pradalier/gtlpc_cyclonedds.xml'), ('OLDPWD', '/home/GTL/apaul/ros2_hw1/src'), ('DESKTOP_SESSION', 'ubuntu'), ('ROS_PYTHON_VERSION', '3'), ('GNOME_SHELL_SESSION_MODE', 'ubuntu'), ('GTK_MODULES', 'gail:atk-bridge'), ('MANAGERPID', '2469'), ('SYSTEMD_EXEC_PID', '2882'), ('DBUS_SESSION_BUS_ADDRESS', 'unix:path=/run/user/37726/bus'), ('COLORTERM', 'truecolor'), ('TERMINATOR_DBUS_NAME', 'net.tenshu.Terminator23558193cd9818af7fe4d2c2f5bd9d00f'), ('GIO_LAUNCHED_DESKTOP_FILE_PID', '4378'), ('ROS_DISTRO', 'humble'), ('GTK_IM_MODULE', 'ibus'), ('LOGNAME', 'apaul'), ('JOURNAL_STREAM', '8:31672'), ('_', '/usr/bin/colcon'), ('ROS_VERSION', '2'), ('XDG_SESSION_CLASS', 'user'), ('USERNAME', 'apaul'), ('TERM', 'xterm-256color'), ('GNOME_DESKTOP_SESSION_ID', 'this-is-deprecated'), ('ROS_LOCALHOST_ONLY', '0'), ('WINDOWPATH', '2'), ('PATH', '/opt/ros/humble/bin:/usr/local/sbin:/usr/local/bin:/usr/sbin:/usr/bin:/sbin:/bin:/usr/games:/usr/local/games:/snap/bin:/snap/bin'), ('SESSION_MANAGER', 'local/gtlpc106.georgiatech-metz.fr:@/tmp/.ICE-unix/2632,unix/gtlpc106.georgiatech-metz.fr:/tmp/.ICE-unix/2632'), ('INVOCATION_ID', '3dc4de6aafe04c5682e503f4a0989816'), ('XDG_MENU_PREFIX', 'gnome-'), ('XDG_RUNTIME_DIR', '/run/user/37726'), ('DISPLAY', ':1'), ('TERMINATOR_DBUS_PATH', '/net/tenshu/Terminator2'), ('LANG', 'en_US.UTF-8'), ('XDG_CURRENT_DESKTOP', 'ubuntu:GNOME'), ('IBUS_DISABLE_SNOOPER', '1'), ('RMW_IMPLEMENTATION', 'rmw_cyclonedds_cpp'), ('XMODIFIERS', '@im=ibus'), ('XDG_SESSION_DESKTOP', 'ubuntu'), ('XAUTHORITY', '/run/user/37726/gdm/Xauthority'), ('SSH_AGENT_LAUNCHER', 'gnome-keyring'), ('SSH_AUTH_SOCK', '/run/user/37726/keyring/ssh'), ('ROS_DOMAIN_ID', '56'), ('AMENT_PREFIX_PATH', '/opt/ros/humble'), ('SHELL', '/bin/bash'), ('TERMINATOR_UUID', 'urn:uuid:51e16036-5b61-4a91-8086-4d008d9b4654'), ('KRB5CCNAME', 'FILE:/tmp/krb5cc_37726'), ('QT_ACCESSIBILITY', '1'), ('GDMSESSION', 'ubuntu'), ('GPG_AGENT_INFO', '/run/user/37726/gnupg/S.gpg-agent:0:1'), ('QT_IM_MODULE', 'ibus'), ('PWD', '/home/GTL/apaul/ros2_hw1/build/vrep4_helpers'), ('XDG_CONFIG_DIRS', '/etc/xdg/xdg-ubuntu:/etc/xdg'), ('XDG_DATA_DIRS', '/usr/share/ubuntu:/usr/share/gnome:/usr/local/share/:/usr/share/:/var/lib/snapd/desktop'), ('PYTHONPATH', '/opt/ros/humble/lib/python3.10/site-packages:/opt/ros/humble/local/lib/python3.10/dist-packages'), ('COLCON', '1'), ('VTE_VERSION', '6800'), ('CMAKE_PREFIX_PATH', '/opt/ros/humble')]), 'shell': False}
[0.456492] (collision_avoidance_base) StdoutLine: {'line': b'\x1b[35m\x1b[1mConsolidate compiler generated dependencies of target collision_avoidance_base\x1b[0m\n'}
[0.456553] (collision_avoidance_base) StdoutLine: {'line': b'[ 50%] \x1b[32mBuilding CXX object CMakeFiles/collision_avoidance_base.dir/src/collision_avoidance.cpp.o\x1b[0m\n'}
[0.456594] (joy_pack) StdoutLine: {'line': b'[100%] Built target joy_node\n'}
[0.499435] (-) TimerEvent: {}
[0.510591] (vrep4_helpers) StdoutLine: {'line': b'[100%] Built target image_flip\n'}
[0.510756] (vrep4_helpers) StdoutLine: {'line': b'[100%] Built target clock_repeat\n'}
[0.599519] (-) TimerEvent: {}
[0.652391] (joy_pack) CommandEnded: {'returncode': 0}
[0.664151] (vrep4_helpers) CommandEnded: {'returncode': 0}
[0.670918] (joy_pack) JobProgress: {'identifier': 'joy_pack', 'progress': 'install'}
[0.676965] (joy_pack) Command: {'cmd': ['/usr/bin/cmake', '--install', '/home/GTL/apaul/ros2_hw1/build/joy_pack'], 'cwd': '/home/GTL/apaul/ros2_hw1/build/joy_pack', 'env': OrderedDict([('USER', 'apaul'), ('XDG_SESSION_TYPE', 'x11'), ('SHLVL', '1'), ('LD_LIBRARY_PATH', '/usr/lib/x86_64-linux-gnu/gazebo-11/plugins:/opt/ros/humble/opt/rviz_ogre_vendor/lib:/opt/ros/humble/lib/x86_64-linux-gnu:/opt/ros/humble/lib'), ('HOME', '/home/GTL/apaul'), ('CYCLONEDDS_URI', '/cs-share/pradalier/gtlpc_cyclonedds.xml'), ('OLDPWD', '/home/GTL/apaul/ros2_hw1/src'), ('DESKTOP_SESSION', 'ubuntu'), ('ROS_PYTHON_VERSION', '3'), ('GNOME_SHELL_SESSION_MODE', 'ubuntu'), ('GTK_MODULES', 'gail:atk-bridge'), ('MANAGERPID', '2469'), ('SYSTEMD_EXEC_PID', '2882'), ('DBUS_SESSION_BUS_ADDRESS', 'unix:path=/run/user/37726/bus'), ('COLORTERM', 'truecolor'), ('TERMINATOR_DBUS_NAME', 'net.tenshu.Terminator23558193cd9818af7fe4d2c2f5bd9d00f'), ('GIO_LAUNCHED_DESKTOP_FILE_PID', '4378'), ('ROS_DISTRO', 'humble'), ('GTK_IM_MODULE', 'ibus'), ('LOGNAME', 'apaul'), ('JOURNAL_STREAM', '8:31672'), ('_', '/usr/bin/colcon'), ('ROS_VERSION', '2'), ('XDG_SESSION_CLASS', 'user'), ('USERNAME', 'apaul'), ('TERM', 'xterm-256color'), ('GNOME_DESKTOP_SESSION_ID', 'this-is-deprecated'), ('ROS_LOCALHOST_ONLY', '0'), ('WINDOWPATH', '2'), ('PATH', '/opt/ros/humble/bin:/usr/local/sbin:/usr/local/bin:/usr/sbin:/usr/bin:/sbin:/bin:/usr/games:/usr/local/games:/snap/bin:/snap/bin'), ('SESSION_MANAGER', 'local/gtlpc106.georgiatech-metz.fr:@/tmp/.ICE-unix/2632,unix/gtlpc106.georgiatech-metz.fr:/tmp/.ICE-unix/2632'), ('INVOCATION_ID', '3dc4de6aafe04c5682e503f4a0989816'), ('XDG_MENU_PREFIX', 'gnome-'), ('XDG_RUNTIME_DIR', '/run/user/37726'), ('DISPLAY', ':1'), ('TERMINATOR_DBUS_PATH', '/net/tenshu/Terminator2'), ('LANG', 'en_US.UTF-8'), ('XDG_CURRENT_DESKTOP', 'ubuntu:GNOME'), ('IBUS_DISABLE_SNOOPER', '1'), ('RMW_IMPLEMENTATION', 'rmw_cyclonedds_cpp'), ('XMODIFIERS', '@im=ibus'), ('XDG_SESSION_DESKTOP', 'ubuntu'), ('XAUTHORITY', '/run/user/37726/gdm/Xauthority'), ('SSH_AGENT_LAUNCHER', 'gnome-keyring'), ('SSH_AUTH_SOCK', '/run/user/37726/keyring/ssh'), ('ROS_DOMAIN_ID', '56'), ('AMENT_PREFIX_PATH', '/opt/ros/humble'), ('SHELL', '/bin/bash'), ('TERMINATOR_UUID', 'urn:uuid:51e16036-5b61-4a91-8086-4d008d9b4654'), ('KRB5CCNAME', 'FILE:/tmp/krb5cc_37726'), ('QT_ACCESSIBILITY', '1'), ('GDMSESSION', 'ubuntu'), ('GPG_AGENT_INFO', '/run/user/37726/gnupg/S.gpg-agent:0:1'), ('QT_IM_MODULE', 'ibus'), ('PWD', '/home/GTL/apaul/ros2_hw1/build/joy_pack'), ('XDG_CONFIG_DIRS', '/etc/xdg/xdg-ubuntu:/etc/xdg'), ('XDG_DATA_DIRS', '/usr/share/ubuntu:/usr/share/gnome:/usr/local/share/:/usr/share/:/var/lib/snapd/desktop'), ('PYTHONPATH', '/opt/ros/humble/lib/python3.10/site-packages:/opt/ros/humble/local/lib/python3.10/dist-packages'), ('COLCON', '1'), ('VTE_VERSION', '6800'), ('CMAKE_PREFIX_PATH', '/opt/ros/humble')]), 'shell': False}
[0.680581] (vrep4_helpers) JobProgress: {'identifier': 'vrep4_helpers', 'progress': 'install'}
[0.681464] (vrep4_helpers) Command: {'cmd': ['/usr/bin/cmake', '--install', '/home/GTL/apaul/ros2_hw1/build/vrep4_helpers'], 'cwd': '/home/GTL/apaul/ros2_hw1/build/vrep4_helpers', 'env': OrderedDict([('USER', 'apaul'), ('XDG_SESSION_TYPE', 'x11'), ('SHLVL', '1'), ('LD_LIBRARY_PATH', '/usr/lib/x86_64-linux-gnu/gazebo-11/plugins:/opt/ros/humble/opt/rviz_ogre_vendor/lib:/opt/ros/humble/lib/x86_64-linux-gnu:/opt/ros/humble/lib'), ('HOME', '/home/GTL/apaul'), ('CYCLONEDDS_URI', '/cs-share/pradalier/gtlpc_cyclonedds.xml'), ('OLDPWD', '/home/GTL/apaul/ros2_hw1/src'), ('DESKTOP_SESSION', 'ubuntu'), ('ROS_PYTHON_VERSION', '3'), ('GNOME_SHELL_SESSION_MODE', 'ubuntu'), ('GTK_MODULES', 'gail:atk-bridge'), ('MANAGERPID', '2469'), ('SYSTEMD_EXEC_PID', '2882'), ('DBUS_SESSION_BUS_ADDRESS', 'unix:path=/run/user/37726/bus'), ('COLORTERM', 'truecolor'), ('TERMINATOR_DBUS_NAME', 'net.tenshu.Terminator23558193cd9818af7fe4d2c2f5bd9d00f'), ('GIO_LAUNCHED_DESKTOP_FILE_PID', '4378'), ('ROS_DISTRO', 'humble'), ('GTK_IM_MODULE', 'ibus'), ('LOGNAME', 'apaul'), ('JOURNAL_STREAM', '8:31672'), ('_', '/usr/bin/colcon'), ('ROS_VERSION', '2'), ('XDG_SESSION_CLASS', 'user'), ('USERNAME', 'apaul'), ('TERM', 'xterm-256color'), ('GNOME_DESKTOP_SESSION_ID', 'this-is-deprecated'), ('ROS_LOCALHOST_ONLY', '0'), ('WINDOWPATH', '2'), ('PATH', '/opt/ros/humble/bin:/usr/local/sbin:/usr/local/bin:/usr/sbin:/usr/bin:/sbin:/bin:/usr/games:/usr/local/games:/snap/bin:/snap/bin'), ('SESSION_MANAGER', 'local/gtlpc106.georgiatech-metz.fr:@/tmp/.ICE-unix/2632,unix/gtlpc106.georgiatech-metz.fr:/tmp/.ICE-unix/2632'), ('INVOCATION_ID', '3dc4de6aafe04c5682e503f4a0989816'), ('XDG_MENU_PREFIX', 'gnome-'), ('XDG_RUNTIME_DIR', '/run/user/37726'), ('DISPLAY', ':1'), ('TERMINATOR_DBUS_PATH', '/net/tenshu/Terminator2'), ('LANG', 'en_US.UTF-8'), ('XDG_CURRENT_DESKTOP', 'ubuntu:GNOME'), ('IBUS_DISABLE_SNOOPER', '1'), ('RMW_IMPLEMENTATION', 'rmw_cyclonedds_cpp'), ('XMODIFIERS', '@im=ibus'), ('XDG_SESSION_DESKTOP', 'ubuntu'), ('XAUTHORITY', '/run/user/37726/gdm/Xauthority'), ('SSH_AGENT_LAUNCHER', 'gnome-keyring'), ('SSH_AUTH_SOCK', '/run/user/37726/keyring/ssh'), ('ROS_DOMAIN_ID', '56'), ('AMENT_PREFIX_PATH', '/opt/ros/humble'), ('SHELL', '/bin/bash'), ('TERMINATOR_UUID', 'urn:uuid:51e16036-5b61-4a91-8086-4d008d9b4654'), ('KRB5CCNAME', 'FILE:/tmp/krb5cc_37726'), ('QT_ACCESSIBILITY', '1'), ('GDMSESSION', 'ubuntu'), ('GPG_AGENT_INFO', '/run/user/37726/gnupg/S.gpg-agent:0:1'), ('QT_IM_MODULE', 'ibus'), ('PWD', '/home/GTL/apaul/ros2_hw1/build/vrep4_helpers'), ('XDG_CONFIG_DIRS', '/etc/xdg/xdg-ubuntu:/etc/xdg'), ('XDG_DATA_DIRS', '/usr/share/ubuntu:/usr/share/gnome:/usr/local/share/:/usr/share/:/var/lib/snapd/desktop'), ('PYTHONPATH', '/opt/ros/humble/lib/python3.10/site-packages:/opt/ros/humble/local/lib/python3.10/dist-packages'), ('COLCON', '1'), ('VTE_VERSION', '6800'), ('CMAKE_PREFIX_PATH', '/opt/ros/humble')]), 'shell': False}
[0.683952] (joy_pack) StdoutLine: {'line': b'-- Install configuration: ""\n'}
[0.684549] (joy_pack) StdoutLine: {'line': b'-- Up-to-date: /home/GTL/apaul/ros2_hw1/install/joy_pack/lib/joy_pack/joy_node\n'}
[0.687145] (joy_pack) StdoutLine: {'line': b'-- Up-to-date: /home/GTL/apaul/ros2_hw1/install/joy_pack/share/ament_index/resource_index/package_run_dependencies/joy_pack\n'}
[0.687907] (joy_pack) StdoutLine: {'line': b'-- Up-to-date: /home/GTL/apaul/ros2_hw1/install/joy_pack/share/ament_index/resource_index/parent_prefix_path/joy_pack\n'}
[0.688122] (vrep4_helpers) StdoutLine: {'line': b'-- Install configuration: ""\n'}
[0.689001] (joy_pack) StdoutLine: {'line': b'-- Up-to-date: /home/GTL/apaul/ros2_hw1/install/joy_pack/share/joy_pack/environment/ament_prefix_path.sh\n'}
[0.689141] (vrep4_helpers) StdoutLine: {'line': b'-- Up-to-date: /home/GTL/apaul/ros2_hw1/install/vrep4_helpers/lib/vrep4_helpers/image_flip\n'}
[0.690089] (joy_pack) StdoutLine: {'line': b'-- Up-to-date: /home/GTL/apaul/ros2_hw1/install/joy_pack/share/joy_pack/environment/ament_prefix_path.dsv\n'}
[0.690607] (joy_pack) StdoutLine: {'line': b'-- Up-to-date: /home/GTL/apaul/ros2_hw1/install/joy_pack/share/joy_pack/environment/path.sh\n'}
[0.690937] (vrep4_helpers) StdoutLine: {'line': b'-- Up-to-date: /home/GTL/apaul/ros2_hw1/install/vrep4_helpers/lib/vrep4_helpers/clock_repeat\n'}
[0.691377] (joy_pack) StdoutLine: {'line': b'-- Up-to-date: /home/GTL/apaul/ros2_hw1/install/joy_pack/share/joy_pack/environment/path.dsv\n'}
[0.691952] (joy_pack) StdoutLine: {'line': b'-- Up-to-date: /home/GTL/apaul/ros2_hw1/install/joy_pack/share/joy_pack/local_setup.bash\n'}
[0.692821] (joy_pack) StdoutLine: {'line': b'-- Up-to-date: /home/GTL/apaul/ros2_hw1/install/joy_pack/share/joy_pack/local_setup.sh\n'}
[0.693360] (joy_pack) StdoutLine: {'line': b'-- Up-to-date: /home/GTL/apaul/ros2_hw1/install/joy_pack/share/joy_pack/local_setup.zsh\n'}
[0.693433] (vrep4_helpers) StdoutLine: {'line': b'-- Up-to-date: /home/GTL/apaul/ros2_hw1/install/vrep4_helpers/share/vrep4_helpers\n'}
[0.694139] (joy_pack) StdoutLine: {'line': b'-- Up-to-date: /home/GTL/apaul/ros2_hw1/install/joy_pack/share/joy_pack/local_setup.dsv\n'}
[0.694874] (vrep4_helpers) StdoutLine: {'line': b'-- Up-to-date: /home/GTL/apaul/ros2_hw1/install/vrep4_helpers/share/vrep4_helpers/kinect_pc.launch.py\n'}
[0.695050] (joy_pack) StdoutLine: {'line': b'-- Installing: /home/GTL/apaul/ros2_hw1/install/joy_pack/share/joy_pack/package.dsv\n'}
[0.695416] (vrep4_helpers) StdoutLine: {'line': b'-- Up-to-date: /home/GTL/apaul/ros2_hw1/install/vrep4_helpers/share/vrep4_helpers/kinect_pc_min.launch.py\n'}
[0.695957] (vrep4_helpers) StdoutLine: {'line': b'-- Up-to-date: /home/GTL/apaul/ros2_hw1/install/vrep4_helpers/share/vrep4_helpers/__pycache__\n'}
[0.697251] (vrep4_helpers) StdoutLine: {'line': b'-- Up-to-date: /home/GTL/apaul/ros2_hw1/install/vrep4_helpers/share/vrep4_helpers/__pycache__/kinect_pc_min.launch.cpython-310.pyc\n'}
[0.698567] (vrep4_helpers) StdoutLine: {'line': b'-- Up-to-date: /home/GTL/apaul/ros2_hw1/install/vrep4_helpers/share/ament_index/resource_index/package_run_dependencies/vrep4_helpers\n'}
[0.699578] (-) TimerEvent: {}
[0.699699] (vrep4_helpers) StdoutLine: {'line': b'-- Up-to-date: /home/GTL/apaul/ros2_hw1/install/vrep4_helpers/share/ament_index/resource_index/parent_prefix_path/vrep4_helpers\n'}
[0.699746] (joy_pack) StdoutLine: {'line': b'-- Up-to-date: /home/GTL/apaul/ros2_hw1/install/joy_pack/share/ament_index/resource_index/packages/joy_pack\n'}
[0.700562] (vrep4_helpers) StdoutLine: {'line': b'-- Up-to-date: /home/GTL/apaul/ros2_hw1/install/vrep4_helpers/share/vrep4_helpers/environment/ament_prefix_path.sh\n'}
[0.700619] (joy_pack) StdoutLine: {'line': b'-- Up-to-date: /home/GTL/apaul/ros2_hw1/install/joy_pack/share/joy_pack/cmake/joy_packConfig.cmake\n'}
[0.700961] (joy_pack) StdoutLine: {'line': b'-- Up-to-date: /home/GTL/apaul/ros2_hw1/install/joy_pack/share/joy_pack/cmake/joy_packConfig-version.cmake\n'}
[0.701541] (vrep4_helpers) StdoutLine: {'line': b'-- Up-to-date: /home/GTL/apaul/ros2_hw1/install/vrep4_helpers/share/vrep4_helpers/environment/ament_prefix_path.dsv\n'}
[0.701773] (joy_pack) StdoutLine: {'line': b'-- Up-to-date: /home/GTL/apaul/ros2_hw1/install/joy_pack/share/joy_pack/package.xml\n'}
[0.701996] (vrep4_helpers) StdoutLine: {'line': b'-- Up-to-date: /home/GTL/apaul/ros2_hw1/install/vrep4_helpers/share/vrep4_helpers/environment/path.sh\n'}
[0.702990] (vrep4_helpers) StdoutLine: {'line': b'-- Up-to-date: /home/GTL/apaul/ros2_hw1/install/vrep4_helpers/share/vrep4_helpers/environment/path.dsv\n'}
[0.703471] (vrep4_helpers) StdoutLine: {'line': b'-- Up-to-date: /home/GTL/apaul/ros2_hw1/install/vrep4_helpers/share/vrep4_helpers/local_setup.bash\n'}
[0.704367] (joy_pack) CommandEnded: {'returncode': 0}
[0.704821] (vrep4_helpers) StdoutLine: {'line': b'-- Up-to-date: /home/GTL/apaul/ros2_hw1/install/vrep4_helpers/share/vrep4_helpers/local_setup.sh\n'}
[0.704991] (vrep4_helpers) StdoutLine: {'line': b'-- Up-to-date: /home/GTL/apaul/ros2_hw1/install/vrep4_helpers/share/vrep4_helpers/local_setup.zsh\n'}
[0.705779] (vrep4_helpers) StdoutLine: {'line': b'-- Up-to-date: /home/GTL/apaul/ros2_hw1/install/vrep4_helpers/share/vrep4_helpers/local_setup.dsv\n'}
[0.706339] (vrep4_helpers) StdoutLine: {'line': b'-- Installing: /home/GTL/apaul/ros2_hw1/install/vrep4_helpers/share/vrep4_helpers/package.dsv\n'}
[0.711371] (vrep4_helpers) StdoutLine: {'line': b'-- Up-to-date: /home/GTL/apaul/ros2_hw1/install/vrep4_helpers/share/ament_index/resource_index/packages/vrep4_helpers\n'}
[0.711962] (vrep4_helpers) StdoutLine: {'line': b'-- Up-to-date: /home/GTL/apaul/ros2_hw1/install/vrep4_helpers/share/vrep4_helpers/cmake/vrep4_helpersConfig.cmake\n'}
[0.712563] (vrep4_helpers) StdoutLine: {'line': b'-- Up-to-date: /home/GTL/apaul/ros2_hw1/install/vrep4_helpers/share/vrep4_helpers/cmake/vrep4_helpersConfig-version.cmake\n'}
[0.712935] (vrep4_helpers) StdoutLine: {'line': b'-- Up-to-date: /home/GTL/apaul/ros2_hw1/install/vrep4_helpers/share/vrep4_helpers/package.xml\n'}
[0.735834] (vrep4_helpers) CommandEnded: {'returncode': 0}
[0.785934] (joy_pack) JobEnded: {'identifier': 'joy_pack', 'rc': 0}
[0.799826] (-) TimerEvent: {}
[0.805476] (vrep4_helpers) JobEnded: {'identifier': 'vrep4_helpers', 'rc': 0}
[0.899924] (-) TimerEvent: {}
[0.952770] (keyboard_teleop) Command: {'cmd': ['/usr/bin/python3', '-W', 'ignore:setup.py install is deprecated', 'setup.py', 'egg_info', '--egg-base', '../../build/keyboard_teleop', 'build', '--build-base', '/home/GTL/apaul/ros2_hw1/build/keyboard_teleop/build', 'install', '--record', '/home/GTL/apaul/ros2_hw1/build/keyboard_teleop/install.log', '--single-version-externally-managed', 'install_data'], 'cwd': '/home/GTL/apaul/ros2_hw1/src/keyboard_teleop', 'env': {'USER': 'apaul', 'XDG_SESSION_TYPE': 'x11', 'SHLVL': '1', 'LD_LIBRARY_PATH': '/usr/lib/x86_64-linux-gnu/gazebo-11/plugins:/opt/ros/humble/opt/rviz_ogre_vendor/lib:/opt/ros/humble/lib/x86_64-linux-gnu:/opt/ros/humble/lib', 'HOME': '/home/GTL/apaul', 'CYCLONEDDS_URI': '/cs-share/pradalier/gtlpc_cyclonedds.xml', 'OLDPWD': '/home/GTL/apaul/ros2_hw1/src', 'DESKTOP_SESSION': 'ubuntu', 'ROS_PYTHON_VERSION': '3', 'GNOME_SHELL_SESSION_MODE': 'ubuntu', 'GTK_MODULES': 'gail:atk-bridge', 'MANAGERPID': '2469', 'SYSTEMD_EXEC_PID': '2882', 'DBUS_SESSION_BUS_ADDRESS': 'unix:path=/run/user/37726/bus', 'COLORTERM': 'truecolor', 'TERMINATOR_DBUS_NAME': 'net.tenshu.Terminator23558193cd9818af7fe4d2c2f5bd9d00f', 'GIO_LAUNCHED_DESKTOP_FILE_PID': '4378', 'ROS_DISTRO': 'humble', 'GTK_IM_MODULE': 'ibus', 'LOGNAME': 'apaul', 'JOURNAL_STREAM': '8:31672', '_': '/usr/bin/colcon', 'ROS_VERSION': '2', 'XDG_SESSION_CLASS': 'user', 'USERNAME': 'apaul', 'TERM': 'xterm-256color', 'GNOME_DESKTOP_SESSION_ID': 'this-is-deprecated', 'ROS_LOCALHOST_ONLY': '0', 'WINDOWPATH': '2', 'PATH': '/opt/ros/humble/bin:/usr/local/sbin:/usr/local/bin:/usr/sbin:/usr/bin:/sbin:/bin:/usr/games:/usr/local/games:/snap/bin:/snap/bin', 'SESSION_MANAGER': 'local/gtlpc106.georgiatech-metz.fr:@/tmp/.ICE-unix/2632,unix/gtlpc106.georgiatech-metz.fr:/tmp/.ICE-unix/2632', 'INVOCATION_ID': '3dc4de6aafe04c5682e503f4a0989816', 'XDG_MENU_PREFIX': 'gnome-', 'XDG_RUNTIME_DIR': '/run/user/37726', 'DISPLAY': ':1', 'TERMINATOR_DBUS_PATH': '/net/tenshu/Terminator2', 'LANG': 'en_US.UTF-8', 'XDG_CURRENT_DESKTOP': 'ubuntu:GNOME', 'IBUS_DISABLE_SNOOPER': '1', 'RMW_IMPLEMENTATION': 'rmw_cyclonedds_cpp', 'XMODIFIERS': '@im=ibus', 'XDG_SESSION_DESKTOP': 'ubuntu', 'XAUTHORITY': '/run/user/37726/gdm/Xauthority', 'SSH_AGENT_LAUNCHER': 'gnome-keyring', 'SSH_AUTH_SOCK': '/run/user/37726/keyring/ssh', 'ROS_DOMAIN_ID': '56', 'AMENT_PREFIX_PATH': '/opt/ros/humble', 'SHELL': '/bin/bash', 'TERMINATOR_UUID': 'urn:uuid:51e16036-5b61-4a91-8086-4d008d9b4654', 'KRB5CCNAME': 'FILE:/tmp/krb5cc_37726', 'QT_ACCESSIBILITY': '1', 'GDMSESSION': 'ubuntu', 'GPG_AGENT_INFO': '/run/user/37726/gnupg/S.gpg-agent:0:1', 'QT_IM_MODULE': 'ibus', 'PWD': '/home/GTL/apaul/ros2_hw1/build/keyboard_teleop', 'XDG_CONFIG_DIRS': '/etc/xdg/xdg-ubuntu:/etc/xdg', 'XDG_DATA_DIRS': '/usr/share/ubuntu:/usr/share/gnome:/usr/local/share/:/usr/share/:/var/lib/snapd/desktop', 'PYTHONPATH': '/home/GTL/apaul/ros2_hw1/build/keyboard_teleop/prefix_override:/usr/lib/python3/dist-packages/colcon_core/task/python/colcon_distutils_commands:/home/GTL/apaul/ros2_hw1/install/keyboard_teleop/lib/python3.10/site-packages:/opt/ros/humble/lib/python3.10/site-packages:/opt/ros/humble/local/lib/python3.10/dist-packages', 'COLCON': '1', 'VTE_VERSION': '6800'}, 'shell': False}
[1.000025] (-) TimerEvent: {}
[1.010101] (vrep_ros_teleop) Command: {'cmd': ['/usr/bin/python3', '-W', 'ignore:setup.py install is deprecated', 'setup.py', 'egg_info', '--egg-base', '../../build/vrep_ros_teleop', 'build', '--build-base', '/home/GTL/apaul/ros2_hw1/build/vrep_ros_teleop/build', 'install', '--record', '/home/GTL/apaul/ros2_hw1/build/vrep_ros_teleop/install.log', '--single-version-externally-managed', 'install_data'], 'cwd': '/home/GTL/apaul/ros2_hw1/src/vrep_ros_teleop', 'env': {'USER': 'apaul', 'XDG_SESSION_TYPE': 'x11', 'SHLVL': '1', 'LD_LIBRARY_PATH': '/usr/lib/x86_64-linux-gnu/gazebo-11/plugins:/opt/ros/humble/opt/rviz_ogre_vendor/lib:/opt/ros/humble/lib/x86_64-linux-gnu:/opt/ros/humble/lib', 'HOME': '/home/GTL/apaul', 'CYCLONEDDS_URI': '/cs-share/pradalier/gtlpc_cyclonedds.xml', 'OLDPWD': '/home/GTL/apaul/ros2_hw1/src', 'DESKTOP_SESSION': 'ubuntu', 'ROS_PYTHON_VERSION': '3', 'GNOME_SHELL_SESSION_MODE': 'ubuntu', 'GTK_MODULES': 'gail:atk-bridge', 'MANAGERPID': '2469', 'SYSTEMD_EXEC_PID': '2882', 'DBUS_SESSION_BUS_ADDRESS': 'unix:path=/run/user/37726/bus', 'COLORTERM': 'truecolor', 'TERMINATOR_DBUS_NAME': 'net.tenshu.Terminator23558193cd9818af7fe4d2c2f5bd9d00f', 'GIO_LAUNCHED_DESKTOP_FILE_PID': '4378', 'ROS_DISTRO': 'humble', 'GTK_IM_MODULE': 'ibus', 'LOGNAME': 'apaul', 'JOURNAL_STREAM': '8:31672', '_': '/usr/bin/colcon', 'ROS_VERSION': '2', 'XDG_SESSION_CLASS': 'user', 'USERNAME': 'apaul', 'TERM': 'xterm-256color', 'GNOME_DESKTOP_SESSION_ID': 'this-is-deprecated', 'ROS_LOCALHOST_ONLY': '0', 'WINDOWPATH': '2', 'PATH': '/opt/ros/humble/bin:/usr/local/sbin:/usr/local/bin:/usr/sbin:/usr/bin:/sbin:/bin:/usr/games:/usr/local/games:/snap/bin:/snap/bin', 'SESSION_MANAGER': 'local/gtlpc106.georgiatech-metz.fr:@/tmp/.ICE-unix/2632,unix/gtlpc106.georgiatech-metz.fr:/tmp/.ICE-unix/2632', 'INVOCATION_ID': '3dc4de6aafe04c5682e503f4a0989816', 'XDG_MENU_PREFIX': 'gnome-', 'XDG_RUNTIME_DIR': '/run/user/37726', 'DISPLAY': ':1', 'TERMINATOR_DBUS_PATH': '/net/tenshu/Terminator2', 'LANG': 'en_US.UTF-8', 'XDG_CURRENT_DESKTOP': 'ubuntu:GNOME', 'IBUS_DISABLE_SNOOPER': '1', 'RMW_IMPLEMENTATION': 'rmw_cyclonedds_cpp', 'XMODIFIERS': '@im=ibus', 'XDG_SESSION_DESKTOP': 'ubuntu', 'XAUTHORITY': '/run/user/37726/gdm/Xauthority', 'SSH_AGENT_LAUNCHER': 'gnome-keyring', 'SSH_AUTH_SOCK': '/run/user/37726/keyring/ssh', 'ROS_DOMAIN_ID': '56', 'AMENT_PREFIX_PATH': '/opt/ros/humble', 'SHELL': '/bin/bash', 'TERMINATOR_UUID': 'urn:uuid:51e16036-5b61-4a91-8086-4d008d9b4654', 'KRB5CCNAME': 'FILE:/tmp/krb5cc_37726', 'QT_ACCESSIBILITY': '1', 'GDMSESSION': 'ubuntu', 'GPG_AGENT_INFO': '/run/user/37726/gnupg/S.gpg-agent:0:1', 'QT_IM_MODULE': 'ibus', 'PWD': '/home/GTL/apaul/ros2_hw1/build/vrep_ros_teleop', 'XDG_CONFIG_DIRS': '/etc/xdg/xdg-ubuntu:/etc/xdg', 'XDG_DATA_DIRS': '/usr/share/ubuntu:/usr/share/gnome:/usr/local/share/:/usr/share/:/var/lib/snapd/desktop', 'PYTHONPATH': '/home/GTL/apaul/ros2_hw1/build/vrep_ros_teleop/prefix_override:/usr/lib/python3/dist-packages/colcon_core/task/python/colcon_distutils_commands:/home/GTL/apaul/ros2_hw1/install/vrep_ros_teleop/lib/python3.10/site-packages:/opt/ros/humble/lib/python3.10/site-packages:/opt/ros/humble/local/lib/python3.10/dist-packages', 'COLCON': '1', 'VTE_VERSION': '6800'}, 'shell': False}
[1.018016] (face_detect_base) Command: {'cmd': ['/usr/bin/python3', '-W', 'ignore:setup.py install is deprecated', 'setup.py', 'egg_info', '--egg-base', '../../build/face_detect_base', 'build', '--build-base', '/home/GTL/apaul/ros2_hw1/build/face_detect_base/build', 'install', '--record', '/home/GTL/apaul/ros2_hw1/build/face_detect_base/install.log', '--single-version-externally-managed', 'install_data'], 'cwd': '/home/GTL/apaul/ros2_hw1/src/face_detect_base', 'env': {'USER': 'apaul', 'XDG_SESSION_TYPE': 'x11', 'SHLVL': '1', 'LD_LIBRARY_PATH': '/usr/lib/x86_64-linux-gnu/gazebo-11/plugins:/opt/ros/humble/opt/rviz_ogre_vendor/lib:/opt/ros/humble/lib/x86_64-linux-gnu:/opt/ros/humble/lib', 'HOME': '/home/GTL/apaul', 'CYCLONEDDS_URI': '/cs-share/pradalier/gtlpc_cyclonedds.xml', 'OLDPWD': '/home/GTL/apaul/ros2_hw1/src', 'DESKTOP_SESSION': 'ubuntu', 'ROS_PYTHON_VERSION': '3', 'GNOME_SHELL_SESSION_MODE': 'ubuntu', 'GTK_MODULES': 'gail:atk-bridge', 'MANAGERPID': '2469', 'SYSTEMD_EXEC_PID': '2882', 'DBUS_SESSION_BUS_ADDRESS': 'unix:path=/run/user/37726/bus', 'COLORTERM': 'truecolor', 'TERMINATOR_DBUS_NAME': 'net.tenshu.Terminator23558193cd9818af7fe4d2c2f5bd9d00f', 'GIO_LAUNCHED_DESKTOP_FILE_PID': '4378', 'ROS_DISTRO': 'humble', 'GTK_IM_MODULE': 'ibus', 'LOGNAME': 'apaul', 'JOURNAL_STREAM': '8:31672', '_': '/usr/bin/colcon', 'ROS_VERSION': '2', 'XDG_SESSION_CLASS': 'user', 'USERNAME': 'apaul', 'TERM': 'xterm-256color', 'GNOME_DESKTOP_SESSION_ID': 'this-is-deprecated', 'ROS_LOCALHOST_ONLY': '0', 'WINDOWPATH': '2', 'PATH': '/opt/ros/humble/bin:/usr/local/sbin:/usr/local/bin:/usr/sbin:/usr/bin:/sbin:/bin:/usr/games:/usr/local/games:/snap/bin:/snap/bin', 'SESSION_MANAGER': 'local/gtlpc106.georgiatech-metz.fr:@/tmp/.ICE-unix/2632,unix/gtlpc106.georgiatech-metz.fr:/tmp/.ICE-unix/2632', 'INVOCATION_ID': '3dc4de6aafe04c5682e503f4a0989816', 'XDG_MENU_PREFIX': 'gnome-', 'XDG_RUNTIME_DIR': '/run/user/37726', 'DISPLAY': ':1', 'TERMINATOR_DBUS_PATH': '/net/tenshu/Terminator2', 'LANG': 'en_US.UTF-8', 'XDG_CURRENT_DESKTOP': 'ubuntu:GNOME', 'IBUS_DISABLE_SNOOPER': '1', 'RMW_IMPLEMENTATION': 'rmw_cyclonedds_cpp', 'XMODIFIERS': '@im=ibus', 'XDG_SESSION_DESKTOP': 'ubuntu', 'XAUTHORITY': '/run/user/37726/gdm/Xauthority', 'SSH_AGENT_LAUNCHER': 'gnome-keyring', 'SSH_AUTH_SOCK': '/run/user/37726/keyring/ssh', 'ROS_DOMAIN_ID': '56', 'AMENT_PREFIX_PATH': '/opt/ros/humble', 'SHELL': '/bin/bash', 'TERMINATOR_UUID': 'urn:uuid:51e16036-5b61-4a91-8086-4d008d9b4654', 'KRB5CCNAME': 'FILE:/tmp/krb5cc_37726', 'QT_ACCESSIBILITY': '1', 'GDMSESSION': 'ubuntu', 'GPG_AGENT_INFO': '/run/user/37726/gnupg/S.gpg-agent:0:1', 'QT_IM_MODULE': 'ibus', 'PWD': '/home/GTL/apaul/ros2_hw1/build/face_detect_base', 'XDG_CONFIG_DIRS': '/etc/xdg/xdg-ubuntu:/etc/xdg', 'XDG_DATA_DIRS': '/usr/share/ubuntu:/usr/share/gnome:/usr/local/share/:/usr/share/:/var/lib/snapd/desktop', 'PYTHONPATH': '/home/GTL/apaul/ros2_hw1/build/face_detect_base/prefix_override:/usr/lib/python3/dist-packages/colcon_core/task/python/colcon_distutils_commands:/home/GTL/apaul/ros2_hw1/install/face_detect_base/lib/python3.10/site-packages:/opt/ros/humble/lib/python3.10/site-packages:/opt/ros/humble/local/lib/python3.10/dist-packages', 'COLCON': '1', 'VTE_VERSION': '6800'}, 'shell': False}
[1.100146] (-) TimerEvent: {}
[1.143491] (keyboard_teleop) StdoutLine: {'line': b'running egg_info\n'}
[1.144186] (keyboard_teleop) StdoutLine: {'line': b'writing ../../build/keyboard_teleop/keyboard_teleop.egg-info/PKG-INFO\n'}
[1.145523] (keyboard_teleop) StdoutLine: {'line': b'writing dependency_links to ../../build/keyboard_teleop/keyboard_teleop.egg-info/dependency_links.txt\n'}
[1.146299] (keyboard_teleop) StdoutLine: {'line': b'writing entry points to ../../build/keyboard_teleop/keyboard_teleop.egg-info/entry_points.txt\n'}
[1.147256] (keyboard_teleop) StdoutLine: {'line': b'writing requirements to ../../build/keyboard_teleop/keyboard_teleop.egg-info/requires.txt\n'}
[1.148434] (keyboard_teleop) StdoutLine: {'line': b'writing top-level names to ../../build/keyboard_teleop/keyboard_teleop.egg-info/top_level.txt\n'}
[1.153649] (keyboard_teleop) StdoutLine: {'line': b"reading manifest file '../../build/keyboard_teleop/keyboard_teleop.egg-info/SOURCES.txt'\n"}
[1.155332] (keyboard_teleop) StdoutLine: {'line': b"writing manifest file '../../build/keyboard_teleop/keyboard_teleop.egg-info/SOURCES.txt'\n"}
[1.156251] (keyboard_teleop) StdoutLine: {'line': b'running build\n'}
[1.156330] (keyboard_teleop) StdoutLine: {'line': b'running build_py\n'}
[1.159247] (keyboard_teleop) StdoutLine: {'line': b'running install\n'}
[1.159480] (keyboard_teleop) StdoutLine: {'line': b'running install_lib\n'}
[1.163063] (keyboard_teleop) StdoutLine: {'line': b'running install_data\n'}
[1.164560] (keyboard_teleop) StdoutLine: {'line': b'running install_egg_info\n'}
[1.165833] (keyboard_teleop) StdoutLine: {'line': b"removing '/home/GTL/apaul/ros2_hw1/install/keyboard_teleop/lib/python3.10/site-packages/keyboard_teleop-0.0.0-py3.10.egg-info' (and everything under it)\n"}
[1.170839] (keyboard_teleop) StdoutLine: {'line': b'Copying ../../build/keyboard_teleop/keyboard_teleop.egg-info to /home/GTL/apaul/ros2_hw1/install/keyboard_teleop/lib/python3.10/site-packages/keyboard_teleop-0.0.0-py3.10.egg-info\n'}
[1.192051] (keyboard_teleop) StdoutLine: {'line': b'running install_scripts\n'}
[1.198533] (face_detect_base) StdoutLine: {'line': b'running egg_info\n'}
[1.199374] (face_detect_base) StdoutLine: {'line': b'writing ../../build/face_detect_base/face_detect_base.egg-info/PKG-INFO\n'}
[1.200110] (vrep_ros_teleop) StdoutLine: {'line': b'running egg_info\n'}
[1.200162] (-) TimerEvent: {}
[1.200686] (face_detect_base) StdoutLine: {'line': b'writing dependency_links to ../../build/face_detect_base/face_detect_base.egg-info/dependency_links.txt\n'}
[1.200954] (vrep_ros_teleop) StdoutLine: {'line': b'writing ../../build/vrep_ros_teleop/vrep_ros_teleop.egg-info/PKG-INFO\n'}
[1.201823] (face_detect_base) StdoutLine: {'line': b'writing entry points to ../../build/face_detect_base/face_detect_base.egg-info/entry_points.txt\n'}
[1.202398] (vrep_ros_teleop) StdoutLine: {'line': b'writing dependency_links to ../../build/vrep_ros_teleop/vrep_ros_teleop.egg-info/dependency_links.txt\n'}
[1.202458] (face_detect_base) StdoutLine: {'line': b'writing requirements to ../../build/face_detect_base/face_detect_base.egg-info/requires.txt\n'}
[1.203419] (vrep_ros_teleop) StdoutLine: {'line': b'writing entry points to ../../build/vrep_ros_teleop/vrep_ros_teleop.egg-info/entry_points.txt\n'}
[1.203624] (face_detect_base) StdoutLine: {'line': b'writing top-level names to ../../build/face_detect_base/face_detect_base.egg-info/top_level.txt\n'}
[1.204371] (vrep_ros_teleop) StdoutLine: {'line': b'writing requirements to ../../build/vrep_ros_teleop/vrep_ros_teleop.egg-info/requires.txt\n'}
[1.205060] (vrep_ros_teleop) StdoutLine: {'line': b'writing top-level names to ../../build/vrep_ros_teleop/vrep_ros_teleop.egg-info/top_level.txt\n'}
[1.207342] (keyboard_teleop) StdoutLine: {'line': b'Installing keyboard_joystick_node script to /home/GTL/apaul/ros2_hw1/install/keyboard_teleop/lib/keyboard_teleop\n'}
[1.208953] (face_detect_base) StdoutLine: {'line': b"reading manifest file '../../build/face_detect_base/face_detect_base.egg-info/SOURCES.txt'\n"}
[1.209052] (keyboard_teleop) StdoutLine: {'line': b'Installing keyboard_teleop_node script to /home/GTL/apaul/ros2_hw1/install/keyboard_teleop/lib/keyboard_teleop\n'}
[1.210628] (face_detect_base) StdoutLine: {'line': b"writing manifest file '../../build/face_detect_base/face_detect_base.egg-info/SOURCES.txt'\n"}
[1.211190] (vrep_ros_teleop) StdoutLine: {'line': b"reading manifest file '../../build/vrep_ros_teleop/vrep_ros_teleop.egg-info/SOURCES.txt'\n"}
[1.211308] (keyboard_teleop) StdoutLine: {'line': b"writing list of installed files to '/home/GTL/apaul/ros2_hw1/build/keyboard_teleop/install.log'\n"}
[1.211413] (face_detect_base) StdoutLine: {'line': b'running build\n'}
[1.211468] (face_detect_base) StdoutLine: {'line': b'running build_py\n'}
[1.213018] (vrep_ros_teleop) StdoutLine: {'line': b"writing manifest file '../../build/vrep_ros_teleop/vrep_ros_teleop.egg-info/SOURCES.txt'\n"}
[1.213928] (face_detect_base) StdoutLine: {'line': b'running install\n'}
[1.214202] (face_detect_base) StdoutLine: {'line': b'running install_lib\n'}
[1.214542] (vrep_ros_teleop) StdoutLine: {'line': b'running build\n'}
[1.214670] (vrep_ros_teleop) StdoutLine: {'line': b'running build_py\n'}
[1.217491] (vrep_ros_teleop) StdoutLine: {'line': b'running install\n'}
[1.217736] (vrep_ros_teleop) StdoutLine: {'line': b'running install_lib\n'}
[1.218210] (face_detect_base) StdoutLine: {'line': b'running install_data\n'}
[1.220004] (face_detect_base) StdoutLine: {'line': b'running install_egg_info\n'}
[1.220318] (vrep_ros_teleop) StdoutLine: {'line': b'running install_data\n'}
[1.221421] (face_detect_base) StdoutLine: {'line': b"removing '/home/GTL/apaul/ros2_hw1/install/face_detect_base/lib/python3.10/site-packages/face_detect_base-0.0.0-py3.10.egg-info' (and everything under it)\n"}
[1.223033] (vrep_ros_teleop) StdoutLine: {'line': b'running install_egg_info\n'}
[1.224507] (vrep_ros_teleop) StdoutLine: {'line': b"removing '/home/GTL/apaul/ros2_hw1/install/vrep_ros_teleop/lib/python3.10/site-packages/vrep_ros_teleop-0.0.0-py3.10.egg-info' (and everything under it)\n"}
[1.225724] (face_detect_base) StdoutLine: {'line': b'Copying ../../build/face_detect_base/face_detect_base.egg-info to /home/GTL/apaul/ros2_hw1/install/face_detect_base/lib/python3.10/site-packages/face_detect_base-0.0.0-py3.10.egg-info\n'}
[1.228683] (vrep_ros_teleop) StdoutLine: {'line': b'Copying ../../build/vrep_ros_teleop/vrep_ros_teleop.egg-info to /home/GTL/apaul/ros2_hw1/install/vrep_ros_teleop/lib/python3.10/site-packages/vrep_ros_teleop-0.0.0-py3.10.egg-info\n'}
[1.231131] (keyboard_teleop) CommandEnded: {'returncode': 0}
[1.246541] (face_detect_base) StdoutLine: {'line': b'running install_scripts\n'}
[1.250000] (vrep_ros_teleop) StdoutLine: {'line': b'running install_scripts\n'}
[1.257292] (keyboard_teleop) JobEnded: {'identifier': 'keyboard_teleop', 'rc': 0}
[1.261641] (face_detect_base) StdoutLine: {'line': b'Installing face_detect_node script to /home/GTL/apaul/ros2_hw1/install/face_detect_base/lib/face_detect_base\n'}
[1.264134] (face_detect_base) StdoutLine: {'line': b"writing list of installed files to '/home/GTL/apaul/ros2_hw1/build/face_detect_base/install.log'\n"}
[1.266005] (vrep_ros_teleop) StdoutLine: {'line': b'Installing teleop_mux_node script to /home/GTL/apaul/ros2_hw1/install/vrep_ros_teleop/lib/vrep_ros_teleop\n'}
[1.267842] (vrep_ros_teleop) StdoutLine: {'line': b'Installing teleop_node script to /home/GTL/apaul/ros2_hw1/install/vrep_ros_teleop/lib/vrep_ros_teleop\n'}
[1.269882] (vrep_ros_teleop) StdoutLine: {'line': b"writing list of installed files to '/home/GTL/apaul/ros2_hw1/build/vrep_ros_teleop/install.log'\n"}
[1.286539] (face_detect_base) CommandEnded: {'returncode': 0}
[1.300243] (-) TimerEvent: {}
[1.309991] (face_detect_base) JobEnded: {'identifier': 'face_detect_base', 'rc': 0}
[1.312733] (vrep_ros_teleop) CommandEnded: {'returncode': 0}
[1.335084] (vrep_ros_teleop) JobEnded: {'identifier': 'vrep_ros_teleop', 'rc': 0}
[1.400394] (-) TimerEvent: {}
[1.500632] (-) TimerEvent: {}
[1.600849] (-) TimerEvent: {}
[1.701074] (-) TimerEvent: {}
[1.801314] (-) TimerEvent: {}
[1.901556] (-) TimerEvent: {}
[2.001789] (-) TimerEvent: {}
[2.102023] (-) TimerEvent: {}
[2.202257] (-) TimerEvent: {}
[2.302493] (-) TimerEvent: {}
[2.402729] (-) TimerEvent: {}
[2.502973] (-) TimerEvent: {}
[2.603212] (-) TimerEvent: {}
[2.703455] (-) TimerEvent: {}
[2.803715] (-) TimerEvent: {}
[2.903984] (-) TimerEvent: {}
[3.004202] (-) TimerEvent: {}
[3.104418] (-) TimerEvent: {}
[3.204650] (-) TimerEvent: {}
[3.304881] (-) TimerEvent: {}
[3.405097] (-) TimerEvent: {}
[3.505332] (-) TimerEvent: {}
[3.605546] (-) TimerEvent: {}
[3.705783] (-) TimerEvent: {}
[3.806016] (-) TimerEvent: {}
[3.906251] (-) TimerEvent: {}
[4.006490] (-) TimerEvent: {}
[4.106743] (-) TimerEvent: {}
[4.207011] (-) TimerEvent: {}
[4.307258] (-) TimerEvent: {}
[4.407491] (-) TimerEvent: {}
[4.507713] (-) TimerEvent: {}
[4.607971] (-) TimerEvent: {}
[4.708218] (-) TimerEvent: {}
[4.808487] (-) TimerEvent: {}
[4.908750] (-) TimerEvent: {}
[5.008983] (-) TimerEvent: {}
[5.109242] (-) TimerEvent: {}
[5.209483] (-) TimerEvent: {}
[5.309730] (-) TimerEvent: {}
[5.409969] (-) TimerEvent: {}
[5.510243] (-) TimerEvent: {}
[5.610495] (-) TimerEvent: {}
[5.710741] (-) TimerEvent: {}
[5.810988] (-) TimerEvent: {}
[5.911245] (-) TimerEvent: {}
[6.011527] (-) TimerEvent: {}
[6.111786] (-) TimerEvent: {}
[6.212035] (-) TimerEvent: {}
[6.312294] (-) TimerEvent: {}
[6.412539] (-) TimerEvent: {}
[6.512760] (-) TimerEvent: {}
[6.612987] (-) TimerEvent: {}
[6.713214] (-) TimerEvent: {}
[6.813495] (-) TimerEvent: {}
[6.913846] (-) TimerEvent: {}
[7.014179] (-) TimerEvent: {}
[7.114424] (-) TimerEvent: {}
[7.214662] (-) TimerEvent: {}
[7.314921] (-) TimerEvent: {}
[7.415172] (-) TimerEvent: {}
[7.515459] (-) TimerEvent: {}
[7.615690] (-) TimerEvent: {}
[7.715954] (-) TimerEvent: {}
[7.816178] (-) TimerEvent: {}
[7.916434] (-) TimerEvent: {}
[8.016691] (-) TimerEvent: {}
[8.116966] (-) TimerEvent: {}
[8.217182] (-) TimerEvent: {}
[8.317424] (-) TimerEvent: {}
[8.417668] (-) TimerEvent: {}
[8.517904] (-) TimerEvent: {}
[8.618162] (-) TimerEvent: {}
[8.718399] (-) TimerEvent: {}
[8.818649] (-) TimerEvent: {}
[8.918904] (-) TimerEvent: {}
[9.019149] (-) TimerEvent: {}
[9.119458] (-) TimerEvent: {}
[9.219737] (-) TimerEvent: {}
[9.320008] (-) TimerEvent: {}
[9.420275] (-) TimerEvent: {}
[9.520550] (-) TimerEvent: {}
[9.620821] (-) TimerEvent: {}
[9.721069] (-) TimerEvent: {}
[9.821322] (-) TimerEvent: {}
[9.921554] (-) TimerEvent: {}
[10.021788] (-) TimerEvent: {}
[10.122064] (-) TimerEvent: {}
[10.222351] (-) TimerEvent: {}
[10.322607] (-) TimerEvent: {}
[10.422852] (-) TimerEvent: {}
[10.523120] (-) TimerEvent: {}
[10.623370] (-) TimerEvent: {}
[10.723621] (-) TimerEvent: {}
[10.823872] (-) TimerEvent: {}
[10.924124] (-) TimerEvent: {}
[11.024378] (-) TimerEvent: {}
[11.124633] (-) TimerEvent: {}
[11.224894] (-) TimerEvent: {}
[11.325149] (-) TimerEvent: {}
[11.425389] (-) TimerEvent: {}
[11.525670] (-) TimerEvent: {}
[11.625918] (-) TimerEvent: {}
[11.726170] (-) TimerEvent: {}
[11.826473] (-) TimerEvent: {}
[11.926752] (-) TimerEvent: {}
[12.027000] (-) TimerEvent: {}
[12.127357] (-) TimerEvent: {}
[12.227948] (-) TimerEvent: {}
[12.328540] (-) TimerEvent: {}
[12.429183] (-) TimerEvent: {}
[12.529794] (-) TimerEvent: {}
[12.630416] (-) TimerEvent: {}
[12.731033] (-) TimerEvent: {}
[12.831653] (-) TimerEvent: {}
[12.932212] (-) TimerEvent: {}
[13.032577] (-) TimerEvent: {}
[13.132911] (-) TimerEvent: {}
[13.233207] (-) TimerEvent: {}
[13.333502] (-) TimerEvent: {}
[13.433753] (-) TimerEvent: {}
[13.534010] (-) TimerEvent: {}
[13.634275] (-) TimerEvent: {}
[13.734530] (-) TimerEvent: {}
[13.834781] (-) TimerEvent: {}
[13.935031] (-) TimerEvent: {}
[14.035279] (-) TimerEvent: {}
[14.135621] (-) TimerEvent: {}
[14.235879] (-) TimerEvent: {}
[14.336134] (-) TimerEvent: {}
[14.436399] (-) TimerEvent: {}
[14.536650] (-) TimerEvent: {}
[14.636925] (-) TimerEvent: {}
[14.737186] (-) TimerEvent: {}
[14.837433] (-) TimerEvent: {}
[14.937686] (-) TimerEvent: {}
[15.037934] (-) TimerEvent: {}
[15.138153] (-) TimerEvent: {}
[15.238390] (-) TimerEvent: {}
[15.338638] (-) TimerEvent: {}
[15.438892] (-) TimerEvent: {}
[15.539155] (-) TimerEvent: {}
[15.639414] (-) TimerEvent: {}
[15.739695] (-) TimerEvent: {}
[15.839957] (-) TimerEvent: {}
[15.940232] (-) TimerEvent: {}
[16.040503] (-) TimerEvent: {}
[16.140772] (-) TimerEvent: {}
[16.241024] (-) TimerEvent: {}
[16.341272] (-) TimerEvent: {}
[16.441537] (-) TimerEvent: {}
[16.541814] (-) TimerEvent: {}
[16.642068] (-) TimerEvent: {}
[16.742319] (-) TimerEvent: {}
[16.842541] (-) TimerEvent: {}
[16.942798] (-) TimerEvent: {}
[17.043049] (-) TimerEvent: {}
[17.143306] (-) TimerEvent: {}
[17.243543] (-) TimerEvent: {}
[17.343787] (-) TimerEvent: {}
[17.444051] (-) TimerEvent: {}
[17.544300] (-) TimerEvent: {}
[17.644554] (-) TimerEvent: {}
[17.744831] (-) TimerEvent: {}
[17.845089] (-) TimerEvent: {}
[17.945341] (-) TimerEvent: {}
[18.045583] (-) TimerEvent: {}
[18.145895] (-) TimerEvent: {}
[18.246138] (-) TimerEvent: {}
[18.346388] (-) TimerEvent: {}
[18.446622] (-) TimerEvent: {}
[18.546884] (-) TimerEvent: {}
[18.647124] (-) TimerEvent: {}
[18.747384] (-) TimerEvent: {}
[18.847626] (-) TimerEvent: {}
[18.947892] (-) TimerEvent: {}
[19.048139] (-) TimerEvent: {}
[19.148403] (-) TimerEvent: {}
[19.248687] (-) TimerEvent: {}
[19.348965] (-) TimerEvent: {}
[19.449226] (-) TimerEvent: {}
[19.549466] (-) TimerEvent: {}
[19.649705] (-) TimerEvent: {}
[19.749967] (-) TimerEvent: {}
[19.850211] (-) TimerEvent: {}
[19.931325] (collision_avoidance_base) StdoutLine: {'line': b'[100%] \x1b[32m\x1b[1mLinking CXX executable collision_avoidance_base\x1b[0m\n'}
[19.950323] (-) TimerEvent: {}
[20.050571] (-) TimerEvent: {}
[20.150843] (-) TimerEvent: {}
[20.251101] (-) TimerEvent: {}
[20.351350] (-) TimerEvent: {}
[20.451609] (-) TimerEvent: {}
[20.551846] (-) TimerEvent: {}
[20.652081] (-) TimerEvent: {}
[20.752348] (-) TimerEvent: {}
[20.852599] (-) TimerEvent: {}
[20.952869] (-) TimerEvent: {}
[21.041971] (collision_avoidance_base) StdoutLine: {'line': b'[100%] Built target collision_avoidance_base\n'}
[21.051369] (collision_avoidance_base) CommandEnded: {'returncode': 0}
[21.055278] (-) TimerEvent: {}
[21.068318] (collision_avoidance_base) JobProgress: {'identifier': 'collision_avoidance_base', 'progress': 'install'}
[21.069223] (collision_avoidance_base) Command: {'cmd': ['/usr/bin/cmake', '--install', '/home/GTL/apaul/ros2_hw1/build/collision_avoidance_base'], 'cwd': '/home/GTL/apaul/ros2_hw1/build/collision_avoidance_base', 'env': OrderedDict([('USER', 'apaul'), ('XDG_SESSION_TYPE', 'x11'), ('SHLVL', '1'), ('LD_LIBRARY_PATH', '/usr/lib/x86_64-linux-gnu/gazebo-11/plugins:/opt/ros/humble/opt/rviz_ogre_vendor/lib:/opt/ros/humble/lib/x86_64-linux-gnu:/opt/ros/humble/lib'), ('HOME', '/home/GTL/apaul'), ('CYCLONEDDS_URI', '/cs-share/pradalier/gtlpc_cyclonedds.xml'), ('OLDPWD', '/home/GTL/apaul/ros2_hw1/src'), ('DESKTOP_SESSION', 'ubuntu'), ('ROS_PYTHON_VERSION', '3'), ('GNOME_SHELL_SESSION_MODE', 'ubuntu'), ('GTK_MODULES', 'gail:atk-bridge'), ('MANAGERPID', '2469'), ('SYSTEMD_EXEC_PID', '2882'), ('DBUS_SESSION_BUS_ADDRESS', 'unix:path=/run/user/37726/bus'), ('COLORTERM', 'truecolor'), ('TERMINATOR_DBUS_NAME', 'net.tenshu.Terminator23558193cd9818af7fe4d2c2f5bd9d00f'), ('GIO_LAUNCHED_DESKTOP_FILE_PID', '4378'), ('ROS_DISTRO', 'humble'), ('GTK_IM_MODULE', 'ibus'), ('LOGNAME', 'apaul'), ('JOURNAL_STREAM', '8:31672'), ('_', '/usr/bin/colcon'), ('ROS_VERSION', '2'), ('XDG_SESSION_CLASS', 'user'), ('USERNAME', 'apaul'), ('TERM', 'xterm-256color'), ('GNOME_DESKTOP_SESSION_ID', 'this-is-deprecated'), ('ROS_LOCALHOST_ONLY', '0'), ('WINDOWPATH', '2'), ('PATH', '/opt/ros/humble/bin:/usr/local/sbin:/usr/local/bin:/usr/sbin:/usr/bin:/sbin:/bin:/usr/games:/usr/local/games:/snap/bin:/snap/bin'), ('SESSION_MANAGER', 'local/gtlpc106.georgiatech-metz.fr:@/tmp/.ICE-unix/2632,unix/gtlpc106.georgiatech-metz.fr:/tmp/.ICE-unix/2632'), ('INVOCATION_ID', '3dc4de6aafe04c5682e503f4a0989816'), ('XDG_MENU_PREFIX', 'gnome-'), ('XDG_RUNTIME_DIR', '/run/user/37726'), ('DISPLAY', ':1'), ('TERMINATOR_DBUS_PATH', '/net/tenshu/Terminator2'), ('LANG', 'en_US.UTF-8'), ('XDG_CURRENT_DESKTOP', 'ubuntu:GNOME'), ('IBUS_DISABLE_SNOOPER', '1'), ('RMW_IMPLEMENTATION', 'rmw_cyclonedds_cpp'), ('XMODIFIERS', '@im=ibus'), ('XDG_SESSION_DESKTOP', 'ubuntu'), ('XAUTHORITY', '/run/user/37726/gdm/Xauthority'), ('SSH_AGENT_LAUNCHER', 'gnome-keyring'), ('SSH_AUTH_SOCK', '/run/user/37726/keyring/ssh'), ('ROS_DOMAIN_ID', '56'), ('AMENT_PREFIX_PATH', '/opt/ros/humble'), ('SHELL', '/bin/bash'), ('TERMINATOR_UUID', 'urn:uuid:51e16036-5b61-4a91-8086-4d008d9b4654'), ('KRB5CCNAME', 'FILE:/tmp/krb5cc_37726'), ('QT_ACCESSIBILITY', '1'), ('GDMSESSION', 'ubuntu'), ('GPG_AGENT_INFO', '/run/user/37726/gnupg/S.gpg-agent:0:1'), ('QT_IM_MODULE', 'ibus'), ('PWD', '/home/GTL/apaul/ros2_hw1/build/collision_avoidance_base'), ('XDG_CONFIG_DIRS', '/etc/xdg/xdg-ubuntu:/etc/xdg'), ('XDG_DATA_DIRS', '/usr/share/ubuntu:/usr/share/gnome:/usr/local/share/:/usr/share/:/var/lib/snapd/desktop'), ('PYTHONPATH', '/opt/ros/humble/lib/python3.10/site-packages:/opt/ros/humble/local/lib/python3.10/dist-packages'), ('COLCON', '1'), ('VTE_VERSION', '6800'), ('CMAKE_PREFIX_PATH', '/opt/ros/humble')]), 'shell': False}
[21.075714] (collision_avoidance_base) StdoutLine: {'line': b'-- Install configuration: ""\n'}
[21.078736] (collision_avoidance_base) StdoutLine: {'line': b'-- Installing: /home/GTL/apaul/ros2_hw1/install/collision_avoidance_base/lib/collision_avoidance_base/collision_avoidance_base\n'}
[21.155407] (-) TimerEvent: {}
[21.255621] (-) TimerEvent: {}
[21.324596] (collision_avoidance_base) StdoutLine: {'line': b'-- Set runtime path of "/home/GTL/apaul/ros2_hw1/install/collision_avoidance_base/lib/collision_avoidance_base/collision_avoidance_base" to ""\n'}
[21.325888] (collision_avoidance_base) StdoutLine: {'line': b'-- Up-to-date: /home/GTL/apaul/ros2_hw1/install/collision_avoidance_base/share/collision_avoidance_base\n'}
[21.327604] (collision_avoidance_base) StdoutLine: {'line': b'-- Up-to-date: /home/GTL/apaul/ros2_hw1/install/collision_avoidance_base/share/collision_avoidance_base/ca_auto.launch.py\n'}
[21.328563] (collision_avoidance_base) StdoutLine: {'line': b'-- Up-to-date: /home/GTL/apaul/ros2_hw1/install/collision_avoidance_base/share/collision_avoidance_base/ca.launch.py\n'}
[21.329589] (collision_avoidance_base) StdoutLine: {'line': b'-- Up-to-date: /home/GTL/apaul/ros2_hw1/install/collision_avoidance_base/share/collision_avoidance_base/__pycache__\n'}
[21.331202] (collision_avoidance_base) StdoutLine: {'line': b'-- Up-to-date: /home/GTL/apaul/ros2_hw1/install/collision_avoidance_base/share/collision_avoidance_base/__pycache__/ca.launch.cpython-310.pyc\n'}
[21.332294] (collision_avoidance_base) StdoutLine: {'line': b'-- Up-to-date: /home/GTL/apaul/ros2_hw1/install/collision_avoidance_base/share/ament_index/resource_index/package_run_dependencies/collision_avoidance_base\n'}
[21.332980] (collision_avoidance_base) StdoutLine: {'line': b'-- Up-to-date: /home/GTL/apaul/ros2_hw1/install/collision_avoidance_base/share/ament_index/resource_index/parent_prefix_path/collision_avoidance_base\n'}
[21.333687] (collision_avoidance_base) StdoutLine: {'line': b'-- Up-to-date: /home/GTL/apaul/ros2_hw1/install/collision_avoidance_base/share/collision_avoidance_base/environment/ament_prefix_path.sh\n'}
[21.334351] (collision_avoidance_base) StdoutLine: {'line': b'-- Up-to-date: /home/GTL/apaul/ros2_hw1/install/collision_avoidance_base/share/collision_avoidance_base/environment/ament_prefix_path.dsv\n'}
[21.334826] (collision_avoidance_base) StdoutLine: {'line': b'-- Up-to-date: /home/GTL/apaul/ros2_hw1/install/collision_avoidance_base/share/collision_avoidance_base/environment/path.sh\n'}
[21.335488] (collision_avoidance_base) StdoutLine: {'line': b'-- Up-to-date: /home/GTL/apaul/ros2_hw1/install/collision_avoidance_base/share/collision_avoidance_base/environment/path.dsv\n'}
[21.335946] (collision_avoidance_base) StdoutLine: {'line': b'-- Up-to-date: /home/GTL/apaul/ros2_hw1/install/collision_avoidance_base/share/collision_avoidance_base/local_setup.bash\n'}
[21.336379] (collision_avoidance_base) StdoutLine: {'line': b'-- Up-to-date: /home/GTL/apaul/ros2_hw1/install/collision_avoidance_base/share/collision_avoidance_base/local_setup.sh\n'}
[21.336791] (collision_avoidance_base) StdoutLine: {'line': b'-- Up-to-date: /home/GTL/apaul/ros2_hw1/install/collision_avoidance_base/share/collision_avoidance_base/local_setup.zsh\n'}
[21.337505] (collision_avoidance_base) StdoutLine: {'line': b'-- Up-to-date: /home/GTL/apaul/ros2_hw1/install/collision_avoidance_base/share/collision_avoidance_base/local_setup.dsv\n'}
[21.338202] (collision_avoidance_base) StdoutLine: {'line': b'-- Installing: /home/GTL/apaul/ros2_hw1/install/collision_avoidance_base/share/collision_avoidance_base/package.dsv\n'}
[21.343075] (collision_avoidance_base) StdoutLine: {'line': b'-- Up-to-date: /home/GTL/apaul/ros2_hw1/install/collision_avoidance_base/share/ament_index/resource_index/packages/collision_avoidance_base\n'}
[21.344143] (collision_avoidance_base) StdoutLine: {'line': b'-- Up-to-date: /home/GTL/apaul/ros2_hw1/install/collision_avoidance_base/share/collision_avoidance_base/cmake/collision_avoidance_baseConfig.cmake\n'}
[21.344825] (collision_avoidance_base) StdoutLine: {'line': b'-- Up-to-date: /home/GTL/apaul/ros2_hw1/install/collision_avoidance_base/share/collision_avoidance_base/cmake/collision_avoidance_baseConfig-version.cmake\n'}
[21.345452] (collision_avoidance_base) StdoutLine: {'line': b'-- Up-to-date: /home/GTL/apaul/ros2_hw1/install/collision_avoidance_base/share/collision_avoidance_base/package.xml\n'}
[21.348127] (collision_avoidance_base) CommandEnded: {'returncode': 0}
[21.355671] (-) TimerEvent: {}
[21.414790] (collision_avoidance_base) JobEnded: {'identifier': 'collision_avoidance_base', 'rc': 0}
[21.416849] (-) EventReactorShutdown: {}
