[0.168s] Invoking command in '/home/GTL/apaul/ros2_hw1/build/floor_nav': AMENT_PREFIX_PATH=/home/GTL/apaul/ros2_hw1/install/task_manager_nav2:/home/GTL/apaul/ros2_hw1/install/task_manager_lib:/home/GTL/apaul/ros2_hw1/install/task_manager_msgs:/home/GTL/apaul/ros2_hw1/install/face_msg:/home/GTL/apaul/ros2_hw1/install/cs7630_msgs:${AMENT_PREFIX_PATH} CMAKE_PREFIX_PATH=/home/GTL/apaul/ros2_hw1/install/task_manager_nav2:/home/GTL/apaul/ros2_hw1/install/task_manager_lib:/home/GTL/apaul/ros2_hw1/install/task_manager_msgs:/home/GTL/apaul/ros2_hw1/install/face_msg:/home/GTL/apaul/ros2_hw1/install/cs7630_msgs:/opt/ros/humble LD_LIBRARY_PATH=/home/GTL/apaul/ros2_hw1/install/task_manager_lib/lib:/home/GTL/apaul/ros2_hw1/install/task_manager_msgs/lib:/home/GTL/apaul/ros2_hw1/install/face_msg/lib:/home/GTL/apaul/ros2_hw1/install/cs7630_msgs/lib:${LD_LIBRARY_PATH} PYTHONPATH=/home/GTL/apaul/ros2_hw1/install/task_manager_msgs/local/lib/python3.10/dist-packages:/home/GTL/apaul/ros2_hw1/install/face_msg/local/lib/python3.10/dist-packages:/home/GTL/apaul/ros2_hw1/install/cs7630_msgs/local/lib/python3.10/dist-packages:${PYTHONPATH} /usr/bin/cmake --build /home/GTL/apaul/ros2_hw1/build/floor_nav -- -j16 -l16
[0.318s] [  3%] [32mBuilding CXX object CMakeFiles/floornav_task_server.dir/src/task_server.cpp.o[0m
[8.384s] [  6%] [32mBuilding CXX object CMakeFiles/floornav_task_server.dir/src/SimTasksEnv.cpp.o[0m
[29.364s] [  9%] [32m[1mLinking CXX executable floornav_task_server[0m
[41.309s] [  9%] Built target floornav_task_server
[41.389s] [ 12%] [32mBuilding CXX object CMakeFiles/floornav_TaskWander.dir/tasks/TaskWander.cpp.o[0m
[41.392s] [ 19%] [32mBuilding CXX object CMakeFiles/floornav_TaskWaitForFace.dir/tasks/TaskWaitForFace.cpp.o[0m
[41.392s] [ 19%] [32mBuilding CXX object CMakeFiles/floornav_TaskStareAtFace.dir/tasks/TaskStareAtFace.cpp.o[0m
[41.395s] [ 22%] [32mBuilding CXX object CMakeFiles/floornav_TaskWaitForROI.dir/tasks/TaskWaitForROI.cpp.o[0m
[41.399s] [ 29%] [32mBuilding CXX object CMakeFiles/floornav_TaskAutoDock.dir/tasks/TaskAutoDock.cpp.o[0m
[41.399s] [ 29%] [32mBuilding CXX object CMakeFiles/floornav_TaskPlanTo.dir/tasks/TaskPlanTo.cpp.o[0m
[41.405s] [ 32%] [32mBuilding CXX object CMakeFiles/floornav_TaskGoTo.dir/tasks/TaskGoTo.cpp.o[0m
[41.407s] [ 35%] [32mBuilding CXX object CMakeFiles/floornav_TaskSetHeading.dir/tasks/TaskSetHeading.cpp.o[0m
[41.411s] [ 38%] [32mBuilding CXX object CMakeFiles/floornav_TaskConstant.dir/tasks/TaskConstant.cpp.o[0m
[41.418s] [ 41%] [32mBuilding CXX object CMakeFiles/floornav_TaskGoToPose.dir/tasks/TaskGoToPose.cpp.o[0m
[51.548s] [ 45%] [32m[1mLinking CXX shared library libfloornav_TaskWaitForFace.so[0m
[52.318s] [ 48%] [32m[1mLinking CXX shared library libfloornav_TaskStareAtFace.so[0m
[52.530s] [ 51%] [32m[1mLinking CXX shared library libfloornav_TaskWander.so[0m
[53.462s] [ 54%] [32m[1mLinking CXX shared library libfloornav_TaskGoTo.so[0m
[56.625s] [ 58%] [32m[1mLinking CXX shared library libfloornav_TaskAutoDock.so[0m
[58.866s] [ 61%] [32m[1mLinking CXX shared library libfloornav_TaskSetHeading.so[0m
[62.038s] [ 64%] [32m[1mLinking CXX shared library libfloornav_TaskConstant.so[0m
[62.563s] [ 67%] [32m[1mLinking CXX shared library libfloornav_TaskWaitForROI.so[0m
[62.711s] [ 70%] [32m[1mLinking CXX shared library libfloornav_TaskGoToPose.so[0m
[87.686s] [ 74%] [32m[1mLinking CXX shared library libfloornav_TaskPlanTo.so[0m
[104.252s] [ 74%] Built target floornav_TaskWaitForFace
[104.431s] [ 77%] [32mBuilding CXX object CMakeFiles/floornav_TaskSetMux.dir/tasks/TaskSetMux.cpp.o[0m
[104.435s] [ 80%] [32mBuilding CXX object CMakeFiles/floornav_TaskTrigger.dir/tasks/TaskTrigger.cpp.o[0m
[104.454s] [ 87%] [32mBuilding CXX object CMakeFiles/floornav_TaskSetBool.dir/tasks/TaskSetBool.cpp.o[0m
[104.454s] [ 87%] [32mBuilding CXX object CMakeFiles/floornav_TaskNav2.dir/tasks/TaskNav2.cpp.o[0m
[110.674s] [ 87%] Built target floornav_TaskStareAtFace
[114.410s] [ 87%] Built target floornav_TaskSetHeading
[115.501s] [ 87%] Built target floornav_TaskWander
[116.043s] [ 87%] Built target floornav_TaskGoTo
[117.448s] [ 87%] Built target floornav_TaskWaitForROI
[118.446s] [ 87%] Built target floornav_TaskGoToPose
[118.539s] [ 87%] Built target floornav_TaskConstant
[120.995s] [ 87%] Built target floornav_TaskAutoDock
[121.302s] [ 90%] [32m[1mLinking CXX shared library libfloornav_TaskTrigger.so[0m
[121.888s] [ 93%] [32m[1mLinking CXX shared library libfloornav_TaskSetMux.so[0m
[123.195s] [ 96%] [32m[1mLinking CXX shared library libfloornav_TaskSetBool.so[0m
[123.722s] [ 96%] Built target floornav_TaskPlanTo
[124.101s] [100%] [32m[1mLinking CXX shared library libfloornav_TaskNav2.so[0m
[143.971s] [100%] Built target floornav_TaskTrigger
[144.690s] [100%] Built target floornav_TaskSetMux
[145.409s] [100%] Built target floornav_TaskSetBool
[145.778s] [100%] Built target floornav_TaskNav2
[145.797s] Invoked command in '/home/GTL/apaul/ros2_hw1/build/floor_nav' returned '0': AMENT_PREFIX_PATH=/home/GTL/apaul/ros2_hw1/install/task_manager_nav2:/home/GTL/apaul/ros2_hw1/install/task_manager_lib:/home/GTL/apaul/ros2_hw1/install/task_manager_msgs:/home/GTL/apaul/ros2_hw1/install/face_msg:/home/GTL/apaul/ros2_hw1/install/cs7630_msgs:${AMENT_PREFIX_PATH} CMAKE_PREFIX_PATH=/home/GTL/apaul/ros2_hw1/install/task_manager_nav2:/home/GTL/apaul/ros2_hw1/install/task_manager_lib:/home/GTL/apaul/ros2_hw1/install/task_manager_msgs:/home/GTL/apaul/ros2_hw1/install/face_msg:/home/GTL/apaul/ros2_hw1/install/cs7630_msgs:/opt/ros/humble LD_LIBRARY_PATH=/home/GTL/apaul/ros2_hw1/install/task_manager_lib/lib:/home/GTL/apaul/ros2_hw1/install/task_manager_msgs/lib:/home/GTL/apaul/ros2_hw1/install/face_msg/lib:/home/GTL/apaul/ros2_hw1/install/cs7630_msgs/lib:${LD_LIBRARY_PATH} PYTHONPATH=/home/GTL/apaul/ros2_hw1/install/task_manager_msgs/local/lib/python3.10/dist-packages:/home/GTL/apaul/ros2_hw1/install/face_msg/local/lib/python3.10/dist-packages:/home/GTL/apaul/ros2_hw1/install/cs7630_msgs/local/lib/python3.10/dist-packages:${PYTHONPATH} /usr/bin/cmake --build /home/GTL/apaul/ros2_hw1/build/floor_nav -- -j16 -l16
[145.867s] Invoking command in '/home/GTL/apaul/ros2_hw1/build/floor_nav': AMENT_PREFIX_PATH=/home/GTL/apaul/ros2_hw1/install/task_manager_nav2:/home/GTL/apaul/ros2_hw1/install/task_manager_lib:/home/GTL/apaul/ros2_hw1/install/task_manager_msgs:/home/GTL/apaul/ros2_hw1/install/face_msg:/home/GTL/apaul/ros2_hw1/install/cs7630_msgs:${AMENT_PREFIX_PATH} CMAKE_PREFIX_PATH=/home/GTL/apaul/ros2_hw1/install/task_manager_nav2:/home/GTL/apaul/ros2_hw1/install/task_manager_lib:/home/GTL/apaul/ros2_hw1/install/task_manager_msgs:/home/GTL/apaul/ros2_hw1/install/face_msg:/home/GTL/apaul/ros2_hw1/install/cs7630_msgs:/opt/ros/humble LD_LIBRARY_PATH=/home/GTL/apaul/ros2_hw1/install/task_manager_lib/lib:/home/GTL/apaul/ros2_hw1/install/task_manager_msgs/lib:/home/GTL/apaul/ros2_hw1/install/face_msg/lib:/home/GTL/apaul/ros2_hw1/install/cs7630_msgs/lib:${LD_LIBRARY_PATH} PYTHONPATH=/home/GTL/apaul/ros2_hw1/install/task_manager_msgs/local/lib/python3.10/dist-packages:/home/GTL/apaul/ros2_hw1/install/face_msg/local/lib/python3.10/dist-packages:/home/GTL/apaul/ros2_hw1/install/cs7630_msgs/local/lib/python3.10/dist-packages:${PYTHONPATH} /usr/bin/cmake --install /home/GTL/apaul/ros2_hw1/build/floor_nav
[145.874s] -- Install configuration: ""
[145.879s] -- Installing: /home/GTL/apaul/ros2_hw1/install/floor_nav/lib/floor_nav/floornav_task_server
[146.156s] -- Set runtime path of "/home/GTL/apaul/ros2_hw1/install/floor_nav/lib/floor_nav/floornav_task_server" to ""
[146.157s] -- Installing: /home/GTL/apaul/ros2_hw1/install/floor_nav/lib/floor_nav/libfloornav_TaskAutoDock.so
[146.205s] -- Set runtime path of "/home/GTL/apaul/ros2_hw1/install/floor_nav/lib/floor_nav/libfloornav_TaskAutoDock.so" to ""
[146.206s] -- Installing: /home/GTL/apaul/ros2_hw1/install/floor_nav/lib/floor_nav/libfloornav_TaskWaitForROI.so
[146.242s] -- Set runtime path of "/home/GTL/apaul/ros2_hw1/install/floor_nav/lib/floor_nav/libfloornav_TaskWaitForROI.so" to ""
[146.243s] -- Installing: /home/GTL/apaul/ros2_hw1/install/floor_nav/lib/floor_nav/libfloornav_TaskWander.so
[146.286s] -- Set runtime path of "/home/GTL/apaul/ros2_hw1/install/floor_nav/lib/floor_nav/libfloornav_TaskWander.so" to ""
[146.287s] -- Installing: /home/GTL/apaul/ros2_hw1/install/floor_nav/lib/floor_nav/libfloornav_TaskSetHeading.so
[146.325s] -- Set runtime path of "/home/GTL/apaul/ros2_hw1/install/floor_nav/lib/floor_nav/libfloornav_TaskSetHeading.so" to ""
[146.325s] -- Installing: /home/GTL/apaul/ros2_hw1/install/floor_nav/lib/floor_nav/libfloornav_TaskPlanTo.so
[146.460s] -- Set runtime path of "/home/GTL/apaul/ros2_hw1/install/floor_nav/lib/floor_nav/libfloornav_TaskPlanTo.so" to ""
[146.461s] -- Installing: /home/GTL/apaul/ros2_hw1/install/floor_nav/lib/floor_nav/libfloornav_TaskGoTo.so
[146.497s] -- Set runtime path of "/home/GTL/apaul/ros2_hw1/install/floor_nav/lib/floor_nav/libfloornav_TaskGoTo.so" to ""
[146.498s] -- Installing: /home/GTL/apaul/ros2_hw1/install/floor_nav/lib/floor_nav/libfloornav_TaskConstant.so
[146.534s] -- Set runtime path of "/home/GTL/apaul/ros2_hw1/install/floor_nav/lib/floor_nav/libfloornav_TaskConstant.so" to ""
[146.535s] -- Installing: /home/GTL/apaul/ros2_hw1/install/floor_nav/lib/floor_nav/libfloornav_TaskTrigger.so
[146.582s] -- Set runtime path of "/home/GTL/apaul/ros2_hw1/install/floor_nav/lib/floor_nav/libfloornav_TaskTrigger.so" to ""
[146.583s] -- Installing: /home/GTL/apaul/ros2_hw1/install/floor_nav/lib/floor_nav/libfloornav_TaskSetBool.so
[146.634s] -- Set runtime path of "/home/GTL/apaul/ros2_hw1/install/floor_nav/lib/floor_nav/libfloornav_TaskSetBool.so" to ""
[146.635s] -- Installing: /home/GTL/apaul/ros2_hw1/install/floor_nav/lib/floor_nav/libfloornav_TaskSetMux.so
[146.682s] -- Set runtime path of "/home/GTL/apaul/ros2_hw1/install/floor_nav/lib/floor_nav/libfloornav_TaskSetMux.so" to ""
[146.684s] -- Installing: /home/GTL/apaul/ros2_hw1/install/floor_nav/lib/floor_nav/libfloornav_TaskNav2.so
[146.737s] -- Set runtime path of "/home/GTL/apaul/ros2_hw1/install/floor_nav/lib/floor_nav/libfloornav_TaskNav2.so" to ""
[146.738s] -- Installing: /home/GTL/apaul/ros2_hw1/install/floor_nav/lib/floor_nav/libfloornav_TaskWaitForFace.so
[146.775s] -- Set runtime path of "/home/GTL/apaul/ros2_hw1/install/floor_nav/lib/floor_nav/libfloornav_TaskWaitForFace.so" to ""
[146.776s] -- Installing: /home/GTL/apaul/ros2_hw1/install/floor_nav/lib/floor_nav/libfloornav_TaskStareAtFace.so
[146.813s] -- Set runtime path of "/home/GTL/apaul/ros2_hw1/install/floor_nav/lib/floor_nav/libfloornav_TaskStareAtFace.so" to ""
[146.815s] -- Installing: /home/GTL/apaul/ros2_hw1/install/floor_nav/lib/floor_nav/libfloornav_TaskGoToPose.so
[146.853s] -- Set runtime path of "/home/GTL/apaul/ros2_hw1/install/floor_nav/lib/floor_nav/libfloornav_TaskGoToPose.so" to ""
[146.855s] -- Installing: /home/GTL/apaul/ros2_hw1/install/floor_nav/share/floor_nav
[146.860s] -- Installing: /home/GTL/apaul/ros2_hw1/install/floor_nav/share/floor_nav/launch_server_tb.launch.py
[146.865s] -- Installing: /home/GTL/apaul/ros2_hw1/install/floor_nav/share/floor_nav/launch_rover.launch.py
[146.871s] -- Installing: /home/GTL/apaul/ros2_hw1/install/floor_nav/share/floor_nav/launch_server_tb.launch
[146.875s] -- Installing: /home/GTL/apaul/ros2_hw1/install/floor_nav/share/floor_nav/__pycache__
[146.880s] -- Installing: /home/GTL/apaul/ros2_hw1/install/floor_nav/share/floor_nav/__pycache__/launch_rover.launch.cpython-310.pyc
[146.886s] -- Installing: /home/GTL/apaul/ros2_hw1/install/floor_nav/share/floor_nav/__pycache__/launch_server_tb.launch.cpython-310.pyc
[146.891s] -- Installing: /home/GTL/apaul/ros2_hw1/install/floor_nav/share/floor_nav/launch_server.launch
[146.898s] -- Installing: /home/GTL/apaul/ros2_hw1/install/floor_nav/lib/floor_nav/graph_forever.py
[146.903s] -- Installing: /home/GTL/apaul/ros2_hw1/install/floor_nav/lib/floor_nav/test_goto.py
[146.910s] -- Installing: /home/GTL/apaul/ros2_hw1/install/floor_nav/lib/floor_nav/test_graph_2d.py
[146.915s] -- Installing: /home/GTL/apaul/ros2_hw1/install/floor_nav/lib/floor_nav/test_graph.py
[146.921s] -- Installing: /home/GTL/apaul/ros2_hw1/install/floor_nav/lib/floor_nav/test_graph-test.py
[146.926s] -- Installing: /home/GTL/apaul/ros2_hw1/install/floor_nav/lib/floor_nav/test_planto.py
[146.931s] -- Installing: /home/GTL/apaul/ros2_hw1/install/floor_nav/lib/floor_nav/test_set_heading.py
[146.936s] -- Installing: /home/GTL/apaul/ros2_hw1/install/floor_nav/lib/floor_nav/test_wander.py
[146.946s] -- Installing: /home/GTL/apaul/ros2_hw1/install/floor_nav/share/ament_index/resource_index/package_run_dependencies/floor_nav
[146.956s] -- Installing: /home/GTL/apaul/ros2_hw1/install/floor_nav/share/ament_index/resource_index/parent_prefix_path/floor_nav
[146.964s] -- Installing: /home/GTL/apaul/ros2_hw1/install/floor_nav/share/floor_nav/environment/ament_prefix_path.sh
[146.968s] -- Installing: /home/GTL/apaul/ros2_hw1/install/floor_nav/share/floor_nav/environment/ament_prefix_path.dsv
[146.972s] -- Installing: /home/GTL/apaul/ros2_hw1/install/floor_nav/share/floor_nav/environment/path.sh
[146.977s] -- Installing: /home/GTL/apaul/ros2_hw1/install/floor_nav/share/floor_nav/environment/path.dsv
[146.983s] -- Installing: /home/GTL/apaul/ros2_hw1/install/floor_nav/share/floor_nav/local_setup.bash
[146.988s] -- Installing: /home/GTL/apaul/ros2_hw1/install/floor_nav/share/floor_nav/local_setup.sh
[146.994s] -- Installing: /home/GTL/apaul/ros2_hw1/install/floor_nav/share/floor_nav/local_setup.zsh
[146.999s] -- Installing: /home/GTL/apaul/ros2_hw1/install/floor_nav/share/floor_nav/local_setup.dsv
[147.005s] -- Installing: /home/GTL/apaul/ros2_hw1/install/floor_nav/share/floor_nav/package.dsv
[147.014s] -- Installing: /home/GTL/apaul/ros2_hw1/install/floor_nav/share/ament_index/resource_index/packages/floor_nav
[147.022s] -- Installing: /home/GTL/apaul/ros2_hw1/install/floor_nav/share/floor_nav/cmake/floor_navConfig.cmake
[147.027s] -- Installing: /home/GTL/apaul/ros2_hw1/install/floor_nav/share/floor_nav/cmake/floor_navConfig-version.cmake
[147.033s] -- Installing: /home/GTL/apaul/ros2_hw1/install/floor_nav/share/floor_nav/package.xml
[147.040s] Invoked command in '/home/GTL/apaul/ros2_hw1/build/floor_nav' returned '0': AMENT_PREFIX_PATH=/home/GTL/apaul/ros2_hw1/install/task_manager_nav2:/home/GTL/apaul/ros2_hw1/install/task_manager_lib:/home/GTL/apaul/ros2_hw1/install/task_manager_msgs:/home/GTL/apaul/ros2_hw1/install/face_msg:/home/GTL/apaul/ros2_hw1/install/cs7630_msgs:${AMENT_PREFIX_PATH} CMAKE_PREFIX_PATH=/home/GTL/apaul/ros2_hw1/install/task_manager_nav2:/home/GTL/apaul/ros2_hw1/install/task_manager_lib:/home/GTL/apaul/ros2_hw1/install/task_manager_msgs:/home/GTL/apaul/ros2_hw1/install/face_msg:/home/GTL/apaul/ros2_hw1/install/cs7630_msgs:/opt/ros/humble LD_LIBRARY_PATH=/home/GTL/apaul/ros2_hw1/install/task_manager_lib/lib:/home/GTL/apaul/ros2_hw1/install/task_manager_msgs/lib:/home/GTL/apaul/ros2_hw1/install/face_msg/lib:/home/GTL/apaul/ros2_hw1/install/cs7630_msgs/lib:${LD_LIBRARY_PATH} PYTHONPATH=/home/GTL/apaul/ros2_hw1/install/task_manager_msgs/local/lib/python3.10/dist-packages:/home/GTL/apaul/ros2_hw1/install/face_msg/local/lib/python3.10/dist-packages:/home/GTL/apaul/ros2_hw1/install/cs7630_msgs/local/lib/python3.10/dist-packages:${PYTHONPATH} /usr/bin/cmake --install /home/GTL/apaul/ros2_hw1/build/floor_nav
