[1.655s] Invoking command in '/home/GTL/apaul/ros2_hw1/src/ros_task_manager/src/button_server': PYTHONPATH=/home/GTL/apaul/ros2_hw1/build/button_server/prefix_override:/usr/lib/python3/dist-packages/colcon_core/task/python/colcon_distutils_commands:/home/GTL/apaul/ros2_hw1/install/button_server/lib/python3.10/site-packages:${PYTHONPATH} /usr/bin/python3 -W ignore:setup.py install is deprecated setup.py egg_info --egg-base ../../../../build/button_server build --build-base /home/GTL/apaul/ros2_hw1/build/button_server/build install --record /home/GTL/apaul/ros2_hw1/build/button_server/install.log --single-version-externally-managed install_data
[1.843s] running egg_info
[1.844s] writing ../../../../build/button_server/button_server.egg-info/PKG-INFO
[1.845s] writing dependency_links to ../../../../build/button_server/button_server.egg-info/dependency_links.txt
[1.847s] writing entry points to ../../../../build/button_server/button_server.egg-info/entry_points.txt
[1.848s] writing requirements to ../../../../build/button_server/button_server.egg-info/requires.txt
[1.849s] writing top-level names to ../../../../build/button_server/button_server.egg-info/top_level.txt
[1.854s] reading manifest file '../../../../build/button_server/button_server.egg-info/SOURCES.txt'
[1.856s] writing manifest file '../../../../build/button_server/button_server.egg-info/SOURCES.txt'
[1.857s] running build
[1.857s] running build_py
[1.858s] running build_scripts
[1.858s] running install
[1.858s] running install_lib
[1.860s] running install_data
[1.860s] running install_egg_info
[1.861s] removing '/home/GTL/apaul/ros2_hw1/install/button_server/lib/python3.10/site-packages/button_server-0.0.0-py3.10.egg-info' (and everything under it)
[1.866s] Copying ../../../../build/button_server/button_server.egg-info to /home/GTL/apaul/ros2_hw1/install/button_server/lib/python3.10/site-packages/button_server-0.0.0-py3.10.egg-info
[1.896s] running install_scripts
[1.918s] changing mode of /home/GTL/apaul/ros2_hw1/install/button_server/lib/button_server/button_server_node to 775
[1.921s] writing list of installed files to '/home/GTL/apaul/ros2_hw1/build/button_server/install.log'
[2.074s] Invoked command in '/home/GTL/apaul/ros2_hw1/src/ros_task_manager/src/button_server' returned '0': PYTHONPATH=/home/GTL/apaul/ros2_hw1/build/button_server/prefix_override:/usr/lib/python3/dist-packages/colcon_core/task/python/colcon_distutils_commands:/home/GTL/apaul/ros2_hw1/install/button_server/lib/python3.10/site-packages:${PYTHONPATH} /usr/bin/python3 -W ignore:setup.py install is deprecated setup.py egg_info --egg-base ../../../../build/button_server build --build-base /home/GTL/apaul/ros2_hw1/build/button_server/build install --record /home/GTL/apaul/ros2_hw1/build/button_server/install.log --single-version-externally-managed install_data
