[0.727s] Invoking command in '/home/GTL/apaul/ros2_hw1/src/ar_loc_base': AMENT_PREFIX_PATH=/home/GTL/apaul/ros2_hw1/install/rover_driver_base:/home/GTL/apaul/ros2_hw1/install/vrep_ros_teleop:/home/GTL/apaul/ros2_hw1/install/vrep4_helpers:/home/GTL/apaul/ros2_hw1/install/task_manager_sync:/home/GTL/apaul/ros2_hw1/install/floor_nav:/home/GTL/apaul/ros2_hw1/install/task_manager_nav2:/home/GTL/apaul/ros2_hw1/install/task_manager_lib:/home/GTL/apaul/ros2_hw1/install/task_manager_client_py:/home/GTL/apaul/ros2_hw1/install/task_manager_msgs:/home/GTL/apaul/ros2_hw1/install/ar_slam_base:/home/GTL/apaul/ros2_hw1/install/ar_loc_base:/home/GTL/apaul/ros2_hw1/install/keyboard_teleop:/home/GTL/apaul/ros2_hw1/install/joy_pack:/home/GTL/apaul/ros2_hw1/install/face_msg:/home/GTL/apaul/ros2_hw1/install/face_detect_base:/home/GTL/apaul/ros2_hw1/install/cs7630_msgs:/home/GTL/apaul/ros2_hw1/install/collision_avoidance_base:/home/GTL/apaul/ros2_hw1/install/button_server:/home/GTL/apaul/ros2_hw1/install/ar_mapping_base:/opt/ros/humble PYTHONPATH=/home/GTL/apaul/ros2_hw1/build/ar_loc_base/prefix_override:/usr/lib/python3/dist-packages/colcon_core/task/python/colcon_distutils_commands:/home/GTL/apaul/ros2_hw1/install/ar_loc_base/lib/python3.10/site-packages:/home/GTL/apaul/ros2_hw1/install/rover_driver_base/lib/python3.10/site-packages:/home/GTL/apaul/ros2_hw1/install/vrep_ros_teleop/lib/python3.10/site-packages:/home/GTL/apaul/ros2_hw1/install/task_manager_client_py/lib/python3.10/site-packages:/home/GTL/apaul/ros2_hw1/install/task_manager_msgs/local/lib/python3.10/dist-packages:/home/GTL/apaul/ros2_hw1/install/ar_slam_base/lib/python3.10/site-packages:/home/GTL/apaul/ros2_hw1/install/ar_loc_base/lib/python3.10/site-packages:/home/GTL/apaul/ros2_hw1/install/keyboard_teleop/lib/python3.10/site-packages:/home/GTL/apaul/ros2_hw1/install/face_msg/local/lib/python3.10/dist-packages:/home/GTL/apaul/ros2_hw1/install/face_detect_base/lib/python3.10/site-packages:/home/GTL/apaul/ros2_hw1/install/cs7630_msgs/local/lib/python3.10/dist-packages:/home/GTL/apaul/ros2_hw1/install/button_server/lib/python3.10/site-packages:/home/GTL/apaul/ros2_hw1/install/ar_mapping_base/lib/python3.10/site-packages:/opt/ros/humble/lib/python3.10/site-packages:/opt/ros/humble/local/lib/python3.10/dist-packages /usr/bin/python3 -W ignore:setup.py install is deprecated setup.py egg_info --egg-base ../../build/ar_loc_base build --build-base /home/GTL/apaul/ros2_hw1/build/ar_loc_base/build install --record /home/GTL/apaul/ros2_hw1/build/ar_loc_base/install.log --single-version-externally-managed install_data
[0.919s] running egg_info
[0.920s] creating ../../build/ar_loc_base/ar_loc_base.egg-info
[0.921s] writing ../../build/ar_loc_base/ar_loc_base.egg-info/PKG-INFO
[0.924s] writing dependency_links to ../../build/ar_loc_base/ar_loc_base.egg-info/dependency_links.txt
[0.926s] writing entry points to ../../build/ar_loc_base/ar_loc_base.egg-info/entry_points.txt
[0.928s] writing requirements to ../../build/ar_loc_base/ar_loc_base.egg-info/requires.txt
[0.929s] writing top-level names to ../../build/ar_loc_base/ar_loc_base.egg-info/top_level.txt
[0.930s] writing manifest file '../../build/ar_loc_base/ar_loc_base.egg-info/SOURCES.txt'
[0.935s] reading manifest file '../../build/ar_loc_base/ar_loc_base.egg-info/SOURCES.txt'
[0.937s] writing manifest file '../../build/ar_loc_base/ar_loc_base.egg-info/SOURCES.txt'
[0.938s] running build
[0.938s] running build_py
[0.939s] creating /home/GTL/apaul/ros2_hw1/build/ar_loc_base/build
[0.939s] creating /home/GTL/apaul/ros2_hw1/build/ar_loc_base/build/lib
[0.940s] creating /home/GTL/apaul/ros2_hw1/build/ar_loc_base/build/lib/ar_loc_base
[0.942s] copying ar_loc_base/rover_loc.py -> /home/GTL/apaul/ros2_hw1/build/ar_loc_base/build/lib/ar_loc_base
[0.944s] copying ar_loc_base/__init__.py -> /home/GTL/apaul/ros2_hw1/build/ar_loc_base/build/lib/ar_loc_base
[0.945s] copying ar_loc_base/rover_odo.py -> /home/GTL/apaul/ros2_hw1/build/ar_loc_base/build/lib/ar_loc_base
[0.947s] copying ar_loc_base/rover_kf.py -> /home/GTL/apaul/ros2_hw1/build/ar_loc_base/build/lib/ar_loc_base
[0.948s] copying ar_loc_base/rover_pf.py -> /home/GTL/apaul/ros2_hw1/build/ar_loc_base/build/lib/ar_loc_base
[0.950s] running install
[0.950s] running install_lib
[0.953s] creating /home/GTL/apaul/ros2_hw1/install/ar_loc_base/lib/python3.10/site-packages/ar_loc_base
[0.954s] copying /home/GTL/apaul/ros2_hw1/build/ar_loc_base/build/lib/ar_loc_base/rover_loc.py -> /home/GTL/apaul/ros2_hw1/install/ar_loc_base/lib/python3.10/site-packages/ar_loc_base
[0.957s] copying /home/GTL/apaul/ros2_hw1/build/ar_loc_base/build/lib/ar_loc_base/__init__.py -> /home/GTL/apaul/ros2_hw1/install/ar_loc_base/lib/python3.10/site-packages/ar_loc_base
[0.959s] copying /home/GTL/apaul/ros2_hw1/build/ar_loc_base/build/lib/ar_loc_base/rover_odo.py -> /home/GTL/apaul/ros2_hw1/install/ar_loc_base/lib/python3.10/site-packages/ar_loc_base
[0.961s] copying /home/GTL/apaul/ros2_hw1/build/ar_loc_base/build/lib/ar_loc_base/rover_kf.py -> /home/GTL/apaul/ros2_hw1/install/ar_loc_base/lib/python3.10/site-packages/ar_loc_base
[0.963s] copying /home/GTL/apaul/ros2_hw1/build/ar_loc_base/build/lib/ar_loc_base/rover_pf.py -> /home/GTL/apaul/ros2_hw1/install/ar_loc_base/lib/python3.10/site-packages/ar_loc_base
[0.966s] byte-compiling /home/GTL/apaul/ros2_hw1/install/ar_loc_base/lib/python3.10/site-packages/ar_loc_base/rover_loc.py to rover_loc.cpython-310.pyc
[0.971s] byte-compiling /home/GTL/apaul/ros2_hw1/install/ar_loc_base/lib/python3.10/site-packages/ar_loc_base/__init__.py to __init__.cpython-310.pyc
[0.974s] byte-compiling /home/GTL/apaul/ros2_hw1/install/ar_loc_base/lib/python3.10/site-packages/ar_loc_base/rover_odo.py to rover_odo.cpython-310.pyc
[0.978s] byte-compiling /home/GTL/apaul/ros2_hw1/install/ar_loc_base/lib/python3.10/site-packages/ar_loc_base/rover_kf.py to rover_kf.cpython-310.pyc
[0.979s] Sorry: IndentationError: expected an indented block after 'if' statement on line 28 (rover_kf.py, line 29)
[0.979s] byte-compiling /home/GTL/apaul/ros2_hw1/install/ar_loc_base/lib/python3.10/site-packages/ar_loc_base/rover_pf.py to rover_pf.cpython-310.pyc
[0.982s] running install_data
[0.983s] creating /home/GTL/apaul/ros2_hw1/install/ar_loc_base/share/ament_index
[0.983s] creating /home/GTL/apaul/ros2_hw1/install/ar_loc_base/share/ament_index/resource_index
[0.984s] creating /home/GTL/apaul/ros2_hw1/install/ar_loc_base/share/ament_index/resource_index/packages
[0.986s] copying resource/ar_loc_base -> /home/GTL/apaul/ros2_hw1/install/ar_loc_base/share/ament_index/resource_index/packages
[0.988s] copying package.xml -> /home/GTL/apaul/ros2_hw1/install/ar_loc_base/share/ar_loc_base
[0.990s] copying launch/ar_loc_env.launch.py -> /home/GTL/apaul/ros2_hw1/install/ar_loc_base/share/ar_loc_base
[0.993s] copying launch/ar_loc.launch.py -> /home/GTL/apaul/ros2_hw1/install/ar_loc_base/share/ar_loc_base
[0.994s] copying launch/ar_loc_only.launch.py -> /home/GTL/apaul/ros2_hw1/install/ar_loc_base/share/ar_loc_base
[0.996s] running install_egg_info
[0.997s] Copying ../../build/ar_loc_base/ar_loc_base.egg-info to /home/GTL/apaul/ros2_hw1/install/ar_loc_base/lib/python3.10/site-packages/ar_loc_base-0.0.0-py3.10.egg-info
[1.018s] running install_scripts
[1.032s] Installing ar_loc_node script to /home/GTL/apaul/ros2_hw1/install/ar_loc_base/lib/ar_loc_base
[1.035s] writing list of installed files to '/home/GTL/apaul/ros2_hw1/build/ar_loc_base/install.log'
[1.057s] Invoked command in '/home/GTL/apaul/ros2_hw1/src/ar_loc_base' returned '0': AMENT_PREFIX_PATH=/home/GTL/apaul/ros2_hw1/install/rover_driver_base:/home/GTL/apaul/ros2_hw1/install/vrep_ros_teleop:/home/GTL/apaul/ros2_hw1/install/vrep4_helpers:/home/GTL/apaul/ros2_hw1/install/task_manager_sync:/home/GTL/apaul/ros2_hw1/install/floor_nav:/home/GTL/apaul/ros2_hw1/install/task_manager_nav2:/home/GTL/apaul/ros2_hw1/install/task_manager_lib:/home/GTL/apaul/ros2_hw1/install/task_manager_client_py:/home/GTL/apaul/ros2_hw1/install/task_manager_msgs:/home/GTL/apaul/ros2_hw1/install/ar_slam_base:/home/GTL/apaul/ros2_hw1/install/ar_loc_base:/home/GTL/apaul/ros2_hw1/install/keyboard_teleop:/home/GTL/apaul/ros2_hw1/install/joy_pack:/home/GTL/apaul/ros2_hw1/install/face_msg:/home/GTL/apaul/ros2_hw1/install/face_detect_base:/home/GTL/apaul/ros2_hw1/install/cs7630_msgs:/home/GTL/apaul/ros2_hw1/install/collision_avoidance_base:/home/GTL/apaul/ros2_hw1/install/button_server:/home/GTL/apaul/ros2_hw1/install/ar_mapping_base:/opt/ros/humble PYTHONPATH=/home/GTL/apaul/ros2_hw1/build/ar_loc_base/prefix_override:/usr/lib/python3/dist-packages/colcon_core/task/python/colcon_distutils_commands:/home/GTL/apaul/ros2_hw1/install/ar_loc_base/lib/python3.10/site-packages:/home/GTL/apaul/ros2_hw1/install/rover_driver_base/lib/python3.10/site-packages:/home/GTL/apaul/ros2_hw1/install/vrep_ros_teleop/lib/python3.10/site-packages:/home/GTL/apaul/ros2_hw1/install/task_manager_client_py/lib/python3.10/site-packages:/home/GTL/apaul/ros2_hw1/install/task_manager_msgs/local/lib/python3.10/dist-packages:/home/GTL/apaul/ros2_hw1/install/ar_slam_base/lib/python3.10/site-packages:/home/GTL/apaul/ros2_hw1/install/ar_loc_base/lib/python3.10/site-packages:/home/GTL/apaul/ros2_hw1/install/keyboard_teleop/lib/python3.10/site-packages:/home/GTL/apaul/ros2_hw1/install/face_msg/local/lib/python3.10/dist-packages:/home/GTL/apaul/ros2_hw1/install/face_detect_base/lib/python3.10/site-packages:/home/GTL/apaul/ros2_hw1/install/cs7630_msgs/local/lib/python3.10/dist-packages:/home/GTL/apaul/ros2_hw1/install/button_server/lib/python3.10/site-packages:/home/GTL/apaul/ros2_hw1/install/ar_mapping_base/lib/python3.10/site-packages:/opt/ros/humble/lib/python3.10/site-packages:/opt/ros/humble/local/lib/python3.10/dist-packages /usr/bin/python3 -W ignore:setup.py install is deprecated setup.py egg_info --egg-base ../../build/ar_loc_base build --build-base /home/GTL/apaul/ros2_hw1/build/ar_loc_base/build install --record /home/GTL/apaul/ros2_hw1/build/ar_loc_base/install.log --single-version-externally-managed install_data
