[0.133s] Invoking command in '/home/GTL/apaul/ros2_hw1/build/wifi_map_base': AMENT_PREFIX_PATH=/home/GTL/apaul/ros2_hw1/install/wpa_cli_msgs:${AMENT_PREFIX_PATH} CMAKE_PREFIX_PATH=/home/GTL/apaul/ros2_hw1/install/wpa_cli_msgs:/opt/ros/humble LD_LIBRARY_PATH=/home/GTL/apaul/ros2_hw1/install/wpa_cli_msgs/lib:${LD_LIBRARY_PATH} PYTHONPATH=/home/GTL/apaul/ros2_hw1/install/wpa_cli_msgs/local/lib/python3.10/dist-packages:${PYTHONPATH} /usr/bin/cmake /home/GTL/apaul/ros2_hw1/src/wifi_map_base -DCMAKE_INSTALL_PREFIX=/home/GTL/apaul/ros2_hw1/install/wifi_map_base
[0.424s] -- The C compiler identification is GNU 11.4.0
[0.570s] -- The CXX compiler identification is GNU 11.4.0
[0.587s] -- Detecting C compiler ABI info
[0.729s] -- Detecting C compiler ABI info - done
[0.744s] -- Check for working C compiler: /usr/bin/cc - skipped
[0.744s] -- Detecting C compile features
[0.745s] -- Detecting C compile features - done
[0.755s] -- Detecting CXX compiler ABI info
[0.883s] -- Detecting CXX compiler ABI info - done
[0.898s] -- Check for working CXX compiler: /usr/bin/c++ - skipped
[0.898s] -- Detecting CXX compile features
[0.899s] -- Detecting CXX compile features - done
[0.910s] -- Found ament_cmake: 1.3.10 (/opt/ros/humble/share/ament_cmake/cmake)
[1.051s] -- Found Python3: /usr/bin/python3 (found version "3.10.12") found components: Interpreter 
[1.190s] -- Found nav_msgs: 4.2.4 (/opt/ros/humble/share/nav_msgs/cmake)
[1.251s] -- Found rosidl_generator_c: 3.1.5 (/opt/ros/humble/share/rosidl_generator_c/cmake)
[1.262s] -- Found rosidl_adapter: 3.1.5 (/opt/ros/humble/share/rosidl_adapter/cmake)
[1.276s] -- Found rosidl_generator_cpp: 3.1.5 (/opt/ros/humble/share/rosidl_generator_cpp/cmake)
[1.295s] -- Using all available rosidl_typesupport_c: rosidl_typesupport_fastrtps_c;rosidl_typesupport_introspection_c
[1.322s] -- Using all available rosidl_typesupport_cpp: rosidl_typesupport_fastrtps_cpp;rosidl_typesupport_introspection_cpp
[1.409s] -- Found wpa_cli_msgs: 0.0.0 (/home/GTL/apaul/ros2_hw1/install/wpa_cli_msgs/share/wpa_cli_msgs/cmake)
[1.459s] -- Found rclcpp: 16.0.10 (/opt/ros/humble/share/rclcpp/cmake)
[1.546s] -- Found rmw_implementation_cmake: 6.1.2 (/opt/ros/humble/share/rmw_implementation_cmake/cmake)
[1.555s] -- Found rmw_cyclonedds_cpp: 1.3.4 (/opt/ros/humble/share/rmw_cyclonedds_cpp/cmake)
[1.607s] -- Using RMW implementation 'rmw_cyclonedds_cpp' as default
[1.629s] -- Looking for pthread.h
[1.763s] -- Looking for pthread.h - found
[1.811s] -- Performing Test CMAKE_HAVE_LIBC_PTHREAD
[1.943s] -- Performing Test CMAKE_HAVE_LIBC_PTHREAD - Success
[1.945s] -- Found Threads: TRUE  
[2.002s] -- Found tf2_ros: 0.25.8 (/opt/ros/humble/share/tf2_ros/cmake)
[2.203s] -- Found OpenCV: /usr (found version "4.5.4") 
[2.203s] -- OpenCV includes: '/usr/include/opencv4'
[2.211s] -- Found ament_lint_auto: 0.12.11 (/opt/ros/humble/share/ament_lint_auto/cmake)
[2.368s] -- Added test 'cppcheck' to perform static code analysis on C / C++ code
[2.368s] -- Configured cppcheck include dirs: $<BUILD_INTERFACE:/home/GTL/apaul/ros2_hw1/src/wifi_map_base/include>
[2.368s] -- Configured cppcheck exclude dirs and/or files: 
[2.372s] -- Added test 'flake8' to check Python code syntax and style conventions
[2.376s] -- Added test 'lint_cmake' to check CMake code style
[2.380s] -- Added test 'pep257' to check Python code against some of the docstring style conventions in PEP 257
[2.389s] -- Added test 'uncrustify' to check C / C++ code style
[2.389s] -- Configured uncrustify additional arguments: 
[2.393s] -- Added test 'xmllint' to check XML markup files
[2.414s] -- Configuring done
[2.593s] -- Generating done
[2.614s] -- Build files have been written to: /home/GTL/apaul/ros2_hw1/build/wifi_map_base
[2.632s] Invoked command in '/home/GTL/apaul/ros2_hw1/build/wifi_map_base' returned '0': AMENT_PREFIX_PATH=/home/GTL/apaul/ros2_hw1/install/wpa_cli_msgs:${AMENT_PREFIX_PATH} CMAKE_PREFIX_PATH=/home/GTL/apaul/ros2_hw1/install/wpa_cli_msgs:/opt/ros/humble LD_LIBRARY_PATH=/home/GTL/apaul/ros2_hw1/install/wpa_cli_msgs/lib:${LD_LIBRARY_PATH} PYTHONPATH=/home/GTL/apaul/ros2_hw1/install/wpa_cli_msgs/local/lib/python3.10/dist-packages:${PYTHONPATH} /usr/bin/cmake /home/GTL/apaul/ros2_hw1/src/wifi_map_base -DCMAKE_INSTALL_PREFIX=/home/GTL/apaul/ros2_hw1/install/wifi_map_base
[2.634s] Invoking command in '/home/GTL/apaul/ros2_hw1/build/wifi_map_base': AMENT_PREFIX_PATH=/home/GTL/apaul/ros2_hw1/install/wpa_cli_msgs:${AMENT_PREFIX_PATH} CMAKE_PREFIX_PATH=/home/GTL/apaul/ros2_hw1/install/wpa_cli_msgs:/opt/ros/humble LD_LIBRARY_PATH=/home/GTL/apaul/ros2_hw1/install/wpa_cli_msgs/lib:${LD_LIBRARY_PATH} PYTHONPATH=/home/GTL/apaul/ros2_hw1/install/wpa_cli_msgs/local/lib/python3.10/dist-packages:${PYTHONPATH} /usr/bin/cmake --build /home/GTL/apaul/ros2_hw1/build/wifi_map_base -- -j16 -l16
[2.702s] [ 50%] [32mBuilding CXX object CMakeFiles/wifi_map_node.dir/src/wifi_map_node.cpp.o[0m
[5.878s] [01m[K/home/GTL/apaul/ros2_hw1/src/wifi_map_base/src/wifi_map_node.cpp:[m[K In member function ‘[01m[Kvoid WifiMapNode::wifi_callback(wpa_cli_msgs::msg::Scan_<std::allocator<void> >::SharedPtr)[m[K’:
[5.878s] [01m[K/home/GTL/apaul/ros2_hw1/src/wifi_map_base/src/wifi_map_node.cpp:161:17:[m[K [01;35m[Kwarning: [m[Kunused variable ‘[01m[Kog_min[m[K’ [[01;35m[K]8;;https://gcc.gnu.org/onlinedocs/gcc/Warning-Options.html#index-Wunused-variable-Wunused-variable]8;;[m[K]
[5.878s]   161 |             int [01;35m[Kog_min[m[K=255, og_max=0;
[5.878s]       |                 [01;35m[K^~~~~~[m[K
[5.878s] [01m[K/home/GTL/apaul/ros2_hw1/src/wifi_map_base/src/wifi_map_node.cpp:161:29:[m[K [01;35m[Kwarning: [m[Kunused variable ‘[01m[Kog_max[m[K’ [[01;35m[K]8;;https://gcc.gnu.org/onlinedocs/gcc/Warning-Options.html#index-Wunused-variable-Wunused-variable]8;;[m[K]
[5.878s]   161 |             int og_min=255, [01;35m[Kog_max[m[K=0;
[5.878s]       |                             [01;35m[K^~~~~~[m[K
[17.501s] [100%] [32m[1mLinking CXX executable wifi_map_node[0m
[18.727s] [100%] Built target wifi_map_node
[18.740s] Invoked command in '/home/GTL/apaul/ros2_hw1/build/wifi_map_base' returned '0': AMENT_PREFIX_PATH=/home/GTL/apaul/ros2_hw1/install/wpa_cli_msgs:${AMENT_PREFIX_PATH} CMAKE_PREFIX_PATH=/home/GTL/apaul/ros2_hw1/install/wpa_cli_msgs:/opt/ros/humble LD_LIBRARY_PATH=/home/GTL/apaul/ros2_hw1/install/wpa_cli_msgs/lib:${LD_LIBRARY_PATH} PYTHONPATH=/home/GTL/apaul/ros2_hw1/install/wpa_cli_msgs/local/lib/python3.10/dist-packages:${PYTHONPATH} /usr/bin/cmake --build /home/GTL/apaul/ros2_hw1/build/wifi_map_base -- -j16 -l16
[18.764s] Invoking command in '/home/GTL/apaul/ros2_hw1/build/wifi_map_base': AMENT_PREFIX_PATH=/home/GTL/apaul/ros2_hw1/install/wpa_cli_msgs:${AMENT_PREFIX_PATH} CMAKE_PREFIX_PATH=/home/GTL/apaul/ros2_hw1/install/wpa_cli_msgs:/opt/ros/humble LD_LIBRARY_PATH=/home/GTL/apaul/ros2_hw1/install/wpa_cli_msgs/lib:${LD_LIBRARY_PATH} PYTHONPATH=/home/GTL/apaul/ros2_hw1/install/wpa_cli_msgs/local/lib/python3.10/dist-packages:${PYTHONPATH} /usr/bin/cmake --install /home/GTL/apaul/ros2_hw1/build/wifi_map_base
[18.771s] -- Install configuration: ""
[18.776s] -- Installing: /home/GTL/apaul/ros2_hw1/install/wifi_map_base/lib/wifi_map_base/wifi_map_node
[18.887s] -- Set runtime path of "/home/GTL/apaul/ros2_hw1/install/wifi_map_base/lib/wifi_map_base/wifi_map_node" to ""
[18.888s] -- Installing: /home/GTL/apaul/ros2_hw1/install/wifi_map_base/share/wifi_map_base
[18.893s] -- Installing: /home/GTL/apaul/ros2_hw1/install/wifi_map_base/share/wifi_map_base/wifi_map.launch.py
[18.912s] -- Installing: /home/GTL/apaul/ros2_hw1/install/wifi_map_base/share/wifi_map_base/wifi_map_sim.launch.py
[18.922s] -- Installing: /home/GTL/apaul/ros2_hw1/install/wifi_map_base/share/ament_index/resource_index/package_run_dependencies/wifi_map_base
[18.930s] -- Installing: /home/GTL/apaul/ros2_hw1/install/wifi_map_base/share/ament_index/resource_index/parent_prefix_path/wifi_map_base
[18.937s] -- Installing: /home/GTL/apaul/ros2_hw1/install/wifi_map_base/share/wifi_map_base/environment/ament_prefix_path.sh
[18.942s] -- Installing: /home/GTL/apaul/ros2_hw1/install/wifi_map_base/share/wifi_map_base/environment/ament_prefix_path.dsv
[18.946s] -- Installing: /home/GTL/apaul/ros2_hw1/install/wifi_map_base/share/wifi_map_base/environment/path.sh
[18.950s] -- Installing: /home/GTL/apaul/ros2_hw1/install/wifi_map_base/share/wifi_map_base/environment/path.dsv
[18.954s] -- Installing: /home/GTL/apaul/ros2_hw1/install/wifi_map_base/share/wifi_map_base/local_setup.bash
[18.958s] -- Installing: /home/GTL/apaul/ros2_hw1/install/wifi_map_base/share/wifi_map_base/local_setup.sh
[18.963s] -- Installing: /home/GTL/apaul/ros2_hw1/install/wifi_map_base/share/wifi_map_base/local_setup.zsh
[18.968s] -- Installing: /home/GTL/apaul/ros2_hw1/install/wifi_map_base/share/wifi_map_base/local_setup.dsv
[18.972s] -- Installing: /home/GTL/apaul/ros2_hw1/install/wifi_map_base/share/wifi_map_base/package.dsv
[18.979s] -- Installing: /home/GTL/apaul/ros2_hw1/install/wifi_map_base/share/ament_index/resource_index/packages/wifi_map_base
[18.985s] -- Installing: /home/GTL/apaul/ros2_hw1/install/wifi_map_base/share/wifi_map_base/cmake/wifi_map_baseConfig.cmake
[18.990s] -- Installing: /home/GTL/apaul/ros2_hw1/install/wifi_map_base/share/wifi_map_base/cmake/wifi_map_baseConfig-version.cmake
[18.995s] -- Installing: /home/GTL/apaul/ros2_hw1/install/wifi_map_base/share/wifi_map_base/package.xml
[19.003s] Invoked command in '/home/GTL/apaul/ros2_hw1/build/wifi_map_base' returned '0': AMENT_PREFIX_PATH=/home/GTL/apaul/ros2_hw1/install/wpa_cli_msgs:${AMENT_PREFIX_PATH} CMAKE_PREFIX_PATH=/home/GTL/apaul/ros2_hw1/install/wpa_cli_msgs:/opt/ros/humble LD_LIBRARY_PATH=/home/GTL/apaul/ros2_hw1/install/wpa_cli_msgs/lib:${LD_LIBRARY_PATH} PYTHONPATH=/home/GTL/apaul/ros2_hw1/install/wpa_cli_msgs/local/lib/python3.10/dist-packages:${PYTHONPATH} /usr/bin/cmake --install /home/GTL/apaul/ros2_hw1/build/wifi_map_base
