[35m[1mConsolidate compiler generated dependencies of target floornav_TaskNav2[0m
[35m[1mConsolidate compiler generated dependencies of target floornav_TaskTrigger[0m
[35m[1mConsolidate compiler generated dependencies of target floornav_task_server[0m
[35m[1mConsolidate compiler generated dependencies of target floornav_TaskSetMux[0m
[35m[1mConsolidate compiler generated dependencies of target floornav_TaskSetBool[0m
[35m[1mConsolidate compiler generated dependencies of target floornav_TaskConstant[0m
[35m[1mConsolidate compiler generated dependencies of target floornav_TaskGoTo[0m
[35m[1mConsolidate compiler generated dependencies of target floornav_TaskSetHeading[0m
[35m[1mConsolidate compiler generated dependencies of target floornav_TaskPlanTo[0m
[35m[1mConsolidate compiler generated dependencies of target floornav_TaskWaitForROI[0m
[35m[1mConsolidate compiler generated dependencies of target floornav_TaskWander[0m
[35m[1mConsolidate compiler generated dependencies of target floornav_TaskWaitForFace[0m
[35m[1mConsolidate compiler generated dependencies of target floornav_TaskAutoDock[0m
[  7%] [32mBuilding CXX object CMakeFiles/floornav_TaskConstant.dir/tasks/TaskConstant.cpp.o[0m
[  7%] [32mBuilding CXX object CMakeFiles/floornav_TaskSetMux.dir/tasks/TaskSetMux.cpp.o[0m
[ 11%] [32mBuilding CXX object CMakeFiles/floornav_TaskSetBool.dir/tasks/TaskSetBool.cpp.o[0m
[ 14%] [32mBuilding CXX object CMakeFiles/floornav_task_server.dir/src/task_server.cpp.o[0m
[ 22%] [32mBuilding CXX object CMakeFiles/floornav_TaskNav2.dir/tasks/TaskNav2.cpp.o[0m
[ 22%] [32mBuilding CXX object CMakeFiles/floornav_task_server.dir/src/SimTasksEnv.cpp.o[0m
[ 25%] [32mBuilding CXX object CMakeFiles/floornav_TaskGoTo.dir/tasks/TaskGoTo.cpp.o[0m
[ 33%] [32mBuilding CXX object CMakeFiles/floornav_TaskPlanTo.dir/tasks/TaskPlanTo.cpp.o[0m
[ 40%] [32mBuilding CXX object CMakeFiles/floornav_TaskWander.dir/tasks/TaskWander.cpp.o[0m
[ 40%] [32mBuilding CXX object CMakeFiles/floornav_TaskSetHeading.dir/tasks/TaskSetHeading.cpp.o[0m
[ 40%] [32mBuilding CXX object CMakeFiles/floornav_TaskWaitForROI.dir/tasks/TaskWaitForROI.cpp.o[0m
[ 48%] [32mBuilding CXX object CMakeFiles/floornav_TaskAutoDock.dir/tasks/TaskAutoDock.cpp.o[0m
[ 48%] [32mBuilding CXX object CMakeFiles/floornav_TaskWaitForFace.dir/tasks/TaskWaitForFace.cpp.o[0m
[ 51%] [32mBuilding CXX object CMakeFiles/floornav_TaskTrigger.dir/tasks/TaskTrigger.cpp.o[0m
[ 59%] [32m[1mLinking CXX shared library libfloornav_TaskConstant.so[0m
[ 59%] [32m[1mLinking CXX shared library libfloornav_TaskWaitForROI.so[0m
[ 62%] [32m[1mLinking CXX shared library libfloornav_TaskSetHeading.so[0m
[ 74%] [32m[1mLinking CXX shared library libfloornav_TaskWander.so[0m
[ 74%] [32m[1mLinking CXX shared library libfloornav_TaskGoTo.so[0m
[ 74%] [32m[1mLinking CXX shared library libfloornav_TaskTrigger.so[0m
[ 77%] [32m[1mLinking CXX shared library libfloornav_TaskSetBool.so[0m
[ 81%] [32m[1mLinking CXX shared library libfloornav_TaskSetMux.so[0m
[ 85%] [32m[1mLinking CXX shared library libfloornav_TaskNav2.so[0m
[ 88%] [32m[1mLinking CXX shared library libfloornav_TaskAutoDock.so[0m
[ 92%] [32m[1mLinking CXX shared library libfloornav_TaskPlanTo.so[0m
[ 92%] Built target floornav_TaskSetHeading
[ 92%] Built target floornav_TaskWander
[ 92%] Built target floornav_TaskSetBool
[ 92%] Built target floornav_TaskGoTo
[ 92%] Built target floornav_TaskWaitForROI
[ 92%] Built target floornav_TaskTrigger
[ 92%] Built target floornav_TaskNav2
[ 92%] Built target floornav_TaskConstant
[ 92%] Built target floornav_TaskSetMux
[ 92%] Built target floornav_TaskPlanTo
[ 92%] Built target floornav_TaskAutoDock
