[0.204s] Invoking command in '/home/GTL/apaul/ros2_hw1/build/task_manager_msgs': CMAKE_PREFIX_PATH=${CMAKE_PREFIX_PATH}:/home/GTL/apaul/ros2_hw1/install/vrep_ros_teleop:/home/GTL/apaul/ros2_hw1/install/task_manager_client_py:/home/GTL/apaul/ros2_hw1/install/ar_slam_base:/home/GTL/apaul/ros2_hw1/install/ar_loc_base:/home/GTL/apaul/ros2_hw1/install/rover_driver_base:/home/GTL/apaul/ros2_hw1/install/keyboard_teleop:/home/GTL/apaul/ros2_hw1/install/face_detect_base:/home/GTL/apaul/ros2_hw1/install/button_server:/home/GTL/apaul/ros2_hw1/install/ar_mapping_base:/opt/ros/humble /usr/bin/cmake --build /home/GTL/apaul/ros2_hw1/build/task_manager_msgs -- -j16 -l16
[1.232s] [  0%] Built target task_manager_msgs__cpp
[1.232s] [ 12%] Built target task_manager_msgs__rosidl_generator_c
[1.232s] [ 64%] Built target task_manager_msgs__rosidl_typesupport_cpp
[1.232s] [ 70%] Built target task_manager_msgs__rosidl_typesupport_introspection_cpp
[1.232s] [ 70%] Built target task_manager_msgs__rosidl_typesupport_fastrtps_cpp
[1.232s] [ 81%] Built target task_manager_msgs__rosidl_typesupport_introspection_c
[1.232s] [ 82%] Built target task_manager_msgs__rosidl_typesupport_c
[1.232s] [ 82%] Built target task_manager_msgs__rosidl_typesupport_fastrtps_c
[1.232s] [ 82%] Built target task_manager_msgs
[1.232s] [ 82%] Built target ament_cmake_python_copy_task_manager_msgs
[1.232s] [ 83%] Built target task_manager_msgs__py
[1.232s] [ 85%] Built target task_manager_msgs_encapsulate
[1.232s] [ 95%] Built target task_manager_msgs__rosidl_generator_py
[1.232s] [ 99%] Built target task_manager_msgs__rosidl_typesupport_fastrtps_c__pyext
[1.232s] [100%] Built target task_manager_msgs__rosidl_typesupport_introspection_c__pyext
[1.232s] [100%] Built target task_manager_msgs__rosidl_typesupport_c__pyext
[1.232s] running egg_info
[1.232s] writing task_manager_msgs.egg-info/PKG-INFO
[1.232s] writing dependency_links to task_manager_msgs.egg-info/dependency_links.txt
[1.232s] writing top-level names to task_manager_msgs.egg-info/top_level.txt
[1.232s] reading manifest file 'task_manager_msgs.egg-info/SOURCES.txt'
[1.232s] writing manifest file 'task_manager_msgs.egg-info/SOURCES.txt'
[1.233s] [100%] Built target ament_cmake_python_build_task_manager_msgs_egg
[1.484s] Invoked command in '/home/GTL/apaul/ros2_hw1/build/task_manager_msgs' returned '0': CMAKE_PREFIX_PATH=${CMAKE_PREFIX_PATH}:/home/GTL/apaul/ros2_hw1/install/vrep_ros_teleop:/home/GTL/apaul/ros2_hw1/install/task_manager_client_py:/home/GTL/apaul/ros2_hw1/install/ar_slam_base:/home/GTL/apaul/ros2_hw1/install/ar_loc_base:/home/GTL/apaul/ros2_hw1/install/rover_driver_base:/home/GTL/apaul/ros2_hw1/install/keyboard_teleop:/home/GTL/apaul/ros2_hw1/install/face_detect_base:/home/GTL/apaul/ros2_hw1/install/button_server:/home/GTL/apaul/ros2_hw1/install/ar_mapping_base:/opt/ros/humble /usr/bin/cmake --build /home/GTL/apaul/ros2_hw1/build/task_manager_msgs -- -j16 -l16
[1.494s] Invoking command in '/home/GTL/apaul/ros2_hw1/build/task_manager_msgs': CMAKE_PREFIX_PATH=${CMAKE_PREFIX_PATH}:/home/GTL/apaul/ros2_hw1/install/vrep_ros_teleop:/home/GTL/apaul/ros2_hw1/install/task_manager_client_py:/home/GTL/apaul/ros2_hw1/install/ar_slam_base:/home/GTL/apaul/ros2_hw1/install/ar_loc_base:/home/GTL/apaul/ros2_hw1/install/rover_driver_base:/home/GTL/apaul/ros2_hw1/install/keyboard_teleop:/home/GTL/apaul/ros2_hw1/install/face_detect_base:/home/GTL/apaul/ros2_hw1/install/button_server:/home/GTL/apaul/ros2_hw1/install/ar_mapping_base:/opt/ros/humble /usr/bin/cmake --install /home/GTL/apaul/ros2_hw1/build/task_manager_msgs
[1.512s] -- Install configuration: ""
[1.512s] -- Up-to-date: /home/GTL/apaul/ros2_hw1/install/task_manager_msgs/share/ament_index/resource_index/rosidl_interfaces/task_manager_msgs
[1.512s] -- Up-to-date: /home/GTL/apaul/ros2_hw1/install/task_manager_msgs/include/task_manager_msgs/task_manager_msgs
[1.512s] -- Up-to-date: /home/GTL/apaul/ros2_hw1/install/task_manager_msgs/include/task_manager_msgs/task_manager_msgs/msg
[1.512s] -- Up-to-date: /home/GTL/apaul/ros2_hw1/install/task_manager_msgs/include/task_manager_msgs/task_manager_msgs/msg/task_status.h
[1.512s] -- Up-to-date: /home/GTL/apaul/ros2_hw1/install/task_manager_msgs/include/task_manager_msgs/task_manager_msgs/msg/sync_status.h
[1.512s] -- Up-to-date: /home/GTL/apaul/ros2_hw1/install/task_manager_msgs/include/task_manager_msgs/task_manager_msgs/msg/detail
[1.512s] -- Up-to-date: /home/GTL/apaul/ros2_hw1/install/task_manager_msgs/include/task_manager_msgs/task_manager_msgs/msg/detail/task_parameter__functions.c
[1.512s] -- Up-to-date: /home/GTL/apaul/ros2_hw1/install/task_manager_msgs/include/task_manager_msgs/task_manager_msgs/msg/detail/task_description__struct.h
[1.512s] -- Up-to-date: /home/GTL/apaul/ros2_hw1/install/task_manager_msgs/include/task_manager_msgs/task_manager_msgs/msg/detail/task_description__type_support.h
[1.512s] -- Up-to-date: /home/GTL/apaul/ros2_hw1/install/task_manager_msgs/include/task_manager_msgs/task_manager_msgs/msg/detail/task_parameter__functions.h
[1.512s] -- Up-to-date: /home/GTL/apaul/ros2_hw1/install/task_manager_msgs/include/task_manager_msgs/task_manager_msgs/msg/detail/task_parameter__type_support.h
[1.512s] -- Up-to-date: /home/GTL/apaul/ros2_hw1/install/task_manager_msgs/include/task_manager_msgs/task_manager_msgs/msg/detail/sync_status__type_support.h
[1.512s] -- Up-to-date: /home/GTL/apaul/ros2_hw1/install/task_manager_msgs/include/task_manager_msgs/task_manager_msgs/msg/detail/task_config__struct.h
[1.513s] -- Up-to-date: /home/GTL/apaul/ros2_hw1/install/task_manager_msgs/include/task_manager_msgs/task_manager_msgs/msg/detail/encapsulated_message__functions.c
[1.513s] -- Up-to-date: /home/GTL/apaul/ros2_hw1/install/task_manager_msgs/include/task_manager_msgs/task_manager_msgs/msg/detail/task_description__functions.c
[1.513s] -- Up-to-date: /home/GTL/apaul/ros2_hw1/install/task_manager_msgs/include/task_manager_msgs/task_manager_msgs/msg/detail/task_config__type_support.h
[2.130s] -- Up-to-date: /home/GTL/apaul/ros2_hw1/install/task_manager_msgs/include/task_manager_msgs/task_manager_msgs/msg/detail/task_status__functions.c
[2.131s] -- Up-to-date: /home/GTL/apaul/ros2_hw1/install/task_manager_msgs/include/task_manager_msgs/task_manager_msgs/msg/detail/encapsulated_message__functions.h
[2.131s] -- Up-to-date: /home/GTL/apaul/ros2_hw1/install/task_manager_msgs/include/task_manager_msgs/task_manager_msgs/msg/detail/task_status__struct.h
[2.131s] -- Up-to-date: /home/GTL/apaul/ros2_hw1/install/task_manager_msgs/include/task_manager_msgs/task_manager_msgs/msg/detail/task_config__functions.h
[2.132s] -- Up-to-date: /home/GTL/apaul/ros2_hw1/install/task_manager_msgs/include/task_manager_msgs/task_manager_msgs/msg/detail/encapsulated_message__type_support.h
[2.132s] -- Up-to-date: /home/GTL/apaul/ros2_hw1/install/task_manager_msgs/include/task_manager_msgs/task_manager_msgs/msg/detail/sync_status__struct.h
[2.132s] -- Up-to-date: /home/GTL/apaul/ros2_hw1/install/task_manager_msgs/include/task_manager_msgs/task_manager_msgs/msg/detail/task_parameter__struct.h
[2.133s] -- Up-to-date: /home/GTL/apaul/ros2_hw1/install/task_manager_msgs/include/task_manager_msgs/task_manager_msgs/msg/detail/task_config__functions.c
[2.133s] -- Up-to-date: /home/GTL/apaul/ros2_hw1/install/task_manager_msgs/include/task_manager_msgs/task_manager_msgs/msg/detail/sync_status__functions.c
[2.141s] -- Up-to-date: /home/GTL/apaul/ros2_hw1/install/task_manager_msgs/include/task_manager_msgs/task_manager_msgs/msg/detail/task_status__type_support.h
[2.141s] -- Up-to-date: /home/GTL/apaul/ros2_hw1/install/task_manager_msgs/include/task_manager_msgs/task_manager_msgs/msg/detail/task_description__functions.h
[2.141s] -- Up-to-date: /home/GTL/apaul/ros2_hw1/install/task_manager_msgs/include/task_manager_msgs/task_manager_msgs/msg/detail/sync_status__functions.h
[2.141s] -- Up-to-date: /home/GTL/apaul/ros2_hw1/install/task_manager_msgs/include/task_manager_msgs/task_manager_msgs/msg/detail/encapsulated_message__struct.h
[2.141s] -- Up-to-date: /home/GTL/apaul/ros2_hw1/install/task_manager_msgs/include/task_manager_msgs/task_manager_msgs/msg/detail/task_status__functions.h
[2.141s] -- Up-to-date: /home/GTL/apaul/ros2_hw1/install/task_manager_msgs/include/task_manager_msgs/task_manager_msgs/msg/rosidl_generator_c__visibility_control.h
[2.141s] -- Up-to-date: /home/GTL/apaul/ros2_hw1/install/task_manager_msgs/include/task_manager_msgs/task_manager_msgs/msg/encapsulated_message.h
[2.141s] -- Up-to-date: /home/GTL/apaul/ros2_hw1/install/task_manager_msgs/include/task_manager_msgs/task_manager_msgs/msg/task_parameter.h
[2.142s] -- Up-to-date: /home/GTL/apaul/ros2_hw1/install/task_manager_msgs/include/task_manager_msgs/task_manager_msgs/msg/task_description.h
[2.142s] -- Up-to-date: /home/GTL/apaul/ros2_hw1/install/task_manager_msgs/include/task_manager_msgs/task_manager_msgs/msg/task_config.h
[2.142s] -- Up-to-date: /home/GTL/apaul/ros2_hw1/install/task_manager_msgs/include/task_manager_msgs/task_manager_msgs/srv
[2.142s] -- Up-to-date: /home/GTL/apaul/ros2_hw1/install/task_manager_msgs/include/task_manager_msgs/task_manager_msgs/srv/stop_task.h
[2.142s] -- Up-to-date: /home/GTL/apaul/ros2_hw1/install/task_manager_msgs/include/task_manager_msgs/task_manager_msgs/srv/detail
[2.142s] -- Up-to-date: /home/GTL/apaul/ros2_hw1/install/task_manager_msgs/include/task_manager_msgs/task_manager_msgs/srv/detail/stop_task__functions.c
[2.142s] -- Up-to-date: /home/GTL/apaul/ros2_hw1/install/task_manager_msgs/include/task_manager_msgs/task_manager_msgs/srv/detail/get_task_list__struct.h
[2.142s] -- Up-to-date: /home/GTL/apaul/ros2_hw1/install/task_manager_msgs/include/task_manager_msgs/task_manager_msgs/srv/detail/get_all_task_status__functions.h
[2.142s] -- Up-to-date: /home/GTL/apaul/ros2_hw1/install/task_manager_msgs/include/task_manager_msgs/task_manager_msgs/srv/detail/stop_task__struct.h
[2.142s] -- Up-to-date: /home/GTL/apaul/ros2_hw1/install/task_manager_msgs/include/task_manager_msgs/task_manager_msgs/srv/detail/start_task__functions.c
[2.142s] -- Up-to-date: /home/GTL/apaul/ros2_hw1/install/task_manager_msgs/include/task_manager_msgs/task_manager_msgs/srv/detail/get_all_task_status__type_support.h
[2.142s] -- Up-to-date: /home/GTL/apaul/ros2_hw1/install/task_manager_msgs/include/task_manager_msgs/task_manager_msgs/srv/detail/get_all_task_status__functions.c
[2.142s] -- Up-to-date: /home/GTL/apaul/ros2_hw1/install/task_manager_msgs/include/task_manager_msgs/task_manager_msgs/srv/detail/get_task_list__functions.c
[2.142s] -- Up-to-date: /home/GTL/apaul/ros2_hw1/install/task_manager_msgs/include/task_manager_msgs/task_manager_msgs/srv/detail/get_task_list__functions.h
[2.142s] -- Up-to-date: /home/GTL/apaul/ros2_hw1/install/task_manager_msgs/include/task_manager_msgs/task_manager_msgs/srv/detail/start_task__struct.h
[2.142s] -- Up-to-date: /home/GTL/apaul/ros2_hw1/install/task_manager_msgs/include/task_manager_msgs/task_manager_msgs/srv/detail/stop_task__functions.h
[2.142s] -- Up-to-date: /home/GTL/apaul/ros2_hw1/install/task_manager_msgs/include/task_manager_msgs/task_manager_msgs/srv/detail/get_task_list__type_support.h
[2.143s] -- Up-to-date: /home/GTL/apaul/ros2_hw1/install/task_manager_msgs/include/task_manager_msgs/task_manager_msgs/srv/detail/get_all_task_status__struct.h
[2.143s] -- Up-to-date: /home/GTL/apaul/ros2_hw1/install/task_manager_msgs/include/task_manager_msgs/task_manager_msgs/srv/detail/stop_task__type_support.h
[2.143s] -- Up-to-date: /home/GTL/apaul/ros2_hw1/install/task_manager_msgs/include/task_manager_msgs/task_manager_msgs/srv/detail/start_task__type_support.h
[2.143s] -- Up-to-date: /home/GTL/apaul/ros2_hw1/install/task_manager_msgs/include/task_manager_msgs/task_manager_msgs/srv/detail/start_task__functions.h
[2.143s] -- Up-to-date: /home/GTL/apaul/ros2_hw1/install/task_manager_msgs/include/task_manager_msgs/task_manager_msgs/srv/get_task_list.h
[2.143s] -- Up-to-date: /home/GTL/apaul/ros2_hw1/install/task_manager_msgs/include/task_manager_msgs/task_manager_msgs/srv/start_task.h
[2.144s] -- Up-to-date: /home/GTL/apaul/ros2_hw1/install/task_manager_msgs/include/task_manager_msgs/task_manager_msgs/srv/get_all_task_status.h
[2.144s] -- Up-to-date: /home/GTL/apaul/ros2_hw1/install/task_manager_msgs/share/task_manager_msgs/environment/library_path.sh
[2.144s] -- Up-to-date: /home/GTL/apaul/ros2_hw1/install/task_manager_msgs/share/task_manager_msgs/environment/library_path.dsv
[2.144s] -- Up-to-date: /home/GTL/apaul/ros2_hw1/install/task_manager_msgs/lib/libtask_manager_msgs__rosidl_generator_c.so
[2.147s] -- Up-to-date: /home/GTL/apaul/ros2_hw1/install/task_manager_msgs/include/task_manager_msgs/task_manager_msgs
[2.147s] -- Up-to-date: /home/GTL/apaul/ros2_hw1/install/task_manager_msgs/include/task_manager_msgs/task_manager_msgs/msg
[2.147s] -- Up-to-date: /home/GTL/apaul/ros2_hw1/install/task_manager_msgs/include/task_manager_msgs/task_manager_msgs/msg/detail
[2.148s] -- Up-to-date: /home/GTL/apaul/ros2_hw1/install/task_manager_msgs/include/task_manager_msgs/task_manager_msgs/msg/detail/task_config__rosidl_typesupport_fastrtps_c.h
[2.148s] -- Up-to-date: /home/GTL/apaul/ros2_hw1/install/task_manager_msgs/include/task_manager_msgs/task_manager_msgs/msg/detail/sync_status__rosidl_typesupport_fastrtps_c.h
[2.148s] -- Up-to-date: /home/GTL/apaul/ros2_hw1/install/task_manager_msgs/include/task_manager_msgs/task_manager_msgs/msg/detail/task_description__rosidl_typesupport_fastrtps_c.h
[2.148s] -- Up-to-date: /home/GTL/apaul/ros2_hw1/install/task_manager_msgs/include/task_manager_msgs/task_manager_msgs/msg/detail/task_status__rosidl_typesupport_fastrtps_c.h
[2.148s] -- Up-to-date: /home/GTL/apaul/ros2_hw1/install/task_manager_msgs/include/task_manager_msgs/task_manager_msgs/msg/detail/encapsulated_message__rosidl_typesupport_fastrtps_c.h
[2.149s] -- Up-to-date: /home/GTL/apaul/ros2_hw1/install/task_manager_msgs/include/task_manager_msgs/task_manager_msgs/msg/detail/task_parameter__rosidl_typesupport_fastrtps_c.h
[2.149s] -- Up-to-date: /home/GTL/apaul/ros2_hw1/install/task_manager_msgs/include/task_manager_msgs/task_manager_msgs/msg/rosidl_typesupport_fastrtps_c__visibility_control.h
[2.149s] -- Up-to-date: /home/GTL/apaul/ros2_hw1/install/task_manager_msgs/include/task_manager_msgs/task_manager_msgs/srv
[2.150s] -- Up-to-date: /home/GTL/apaul/ros2_hw1/install/task_manager_msgs/include/task_manager_msgs/task_manager_msgs/srv/detail
[2.152s] -- Up-to-date: /home/GTL/apaul/ros2_hw1/install/task_manager_msgs/include/task_manager_msgs/task_manager_msgs/srv/detail/get_all_task_status__rosidl_typesupport_fastrtps_c.h
[2.152s] -- Up-to-date: /home/GTL/apaul/ros2_hw1/install/task_manager_msgs/include/task_manager_msgs/task_manager_msgs/srv/detail/start_task__rosidl_typesupport_fastrtps_c.h
[2.152s] -- Up-to-date: /home/GTL/apaul/ros2_hw1/install/task_manager_msgs/include/task_manager_msgs/task_manager_msgs/srv/detail/get_task_list__rosidl_typesupport_fastrtps_c.h
[2.153s] -- Up-to-date: /home/GTL/apaul/ros2_hw1/install/task_manager_msgs/include/task_manager_msgs/task_manager_msgs/srv/detail/stop_task__rosidl_typesupport_fastrtps_c.h
[2.153s] -- Up-to-date: /home/GTL/apaul/ros2_hw1/install/task_manager_msgs/lib/libtask_manager_msgs__rosidl_typesupport_fastrtps_c.so
[2.153s] -- Up-to-date: /home/GTL/apaul/ros2_hw1/install/task_manager_msgs/include/task_manager_msgs/task_manager_msgs
[2.154s] -- Up-to-date: /home/GTL/apaul/ros2_hw1/install/task_manager_msgs/include/task_manager_msgs/task_manager_msgs/msg
[2.158s] -- Up-to-date: /home/GTL/apaul/ros2_hw1/install/task_manager_msgs/include/task_manager_msgs/task_manager_msgs/msg/sync_status.hpp
[2.158s] -- Up-to-date: /home/GTL/apaul/ros2_hw1/install/task_manager_msgs/include/task_manager_msgs/task_manager_msgs/msg/encapsulated_message.hpp
[2.158s] -- Up-to-date: /home/GTL/apaul/ros2_hw1/install/task_manager_msgs/include/task_manager_msgs/task_manager_msgs/msg/detail
[2.158s] -- Up-to-date: /home/GTL/apaul/ros2_hw1/install/task_manager_msgs/include/task_manager_msgs/task_manager_msgs/msg/detail/encapsulated_message__struct.hpp
[2.158s] -- Up-to-date: /home/GTL/apaul/ros2_hw1/install/task_manager_msgs/include/task_manager_msgs/task_manager_msgs/msg/detail/task_config__traits.hpp
[2.158s] -- Up-to-date: /home/GTL/apaul/ros2_hw1/install/task_manager_msgs/include/task_manager_msgs/task_manager_msgs/msg/detail/task_config__type_support.hpp
[2.158s] -- Up-to-date: /home/GTL/apaul/ros2_hw1/install/task_manager_msgs/include/task_manager_msgs/task_manager_msgs/msg/detail/sync_status__builder.hpp
[2.158s] -- Up-to-date: /home/GTL/apaul/ros2_hw1/install/task_manager_msgs/include/task_manager_msgs/task_manager_msgs/msg/detail/sync_status__traits.hpp
[2.158s] -- Up-to-date: /home/GTL/apaul/ros2_hw1/install/task_manager_msgs/include/task_manager_msgs/task_manager_msgs/msg/detail/task_config__builder.hpp
[2.159s] -- Up-to-date: /home/GTL/apaul/ros2_hw1/install/task_manager_msgs/include/task_manager_msgs/task_manager_msgs/msg/detail/task_status__builder.hpp
[2.159s] -- Up-to-date: /home/GTL/apaul/ros2_hw1/install/task_manager_msgs/include/task_manager_msgs/task_manager_msgs/msg/detail/task_description__struct.hpp
[2.159s] -- Up-to-date: /home/GTL/apaul/ros2_hw1/install/task_manager_msgs/include/task_manager_msgs/task_manager_msgs/msg/detail/encapsulated_message__traits.hpp
[2.159s] -- Up-to-date: /home/GTL/apaul/ros2_hw1/install/task_manager_msgs/include/task_manager_msgs/task_manager_msgs/msg/detail/encapsulated_message__builder.hpp
[2.159s] -- Up-to-date: /home/GTL/apaul/ros2_hw1/install/task_manager_msgs/include/task_manager_msgs/task_manager_msgs/msg/detail/task_config__struct.hpp
[2.159s] -- Up-to-date: /home/GTL/apaul/ros2_hw1/install/task_manager_msgs/include/task_manager_msgs/task_manager_msgs/msg/detail/encapsulated_message__type_support.hpp
[2.159s] -- Up-to-date: /home/GTL/apaul/ros2_hw1/install/task_manager_msgs/include/task_manager_msgs/task_manager_msgs/msg/detail/sync_status__struct.hpp
[2.159s] -- Up-to-date: /home/GTL/apaul/ros2_hw1/install/task_manager_msgs/include/task_manager_msgs/task_manager_msgs/msg/detail/task_status__type_support.hpp
[2.160s] -- Up-to-date: /home/GTL/apaul/ros2_hw1/install/task_manager_msgs/include/task_manager_msgs/task_manager_msgs/msg/detail/task_status__struct.hpp
[2.160s] -- Up-to-date: /home/GTL/apaul/ros2_hw1/install/task_manager_msgs/include/task_manager_msgs/task_manager_msgs/msg/detail/task_description__type_support.hpp
[2.160s] -- Up-to-date: /home/GTL/apaul/ros2_hw1/install/task_manager_msgs/include/task_manager_msgs/task_manager_msgs/msg/detail/task_status__traits.hpp
[2.160s] -- Up-to-date: /home/GTL/apaul/ros2_hw1/install/task_manager_msgs/include/task_manager_msgs/task_manager_msgs/msg/detail/task_description__traits.hpp
[2.160s] -- Up-to-date: /home/GTL/apaul/ros2_hw1/install/task_manager_msgs/include/task_manager_msgs/task_manager_msgs/msg/detail/task_description__builder.hpp
[2.161s] -- Up-to-date: /home/GTL/apaul/ros2_hw1/install/task_manager_msgs/include/task_manager_msgs/task_manager_msgs/msg/detail/task_parameter__traits.hpp
[2.161s] -- Up-to-date: /home/GTL/apaul/ros2_hw1/install/task_manager_msgs/include/task_manager_msgs/task_manager_msgs/msg/detail/task_parameter__type_support.hpp
[2.163s] -- Up-to-date: /home/GTL/apaul/ros2_hw1/install/task_manager_msgs/include/task_manager_msgs/task_manager_msgs/msg/detail/task_parameter__builder.hpp
[2.163s] -- Up-to-date: /home/GTL/apaul/ros2_hw1/install/task_manager_msgs/include/task_manager_msgs/task_manager_msgs/msg/detail/task_parameter__struct.hpp
[2.163s] -- Up-to-date: /home/GTL/apaul/ros2_hw1/install/task_manager_msgs/include/task_manager_msgs/task_manager_msgs/msg/detail/sync_status__type_support.hpp
[2.163s] -- Up-to-date: /home/GTL/apaul/ros2_hw1/install/task_manager_msgs/include/task_manager_msgs/task_manager_msgs/msg/task_config.hpp
[2.163s] -- Up-to-date: /home/GTL/apaul/ros2_hw1/install/task_manager_msgs/include/task_manager_msgs/task_manager_msgs/msg/task_parameter.hpp
[2.163s] -- Up-to-date: /home/GTL/apaul/ros2_hw1/install/task_manager_msgs/include/task_manager_msgs/task_manager_msgs/msg/task_status.hpp
[2.164s] -- Up-to-date: /home/GTL/apaul/ros2_hw1/install/task_manager_msgs/include/task_manager_msgs/task_manager_msgs/msg/rosidl_generator_cpp__visibility_control.hpp
[2.164s] -- Up-to-date: /home/GTL/apaul/ros2_hw1/install/task_manager_msgs/include/task_manager_msgs/task_manager_msgs/msg/task_description.hpp
[2.164s] -- Up-to-date: /home/GTL/apaul/ros2_hw1/install/task_manager_msgs/include/task_manager_msgs/task_manager_msgs/srv
[2.165s] -- Up-to-date: /home/GTL/apaul/ros2_hw1/install/task_manager_msgs/include/task_manager_msgs/task_manager_msgs/srv/get_task_list.hpp
[2.165s] -- Up-to-date: /home/GTL/apaul/ros2_hw1/install/task_manager_msgs/include/task_manager_msgs/task_manager_msgs/srv/stop_task.hpp
[2.165s] -- Up-to-date: /home/GTL/apaul/ros2_hw1/install/task_manager_msgs/include/task_manager_msgs/task_manager_msgs/srv/detail
[2.166s] -- Up-to-date: /home/GTL/apaul/ros2_hw1/install/task_manager_msgs/include/task_manager_msgs/task_manager_msgs/srv/detail/stop_task__traits.hpp
[2.166s] -- Up-to-date: /home/GTL/apaul/ros2_hw1/install/task_manager_msgs/include/task_manager_msgs/task_manager_msgs/srv/detail/get_all_task_status__struct.hpp
[2.166s] -- Up-to-date: /home/GTL/apaul/ros2_hw1/install/task_manager_msgs/include/task_manager_msgs/task_manager_msgs/srv/detail/start_task__builder.hpp
[2.166s] -- Up-to-date: /home/GTL/apaul/ros2_hw1/install/task_manager_msgs/include/task_manager_msgs/task_manager_msgs/srv/detail/get_all_task_status__type_support.hpp
[2.166s] -- Up-to-date: /home/GTL/apaul/ros2_hw1/install/task_manager_msgs/include/task_manager_msgs/task_manager_msgs/srv/detail/get_task_list__struct.hpp
[2.167s] -- Up-to-date: /home/GTL/apaul/ros2_hw1/install/task_manager_msgs/include/task_manager_msgs/task_manager_msgs/srv/detail/get_all_task_status__builder.hpp
[2.167s] -- Up-to-date: /home/GTL/apaul/ros2_hw1/install/task_manager_msgs/include/task_manager_msgs/task_manager_msgs/srv/detail/stop_task__type_support.hpp
[2.167s] -- Up-to-date: /home/GTL/apaul/ros2_hw1/install/task_manager_msgs/include/task_manager_msgs/task_manager_msgs/srv/detail/start_task__type_support.hpp
[2.167s] -- Up-to-date: /home/GTL/apaul/ros2_hw1/install/task_manager_msgs/include/task_manager_msgs/task_manager_msgs/srv/detail/stop_task__struct.hpp
[2.168s] -- Up-to-date: /home/GTL/apaul/ros2_hw1/install/task_manager_msgs/include/task_manager_msgs/task_manager_msgs/srv/detail/start_task__traits.hpp
[2.168s] -- Up-to-date: /home/GTL/apaul/ros2_hw1/install/task_manager_msgs/include/task_manager_msgs/task_manager_msgs/srv/detail/stop_task__builder.hpp
[2.171s] -- Up-to-date: /home/GTL/apaul/ros2_hw1/install/task_manager_msgs/include/task_manager_msgs/task_manager_msgs/srv/detail/start_task__struct.hpp
[2.171s] -- Up-to-date: /home/GTL/apaul/ros2_hw1/install/task_manager_msgs/include/task_manager_msgs/task_manager_msgs/srv/detail/get_task_list__traits.hpp
[2.171s] -- Up-to-date: /home/GTL/apaul/ros2_hw1/install/task_manager_msgs/include/task_manager_msgs/task_manager_msgs/srv/detail/get_task_list__type_support.hpp
[2.171s] -- Up-to-date: /home/GTL/apaul/ros2_hw1/install/task_manager_msgs/include/task_manager_msgs/task_manager_msgs/srv/detail/get_all_task_status__traits.hpp
[2.171s] -- Up-to-date: /home/GTL/apaul/ros2_hw1/install/task_manager_msgs/include/task_manager_msgs/task_manager_msgs/srv/detail/get_task_list__builder.hpp
[2.171s] -- Up-to-date: /home/GTL/apaul/ros2_hw1/install/task_manager_msgs/include/task_manager_msgs/task_manager_msgs/srv/start_task.hpp
[2.171s] -- Up-to-date: /home/GTL/apaul/ros2_hw1/install/task_manager_msgs/include/task_manager_msgs/task_manager_msgs/srv/get_all_task_status.hpp
[2.172s] -- Up-to-date: /home/GTL/apaul/ros2_hw1/install/task_manager_msgs/include/task_manager_msgs/task_manager_msgs
[2.172s] -- Up-to-date: /home/GTL/apaul/ros2_hw1/install/task_manager_msgs/include/task_manager_msgs/task_manager_msgs/msg
[2.172s] -- Up-to-date: /home/GTL/apaul/ros2_hw1/install/task_manager_msgs/include/task_manager_msgs/task_manager_msgs/msg/detail
[2.173s] -- Up-to-date: /home/GTL/apaul/ros2_hw1/install/task_manager_msgs/include/task_manager_msgs/task_manager_msgs/msg/detail/task_config__rosidl_typesupport_fastrtps_cpp.hpp
[2.173s] -- Up-to-date: /home/GTL/apaul/ros2_hw1/install/task_manager_msgs/include/task_manager_msgs/task_manager_msgs/msg/detail/dds_fastrtps
[2.173s] -- Up-to-date: /home/GTL/apaul/ros2_hw1/install/task_manager_msgs/include/task_manager_msgs/task_manager_msgs/msg/detail/encapsulated_message__rosidl_typesupport_fastrtps_cpp.hpp
[2.173s] -- Up-to-date: /home/GTL/apaul/ros2_hw1/install/task_manager_msgs/include/task_manager_msgs/task_manager_msgs/msg/detail/task_description__rosidl_typesupport_fastrtps_cpp.hpp
[2.173s] -- Up-to-date: /home/GTL/apaul/ros2_hw1/install/task_manager_msgs/include/task_manager_msgs/task_manager_msgs/msg/detail/task_status__rosidl_typesupport_fastrtps_cpp.hpp
[2.173s] -- Up-to-date: /home/GTL/apaul/ros2_hw1/install/task_manager_msgs/include/task_manager_msgs/task_manager_msgs/msg/detail/sync_status__rosidl_typesupport_fastrtps_cpp.hpp
[2.175s] -- Up-to-date: /home/GTL/apaul/ros2_hw1/install/task_manager_msgs/include/task_manager_msgs/task_manager_msgs/msg/detail/task_parameter__rosidl_typesupport_fastrtps_cpp.hpp
[2.175s] -- Up-to-date: /home/GTL/apaul/ros2_hw1/install/task_manager_msgs/include/task_manager_msgs/task_manager_msgs/msg/rosidl_typesupport_fastrtps_cpp__visibility_control.h
[2.175s] -- Up-to-date: /home/GTL/apaul/ros2_hw1/install/task_manager_msgs/include/task_manager_msgs/task_manager_msgs/srv
[2.175s] -- Up-to-date: /home/GTL/apaul/ros2_hw1/install/task_manager_msgs/include/task_manager_msgs/task_manager_msgs/srv/detail
[2.175s] -- Up-to-date: /home/GTL/apaul/ros2_hw1/install/task_manager_msgs/include/task_manager_msgs/task_manager_msgs/srv/detail/get_task_list__rosidl_typesupport_fastrtps_cpp.hpp
[2.176s] -- Up-to-date: /home/GTL/apaul/ros2_hw1/install/task_manager_msgs/include/task_manager_msgs/task_manager_msgs/srv/detail/start_task__rosidl_typesupport_fastrtps_cpp.hpp
[2.176s] -- Up-to-date: /home/GTL/apaul/ros2_hw1/install/task_manager_msgs/include/task_manager_msgs/task_manager_msgs/srv/detail/get_all_task_status__rosidl_typesupport_fastrtps_cpp.hpp
[2.176s] -- Up-to-date: /home/GTL/apaul/ros2_hw1/install/task_manager_msgs/include/task_manager_msgs/task_manager_msgs/srv/detail/dds_fastrtps
[2.176s] -- Up-to-date: /home/GTL/apaul/ros2_hw1/install/task_manager_msgs/include/task_manager_msgs/task_manager_msgs/srv/detail/stop_task__rosidl_typesupport_fastrtps_cpp.hpp
[2.177s] -- Up-to-date: /home/GTL/apaul/ros2_hw1/install/task_manager_msgs/lib/libtask_manager_msgs__rosidl_typesupport_fastrtps_cpp.so
[2.178s] -- Up-to-date: /home/GTL/apaul/ros2_hw1/install/task_manager_msgs/include/task_manager_msgs/task_manager_msgs
[2.179s] -- Up-to-date: /home/GTL/apaul/ros2_hw1/install/task_manager_msgs/include/task_manager_msgs/task_manager_msgs/msg
[2.179s] -- Up-to-date: /home/GTL/apaul/ros2_hw1/install/task_manager_msgs/include/task_manager_msgs/task_manager_msgs/msg/detail
[2.180s] -- Up-to-date: /home/GTL/apaul/ros2_hw1/install/task_manager_msgs/include/task_manager_msgs/task_manager_msgs/msg/detail/task_parameter__type_support.c
[2.180s] -- Up-to-date: /home/GTL/apaul/ros2_hw1/install/task_manager_msgs/include/task_manager_msgs/task_manager_msgs/msg/detail/task_parameter__rosidl_typesupport_introspection_c.h
[2.181s] -- Up-to-date: /home/GTL/apaul/ros2_hw1/install/task_manager_msgs/include/task_manager_msgs/task_manager_msgs/msg/detail/encapsulated_message__rosidl_typesupport_introspection_c.h
[2.181s] -- Up-to-date: /home/GTL/apaul/ros2_hw1/install/task_manager_msgs/include/task_manager_msgs/task_manager_msgs/msg/detail/sync_status__type_support.c
[2.181s] -- Up-to-date: /home/GTL/apaul/ros2_hw1/install/task_manager_msgs/include/task_manager_msgs/task_manager_msgs/msg/detail/task_description__type_support.c
[2.181s] -- Up-to-date: /home/GTL/apaul/ros2_hw1/install/task_manager_msgs/include/task_manager_msgs/task_manager_msgs/msg/detail/sync_status__rosidl_typesupport_introspection_c.h
[2.181s] -- Up-to-date: /home/GTL/apaul/ros2_hw1/install/task_manager_msgs/include/task_manager_msgs/task_manager_msgs/msg/detail/task_config__type_support.c
[2.182s] -- Up-to-date: /home/GTL/apaul/ros2_hw1/install/task_manager_msgs/include/task_manager_msgs/task_manager_msgs/msg/detail/task_description__rosidl_typesupport_introspection_c.h
[2.182s] -- Up-to-date: /home/GTL/apaul/ros2_hw1/install/task_manager_msgs/include/task_manager_msgs/task_manager_msgs/msg/detail/task_status__rosidl_typesupport_introspection_c.h
[2.182s] -- Up-to-date: /home/GTL/apaul/ros2_hw1/install/task_manager_msgs/include/task_manager_msgs/task_manager_msgs/msg/detail/task_config__rosidl_typesupport_introspection_c.h
[2.182s] -- Up-to-date: /home/GTL/apaul/ros2_hw1/install/task_manager_msgs/include/task_manager_msgs/task_manager_msgs/msg/detail/task_status__type_support.c
[2.182s] -- Up-to-date: /home/GTL/apaul/ros2_hw1/install/task_manager_msgs/include/task_manager_msgs/task_manager_msgs/msg/detail/encapsulated_message__type_support.c
[2.183s] -- Up-to-date: /home/GTL/apaul/ros2_hw1/install/task_manager_msgs/include/task_manager_msgs/task_manager_msgs/msg/rosidl_typesupport_introspection_c__visibility_control.h
[2.183s] -- Up-to-date: /home/GTL/apaul/ros2_hw1/install/task_manager_msgs/include/task_manager_msgs/task_manager_msgs/srv
[2.183s] -- Up-to-date: /home/GTL/apaul/ros2_hw1/install/task_manager_msgs/include/task_manager_msgs/task_manager_msgs/srv/detail
[2.184s] -- Up-to-date: /home/GTL/apaul/ros2_hw1/install/task_manager_msgs/include/task_manager_msgs/task_manager_msgs/srv/detail/start_task__type_support.c
[2.184s] -- Up-to-date: /home/GTL/apaul/ros2_hw1/install/task_manager_msgs/include/task_manager_msgs/task_manager_msgs/srv/detail/get_all_task_status__rosidl_typesupport_introspection_c.h
[2.184s] -- Up-to-date: /home/GTL/apaul/ros2_hw1/install/task_manager_msgs/include/task_manager_msgs/task_manager_msgs/srv/detail/get_all_task_status__type_support.c
[2.185s] -- Up-to-date: /home/GTL/apaul/ros2_hw1/install/task_manager_msgs/include/task_manager_msgs/task_manager_msgs/srv/detail/start_task__rosidl_typesupport_introspection_c.h
[2.185s] -- Up-to-date: /home/GTL/apaul/ros2_hw1/install/task_manager_msgs/include/task_manager_msgs/task_manager_msgs/srv/detail/stop_task__type_support.c
[2.185s] -- Up-to-date: /home/GTL/apaul/ros2_hw1/install/task_manager_msgs/include/task_manager_msgs/task_manager_msgs/srv/detail/get_task_list__rosidl_typesupport_introspection_c.h
[2.185s] -- Up-to-date: /home/GTL/apaul/ros2_hw1/install/task_manager_msgs/include/task_manager_msgs/task_manager_msgs/srv/detail/stop_task__rosidl_typesupport_introspection_c.h
[2.186s] -- Up-to-date: /home/GTL/apaul/ros2_hw1/install/task_manager_msgs/include/task_manager_msgs/task_manager_msgs/srv/detail/get_task_list__type_support.c
[2.186s] -- Up-to-date: /home/GTL/apaul/ros2_hw1/install/task_manager_msgs/lib/libtask_manager_msgs__rosidl_typesupport_introspection_c.so
[2.187s] -- Up-to-date: /home/GTL/apaul/ros2_hw1/install/task_manager_msgs/lib/libtask_manager_msgs__rosidl_typesupport_c.so
[2.189s] -- Up-to-date: /home/GTL/apaul/ros2_hw1/install/task_manager_msgs/include/task_manager_msgs/task_manager_msgs
[2.189s] -- Up-to-date: /home/GTL/apaul/ros2_hw1/install/task_manager_msgs/include/task_manager_msgs/task_manager_msgs/msg
[2.190s] -- Up-to-date: /home/GTL/apaul/ros2_hw1/install/task_manager_msgs/include/task_manager_msgs/task_manager_msgs/msg/detail
[2.191s] -- Up-to-date: /home/GTL/apaul/ros2_hw1/install/task_manager_msgs/include/task_manager_msgs/task_manager_msgs/msg/detail/task_parameter__rosidl_typesupport_introspection_cpp.hpp
[2.191s] -- Up-to-date: /home/GTL/apaul/ros2_hw1/install/task_manager_msgs/include/task_manager_msgs/task_manager_msgs/msg/detail/encapsulated_message__rosidl_typesupport_introspection_cpp.hpp
[2.191s] -- Up-to-date: /home/GTL/apaul/ros2_hw1/install/task_manager_msgs/include/task_manager_msgs/task_manager_msgs/msg/detail/task_status__rosidl_typesupport_introspection_cpp.hpp
[2.191s] -- Up-to-date: /home/GTL/apaul/ros2_hw1/install/task_manager_msgs/include/task_manager_msgs/task_manager_msgs/msg/detail/encapsulated_message__type_support.cpp
[2.191s] -- Up-to-date: /home/GTL/apaul/ros2_hw1/install/task_manager_msgs/include/task_manager_msgs/task_manager_msgs/msg/detail/sync_status__type_support.cpp
[2.191s] -- Up-to-date: /home/GTL/apaul/ros2_hw1/install/task_manager_msgs/include/task_manager_msgs/task_manager_msgs/msg/detail/sync_status__rosidl_typesupport_introspection_cpp.hpp
[2.192s] -- Up-to-date: /home/GTL/apaul/ros2_hw1/install/task_manager_msgs/include/task_manager_msgs/task_manager_msgs/msg/detail/task_description__rosidl_typesupport_introspection_cpp.hpp
[2.192s] -- Up-to-date: /home/GTL/apaul/ros2_hw1/install/task_manager_msgs/include/task_manager_msgs/task_manager_msgs/msg/detail/task_config__type_support.cpp
[2.192s] -- Up-to-date: /home/GTL/apaul/ros2_hw1/install/task_manager_msgs/include/task_manager_msgs/task_manager_msgs/msg/detail/task_description__type_support.cpp
[2.193s] -- Up-to-date: /home/GTL/apaul/ros2_hw1/install/task_manager_msgs/include/task_manager_msgs/task_manager_msgs/msg/detail/task_config__rosidl_typesupport_introspection_cpp.hpp
[2.193s] -- Up-to-date: /home/GTL/apaul/ros2_hw1/install/task_manager_msgs/include/task_manager_msgs/task_manager_msgs/msg/detail/task_status__type_support.cpp
[2.193s] -- Up-to-date: /home/GTL/apaul/ros2_hw1/install/task_manager_msgs/include/task_manager_msgs/task_manager_msgs/msg/detail/task_parameter__type_support.cpp
[2.193s] -- Up-to-date: /home/GTL/apaul/ros2_hw1/install/task_manager_msgs/include/task_manager_msgs/task_manager_msgs/srv
[2.194s] -- Up-to-date: /home/GTL/apaul/ros2_hw1/install/task_manager_msgs/include/task_manager_msgs/task_manager_msgs/srv/detail
[2.195s] -- Up-to-date: /home/GTL/apaul/ros2_hw1/install/task_manager_msgs/include/task_manager_msgs/task_manager_msgs/srv/detail/get_all_task_status__rosidl_typesupport_introspection_cpp.hpp
[2.195s] -- Up-to-date: /home/GTL/apaul/ros2_hw1/install/task_manager_msgs/include/task_manager_msgs/task_manager_msgs/srv/detail/start_task__rosidl_typesupport_introspection_cpp.hpp
[2.195s] -- Up-to-date: /home/GTL/apaul/ros2_hw1/install/task_manager_msgs/include/task_manager_msgs/task_manager_msgs/srv/detail/start_task__type_support.cpp
[2.195s] -- Up-to-date: /home/GTL/apaul/ros2_hw1/install/task_manager_msgs/include/task_manager_msgs/task_manager_msgs/srv/detail/get_all_task_status__type_support.cpp
[2.196s] -- Up-to-date: /home/GTL/apaul/ros2_hw1/install/task_manager_msgs/include/task_manager_msgs/task_manager_msgs/srv/detail/stop_task__rosidl_typesupport_introspection_cpp.hpp
[2.196s] -- Up-to-date: /home/GTL/apaul/ros2_hw1/install/task_manager_msgs/include/task_manager_msgs/task_manager_msgs/srv/detail/stop_task__type_support.cpp
[2.196s] -- Up-to-date: /home/GTL/apaul/ros2_hw1/install/task_manager_msgs/include/task_manager_msgs/task_manager_msgs/srv/detail/get_task_list__type_support.cpp
[2.197s] -- Up-to-date: /home/GTL/apaul/ros2_hw1/install/task_manager_msgs/include/task_manager_msgs/task_manager_msgs/srv/detail/get_task_list__rosidl_typesupport_introspection_cpp.hpp
[2.197s] -- Up-to-date: /home/GTL/apaul/ros2_hw1/install/task_manager_msgs/lib/libtask_manager_msgs__rosidl_typesupport_introspection_cpp.so
[2.198s] -- Up-to-date: /home/GTL/apaul/ros2_hw1/install/task_manager_msgs/lib/libtask_manager_msgs__rosidl_typesupport_cpp.so
[2.199s] -- Up-to-date: /home/GTL/apaul/ros2_hw1/install/task_manager_msgs/share/task_manager_msgs/environment/pythonpath.sh
[2.199s] -- Up-to-date: /home/GTL/apaul/ros2_hw1/install/task_manager_msgs/share/task_manager_msgs/environment/pythonpath.dsv
[2.200s] -- Up-to-date: /home/GTL/apaul/ros2_hw1/install/task_manager_msgs/local/lib/python3.10/dist-packages/task_manager_msgs-0.0.0-py3.10.egg-info
[2.200s] -- Installing: /home/GTL/apaul/ros2_hw1/install/task_manager_msgs/local/lib/python3.10/dist-packages/task_manager_msgs-0.0.0-py3.10.egg-info/dependency_links.txt
[2.203s] -- Installing: /home/GTL/apaul/ros2_hw1/install/task_manager_msgs/local/lib/python3.10/dist-packages/task_manager_msgs-0.0.0-py3.10.egg-info/top_level.txt
[2.206s] -- Installing: /home/GTL/apaul/ros2_hw1/install/task_manager_msgs/local/lib/python3.10/dist-packages/task_manager_msgs-0.0.0-py3.10.egg-info/PKG-INFO
[2.210s] -- Installing: /home/GTL/apaul/ros2_hw1/install/task_manager_msgs/local/lib/python3.10/dist-packages/task_manager_msgs-0.0.0-py3.10.egg-info/SOURCES.txt
[2.213s] -- Up-to-date: /home/GTL/apaul/ros2_hw1/install/task_manager_msgs/local/lib/python3.10/dist-packages/task_manager_msgs
[2.214s] -- Up-to-date: /home/GTL/apaul/ros2_hw1/install/task_manager_msgs/local/lib/python3.10/dist-packages/task_manager_msgs/msg
[2.215s] -- Up-to-date: /home/GTL/apaul/ros2_hw1/install/task_manager_msgs/local/lib/python3.10/dist-packages/task_manager_msgs/msg/_encapsulated_message_s.c
[2.215s] -- Up-to-date: /home/GTL/apaul/ros2_hw1/install/task_manager_msgs/local/lib/python3.10/dist-packages/task_manager_msgs/msg/_task_description_s.c
[2.215s] -- Up-to-date: /home/GTL/apaul/ros2_hw1/install/task_manager_msgs/local/lib/python3.10/dist-packages/task_manager_msgs/msg/_task_parameter.py
[2.215s] -- Up-to-date: /home/GTL/apaul/ros2_hw1/install/task_manager_msgs/local/lib/python3.10/dist-packages/task_manager_msgs/msg/_sync_status_s.c
[2.216s] -- Up-to-date: /home/GTL/apaul/ros2_hw1/install/task_manager_msgs/local/lib/python3.10/dist-packages/task_manager_msgs/msg/_task_config.py
[2.216s] -- Up-to-date: /home/GTL/apaul/ros2_hw1/install/task_manager_msgs/local/lib/python3.10/dist-packages/task_manager_msgs/msg/_task_parameter_s.c
[2.216s] -- Up-to-date: /home/GTL/apaul/ros2_hw1/install/task_manager_msgs/local/lib/python3.10/dist-packages/task_manager_msgs/msg/_task_status.py
[2.216s] -- Up-to-date: /home/GTL/apaul/ros2_hw1/install/task_manager_msgs/local/lib/python3.10/dist-packages/task_manager_msgs/msg/_task_description.py
[2.217s] -- Up-to-date: /home/GTL/apaul/ros2_hw1/install/task_manager_msgs/local/lib/python3.10/dist-packages/task_manager_msgs/msg/__init__.py
[2.217s] -- Up-to-date: /home/GTL/apaul/ros2_hw1/install/task_manager_msgs/local/lib/python3.10/dist-packages/task_manager_msgs/msg/_sync_status.py
[2.217s] -- Up-to-date: /home/GTL/apaul/ros2_hw1/install/task_manager_msgs/local/lib/python3.10/dist-packages/task_manager_msgs/msg/_encapsulated_message.py
[2.217s] -- Up-to-date: /home/GTL/apaul/ros2_hw1/install/task_manager_msgs/local/lib/python3.10/dist-packages/task_manager_msgs/msg/_task_config_s.c
[2.217s] -- Up-to-date: /home/GTL/apaul/ros2_hw1/install/task_manager_msgs/local/lib/python3.10/dist-packages/task_manager_msgs/msg/_task_status_s.c
[2.218s] -- Up-to-date: /home/GTL/apaul/ros2_hw1/install/task_manager_msgs/local/lib/python3.10/dist-packages/task_manager_msgs/task_manager_msgs_s__rosidl_typesupport_introspection_c.cpython-310-x86_64-linux-gnu.so
[2.218s] -- Up-to-date: /home/GTL/apaul/ros2_hw1/install/task_manager_msgs/local/lib/python3.10/dist-packages/task_manager_msgs/_task_manager_msgs_s.ep.rosidl_typesupport_introspection_c.c
[2.218s] -- Up-to-date: /home/GTL/apaul/ros2_hw1/install/task_manager_msgs/local/lib/python3.10/dist-packages/task_manager_msgs/__init__.py
[2.218s] -- Up-to-date: /home/GTL/apaul/ros2_hw1/install/task_manager_msgs/local/lib/python3.10/dist-packages/task_manager_msgs/_task_manager_msgs_s.ep.rosidl_typesupport_c.c
[2.219s] -- Up-to-date: /home/GTL/apaul/ros2_hw1/install/task_manager_msgs/local/lib/python3.10/dist-packages/task_manager_msgs/task_manager_msgs_s__rosidl_typesupport_c.cpython-310-x86_64-linux-gnu.so
[2.219s] -- Up-to-date: /home/GTL/apaul/ros2_hw1/install/task_manager_msgs/local/lib/python3.10/dist-packages/task_manager_msgs/srv
[2.221s] -- Up-to-date: /home/GTL/apaul/ros2_hw1/install/task_manager_msgs/local/lib/python3.10/dist-packages/task_manager_msgs/srv/_stop_task_s.c
[2.221s] -- Up-to-date: /home/GTL/apaul/ros2_hw1/install/task_manager_msgs/local/lib/python3.10/dist-packages/task_manager_msgs/srv/_start_task_s.c
[2.221s] -- Up-to-date: /home/GTL/apaul/ros2_hw1/install/task_manager_msgs/local/lib/python3.10/dist-packages/task_manager_msgs/srv/_get_all_task_status_s.c
[2.221s] -- Up-to-date: /home/GTL/apaul/ros2_hw1/install/task_manager_msgs/local/lib/python3.10/dist-packages/task_manager_msgs/srv/_get_task_list.py
[2.221s] -- Up-to-date: /home/GTL/apaul/ros2_hw1/install/task_manager_msgs/local/lib/python3.10/dist-packages/task_manager_msgs/srv/__init__.py
[2.221s] -- Up-to-date: /home/GTL/apaul/ros2_hw1/install/task_manager_msgs/local/lib/python3.10/dist-packages/task_manager_msgs/srv/_get_all_task_status.py
[2.221s] -- Up-to-date: /home/GTL/apaul/ros2_hw1/install/task_manager_msgs/local/lib/python3.10/dist-packages/task_manager_msgs/srv/_stop_task.py
[2.221s] -- Up-to-date: /home/GTL/apaul/ros2_hw1/install/task_manager_msgs/local/lib/python3.10/dist-packages/task_manager_msgs/srv/_get_task_list_s.c
[2.222s] -- Up-to-date: /home/GTL/apaul/ros2_hw1/install/task_manager_msgs/local/lib/python3.10/dist-packages/task_manager_msgs/srv/_start_task.py
[2.222s] -- Up-to-date: /home/GTL/apaul/ros2_hw1/install/task_manager_msgs/local/lib/python3.10/dist-packages/task_manager_msgs/_task_manager_msgs_s.ep.rosidl_typesupport_fastrtps_c.c
[2.222s] -- Up-to-date: /home/GTL/apaul/ros2_hw1/install/task_manager_msgs/local/lib/python3.10/dist-packages/task_manager_msgs/task_manager_msgs_s__rosidl_typesupport_fastrtps_c.cpython-310-x86_64-linux-gnu.so
[2.222s] -- Up-to-date: /home/GTL/apaul/ros2_hw1/install/task_manager_msgs/local/lib/python3.10/dist-packages/task_manager_msgs/libtask_manager_msgs__rosidl_generator_py.so
[2.261s] Listing '/home/GTL/apaul/ros2_hw1/install/task_manager_msgs/local/lib/python3.10/dist-packages/task_manager_msgs'...
[2.261s] Listing '/home/GTL/apaul/ros2_hw1/install/task_manager_msgs/local/lib/python3.10/dist-packages/task_manager_msgs/msg'...
[2.261s] Listing '/home/GTL/apaul/ros2_hw1/install/task_manager_msgs/local/lib/python3.10/dist-packages/task_manager_msgs/srv'...
[2.264s] -- Up-to-date: /home/GTL/apaul/ros2_hw1/install/task_manager_msgs/local/lib/python3.10/dist-packages/task_manager_msgs/task_manager_msgs_s__rosidl_typesupport_fastrtps_c.cpython-310-x86_64-linux-gnu.so
[2.265s] -- Up-to-date: /home/GTL/apaul/ros2_hw1/install/task_manager_msgs/local/lib/python3.10/dist-packages/task_manager_msgs/task_manager_msgs_s__rosidl_typesupport_introspection_c.cpython-310-x86_64-linux-gnu.so
[2.267s] -- Up-to-date: /home/GTL/apaul/ros2_hw1/install/task_manager_msgs/local/lib/python3.10/dist-packages/task_manager_msgs/task_manager_msgs_s__rosidl_typesupport_c.cpython-310-x86_64-linux-gnu.so
[2.268s] -- Up-to-date: /home/GTL/apaul/ros2_hw1/install/task_manager_msgs/lib/libtask_manager_msgs__rosidl_generator_py.so
[2.269s] -- Up-to-date: /home/GTL/apaul/ros2_hw1/install/task_manager_msgs/share/task_manager_msgs/srv/GetAllTaskStatus.idl
[2.269s] -- Up-to-date: /home/GTL/apaul/ros2_hw1/install/task_manager_msgs/share/task_manager_msgs/srv/StartTask.idl
[2.269s] -- Up-to-date: /home/GTL/apaul/ros2_hw1/install/task_manager_msgs/share/task_manager_msgs/srv/StopTask.idl
[2.270s] -- Up-to-date: /home/GTL/apaul/ros2_hw1/install/task_manager_msgs/share/task_manager_msgs/srv/GetTaskList.idl
[2.270s] -- Up-to-date: /home/GTL/apaul/ros2_hw1/install/task_manager_msgs/share/task_manager_msgs/msg/TaskDescription.idl
[2.270s] -- Up-to-date: /home/GTL/apaul/ros2_hw1/install/task_manager_msgs/share/task_manager_msgs/msg/TaskParameter.idl
[2.271s] -- Up-to-date: /home/GTL/apaul/ros2_hw1/install/task_manager_msgs/share/task_manager_msgs/msg/TaskStatus.idl
[2.271s] -- Up-to-date: /home/GTL/apaul/ros2_hw1/install/task_manager_msgs/share/task_manager_msgs/msg/TaskConfig.idl
[2.271s] -- Up-to-date: /home/GTL/apaul/ros2_hw1/install/task_manager_msgs/share/task_manager_msgs/msg/SyncStatus.idl
[2.271s] -- Up-to-date: /home/GTL/apaul/ros2_hw1/install/task_manager_msgs/share/task_manager_msgs/msg/EncapsulatedMessage.idl
[2.272s] -- Up-to-date: /home/GTL/apaul/ros2_hw1/install/task_manager_msgs/share/task_manager_msgs/srv/GetAllTaskStatus.srv
[2.272s] -- Up-to-date: /home/GTL/apaul/ros2_hw1/install/task_manager_msgs/share/task_manager_msgs/srv/GetAllTaskStatus_Request.msg
[2.272s] -- Up-to-date: /home/GTL/apaul/ros2_hw1/install/task_manager_msgs/share/task_manager_msgs/srv/GetAllTaskStatus_Response.msg
[2.273s] -- Up-to-date: /home/GTL/apaul/ros2_hw1/install/task_manager_msgs/share/task_manager_msgs/srv/StartTask.srv
[2.273s] -- Up-to-date: /home/GTL/apaul/ros2_hw1/install/task_manager_msgs/share/task_manager_msgs/srv/StartTask_Request.msg
[2.273s] -- Up-to-date: /home/GTL/apaul/ros2_hw1/install/task_manager_msgs/share/task_manager_msgs/srv/StartTask_Response.msg
[2.273s] -- Up-to-date: /home/GTL/apaul/ros2_hw1/install/task_manager_msgs/share/task_manager_msgs/srv/StopTask.srv
[2.274s] -- Up-to-date: /home/GTL/apaul/ros2_hw1/install/task_manager_msgs/share/task_manager_msgs/srv/StopTask_Request.msg
[2.274s] -- Up-to-date: /home/GTL/apaul/ros2_hw1/install/task_manager_msgs/share/task_manager_msgs/srv/StopTask_Response.msg
[2.274s] -- Up-to-date: /home/GTL/apaul/ros2_hw1/install/task_manager_msgs/share/task_manager_msgs/srv/GetTaskList.srv
[2.274s] -- Up-to-date: /home/GTL/apaul/ros2_hw1/install/task_manager_msgs/share/task_manager_msgs/srv/GetTaskList_Request.msg
[2.275s] -- Up-to-date: /home/GTL/apaul/ros2_hw1/install/task_manager_msgs/share/task_manager_msgs/srv/GetTaskList_Response.msg
[2.275s] -- Up-to-date: /home/GTL/apaul/ros2_hw1/install/task_manager_msgs/share/task_manager_msgs/msg/TaskDescription.msg
[2.275s] -- Up-to-date: /home/GTL/apaul/ros2_hw1/install/task_manager_msgs/share/task_manager_msgs/msg/TaskParameter.msg
[2.276s] -- Up-to-date: /home/GTL/apaul/ros2_hw1/install/task_manager_msgs/share/task_manager_msgs/msg/TaskStatus.msg
[2.276s] -- Up-to-date: /home/GTL/apaul/ros2_hw1/install/task_manager_msgs/share/task_manager_msgs/msg/TaskConfig.msg
[2.276s] -- Up-to-date: /home/GTL/apaul/ros2_hw1/install/task_manager_msgs/share/task_manager_msgs/msg/SyncStatus.msg
[2.276s] -- Up-to-date: /home/GTL/apaul/ros2_hw1/install/task_manager_msgs/share/task_manager_msgs/msg/EncapsulatedMessage.msg
[2.277s] -- Up-to-date: /home/GTL/apaul/ros2_hw1/install/task_manager_msgs/lib/task_manager_msgs/task_manager_msgs_encapsulate
[2.278s] -- Up-to-date: /home/GTL/apaul/ros2_hw1/install/task_manager_msgs/share/ament_index/resource_index/package_run_dependencies/task_manager_msgs
[2.278s] -- Up-to-date: /home/GTL/apaul/ros2_hw1/install/task_manager_msgs/share/ament_index/resource_index/parent_prefix_path/task_manager_msgs
[2.278s] -- Up-to-date: /home/GTL/apaul/ros2_hw1/install/task_manager_msgs/share/task_manager_msgs/environment/ament_prefix_path.sh
[2.279s] -- Up-to-date: /home/GTL/apaul/ros2_hw1/install/task_manager_msgs/share/task_manager_msgs/environment/ament_prefix_path.dsv
[2.279s] -- Up-to-date: /home/GTL/apaul/ros2_hw1/install/task_manager_msgs/share/task_manager_msgs/environment/path.sh
[2.279s] -- Up-to-date: /home/GTL/apaul/ros2_hw1/install/task_manager_msgs/share/task_manager_msgs/environment/path.dsv
[2.279s] -- Up-to-date: /home/GTL/apaul/ros2_hw1/install/task_manager_msgs/share/task_manager_msgs/local_setup.bash
[2.280s] -- Up-to-date: /home/GTL/apaul/ros2_hw1/install/task_manager_msgs/share/task_manager_msgs/local_setup.sh
[2.280s] -- Up-to-date: /home/GTL/apaul/ros2_hw1/install/task_manager_msgs/share/task_manager_msgs/local_setup.zsh
[2.280s] -- Up-to-date: /home/GTL/apaul/ros2_hw1/install/task_manager_msgs/share/task_manager_msgs/local_setup.dsv
[2.281s] -- Installing: /home/GTL/apaul/ros2_hw1/install/task_manager_msgs/share/task_manager_msgs/package.dsv
[2.284s] -- Up-to-date: /home/GTL/apaul/ros2_hw1/install/task_manager_msgs/share/ament_index/resource_index/packages/task_manager_msgs
[2.285s] -- Up-to-date: /home/GTL/apaul/ros2_hw1/install/task_manager_msgs/share/task_manager_msgs/cmake/export_task_manager_msgs__rosidl_generator_cExport.cmake
[2.285s] -- Up-to-date: /home/GTL/apaul/ros2_hw1/install/task_manager_msgs/share/task_manager_msgs/cmake/export_task_manager_msgs__rosidl_generator_cExport-noconfig.cmake
[2.286s] -- Up-to-date: /home/GTL/apaul/ros2_hw1/install/task_manager_msgs/share/task_manager_msgs/cmake/export_task_manager_msgs__rosidl_typesupport_fastrtps_cExport.cmake
[2.286s] -- Up-to-date: /home/GTL/apaul/ros2_hw1/install/task_manager_msgs/share/task_manager_msgs/cmake/export_task_manager_msgs__rosidl_typesupport_fastrtps_cExport-noconfig.cmake
[2.287s] -- Up-to-date: /home/GTL/apaul/ros2_hw1/install/task_manager_msgs/share/task_manager_msgs/cmake/export_task_manager_msgs__rosidl_generator_cppExport.cmake
[2.287s] -- Up-to-date: /home/GTL/apaul/ros2_hw1/install/task_manager_msgs/share/task_manager_msgs/cmake/export_task_manager_msgs__rosidl_typesupport_fastrtps_cppExport.cmake
[2.288s] -- Up-to-date: /home/GTL/apaul/ros2_hw1/install/task_manager_msgs/share/task_manager_msgs/cmake/export_task_manager_msgs__rosidl_typesupport_fastrtps_cppExport-noconfig.cmake
[2.288s] -- Up-to-date: /home/GTL/apaul/ros2_hw1/install/task_manager_msgs/share/task_manager_msgs/cmake/task_manager_msgs__rosidl_typesupport_introspection_cExport.cmake
[2.288s] -- Up-to-date: /home/GTL/apaul/ros2_hw1/install/task_manager_msgs/share/task_manager_msgs/cmake/task_manager_msgs__rosidl_typesupport_introspection_cExport-noconfig.cmake
[2.289s] -- Up-to-date: /home/GTL/apaul/ros2_hw1/install/task_manager_msgs/share/task_manager_msgs/cmake/task_manager_msgs__rosidl_typesupport_cExport.cmake
[2.289s] -- Up-to-date: /home/GTL/apaul/ros2_hw1/install/task_manager_msgs/share/task_manager_msgs/cmake/task_manager_msgs__rosidl_typesupport_cExport-noconfig.cmake
[2.290s] -- Up-to-date: /home/GTL/apaul/ros2_hw1/install/task_manager_msgs/share/task_manager_msgs/cmake/task_manager_msgs__rosidl_typesupport_introspection_cppExport.cmake
[2.290s] -- Up-to-date: /home/GTL/apaul/ros2_hw1/install/task_manager_msgs/share/task_manager_msgs/cmake/task_manager_msgs__rosidl_typesupport_introspection_cppExport-noconfig.cmake
[2.291s] -- Up-to-date: /home/GTL/apaul/ros2_hw1/install/task_manager_msgs/share/task_manager_msgs/cmake/task_manager_msgs__rosidl_typesupport_cppExport.cmake
[2.291s] -- Up-to-date: /home/GTL/apaul/ros2_hw1/install/task_manager_msgs/share/task_manager_msgs/cmake/task_manager_msgs__rosidl_typesupport_cppExport-noconfig.cmake
[2.292s] -- Up-to-date: /home/GTL/apaul/ros2_hw1/install/task_manager_msgs/share/task_manager_msgs/cmake/export_task_manager_msgs__rosidl_generator_pyExport.cmake
[2.292s] -- Up-to-date: /home/GTL/apaul/ros2_hw1/install/task_manager_msgs/share/task_manager_msgs/cmake/export_task_manager_msgs__rosidl_generator_pyExport-noconfig.cmake
[2.295s] -- Up-to-date: /home/GTL/apaul/ros2_hw1/install/task_manager_msgs/share/task_manager_msgs/cmake/rosidl_cmake-extras.cmake
[2.295s] -- Up-to-date: /home/GTL/apaul/ros2_hw1/install/task_manager_msgs/share/task_manager_msgs/cmake/ament_cmake_export_dependencies-extras.cmake
[2.295s] -- Up-to-date: /home/GTL/apaul/ros2_hw1/install/task_manager_msgs/share/task_manager_msgs/cmake/ament_cmake_export_include_directories-extras.cmake
[2.295s] -- Up-to-date: /home/GTL/apaul/ros2_hw1/install/task_manager_msgs/share/task_manager_msgs/cmake/ament_cmake_export_libraries-extras.cmake
[2.295s] -- Up-to-date: /home/GTL/apaul/ros2_hw1/install/task_manager_msgs/share/task_manager_msgs/cmake/ament_cmake_export_targets-extras.cmake
[2.295s] -- Up-to-date: /home/GTL/apaul/ros2_hw1/install/task_manager_msgs/share/task_manager_msgs/cmake/rosidl_cmake_export_typesupport_targets-extras.cmake
[2.295s] -- Up-to-date: /home/GTL/apaul/ros2_hw1/install/task_manager_msgs/share/task_manager_msgs/cmake/rosidl_cmake_export_typesupport_libraries-extras.cmake
[2.296s] -- Up-to-date: /home/GTL/apaul/ros2_hw1/install/task_manager_msgs/share/task_manager_msgs/cmake/task_manager_msgsConfig.cmake
[2.296s] -- Up-to-date: /home/GTL/apaul/ros2_hw1/install/task_manager_msgs/share/task_manager_msgs/cmake/task_manager_msgsConfig-version.cmake
[2.296s] -- Up-to-date: /home/GTL/apaul/ros2_hw1/install/task_manager_msgs/share/task_manager_msgs/package.xml
[2.370s] Invoked command in '/home/GTL/apaul/ros2_hw1/build/task_manager_msgs' returned '0': CMAKE_PREFIX_PATH=${CMAKE_PREFIX_PATH}:/home/GTL/apaul/ros2_hw1/install/vrep_ros_teleop:/home/GTL/apaul/ros2_hw1/install/task_manager_client_py:/home/GTL/apaul/ros2_hw1/install/ar_slam_base:/home/GTL/apaul/ros2_hw1/install/ar_loc_base:/home/GTL/apaul/ros2_hw1/install/rover_driver_base:/home/GTL/apaul/ros2_hw1/install/keyboard_teleop:/home/GTL/apaul/ros2_hw1/install/face_detect_base:/home/GTL/apaul/ros2_hw1/install/button_server:/home/GTL/apaul/ros2_hw1/install/ar_mapping_base:/opt/ros/humble /usr/bin/cmake --install /home/GTL/apaul/ros2_hw1/build/task_manager_msgs
