[0.105s] Invoking command in '/home/GTL/apaul/ros2_hw1/build/cs7630_msgs': CMAKE_PREFIX_PATH=/opt/ros/humble /usr/bin/cmake --build /home/GTL/apaul/ros2_hw1/build/cs7630_msgs -- -j16 -l16
[1.016s] [  4%] Built target cs7630_msgs__cpp
[1.016s] [ 12%] Built target cs7630_msgs__rosidl_generator_c
[1.016s] [ 68%] Built target cs7630_msgs__rosidl_typesupport_cpp
[1.016s] [ 68%] Built target cs7630_msgs__rosidl_typesupport_fastrtps_cpp
[1.016s] [ 74%] Built target cs7630_msgs__rosidl_typesupport_introspection_cpp
[1.017s] [ 74%] Built target cs7630_msgs__rosidl_typesupport_c
[1.017s] [ 76%] Built target cs7630_msgs__rosidl_typesupport_introspection_c
[1.017s] [ 76%] Built target cs7630_msgs__rosidl_typesupport_fastrtps_c
[1.017s] [ 76%] Built target ament_cmake_python_copy_cs7630_msgs
[1.017s] [ 76%] Built target cs7630_msgs
[1.017s] [ 78%] Built target cs7630_msgs__py
[1.017s] [ 87%] Built target cs7630_msgs__rosidl_generator_py
[1.017s] [100%] Built target cs7630_msgs__rosidl_typesupport_fastrtps_c__pyext
[1.017s] [100%] Built target cs7630_msgs__rosidl_typesupport_introspection_c__pyext
[1.017s] [100%] Built target cs7630_msgs__rosidl_typesupport_c__pyext
[1.017s] running egg_info
[1.017s] writing cs7630_msgs.egg-info/PKG-INFO
[1.017s] writing dependency_links to cs7630_msgs.egg-info/dependency_links.txt
[1.017s] writing top-level names to cs7630_msgs.egg-info/top_level.txt
[1.017s] reading manifest file 'cs7630_msgs.egg-info/SOURCES.txt'
[1.017s] writing manifest file 'cs7630_msgs.egg-info/SOURCES.txt'
[1.017s] [100%] Built target ament_cmake_python_build_cs7630_msgs_egg
[1.224s] Invoked command in '/home/GTL/apaul/ros2_hw1/build/cs7630_msgs' returned '0': CMAKE_PREFIX_PATH=/opt/ros/humble /usr/bin/cmake --build /home/GTL/apaul/ros2_hw1/build/cs7630_msgs -- -j16 -l16
[1.296s] Invoking command in '/home/GTL/apaul/ros2_hw1/build/cs7630_msgs': CMAKE_PREFIX_PATH=/opt/ros/humble /usr/bin/cmake --install /home/GTL/apaul/ros2_hw1/build/cs7630_msgs
[1.303s] -- Install configuration: ""
[1.303s] -- Up-to-date: /home/GTL/apaul/ros2_hw1/install/cs7630_msgs/share/ament_index/resource_index/rosidl_interfaces/cs7630_msgs
[1.304s] -- Up-to-date: /home/GTL/apaul/ros2_hw1/install/cs7630_msgs/include/cs7630_msgs/cs7630_msgs
[1.306s] -- Up-to-date: /home/GTL/apaul/ros2_hw1/install/cs7630_msgs/include/cs7630_msgs/cs7630_msgs/msg
[1.306s] -- Up-to-date: /home/GTL/apaul/ros2_hw1/install/cs7630_msgs/include/cs7630_msgs/cs7630_msgs/msg/trajectory.h
[1.307s] -- Up-to-date: /home/GTL/apaul/ros2_hw1/install/cs7630_msgs/include/cs7630_msgs/cs7630_msgs/msg/roi_array.h
[1.307s] -- Up-to-date: /home/GTL/apaul/ros2_hw1/install/cs7630_msgs/include/cs7630_msgs/cs7630_msgs/msg/detail
[1.309s] -- Up-to-date: /home/GTL/apaul/ros2_hw1/install/cs7630_msgs/include/cs7630_msgs/cs7630_msgs/msg/detail/trajectory_element__functions.h
[1.309s] -- Up-to-date: /home/GTL/apaul/ros2_hw1/install/cs7630_msgs/include/cs7630_msgs/cs7630_msgs/msg/detail/trajectory_element__functions.c
[1.310s] -- Up-to-date: /home/GTL/apaul/ros2_hw1/install/cs7630_msgs/include/cs7630_msgs/cs7630_msgs/msg/detail/trajectory__struct.h
[1.310s] -- Up-to-date: /home/GTL/apaul/ros2_hw1/install/cs7630_msgs/include/cs7630_msgs/cs7630_msgs/msg/detail/roi_array__type_support.h
[1.311s] -- Up-to-date: /home/GTL/apaul/ros2_hw1/install/cs7630_msgs/include/cs7630_msgs/cs7630_msgs/msg/detail/trajectory__functions.c
[1.312s] -- Up-to-date: /home/GTL/apaul/ros2_hw1/install/cs7630_msgs/include/cs7630_msgs/cs7630_msgs/msg/detail/trajectory_element__type_support.h
[1.312s] -- Up-to-date: /home/GTL/apaul/ros2_hw1/install/cs7630_msgs/include/cs7630_msgs/cs7630_msgs/msg/detail/trajectory__functions.h
[1.312s] -- Up-to-date: /home/GTL/apaul/ros2_hw1/install/cs7630_msgs/include/cs7630_msgs/cs7630_msgs/msg/detail/roi_array__functions.c
[1.313s] -- Up-to-date: /home/GTL/apaul/ros2_hw1/install/cs7630_msgs/include/cs7630_msgs/cs7630_msgs/msg/detail/trajectory__type_support.h
[1.313s] -- Up-to-date: /home/GTL/apaul/ros2_hw1/install/cs7630_msgs/include/cs7630_msgs/cs7630_msgs/msg/detail/roi_array__functions.h
[1.314s] -- Up-to-date: /home/GTL/apaul/ros2_hw1/install/cs7630_msgs/include/cs7630_msgs/cs7630_msgs/msg/detail/roi_array__struct.h
[1.314s] -- Up-to-date: /home/GTL/apaul/ros2_hw1/install/cs7630_msgs/include/cs7630_msgs/cs7630_msgs/msg/detail/trajectory_element__struct.h
[1.315s] -- Up-to-date: /home/GTL/apaul/ros2_hw1/install/cs7630_msgs/include/cs7630_msgs/cs7630_msgs/msg/rosidl_generator_c__visibility_control.h
[1.315s] -- Up-to-date: /home/GTL/apaul/ros2_hw1/install/cs7630_msgs/include/cs7630_msgs/cs7630_msgs/msg/trajectory_element.h
[1.315s] -- Up-to-date: /home/GTL/apaul/ros2_hw1/install/cs7630_msgs/share/cs7630_msgs/environment/library_path.sh
[1.316s] -- Up-to-date: /home/GTL/apaul/ros2_hw1/install/cs7630_msgs/share/cs7630_msgs/environment/library_path.dsv
[1.317s] -- Up-to-date: /home/GTL/apaul/ros2_hw1/install/cs7630_msgs/lib/libcs7630_msgs__rosidl_generator_c.so
[1.320s] -- Up-to-date: /home/GTL/apaul/ros2_hw1/install/cs7630_msgs/include/cs7630_msgs/cs7630_msgs
[1.321s] -- Up-to-date: /home/GTL/apaul/ros2_hw1/install/cs7630_msgs/include/cs7630_msgs/cs7630_msgs/msg
[1.323s] -- Up-to-date: /home/GTL/apaul/ros2_hw1/install/cs7630_msgs/include/cs7630_msgs/cs7630_msgs/msg/detail
[1.325s] -- Up-to-date: /home/GTL/apaul/ros2_hw1/install/cs7630_msgs/include/cs7630_msgs/cs7630_msgs/msg/detail/trajectory_element__rosidl_typesupport_fastrtps_c.h
[1.325s] -- Up-to-date: /home/GTL/apaul/ros2_hw1/install/cs7630_msgs/include/cs7630_msgs/cs7630_msgs/msg/detail/trajectory__rosidl_typesupport_fastrtps_c.h
[1.325s] -- Up-to-date: /home/GTL/apaul/ros2_hw1/install/cs7630_msgs/include/cs7630_msgs/cs7630_msgs/msg/detail/roi_array__rosidl_typesupport_fastrtps_c.h
[1.326s] -- Up-to-date: /home/GTL/apaul/ros2_hw1/install/cs7630_msgs/include/cs7630_msgs/cs7630_msgs/msg/rosidl_typesupport_fastrtps_c__visibility_control.h
[1.327s] -- Up-to-date: /home/GTL/apaul/ros2_hw1/install/cs7630_msgs/lib/libcs7630_msgs__rosidl_typesupport_fastrtps_c.so
[1.330s] -- Up-to-date: /home/GTL/apaul/ros2_hw1/install/cs7630_msgs/include/cs7630_msgs/cs7630_msgs
[1.331s] -- Up-to-date: /home/GTL/apaul/ros2_hw1/install/cs7630_msgs/include/cs7630_msgs/cs7630_msgs/msg
[1.332s] -- Up-to-date: /home/GTL/apaul/ros2_hw1/install/cs7630_msgs/include/cs7630_msgs/cs7630_msgs/msg/detail
[1.333s] -- Up-to-date: /home/GTL/apaul/ros2_hw1/install/cs7630_msgs/include/cs7630_msgs/cs7630_msgs/msg/detail/trajectory_element__struct.hpp
[1.333s] -- Up-to-date: /home/GTL/apaul/ros2_hw1/install/cs7630_msgs/include/cs7630_msgs/cs7630_msgs/msg/detail/trajectory_element__traits.hpp
[1.334s] -- Up-to-date: /home/GTL/apaul/ros2_hw1/install/cs7630_msgs/include/cs7630_msgs/cs7630_msgs/msg/detail/trajectory__builder.hpp
[1.335s] -- Up-to-date: /home/GTL/apaul/ros2_hw1/install/cs7630_msgs/include/cs7630_msgs/cs7630_msgs/msg/detail/roi_array__struct.hpp
[1.335s] -- Up-to-date: /home/GTL/apaul/ros2_hw1/install/cs7630_msgs/include/cs7630_msgs/cs7630_msgs/msg/detail/trajectory_element__builder.hpp
[1.336s] -- Up-to-date: /home/GTL/apaul/ros2_hw1/install/cs7630_msgs/include/cs7630_msgs/cs7630_msgs/msg/detail/roi_array__builder.hpp
[1.336s] -- Up-to-date: /home/GTL/apaul/ros2_hw1/install/cs7630_msgs/include/cs7630_msgs/cs7630_msgs/msg/detail/trajectory__struct.hpp
[1.336s] -- Up-to-date: /home/GTL/apaul/ros2_hw1/install/cs7630_msgs/include/cs7630_msgs/cs7630_msgs/msg/detail/trajectory__traits.hpp
[1.337s] -- Up-to-date: /home/GTL/apaul/ros2_hw1/install/cs7630_msgs/include/cs7630_msgs/cs7630_msgs/msg/detail/roi_array__traits.hpp
[1.337s] -- Up-to-date: /home/GTL/apaul/ros2_hw1/install/cs7630_msgs/include/cs7630_msgs/cs7630_msgs/msg/roi_array.hpp
[1.338s] -- Up-to-date: /home/GTL/apaul/ros2_hw1/install/cs7630_msgs/include/cs7630_msgs/cs7630_msgs/msg/trajectory.hpp
[1.339s] -- Up-to-date: /home/GTL/apaul/ros2_hw1/install/cs7630_msgs/include/cs7630_msgs/cs7630_msgs/msg/trajectory_element.hpp
[1.339s] -- Up-to-date: /home/GTL/apaul/ros2_hw1/install/cs7630_msgs/include/cs7630_msgs/cs7630_msgs
[1.340s] -- Up-to-date: /home/GTL/apaul/ros2_hw1/install/cs7630_msgs/include/cs7630_msgs/cs7630_msgs/msg
[1.341s] -- Up-to-date: /home/GTL/apaul/ros2_hw1/install/cs7630_msgs/include/cs7630_msgs/cs7630_msgs/msg/detail
[1.342s] -- Up-to-date: /home/GTL/apaul/ros2_hw1/install/cs7630_msgs/include/cs7630_msgs/cs7630_msgs/msg/detail/roi_array__rosidl_typesupport_fastrtps_cpp.hpp
[1.342s] -- Up-to-date: /home/GTL/apaul/ros2_hw1/install/cs7630_msgs/include/cs7630_msgs/cs7630_msgs/msg/detail/dds_fastrtps
[1.354s] -- Up-to-date: /home/GTL/apaul/ros2_hw1/install/cs7630_msgs/include/cs7630_msgs/cs7630_msgs/msg/detail/trajectory_element__rosidl_typesupport_fastrtps_cpp.hpp
[1.354s] -- Up-to-date: /home/GTL/apaul/ros2_hw1/install/cs7630_msgs/include/cs7630_msgs/cs7630_msgs/msg/detail/trajectory__rosidl_typesupport_fastrtps_cpp.hpp
[1.354s] -- Up-to-date: /home/GTL/apaul/ros2_hw1/install/cs7630_msgs/include/cs7630_msgs/cs7630_msgs/msg/rosidl_typesupport_fastrtps_cpp__visibility_control.h
[1.355s] -- Up-to-date: /home/GTL/apaul/ros2_hw1/install/cs7630_msgs/lib/libcs7630_msgs__rosidl_typesupport_fastrtps_cpp.so
[1.355s] -- Up-to-date: /home/GTL/apaul/ros2_hw1/install/cs7630_msgs/include/cs7630_msgs/cs7630_msgs
[1.355s] -- Up-to-date: /home/GTL/apaul/ros2_hw1/install/cs7630_msgs/include/cs7630_msgs/cs7630_msgs/msg
[1.355s] -- Up-to-date: /home/GTL/apaul/ros2_hw1/install/cs7630_msgs/include/cs7630_msgs/cs7630_msgs/msg/detail
[1.355s] -- Up-to-date: /home/GTL/apaul/ros2_hw1/install/cs7630_msgs/include/cs7630_msgs/cs7630_msgs/msg/detail/roi_array__rosidl_typesupport_introspection_c.h
[1.355s] -- Up-to-date: /home/GTL/apaul/ros2_hw1/install/cs7630_msgs/include/cs7630_msgs/cs7630_msgs/msg/detail/trajectory_element__rosidl_typesupport_introspection_c.h
[1.355s] -- Up-to-date: /home/GTL/apaul/ros2_hw1/install/cs7630_msgs/include/cs7630_msgs/cs7630_msgs/msg/detail/roi_array__type_support.c
[1.355s] -- Up-to-date: /home/GTL/apaul/ros2_hw1/install/cs7630_msgs/include/cs7630_msgs/cs7630_msgs/msg/detail/trajectory__rosidl_typesupport_introspection_c.h
[1.355s] -- Up-to-date: /home/GTL/apaul/ros2_hw1/install/cs7630_msgs/include/cs7630_msgs/cs7630_msgs/msg/detail/trajectory_element__type_support.c
[1.355s] -- Up-to-date: /home/GTL/apaul/ros2_hw1/install/cs7630_msgs/include/cs7630_msgs/cs7630_msgs/msg/detail/trajectory__type_support.c
[1.356s] -- Up-to-date: /home/GTL/apaul/ros2_hw1/install/cs7630_msgs/include/cs7630_msgs/cs7630_msgs/msg/rosidl_typesupport_introspection_c__visibility_control.h
[1.357s] -- Up-to-date: /home/GTL/apaul/ros2_hw1/install/cs7630_msgs/lib/libcs7630_msgs__rosidl_typesupport_introspection_c.so
[1.385s] -- Up-to-date: /home/GTL/apaul/ros2_hw1/install/cs7630_msgs/lib/libcs7630_msgs__rosidl_typesupport_c.so
[1.385s] -- Up-to-date: /home/GTL/apaul/ros2_hw1/install/cs7630_msgs/include/cs7630_msgs/cs7630_msgs
[1.385s] -- Up-to-date: /home/GTL/apaul/ros2_hw1/install/cs7630_msgs/include/cs7630_msgs/cs7630_msgs/msg
[1.385s] -- Up-to-date: /home/GTL/apaul/ros2_hw1/install/cs7630_msgs/include/cs7630_msgs/cs7630_msgs/msg/detail
[1.385s] -- Up-to-date: /home/GTL/apaul/ros2_hw1/install/cs7630_msgs/include/cs7630_msgs/cs7630_msgs/msg/detail/roi_array__type_support.cpp
[1.385s] -- Up-to-date: /home/GTL/apaul/ros2_hw1/install/cs7630_msgs/include/cs7630_msgs/cs7630_msgs/msg/detail/trajectory_element__rosidl_typesupport_introspection_cpp.hpp
[1.385s] -- Up-to-date: /home/GTL/apaul/ros2_hw1/install/cs7630_msgs/include/cs7630_msgs/cs7630_msgs/msg/detail/roi_array__rosidl_typesupport_introspection_cpp.hpp
[1.385s] -- Up-to-date: /home/GTL/apaul/ros2_hw1/install/cs7630_msgs/include/cs7630_msgs/cs7630_msgs/msg/detail/trajectory__rosidl_typesupport_introspection_cpp.hpp
[1.386s] -- Up-to-date: /home/GTL/apaul/ros2_hw1/install/cs7630_msgs/include/cs7630_msgs/cs7630_msgs/msg/detail/trajectory_element__type_support.cpp
[1.386s] -- Up-to-date: /home/GTL/apaul/ros2_hw1/install/cs7630_msgs/include/cs7630_msgs/cs7630_msgs/msg/detail/trajectory__type_support.cpp
[1.386s] -- Up-to-date: /home/GTL/apaul/ros2_hw1/install/cs7630_msgs/lib/libcs7630_msgs__rosidl_typesupport_introspection_cpp.so
[1.386s] -- Up-to-date: /home/GTL/apaul/ros2_hw1/install/cs7630_msgs/lib/libcs7630_msgs__rosidl_typesupport_cpp.so
[1.386s] -- Up-to-date: /home/GTL/apaul/ros2_hw1/install/cs7630_msgs/share/cs7630_msgs/environment/pythonpath.sh
[1.386s] -- Up-to-date: /home/GTL/apaul/ros2_hw1/install/cs7630_msgs/share/cs7630_msgs/environment/pythonpath.dsv
[1.386s] -- Up-to-date: /home/GTL/apaul/ros2_hw1/install/cs7630_msgs/local/lib/python3.10/dist-packages/cs7630_msgs-0.0.0-py3.10.egg-info
[1.386s] -- Installing: /home/GTL/apaul/ros2_hw1/install/cs7630_msgs/local/lib/python3.10/dist-packages/cs7630_msgs-0.0.0-py3.10.egg-info/dependency_links.txt
[1.390s] -- Installing: /home/GTL/apaul/ros2_hw1/install/cs7630_msgs/local/lib/python3.10/dist-packages/cs7630_msgs-0.0.0-py3.10.egg-info/top_level.txt
[1.395s] -- Installing: /home/GTL/apaul/ros2_hw1/install/cs7630_msgs/local/lib/python3.10/dist-packages/cs7630_msgs-0.0.0-py3.10.egg-info/PKG-INFO
[1.403s] -- Installing: /home/GTL/apaul/ros2_hw1/install/cs7630_msgs/local/lib/python3.10/dist-packages/cs7630_msgs-0.0.0-py3.10.egg-info/SOURCES.txt
[1.410s] -- Up-to-date: /home/GTL/apaul/ros2_hw1/install/cs7630_msgs/local/lib/python3.10/dist-packages/cs7630_msgs
[1.411s] -- Up-to-date: /home/GTL/apaul/ros2_hw1/install/cs7630_msgs/local/lib/python3.10/dist-packages/cs7630_msgs/msg
[1.412s] -- Up-to-date: /home/GTL/apaul/ros2_hw1/install/cs7630_msgs/local/lib/python3.10/dist-packages/cs7630_msgs/msg/_trajectory.py
[1.412s] -- Up-to-date: /home/GTL/apaul/ros2_hw1/install/cs7630_msgs/local/lib/python3.10/dist-packages/cs7630_msgs/msg/_roi_array_s.c
[1.412s] -- Up-to-date: /home/GTL/apaul/ros2_hw1/install/cs7630_msgs/local/lib/python3.10/dist-packages/cs7630_msgs/msg/_roi_array.py
[1.413s] -- Up-to-date: /home/GTL/apaul/ros2_hw1/install/cs7630_msgs/local/lib/python3.10/dist-packages/cs7630_msgs/msg/_trajectory_s.c
[1.413s] -- Up-to-date: /home/GTL/apaul/ros2_hw1/install/cs7630_msgs/local/lib/python3.10/dist-packages/cs7630_msgs/msg/__init__.py
[1.414s] -- Up-to-date: /home/GTL/apaul/ros2_hw1/install/cs7630_msgs/local/lib/python3.10/dist-packages/cs7630_msgs/msg/_trajectory_element_s.c
[1.414s] -- Up-to-date: /home/GTL/apaul/ros2_hw1/install/cs7630_msgs/local/lib/python3.10/dist-packages/cs7630_msgs/msg/_trajectory_element.py
[1.414s] -- Up-to-date: /home/GTL/apaul/ros2_hw1/install/cs7630_msgs/local/lib/python3.10/dist-packages/cs7630_msgs/cs7630_msgs_s__rosidl_typesupport_c.cpython-310-x86_64-linux-gnu.so
[1.415s] -- Up-to-date: /home/GTL/apaul/ros2_hw1/install/cs7630_msgs/local/lib/python3.10/dist-packages/cs7630_msgs/libcs7630_msgs__rosidl_generator_py.so
[1.415s] -- Up-to-date: /home/GTL/apaul/ros2_hw1/install/cs7630_msgs/local/lib/python3.10/dist-packages/cs7630_msgs/cs7630_msgs_s__rosidl_typesupport_fastrtps_c.cpython-310-x86_64-linux-gnu.so
[1.416s] -- Up-to-date: /home/GTL/apaul/ros2_hw1/install/cs7630_msgs/local/lib/python3.10/dist-packages/cs7630_msgs/_cs7630_msgs_s.ep.rosidl_typesupport_c.c
[1.416s] -- Up-to-date: /home/GTL/apaul/ros2_hw1/install/cs7630_msgs/local/lib/python3.10/dist-packages/cs7630_msgs/cs7630_msgs_s__rosidl_typesupport_introspection_c.cpython-310-x86_64-linux-gnu.so
[1.417s] -- Up-to-date: /home/GTL/apaul/ros2_hw1/install/cs7630_msgs/local/lib/python3.10/dist-packages/cs7630_msgs/_cs7630_msgs_s.ep.rosidl_typesupport_fastrtps_c.c
[1.417s] -- Up-to-date: /home/GTL/apaul/ros2_hw1/install/cs7630_msgs/local/lib/python3.10/dist-packages/cs7630_msgs/__init__.py
[1.417s] -- Up-to-date: /home/GTL/apaul/ros2_hw1/install/cs7630_msgs/local/lib/python3.10/dist-packages/cs7630_msgs/_cs7630_msgs_s.ep.rosidl_typesupport_introspection_c.c
[1.446s] Listing '/home/GTL/apaul/ros2_hw1/install/cs7630_msgs/local/lib/python3.10/dist-packages/cs7630_msgs'...
[1.446s] Listing '/home/GTL/apaul/ros2_hw1/install/cs7630_msgs/local/lib/python3.10/dist-packages/cs7630_msgs/msg'...
[1.452s] -- Up-to-date: /home/GTL/apaul/ros2_hw1/install/cs7630_msgs/local/lib/python3.10/dist-packages/cs7630_msgs/cs7630_msgs_s__rosidl_typesupport_fastrtps_c.cpython-310-x86_64-linux-gnu.so
[1.457s] -- Up-to-date: /home/GTL/apaul/ros2_hw1/install/cs7630_msgs/local/lib/python3.10/dist-packages/cs7630_msgs/cs7630_msgs_s__rosidl_typesupport_introspection_c.cpython-310-x86_64-linux-gnu.so
[1.462s] -- Up-to-date: /home/GTL/apaul/ros2_hw1/install/cs7630_msgs/local/lib/python3.10/dist-packages/cs7630_msgs/cs7630_msgs_s__rosidl_typesupport_c.cpython-310-x86_64-linux-gnu.so
[1.472s] -- Up-to-date: /home/GTL/apaul/ros2_hw1/install/cs7630_msgs/lib/libcs7630_msgs__rosidl_generator_py.so
[1.472s] -- Up-to-date: /home/GTL/apaul/ros2_hw1/install/cs7630_msgs/share/cs7630_msgs/msg/ROIArray.idl
[1.472s] -- Up-to-date: /home/GTL/apaul/ros2_hw1/install/cs7630_msgs/share/cs7630_msgs/msg/Trajectory.idl
[1.472s] -- Up-to-date: /home/GTL/apaul/ros2_hw1/install/cs7630_msgs/share/cs7630_msgs/msg/TrajectoryElement.idl
[1.472s] -- Up-to-date: /home/GTL/apaul/ros2_hw1/install/cs7630_msgs/share/cs7630_msgs/msg/ROIArray.msg
[1.472s] -- Up-to-date: /home/GTL/apaul/ros2_hw1/install/cs7630_msgs/share/cs7630_msgs/msg/Trajectory.msg
[1.472s] -- Up-to-date: /home/GTL/apaul/ros2_hw1/install/cs7630_msgs/share/cs7630_msgs/msg/TrajectoryElement.msg
[1.473s] -- Up-to-date: /home/GTL/apaul/ros2_hw1/install/cs7630_msgs/share/ament_index/resource_index/package_run_dependencies/cs7630_msgs
[1.473s] -- Up-to-date: /home/GTL/apaul/ros2_hw1/install/cs7630_msgs/share/ament_index/resource_index/parent_prefix_path/cs7630_msgs
[1.473s] -- Up-to-date: /home/GTL/apaul/ros2_hw1/install/cs7630_msgs/share/cs7630_msgs/environment/ament_prefix_path.sh
[1.474s] -- Up-to-date: /home/GTL/apaul/ros2_hw1/install/cs7630_msgs/share/cs7630_msgs/environment/ament_prefix_path.dsv
[1.475s] -- Up-to-date: /home/GTL/apaul/ros2_hw1/install/cs7630_msgs/share/cs7630_msgs/environment/path.sh
[1.475s] -- Up-to-date: /home/GTL/apaul/ros2_hw1/install/cs7630_msgs/share/cs7630_msgs/environment/path.dsv
[1.475s] -- Up-to-date: /home/GTL/apaul/ros2_hw1/install/cs7630_msgs/share/cs7630_msgs/local_setup.bash
[1.475s] -- Up-to-date: /home/GTL/apaul/ros2_hw1/install/cs7630_msgs/share/cs7630_msgs/local_setup.sh
[1.476s] -- Up-to-date: /home/GTL/apaul/ros2_hw1/install/cs7630_msgs/share/cs7630_msgs/local_setup.zsh
[1.476s] -- Up-to-date: /home/GTL/apaul/ros2_hw1/install/cs7630_msgs/share/cs7630_msgs/local_setup.dsv
[1.477s] -- Installing: /home/GTL/apaul/ros2_hw1/install/cs7630_msgs/share/cs7630_msgs/package.dsv
[1.482s] -- Up-to-date: /home/GTL/apaul/ros2_hw1/install/cs7630_msgs/share/ament_index/resource_index/packages/cs7630_msgs
[1.482s] -- Up-to-date: /home/GTL/apaul/ros2_hw1/install/cs7630_msgs/share/cs7630_msgs/cmake/export_cs7630_msgs__rosidl_generator_cExport.cmake
[1.483s] -- Up-to-date: /home/GTL/apaul/ros2_hw1/install/cs7630_msgs/share/cs7630_msgs/cmake/export_cs7630_msgs__rosidl_generator_cExport-noconfig.cmake
[1.484s] -- Up-to-date: /home/GTL/apaul/ros2_hw1/install/cs7630_msgs/share/cs7630_msgs/cmake/export_cs7630_msgs__rosidl_typesupport_fastrtps_cExport.cmake
[1.484s] -- Up-to-date: /home/GTL/apaul/ros2_hw1/install/cs7630_msgs/share/cs7630_msgs/cmake/export_cs7630_msgs__rosidl_typesupport_fastrtps_cExport-noconfig.cmake
[1.486s] -- Up-to-date: /home/GTL/apaul/ros2_hw1/install/cs7630_msgs/share/cs7630_msgs/cmake/export_cs7630_msgs__rosidl_generator_cppExport.cmake
[1.487s] -- Up-to-date: /home/GTL/apaul/ros2_hw1/install/cs7630_msgs/share/cs7630_msgs/cmake/export_cs7630_msgs__rosidl_typesupport_fastrtps_cppExport.cmake
[1.487s] -- Up-to-date: /home/GTL/apaul/ros2_hw1/install/cs7630_msgs/share/cs7630_msgs/cmake/export_cs7630_msgs__rosidl_typesupport_fastrtps_cppExport-noconfig.cmake
[1.488s] -- Up-to-date: /home/GTL/apaul/ros2_hw1/install/cs7630_msgs/share/cs7630_msgs/cmake/cs7630_msgs__rosidl_typesupport_introspection_cExport.cmake
[1.489s] -- Up-to-date: /home/GTL/apaul/ros2_hw1/install/cs7630_msgs/share/cs7630_msgs/cmake/cs7630_msgs__rosidl_typesupport_introspection_cExport-noconfig.cmake
[1.491s] -- Up-to-date: /home/GTL/apaul/ros2_hw1/install/cs7630_msgs/share/cs7630_msgs/cmake/cs7630_msgs__rosidl_typesupport_cExport.cmake
[1.491s] -- Up-to-date: /home/GTL/apaul/ros2_hw1/install/cs7630_msgs/share/cs7630_msgs/cmake/cs7630_msgs__rosidl_typesupport_cExport-noconfig.cmake
[1.492s] -- Up-to-date: /home/GTL/apaul/ros2_hw1/install/cs7630_msgs/share/cs7630_msgs/cmake/cs7630_msgs__rosidl_typesupport_introspection_cppExport.cmake
[1.492s] -- Up-to-date: /home/GTL/apaul/ros2_hw1/install/cs7630_msgs/share/cs7630_msgs/cmake/cs7630_msgs__rosidl_typesupport_introspection_cppExport-noconfig.cmake
[1.493s] -- Up-to-date: /home/GTL/apaul/ros2_hw1/install/cs7630_msgs/share/cs7630_msgs/cmake/cs7630_msgs__rosidl_typesupport_cppExport.cmake
[1.494s] -- Up-to-date: /home/GTL/apaul/ros2_hw1/install/cs7630_msgs/share/cs7630_msgs/cmake/cs7630_msgs__rosidl_typesupport_cppExport-noconfig.cmake
[1.495s] -- Up-to-date: /home/GTL/apaul/ros2_hw1/install/cs7630_msgs/share/cs7630_msgs/cmake/export_cs7630_msgs__rosidl_generator_pyExport.cmake
[1.496s] -- Up-to-date: /home/GTL/apaul/ros2_hw1/install/cs7630_msgs/share/cs7630_msgs/cmake/export_cs7630_msgs__rosidl_generator_pyExport-noconfig.cmake
[1.497s] -- Up-to-date: /home/GTL/apaul/ros2_hw1/install/cs7630_msgs/share/cs7630_msgs/cmake/rosidl_cmake-extras.cmake
[1.497s] -- Up-to-date: /home/GTL/apaul/ros2_hw1/install/cs7630_msgs/share/cs7630_msgs/cmake/ament_cmake_export_dependencies-extras.cmake
[1.497s] -- Up-to-date: /home/GTL/apaul/ros2_hw1/install/cs7630_msgs/share/cs7630_msgs/cmake/ament_cmake_export_include_directories-extras.cmake
[1.498s] -- Up-to-date: /home/GTL/apaul/ros2_hw1/install/cs7630_msgs/share/cs7630_msgs/cmake/ament_cmake_export_libraries-extras.cmake
[1.498s] -- Up-to-date: /home/GTL/apaul/ros2_hw1/install/cs7630_msgs/share/cs7630_msgs/cmake/ament_cmake_export_targets-extras.cmake
[1.498s] -- Up-to-date: /home/GTL/apaul/ros2_hw1/install/cs7630_msgs/share/cs7630_msgs/cmake/rosidl_cmake_export_typesupport_targets-extras.cmake
[1.499s] -- Up-to-date: /home/GTL/apaul/ros2_hw1/install/cs7630_msgs/share/cs7630_msgs/cmake/rosidl_cmake_export_typesupport_libraries-extras.cmake
[1.499s] -- Up-to-date: /home/GTL/apaul/ros2_hw1/install/cs7630_msgs/share/cs7630_msgs/cmake/cs7630_msgsConfig.cmake
[1.500s] -- Up-to-date: /home/GTL/apaul/ros2_hw1/install/cs7630_msgs/share/cs7630_msgs/cmake/cs7630_msgsConfig-version.cmake
[1.500s] -- Up-to-date: /home/GTL/apaul/ros2_hw1/install/cs7630_msgs/share/cs7630_msgs/package.xml
[1.620s] Invoked command in '/home/GTL/apaul/ros2_hw1/build/cs7630_msgs' returned '0': CMAKE_PREFIX_PATH=/opt/ros/humble /usr/bin/cmake --install /home/GTL/apaul/ros2_hw1/build/cs7630_msgs
