[1.442s] Invoking command in '/home/GTL/apaul/ros2_hw1/src/ar_mapping_base': PYTHONPATH=/home/GTL/apaul/ros2_hw1/build/ar_mapping_base/prefix_override:/usr/lib/python3/dist-packages/colcon_core/task/python/colcon_distutils_commands:/home/GTL/apaul/ros2_hw1/install/ar_mapping_base/lib/python3.10/site-packages:${PYTHONPATH} /usr/bin/python3 -W ignore:setup.py install is deprecated setup.py egg_info --egg-base ../../build/ar_mapping_base build --build-base /home/GTL/apaul/ros2_hw1/build/ar_mapping_base/build install --record /home/GTL/apaul/ros2_hw1/build/ar_mapping_base/install.log --single-version-externally-managed install_data
[1.621s] running egg_info
[1.622s] writing ../../build/ar_mapping_base/ar_mapping_base.egg-info/PKG-INFO
[1.624s] writing dependency_links to ../../build/ar_mapping_base/ar_mapping_base.egg-info/dependency_links.txt
[1.625s] writing entry points to ../../build/ar_mapping_base/ar_mapping_base.egg-info/entry_points.txt
[1.626s] writing requirements to ../../build/ar_mapping_base/ar_mapping_base.egg-info/requires.txt
[1.627s] writing top-level names to ../../build/ar_mapping_base/ar_mapping_base.egg-info/top_level.txt
[1.633s] reading manifest file '../../build/ar_mapping_base/ar_mapping_base.egg-info/SOURCES.txt'
[1.635s] writing manifest file '../../build/ar_mapping_base/ar_mapping_base.egg-info/SOURCES.txt'
[1.636s] running build
[1.636s] running build_py
[1.637s] running install
[1.638s] running install_lib
[1.640s] running install_data
[1.641s] running install_egg_info
[1.643s] removing '/home/GTL/apaul/ros2_hw1/install/ar_mapping_base/lib/python3.10/site-packages/ar_mapping_base-0.0.0-py3.10.egg-info' (and everything under it)
[1.645s] Copying ../../build/ar_mapping_base/ar_mapping_base.egg-info to /home/GTL/apaul/ros2_hw1/install/ar_mapping_base/lib/python3.10/site-packages/ar_mapping_base-0.0.0-py3.10.egg-info
[1.661s] running install_scripts
[1.676s] Installing ar_mapping_node script to /home/GTL/apaul/ros2_hw1/install/ar_mapping_base/lib/ar_mapping_base
[1.678s] writing list of installed files to '/home/GTL/apaul/ros2_hw1/build/ar_mapping_base/install.log'
[1.715s] Invoked command in '/home/GTL/apaul/ros2_hw1/src/ar_mapping_base' returned '0': PYTHONPATH=/home/GTL/apaul/ros2_hw1/build/ar_mapping_base/prefix_override:/usr/lib/python3/dist-packages/colcon_core/task/python/colcon_distutils_commands:/home/GTL/apaul/ros2_hw1/install/ar_mapping_base/lib/python3.10/site-packages:${PYTHONPATH} /usr/bin/python3 -W ignore:setup.py install is deprecated setup.py egg_info --egg-base ../../build/ar_mapping_base build --build-base /home/GTL/apaul/ros2_hw1/build/ar_mapping_base/build install --record /home/GTL/apaul/ros2_hw1/build/ar_mapping_base/install.log --single-version-externally-managed install_data
