[0.000000] (-) TimerEvent: {}
[0.000200] (-) JobUnselected: {'identifier': 'ar_loc_base'}
[0.000225] (-) JobUnselected: {'identifier': 'ar_mapping_base'}
[0.000235] (-) JobUnselected: {'identifier': 'ar_slam_base'}
[0.000244] (-) JobUnselected: {'identifier': 'button_server'}
[0.000253] (-) JobUnselected: {'identifier': 'collision_avoidance_base'}
[0.000261] (-) JobUnselected: {'identifier': 'cs7630_msgs'}
[0.000269] (-) JobUnselected: {'identifier': 'face_detect_base'}
[0.000278] (-) JobUnselected: {'identifier': 'face_msg'}
[0.000286] (-) JobUnselected: {'identifier': 'final_project'}
[0.000294] (-) JobUnselected: {'identifier': 'floor_nav'}
[0.000302] (-) JobUnselected: {'identifier': 'joy_pack'}
[0.000310] (-) JobUnselected: {'identifier': 'keyboard_teleop'}
[0.000318] (-) JobUnselected: {'identifier': 'obstacle_avoidance_base'}
[0.000326] (-) JobUnselected: {'identifier': 'occgrid_planner'}
[0.000334] (-) JobUnselected: {'identifier': 'rover_driver_base'}
[0.000342] (-) JobUnselected: {'identifier': 'task_manager_client_py'}
[0.000350] (-) JobUnselected: {'identifier': 'task_manager_lib'}
[0.000359] (-) JobUnselected: {'identifier': 'task_manager_msgs'}
[0.000367] (-) JobUnselected: {'identifier': 'task_manager_nav2'}
[0.000375] (-) JobUnselected: {'identifier': 'task_manager_sync'}
[0.000383] (-) JobUnselected: {'identifier': 'turtlebot_launch'}
[0.000391] (-) JobUnselected: {'identifier': 'vrep4_helpers'}
[0.000399] (-) JobUnselected: {'identifier': 'vrep_ros_teleop'}
[0.000407] (-) JobUnselected: {'identifier': 'wifi_map_base'}
[0.000415] (-) JobUnselected: {'identifier': 'wpa_cli_msgs'}
[0.000425] (occgrid_planner_base) JobQueued: {'identifier': 'occgrid_planner_base', 'dependencies': OrderedDict([('cs7630_msgs', '/home/GTL/apaul/ros2_hw1/install/cs7630_msgs')])}
[0.000438] (occgrid_planner_base) JobStarted: {'identifier': 'occgrid_planner_base'}
[0.026711] (occgrid_planner_base) JobProgress: {'identifier': 'occgrid_planner_base', 'progress': 'cmake'}
[0.030239] (occgrid_planner_base) JobProgress: {'identifier': 'occgrid_planner_base', 'progress': 'build'}
[0.031020] (occgrid_planner_base) Command: {'cmd': ['/usr/bin/cmake', '--build', '/home/GTL/apaul/ros2_hw1/build/occgrid_planner_base', '--', '-j16', '-l16'], 'cwd': '/home/GTL/apaul/ros2_hw1/build/occgrid_planner_base', 'env': OrderedDict([('USER', 'apaul'), ('XDG_SESSION_TYPE', 'x11'), ('SHLVL', '1'), ('LD_LIBRARY_PATH', '/home/GTL/apaul/ros2_hw1/install/cs7630_msgs/lib:/home/GTL/apaul/ros2_hw1/install/wpa_cli_msgs/lib:/home/GTL/apaul/ros2_hw1/install/task_manager_sync/lib:/home/GTL/apaul/ros2_hw1/install/task_manager_lib/lib:/home/GTL/apaul/ros2_hw1/install/task_manager_msgs/lib:/home/GTL/apaul/ros2_hw1/install/face_msg/lib:/usr/lib/x86_64-linux-gnu/gazebo-11/plugins:/opt/ros/humble/opt/rviz_ogre_vendor/lib:/opt/ros/humble/lib/x86_64-linux-gnu:/opt/ros/humble/lib'), ('HOME', '/home/GTL/apaul'), ('CYCLONEDDS_URI', '/cs-share/pradalier/gtlpc_cyclonedds.xml'), ('OLDPWD', '/home/GTL/apaul'), ('DESKTOP_SESSION', 'ubuntu'), ('ROS_PYTHON_VERSION', '3'), ('GNOME_SHELL_SESSION_MODE', 'ubuntu'), ('GTK_MODULES', 'gail:atk-bridge'), ('MANAGERPID', '2455'), ('SYSTEMD_EXEC_PID', '2795'), ('DBUS_SESSION_BUS_ADDRESS', 'unix:path=/run/user/37726/bus'), ('COLORTERM', 'truecolor'), ('TERMINATOR_DBUS_NAME', 'net.tenshu.Terminator23558193cd9818af7fe4d2c2f5bd9d00f'), ('GIO_LAUNCHED_DESKTOP_FILE_PID', '5090'), ('COLCON_PREFIX_PATH', '/home/GTL/apaul/ros2_hw1/install'), ('ROS_DISTRO', 'humble'), ('GTK_IM_MODULE', 'ibus'), ('LOGNAME', 'apaul'), ('JOURNAL_STREAM', '8:25449'), ('_', '/usr/bin/colcon'), ('ROS_VERSION', '2'), ('XDG_SESSION_CLASS', 'user'), ('USERNAME', 'apaul'), ('TERM', 'xterm-256color'), ('GNOME_DESKTOP_SESSION_ID', 'this-is-deprecated'), ('ROS_LOCALHOST_ONLY', '0'), ('WINDOWPATH', '2'), ('PATH', '/opt/ros/humble/bin:/usr/local/sbin:/usr/local/bin:/usr/sbin:/usr/bin:/sbin:/bin:/usr/games:/usr/local/games:/snap/bin:/snap/bin'), ('SESSION_MANAGER', 'local/gtlpc102.georgiatech-metz.fr:@/tmp/.ICE-unix/2636,unix/gtlpc102.georgiatech-metz.fr:/tmp/.ICE-unix/2636'), ('INVOCATION_ID', 'c5192aa7cf5d441f858d35f6f08bc4ba'), ('XDG_MENU_PREFIX', 'gnome-'), ('XDG_RUNTIME_DIR', '/run/user/37726'), ('DISPLAY', ':1'), ('TERMINATOR_DBUS_PATH', '/net/tenshu/Terminator2'), ('LANG', 'en_US.UTF-8'), ('XDG_CURRENT_DESKTOP', 'ubuntu:GNOME'), ('IBUS_DISABLE_SNOOPER', '1'), ('RMW_IMPLEMENTATION', 'rmw_cyclonedds_cpp'), ('XMODIFIERS', '@im=ibus'), ('XDG_SESSION_DESKTOP', 'ubuntu'), ('XAUTHORITY', '/run/user/37726/gdm/Xauthority'), ('SSH_AGENT_LAUNCHER', 'gnome-keyring'), ('SSH_AUTH_SOCK', '/run/user/37726/keyring/ssh'), ('ROS_DOMAIN_ID', '152'), ('AMENT_PREFIX_PATH', '/home/GTL/apaul/ros2_hw1/install/wifi_map_base:/home/GTL/apaul/ros2_hw1/install/vrep_ros_teleop:/home/GTL/apaul/ros2_hw1/install/task_manager_sync:/home/GTL/apaul/ros2_hw1/install/floor_nav:/home/GTL/apaul/ros2_hw1/install/task_manager_nav2:/home/GTL/apaul/ros2_hw1/install/task_manager_lib:/home/GTL/apaul/ros2_hw1/install/task_manager_client_py:/home/GTL/apaul/ros2_hw1/install/task_manager_msgs:/home/GTL/apaul/ros2_hw1/install/ar_slam_base:/home/GTL/apaul/ros2_hw1/install/ar_loc_base:/home/GTL/apaul/ros2_hw1/install/rover_driver_base:/home/GTL/apaul/ros2_hw1/install/occgrid_planner_base:/home/GTL/apaul/ros2_hw1/install/occgrid_planner:/home/GTL/apaul/ros2_hw1/install/obstacle_avoidance_base:/home/GTL/apaul/ros2_hw1/install/keyboard_teleop:/home/GTL/apaul/ros2_hw1/install/joy_pack:/home/GTL/apaul/ros2_hw1/install/face_detect_base:/home/GTL/apaul/ros2_hw1/install/collision_avoidance_base:/home/GTL/apaul/ros2_hw1/install/button_server:/home/GTL/apaul/ros2_hw1/install/ar_mapping_base:/opt/ros/humble'), ('SHELL', '/bin/bash'), ('TERMINATOR_UUID', 'urn:uuid:9610aacc-ff65-48bf-9883-d615ec1d32b5'), ('KRB5CCNAME', 'FILE:/tmp/krb5cc_37726'), ('QT_ACCESSIBILITY', '1'), ('GDMSESSION', 'ubuntu'), ('GPG_AGENT_INFO', '/run/user/37726/gnupg/S.gpg-agent:0:1'), ('QT_IM_MODULE', 'ibus'), ('PWD', '/home/GTL/apaul/ros2_hw1/build/occgrid_planner_base'), ('XDG_CONFIG_DIRS', '/etc/xdg/xdg-ubuntu:/etc/xdg'), ('XDG_DATA_DIRS', '/usr/share/ubuntu:/usr/share/gnome:/usr/local/share/:/usr/share/:/var/lib/snapd/desktop'), ('PYTHONPATH', '/home/GTL/apaul/ros2_hw1/install/vrep_ros_teleop/lib/python3.10/site-packages:/home/GTL/apaul/ros2_hw1/install/task_manager_client_py/lib/python3.10/site-packages:/home/GTL/apaul/ros2_hw1/install/task_manager_msgs/local/lib/python3.10/dist-packages:/home/GTL/apaul/ros2_hw1/install/ar_slam_base/lib/python3.10/site-packages:/home/GTL/apaul/ros2_hw1/install/ar_loc_base/lib/python3.10/site-packages:/home/GTL/apaul/ros2_hw1/install/rover_driver_base/lib/python3.10/site-packages:/home/GTL/apaul/ros2_hw1/install/keyboard_teleop/lib/python3.10/site-packages:/home/GTL/apaul/ros2_hw1/install/face_detect_base/lib/python3.10/site-packages:/home/GTL/apaul/ros2_hw1/install/button_server/lib/python3.10/site-packages:/home/GTL/apaul/ros2_hw1/install/ar_mapping_base/lib/python3.10/site-packages:/opt/ros/humble/lib/python3.10/site-packages:/opt/ros/humble/local/lib/python3.10/dist-packages'), ('COLCON', '1'), ('VTE_VERSION', '6800'), ('CMAKE_PREFIX_PATH', '/home/GTL/apaul/ros2_hw1/install/cs7630_msgs:/home/GTL/apaul/ros2_hw1/install/wifi_map_base:/home/GTL/apaul/ros2_hw1/install/wpa_cli_msgs:/home/GTL/apaul/ros2_hw1/install/vrep4_helpers:/home/GTL/apaul/ros2_hw1/install/turtlebot_launch:/home/GTL/apaul/ros2_hw1/install/task_manager_sync:/home/GTL/apaul/ros2_hw1/install/floor_nav:/home/GTL/apaul/ros2_hw1/install/task_manager_nav2:/home/GTL/apaul/ros2_hw1/install/task_manager_lib:/home/GTL/apaul/ros2_hw1/install/occgrid_planner_base:/home/GTL/apaul/ros2_hw1/install/occgrid_planner:/home/GTL/apaul/ros2_hw1/install/obstacle_avoidance_base:/home/GTL/apaul/ros2_hw1/install/joy_pack:/home/GTL/apaul/ros2_hw1/install/face_msg:/home/GTL/apaul/ros2_hw1/install/collision_avoidance_base:/home/GTL/apaul/ros2_hw1/install/vrep_ros_teleop:/home/GTL/apaul/ros2_hw1/install/task_manager_client_py:/home/GTL/apaul/ros2_hw1/install/task_manager_msgs:/home/GTL/apaul/ros2_hw1/install/ar_slam_base:/home/GTL/apaul/ros2_hw1/install/ar_loc_base:/home/GTL/apaul/ros2_hw1/install/rover_driver_base:/home/GTL/apaul/ros2_hw1/install/keyboard_teleop:/home/GTL/apaul/ros2_hw1/install/face_detect_base:/home/GTL/apaul/ros2_hw1/install/button_server:/home/GTL/apaul/ros2_hw1/install/ar_mapping_base:/opt/ros/humble')]), 'shell': False}
[0.088700] (occgrid_planner_base) StdoutLine: {'line': b'\x1b[35m\x1b[1mConsolidate compiler generated dependencies of target occgrid_planner_base\x1b[0m\n'}
[0.099095] (-) TimerEvent: {}
[0.106593] (occgrid_planner_base) StdoutLine: {'line': b'[ 66%] Built target path_follower_base\n'}
[0.106740] (occgrid_planner_base) StdoutLine: {'line': b'[ 66%] Built target path_optimizer_base\n'}
[0.199208] (-) TimerEvent: {}
[0.299448] (-) TimerEvent: {}
[0.399715] (-) TimerEvent: {}
[0.499975] (-) TimerEvent: {}
[0.542183] (occgrid_planner_base) StdoutLine: {'line': b'[ 83%] \x1b[32mBuilding CXX object CMakeFiles/occgrid_planner_base.dir/src/occgrid_planner.cpp.o\x1b[0m\n'}
[0.600063] (-) TimerEvent: {}
[0.700324] (-) TimerEvent: {}
[0.800583] (-) TimerEvent: {}
[0.900805] (-) TimerEvent: {}
[1.001021] (-) TimerEvent: {}
[1.101241] (-) TimerEvent: {}
[1.201490] (-) TimerEvent: {}
[1.301749] (-) TimerEvent: {}
[1.401996] (-) TimerEvent: {}
[1.502254] (-) TimerEvent: {}
[1.602512] (-) TimerEvent: {}
[1.702742] (-) TimerEvent: {}
[1.802978] (-) TimerEvent: {}
[1.903224] (-) TimerEvent: {}
[2.003467] (-) TimerEvent: {}
[2.103691] (-) TimerEvent: {}
[2.203939] (-) TimerEvent: {}
[2.304160] (-) TimerEvent: {}
[2.404432] (-) TimerEvent: {}
[2.504683] (-) TimerEvent: {}
[2.604934] (-) TimerEvent: {}
[2.705200] (-) TimerEvent: {}
[2.805483] (-) TimerEvent: {}
[2.905743] (-) TimerEvent: {}
[3.006000] (-) TimerEvent: {}
[3.106251] (-) TimerEvent: {}
[3.206513] (-) TimerEvent: {}
[3.306781] (-) TimerEvent: {}
[3.407052] (-) TimerEvent: {}
[3.507322] (-) TimerEvent: {}
[3.607581] (-) TimerEvent: {}
[3.707884] (-) TimerEvent: {}
[3.808133] (-) TimerEvent: {}
[3.908359] (-) TimerEvent: {}
[4.008588] (-) TimerEvent: {}
[4.108816] (-) TimerEvent: {}
[4.209067] (-) TimerEvent: {}
[4.309364] (-) TimerEvent: {}
[4.409613] (-) TimerEvent: {}
[4.509832] (-) TimerEvent: {}
[4.610087] (-) TimerEvent: {}
[4.710341] (-) TimerEvent: {}
[4.810570] (-) TimerEvent: {}
[4.910811] (-) TimerEvent: {}
[5.011054] (-) TimerEvent: {}
[5.111301] (-) TimerEvent: {}
[5.211540] (-) TimerEvent: {}
[5.311771] (-) TimerEvent: {}
[5.411987] (-) TimerEvent: {}
[5.512225] (-) TimerEvent: {}
[5.612482] (-) TimerEvent: {}
[5.712750] (-) TimerEvent: {}
[5.813010] (-) TimerEvent: {}
[5.913268] (-) TimerEvent: {}
[6.013521] (-) TimerEvent: {}
[6.113779] (-) TimerEvent: {}
[6.214040] (-) TimerEvent: {}
[6.314315] (-) TimerEvent: {}
[6.414551] (-) TimerEvent: {}
[6.514818] (-) TimerEvent: {}
[6.615037] (-) TimerEvent: {}
[6.715281] (-) TimerEvent: {}
[6.815491] (-) TimerEvent: {}
[6.915712] (-) TimerEvent: {}
[7.015965] (-) TimerEvent: {}
[7.116205] (-) TimerEvent: {}
[7.216446] (-) TimerEvent: {}
[7.316684] (-) TimerEvent: {}
[7.416910] (-) TimerEvent: {}
[7.517160] (-) TimerEvent: {}
[7.617402] (-) TimerEvent: {}
[7.717635] (-) TimerEvent: {}
[7.817850] (-) TimerEvent: {}
[7.918069] (-) TimerEvent: {}
[8.018351] (-) TimerEvent: {}
[8.118568] (-) TimerEvent: {}
[8.218803] (-) TimerEvent: {}
[8.319053] (-) TimerEvent: {}
[8.419296] (-) TimerEvent: {}
[8.519545] (-) TimerEvent: {}
[8.619807] (-) TimerEvent: {}
[8.720074] (-) TimerEvent: {}
[8.820336] (-) TimerEvent: {}
[8.920618] (-) TimerEvent: {}
[9.020832] (-) TimerEvent: {}
[9.121110] (-) TimerEvent: {}
[9.221390] (-) TimerEvent: {}
[9.321647] (-) TimerEvent: {}
[9.421857] (-) TimerEvent: {}
[9.522080] (-) TimerEvent: {}
[9.622325] (-) TimerEvent: {}
[9.722548] (-) TimerEvent: {}
[9.822797] (-) TimerEvent: {}
[9.923019] (-) TimerEvent: {}
[10.023248] (-) TimerEvent: {}
[10.123509] (-) TimerEvent: {}
[10.223783] (-) TimerEvent: {}
[10.324030] (-) TimerEvent: {}
[10.424274] (-) TimerEvent: {}
[10.524524] (-) TimerEvent: {}
[10.624768] (-) TimerEvent: {}
[10.725034] (-) TimerEvent: {}
[10.825280] (-) TimerEvent: {}
[10.925506] (-) TimerEvent: {}
[11.025768] (-) TimerEvent: {}
[11.126038] (-) TimerEvent: {}
[11.226312] (-) TimerEvent: {}
[11.326530] (-) TimerEvent: {}
[11.426764] (-) TimerEvent: {}
[11.526998] (-) TimerEvent: {}
[11.627235] (-) TimerEvent: {}
[11.727456] (-) TimerEvent: {}
[11.827694] (-) TimerEvent: {}
[11.927942] (-) TimerEvent: {}
[12.028205] (-) TimerEvent: {}
[12.128440] (-) TimerEvent: {}
[12.228692] (-) TimerEvent: {}
[12.328924] (-) TimerEvent: {}
[12.429175] (-) TimerEvent: {}
[12.529399] (-) TimerEvent: {}
[12.629614] (-) TimerEvent: {}
[12.729826] (-) TimerEvent: {}
[12.830064] (-) TimerEvent: {}
[12.930327] (-) TimerEvent: {}
[13.030538] (-) TimerEvent: {}
[13.130764] (-) TimerEvent: {}
[13.231005] (-) TimerEvent: {}
[13.331252] (-) TimerEvent: {}
[13.431483] (-) TimerEvent: {}
[13.531713] (-) TimerEvent: {}
[13.631956] (-) TimerEvent: {}
[13.732204] (-) TimerEvent: {}
[13.832466] (-) TimerEvent: {}
[13.932708] (-) TimerEvent: {}
[14.032947] (-) TimerEvent: {}
[14.133218] (-) TimerEvent: {}
[14.233458] (-) TimerEvent: {}
[14.333727] (-) TimerEvent: {}
[14.433967] (-) TimerEvent: {}
[14.534183] (-) TimerEvent: {}
[14.634420] (-) TimerEvent: {}
[14.734639] (-) TimerEvent: {}
[14.834880] (-) TimerEvent: {}
[14.935121] (-) TimerEvent: {}
[15.035356] (-) TimerEvent: {}
[15.135570] (-) TimerEvent: {}
[15.235802] (-) TimerEvent: {}
[15.336033] (-) TimerEvent: {}
[15.436261] (-) TimerEvent: {}
[15.536545] (-) TimerEvent: {}
[15.636816] (-) TimerEvent: {}
[15.737168] (-) TimerEvent: {}
[15.837707] (-) TimerEvent: {}
[15.938231] (-) TimerEvent: {}
[16.038778] (-) TimerEvent: {}
[16.139374] (-) TimerEvent: {}
[16.239981] (-) TimerEvent: {}
[16.340617] (-) TimerEvent: {}
[16.441147] (-) TimerEvent: {}
[16.541668] (-) TimerEvent: {}
[16.642251] (-) TimerEvent: {}
[16.742823] (-) TimerEvent: {}
[16.843408] (-) TimerEvent: {}
[16.943949] (-) TimerEvent: {}
[17.044486] (-) TimerEvent: {}
[17.145064] (-) TimerEvent: {}
[17.245578] (-) TimerEvent: {}
[17.345986] (-) TimerEvent: {}
[17.446281] (-) TimerEvent: {}
[17.546538] (-) TimerEvent: {}
[17.646773] (-) TimerEvent: {}
[17.746995] (-) TimerEvent: {}
[17.847251] (-) TimerEvent: {}
[17.947514] (-) TimerEvent: {}
[18.047781] (-) TimerEvent: {}
[18.148067] (-) TimerEvent: {}
[18.248361] (-) TimerEvent: {}
[18.348608] (-) TimerEvent: {}
[18.448861] (-) TimerEvent: {}
[18.549117] (-) TimerEvent: {}
[18.649369] (-) TimerEvent: {}
[18.702623] (occgrid_planner_base) StdoutLine: {'line': b'[100%] \x1b[32m\x1b[1mLinking CXX executable occgrid_planner_base\x1b[0m\n'}
[18.749497] (-) TimerEvent: {}
[18.849750] (-) TimerEvent: {}
[18.950034] (-) TimerEvent: {}
[19.050299] (-) TimerEvent: {}
[19.150547] (-) TimerEvent: {}
[19.250778] (-) TimerEvent: {}
[19.351001] (-) TimerEvent: {}
[19.451223] (-) TimerEvent: {}
[19.551482] (-) TimerEvent: {}
[19.651730] (-) TimerEvent: {}
[19.751991] (-) TimerEvent: {}
[19.822951] (occgrid_planner_base) StdoutLine: {'line': b'[100%] Built target occgrid_planner_base\n'}
[19.833005] (occgrid_planner_base) CommandEnded: {'returncode': 0}
[19.852063] (-) TimerEvent: {}
[19.855642] (occgrid_planner_base) JobProgress: {'identifier': 'occgrid_planner_base', 'progress': 'install'}
[19.861872] (occgrid_planner_base) Command: {'cmd': ['/usr/bin/cmake', '--install', '/home/GTL/apaul/ros2_hw1/build/occgrid_planner_base'], 'cwd': '/home/GTL/apaul/ros2_hw1/build/occgrid_planner_base', 'env': OrderedDict([('USER', 'apaul'), ('XDG_SESSION_TYPE', 'x11'), ('SHLVL', '1'), ('LD_LIBRARY_PATH', '/home/GTL/apaul/ros2_hw1/install/cs7630_msgs/lib:/home/GTL/apaul/ros2_hw1/install/wpa_cli_msgs/lib:/home/GTL/apaul/ros2_hw1/install/task_manager_sync/lib:/home/GTL/apaul/ros2_hw1/install/task_manager_lib/lib:/home/GTL/apaul/ros2_hw1/install/task_manager_msgs/lib:/home/GTL/apaul/ros2_hw1/install/face_msg/lib:/usr/lib/x86_64-linux-gnu/gazebo-11/plugins:/opt/ros/humble/opt/rviz_ogre_vendor/lib:/opt/ros/humble/lib/x86_64-linux-gnu:/opt/ros/humble/lib'), ('HOME', '/home/GTL/apaul'), ('CYCLONEDDS_URI', '/cs-share/pradalier/gtlpc_cyclonedds.xml'), ('OLDPWD', '/home/GTL/apaul'), ('DESKTOP_SESSION', 'ubuntu'), ('ROS_PYTHON_VERSION', '3'), ('GNOME_SHELL_SESSION_MODE', 'ubuntu'), ('GTK_MODULES', 'gail:atk-bridge'), ('MANAGERPID', '2455'), ('SYSTEMD_EXEC_PID', '2795'), ('DBUS_SESSION_BUS_ADDRESS', 'unix:path=/run/user/37726/bus'), ('COLORTERM', 'truecolor'), ('TERMINATOR_DBUS_NAME', 'net.tenshu.Terminator23558193cd9818af7fe4d2c2f5bd9d00f'), ('GIO_LAUNCHED_DESKTOP_FILE_PID', '5090'), ('COLCON_PREFIX_PATH', '/home/GTL/apaul/ros2_hw1/install'), ('ROS_DISTRO', 'humble'), ('GTK_IM_MODULE', 'ibus'), ('LOGNAME', 'apaul'), ('JOURNAL_STREAM', '8:25449'), ('_', '/usr/bin/colcon'), ('ROS_VERSION', '2'), ('XDG_SESSION_CLASS', 'user'), ('USERNAME', 'apaul'), ('TERM', 'xterm-256color'), ('GNOME_DESKTOP_SESSION_ID', 'this-is-deprecated'), ('ROS_LOCALHOST_ONLY', '0'), ('WINDOWPATH', '2'), ('PATH', '/opt/ros/humble/bin:/usr/local/sbin:/usr/local/bin:/usr/sbin:/usr/bin:/sbin:/bin:/usr/games:/usr/local/games:/snap/bin:/snap/bin'), ('SESSION_MANAGER', 'local/gtlpc102.georgiatech-metz.fr:@/tmp/.ICE-unix/2636,unix/gtlpc102.georgiatech-metz.fr:/tmp/.ICE-unix/2636'), ('INVOCATION_ID', 'c5192aa7cf5d441f858d35f6f08bc4ba'), ('XDG_MENU_PREFIX', 'gnome-'), ('XDG_RUNTIME_DIR', '/run/user/37726'), ('DISPLAY', ':1'), ('TERMINATOR_DBUS_PATH', '/net/tenshu/Terminator2'), ('LANG', 'en_US.UTF-8'), ('XDG_CURRENT_DESKTOP', 'ubuntu:GNOME'), ('IBUS_DISABLE_SNOOPER', '1'), ('RMW_IMPLEMENTATION', 'rmw_cyclonedds_cpp'), ('XMODIFIERS', '@im=ibus'), ('XDG_SESSION_DESKTOP', 'ubuntu'), ('XAUTHORITY', '/run/user/37726/gdm/Xauthority'), ('SSH_AGENT_LAUNCHER', 'gnome-keyring'), ('SSH_AUTH_SOCK', '/run/user/37726/keyring/ssh'), ('ROS_DOMAIN_ID', '152'), ('AMENT_PREFIX_PATH', '/home/GTL/apaul/ros2_hw1/install/wifi_map_base:/home/GTL/apaul/ros2_hw1/install/vrep_ros_teleop:/home/GTL/apaul/ros2_hw1/install/task_manager_sync:/home/GTL/apaul/ros2_hw1/install/floor_nav:/home/GTL/apaul/ros2_hw1/install/task_manager_nav2:/home/GTL/apaul/ros2_hw1/install/task_manager_lib:/home/GTL/apaul/ros2_hw1/install/task_manager_client_py:/home/GTL/apaul/ros2_hw1/install/task_manager_msgs:/home/GTL/apaul/ros2_hw1/install/ar_slam_base:/home/GTL/apaul/ros2_hw1/install/ar_loc_base:/home/GTL/apaul/ros2_hw1/install/rover_driver_base:/home/GTL/apaul/ros2_hw1/install/occgrid_planner_base:/home/GTL/apaul/ros2_hw1/install/occgrid_planner:/home/GTL/apaul/ros2_hw1/install/obstacle_avoidance_base:/home/GTL/apaul/ros2_hw1/install/keyboard_teleop:/home/GTL/apaul/ros2_hw1/install/joy_pack:/home/GTL/apaul/ros2_hw1/install/face_detect_base:/home/GTL/apaul/ros2_hw1/install/collision_avoidance_base:/home/GTL/apaul/ros2_hw1/install/button_server:/home/GTL/apaul/ros2_hw1/install/ar_mapping_base:/opt/ros/humble'), ('SHELL', '/bin/bash'), ('TERMINATOR_UUID', 'urn:uuid:9610aacc-ff65-48bf-9883-d615ec1d32b5'), ('KRB5CCNAME', 'FILE:/tmp/krb5cc_37726'), ('QT_ACCESSIBILITY', '1'), ('GDMSESSION', 'ubuntu'), ('GPG_AGENT_INFO', '/run/user/37726/gnupg/S.gpg-agent:0:1'), ('QT_IM_MODULE', 'ibus'), ('PWD', '/home/GTL/apaul/ros2_hw1/build/occgrid_planner_base'), ('XDG_CONFIG_DIRS', '/etc/xdg/xdg-ubuntu:/etc/xdg'), ('XDG_DATA_DIRS', '/usr/share/ubuntu:/usr/share/gnome:/usr/local/share/:/usr/share/:/var/lib/snapd/desktop'), ('PYTHONPATH', '/home/GTL/apaul/ros2_hw1/install/vrep_ros_teleop/lib/python3.10/site-packages:/home/GTL/apaul/ros2_hw1/install/task_manager_client_py/lib/python3.10/site-packages:/home/GTL/apaul/ros2_hw1/install/task_manager_msgs/local/lib/python3.10/dist-packages:/home/GTL/apaul/ros2_hw1/install/ar_slam_base/lib/python3.10/site-packages:/home/GTL/apaul/ros2_hw1/install/ar_loc_base/lib/python3.10/site-packages:/home/GTL/apaul/ros2_hw1/install/rover_driver_base/lib/python3.10/site-packages:/home/GTL/apaul/ros2_hw1/install/keyboard_teleop/lib/python3.10/site-packages:/home/GTL/apaul/ros2_hw1/install/face_detect_base/lib/python3.10/site-packages:/home/GTL/apaul/ros2_hw1/install/button_server/lib/python3.10/site-packages:/home/GTL/apaul/ros2_hw1/install/ar_mapping_base/lib/python3.10/site-packages:/opt/ros/humble/lib/python3.10/site-packages:/opt/ros/humble/local/lib/python3.10/dist-packages'), ('COLCON', '1'), ('VTE_VERSION', '6800'), ('CMAKE_PREFIX_PATH', '/home/GTL/apaul/ros2_hw1/install/cs7630_msgs:/home/GTL/apaul/ros2_hw1/install/wifi_map_base:/home/GTL/apaul/ros2_hw1/install/wpa_cli_msgs:/home/GTL/apaul/ros2_hw1/install/vrep4_helpers:/home/GTL/apaul/ros2_hw1/install/turtlebot_launch:/home/GTL/apaul/ros2_hw1/install/task_manager_sync:/home/GTL/apaul/ros2_hw1/install/floor_nav:/home/GTL/apaul/ros2_hw1/install/task_manager_nav2:/home/GTL/apaul/ros2_hw1/install/task_manager_lib:/home/GTL/apaul/ros2_hw1/install/occgrid_planner_base:/home/GTL/apaul/ros2_hw1/install/occgrid_planner:/home/GTL/apaul/ros2_hw1/install/obstacle_avoidance_base:/home/GTL/apaul/ros2_hw1/install/joy_pack:/home/GTL/apaul/ros2_hw1/install/face_msg:/home/GTL/apaul/ros2_hw1/install/collision_avoidance_base:/home/GTL/apaul/ros2_hw1/install/vrep_ros_teleop:/home/GTL/apaul/ros2_hw1/install/task_manager_client_py:/home/GTL/apaul/ros2_hw1/install/task_manager_msgs:/home/GTL/apaul/ros2_hw1/install/ar_slam_base:/home/GTL/apaul/ros2_hw1/install/ar_loc_base:/home/GTL/apaul/ros2_hw1/install/rover_driver_base:/home/GTL/apaul/ros2_hw1/install/keyboard_teleop:/home/GTL/apaul/ros2_hw1/install/face_detect_base:/home/GTL/apaul/ros2_hw1/install/button_server:/home/GTL/apaul/ros2_hw1/install/ar_mapping_base:/opt/ros/humble')]), 'shell': False}
[19.867147] (occgrid_planner_base) StdoutLine: {'line': b'-- Install configuration: ""\n'}
[19.868905] (occgrid_planner_base) StdoutLine: {'line': b'-- Installing: /home/GTL/apaul/ros2_hw1/install/occgrid_planner_base/lib/occgrid_planner_base/occgrid_planner_base\n'}
[19.952194] (-) TimerEvent: {}
[20.052423] (-) TimerEvent: {}
[20.060346] (occgrid_planner_base) StdoutLine: {'line': b'-- Set runtime path of "/home/GTL/apaul/ros2_hw1/install/occgrid_planner_base/lib/occgrid_planner_base/occgrid_planner_base" to ""\n'}
[20.061682] (occgrid_planner_base) StdoutLine: {'line': b'-- Up-to-date: /home/GTL/apaul/ros2_hw1/install/occgrid_planner_base/lib/occgrid_planner_base/path_optimizer_base\n'}
[20.065499] (occgrid_planner_base) StdoutLine: {'line': b'-- Up-to-date: /home/GTL/apaul/ros2_hw1/install/occgrid_planner_base/lib/occgrid_planner_base/path_follower_base\n'}
[20.068069] (occgrid_planner_base) StdoutLine: {'line': b'-- Up-to-date: /home/GTL/apaul/ros2_hw1/install/occgrid_planner_base/share/occgrid_planner_base\n'}
[20.069554] (occgrid_planner_base) StdoutLine: {'line': b'-- Up-to-date: /home/GTL/apaul/ros2_hw1/install/occgrid_planner_base/share/occgrid_planner_base/planner.launch.py\n'}
[20.070378] (occgrid_planner_base) StdoutLine: {'line': b'-- Up-to-date: /home/GTL/apaul/ros2_hw1/install/occgrid_planner_base/share/occgrid_planner_base/mapper_params_online_sync.yaml\n'}
[20.071029] (occgrid_planner_base) StdoutLine: {'line': b'-- Up-to-date: /home/GTL/apaul/ros2_hw1/install/occgrid_planner_base/share/occgrid_planner_base/slam_tb_sync.launch.py\n'}
[20.072066] (occgrid_planner_base) StdoutLine: {'line': b'-- Up-to-date: /home/GTL/apaul/ros2_hw1/install/occgrid_planner_base/share/occgrid_planner_base/mapper_params_tb_sync.yaml\n'}
[20.072846] (occgrid_planner_base) StdoutLine: {'line': b'-- Up-to-date: /home/GTL/apaul/ros2_hw1/install/occgrid_planner_base/share/occgrid_planner_base/slam_online_sync.launch.py\n'}
[20.073540] (occgrid_planner_base) StdoutLine: {'line': b'-- Up-to-date: /home/GTL/apaul/ros2_hw1/install/occgrid_planner_base/share/occgrid_planner_base/__pycache__\n'}
[20.074796] (occgrid_planner_base) StdoutLine: {'line': b'-- Installing: /home/GTL/apaul/ros2_hw1/install/occgrid_planner_base/share/occgrid_planner_base/__pycache__/slam_online_sync.launch.cpython-310.pyc\n'}
[20.079600] (occgrid_planner_base) StdoutLine: {'line': b'-- Installing: /home/GTL/apaul/ros2_hw1/install/occgrid_planner_base/share/occgrid_planner_base/__pycache__/planner.launch.cpython-310.pyc\n'}
[20.083713] (occgrid_planner_base) StdoutLine: {'line': b'-- Up-to-date: /home/GTL/apaul/ros2_hw1/install/occgrid_planner_base/share/ament_index/resource_index/package_run_dependencies/occgrid_planner_base\n'}
[20.084647] (occgrid_planner_base) StdoutLine: {'line': b'-- Up-to-date: /home/GTL/apaul/ros2_hw1/install/occgrid_planner_base/share/ament_index/resource_index/parent_prefix_path/occgrid_planner_base\n'}
[20.085355] (occgrid_planner_base) StdoutLine: {'line': b'-- Up-to-date: /home/GTL/apaul/ros2_hw1/install/occgrid_planner_base/share/occgrid_planner_base/environment/ament_prefix_path.sh\n'}
[20.086224] (occgrid_planner_base) StdoutLine: {'line': b'-- Up-to-date: /home/GTL/apaul/ros2_hw1/install/occgrid_planner_base/share/occgrid_planner_base/environment/ament_prefix_path.dsv\n'}
[20.086991] (occgrid_planner_base) StdoutLine: {'line': b'-- Up-to-date: /home/GTL/apaul/ros2_hw1/install/occgrid_planner_base/share/occgrid_planner_base/environment/path.sh\n'}
[20.087677] (occgrid_planner_base) StdoutLine: {'line': b'-- Up-to-date: /home/GTL/apaul/ros2_hw1/install/occgrid_planner_base/share/occgrid_planner_base/environment/path.dsv\n'}
[20.088223] (occgrid_planner_base) StdoutLine: {'line': b'-- Up-to-date: /home/GTL/apaul/ros2_hw1/install/occgrid_planner_base/share/occgrid_planner_base/local_setup.bash\n'}
[20.088674] (occgrid_planner_base) StdoutLine: {'line': b'-- Up-to-date: /home/GTL/apaul/ros2_hw1/install/occgrid_planner_base/share/occgrid_planner_base/local_setup.sh\n'}
[20.089507] (occgrid_planner_base) StdoutLine: {'line': b'-- Up-to-date: /home/GTL/apaul/ros2_hw1/install/occgrid_planner_base/share/occgrid_planner_base/local_setup.zsh\n'}
[20.090249] (occgrid_planner_base) StdoutLine: {'line': b'-- Up-to-date: /home/GTL/apaul/ros2_hw1/install/occgrid_planner_base/share/occgrid_planner_base/local_setup.dsv\n'}
[20.091054] (occgrid_planner_base) StdoutLine: {'line': b'-- Installing: /home/GTL/apaul/ros2_hw1/install/occgrid_planner_base/share/occgrid_planner_base/package.dsv\n'}
[20.096412] (occgrid_planner_base) StdoutLine: {'line': b'-- Up-to-date: /home/GTL/apaul/ros2_hw1/install/occgrid_planner_base/share/ament_index/resource_index/packages/occgrid_planner_base\n'}
[20.096966] (occgrid_planner_base) StdoutLine: {'line': b'-- Up-to-date: /home/GTL/apaul/ros2_hw1/install/occgrid_planner_base/share/occgrid_planner_base/cmake/occgrid_planner_baseConfig.cmake\n'}
[20.097595] (occgrid_planner_base) StdoutLine: {'line': b'-- Up-to-date: /home/GTL/apaul/ros2_hw1/install/occgrid_planner_base/share/occgrid_planner_base/cmake/occgrid_planner_baseConfig-version.cmake\n'}
[20.098069] (occgrid_planner_base) StdoutLine: {'line': b'-- Up-to-date: /home/GTL/apaul/ros2_hw1/install/occgrid_planner_base/share/occgrid_planner_base/package.xml\n'}
[20.100541] (occgrid_planner_base) CommandEnded: {'returncode': 0}
[20.152512] (-) TimerEvent: {}
[20.170781] (occgrid_planner_base) JobEnded: {'identifier': 'occgrid_planner_base', 'rc': 0}
[20.172842] (-) EventReactorShutdown: {}
