[0.000000] (-) TimerEvent: {}
[0.000098] (collision_avoidance_base) JobQueued: {'identifier': 'collision_avoidance_base', 'dependencies': OrderedDict()}
[0.000120] (face_detect_base) JobQueued: {'identifier': 'face_detect_base', 'dependencies': OrderedDict()}
[0.000131] (joy_pack) JobQueued: {'identifier': 'joy_pack', 'dependencies': OrderedDict()}
[0.000140] (keyboard_teleop) JobQueued: {'identifier': 'keyboard_teleop', 'dependencies': OrderedDict()}
[0.000148] (vrep4_helpers) JobQueued: {'identifier': 'vrep4_helpers', 'dependencies': OrderedDict()}
[0.000162] (collision_avoidance_base) JobStarted: {'identifier': 'collision_avoidance_base'}
[0.012904] (face_detect_base) JobStarted: {'identifier': 'face_detect_base'}
[0.030114] (joy_pack) JobStarted: {'identifier': 'joy_pack'}
[0.040583] (keyboard_teleop) JobStarted: {'identifier': 'keyboard_teleop'}
[0.057746] (vrep4_helpers) JobStarted: {'identifier': 'vrep4_helpers'}
[0.071687] (collision_avoidance_base) JobProgress: {'identifier': 'collision_avoidance_base', 'progress': 'cmake'}
[0.073659] (collision_avoidance_base) Command: {'cmd': ['/usr/bin/cmake', '/home/GTL/apaul/ros2_hw1/src/collision_avoidance_base', '-DCMAKE_INSTALL_PREFIX=/home/GTL/apaul/ros2_hw1/install/collision_avoidance_base'], 'cwd': '/home/GTL/apaul/ros2_hw1/build/collision_avoidance_base', 'env': OrderedDict([('USER', 'apaul'), ('XDG_SESSION_TYPE', 'x11'), ('SHLVL', '1'), ('LD_LIBRARY_PATH', '/usr/lib/x86_64-linux-gnu/gazebo-11/plugins:/opt/ros/humble/opt/rviz_ogre_vendor/lib:/opt/ros/humble/lib/x86_64-linux-gnu:/opt/ros/humble/lib'), ('HOME', '/home/GTL/apaul'), ('CYCLONEDDS_URI', '/cs-share/pradalier/gtlpc_cyclonedds.xml'), ('OLDPWD', '/home/GTL/apaul/ros2_hw1/src'), ('DESKTOP_SESSION', 'ubuntu'), ('ROS_PYTHON_VERSION', '3'), ('GNOME_SHELL_SESSION_MODE', 'ubuntu'), ('GTK_MODULES', 'gail:atk-bridge'), ('MANAGERPID', '1071145'), ('SYSTEMD_EXEC_PID', '1071585'), ('DBUS_SESSION_BUS_ADDRESS', 'unix:path=/run/user/37726/bus'), ('COLORTERM', 'truecolor'), ('TERMINATOR_DBUS_NAME', 'net.tenshu.Terminator23558193cd9818af7fe4d2c2f5bd9d00f'), ('GIO_LAUNCHED_DESKTOP_FILE_PID', '1071980'), ('COLCON_PREFIX_PATH', '/home/GTL/apaul/ros2_hw1/install:/home/GTL/apaul/ros2_hw1/src/vrep4_helpers/install'), ('ROS_DISTRO', 'humble'), ('GTK_IM_MODULE', 'ibus'), ('LOGNAME', 'apaul'), ('JOURNAL_STREAM', '8:2246850'), ('_', '/usr/bin/colcon'), ('ROS_VERSION', '2'), ('XDG_SESSION_CLASS', 'user'), ('USERNAME', 'apaul'), ('TERM', 'xterm-256color'), ('GNOME_DESKTOP_SESSION_ID', 'this-is-deprecated'), ('ROS_LOCALHOST_ONLY', '0'), ('WINDOWPATH', '2'), ('PATH', '/opt/ros/humble/bin:/usr/local/sbin:/usr/local/bin:/usr/sbin:/usr/bin:/sbin:/bin:/usr/games:/usr/local/games:/snap/bin:/snap/bin'), ('SESSION_MANAGER', 'local/gtlpc106.georgiatech-metz.fr:@/tmp/.ICE-unix/1071391,unix/gtlpc106.georgiatech-metz.fr:/tmp/.ICE-unix/1071391'), ('INVOCATION_ID', 'e137ece9deb944cba058841357979c47'), ('XDG_MENU_PREFIX', 'gnome-'), ('XDG_RUNTIME_DIR', '/run/user/37726'), ('DISPLAY', ':1'), ('TERMINATOR_DBUS_PATH', '/net/tenshu/Terminator2'), ('LANG', 'en_US.UTF-8'), ('XDG_CURRENT_DESKTOP', 'ubuntu:GNOME'), ('IBUS_DISABLE_SNOOPER', '1'), ('RMW_IMPLEMENTATION', 'rmw_cyclonedds_cpp'), ('XMODIFIERS', '@im=ibus'), ('XDG_SESSION_DESKTOP', 'ubuntu'), ('XAUTHORITY', '/run/user/37726/gdm/Xauthority'), ('SSH_AGENT_LAUNCHER', 'gnome-keyring'), ('SSH_AUTH_SOCK', '/run/user/37726/keyring/ssh'), ('ROS_DOMAIN_ID', '56'), ('AMENT_PREFIX_PATH', '/home/GTL/apaul/ros2_hw1/install/vrep4_helpers:/home/GTL/apaul/ros2_hw1/install/keyboard_teleop:/home/GTL/apaul/ros2_hw1/install/joy_pack:/home/GTL/apaul/ros2_hw1/install/face_detect_base:/home/GTL/apaul/ros2_hw1/install/collision_avoidance_base:/home/GTL/apaul/ros2_hw1/src/vrep4_helpers/install/vrep4_helpers:/opt/ros/humble'), ('SHELL', '/bin/bash'), ('TERMINATOR_UUID', 'urn:uuid:e973c28b-d7f8-47e2-b349-dd28fc28971e'), ('KRB5CCNAME', 'FILE:/tmp/krb5cc_37726'), ('QT_ACCESSIBILITY', '1'), ('GDMSESSION', 'ubuntu'), ('GPG_AGENT_INFO', '/run/user/37726/gnupg/S.gpg-agent:0:1'), ('QT_IM_MODULE', 'ibus'), ('PWD', '/home/GTL/apaul/ros2_hw1/build/collision_avoidance_base'), ('XDG_CONFIG_DIRS', '/etc/xdg/xdg-ubuntu:/etc/xdg'), ('XDG_DATA_DIRS', '/usr/share/ubuntu:/usr/share/gnome:/usr/local/share/:/usr/share/:/var/lib/snapd/desktop'), ('PYTHONPATH', '/home/GTL/apaul/ros2_hw1/install/keyboard_teleop/lib/python3.10/site-packages:/home/GTL/apaul/ros2_hw1/install/face_detect_base/lib/python3.10/site-packages:/opt/ros/humble/lib/python3.10/site-packages:/opt/ros/humble/local/lib/python3.10/dist-packages'), ('COLCON', '1'), ('VTE_VERSION', '6800'), ('CMAKE_PREFIX_PATH', '/home/GTL/apaul/ros2_hw1/install/vrep4_helpers:/home/GTL/apaul/ros2_hw1/install/joy_pack:/home/GTL/apaul/ros2_hw1/install/collision_avoidance_base:/home/GTL/apaul/ros2_hw1/src/vrep4_helpers/install/vrep4_helpers:/home/GTL/apaul/ros2_hw1/install/keyboard_teleop:/home/GTL/apaul/ros2_hw1/install/face_detect_base:/opt/ros/humble')]), 'shell': False}
[0.098465] (-) TimerEvent: {}
[0.198706] (-) TimerEvent: {}
[0.274396] (joy_pack) JobProgress: {'identifier': 'joy_pack', 'progress': 'cmake'}
[0.276531] (joy_pack) Command: {'cmd': ['/usr/bin/cmake', '/home/GTL/apaul/ros2_hw1/src/joy_pack', '-DCMAKE_INSTALL_PREFIX=/home/GTL/apaul/ros2_hw1/install/joy_pack'], 'cwd': '/home/GTL/apaul/ros2_hw1/build/joy_pack', 'env': OrderedDict([('USER', 'apaul'), ('XDG_SESSION_TYPE', 'x11'), ('SHLVL', '1'), ('LD_LIBRARY_PATH', '/usr/lib/x86_64-linux-gnu/gazebo-11/plugins:/opt/ros/humble/opt/rviz_ogre_vendor/lib:/opt/ros/humble/lib/x86_64-linux-gnu:/opt/ros/humble/lib'), ('HOME', '/home/GTL/apaul'), ('CYCLONEDDS_URI', '/cs-share/pradalier/gtlpc_cyclonedds.xml'), ('OLDPWD', '/home/GTL/apaul/ros2_hw1/src'), ('DESKTOP_SESSION', 'ubuntu'), ('ROS_PYTHON_VERSION', '3'), ('GNOME_SHELL_SESSION_MODE', 'ubuntu'), ('GTK_MODULES', 'gail:atk-bridge'), ('MANAGERPID', '1071145'), ('SYSTEMD_EXEC_PID', '1071585'), ('DBUS_SESSION_BUS_ADDRESS', 'unix:path=/run/user/37726/bus'), ('COLORTERM', 'truecolor'), ('TERMINATOR_DBUS_NAME', 'net.tenshu.Terminator23558193cd9818af7fe4d2c2f5bd9d00f'), ('GIO_LAUNCHED_DESKTOP_FILE_PID', '1071980'), ('COLCON_PREFIX_PATH', '/home/GTL/apaul/ros2_hw1/install:/home/GTL/apaul/ros2_hw1/src/vrep4_helpers/install'), ('ROS_DISTRO', 'humble'), ('GTK_IM_MODULE', 'ibus'), ('LOGNAME', 'apaul'), ('JOURNAL_STREAM', '8:2246850'), ('_', '/usr/bin/colcon'), ('ROS_VERSION', '2'), ('XDG_SESSION_CLASS', 'user'), ('USERNAME', 'apaul'), ('TERM', 'xterm-256color'), ('GNOME_DESKTOP_SESSION_ID', 'this-is-deprecated'), ('ROS_LOCALHOST_ONLY', '0'), ('WINDOWPATH', '2'), ('PATH', '/opt/ros/humble/bin:/usr/local/sbin:/usr/local/bin:/usr/sbin:/usr/bin:/sbin:/bin:/usr/games:/usr/local/games:/snap/bin:/snap/bin'), ('SESSION_MANAGER', 'local/gtlpc106.georgiatech-metz.fr:@/tmp/.ICE-unix/1071391,unix/gtlpc106.georgiatech-metz.fr:/tmp/.ICE-unix/1071391'), ('INVOCATION_ID', 'e137ece9deb944cba058841357979c47'), ('XDG_MENU_PREFIX', 'gnome-'), ('XDG_RUNTIME_DIR', '/run/user/37726'), ('DISPLAY', ':1'), ('TERMINATOR_DBUS_PATH', '/net/tenshu/Terminator2'), ('LANG', 'en_US.UTF-8'), ('XDG_CURRENT_DESKTOP', 'ubuntu:GNOME'), ('IBUS_DISABLE_SNOOPER', '1'), ('RMW_IMPLEMENTATION', 'rmw_cyclonedds_cpp'), ('XMODIFIERS', '@im=ibus'), ('XDG_SESSION_DESKTOP', 'ubuntu'), ('XAUTHORITY', '/run/user/37726/gdm/Xauthority'), ('SSH_AGENT_LAUNCHER', 'gnome-keyring'), ('SSH_AUTH_SOCK', '/run/user/37726/keyring/ssh'), ('ROS_DOMAIN_ID', '56'), ('AMENT_PREFIX_PATH', '/home/GTL/apaul/ros2_hw1/install/vrep4_helpers:/home/GTL/apaul/ros2_hw1/install/keyboard_teleop:/home/GTL/apaul/ros2_hw1/install/joy_pack:/home/GTL/apaul/ros2_hw1/install/face_detect_base:/home/GTL/apaul/ros2_hw1/install/collision_avoidance_base:/home/GTL/apaul/ros2_hw1/src/vrep4_helpers/install/vrep4_helpers:/opt/ros/humble'), ('SHELL', '/bin/bash'), ('TERMINATOR_UUID', 'urn:uuid:e973c28b-d7f8-47e2-b349-dd28fc28971e'), ('KRB5CCNAME', 'FILE:/tmp/krb5cc_37726'), ('QT_ACCESSIBILITY', '1'), ('GDMSESSION', 'ubuntu'), ('GPG_AGENT_INFO', '/run/user/37726/gnupg/S.gpg-agent:0:1'), ('QT_IM_MODULE', 'ibus'), ('PWD', '/home/GTL/apaul/ros2_hw1/build/joy_pack'), ('XDG_CONFIG_DIRS', '/etc/xdg/xdg-ubuntu:/etc/xdg'), ('XDG_DATA_DIRS', '/usr/share/ubuntu:/usr/share/gnome:/usr/local/share/:/usr/share/:/var/lib/snapd/desktop'), ('PYTHONPATH', '/home/GTL/apaul/ros2_hw1/install/keyboard_teleop/lib/python3.10/site-packages:/home/GTL/apaul/ros2_hw1/install/face_detect_base/lib/python3.10/site-packages:/opt/ros/humble/lib/python3.10/site-packages:/opt/ros/humble/local/lib/python3.10/dist-packages'), ('COLCON', '1'), ('VTE_VERSION', '6800'), ('CMAKE_PREFIX_PATH', '/home/GTL/apaul/ros2_hw1/install/vrep4_helpers:/home/GTL/apaul/ros2_hw1/install/joy_pack:/home/GTL/apaul/ros2_hw1/install/collision_avoidance_base:/home/GTL/apaul/ros2_hw1/src/vrep4_helpers/install/vrep4_helpers:/home/GTL/apaul/ros2_hw1/install/keyboard_teleop:/home/GTL/apaul/ros2_hw1/install/face_detect_base:/opt/ros/humble')]), 'shell': False}
[0.298789] (-) TimerEvent: {}
[0.399034] (-) TimerEvent: {}
[0.484075] (collision_avoidance_base) StdoutLine: {'line': b'-- The C compiler identification is GNU 11.4.0\n'}
[0.484284] (collision_avoidance_base) StdoutLine: {'line': b'-- The CXX compiler identification is GNU 11.4.0\n'}
[0.484367] (collision_avoidance_base) StdoutLine: {'line': b'-- Detecting C compiler ABI info\n'}
[0.484473] (collision_avoidance_base) StdoutLine: {'line': b'-- Detecting C compiler ABI info - done\n'}
[0.484566] (collision_avoidance_base) StdoutLine: {'line': b'-- Check for working C compiler: /usr/bin/cc - skipped\n'}
[0.484612] (collision_avoidance_base) StdoutLine: {'line': b'-- Detecting C compile features\n'}
[0.484648] (collision_avoidance_base) StdoutLine: {'line': b'-- Detecting C compile features - done\n'}
[0.484682] (collision_avoidance_base) StdoutLine: {'line': b'-- Detecting CXX compiler ABI info\n'}
[0.484716] (collision_avoidance_base) StdoutLine: {'line': b'-- Detecting CXX compiler ABI info - done\n'}
[0.484750] (collision_avoidance_base) StdoutLine: {'line': b'-- Check for working CXX compiler: /usr/bin/c++ - skipped\n'}
[0.484783] (collision_avoidance_base) StdoutLine: {'line': b'-- Detecting CXX compile features\n'}
[0.484817] (collision_avoidance_base) StdoutLine: {'line': b'-- Detecting CXX compile features - done\n'}
[0.485045] (joy_pack) StdoutLine: {'line': b'-- The C compiler identification is GNU 11.4.0\n'}
[0.485120] (joy_pack) StdoutLine: {'line': b'-- The CXX compiler identification is GNU 11.4.0\n'}
[0.485159] (joy_pack) StdoutLine: {'line': b'-- Detecting C compiler ABI info\n'}
[0.486887] (vrep4_helpers) JobProgress: {'identifier': 'vrep4_helpers', 'progress': 'cmake'}
[0.488323] (vrep4_helpers) Command: {'cmd': ['/usr/bin/cmake', '/home/GTL/apaul/ros2_hw1/src/vrep4_helpers', '-DCMAKE_INSTALL_PREFIX=/home/GTL/apaul/ros2_hw1/install/vrep4_helpers'], 'cwd': '/home/GTL/apaul/ros2_hw1/build/vrep4_helpers', 'env': OrderedDict([('USER', 'apaul'), ('XDG_SESSION_TYPE', 'x11'), ('SHLVL', '1'), ('LD_LIBRARY_PATH', '/usr/lib/x86_64-linux-gnu/gazebo-11/plugins:/opt/ros/humble/opt/rviz_ogre_vendor/lib:/opt/ros/humble/lib/x86_64-linux-gnu:/opt/ros/humble/lib'), ('HOME', '/home/GTL/apaul'), ('CYCLONEDDS_URI', '/cs-share/pradalier/gtlpc_cyclonedds.xml'), ('OLDPWD', '/home/GTL/apaul/ros2_hw1/src'), ('DESKTOP_SESSION', 'ubuntu'), ('ROS_PYTHON_VERSION', '3'), ('GNOME_SHELL_SESSION_MODE', 'ubuntu'), ('GTK_MODULES', 'gail:atk-bridge'), ('MANAGERPID', '1071145'), ('SYSTEMD_EXEC_PID', '1071585'), ('DBUS_SESSION_BUS_ADDRESS', 'unix:path=/run/user/37726/bus'), ('COLORTERM', 'truecolor'), ('TERMINATOR_DBUS_NAME', 'net.tenshu.Terminator23558193cd9818af7fe4d2c2f5bd9d00f'), ('GIO_LAUNCHED_DESKTOP_FILE_PID', '1071980'), ('COLCON_PREFIX_PATH', '/home/GTL/apaul/ros2_hw1/install:/home/GTL/apaul/ros2_hw1/src/vrep4_helpers/install'), ('ROS_DISTRO', 'humble'), ('GTK_IM_MODULE', 'ibus'), ('LOGNAME', 'apaul'), ('JOURNAL_STREAM', '8:2246850'), ('_', '/usr/bin/colcon'), ('ROS_VERSION', '2'), ('XDG_SESSION_CLASS', 'user'), ('USERNAME', 'apaul'), ('TERM', 'xterm-256color'), ('GNOME_DESKTOP_SESSION_ID', 'this-is-deprecated'), ('ROS_LOCALHOST_ONLY', '0'), ('WINDOWPATH', '2'), ('PATH', '/opt/ros/humble/bin:/usr/local/sbin:/usr/local/bin:/usr/sbin:/usr/bin:/sbin:/bin:/usr/games:/usr/local/games:/snap/bin:/snap/bin'), ('SESSION_MANAGER', 'local/gtlpc106.georgiatech-metz.fr:@/tmp/.ICE-unix/1071391,unix/gtlpc106.georgiatech-metz.fr:/tmp/.ICE-unix/1071391'), ('INVOCATION_ID', 'e137ece9deb944cba058841357979c47'), ('XDG_MENU_PREFIX', 'gnome-'), ('XDG_RUNTIME_DIR', '/run/user/37726'), ('DISPLAY', ':1'), ('TERMINATOR_DBUS_PATH', '/net/tenshu/Terminator2'), ('LANG', 'en_US.UTF-8'), ('XDG_CURRENT_DESKTOP', 'ubuntu:GNOME'), ('IBUS_DISABLE_SNOOPER', '1'), ('RMW_IMPLEMENTATION', 'rmw_cyclonedds_cpp'), ('XMODIFIERS', '@im=ibus'), ('XDG_SESSION_DESKTOP', 'ubuntu'), ('XAUTHORITY', '/run/user/37726/gdm/Xauthority'), ('SSH_AGENT_LAUNCHER', 'gnome-keyring'), ('SSH_AUTH_SOCK', '/run/user/37726/keyring/ssh'), ('ROS_DOMAIN_ID', '56'), ('AMENT_PREFIX_PATH', '/home/GTL/apaul/ros2_hw1/install/vrep4_helpers:/home/GTL/apaul/ros2_hw1/install/keyboard_teleop:/home/GTL/apaul/ros2_hw1/install/joy_pack:/home/GTL/apaul/ros2_hw1/install/face_detect_base:/home/GTL/apaul/ros2_hw1/install/collision_avoidance_base:/home/GTL/apaul/ros2_hw1/src/vrep4_helpers/install/vrep4_helpers:/opt/ros/humble'), ('SHELL', '/bin/bash'), ('TERMINATOR_UUID', 'urn:uuid:e973c28b-d7f8-47e2-b349-dd28fc28971e'), ('KRB5CCNAME', 'FILE:/tmp/krb5cc_37726'), ('QT_ACCESSIBILITY', '1'), ('GDMSESSION', 'ubuntu'), ('GPG_AGENT_INFO', '/run/user/37726/gnupg/S.gpg-agent:0:1'), ('QT_IM_MODULE', 'ibus'), ('PWD', '/home/GTL/apaul/ros2_hw1/build/vrep4_helpers'), ('XDG_CONFIG_DIRS', '/etc/xdg/xdg-ubuntu:/etc/xdg'), ('XDG_DATA_DIRS', '/usr/share/ubuntu:/usr/share/gnome:/usr/local/share/:/usr/share/:/var/lib/snapd/desktop'), ('PYTHONPATH', '/home/GTL/apaul/ros2_hw1/install/keyboard_teleop/lib/python3.10/site-packages:/home/GTL/apaul/ros2_hw1/install/face_detect_base/lib/python3.10/site-packages:/opt/ros/humble/lib/python3.10/site-packages:/opt/ros/humble/local/lib/python3.10/dist-packages'), ('COLCON', '1'), ('VTE_VERSION', '6800'), ('CMAKE_PREFIX_PATH', '/home/GTL/apaul/ros2_hw1/install/vrep4_helpers:/home/GTL/apaul/ros2_hw1/install/joy_pack:/home/GTL/apaul/ros2_hw1/install/collision_avoidance_base:/home/GTL/apaul/ros2_hw1/src/vrep4_helpers/install/vrep4_helpers:/home/GTL/apaul/ros2_hw1/install/keyboard_teleop:/home/GTL/apaul/ros2_hw1/install/face_detect_base:/opt/ros/humble')]), 'shell': False}
[0.495188] (collision_avoidance_base) StdoutLine: {'line': b'-- Found ament_cmake: 1.3.10 (/opt/ros/humble/share/ament_cmake/cmake)\n'}
[0.500442] (-) TimerEvent: {}
[0.510605] (joy_pack) StdoutLine: {'line': b'-- Detecting C compiler ABI info - done\n'}
[0.518130] (joy_pack) StdoutLine: {'line': b'-- Check for working C compiler: /usr/bin/cc - skipped\n'}
[0.518292] (joy_pack) StdoutLine: {'line': b'-- Detecting C compile features\n'}
[0.518514] (joy_pack) StdoutLine: {'line': b'-- Detecting C compile features - done\n'}
[0.525257] (joy_pack) StdoutLine: {'line': b'-- Detecting CXX compiler ABI info\n'}
[0.545705] (vrep4_helpers) StdoutLine: {'line': b'-- The C compiler identification is GNU 11.4.0\n'}
[0.598073] (vrep4_helpers) StdoutLine: {'line': b'-- The CXX compiler identification is GNU 11.4.0\n'}
[0.600524] (-) TimerEvent: {}
[0.607960] (vrep4_helpers) StdoutLine: {'line': b'-- Detecting C compiler ABI info\n'}
[0.627925] (collision_avoidance_base) StdoutLine: {'line': b'-- Found Python3: /usr/bin/python3 (found version "3.10.12") found components: Interpreter \n'}
[0.634343] (joy_pack) StdoutLine: {'line': b'-- Detecting CXX compiler ABI info - done\n'}
[0.642329] (joy_pack) StdoutLine: {'line': b'-- Check for working CXX compiler: /usr/bin/c++ - skipped\n'}
[0.642505] (joy_pack) StdoutLine: {'line': b'-- Detecting CXX compile features\n'}
[0.642838] (joy_pack) StdoutLine: {'line': b'-- Detecting CXX compile features - done\n'}
[0.663224] (joy_pack) StdoutLine: {'line': b'-- Found ament_cmake: 1.3.10 (/opt/ros/humble/share/ament_cmake/cmake)\n'}
[0.700638] (-) TimerEvent: {}
[0.710199] (vrep4_helpers) StdoutLine: {'line': b'-- Detecting C compiler ABI info - done\n'}
[0.718673] (vrep4_helpers) StdoutLine: {'line': b'-- Check for working C compiler: /usr/bin/cc - skipped\n'}
[0.718860] (vrep4_helpers) StdoutLine: {'line': b'-- Detecting C compile features\n'}
[0.719042] (vrep4_helpers) StdoutLine: {'line': b'-- Detecting C compile features - done\n'}
[0.725864] (vrep4_helpers) StdoutLine: {'line': b'-- Detecting CXX compiler ABI info\n'}
[0.785027] (face_detect_base) Command: {'cmd': ['/usr/bin/python3', '-W', 'ignore:setup.py install is deprecated', 'setup.py', 'egg_info', '--egg-base', '../../build/face_detect_base', 'build', '--build-base', '/home/GTL/apaul/ros2_hw1/build/face_detect_base/build', 'install', '--record', '/home/GTL/apaul/ros2_hw1/build/face_detect_base/install.log', '--single-version-externally-managed', 'install_data'], 'cwd': '/home/GTL/apaul/ros2_hw1/src/face_detect_base', 'env': {'USER': 'apaul', 'XDG_SESSION_TYPE': 'x11', 'SHLVL': '1', 'LD_LIBRARY_PATH': '/usr/lib/x86_64-linux-gnu/gazebo-11/plugins:/opt/ros/humble/opt/rviz_ogre_vendor/lib:/opt/ros/humble/lib/x86_64-linux-gnu:/opt/ros/humble/lib', 'HOME': '/home/GTL/apaul', 'CYCLONEDDS_URI': '/cs-share/pradalier/gtlpc_cyclonedds.xml', 'OLDPWD': '/home/GTL/apaul/ros2_hw1/src', 'DESKTOP_SESSION': 'ubuntu', 'ROS_PYTHON_VERSION': '3', 'GNOME_SHELL_SESSION_MODE': 'ubuntu', 'GTK_MODULES': 'gail:atk-bridge', 'MANAGERPID': '1071145', 'SYSTEMD_EXEC_PID': '1071585', 'DBUS_SESSION_BUS_ADDRESS': 'unix:path=/run/user/37726/bus', 'COLORTERM': 'truecolor', 'TERMINATOR_DBUS_NAME': 'net.tenshu.Terminator23558193cd9818af7fe4d2c2f5bd9d00f', 'GIO_LAUNCHED_DESKTOP_FILE_PID': '1071980', 'COLCON_PREFIX_PATH': '/home/GTL/apaul/ros2_hw1/install:/home/GTL/apaul/ros2_hw1/src/vrep4_helpers/install', 'ROS_DISTRO': 'humble', 'GTK_IM_MODULE': 'ibus', 'LOGNAME': 'apaul', 'JOURNAL_STREAM': '8:2246850', '_': '/usr/bin/colcon', 'ROS_VERSION': '2', 'XDG_SESSION_CLASS': 'user', 'USERNAME': 'apaul', 'TERM': 'xterm-256color', 'GNOME_DESKTOP_SESSION_ID': 'this-is-deprecated', 'ROS_LOCALHOST_ONLY': '0', 'WINDOWPATH': '2', 'PATH': '/opt/ros/humble/bin:/usr/local/sbin:/usr/local/bin:/usr/sbin:/usr/bin:/sbin:/bin:/usr/games:/usr/local/games:/snap/bin:/snap/bin', 'SESSION_MANAGER': 'local/gtlpc106.georgiatech-metz.fr:@/tmp/.ICE-unix/1071391,unix/gtlpc106.georgiatech-metz.fr:/tmp/.ICE-unix/1071391', 'INVOCATION_ID': 'e137ece9deb944cba058841357979c47', 'XDG_MENU_PREFIX': 'gnome-', 'XDG_RUNTIME_DIR': '/run/user/37726', 'DISPLAY': ':1', 'TERMINATOR_DBUS_PATH': '/net/tenshu/Terminator2', 'LANG': 'en_US.UTF-8', 'XDG_CURRENT_DESKTOP': 'ubuntu:GNOME', 'IBUS_DISABLE_SNOOPER': '1', 'RMW_IMPLEMENTATION': 'rmw_cyclonedds_cpp', 'XMODIFIERS': '@im=ibus', 'XDG_SESSION_DESKTOP': 'ubuntu', 'XAUTHORITY': '/run/user/37726/gdm/Xauthority', 'SSH_AGENT_LAUNCHER': 'gnome-keyring', 'SSH_AUTH_SOCK': '/run/user/37726/keyring/ssh', 'ROS_DOMAIN_ID': '56', 'AMENT_PREFIX_PATH': '/home/GTL/apaul/ros2_hw1/install/vrep4_helpers:/home/GTL/apaul/ros2_hw1/install/keyboard_teleop:/home/GTL/apaul/ros2_hw1/install/joy_pack:/home/GTL/apaul/ros2_hw1/install/face_detect_base:/home/GTL/apaul/ros2_hw1/install/collision_avoidance_base:/home/GTL/apaul/ros2_hw1/src/vrep4_helpers/install/vrep4_helpers:/opt/ros/humble', 'SHELL': '/bin/bash', 'TERMINATOR_UUID': 'urn:uuid:e973c28b-d7f8-47e2-b349-dd28fc28971e', 'KRB5CCNAME': 'FILE:/tmp/krb5cc_37726', 'QT_ACCESSIBILITY': '1', 'GDMSESSION': 'ubuntu', 'GPG_AGENT_INFO': '/run/user/37726/gnupg/S.gpg-agent:0:1', 'QT_IM_MODULE': 'ibus', 'PWD': '/home/GTL/apaul/ros2_hw1/build/face_detect_base', 'XDG_CONFIG_DIRS': '/etc/xdg/xdg-ubuntu:/etc/xdg', 'XDG_DATA_DIRS': '/usr/share/ubuntu:/usr/share/gnome:/usr/local/share/:/usr/share/:/var/lib/snapd/desktop', 'PYTHONPATH': '/home/GTL/apaul/ros2_hw1/build/face_detect_base/prefix_override:/usr/lib/python3/dist-packages/colcon_core/task/python/colcon_distutils_commands:/home/GTL/apaul/ros2_hw1/install/face_detect_base/lib/python3.10/site-packages:/home/GTL/apaul/ros2_hw1/install/keyboard_teleop/lib/python3.10/site-packages:/home/GTL/apaul/ros2_hw1/install/face_detect_base/lib/python3.10/site-packages:/opt/ros/humble/lib/python3.10/site-packages:/opt/ros/humble/local/lib/python3.10/dist-packages', 'COLCON': '1', 'VTE_VERSION': '6800', 'CMAKE_PREFIX_PATH': '/home/GTL/apaul/ros2_hw1/install/vrep4_helpers:/home/GTL/apaul/ros2_hw1/install/joy_pack:/home/GTL/apaul/ros2_hw1/install/collision_avoidance_base:/home/GTL/apaul/ros2_hw1/src/vrep4_helpers/install/vrep4_helpers'}, 'shell': False}
[0.792880] (keyboard_teleop) Command: {'cmd': ['/usr/bin/python3', '-W', 'ignore:setup.py install is deprecated', 'setup.py', 'egg_info', '--egg-base', '../../build/keyboard_teleop', 'build', '--build-base', '/home/GTL/apaul/ros2_hw1/build/keyboard_teleop/build', 'install', '--record', '/home/GTL/apaul/ros2_hw1/build/keyboard_teleop/install.log', '--single-version-externally-managed', 'install_data'], 'cwd': '/home/GTL/apaul/ros2_hw1/src/keyboard_teleop', 'env': {'USER': 'apaul', 'XDG_SESSION_TYPE': 'x11', 'SHLVL': '1', 'LD_LIBRARY_PATH': '/usr/lib/x86_64-linux-gnu/gazebo-11/plugins:/opt/ros/humble/opt/rviz_ogre_vendor/lib:/opt/ros/humble/lib/x86_64-linux-gnu:/opt/ros/humble/lib', 'HOME': '/home/GTL/apaul', 'CYCLONEDDS_URI': '/cs-share/pradalier/gtlpc_cyclonedds.xml', 'OLDPWD': '/home/GTL/apaul/ros2_hw1/src', 'DESKTOP_SESSION': 'ubuntu', 'ROS_PYTHON_VERSION': '3', 'GNOME_SHELL_SESSION_MODE': 'ubuntu', 'GTK_MODULES': 'gail:atk-bridge', 'MANAGERPID': '1071145', 'SYSTEMD_EXEC_PID': '1071585', 'DBUS_SESSION_BUS_ADDRESS': 'unix:path=/run/user/37726/bus', 'COLORTERM': 'truecolor', 'TERMINATOR_DBUS_NAME': 'net.tenshu.Terminator23558193cd9818af7fe4d2c2f5bd9d00f', 'GIO_LAUNCHED_DESKTOP_FILE_PID': '1071980', 'COLCON_PREFIX_PATH': '/home/GTL/apaul/ros2_hw1/install:/home/GTL/apaul/ros2_hw1/src/vrep4_helpers/install', 'ROS_DISTRO': 'humble', 'GTK_IM_MODULE': 'ibus', 'LOGNAME': 'apaul', 'JOURNAL_STREAM': '8:2246850', '_': '/usr/bin/colcon', 'ROS_VERSION': '2', 'XDG_SESSION_CLASS': 'user', 'USERNAME': 'apaul', 'TERM': 'xterm-256color', 'GNOME_DESKTOP_SESSION_ID': 'this-is-deprecated', 'ROS_LOCALHOST_ONLY': '0', 'WINDOWPATH': '2', 'PATH': '/opt/ros/humble/bin:/usr/local/sbin:/usr/local/bin:/usr/sbin:/usr/bin:/sbin:/bin:/usr/games:/usr/local/games:/snap/bin:/snap/bin', 'SESSION_MANAGER': 'local/gtlpc106.georgiatech-metz.fr:@/tmp/.ICE-unix/1071391,unix/gtlpc106.georgiatech-metz.fr:/tmp/.ICE-unix/1071391', 'INVOCATION_ID': 'e137ece9deb944cba058841357979c47', 'XDG_MENU_PREFIX': 'gnome-', 'XDG_RUNTIME_DIR': '/run/user/37726', 'DISPLAY': ':1', 'TERMINATOR_DBUS_PATH': '/net/tenshu/Terminator2', 'LANG': 'en_US.UTF-8', 'XDG_CURRENT_DESKTOP': 'ubuntu:GNOME', 'IBUS_DISABLE_SNOOPER': '1', 'RMW_IMPLEMENTATION': 'rmw_cyclonedds_cpp', 'XMODIFIERS': '@im=ibus', 'XDG_SESSION_DESKTOP': 'ubuntu', 'XAUTHORITY': '/run/user/37726/gdm/Xauthority', 'SSH_AGENT_LAUNCHER': 'gnome-keyring', 'SSH_AUTH_SOCK': '/run/user/37726/keyring/ssh', 'ROS_DOMAIN_ID': '56', 'AMENT_PREFIX_PATH': '/home/GTL/apaul/ros2_hw1/install/vrep4_helpers:/home/GTL/apaul/ros2_hw1/install/keyboard_teleop:/home/GTL/apaul/ros2_hw1/install/joy_pack:/home/GTL/apaul/ros2_hw1/install/face_detect_base:/home/GTL/apaul/ros2_hw1/install/collision_avoidance_base:/home/GTL/apaul/ros2_hw1/src/vrep4_helpers/install/vrep4_helpers:/opt/ros/humble', 'SHELL': '/bin/bash', 'TERMINATOR_UUID': 'urn:uuid:e973c28b-d7f8-47e2-b349-dd28fc28971e', 'KRB5CCNAME': 'FILE:/tmp/krb5cc_37726', 'QT_ACCESSIBILITY': '1', 'GDMSESSION': 'ubuntu', 'GPG_AGENT_INFO': '/run/user/37726/gnupg/S.gpg-agent:0:1', 'QT_IM_MODULE': 'ibus', 'PWD': '/home/GTL/apaul/ros2_hw1/build/keyboard_teleop', 'XDG_CONFIG_DIRS': '/etc/xdg/xdg-ubuntu:/etc/xdg', 'XDG_DATA_DIRS': '/usr/share/ubuntu:/usr/share/gnome:/usr/local/share/:/usr/share/:/var/lib/snapd/desktop', 'PYTHONPATH': '/home/GTL/apaul/ros2_hw1/build/keyboard_teleop/prefix_override:/usr/lib/python3/dist-packages/colcon_core/task/python/colcon_distutils_commands:/home/GTL/apaul/ros2_hw1/install/keyboard_teleop/lib/python3.10/site-packages:/home/GTL/apaul/ros2_hw1/install/keyboard_teleop/lib/python3.10/site-packages:/home/GTL/apaul/ros2_hw1/install/face_detect_base/lib/python3.10/site-packages:/opt/ros/humble/lib/python3.10/site-packages:/opt/ros/humble/local/lib/python3.10/dist-packages', 'COLCON': '1', 'VTE_VERSION': '6800', 'CMAKE_PREFIX_PATH': '/home/GTL/apaul/ros2_hw1/install/vrep4_helpers:/home/GTL/apaul/ros2_hw1/install/joy_pack:/home/GTL/apaul/ros2_hw1/install/collision_avoidance_base:/home/GTL/apaul/ros2_hw1/src/vrep4_helpers/install/vrep4_helpers'}, 'shell': False}
[0.799374] (joy_pack) StdoutLine: {'line': b'-- Found Python3: /usr/bin/python3 (found version "3.10.12") found components: Interpreter \n'}
[0.800710] (-) TimerEvent: {}
[0.833915] (vrep4_helpers) StdoutLine: {'line': b'-- Detecting CXX compiler ABI info - done\n'}
[0.842160] (vrep4_helpers) StdoutLine: {'line': b'-- Check for working CXX compiler: /usr/bin/c++ - skipped\n'}
[0.842369] (vrep4_helpers) StdoutLine: {'line': b'-- Detecting CXX compile features\n'}
[0.842585] (vrep4_helpers) StdoutLine: {'line': b'-- Detecting CXX compile features - done\n'}
[0.862275] (vrep4_helpers) StdoutLine: {'line': b'-- Found ament_cmake: 1.3.10 (/opt/ros/humble/share/ament_cmake/cmake)\n'}
[0.900810] (-) TimerEvent: {}
[0.925914] (collision_avoidance_base) StdoutLine: {'line': b'-- Found rclcpp: 16.0.10 (/opt/ros/humble/share/rclcpp/cmake)\n'}
[0.975024] (face_detect_base) StdoutLine: {'line': b'running egg_info\n'}
[0.975643] (face_detect_base) StdoutLine: {'line': b'creating ../../build/face_detect_base/face_detect_base.egg-info\n'}
[0.976591] (face_detect_base) StdoutLine: {'line': b'writing ../../build/face_detect_base/face_detect_base.egg-info/PKG-INFO\n'}
[0.976732] (keyboard_teleop) StdoutLine: {'line': b'running egg_info\n'}
[0.977404] (keyboard_teleop) StdoutLine: {'line': b'creating ../../build/keyboard_teleop/keyboard_teleop.egg-info\n'}
[0.978223] (keyboard_teleop) StdoutLine: {'line': b'writing ../../build/keyboard_teleop/keyboard_teleop.egg-info/PKG-INFO\n'}
[0.979208] (face_detect_base) StdoutLine: {'line': b'writing dependency_links to ../../build/face_detect_base/face_detect_base.egg-info/dependency_links.txt\n'}
[0.980445] (face_detect_base) StdoutLine: {'line': b'writing entry points to ../../build/face_detect_base/face_detect_base.egg-info/entry_points.txt\n'}
[0.981002] (keyboard_teleop) StdoutLine: {'line': b'writing dependency_links to ../../build/keyboard_teleop/keyboard_teleop.egg-info/dependency_links.txt\n'}
[0.981547] (face_detect_base) StdoutLine: {'line': b'writing requirements to ../../build/face_detect_base/face_detect_base.egg-info/requires.txt\n'}
[0.982301] (keyboard_teleop) StdoutLine: {'line': b'writing entry points to ../../build/keyboard_teleop/keyboard_teleop.egg-info/entry_points.txt\n'}
[0.982365] (face_detect_base) StdoutLine: {'line': b'writing top-level names to ../../build/face_detect_base/face_detect_base.egg-info/top_level.txt\n'}
[0.983419] (keyboard_teleop) StdoutLine: {'line': b'writing requirements to ../../build/keyboard_teleop/keyboard_teleop.egg-info/requires.txt\n'}
[0.983721] (face_detect_base) StdoutLine: {'line': b"writing manifest file '../../build/face_detect_base/face_detect_base.egg-info/SOURCES.txt'\n"}
[0.984173] (keyboard_teleop) StdoutLine: {'line': b'writing top-level names to ../../build/keyboard_teleop/keyboard_teleop.egg-info/top_level.txt\n'}
[0.985642] (keyboard_teleop) StdoutLine: {'line': b"writing manifest file '../../build/keyboard_teleop/keyboard_teleop.egg-info/SOURCES.txt'\n"}
[0.987322] (face_detect_base) StdoutLine: {'line': b"reading manifest file '../../build/face_detect_base/face_detect_base.egg-info/SOURCES.txt'\n"}
[0.989000] (face_detect_base) StdoutLine: {'line': b"writing manifest file '../../build/face_detect_base/face_detect_base.egg-info/SOURCES.txt'\n"}
[0.989072] (keyboard_teleop) StdoutLine: {'line': b"reading manifest file '../../build/keyboard_teleop/keyboard_teleop.egg-info/SOURCES.txt'\n"}
[0.989824] (face_detect_base) StdoutLine: {'line': b'running build\n'}
[0.989867] (face_detect_base) StdoutLine: {'line': b'running build_py\n'}
[0.990370] (face_detect_base) StdoutLine: {'line': b'creating /home/GTL/apaul/ros2_hw1/build/face_detect_base/build\n'}
[0.990543] (keyboard_teleop) StdoutLine: {'line': b"writing manifest file '../../build/keyboard_teleop/keyboard_teleop.egg-info/SOURCES.txt'\n"}
[0.990745] (face_detect_base) StdoutLine: {'line': b'creating /home/GTL/apaul/ros2_hw1/build/face_detect_base/build/lib\n'}
[0.991319] (keyboard_teleop) StdoutLine: {'line': b'running build\n'}
[0.991356] (keyboard_teleop) StdoutLine: {'line': b'running build_py\n'}
[0.991714] (face_detect_base) StdoutLine: {'line': b'creating /home/GTL/apaul/ros2_hw1/build/face_detect_base/build/lib/face_detect_base\n'}
[0.991861] (keyboard_teleop) StdoutLine: {'line': b'creating /home/GTL/apaul/ros2_hw1/build/keyboard_teleop/build\n'}
[0.992256] (keyboard_teleop) StdoutLine: {'line': b'creating /home/GTL/apaul/ros2_hw1/build/keyboard_teleop/build/lib\n'}
[0.992962] (face_detect_base) StdoutLine: {'line': b'copying face_detect_base/face_detect_node.py -> /home/GTL/apaul/ros2_hw1/build/face_detect_base/build/lib/face_detect_base\n'}
[0.993072] (keyboard_teleop) StdoutLine: {'line': b'creating /home/GTL/apaul/ros2_hw1/build/keyboard_teleop/build/lib/keyboard_teleop\n'}
[0.994307] (keyboard_teleop) StdoutLine: {'line': b'copying keyboard_teleop/teleop.py -> /home/GTL/apaul/ros2_hw1/build/keyboard_teleop/build/lib/keyboard_teleop\n'}
[0.994575] (face_detect_base) StdoutLine: {'line': b'copying face_detect_base/__init__.py -> /home/GTL/apaul/ros2_hw1/build/face_detect_base/build/lib/face_detect_base\n'}
[0.995893] (face_detect_base) StdoutLine: {'line': b'running install\n'}
[0.996110] (vrep4_helpers) StdoutLine: {'line': b'-- Found Python3: /usr/bin/python3 (found version "3.10.12") found components: Interpreter \n'}
[0.996215] (face_detect_base) StdoutLine: {'line': b'running install_lib\n'}
[0.996265] (keyboard_teleop) StdoutLine: {'line': b'copying keyboard_teleop/__init__.py -> /home/GTL/apaul/ros2_hw1/build/keyboard_teleop/build/lib/keyboard_teleop\n'}
[0.997535] (keyboard_teleop) StdoutLine: {'line': b'copying keyboard_teleop/keyboard_joy.py -> /home/GTL/apaul/ros2_hw1/build/keyboard_teleop/build/lib/keyboard_teleop\n'}
[0.999135] (face_detect_base) StdoutLine: {'line': b'running install_data\n'}
[0.999204] (keyboard_teleop) StdoutLine: {'line': b'running install\n'}
[0.999426] (keyboard_teleop) StdoutLine: {'line': b'running install_lib\n'}
[1.000121] (face_detect_base) StdoutLine: {'line': b'running install_egg_info\n'}
[1.000867] (-) TimerEvent: {}
[1.001396] (face_detect_base) StdoutLine: {'line': b"removing '/home/GTL/apaul/ros2_hw1/install/face_detect_base/lib/python3.10/site-packages/face_detect_base-0.0.0-py3.10.egg-info' (and everything under it)\n"}
[1.002799] (keyboard_teleop) StdoutLine: {'line': b'running install_data\n'}
[1.003419] (keyboard_teleop) StdoutLine: {'line': b'running install_egg_info\n'}
[1.004412] (face_detect_base) StdoutLine: {'line': b'Copying ../../build/face_detect_base/face_detect_base.egg-info to /home/GTL/apaul/ros2_hw1/install/face_detect_base/lib/python3.10/site-packages/face_detect_base-0.0.0-py3.10.egg-info\n'}
[1.004627] (keyboard_teleop) StdoutLine: {'line': b"removing '/home/GTL/apaul/ros2_hw1/install/keyboard_teleop/lib/python3.10/site-packages/keyboard_teleop-0.0.0-py3.10.egg-info' (and everything under it)\n"}
[1.007802] (keyboard_teleop) StdoutLine: {'line': b'Copying ../../build/keyboard_teleop/keyboard_teleop.egg-info to /home/GTL/apaul/ros2_hw1/install/keyboard_teleop/lib/python3.10/site-packages/keyboard_teleop-0.0.0-py3.10.egg-info\n'}
[1.021682] (face_detect_base) StdoutLine: {'line': b'running install_scripts\n'}
[1.025085] (keyboard_teleop) StdoutLine: {'line': b'running install_scripts\n'}
[1.036313] (face_detect_base) StdoutLine: {'line': b'Installing face_detect_node script to /home/GTL/apaul/ros2_hw1/install/face_detect_base/lib/face_detect_base\n'}
[1.037975] (face_detect_base) StdoutLine: {'line': b"writing list of installed files to '/home/GTL/apaul/ros2_hw1/build/face_detect_base/install.log'\n"}
[1.039418] (keyboard_teleop) StdoutLine: {'line': b'Installing keyboard_joystick_node script to /home/GTL/apaul/ros2_hw1/install/keyboard_teleop/lib/keyboard_teleop\n'}
[1.040967] (keyboard_teleop) StdoutLine: {'line': b'Installing keyboard_teleop_node script to /home/GTL/apaul/ros2_hw1/install/keyboard_teleop/lib/keyboard_teleop\n'}
[1.042712] (keyboard_teleop) StdoutLine: {'line': b"writing list of installed files to '/home/GTL/apaul/ros2_hw1/build/keyboard_teleop/install.log'\n"}
[1.057764] (joy_pack) StdoutLine: {'line': b'-- Found rclcpp: 16.0.10 (/opt/ros/humble/share/rclcpp/cmake)\n'}
[1.059302] (face_detect_base) CommandEnded: {'returncode': 0}
[1.083636] (face_detect_base) JobEnded: {'identifier': 'face_detect_base', 'rc': 0}
[1.086603] (keyboard_teleop) CommandEnded: {'returncode': 0}
[1.100961] (-) TimerEvent: {}
[1.103466] (keyboard_teleop) JobEnded: {'identifier': 'keyboard_teleop', 'rc': 0}
[1.119209] (collision_avoidance_base) StdoutLine: {'line': b'-- Found rosidl_generator_c: 3.1.5 (/opt/ros/humble/share/rosidl_generator_c/cmake)\n'}
[1.149770] (collision_avoidance_base) StdoutLine: {'line': b'-- Found rosidl_adapter: 3.1.5 (/opt/ros/humble/share/rosidl_adapter/cmake)\n'}
[1.182051] (collision_avoidance_base) StdoutLine: {'line': b'-- Found rosidl_generator_cpp: 3.1.5 (/opt/ros/humble/share/rosidl_generator_cpp/cmake)\n'}
[1.201054] (-) TimerEvent: {}
[1.219649] (collision_avoidance_base) StdoutLine: {'line': b'-- Using all available rosidl_typesupport_c: rosidl_typesupport_fastrtps_c;rosidl_typesupport_introspection_c\n'}
[1.222656] (joy_pack) StdoutLine: {'line': b'-- Found rosidl_generator_c: 3.1.5 (/opt/ros/humble/share/rosidl_generator_c/cmake)\n'}
[1.249610] (vrep4_helpers) StdoutLine: {'line': b'-- Found depth_image_proc: 3.0.6 (/opt/ros/humble/share/depth_image_proc/cmake)\n'}
[1.251300] (joy_pack) StdoutLine: {'line': b'-- Found rosidl_adapter: 3.1.5 (/opt/ros/humble/share/rosidl_adapter/cmake)\n'}
[1.273345] (collision_avoidance_base) StdoutLine: {'line': b'-- Using all available rosidl_typesupport_cpp: rosidl_typesupport_fastrtps_cpp;rosidl_typesupport_introspection_cpp\n'}
[1.281082] (joy_pack) StdoutLine: {'line': b'-- Found rosidl_generator_cpp: 3.1.5 (/opt/ros/humble/share/rosidl_generator_cpp/cmake)\n'}
[1.301148] (-) TimerEvent: {}
[1.312827] (joy_pack) StdoutLine: {'line': b'-- Using all available rosidl_typesupport_c: rosidl_typesupport_fastrtps_c;rosidl_typesupport_introspection_c\n'}
[1.364542] (joy_pack) StdoutLine: {'line': b'-- Using all available rosidl_typesupport_cpp: rosidl_typesupport_fastrtps_cpp;rosidl_typesupport_introspection_cpp\n'}
[1.401265] (-) TimerEvent: {}
[1.434464] (vrep4_helpers) StdoutLine: {'line': b'-- Found rosidl_generator_c: 3.1.5 (/opt/ros/humble/share/rosidl_generator_c/cmake)\n'}
[1.448864] (collision_avoidance_base) StdoutLine: {'line': b'-- Found rmw_implementation_cmake: 6.1.2 (/opt/ros/humble/share/rmw_implementation_cmake/cmake)\n'}
[1.461455] (vrep4_helpers) StdoutLine: {'line': b'-- Found rosidl_adapter: 3.1.5 (/opt/ros/humble/share/rosidl_adapter/cmake)\n'}
[1.465592] (collision_avoidance_base) StdoutLine: {'line': b'-- Found rmw_cyclonedds_cpp: 1.3.4 (/opt/ros/humble/share/rmw_cyclonedds_cpp/cmake)\n'}
[1.490147] (vrep4_helpers) StdoutLine: {'line': b'-- Found rosidl_generator_cpp: 3.1.5 (/opt/ros/humble/share/rosidl_generator_cpp/cmake)\n'}
[1.501332] (-) TimerEvent: {}
[1.512854] (joy_pack) StdoutLine: {'line': b'-- Found rmw_implementation_cmake: 6.1.2 (/opt/ros/humble/share/rmw_implementation_cmake/cmake)\n'}
[1.521642] (vrep4_helpers) StdoutLine: {'line': b'-- Using all available rosidl_typesupport_c: rosidl_typesupport_fastrtps_c;rosidl_typesupport_introspection_c\n'}
[1.526689] (joy_pack) StdoutLine: {'line': b'-- Found rmw_cyclonedds_cpp: 1.3.4 (/opt/ros/humble/share/rmw_cyclonedds_cpp/cmake)\n'}
[1.560648] (collision_avoidance_base) StdoutLine: {'line': b"-- Using RMW implementation 'rmw_cyclonedds_cpp' as default\n"}
[1.568189] (vrep4_helpers) StdoutLine: {'line': b'-- Using all available rosidl_typesupport_cpp: rosidl_typesupport_fastrtps_cpp;rosidl_typesupport_introspection_cpp\n'}
[1.601402] (-) TimerEvent: {}
[1.611360] (joy_pack) StdoutLine: {'line': b"-- Using RMW implementation 'rmw_cyclonedds_cpp' as default\n"}
[1.701494] (-) TimerEvent: {}
[1.801717] (-) TimerEvent: {}
[1.894050] (vrep4_helpers) StdoutLine: {'line': b'-- Found rmw_implementation_cmake: 6.1.2 (/opt/ros/humble/share/rmw_implementation_cmake/cmake)\n'}
[1.901782] (-) TimerEvent: {}
[1.909766] (vrep4_helpers) StdoutLine: {'line': b'-- Found rmw_cyclonedds_cpp: 1.3.4 (/opt/ros/humble/share/rmw_cyclonedds_cpp/cmake)\n'}
[2.001879] (-) TimerEvent: {}
[2.004786] (vrep4_helpers) StdoutLine: {'line': b"-- Using RMW implementation 'rmw_cyclonedds_cpp' as default\n"}
[2.101974] (-) TimerEvent: {}
[2.202200] (-) TimerEvent: {}
[2.208328] (vrep4_helpers) StdoutLine: {'line': b'-- Looking for pthread.h\n'}
[2.208471] (collision_avoidance_base) StdoutLine: {'line': b'-- Looking for pthread.h\n'}
[2.208516] (joy_pack) StdoutLine: {'line': b'-- Looking for pthread.h\n'}
[2.302302] (-) TimerEvent: {}
[2.304654] (vrep4_helpers) StdoutLine: {'line': b'-- Looking for pthread.h - found\n'}
[2.305022] (joy_pack) StdoutLine: {'line': b'-- Looking for pthread.h - found\n'}
[2.305295] (collision_avoidance_base) StdoutLine: {'line': b'-- Looking for pthread.h - found\n'}
[2.306609] (vrep4_helpers) StdoutLine: {'line': b'-- Performing Test CMAKE_HAVE_LIBC_PTHREAD\n'}
[2.306762] (joy_pack) StdoutLine: {'line': b'-- Performing Test CMAKE_HAVE_LIBC_PTHREAD\n'}
[2.307126] (collision_avoidance_base) StdoutLine: {'line': b'-- Performing Test CMAKE_HAVE_LIBC_PTHREAD\n'}
[2.402387] (-) TimerEvent: {}
[2.403911] (vrep4_helpers) StdoutLine: {'line': b'-- Performing Test CMAKE_HAVE_LIBC_PTHREAD - Success\n'}
[2.404074] (joy_pack) StdoutLine: {'line': b'-- Performing Test CMAKE_HAVE_LIBC_PTHREAD - Success\n'}
[2.404135] (collision_avoidance_base) StdoutLine: {'line': b'-- Performing Test CMAKE_HAVE_LIBC_PTHREAD - Success\n'}
[2.405195] (joy_pack) StdoutLine: {'line': b'-- Found Threads: TRUE  \n'}
[2.405287] (collision_avoidance_base) StdoutLine: {'line': b'-- Found Threads: TRUE  \n'}
[2.405344] (vrep4_helpers) StdoutLine: {'line': b'-- Found Threads: TRUE  \n'}
[2.502486] (-) TimerEvent: {}
[2.508103] (collision_avoidance_base) StdoutLine: {'line': b'-- Found sensor_msgs: 4.2.4 (/opt/ros/humble/share/sensor_msgs/cmake)\n'}
[2.512968] (joy_pack) StdoutLine: {'line': b'-- Found sensor_msgs: 4.2.4 (/opt/ros/humble/share/sensor_msgs/cmake)\n'}
[2.560405] (joy_pack) StdoutLine: {'line': b'-- Found ament_lint_auto: 0.12.11 (/opt/ros/humble/share/ament_lint_auto/cmake)\n'}
[2.564155] (collision_avoidance_base) StdoutLine: {'line': b"-- Checking for module 'eigen3'\n"}
[2.570745] (collision_avoidance_base) StdoutLine: {'line': b'--   Found eigen3, version 3.4.0\n'}
[2.585768] (collision_avoidance_base) StdoutLine: {'line': b'-- Found Eigen: /usr/include/eigen3 (Required is at least version "3.1") \n'}
[2.585887] (collision_avoidance_base) StdoutLine: {'line': b'-- Eigen found (include: /usr/include/eigen3, version: 3.4.0)\n'}
[2.602571] (-) TimerEvent: {}
[2.702845] (-) TimerEvent: {}
[2.738519] (collision_avoidance_base) StdoutLine: {'line': b"-- Checking for module 'libusb-1.0'\n"}
[2.744038] (collision_avoidance_base) StdoutLine: {'line': b'--   Found libusb-1.0, version 1.0.25\n'}
[2.758816] (collision_avoidance_base) StdoutLine: {'line': b'-- Found libusb: /usr/lib/x86_64-linux-gnu/libusb-1.0.so  \n'}
[2.759381] (collision_avoidance_base) StdoutLine: {'line': b'-- OpenNI found (version: 1.5.4.0, include: /usr/include/ni, lib: /usr/lib/libOpenNI.so;libusb::libusb)\n'}
[2.782803] (collision_avoidance_base) StdoutLine: {'line': b'-- OpenNI2 found (version: 2.2.0.33, include: /usr/include/openni2, lib: /usr/lib/x86_64-linux-gnu/libOpenNI2.so;libusb::libusb)\n'}
[2.802950] (-) TimerEvent: {}
[2.854893] (vrep4_helpers) StdoutLine: {'line': b'-- Found ament_lint_auto: 0.12.11 (/opt/ros/humble/share/ament_lint_auto/cmake)\n'}
[2.903049] (-) TimerEvent: {}
[2.955127] (joy_pack) StdoutLine: {'line': b"-- Added test 'cppcheck' to perform static code analysis on C / C++ code\n"}
[2.955294] (joy_pack) StdoutLine: {'line': b'-- Configured cppcheck include dirs: \n'}
[2.955339] (joy_pack) StdoutLine: {'line': b'-- Configured cppcheck exclude dirs and/or files: \n'}
[2.976341] (joy_pack) StdoutLine: {'line': b"-- Added test 'flake8' to check Python code syntax and style conventions\n"}
[3.003145] (-) TimerEvent: {}
[3.016319] (joy_pack) StdoutLine: {'line': b"-- Added test 'lint_cmake' to check CMake code style\n"}
[3.037177] (joy_pack) StdoutLine: {'line': b"-- Added test 'pep257' to check Python code against some of the docstring style conventions in PEP 257\n"}
[3.103245] (-) TimerEvent: {}
[3.173934] (vrep4_helpers) StdoutLine: {'line': b"-- Added test 'cppcheck' to perform static code analysis on C / C++ code\n"}
[3.174184] (vrep4_helpers) StdoutLine: {'line': b'-- Configured cppcheck include dirs: $<BUILD_INTERFACE:/home/GTL/apaul/ros2_hw1/src/vrep4_helpers/include>\n'}
[3.174236] (vrep4_helpers) StdoutLine: {'line': b'-- Configured cppcheck exclude dirs and/or files: \n'}
[3.184605] (joy_pack) StdoutLine: {'line': b"-- Added test 'uncrustify' to check C / C++ code style\n"}
[3.184667] (joy_pack) StdoutLine: {'line': b'-- Configured uncrustify additional arguments: \n'}
[3.190436] (vrep4_helpers) StdoutLine: {'line': b"-- Added test 'flake8' to check Python code syntax and style conventions\n"}
[3.203298] (-) TimerEvent: {}
[3.205778] (joy_pack) StdoutLine: {'line': b"-- Added test 'xmllint' to check XML markup files\n"}
[3.220860] (vrep4_helpers) StdoutLine: {'line': b"-- Added test 'lint_cmake' to check CMake code style\n"}
[3.222093] (joy_pack) StdoutLine: {'line': b'-- Configuring done\n'}
[3.238288] (vrep4_helpers) StdoutLine: {'line': b"-- Added test 'pep257' to check Python code against some of the docstring style conventions in PEP 257\n"}
[3.293372] (joy_pack) StdoutLine: {'line': b'-- Generating done\n'}
[3.303368] (-) TimerEvent: {}
[3.306794] (joy_pack) StdoutLine: {'line': b'-- Build files have been written to: /home/GTL/apaul/ros2_hw1/build/joy_pack\n'}
[3.312155] (joy_pack) CommandEnded: {'returncode': 0}
[3.313024] (joy_pack) JobProgress: {'identifier': 'joy_pack', 'progress': 'build'}
[3.313782] (joy_pack) Command: {'cmd': ['/usr/bin/cmake', '--build', '/home/GTL/apaul/ros2_hw1/build/joy_pack', '--', '-j16', '-l16'], 'cwd': '/home/GTL/apaul/ros2_hw1/build/joy_pack', 'env': OrderedDict([('USER', 'apaul'), ('XDG_SESSION_TYPE', 'x11'), ('SHLVL', '1'), ('LD_LIBRARY_PATH', '/usr/lib/x86_64-linux-gnu/gazebo-11/plugins:/opt/ros/humble/opt/rviz_ogre_vendor/lib:/opt/ros/humble/lib/x86_64-linux-gnu:/opt/ros/humble/lib'), ('HOME', '/home/GTL/apaul'), ('CYCLONEDDS_URI', '/cs-share/pradalier/gtlpc_cyclonedds.xml'), ('OLDPWD', '/home/GTL/apaul/ros2_hw1/src'), ('DESKTOP_SESSION', 'ubuntu'), ('ROS_PYTHON_VERSION', '3'), ('GNOME_SHELL_SESSION_MODE', 'ubuntu'), ('GTK_MODULES', 'gail:atk-bridge'), ('MANAGERPID', '1071145'), ('SYSTEMD_EXEC_PID', '1071585'), ('DBUS_SESSION_BUS_ADDRESS', 'unix:path=/run/user/37726/bus'), ('COLORTERM', 'truecolor'), ('TERMINATOR_DBUS_NAME', 'net.tenshu.Terminator23558193cd9818af7fe4d2c2f5bd9d00f'), ('GIO_LAUNCHED_DESKTOP_FILE_PID', '1071980'), ('COLCON_PREFIX_PATH', '/home/GTL/apaul/ros2_hw1/install:/home/GTL/apaul/ros2_hw1/src/vrep4_helpers/install'), ('ROS_DISTRO', 'humble'), ('GTK_IM_MODULE', 'ibus'), ('LOGNAME', 'apaul'), ('JOURNAL_STREAM', '8:2246850'), ('_', '/usr/bin/colcon'), ('ROS_VERSION', '2'), ('XDG_SESSION_CLASS', 'user'), ('USERNAME', 'apaul'), ('TERM', 'xterm-256color'), ('GNOME_DESKTOP_SESSION_ID', 'this-is-deprecated'), ('ROS_LOCALHOST_ONLY', '0'), ('WINDOWPATH', '2'), ('PATH', '/opt/ros/humble/bin:/usr/local/sbin:/usr/local/bin:/usr/sbin:/usr/bin:/sbin:/bin:/usr/games:/usr/local/games:/snap/bin:/snap/bin'), ('SESSION_MANAGER', 'local/gtlpc106.georgiatech-metz.fr:@/tmp/.ICE-unix/1071391,unix/gtlpc106.georgiatech-metz.fr:/tmp/.ICE-unix/1071391'), ('INVOCATION_ID', 'e137ece9deb944cba058841357979c47'), ('XDG_MENU_PREFIX', 'gnome-'), ('XDG_RUNTIME_DIR', '/run/user/37726'), ('DISPLAY', ':1'), ('TERMINATOR_DBUS_PATH', '/net/tenshu/Terminator2'), ('LANG', 'en_US.UTF-8'), ('XDG_CURRENT_DESKTOP', 'ubuntu:GNOME'), ('IBUS_DISABLE_SNOOPER', '1'), ('RMW_IMPLEMENTATION', 'rmw_cyclonedds_cpp'), ('XMODIFIERS', '@im=ibus'), ('XDG_SESSION_DESKTOP', 'ubuntu'), ('XAUTHORITY', '/run/user/37726/gdm/Xauthority'), ('SSH_AGENT_LAUNCHER', 'gnome-keyring'), ('SSH_AUTH_SOCK', '/run/user/37726/keyring/ssh'), ('ROS_DOMAIN_ID', '56'), ('AMENT_PREFIX_PATH', '/home/GTL/apaul/ros2_hw1/install/vrep4_helpers:/home/GTL/apaul/ros2_hw1/install/keyboard_teleop:/home/GTL/apaul/ros2_hw1/install/joy_pack:/home/GTL/apaul/ros2_hw1/install/face_detect_base:/home/GTL/apaul/ros2_hw1/install/collision_avoidance_base:/home/GTL/apaul/ros2_hw1/src/vrep4_helpers/install/vrep4_helpers:/opt/ros/humble'), ('SHELL', '/bin/bash'), ('TERMINATOR_UUID', 'urn:uuid:e973c28b-d7f8-47e2-b349-dd28fc28971e'), ('KRB5CCNAME', 'FILE:/tmp/krb5cc_37726'), ('QT_ACCESSIBILITY', '1'), ('GDMSESSION', 'ubuntu'), ('GPG_AGENT_INFO', '/run/user/37726/gnupg/S.gpg-agent:0:1'), ('QT_IM_MODULE', 'ibus'), ('PWD', '/home/GTL/apaul/ros2_hw1/build/joy_pack'), ('XDG_CONFIG_DIRS', '/etc/xdg/xdg-ubuntu:/etc/xdg'), ('XDG_DATA_DIRS', '/usr/share/ubuntu:/usr/share/gnome:/usr/local/share/:/usr/share/:/var/lib/snapd/desktop'), ('PYTHONPATH', '/home/GTL/apaul/ros2_hw1/install/keyboard_teleop/lib/python3.10/site-packages:/home/GTL/apaul/ros2_hw1/install/face_detect_base/lib/python3.10/site-packages:/opt/ros/humble/lib/python3.10/site-packages:/opt/ros/humble/local/lib/python3.10/dist-packages'), ('COLCON', '1'), ('VTE_VERSION', '6800'), ('CMAKE_PREFIX_PATH', '/home/GTL/apaul/ros2_hw1/install/vrep4_helpers:/home/GTL/apaul/ros2_hw1/install/joy_pack:/home/GTL/apaul/ros2_hw1/install/collision_avoidance_base:/home/GTL/apaul/ros2_hw1/src/vrep4_helpers/install/vrep4_helpers:/home/GTL/apaul/ros2_hw1/install/keyboard_teleop:/home/GTL/apaul/ros2_hw1/install/face_detect_base:/opt/ros/humble')]), 'shell': False}
[3.361586] (joy_pack) StdoutLine: {'line': b'[ 50%] \x1b[32mBuilding CXX object CMakeFiles/joy_node.dir/src/joy_function.cpp.o\x1b[0m\n'}
[3.363295] (vrep4_helpers) StdoutLine: {'line': b"-- Added test 'uncrustify' to check C / C++ code style\n"}
[3.363384] (vrep4_helpers) StdoutLine: {'line': b'-- Configured uncrustify additional arguments: \n'}
[3.379967] (vrep4_helpers) StdoutLine: {'line': b"-- Added test 'xmllint' to check XML markup files\n"}
[3.394136] (vrep4_helpers) StdoutLine: {'line': b'-- Configuring done\n'}
[3.403486] (-) TimerEvent: {}
[3.503732] (-) TimerEvent: {}
[3.517747] (vrep4_helpers) StdoutLine: {'line': b'-- Generating done\n'}
[3.537275] (vrep4_helpers) StdoutLine: {'line': b'-- Build files have been written to: /home/GTL/apaul/ros2_hw1/build/vrep4_helpers\n'}
[3.545768] (vrep4_helpers) CommandEnded: {'returncode': 0}
[3.546565] (vrep4_helpers) JobProgress: {'identifier': 'vrep4_helpers', 'progress': 'build'}
[3.547203] (vrep4_helpers) Command: {'cmd': ['/usr/bin/cmake', '--build', '/home/GTL/apaul/ros2_hw1/build/vrep4_helpers', '--', '-j16', '-l16'], 'cwd': '/home/GTL/apaul/ros2_hw1/build/vrep4_helpers', 'env': OrderedDict([('USER', 'apaul'), ('XDG_SESSION_TYPE', 'x11'), ('SHLVL', '1'), ('LD_LIBRARY_PATH', '/usr/lib/x86_64-linux-gnu/gazebo-11/plugins:/opt/ros/humble/opt/rviz_ogre_vendor/lib:/opt/ros/humble/lib/x86_64-linux-gnu:/opt/ros/humble/lib'), ('HOME', '/home/GTL/apaul'), ('CYCLONEDDS_URI', '/cs-share/pradalier/gtlpc_cyclonedds.xml'), ('OLDPWD', '/home/GTL/apaul/ros2_hw1/src'), ('DESKTOP_SESSION', 'ubuntu'), ('ROS_PYTHON_VERSION', '3'), ('GNOME_SHELL_SESSION_MODE', 'ubuntu'), ('GTK_MODULES', 'gail:atk-bridge'), ('MANAGERPID', '1071145'), ('SYSTEMD_EXEC_PID', '1071585'), ('DBUS_SESSION_BUS_ADDRESS', 'unix:path=/run/user/37726/bus'), ('COLORTERM', 'truecolor'), ('TERMINATOR_DBUS_NAME', 'net.tenshu.Terminator23558193cd9818af7fe4d2c2f5bd9d00f'), ('GIO_LAUNCHED_DESKTOP_FILE_PID', '1071980'), ('COLCON_PREFIX_PATH', '/home/GTL/apaul/ros2_hw1/install:/home/GTL/apaul/ros2_hw1/src/vrep4_helpers/install'), ('ROS_DISTRO', 'humble'), ('GTK_IM_MODULE', 'ibus'), ('LOGNAME', 'apaul'), ('JOURNAL_STREAM', '8:2246850'), ('_', '/usr/bin/colcon'), ('ROS_VERSION', '2'), ('XDG_SESSION_CLASS', 'user'), ('USERNAME', 'apaul'), ('TERM', 'xterm-256color'), ('GNOME_DESKTOP_SESSION_ID', 'this-is-deprecated'), ('ROS_LOCALHOST_ONLY', '0'), ('WINDOWPATH', '2'), ('PATH', '/opt/ros/humble/bin:/usr/local/sbin:/usr/local/bin:/usr/sbin:/usr/bin:/sbin:/bin:/usr/games:/usr/local/games:/snap/bin:/snap/bin'), ('SESSION_MANAGER', 'local/gtlpc106.georgiatech-metz.fr:@/tmp/.ICE-unix/1071391,unix/gtlpc106.georgiatech-metz.fr:/tmp/.ICE-unix/1071391'), ('INVOCATION_ID', 'e137ece9deb944cba058841357979c47'), ('XDG_MENU_PREFIX', 'gnome-'), ('XDG_RUNTIME_DIR', '/run/user/37726'), ('DISPLAY', ':1'), ('TERMINATOR_DBUS_PATH', '/net/tenshu/Terminator2'), ('LANG', 'en_US.UTF-8'), ('XDG_CURRENT_DESKTOP', 'ubuntu:GNOME'), ('IBUS_DISABLE_SNOOPER', '1'), ('RMW_IMPLEMENTATION', 'rmw_cyclonedds_cpp'), ('XMODIFIERS', '@im=ibus'), ('XDG_SESSION_DESKTOP', 'ubuntu'), ('XAUTHORITY', '/run/user/37726/gdm/Xauthority'), ('SSH_AGENT_LAUNCHER', 'gnome-keyring'), ('SSH_AUTH_SOCK', '/run/user/37726/keyring/ssh'), ('ROS_DOMAIN_ID', '56'), ('AMENT_PREFIX_PATH', '/home/GTL/apaul/ros2_hw1/install/vrep4_helpers:/home/GTL/apaul/ros2_hw1/install/keyboard_teleop:/home/GTL/apaul/ros2_hw1/install/joy_pack:/home/GTL/apaul/ros2_hw1/install/face_detect_base:/home/GTL/apaul/ros2_hw1/install/collision_avoidance_base:/home/GTL/apaul/ros2_hw1/src/vrep4_helpers/install/vrep4_helpers:/opt/ros/humble'), ('SHELL', '/bin/bash'), ('TERMINATOR_UUID', 'urn:uuid:e973c28b-d7f8-47e2-b349-dd28fc28971e'), ('KRB5CCNAME', 'FILE:/tmp/krb5cc_37726'), ('QT_ACCESSIBILITY', '1'), ('GDMSESSION', 'ubuntu'), ('GPG_AGENT_INFO', '/run/user/37726/gnupg/S.gpg-agent:0:1'), ('QT_IM_MODULE', 'ibus'), ('PWD', '/home/GTL/apaul/ros2_hw1/build/vrep4_helpers'), ('XDG_CONFIG_DIRS', '/etc/xdg/xdg-ubuntu:/etc/xdg'), ('XDG_DATA_DIRS', '/usr/share/ubuntu:/usr/share/gnome:/usr/local/share/:/usr/share/:/var/lib/snapd/desktop'), ('PYTHONPATH', '/home/GTL/apaul/ros2_hw1/install/keyboard_teleop/lib/python3.10/site-packages:/home/GTL/apaul/ros2_hw1/install/face_detect_base/lib/python3.10/site-packages:/opt/ros/humble/lib/python3.10/site-packages:/opt/ros/humble/local/lib/python3.10/dist-packages'), ('COLCON', '1'), ('VTE_VERSION', '6800'), ('CMAKE_PREFIX_PATH', '/home/GTL/apaul/ros2_hw1/install/vrep4_helpers:/home/GTL/apaul/ros2_hw1/install/joy_pack:/home/GTL/apaul/ros2_hw1/install/collision_avoidance_base:/home/GTL/apaul/ros2_hw1/src/vrep4_helpers/install/vrep4_helpers:/home/GTL/apaul/ros2_hw1/install/keyboard_teleop:/home/GTL/apaul/ros2_hw1/install/face_detect_base:/opt/ros/humble')]), 'shell': False}
[3.596525] (vrep4_helpers) StdoutLine: {'line': b'[ 50%] \x1b[32mBuilding CXX object CMakeFiles/image_flip.dir/src/image_flip.cpp.o\x1b[0m\n'}
[3.596675] (vrep4_helpers) StdoutLine: {'line': b'[ 50%] \x1b[32mBuilding CXX object CMakeFiles/clock_repeat.dir/src/clock_repeat.cpp.o\x1b[0m\n'}
[3.603819] (-) TimerEvent: {}
[3.704197] (-) TimerEvent: {}
[3.761485] (collision_avoidance_base) StdoutLine: {'line': b'-- Eigen found (include: /usr/include/eigen3, version: 3.4.0)\n'}
[3.762297] (collision_avoidance_base) StdoutLine: {'line': b'-- Found PCL_COMMON: /usr/lib/x86_64-linux-gnu/libpcl_common.so  \n'}
[3.762946] (collision_avoidance_base) StdoutLine: {'line': b'-- Found PCL_OCTREE: /usr/lib/x86_64-linux-gnu/libpcl_octree.so  \n'}
[3.763521] (collision_avoidance_base) StdoutLine: {'line': b'-- Found PCL_IO: /usr/lib/x86_64-linux-gnu/libpcl_io.so  \n'}
[3.790562] (collision_avoidance_base) StdoutLine: {'line': b'-- Found pcl_conversions: 2.4.5 (/opt/ros/humble/share/pcl_conversions/cmake)\n'}
[3.804303] (-) TimerEvent: {}
[3.872245] (collision_avoidance_base) StdoutLine: {'line': b'-- Found ament_lint_auto: 0.12.11 (/opt/ros/humble/share/ament_lint_auto/cmake)\n'}
[3.904407] (-) TimerEvent: {}
[4.004651] (-) TimerEvent: {}
[4.104906] (-) TimerEvent: {}
[4.106497] (collision_avoidance_base) StdoutLine: {'line': b"-- Added test 'cppcheck' to perform static code analysis on C / C++ code\n"}
[4.106700] (collision_avoidance_base) StdoutLine: {'line': b'-- Configured cppcheck include dirs: $<BUILD_INTERFACE:/home/GTL/apaul/ros2_hw1/src/collision_avoidance_base/include>\n'}
[4.106753] (collision_avoidance_base) StdoutLine: {'line': b'-- Configured cppcheck exclude dirs and/or files: \n'}
[4.111127] (collision_avoidance_base) StdoutLine: {'line': b"-- Added test 'flake8' to check Python code syntax and style conventions\n"}
[4.117559] (collision_avoidance_base) StdoutLine: {'line': b"-- Added test 'lint_cmake' to check CMake code style\n"}
[4.121902] (collision_avoidance_base) StdoutLine: {'line': b"-- Added test 'pep257' to check Python code against some of the docstring style conventions in PEP 257\n"}
[4.142090] (collision_avoidance_base) StdoutLine: {'line': b"-- Added test 'uncrustify' to check C / C++ code style\n"}
[4.142325] (collision_avoidance_base) StdoutLine: {'line': b'-- Configured uncrustify additional arguments: \n'}
[4.146726] (collision_avoidance_base) StdoutLine: {'line': b"-- Added test 'xmllint' to check XML markup files\n"}
[4.165317] (collision_avoidance_base) StdoutLine: {'line': b'-- Configuring done\n'}
[4.205002] (-) TimerEvent: {}
[4.269188] (collision_avoidance_base) StdoutLine: {'line': b'-- Generating done\n'}
[4.286919] (collision_avoidance_base) StdoutLine: {'line': b'-- Build files have been written to: /home/GTL/apaul/ros2_hw1/build/collision_avoidance_base\n'}
[4.297567] (collision_avoidance_base) CommandEnded: {'returncode': 0}
[4.298817] (collision_avoidance_base) JobProgress: {'identifier': 'collision_avoidance_base', 'progress': 'build'}
[4.299453] (collision_avoidance_base) Command: {'cmd': ['/usr/bin/cmake', '--build', '/home/GTL/apaul/ros2_hw1/build/collision_avoidance_base', '--', '-j16', '-l16'], 'cwd': '/home/GTL/apaul/ros2_hw1/build/collision_avoidance_base', 'env': OrderedDict([('USER', 'apaul'), ('XDG_SESSION_TYPE', 'x11'), ('SHLVL', '1'), ('LD_LIBRARY_PATH', '/usr/lib/x86_64-linux-gnu/gazebo-11/plugins:/opt/ros/humble/opt/rviz_ogre_vendor/lib:/opt/ros/humble/lib/x86_64-linux-gnu:/opt/ros/humble/lib'), ('HOME', '/home/GTL/apaul'), ('CYCLONEDDS_URI', '/cs-share/pradalier/gtlpc_cyclonedds.xml'), ('OLDPWD', '/home/GTL/apaul/ros2_hw1/src'), ('DESKTOP_SESSION', 'ubuntu'), ('ROS_PYTHON_VERSION', '3'), ('GNOME_SHELL_SESSION_MODE', 'ubuntu'), ('GTK_MODULES', 'gail:atk-bridge'), ('MANAGERPID', '1071145'), ('SYSTEMD_EXEC_PID', '1071585'), ('DBUS_SESSION_BUS_ADDRESS', 'unix:path=/run/user/37726/bus'), ('COLORTERM', 'truecolor'), ('TERMINATOR_DBUS_NAME', 'net.tenshu.Terminator23558193cd9818af7fe4d2c2f5bd9d00f'), ('GIO_LAUNCHED_DESKTOP_FILE_PID', '1071980'), ('COLCON_PREFIX_PATH', '/home/GTL/apaul/ros2_hw1/install:/home/GTL/apaul/ros2_hw1/src/vrep4_helpers/install'), ('ROS_DISTRO', 'humble'), ('GTK_IM_MODULE', 'ibus'), ('LOGNAME', 'apaul'), ('JOURNAL_STREAM', '8:2246850'), ('_', '/usr/bin/colcon'), ('ROS_VERSION', '2'), ('XDG_SESSION_CLASS', 'user'), ('USERNAME', 'apaul'), ('TERM', 'xterm-256color'), ('GNOME_DESKTOP_SESSION_ID', 'this-is-deprecated'), ('ROS_LOCALHOST_ONLY', '0'), ('WINDOWPATH', '2'), ('PATH', '/opt/ros/humble/bin:/usr/local/sbin:/usr/local/bin:/usr/sbin:/usr/bin:/sbin:/bin:/usr/games:/usr/local/games:/snap/bin:/snap/bin'), ('SESSION_MANAGER', 'local/gtlpc106.georgiatech-metz.fr:@/tmp/.ICE-unix/1071391,unix/gtlpc106.georgiatech-metz.fr:/tmp/.ICE-unix/1071391'), ('INVOCATION_ID', 'e137ece9deb944cba058841357979c47'), ('XDG_MENU_PREFIX', 'gnome-'), ('XDG_RUNTIME_DIR', '/run/user/37726'), ('DISPLAY', ':1'), ('TERMINATOR_DBUS_PATH', '/net/tenshu/Terminator2'), ('LANG', 'en_US.UTF-8'), ('XDG_CURRENT_DESKTOP', 'ubuntu:GNOME'), ('IBUS_DISABLE_SNOOPER', '1'), ('RMW_IMPLEMENTATION', 'rmw_cyclonedds_cpp'), ('XMODIFIERS', '@im=ibus'), ('XDG_SESSION_DESKTOP', 'ubuntu'), ('XAUTHORITY', '/run/user/37726/gdm/Xauthority'), ('SSH_AGENT_LAUNCHER', 'gnome-keyring'), ('SSH_AUTH_SOCK', '/run/user/37726/keyring/ssh'), ('ROS_DOMAIN_ID', '56'), ('AMENT_PREFIX_PATH', '/home/GTL/apaul/ros2_hw1/install/vrep4_helpers:/home/GTL/apaul/ros2_hw1/install/keyboard_teleop:/home/GTL/apaul/ros2_hw1/install/joy_pack:/home/GTL/apaul/ros2_hw1/install/face_detect_base:/home/GTL/apaul/ros2_hw1/install/collision_avoidance_base:/home/GTL/apaul/ros2_hw1/src/vrep4_helpers/install/vrep4_helpers:/opt/ros/humble'), ('SHELL', '/bin/bash'), ('TERMINATOR_UUID', 'urn:uuid:e973c28b-d7f8-47e2-b349-dd28fc28971e'), ('KRB5CCNAME', 'FILE:/tmp/krb5cc_37726'), ('QT_ACCESSIBILITY', '1'), ('GDMSESSION', 'ubuntu'), ('GPG_AGENT_INFO', '/run/user/37726/gnupg/S.gpg-agent:0:1'), ('QT_IM_MODULE', 'ibus'), ('PWD', '/home/GTL/apaul/ros2_hw1/build/collision_avoidance_base'), ('XDG_CONFIG_DIRS', '/etc/xdg/xdg-ubuntu:/etc/xdg'), ('XDG_DATA_DIRS', '/usr/share/ubuntu:/usr/share/gnome:/usr/local/share/:/usr/share/:/var/lib/snapd/desktop'), ('PYTHONPATH', '/home/GTL/apaul/ros2_hw1/install/keyboard_teleop/lib/python3.10/site-packages:/home/GTL/apaul/ros2_hw1/install/face_detect_base/lib/python3.10/site-packages:/opt/ros/humble/lib/python3.10/site-packages:/opt/ros/humble/local/lib/python3.10/dist-packages'), ('COLCON', '1'), ('VTE_VERSION', '6800'), ('CMAKE_PREFIX_PATH', '/home/GTL/apaul/ros2_hw1/install/vrep4_helpers:/home/GTL/apaul/ros2_hw1/install/joy_pack:/home/GTL/apaul/ros2_hw1/install/collision_avoidance_base:/home/GTL/apaul/ros2_hw1/src/vrep4_helpers/install/vrep4_helpers:/home/GTL/apaul/ros2_hw1/install/keyboard_teleop:/home/GTL/apaul/ros2_hw1/install/face_detect_base:/opt/ros/humble')]), 'shell': False}
[4.305234] (-) TimerEvent: {}
[4.369727] (collision_avoidance_base) StdoutLine: {'line': b'[ 50%] \x1b[32mBuilding CXX object CMakeFiles/collision_avoidance_base.dir/src/collision_avoidance.cpp.o\x1b[0m\n'}
[4.405354] (-) TimerEvent: {}
[4.505628] (-) TimerEvent: {}
[4.605891] (-) TimerEvent: {}
[4.706161] (-) TimerEvent: {}
[4.806484] (-) TimerEvent: {}
[4.906778] (-) TimerEvent: {}
[5.007049] (-) TimerEvent: {}
[5.107332] (-) TimerEvent: {}
[5.207597] (-) TimerEvent: {}
[5.307891] (-) TimerEvent: {}
[5.408856] (-) TimerEvent: {}
[5.509132] (-) TimerEvent: {}
[5.609411] (-) TimerEvent: {}
[5.709736] (-) TimerEvent: {}
[5.810074] (-) TimerEvent: {}
[5.910362] (-) TimerEvent: {}
[6.010640] (-) TimerEvent: {}
[6.110990] (-) TimerEvent: {}
[6.211297] (-) TimerEvent: {}
[6.311596] (-) TimerEvent: {}
[6.411934] (-) TimerEvent: {}
[6.512293] (-) TimerEvent: {}
[6.612626] (-) TimerEvent: {}
[6.712946] (-) TimerEvent: {}
[6.813306] (-) TimerEvent: {}
[6.913671] (-) TimerEvent: {}
[6.921421] (vrep4_helpers) StdoutLine: {'line': b'[ 75%] \x1b[32m\x1b[1mLinking CXX executable image_flip\x1b[0m\n'}
[7.013790] (-) TimerEvent: {}
[7.114077] (-) TimerEvent: {}
[7.214375] (-) TimerEvent: {}
[7.314678] (-) TimerEvent: {}
[7.414942] (-) TimerEvent: {}
[7.417061] (vrep4_helpers) StdoutLine: {'line': b'[ 75%] Built target image_flip\n'}
[7.515074] (-) TimerEvent: {}
[7.615352] (-) TimerEvent: {}
[7.715630] (-) TimerEvent: {}
[7.815891] (-) TimerEvent: {}
[7.916157] (-) TimerEvent: {}
[8.016417] (-) TimerEvent: {}
[8.116683] (-) TimerEvent: {}
[8.216946] (-) TimerEvent: {}
[8.317211] (-) TimerEvent: {}
[8.417900] (-) TimerEvent: {}
[8.518241] (-) TimerEvent: {}
[8.618514] (-) TimerEvent: {}
[8.718753] (-) TimerEvent: {}
[8.819030] (-) TimerEvent: {}
[8.919313] (-) TimerEvent: {}
[9.019596] (-) TimerEvent: {}
[9.119879] (-) TimerEvent: {}
[9.217757] (joy_pack) StdoutLine: {'line': b'[100%] \x1b[32m\x1b[1mLinking CXX executable joy_node\x1b[0m\n'}
[9.219974] (-) TimerEvent: {}
[9.320316] (-) TimerEvent: {}
[9.420644] (-) TimerEvent: {}
[9.520907] (-) TimerEvent: {}
[9.547941] (joy_pack) StdoutLine: {'line': b'[100%] Built target joy_node\n'}
[9.558650] (joy_pack) CommandEnded: {'returncode': 0}
[9.577264] (joy_pack) JobProgress: {'identifier': 'joy_pack', 'progress': 'install'}
[9.583555] (joy_pack) Command: {'cmd': ['/usr/bin/cmake', '--install', '/home/GTL/apaul/ros2_hw1/build/joy_pack'], 'cwd': '/home/GTL/apaul/ros2_hw1/build/joy_pack', 'env': OrderedDict([('USER', 'apaul'), ('XDG_SESSION_TYPE', 'x11'), ('SHLVL', '1'), ('LD_LIBRARY_PATH', '/usr/lib/x86_64-linux-gnu/gazebo-11/plugins:/opt/ros/humble/opt/rviz_ogre_vendor/lib:/opt/ros/humble/lib/x86_64-linux-gnu:/opt/ros/humble/lib'), ('HOME', '/home/GTL/apaul'), ('CYCLONEDDS_URI', '/cs-share/pradalier/gtlpc_cyclonedds.xml'), ('OLDPWD', '/home/GTL/apaul/ros2_hw1/src'), ('DESKTOP_SESSION', 'ubuntu'), ('ROS_PYTHON_VERSION', '3'), ('GNOME_SHELL_SESSION_MODE', 'ubuntu'), ('GTK_MODULES', 'gail:atk-bridge'), ('MANAGERPID', '1071145'), ('SYSTEMD_EXEC_PID', '1071585'), ('DBUS_SESSION_BUS_ADDRESS', 'unix:path=/run/user/37726/bus'), ('COLORTERM', 'truecolor'), ('TERMINATOR_DBUS_NAME', 'net.tenshu.Terminator23558193cd9818af7fe4d2c2f5bd9d00f'), ('GIO_LAUNCHED_DESKTOP_FILE_PID', '1071980'), ('COLCON_PREFIX_PATH', '/home/GTL/apaul/ros2_hw1/install:/home/GTL/apaul/ros2_hw1/src/vrep4_helpers/install'), ('ROS_DISTRO', 'humble'), ('GTK_IM_MODULE', 'ibus'), ('LOGNAME', 'apaul'), ('JOURNAL_STREAM', '8:2246850'), ('_', '/usr/bin/colcon'), ('ROS_VERSION', '2'), ('XDG_SESSION_CLASS', 'user'), ('USERNAME', 'apaul'), ('TERM', 'xterm-256color'), ('GNOME_DESKTOP_SESSION_ID', 'this-is-deprecated'), ('ROS_LOCALHOST_ONLY', '0'), ('WINDOWPATH', '2'), ('PATH', '/opt/ros/humble/bin:/usr/local/sbin:/usr/local/bin:/usr/sbin:/usr/bin:/sbin:/bin:/usr/games:/usr/local/games:/snap/bin:/snap/bin'), ('SESSION_MANAGER', 'local/gtlpc106.georgiatech-metz.fr:@/tmp/.ICE-unix/1071391,unix/gtlpc106.georgiatech-metz.fr:/tmp/.ICE-unix/1071391'), ('INVOCATION_ID', 'e137ece9deb944cba058841357979c47'), ('XDG_MENU_PREFIX', 'gnome-'), ('XDG_RUNTIME_DIR', '/run/user/37726'), ('DISPLAY', ':1'), ('TERMINATOR_DBUS_PATH', '/net/tenshu/Terminator2'), ('LANG', 'en_US.UTF-8'), ('XDG_CURRENT_DESKTOP', 'ubuntu:GNOME'), ('IBUS_DISABLE_SNOOPER', '1'), ('RMW_IMPLEMENTATION', 'rmw_cyclonedds_cpp'), ('XMODIFIERS', '@im=ibus'), ('XDG_SESSION_DESKTOP', 'ubuntu'), ('XAUTHORITY', '/run/user/37726/gdm/Xauthority'), ('SSH_AGENT_LAUNCHER', 'gnome-keyring'), ('SSH_AUTH_SOCK', '/run/user/37726/keyring/ssh'), ('ROS_DOMAIN_ID', '56'), ('AMENT_PREFIX_PATH', '/home/GTL/apaul/ros2_hw1/install/vrep4_helpers:/home/GTL/apaul/ros2_hw1/install/keyboard_teleop:/home/GTL/apaul/ros2_hw1/install/joy_pack:/home/GTL/apaul/ros2_hw1/install/face_detect_base:/home/GTL/apaul/ros2_hw1/install/collision_avoidance_base:/home/GTL/apaul/ros2_hw1/src/vrep4_helpers/install/vrep4_helpers:/opt/ros/humble'), ('SHELL', '/bin/bash'), ('TERMINATOR_UUID', 'urn:uuid:e973c28b-d7f8-47e2-b349-dd28fc28971e'), ('KRB5CCNAME', 'FILE:/tmp/krb5cc_37726'), ('QT_ACCESSIBILITY', '1'), ('GDMSESSION', 'ubuntu'), ('GPG_AGENT_INFO', '/run/user/37726/gnupg/S.gpg-agent:0:1'), ('QT_IM_MODULE', 'ibus'), ('PWD', '/home/GTL/apaul/ros2_hw1/build/joy_pack'), ('XDG_CONFIG_DIRS', '/etc/xdg/xdg-ubuntu:/etc/xdg'), ('XDG_DATA_DIRS', '/usr/share/ubuntu:/usr/share/gnome:/usr/local/share/:/usr/share/:/var/lib/snapd/desktop'), ('PYTHONPATH', '/home/GTL/apaul/ros2_hw1/install/keyboard_teleop/lib/python3.10/site-packages:/home/GTL/apaul/ros2_hw1/install/face_detect_base/lib/python3.10/site-packages:/opt/ros/humble/lib/python3.10/site-packages:/opt/ros/humble/local/lib/python3.10/dist-packages'), ('COLCON', '1'), ('VTE_VERSION', '6800'), ('CMAKE_PREFIX_PATH', '/home/GTL/apaul/ros2_hw1/install/vrep4_helpers:/home/GTL/apaul/ros2_hw1/install/joy_pack:/home/GTL/apaul/ros2_hw1/install/collision_avoidance_base:/home/GTL/apaul/ros2_hw1/src/vrep4_helpers/install/vrep4_helpers:/home/GTL/apaul/ros2_hw1/install/keyboard_teleop:/home/GTL/apaul/ros2_hw1/install/face_detect_base:/opt/ros/humble')]), 'shell': False}
[9.590457] (joy_pack) StdoutLine: {'line': b'-- Install configuration: ""\n'}
[9.591964] (joy_pack) StdoutLine: {'line': b'-- Installing: /home/GTL/apaul/ros2_hw1/install/joy_pack/lib/joy_pack/joy_node\n'}
[9.620996] (-) TimerEvent: {}
[9.629802] (joy_pack) StdoutLine: {'line': b'-- Set runtime path of "/home/GTL/apaul/ros2_hw1/install/joy_pack/lib/joy_pack/joy_node" to ""\n'}
[9.630297] (joy_pack) StdoutLine: {'line': b'-- Installing: /home/GTL/apaul/ros2_hw1/install/joy_pack/share/ament_index/resource_index/package_run_dependencies/joy_pack\n'}
[9.635597] (joy_pack) StdoutLine: {'line': b'-- Installing: /home/GTL/apaul/ros2_hw1/install/joy_pack/share/ament_index/resource_index/parent_prefix_path/joy_pack\n'}
[9.640995] (joy_pack) StdoutLine: {'line': b'-- Up-to-date: /home/GTL/apaul/ros2_hw1/install/joy_pack/share/joy_pack/environment/ament_prefix_path.sh\n'}
[9.641469] (joy_pack) StdoutLine: {'line': b'-- Installing: /home/GTL/apaul/ros2_hw1/install/joy_pack/share/joy_pack/environment/ament_prefix_path.dsv\n'}
[9.645874] (joy_pack) StdoutLine: {'line': b'-- Up-to-date: /home/GTL/apaul/ros2_hw1/install/joy_pack/share/joy_pack/environment/path.sh\n'}
[9.646464] (joy_pack) StdoutLine: {'line': b'-- Installing: /home/GTL/apaul/ros2_hw1/install/joy_pack/share/joy_pack/environment/path.dsv\n'}
[9.651079] (joy_pack) StdoutLine: {'line': b'-- Installing: /home/GTL/apaul/ros2_hw1/install/joy_pack/share/joy_pack/local_setup.bash\n'}
[9.655785] (joy_pack) StdoutLine: {'line': b'-- Installing: /home/GTL/apaul/ros2_hw1/install/joy_pack/share/joy_pack/local_setup.sh\n'}
[9.661097] (joy_pack) StdoutLine: {'line': b'-- Installing: /home/GTL/apaul/ros2_hw1/install/joy_pack/share/joy_pack/local_setup.zsh\n'}
[9.665114] (joy_pack) StdoutLine: {'line': b'-- Installing: /home/GTL/apaul/ros2_hw1/install/joy_pack/share/joy_pack/local_setup.dsv\n'}
[9.669163] (joy_pack) StdoutLine: {'line': b'-- Installing: /home/GTL/apaul/ros2_hw1/install/joy_pack/share/joy_pack/package.dsv\n'}
[9.673844] (joy_pack) StdoutLine: {'line': b'-- Installing: /home/GTL/apaul/ros2_hw1/install/joy_pack/share/ament_index/resource_index/packages/joy_pack\n'}
[9.678870] (joy_pack) StdoutLine: {'line': b'-- Installing: /home/GTL/apaul/ros2_hw1/install/joy_pack/share/joy_pack/cmake/joy_packConfig.cmake\n'}
[9.683433] (joy_pack) StdoutLine: {'line': b'-- Installing: /home/GTL/apaul/ros2_hw1/install/joy_pack/share/joy_pack/cmake/joy_packConfig-version.cmake\n'}
[9.688026] (joy_pack) StdoutLine: {'line': b'-- Up-to-date: /home/GTL/apaul/ros2_hw1/install/joy_pack/share/joy_pack/package.xml\n'}
[9.690476] (joy_pack) CommandEnded: {'returncode': 0}
[9.721084] (-) TimerEvent: {}
[9.757479] (joy_pack) JobEnded: {'identifier': 'joy_pack', 'rc': 0}
[9.821316] (-) TimerEvent: {}
[9.921721] (-) TimerEvent: {}
[10.021992] (-) TimerEvent: {}
[10.122257] (-) TimerEvent: {}
[10.222523] (-) TimerEvent: {}
[10.322807] (-) TimerEvent: {}
[10.423085] (-) TimerEvent: {}
[10.523358] (-) TimerEvent: {}
[10.623634] (-) TimerEvent: {}
[10.723914] (-) TimerEvent: {}
[10.824170] (-) TimerEvent: {}
[10.924442] (-) TimerEvent: {}
[11.024716] (-) TimerEvent: {}
[11.124998] (-) TimerEvent: {}
[11.225254] (-) TimerEvent: {}
[11.325517] (-) TimerEvent: {}
[11.425801] (-) TimerEvent: {}
[11.526045] (-) TimerEvent: {}
[11.626288] (-) TimerEvent: {}
[11.726556] (-) TimerEvent: {}
[11.826842] (-) TimerEvent: {}
[11.928062] (-) TimerEvent: {}
[12.028330] (-) TimerEvent: {}
[12.128607] (-) TimerEvent: {}
[12.228861] (-) TimerEvent: {}
[12.329108] (-) TimerEvent: {}
[12.429358] (-) TimerEvent: {}
[12.529627] (-) TimerEvent: {}
[12.629916] (-) TimerEvent: {}
[12.730187] (-) TimerEvent: {}
[12.830455] (-) TimerEvent: {}
[12.930745] (-) TimerEvent: {}
[13.031050] (-) TimerEvent: {}
[13.131331] (-) TimerEvent: {}
[13.231616] (-) TimerEvent: {}
[13.331867] (-) TimerEvent: {}
[13.432154] (-) TimerEvent: {}
[13.532395] (-) TimerEvent: {}
[13.632669] (-) TimerEvent: {}
[13.732941] (-) TimerEvent: {}
[13.833224] (-) TimerEvent: {}
[13.933524] (-) TimerEvent: {}
[14.033822] (-) TimerEvent: {}
[14.134101] (-) TimerEvent: {}
[14.234373] (-) TimerEvent: {}
[14.255738] (vrep4_helpers) StdoutLine: {'line': b'[100%] \x1b[32m\x1b[1mLinking CXX executable clock_repeat\x1b[0m\n'}
[14.334502] (-) TimerEvent: {}
[14.434743] (-) TimerEvent: {}
[14.535001] (-) TimerEvent: {}
[14.635226] (-) TimerEvent: {}
[14.735493] (-) TimerEvent: {}
[14.792752] (vrep4_helpers) StdoutLine: {'line': b'[100%] Built target clock_repeat\n'}
[14.804358] (vrep4_helpers) CommandEnded: {'returncode': 0}
[14.823193] (vrep4_helpers) JobProgress: {'identifier': 'vrep4_helpers', 'progress': 'install'}
[14.824021] (vrep4_helpers) Command: {'cmd': ['/usr/bin/cmake', '--install', '/home/GTL/apaul/ros2_hw1/build/vrep4_helpers'], 'cwd': '/home/GTL/apaul/ros2_hw1/build/vrep4_helpers', 'env': OrderedDict([('USER', 'apaul'), ('XDG_SESSION_TYPE', 'x11'), ('SHLVL', '1'), ('LD_LIBRARY_PATH', '/usr/lib/x86_64-linux-gnu/gazebo-11/plugins:/opt/ros/humble/opt/rviz_ogre_vendor/lib:/opt/ros/humble/lib/x86_64-linux-gnu:/opt/ros/humble/lib'), ('HOME', '/home/GTL/apaul'), ('CYCLONEDDS_URI', '/cs-share/pradalier/gtlpc_cyclonedds.xml'), ('OLDPWD', '/home/GTL/apaul/ros2_hw1/src'), ('DESKTOP_SESSION', 'ubuntu'), ('ROS_PYTHON_VERSION', '3'), ('GNOME_SHELL_SESSION_MODE', 'ubuntu'), ('GTK_MODULES', 'gail:atk-bridge'), ('MANAGERPID', '1071145'), ('SYSTEMD_EXEC_PID', '1071585'), ('DBUS_SESSION_BUS_ADDRESS', 'unix:path=/run/user/37726/bus'), ('COLORTERM', 'truecolor'), ('TERMINATOR_DBUS_NAME', 'net.tenshu.Terminator23558193cd9818af7fe4d2c2f5bd9d00f'), ('GIO_LAUNCHED_DESKTOP_FILE_PID', '1071980'), ('COLCON_PREFIX_PATH', '/home/GTL/apaul/ros2_hw1/install:/home/GTL/apaul/ros2_hw1/src/vrep4_helpers/install'), ('ROS_DISTRO', 'humble'), ('GTK_IM_MODULE', 'ibus'), ('LOGNAME', 'apaul'), ('JOURNAL_STREAM', '8:2246850'), ('_', '/usr/bin/colcon'), ('ROS_VERSION', '2'), ('XDG_SESSION_CLASS', 'user'), ('USERNAME', 'apaul'), ('TERM', 'xterm-256color'), ('GNOME_DESKTOP_SESSION_ID', 'this-is-deprecated'), ('ROS_LOCALHOST_ONLY', '0'), ('WINDOWPATH', '2'), ('PATH', '/opt/ros/humble/bin:/usr/local/sbin:/usr/local/bin:/usr/sbin:/usr/bin:/sbin:/bin:/usr/games:/usr/local/games:/snap/bin:/snap/bin'), ('SESSION_MANAGER', 'local/gtlpc106.georgiatech-metz.fr:@/tmp/.ICE-unix/1071391,unix/gtlpc106.georgiatech-metz.fr:/tmp/.ICE-unix/1071391'), ('INVOCATION_ID', 'e137ece9deb944cba058841357979c47'), ('XDG_MENU_PREFIX', 'gnome-'), ('XDG_RUNTIME_DIR', '/run/user/37726'), ('DISPLAY', ':1'), ('TERMINATOR_DBUS_PATH', '/net/tenshu/Terminator2'), ('LANG', 'en_US.UTF-8'), ('XDG_CURRENT_DESKTOP', 'ubuntu:GNOME'), ('IBUS_DISABLE_SNOOPER', '1'), ('RMW_IMPLEMENTATION', 'rmw_cyclonedds_cpp'), ('XMODIFIERS', '@im=ibus'), ('XDG_SESSION_DESKTOP', 'ubuntu'), ('XAUTHORITY', '/run/user/37726/gdm/Xauthority'), ('SSH_AGENT_LAUNCHER', 'gnome-keyring'), ('SSH_AUTH_SOCK', '/run/user/37726/keyring/ssh'), ('ROS_DOMAIN_ID', '56'), ('AMENT_PREFIX_PATH', '/home/GTL/apaul/ros2_hw1/install/vrep4_helpers:/home/GTL/apaul/ros2_hw1/install/keyboard_teleop:/home/GTL/apaul/ros2_hw1/install/joy_pack:/home/GTL/apaul/ros2_hw1/install/face_detect_base:/home/GTL/apaul/ros2_hw1/install/collision_avoidance_base:/home/GTL/apaul/ros2_hw1/src/vrep4_helpers/install/vrep4_helpers:/opt/ros/humble'), ('SHELL', '/bin/bash'), ('TERMINATOR_UUID', 'urn:uuid:e973c28b-d7f8-47e2-b349-dd28fc28971e'), ('KRB5CCNAME', 'FILE:/tmp/krb5cc_37726'), ('QT_ACCESSIBILITY', '1'), ('GDMSESSION', 'ubuntu'), ('GPG_AGENT_INFO', '/run/user/37726/gnupg/S.gpg-agent:0:1'), ('QT_IM_MODULE', 'ibus'), ('PWD', '/home/GTL/apaul/ros2_hw1/build/vrep4_helpers'), ('XDG_CONFIG_DIRS', '/etc/xdg/xdg-ubuntu:/etc/xdg'), ('XDG_DATA_DIRS', '/usr/share/ubuntu:/usr/share/gnome:/usr/local/share/:/usr/share/:/var/lib/snapd/desktop'), ('PYTHONPATH', '/home/GTL/apaul/ros2_hw1/install/keyboard_teleop/lib/python3.10/site-packages:/home/GTL/apaul/ros2_hw1/install/face_detect_base/lib/python3.10/site-packages:/opt/ros/humble/lib/python3.10/site-packages:/opt/ros/humble/local/lib/python3.10/dist-packages'), ('COLCON', '1'), ('VTE_VERSION', '6800'), ('CMAKE_PREFIX_PATH', '/home/GTL/apaul/ros2_hw1/install/vrep4_helpers:/home/GTL/apaul/ros2_hw1/install/joy_pack:/home/GTL/apaul/ros2_hw1/install/collision_avoidance_base:/home/GTL/apaul/ros2_hw1/src/vrep4_helpers/install/vrep4_helpers:/home/GTL/apaul/ros2_hw1/install/keyboard_teleop:/home/GTL/apaul/ros2_hw1/install/face_detect_base:/opt/ros/humble')]), 'shell': False}
[14.830901] (vrep4_helpers) StdoutLine: {'line': b'-- Install configuration: ""\n'}
[14.832268] (vrep4_helpers) StdoutLine: {'line': b'-- Installing: /home/GTL/apaul/ros2_hw1/install/vrep4_helpers/lib/vrep4_helpers/image_flip\n'}
[14.835570] (-) TimerEvent: {}
[14.850560] (vrep4_helpers) StdoutLine: {'line': b'-- Set runtime path of "/home/GTL/apaul/ros2_hw1/install/vrep4_helpers/lib/vrep4_helpers/image_flip" to ""\n'}
[14.851861] (vrep4_helpers) StdoutLine: {'line': b'-- Installing: /home/GTL/apaul/ros2_hw1/install/vrep4_helpers/lib/vrep4_helpers/clock_repeat\n'}
[14.935672] (-) TimerEvent: {}
[14.965254] (vrep4_helpers) StdoutLine: {'line': b'-- Set runtime path of "/home/GTL/apaul/ros2_hw1/install/vrep4_helpers/lib/vrep4_helpers/clock_repeat" to ""\n'}
[14.965844] (vrep4_helpers) StdoutLine: {'line': b'-- Up-to-date: /home/GTL/apaul/ros2_hw1/install/vrep4_helpers/share/vrep4_helpers\n'}
[14.967122] (vrep4_helpers) StdoutLine: {'line': b'-- Up-to-date: /home/GTL/apaul/ros2_hw1/install/vrep4_helpers/share/vrep4_helpers/kinect_pc.launch.py\n'}
[14.967767] (vrep4_helpers) StdoutLine: {'line': b'-- Up-to-date: /home/GTL/apaul/ros2_hw1/install/vrep4_helpers/share/vrep4_helpers/kinect_pc_min.launch.py\n'}
[14.969041] (vrep4_helpers) StdoutLine: {'line': b'-- Installing: /home/GTL/apaul/ros2_hw1/install/vrep4_helpers/share/ament_index/resource_index/package_run_dependencies/vrep4_helpers\n'}
[14.974348] (vrep4_helpers) StdoutLine: {'line': b'-- Installing: /home/GTL/apaul/ros2_hw1/install/vrep4_helpers/share/ament_index/resource_index/parent_prefix_path/vrep4_helpers\n'}
[14.978533] (vrep4_helpers) StdoutLine: {'line': b'-- Up-to-date: /home/GTL/apaul/ros2_hw1/install/vrep4_helpers/share/vrep4_helpers/environment/ament_prefix_path.sh\n'}
[14.979070] (vrep4_helpers) StdoutLine: {'line': b'-- Installing: /home/GTL/apaul/ros2_hw1/install/vrep4_helpers/share/vrep4_helpers/environment/ament_prefix_path.dsv\n'}
[14.983096] (vrep4_helpers) StdoutLine: {'line': b'-- Up-to-date: /home/GTL/apaul/ros2_hw1/install/vrep4_helpers/share/vrep4_helpers/environment/path.sh\n'}
[14.983682] (vrep4_helpers) StdoutLine: {'line': b'-- Installing: /home/GTL/apaul/ros2_hw1/install/vrep4_helpers/share/vrep4_helpers/environment/path.dsv\n'}
[14.987712] (vrep4_helpers) StdoutLine: {'line': b'-- Installing: /home/GTL/apaul/ros2_hw1/install/vrep4_helpers/share/vrep4_helpers/local_setup.bash\n'}
[14.991963] (vrep4_helpers) StdoutLine: {'line': b'-- Installing: /home/GTL/apaul/ros2_hw1/install/vrep4_helpers/share/vrep4_helpers/local_setup.sh\n'}
[14.996038] (vrep4_helpers) StdoutLine: {'line': b'-- Installing: /home/GTL/apaul/ros2_hw1/install/vrep4_helpers/share/vrep4_helpers/local_setup.zsh\n'}
[15.000044] (vrep4_helpers) StdoutLine: {'line': b'-- Installing: /home/GTL/apaul/ros2_hw1/install/vrep4_helpers/share/vrep4_helpers/local_setup.dsv\n'}
[15.003749] (vrep4_helpers) StdoutLine: {'line': b'-- Installing: /home/GTL/apaul/ros2_hw1/install/vrep4_helpers/share/vrep4_helpers/package.dsv\n'}
[15.008248] (vrep4_helpers) StdoutLine: {'line': b'-- Installing: /home/GTL/apaul/ros2_hw1/install/vrep4_helpers/share/ament_index/resource_index/packages/vrep4_helpers\n'}
[15.011980] (vrep4_helpers) StdoutLine: {'line': b'-- Installing: /home/GTL/apaul/ros2_hw1/install/vrep4_helpers/share/vrep4_helpers/cmake/vrep4_helpersConfig.cmake\n'}
[15.015961] (vrep4_helpers) StdoutLine: {'line': b'-- Installing: /home/GTL/apaul/ros2_hw1/install/vrep4_helpers/share/vrep4_helpers/cmake/vrep4_helpersConfig-version.cmake\n'}
[15.019936] (vrep4_helpers) StdoutLine: {'line': b'-- Up-to-date: /home/GTL/apaul/ros2_hw1/install/vrep4_helpers/share/vrep4_helpers/package.xml\n'}
[15.022558] (vrep4_helpers) CommandEnded: {'returncode': 0}
[15.035736] (-) TimerEvent: {}
[15.084655] (vrep4_helpers) JobEnded: {'identifier': 'vrep4_helpers', 'rc': 0}
[15.135876] (-) TimerEvent: {}
[15.236149] (-) TimerEvent: {}
[15.336433] (-) TimerEvent: {}
[15.436706] (-) TimerEvent: {}
[15.536953] (-) TimerEvent: {}
[15.637190] (-) TimerEvent: {}
[15.737445] (-) TimerEvent: {}
[15.837675] (-) TimerEvent: {}
[15.937976] (-) TimerEvent: {}
[16.038229] (-) TimerEvent: {}
[16.138483] (-) TimerEvent: {}
[16.238739] (-) TimerEvent: {}
[16.338997] (-) TimerEvent: {}
[16.439251] (-) TimerEvent: {}
[16.539505] (-) TimerEvent: {}
[16.639771] (-) TimerEvent: {}
[16.740039] (-) TimerEvent: {}
[16.840304] (-) TimerEvent: {}
[16.940556] (-) TimerEvent: {}
[17.040819] (-) TimerEvent: {}
[17.141114] (-) TimerEvent: {}
[17.241377] (-) TimerEvent: {}
[17.341645] (-) TimerEvent: {}
[17.441951] (-) TimerEvent: {}
[17.542290] (-) TimerEvent: {}
[17.642564] (-) TimerEvent: {}
[17.742819] (-) TimerEvent: {}
[17.843059] (-) TimerEvent: {}
[17.943288] (-) TimerEvent: {}
[18.043523] (-) TimerEvent: {}
[18.143753] (-) TimerEvent: {}
[18.244011] (-) TimerEvent: {}
[18.344254] (-) TimerEvent: {}
[18.444517] (-) TimerEvent: {}
[18.544760] (-) TimerEvent: {}
[18.644999] (-) TimerEvent: {}
[18.745238] (-) TimerEvent: {}
[18.845471] (-) TimerEvent: {}
[18.945722] (-) TimerEvent: {}
[19.045956] (-) TimerEvent: {}
[19.146219] (-) TimerEvent: {}
[19.246486] (-) TimerEvent: {}
[19.346739] (-) TimerEvent: {}
[19.447008] (-) TimerEvent: {}
[19.547258] (-) TimerEvent: {}
[19.647473] (-) TimerEvent: {}
[19.747724] (-) TimerEvent: {}
[19.847977] (-) TimerEvent: {}
[19.948222] (-) TimerEvent: {}
[20.048444] (-) TimerEvent: {}
[20.148685] (-) TimerEvent: {}
[20.248928] (-) TimerEvent: {}
[20.349167] (-) TimerEvent: {}
[20.449448] (-) TimerEvent: {}
[20.549703] (-) TimerEvent: {}
[20.649960] (-) TimerEvent: {}
[20.750235] (-) TimerEvent: {}
[20.850507] (-) TimerEvent: {}
[20.950768] (-) TimerEvent: {}
[21.051024] (-) TimerEvent: {}
[21.151285] (-) TimerEvent: {}
[21.251553] (-) TimerEvent: {}
[21.351812] (-) TimerEvent: {}
[21.452096] (-) TimerEvent: {}
[21.552327] (-) TimerEvent: {}
[21.652582] (-) TimerEvent: {}
[21.752825] (-) TimerEvent: {}
[21.853076] (-) TimerEvent: {}
[21.953338] (-) TimerEvent: {}
[22.053601] (-) TimerEvent: {}
[22.153819] (-) TimerEvent: {}
[22.254101] (-) TimerEvent: {}
[22.354389] (-) TimerEvent: {}
[22.454650] (-) TimerEvent: {}
[22.554932] (-) TimerEvent: {}
[22.655179] (-) TimerEvent: {}
[22.755456] (-) TimerEvent: {}
[22.855699] (-) TimerEvent: {}
[22.955916] (-) TimerEvent: {}
[23.056113] (-) TimerEvent: {}
[23.156341] (-) TimerEvent: {}
[23.256625] (-) TimerEvent: {}
[23.356872] (-) TimerEvent: {}
[23.457137] (-) TimerEvent: {}
[23.557406] (-) TimerEvent: {}
[23.657716] (-) TimerEvent: {}
[23.758007] (-) TimerEvent: {}
[23.858270] (-) TimerEvent: {}
[23.958540] (-) TimerEvent: {}
[24.058789] (-) TimerEvent: {}
[24.159038] (-) TimerEvent: {}
[24.259294] (-) TimerEvent: {}
[24.259934] (collision_avoidance_base) StdoutLine: {'line': b'[100%] \x1b[32m\x1b[1mLinking CXX executable collision_avoidance_base\x1b[0m\n'}
[24.359413] (-) TimerEvent: {}
[24.459676] (-) TimerEvent: {}
[24.559939] (-) TimerEvent: {}
[24.660162] (-) TimerEvent: {}
[24.760410] (-) TimerEvent: {}
[24.860657] (-) TimerEvent: {}
[24.960875] (-) TimerEvent: {}
[25.061131] (-) TimerEvent: {}
[25.161366] (-) TimerEvent: {}
[25.261623] (-) TimerEvent: {}
[25.361866] (-) TimerEvent: {}
[25.385551] (collision_avoidance_base) StdoutLine: {'line': b'[100%] Built target collision_avoidance_base\n'}
[25.395224] (collision_avoidance_base) CommandEnded: {'returncode': 0}
[25.413702] (collision_avoidance_base) JobProgress: {'identifier': 'collision_avoidance_base', 'progress': 'install'}
[25.414610] (collision_avoidance_base) Command: {'cmd': ['/usr/bin/cmake', '--install', '/home/GTL/apaul/ros2_hw1/build/collision_avoidance_base'], 'cwd': '/home/GTL/apaul/ros2_hw1/build/collision_avoidance_base', 'env': OrderedDict([('USER', 'apaul'), ('XDG_SESSION_TYPE', 'x11'), ('SHLVL', '1'), ('LD_LIBRARY_PATH', '/usr/lib/x86_64-linux-gnu/gazebo-11/plugins:/opt/ros/humble/opt/rviz_ogre_vendor/lib:/opt/ros/humble/lib/x86_64-linux-gnu:/opt/ros/humble/lib'), ('HOME', '/home/GTL/apaul'), ('CYCLONEDDS_URI', '/cs-share/pradalier/gtlpc_cyclonedds.xml'), ('OLDPWD', '/home/GTL/apaul/ros2_hw1/src'), ('DESKTOP_SESSION', 'ubuntu'), ('ROS_PYTHON_VERSION', '3'), ('GNOME_SHELL_SESSION_MODE', 'ubuntu'), ('GTK_MODULES', 'gail:atk-bridge'), ('MANAGERPID', '1071145'), ('SYSTEMD_EXEC_PID', '1071585'), ('DBUS_SESSION_BUS_ADDRESS', 'unix:path=/run/user/37726/bus'), ('COLORTERM', 'truecolor'), ('TERMINATOR_DBUS_NAME', 'net.tenshu.Terminator23558193cd9818af7fe4d2c2f5bd9d00f'), ('GIO_LAUNCHED_DESKTOP_FILE_PID', '1071980'), ('COLCON_PREFIX_PATH', '/home/GTL/apaul/ros2_hw1/install:/home/GTL/apaul/ros2_hw1/src/vrep4_helpers/install'), ('ROS_DISTRO', 'humble'), ('GTK_IM_MODULE', 'ibus'), ('LOGNAME', 'apaul'), ('JOURNAL_STREAM', '8:2246850'), ('_', '/usr/bin/colcon'), ('ROS_VERSION', '2'), ('XDG_SESSION_CLASS', 'user'), ('USERNAME', 'apaul'), ('TERM', 'xterm-256color'), ('GNOME_DESKTOP_SESSION_ID', 'this-is-deprecated'), ('ROS_LOCALHOST_ONLY', '0'), ('WINDOWPATH', '2'), ('PATH', '/opt/ros/humble/bin:/usr/local/sbin:/usr/local/bin:/usr/sbin:/usr/bin:/sbin:/bin:/usr/games:/usr/local/games:/snap/bin:/snap/bin'), ('SESSION_MANAGER', 'local/gtlpc106.georgiatech-metz.fr:@/tmp/.ICE-unix/1071391,unix/gtlpc106.georgiatech-metz.fr:/tmp/.ICE-unix/1071391'), ('INVOCATION_ID', 'e137ece9deb944cba058841357979c47'), ('XDG_MENU_PREFIX', 'gnome-'), ('XDG_RUNTIME_DIR', '/run/user/37726'), ('DISPLAY', ':1'), ('TERMINATOR_DBUS_PATH', '/net/tenshu/Terminator2'), ('LANG', 'en_US.UTF-8'), ('XDG_CURRENT_DESKTOP', 'ubuntu:GNOME'), ('IBUS_DISABLE_SNOOPER', '1'), ('RMW_IMPLEMENTATION', 'rmw_cyclonedds_cpp'), ('XMODIFIERS', '@im=ibus'), ('XDG_SESSION_DESKTOP', 'ubuntu'), ('XAUTHORITY', '/run/user/37726/gdm/Xauthority'), ('SSH_AGENT_LAUNCHER', 'gnome-keyring'), ('SSH_AUTH_SOCK', '/run/user/37726/keyring/ssh'), ('ROS_DOMAIN_ID', '56'), ('AMENT_PREFIX_PATH', '/home/GTL/apaul/ros2_hw1/install/vrep4_helpers:/home/GTL/apaul/ros2_hw1/install/keyboard_teleop:/home/GTL/apaul/ros2_hw1/install/joy_pack:/home/GTL/apaul/ros2_hw1/install/face_detect_base:/home/GTL/apaul/ros2_hw1/install/collision_avoidance_base:/home/GTL/apaul/ros2_hw1/src/vrep4_helpers/install/vrep4_helpers:/opt/ros/humble'), ('SHELL', '/bin/bash'), ('TERMINATOR_UUID', 'urn:uuid:e973c28b-d7f8-47e2-b349-dd28fc28971e'), ('KRB5CCNAME', 'FILE:/tmp/krb5cc_37726'), ('QT_ACCESSIBILITY', '1'), ('GDMSESSION', 'ubuntu'), ('GPG_AGENT_INFO', '/run/user/37726/gnupg/S.gpg-agent:0:1'), ('QT_IM_MODULE', 'ibus'), ('PWD', '/home/GTL/apaul/ros2_hw1/build/collision_avoidance_base'), ('XDG_CONFIG_DIRS', '/etc/xdg/xdg-ubuntu:/etc/xdg'), ('XDG_DATA_DIRS', '/usr/share/ubuntu:/usr/share/gnome:/usr/local/share/:/usr/share/:/var/lib/snapd/desktop'), ('PYTHONPATH', '/home/GTL/apaul/ros2_hw1/install/keyboard_teleop/lib/python3.10/site-packages:/home/GTL/apaul/ros2_hw1/install/face_detect_base/lib/python3.10/site-packages:/opt/ros/humble/lib/python3.10/site-packages:/opt/ros/humble/local/lib/python3.10/dist-packages'), ('COLCON', '1'), ('VTE_VERSION', '6800'), ('CMAKE_PREFIX_PATH', '/home/GTL/apaul/ros2_hw1/install/vrep4_helpers:/home/GTL/apaul/ros2_hw1/install/joy_pack:/home/GTL/apaul/ros2_hw1/install/collision_avoidance_base:/home/GTL/apaul/ros2_hw1/src/vrep4_helpers/install/vrep4_helpers:/home/GTL/apaul/ros2_hw1/install/keyboard_teleop:/home/GTL/apaul/ros2_hw1/install/face_detect_base:/opt/ros/humble')]), 'shell': False}
[25.420876] (collision_avoidance_base) StdoutLine: {'line': b'-- Install configuration: ""\n'}
[25.422320] (collision_avoidance_base) StdoutLine: {'line': b'-- Installing: /home/GTL/apaul/ros2_hw1/install/collision_avoidance_base/lib/collision_avoidance_base/collision_avoidance_base\n'}
[25.461977] (-) TimerEvent: {}
[25.562210] (-) TimerEvent: {}
[25.659720] (collision_avoidance_base) StdoutLine: {'line': b'-- Set runtime path of "/home/GTL/apaul/ros2_hw1/install/collision_avoidance_base/lib/collision_avoidance_base/collision_avoidance_base" to ""\n'}
[25.660252] (collision_avoidance_base) StdoutLine: {'line': b'-- Up-to-date: /home/GTL/apaul/ros2_hw1/install/collision_avoidance_base/share/collision_avoidance_base\n'}
[25.661684] (collision_avoidance_base) StdoutLine: {'line': b'-- Up-to-date: /home/GTL/apaul/ros2_hw1/install/collision_avoidance_base/share/collision_avoidance_base/ca_auto.launch.py\n'}
[25.662284] (-) TimerEvent: {}
[25.662375] (collision_avoidance_base) StdoutLine: {'line': b'-- Up-to-date: /home/GTL/apaul/ros2_hw1/install/collision_avoidance_base/share/collision_avoidance_base/ca.launch.py\n'}
[25.663103] (collision_avoidance_base) StdoutLine: {'line': b'-- Installing: /home/GTL/apaul/ros2_hw1/install/collision_avoidance_base/share/ament_index/resource_index/package_run_dependencies/collision_avoidance_base\n'}
[25.668562] (collision_avoidance_base) StdoutLine: {'line': b'-- Installing: /home/GTL/apaul/ros2_hw1/install/collision_avoidance_base/share/ament_index/resource_index/parent_prefix_path/collision_avoidance_base\n'}
[25.674209] (collision_avoidance_base) StdoutLine: {'line': b'-- Up-to-date: /home/GTL/apaul/ros2_hw1/install/collision_avoidance_base/share/collision_avoidance_base/environment/ament_prefix_path.sh\n'}
[25.674904] (collision_avoidance_base) StdoutLine: {'line': b'-- Installing: /home/GTL/apaul/ros2_hw1/install/collision_avoidance_base/share/collision_avoidance_base/environment/ament_prefix_path.dsv\n'}
[25.678986] (collision_avoidance_base) StdoutLine: {'line': b'-- Up-to-date: /home/GTL/apaul/ros2_hw1/install/collision_avoidance_base/share/collision_avoidance_base/environment/path.sh\n'}
[25.679720] (collision_avoidance_base) StdoutLine: {'line': b'-- Installing: /home/GTL/apaul/ros2_hw1/install/collision_avoidance_base/share/collision_avoidance_base/environment/path.dsv\n'}
[25.684266] (collision_avoidance_base) StdoutLine: {'line': b'-- Installing: /home/GTL/apaul/ros2_hw1/install/collision_avoidance_base/share/collision_avoidance_base/local_setup.bash\n'}
[25.688965] (collision_avoidance_base) StdoutLine: {'line': b'-- Installing: /home/GTL/apaul/ros2_hw1/install/collision_avoidance_base/share/collision_avoidance_base/local_setup.sh\n'}
[25.693077] (collision_avoidance_base) StdoutLine: {'line': b'-- Installing: /home/GTL/apaul/ros2_hw1/install/collision_avoidance_base/share/collision_avoidance_base/local_setup.zsh\n'}
[25.697651] (collision_avoidance_base) StdoutLine: {'line': b'-- Installing: /home/GTL/apaul/ros2_hw1/install/collision_avoidance_base/share/collision_avoidance_base/local_setup.dsv\n'}
[25.702136] (collision_avoidance_base) StdoutLine: {'line': b'-- Installing: /home/GTL/apaul/ros2_hw1/install/collision_avoidance_base/share/collision_avoidance_base/package.dsv\n'}
[25.706816] (collision_avoidance_base) StdoutLine: {'line': b'-- Installing: /home/GTL/apaul/ros2_hw1/install/collision_avoidance_base/share/ament_index/resource_index/packages/collision_avoidance_base\n'}
[25.711501] (collision_avoidance_base) StdoutLine: {'line': b'-- Installing: /home/GTL/apaul/ros2_hw1/install/collision_avoidance_base/share/collision_avoidance_base/cmake/collision_avoidance_baseConfig.cmake\n'}
[25.716752] (collision_avoidance_base) StdoutLine: {'line': b'-- Installing: /home/GTL/apaul/ros2_hw1/install/collision_avoidance_base/share/collision_avoidance_base/cmake/collision_avoidance_baseConfig-version.cmake\n'}
[25.720909] (collision_avoidance_base) StdoutLine: {'line': b'-- Up-to-date: /home/GTL/apaul/ros2_hw1/install/collision_avoidance_base/share/collision_avoidance_base/package.xml\n'}
[25.723510] (collision_avoidance_base) CommandEnded: {'returncode': 0}
[25.762401] (-) TimerEvent: {}
[25.781954] (collision_avoidance_base) JobEnded: {'identifier': 'collision_avoidance_base', 'rc': 0}
[25.784148] (-) EventReactorShutdown: {}
