[0.085s] Invoking command in '/home/GTL/apaul/ros2_hw1/build/task_manager_msgs': CMAKE_PREFIX_PATH=/opt/ros/humble /usr/bin/cmake --build /home/GTL/apaul/ros2_hw1/build/task_manager_msgs -- -j16 -l16
[0.901s] [  0%] Built target task_manager_msgs__cpp
[0.901s] [ 12%] Built target task_manager_msgs__rosidl_generator_c
[0.901s] [ 57%] Built target task_manager_msgs__rosidl_typesupport_cpp
[0.901s] [ 62%] Built target task_manager_msgs__rosidl_typesupport_introspection_cpp
[0.901s] [ 65%] Built target task_manager_msgs__rosidl_typesupport_fastrtps_cpp
[0.901s] [ 80%] Built target task_manager_msgs__rosidl_typesupport_introspection_c
[0.901s] [ 82%] Built target task_manager_msgs__rosidl_typesupport_c
[0.901s] [ 82%] Built target task_manager_msgs__rosidl_typesupport_fastrtps_c
[0.901s] [ 82%] Built target task_manager_msgs
[0.901s] [ 82%] Built target ament_cmake_python_copy_task_manager_msgs
[0.901s] [ 83%] Built target task_manager_msgs__py
[0.901s] [ 85%] Built target task_manager_msgs_encapsulate
[0.901s] [ 95%] Built target task_manager_msgs__rosidl_generator_py
[0.901s] [100%] Built target task_manager_msgs__rosidl_typesupport_fastrtps_c__pyext
[0.901s] [100%] Built target task_manager_msgs__rosidl_typesupport_introspection_c__pyext
[0.901s] [100%] Built target task_manager_msgs__rosidl_typesupport_c__pyext
[0.901s] running egg_info
[0.901s] writing task_manager_msgs.egg-info/PKG-INFO
[0.901s] writing dependency_links to task_manager_msgs.egg-info/dependency_links.txt
[0.901s] writing top-level names to task_manager_msgs.egg-info/top_level.txt
[0.901s] reading manifest file 'task_manager_msgs.egg-info/SOURCES.txt'
[0.902s] writing manifest file 'task_manager_msgs.egg-info/SOURCES.txt'
[0.902s] [100%] Built target ament_cmake_python_build_task_manager_msgs_egg
[0.903s] Invoked command in '/home/GTL/apaul/ros2_hw1/build/task_manager_msgs' returned '0': CMAKE_PREFIX_PATH=/opt/ros/humble /usr/bin/cmake --build /home/GTL/apaul/ros2_hw1/build/task_manager_msgs -- -j16 -l16
[1.159s] Invoking command in '/home/GTL/apaul/ros2_hw1/build/task_manager_msgs': CMAKE_PREFIX_PATH=/opt/ros/humble /usr/bin/cmake --install /home/GTL/apaul/ros2_hw1/build/task_manager_msgs
[1.171s] -- Install configuration: ""
[1.171s] -- Up-to-date: /home/GTL/apaul/ros2_hw1/install/task_manager_msgs/share/ament_index/resource_index/rosidl_interfaces/task_manager_msgs
[1.171s] -- Up-to-date: /home/GTL/apaul/ros2_hw1/install/task_manager_msgs/include/task_manager_msgs/task_manager_msgs
[1.171s] -- Up-to-date: /home/GTL/apaul/ros2_hw1/install/task_manager_msgs/include/task_manager_msgs/task_manager_msgs/msg
[1.171s] -- Up-to-date: /home/GTL/apaul/ros2_hw1/install/task_manager_msgs/include/task_manager_msgs/task_manager_msgs/msg/task_status.h
[1.171s] -- Up-to-date: /home/GTL/apaul/ros2_hw1/install/task_manager_msgs/include/task_manager_msgs/task_manager_msgs/msg/sync_status.h
[1.171s] -- Up-to-date: /home/GTL/apaul/ros2_hw1/install/task_manager_msgs/include/task_manager_msgs/task_manager_msgs/msg/detail
[1.171s] -- Up-to-date: /home/GTL/apaul/ros2_hw1/install/task_manager_msgs/include/task_manager_msgs/task_manager_msgs/msg/detail/task_parameter__functions.c
[1.171s] -- Up-to-date: /home/GTL/apaul/ros2_hw1/install/task_manager_msgs/include/task_manager_msgs/task_manager_msgs/msg/detail/task_description__struct.h
[1.171s] -- Up-to-date: /home/GTL/apaul/ros2_hw1/install/task_manager_msgs/include/task_manager_msgs/task_manager_msgs/msg/detail/task_description__type_support.h
[1.171s] -- Up-to-date: /home/GTL/apaul/ros2_hw1/install/task_manager_msgs/include/task_manager_msgs/task_manager_msgs/msg/detail/task_parameter__functions.h
[1.172s] -- Up-to-date: /home/GTL/apaul/ros2_hw1/install/task_manager_msgs/include/task_manager_msgs/task_manager_msgs/msg/detail/task_parameter__type_support.h
[1.172s] -- Up-to-date: /home/GTL/apaul/ros2_hw1/install/task_manager_msgs/include/task_manager_msgs/task_manager_msgs/msg/detail/sync_status__type_support.h
[1.172s] -- Up-to-date: /home/GTL/apaul/ros2_hw1/install/task_manager_msgs/include/task_manager_msgs/task_manager_msgs/msg/detail/task_config__struct.h
[1.172s] -- Up-to-date: /home/GTL/apaul/ros2_hw1/install/task_manager_msgs/include/task_manager_msgs/task_manager_msgs/msg/detail/encapsulated_message__functions.c
[1.172s] -- Up-to-date: /home/GTL/apaul/ros2_hw1/install/task_manager_msgs/include/task_manager_msgs/task_manager_msgs/msg/detail/task_description__functions.c
[1.172s] -- Up-to-date: /home/GTL/apaul/ros2_hw1/install/task_manager_msgs/include/task_manager_msgs/task_manager_msgs/msg/detail/task_config__type_support.h
[1.172s] -- Up-to-date: /home/GTL/apaul/ros2_hw1/install/task_manager_msgs/include/task_manager_msgs/task_manager_msgs/msg/detail/task_status__functions.c
[1.172s] -- Up-to-date: /home/GTL/apaul/ros2_hw1/install/task_manager_msgs/include/task_manager_msgs/task_manager_msgs/msg/detail/encapsulated_message__functions.h
[1.172s] -- Up-to-date: /home/GTL/apaul/ros2_hw1/install/task_manager_msgs/include/task_manager_msgs/task_manager_msgs/msg/detail/task_status__struct.h
[1.172s] -- Up-to-date: /home/GTL/apaul/ros2_hw1/install/task_manager_msgs/include/task_manager_msgs/task_manager_msgs/msg/detail/task_config__functions.h
[1.172s] -- Up-to-date: /home/GTL/apaul/ros2_hw1/install/task_manager_msgs/include/task_manager_msgs/task_manager_msgs/msg/detail/encapsulated_message__type_support.h
[1.172s] -- Up-to-date: /home/GTL/apaul/ros2_hw1/install/task_manager_msgs/include/task_manager_msgs/task_manager_msgs/msg/detail/sync_status__struct.h
[1.172s] -- Up-to-date: /home/GTL/apaul/ros2_hw1/install/task_manager_msgs/include/task_manager_msgs/task_manager_msgs/msg/detail/task_parameter__struct.h
[1.177s] -- Up-to-date: /home/GTL/apaul/ros2_hw1/install/task_manager_msgs/include/task_manager_msgs/task_manager_msgs/msg/detail/task_config__functions.c
[1.177s] -- Up-to-date: /home/GTL/apaul/ros2_hw1/install/task_manager_msgs/include/task_manager_msgs/task_manager_msgs/msg/detail/sync_status__functions.c
[1.177s] -- Up-to-date: /home/GTL/apaul/ros2_hw1/install/task_manager_msgs/include/task_manager_msgs/task_manager_msgs/msg/detail/task_status__type_support.h
[1.177s] -- Up-to-date: /home/GTL/apaul/ros2_hw1/install/task_manager_msgs/include/task_manager_msgs/task_manager_msgs/msg/detail/task_description__functions.h
[1.178s] -- Up-to-date: /home/GTL/apaul/ros2_hw1/install/task_manager_msgs/include/task_manager_msgs/task_manager_msgs/msg/detail/sync_status__functions.h
[1.182s] -- Up-to-date: /home/GTL/apaul/ros2_hw1/install/task_manager_msgs/include/task_manager_msgs/task_manager_msgs/msg/detail/encapsulated_message__struct.h
[1.182s] -- Up-to-date: /home/GTL/apaul/ros2_hw1/install/task_manager_msgs/include/task_manager_msgs/task_manager_msgs/msg/detail/task_status__functions.h
[1.182s] -- Up-to-date: /home/GTL/apaul/ros2_hw1/install/task_manager_msgs/include/task_manager_msgs/task_manager_msgs/msg/rosidl_generator_c__visibility_control.h
[1.182s] -- Up-to-date: /home/GTL/apaul/ros2_hw1/install/task_manager_msgs/include/task_manager_msgs/task_manager_msgs/msg/encapsulated_message.h
[1.182s] -- Up-to-date: /home/GTL/apaul/ros2_hw1/install/task_manager_msgs/include/task_manager_msgs/task_manager_msgs/msg/task_parameter.h
[1.182s] -- Up-to-date: /home/GTL/apaul/ros2_hw1/install/task_manager_msgs/include/task_manager_msgs/task_manager_msgs/msg/task_description.h
[1.182s] -- Up-to-date: /home/GTL/apaul/ros2_hw1/install/task_manager_msgs/include/task_manager_msgs/task_manager_msgs/msg/task_config.h
[1.182s] -- Up-to-date: /home/GTL/apaul/ros2_hw1/install/task_manager_msgs/include/task_manager_msgs/task_manager_msgs/srv
[1.183s] -- Up-to-date: /home/GTL/apaul/ros2_hw1/install/task_manager_msgs/include/task_manager_msgs/task_manager_msgs/srv/stop_task.h
[1.183s] -- Up-to-date: /home/GTL/apaul/ros2_hw1/install/task_manager_msgs/include/task_manager_msgs/task_manager_msgs/srv/detail
[1.183s] -- Up-to-date: /home/GTL/apaul/ros2_hw1/install/task_manager_msgs/include/task_manager_msgs/task_manager_msgs/srv/detail/stop_task__functions.c
[1.183s] -- Up-to-date: /home/GTL/apaul/ros2_hw1/install/task_manager_msgs/include/task_manager_msgs/task_manager_msgs/srv/detail/get_task_list__struct.h
[1.183s] -- Up-to-date: /home/GTL/apaul/ros2_hw1/install/task_manager_msgs/include/task_manager_msgs/task_manager_msgs/srv/detail/get_all_task_status__functions.h
[1.184s] -- Up-to-date: /home/GTL/apaul/ros2_hw1/install/task_manager_msgs/include/task_manager_msgs/task_manager_msgs/srv/detail/stop_task__struct.h
[1.184s] -- Up-to-date: /home/GTL/apaul/ros2_hw1/install/task_manager_msgs/include/task_manager_msgs/task_manager_msgs/srv/detail/start_task__functions.c
[1.184s] -- Up-to-date: /home/GTL/apaul/ros2_hw1/install/task_manager_msgs/include/task_manager_msgs/task_manager_msgs/srv/detail/get_all_task_status__type_support.h
[1.184s] -- Up-to-date: /home/GTL/apaul/ros2_hw1/install/task_manager_msgs/include/task_manager_msgs/task_manager_msgs/srv/detail/get_all_task_status__functions.c
[1.184s] -- Up-to-date: /home/GTL/apaul/ros2_hw1/install/task_manager_msgs/include/task_manager_msgs/task_manager_msgs/srv/detail/get_task_list__functions.c
[1.184s] -- Up-to-date: /home/GTL/apaul/ros2_hw1/install/task_manager_msgs/include/task_manager_msgs/task_manager_msgs/srv/detail/get_task_list__functions.h
[1.185s] -- Up-to-date: /home/GTL/apaul/ros2_hw1/install/task_manager_msgs/include/task_manager_msgs/task_manager_msgs/srv/detail/start_task__struct.h
[1.185s] -- Up-to-date: /home/GTL/apaul/ros2_hw1/install/task_manager_msgs/include/task_manager_msgs/task_manager_msgs/srv/detail/stop_task__functions.h
[1.185s] -- Up-to-date: /home/GTL/apaul/ros2_hw1/install/task_manager_msgs/include/task_manager_msgs/task_manager_msgs/srv/detail/get_task_list__type_support.h
[1.185s] -- Up-to-date: /home/GTL/apaul/ros2_hw1/install/task_manager_msgs/include/task_manager_msgs/task_manager_msgs/srv/detail/get_all_task_status__struct.h
[1.186s] -- Up-to-date: /home/GTL/apaul/ros2_hw1/install/task_manager_msgs/include/task_manager_msgs/task_manager_msgs/srv/detail/stop_task__type_support.h
[1.186s] -- Up-to-date: /home/GTL/apaul/ros2_hw1/install/task_manager_msgs/include/task_manager_msgs/task_manager_msgs/srv/detail/start_task__type_support.h
[1.186s] -- Up-to-date: /home/GTL/apaul/ros2_hw1/install/task_manager_msgs/include/task_manager_msgs/task_manager_msgs/srv/detail/start_task__functions.h
[1.186s] -- Up-to-date: /home/GTL/apaul/ros2_hw1/install/task_manager_msgs/include/task_manager_msgs/task_manager_msgs/srv/get_task_list.h
[1.186s] -- Up-to-date: /home/GTL/apaul/ros2_hw1/install/task_manager_msgs/include/task_manager_msgs/task_manager_msgs/srv/start_task.h
[1.186s] -- Up-to-date: /home/GTL/apaul/ros2_hw1/install/task_manager_msgs/include/task_manager_msgs/task_manager_msgs/srv/get_all_task_status.h
[1.186s] -- Up-to-date: /home/GTL/apaul/ros2_hw1/install/task_manager_msgs/share/task_manager_msgs/environment/library_path.sh
[1.186s] -- Up-to-date: /home/GTL/apaul/ros2_hw1/install/task_manager_msgs/share/task_manager_msgs/environment/library_path.dsv
[1.186s] -- Up-to-date: /home/GTL/apaul/ros2_hw1/install/task_manager_msgs/lib/libtask_manager_msgs__rosidl_generator_c.so
[1.187s] -- Up-to-date: /home/GTL/apaul/ros2_hw1/install/task_manager_msgs/include/task_manager_msgs/task_manager_msgs
[1.188s] -- Up-to-date: /home/GTL/apaul/ros2_hw1/install/task_manager_msgs/include/task_manager_msgs/task_manager_msgs/msg
[1.188s] -- Up-to-date: /home/GTL/apaul/ros2_hw1/install/task_manager_msgs/include/task_manager_msgs/task_manager_msgs/msg/detail
[1.188s] -- Up-to-date: /home/GTL/apaul/ros2_hw1/install/task_manager_msgs/include/task_manager_msgs/task_manager_msgs/msg/detail/task_config__rosidl_typesupport_fastrtps_c.h
[1.188s] -- Up-to-date: /home/GTL/apaul/ros2_hw1/install/task_manager_msgs/include/task_manager_msgs/task_manager_msgs/msg/detail/sync_status__rosidl_typesupport_fastrtps_c.h
[1.189s] -- Up-to-date: /home/GTL/apaul/ros2_hw1/install/task_manager_msgs/include/task_manager_msgs/task_manager_msgs/msg/detail/task_description__rosidl_typesupport_fastrtps_c.h
[1.189s] -- Up-to-date: /home/GTL/apaul/ros2_hw1/install/task_manager_msgs/include/task_manager_msgs/task_manager_msgs/msg/detail/task_status__rosidl_typesupport_fastrtps_c.h
[1.189s] -- Up-to-date: /home/GTL/apaul/ros2_hw1/install/task_manager_msgs/include/task_manager_msgs/task_manager_msgs/msg/detail/encapsulated_message__rosidl_typesupport_fastrtps_c.h
[1.190s] -- Up-to-date: /home/GTL/apaul/ros2_hw1/install/task_manager_msgs/include/task_manager_msgs/task_manager_msgs/msg/detail/task_parameter__rosidl_typesupport_fastrtps_c.h
[1.191s] -- Up-to-date: /home/GTL/apaul/ros2_hw1/install/task_manager_msgs/include/task_manager_msgs/task_manager_msgs/msg/rosidl_typesupport_fastrtps_c__visibility_control.h
[1.191s] -- Up-to-date: /home/GTL/apaul/ros2_hw1/install/task_manager_msgs/include/task_manager_msgs/task_manager_msgs/srv
[1.191s] -- Up-to-date: /home/GTL/apaul/ros2_hw1/install/task_manager_msgs/include/task_manager_msgs/task_manager_msgs/srv/detail
[1.193s] -- Up-to-date: /home/GTL/apaul/ros2_hw1/install/task_manager_msgs/include/task_manager_msgs/task_manager_msgs/srv/detail/get_all_task_status__rosidl_typesupport_fastrtps_c.h
[1.193s] -- Up-to-date: /home/GTL/apaul/ros2_hw1/install/task_manager_msgs/include/task_manager_msgs/task_manager_msgs/srv/detail/start_task__rosidl_typesupport_fastrtps_c.h
[1.193s] -- Up-to-date: /home/GTL/apaul/ros2_hw1/install/task_manager_msgs/include/task_manager_msgs/task_manager_msgs/srv/detail/get_task_list__rosidl_typesupport_fastrtps_c.h
[1.193s] -- Up-to-date: /home/GTL/apaul/ros2_hw1/install/task_manager_msgs/include/task_manager_msgs/task_manager_msgs/srv/detail/stop_task__rosidl_typesupport_fastrtps_c.h
[1.193s] -- Up-to-date: /home/GTL/apaul/ros2_hw1/install/task_manager_msgs/lib/libtask_manager_msgs__rosidl_typesupport_fastrtps_c.so
[1.194s] -- Up-to-date: /home/GTL/apaul/ros2_hw1/install/task_manager_msgs/include/task_manager_msgs/task_manager_msgs
[1.194s] -- Up-to-date: /home/GTL/apaul/ros2_hw1/install/task_manager_msgs/include/task_manager_msgs/task_manager_msgs/msg
[1.194s] -- Up-to-date: /home/GTL/apaul/ros2_hw1/install/task_manager_msgs/include/task_manager_msgs/task_manager_msgs/msg/sync_status.hpp
[1.195s] -- Up-to-date: /home/GTL/apaul/ros2_hw1/install/task_manager_msgs/include/task_manager_msgs/task_manager_msgs/msg/encapsulated_message.hpp
[1.195s] -- Up-to-date: /home/GTL/apaul/ros2_hw1/install/task_manager_msgs/include/task_manager_msgs/task_manager_msgs/msg/detail
[1.195s] -- Up-to-date: /home/GTL/apaul/ros2_hw1/install/task_manager_msgs/include/task_manager_msgs/task_manager_msgs/msg/detail/encapsulated_message__struct.hpp
[1.196s] -- Up-to-date: /home/GTL/apaul/ros2_hw1/install/task_manager_msgs/include/task_manager_msgs/task_manager_msgs/msg/detail/task_config__traits.hpp
[1.196s] -- Up-to-date: /home/GTL/apaul/ros2_hw1/install/task_manager_msgs/include/task_manager_msgs/task_manager_msgs/msg/detail/sync_status__builder.hpp
[1.196s] -- Up-to-date: /home/GTL/apaul/ros2_hw1/install/task_manager_msgs/include/task_manager_msgs/task_manager_msgs/msg/detail/sync_status__traits.hpp
[1.196s] -- Up-to-date: /home/GTL/apaul/ros2_hw1/install/task_manager_msgs/include/task_manager_msgs/task_manager_msgs/msg/detail/task_config__builder.hpp
[1.197s] -- Up-to-date: /home/GTL/apaul/ros2_hw1/install/task_manager_msgs/include/task_manager_msgs/task_manager_msgs/msg/detail/task_status__builder.hpp
[1.197s] -- Up-to-date: /home/GTL/apaul/ros2_hw1/install/task_manager_msgs/include/task_manager_msgs/task_manager_msgs/msg/detail/task_description__struct.hpp
[1.197s] -- Up-to-date: /home/GTL/apaul/ros2_hw1/install/task_manager_msgs/include/task_manager_msgs/task_manager_msgs/msg/detail/encapsulated_message__traits.hpp
[1.197s] -- Up-to-date: /home/GTL/apaul/ros2_hw1/install/task_manager_msgs/include/task_manager_msgs/task_manager_msgs/msg/detail/encapsulated_message__builder.hpp
[1.197s] -- Up-to-date: /home/GTL/apaul/ros2_hw1/install/task_manager_msgs/include/task_manager_msgs/task_manager_msgs/msg/detail/task_config__struct.hpp
[1.198s] -- Up-to-date: /home/GTL/apaul/ros2_hw1/install/task_manager_msgs/include/task_manager_msgs/task_manager_msgs/msg/detail/sync_status__struct.hpp
[1.198s] -- Up-to-date: /home/GTL/apaul/ros2_hw1/install/task_manager_msgs/include/task_manager_msgs/task_manager_msgs/msg/detail/task_status__struct.hpp
[1.199s] -- Up-to-date: /home/GTL/apaul/ros2_hw1/install/task_manager_msgs/include/task_manager_msgs/task_manager_msgs/msg/detail/task_status__traits.hpp
[1.199s] -- Up-to-date: /home/GTL/apaul/ros2_hw1/install/task_manager_msgs/include/task_manager_msgs/task_manager_msgs/msg/detail/task_description__traits.hpp
[1.199s] -- Up-to-date: /home/GTL/apaul/ros2_hw1/install/task_manager_msgs/include/task_manager_msgs/task_manager_msgs/msg/detail/task_description__builder.hpp
[1.199s] -- Up-to-date: /home/GTL/apaul/ros2_hw1/install/task_manager_msgs/include/task_manager_msgs/task_manager_msgs/msg/detail/task_parameter__traits.hpp
[1.200s] -- Up-to-date: /home/GTL/apaul/ros2_hw1/install/task_manager_msgs/include/task_manager_msgs/task_manager_msgs/msg/detail/task_parameter__builder.hpp
[1.200s] -- Up-to-date: /home/GTL/apaul/ros2_hw1/install/task_manager_msgs/include/task_manager_msgs/task_manager_msgs/msg/detail/task_parameter__struct.hpp
[1.201s] -- Up-to-date: /home/GTL/apaul/ros2_hw1/install/task_manager_msgs/include/task_manager_msgs/task_manager_msgs/msg/task_config.hpp
[1.201s] -- Up-to-date: /home/GTL/apaul/ros2_hw1/install/task_manager_msgs/include/task_manager_msgs/task_manager_msgs/msg/task_parameter.hpp
[1.201s] -- Up-to-date: /home/GTL/apaul/ros2_hw1/install/task_manager_msgs/include/task_manager_msgs/task_manager_msgs/msg/task_status.hpp
[1.201s] -- Up-to-date: /home/GTL/apaul/ros2_hw1/install/task_manager_msgs/include/task_manager_msgs/task_manager_msgs/msg/task_description.hpp
[1.201s] -- Up-to-date: /home/GTL/apaul/ros2_hw1/install/task_manager_msgs/include/task_manager_msgs/task_manager_msgs/srv
[1.202s] -- Up-to-date: /home/GTL/apaul/ros2_hw1/install/task_manager_msgs/include/task_manager_msgs/task_manager_msgs/srv/get_task_list.hpp
[1.203s] -- Up-to-date: /home/GTL/apaul/ros2_hw1/install/task_manager_msgs/include/task_manager_msgs/task_manager_msgs/srv/stop_task.hpp
[1.203s] -- Up-to-date: /home/GTL/apaul/ros2_hw1/install/task_manager_msgs/include/task_manager_msgs/task_manager_msgs/srv/detail
[1.203s] -- Up-to-date: /home/GTL/apaul/ros2_hw1/install/task_manager_msgs/include/task_manager_msgs/task_manager_msgs/srv/detail/stop_task__traits.hpp
[1.204s] -- Up-to-date: /home/GTL/apaul/ros2_hw1/install/task_manager_msgs/include/task_manager_msgs/task_manager_msgs/srv/detail/get_all_task_status__struct.hpp
[1.204s] -- Up-to-date: /home/GTL/apaul/ros2_hw1/install/task_manager_msgs/include/task_manager_msgs/task_manager_msgs/srv/detail/start_task__builder.hpp
[1.204s] -- Up-to-date: /home/GTL/apaul/ros2_hw1/install/task_manager_msgs/include/task_manager_msgs/task_manager_msgs/srv/detail/get_task_list__struct.hpp
[1.204s] -- Up-to-date: /home/GTL/apaul/ros2_hw1/install/task_manager_msgs/include/task_manager_msgs/task_manager_msgs/srv/detail/get_all_task_status__builder.hpp
[1.205s] -- Up-to-date: /home/GTL/apaul/ros2_hw1/install/task_manager_msgs/include/task_manager_msgs/task_manager_msgs/srv/detail/stop_task__struct.hpp
[1.205s] -- Up-to-date: /home/GTL/apaul/ros2_hw1/install/task_manager_msgs/include/task_manager_msgs/task_manager_msgs/srv/detail/start_task__traits.hpp
[1.206s] -- Up-to-date: /home/GTL/apaul/ros2_hw1/install/task_manager_msgs/include/task_manager_msgs/task_manager_msgs/srv/detail/stop_task__builder.hpp
[1.206s] -- Up-to-date: /home/GTL/apaul/ros2_hw1/install/task_manager_msgs/include/task_manager_msgs/task_manager_msgs/srv/detail/start_task__struct.hpp
[1.206s] -- Up-to-date: /home/GTL/apaul/ros2_hw1/install/task_manager_msgs/include/task_manager_msgs/task_manager_msgs/srv/detail/get_task_list__traits.hpp
[1.206s] -- Up-to-date: /home/GTL/apaul/ros2_hw1/install/task_manager_msgs/include/task_manager_msgs/task_manager_msgs/srv/detail/get_all_task_status__traits.hpp
[1.206s] -- Up-to-date: /home/GTL/apaul/ros2_hw1/install/task_manager_msgs/include/task_manager_msgs/task_manager_msgs/srv/detail/get_task_list__builder.hpp
[1.207s] -- Up-to-date: /home/GTL/apaul/ros2_hw1/install/task_manager_msgs/include/task_manager_msgs/task_manager_msgs/srv/start_task.hpp
[1.207s] -- Up-to-date: /home/GTL/apaul/ros2_hw1/install/task_manager_msgs/include/task_manager_msgs/task_manager_msgs/srv/get_all_task_status.hpp
[1.207s] -- Up-to-date: /home/GTL/apaul/ros2_hw1/install/task_manager_msgs/include/task_manager_msgs/task_manager_msgs
[1.208s] -- Up-to-date: /home/GTL/apaul/ros2_hw1/install/task_manager_msgs/include/task_manager_msgs/task_manager_msgs/msg
[1.209s] -- Up-to-date: /home/GTL/apaul/ros2_hw1/install/task_manager_msgs/include/task_manager_msgs/task_manager_msgs/msg/detail
[1.210s] -- Up-to-date: /home/GTL/apaul/ros2_hw1/install/task_manager_msgs/include/task_manager_msgs/task_manager_msgs/msg/detail/task_config__rosidl_typesupport_fastrtps_cpp.hpp
[1.210s] -- Up-to-date: /home/GTL/apaul/ros2_hw1/install/task_manager_msgs/include/task_manager_msgs/task_manager_msgs/msg/detail/dds_fastrtps
[1.210s] -- Up-to-date: /home/GTL/apaul/ros2_hw1/install/task_manager_msgs/include/task_manager_msgs/task_manager_msgs/msg/detail/encapsulated_message__rosidl_typesupport_fastrtps_cpp.hpp
[1.211s] -- Up-to-date: /home/GTL/apaul/ros2_hw1/install/task_manager_msgs/include/task_manager_msgs/task_manager_msgs/msg/detail/task_description__rosidl_typesupport_fastrtps_cpp.hpp
[1.211s] -- Up-to-date: /home/GTL/apaul/ros2_hw1/install/task_manager_msgs/include/task_manager_msgs/task_manager_msgs/msg/detail/task_status__rosidl_typesupport_fastrtps_cpp.hpp
[1.211s] -- Up-to-date: /home/GTL/apaul/ros2_hw1/install/task_manager_msgs/include/task_manager_msgs/task_manager_msgs/msg/detail/sync_status__rosidl_typesupport_fastrtps_cpp.hpp
[1.212s] -- Up-to-date: /home/GTL/apaul/ros2_hw1/install/task_manager_msgs/include/task_manager_msgs/task_manager_msgs/msg/detail/task_parameter__rosidl_typesupport_fastrtps_cpp.hpp
[1.212s] -- Up-to-date: /home/GTL/apaul/ros2_hw1/install/task_manager_msgs/include/task_manager_msgs/task_manager_msgs/msg/rosidl_typesupport_fastrtps_cpp__visibility_control.h
[1.212s] -- Up-to-date: /home/GTL/apaul/ros2_hw1/install/task_manager_msgs/include/task_manager_msgs/task_manager_msgs/srv
[1.213s] -- Up-to-date: /home/GTL/apaul/ros2_hw1/install/task_manager_msgs/include/task_manager_msgs/task_manager_msgs/srv/detail
[1.214s] -- Up-to-date: /home/GTL/apaul/ros2_hw1/install/task_manager_msgs/include/task_manager_msgs/task_manager_msgs/srv/detail/get_task_list__rosidl_typesupport_fastrtps_cpp.hpp
[1.214s] -- Up-to-date: /home/GTL/apaul/ros2_hw1/install/task_manager_msgs/include/task_manager_msgs/task_manager_msgs/srv/detail/start_task__rosidl_typesupport_fastrtps_cpp.hpp
[1.214s] -- Up-to-date: /home/GTL/apaul/ros2_hw1/install/task_manager_msgs/include/task_manager_msgs/task_manager_msgs/srv/detail/get_all_task_status__rosidl_typesupport_fastrtps_cpp.hpp
[1.215s] -- Up-to-date: /home/GTL/apaul/ros2_hw1/install/task_manager_msgs/include/task_manager_msgs/task_manager_msgs/srv/detail/dds_fastrtps
[1.215s] -- Up-to-date: /home/GTL/apaul/ros2_hw1/install/task_manager_msgs/include/task_manager_msgs/task_manager_msgs/srv/detail/stop_task__rosidl_typesupport_fastrtps_cpp.hpp
[1.216s] -- Up-to-date: /home/GTL/apaul/ros2_hw1/install/task_manager_msgs/lib/libtask_manager_msgs__rosidl_typesupport_fastrtps_cpp.so
[1.218s] -- Up-to-date: /home/GTL/apaul/ros2_hw1/install/task_manager_msgs/include/task_manager_msgs/task_manager_msgs
[1.219s] -- Up-to-date: /home/GTL/apaul/ros2_hw1/install/task_manager_msgs/include/task_manager_msgs/task_manager_msgs/msg
[1.230s] -- Up-to-date: /home/GTL/apaul/ros2_hw1/install/task_manager_msgs/include/task_manager_msgs/task_manager_msgs/msg/detail
[1.231s] -- Up-to-date: /home/GTL/apaul/ros2_hw1/install/task_manager_msgs/include/task_manager_msgs/task_manager_msgs/msg/detail/task_parameter__type_support.c
[1.232s] -- Up-to-date: /home/GTL/apaul/ros2_hw1/install/task_manager_msgs/include/task_manager_msgs/task_manager_msgs/msg/detail/task_parameter__rosidl_typesupport_introspection_c.h
[1.232s] -- Up-to-date: /home/GTL/apaul/ros2_hw1/install/task_manager_msgs/include/task_manager_msgs/task_manager_msgs/msg/detail/encapsulated_message__rosidl_typesupport_introspection_c.h
[1.232s] -- Up-to-date: /home/GTL/apaul/ros2_hw1/install/task_manager_msgs/include/task_manager_msgs/task_manager_msgs/msg/detail/sync_status__type_support.c
[1.232s] -- Up-to-date: /home/GTL/apaul/ros2_hw1/install/task_manager_msgs/include/task_manager_msgs/task_manager_msgs/msg/detail/task_description__type_support.c
[1.232s] -- Up-to-date: /home/GTL/apaul/ros2_hw1/install/task_manager_msgs/include/task_manager_msgs/task_manager_msgs/msg/detail/sync_status__rosidl_typesupport_introspection_c.h
[1.232s] -- Up-to-date: /home/GTL/apaul/ros2_hw1/install/task_manager_msgs/include/task_manager_msgs/task_manager_msgs/msg/detail/task_config__type_support.c
[1.232s] -- Up-to-date: /home/GTL/apaul/ros2_hw1/install/task_manager_msgs/include/task_manager_msgs/task_manager_msgs/msg/detail/task_description__rosidl_typesupport_introspection_c.h
[1.232s] -- Up-to-date: /home/GTL/apaul/ros2_hw1/install/task_manager_msgs/include/task_manager_msgs/task_manager_msgs/msg/detail/task_status__rosidl_typesupport_introspection_c.h
[1.232s] -- Up-to-date: /home/GTL/apaul/ros2_hw1/install/task_manager_msgs/include/task_manager_msgs/task_manager_msgs/msg/detail/task_config__rosidl_typesupport_introspection_c.h
[1.232s] -- Up-to-date: /home/GTL/apaul/ros2_hw1/install/task_manager_msgs/include/task_manager_msgs/task_manager_msgs/msg/detail/task_status__type_support.c
[1.232s] -- Up-to-date: /home/GTL/apaul/ros2_hw1/install/task_manager_msgs/include/task_manager_msgs/task_manager_msgs/msg/detail/encapsulated_message__type_support.c
[1.233s] -- Up-to-date: /home/GTL/apaul/ros2_hw1/install/task_manager_msgs/include/task_manager_msgs/task_manager_msgs/msg/rosidl_typesupport_introspection_c__visibility_control.h
[1.233s] -- Up-to-date: /home/GTL/apaul/ros2_hw1/install/task_manager_msgs/include/task_manager_msgs/task_manager_msgs/srv
[1.234s] -- Up-to-date: /home/GTL/apaul/ros2_hw1/install/task_manager_msgs/include/task_manager_msgs/task_manager_msgs/srv/detail
[1.234s] -- Up-to-date: /home/GTL/apaul/ros2_hw1/install/task_manager_msgs/include/task_manager_msgs/task_manager_msgs/srv/detail/start_task__type_support.c
[1.234s] -- Up-to-date: /home/GTL/apaul/ros2_hw1/install/task_manager_msgs/include/task_manager_msgs/task_manager_msgs/srv/detail/get_all_task_status__rosidl_typesupport_introspection_c.h
[1.234s] -- Up-to-date: /home/GTL/apaul/ros2_hw1/install/task_manager_msgs/include/task_manager_msgs/task_manager_msgs/srv/detail/get_all_task_status__type_support.c
[1.234s] -- Up-to-date: /home/GTL/apaul/ros2_hw1/install/task_manager_msgs/include/task_manager_msgs/task_manager_msgs/srv/detail/start_task__rosidl_typesupport_introspection_c.h
[1.234s] -- Up-to-date: /home/GTL/apaul/ros2_hw1/install/task_manager_msgs/include/task_manager_msgs/task_manager_msgs/srv/detail/stop_task__type_support.c
[1.234s] -- Up-to-date: /home/GTL/apaul/ros2_hw1/install/task_manager_msgs/include/task_manager_msgs/task_manager_msgs/srv/detail/get_task_list__rosidl_typesupport_introspection_c.h
[1.234s] -- Up-to-date: /home/GTL/apaul/ros2_hw1/install/task_manager_msgs/include/task_manager_msgs/task_manager_msgs/srv/detail/stop_task__rosidl_typesupport_introspection_c.h
[1.234s] -- Up-to-date: /home/GTL/apaul/ros2_hw1/install/task_manager_msgs/include/task_manager_msgs/task_manager_msgs/srv/detail/get_task_list__type_support.c
[1.234s] -- Up-to-date: /home/GTL/apaul/ros2_hw1/install/task_manager_msgs/lib/libtask_manager_msgs__rosidl_typesupport_introspection_c.so
[1.235s] -- Up-to-date: /home/GTL/apaul/ros2_hw1/install/task_manager_msgs/lib/libtask_manager_msgs__rosidl_typesupport_c.so
[1.237s] -- Up-to-date: /home/GTL/apaul/ros2_hw1/install/task_manager_msgs/include/task_manager_msgs/task_manager_msgs
[1.238s] -- Up-to-date: /home/GTL/apaul/ros2_hw1/install/task_manager_msgs/include/task_manager_msgs/task_manager_msgs/msg
[1.239s] -- Up-to-date: /home/GTL/apaul/ros2_hw1/install/task_manager_msgs/include/task_manager_msgs/task_manager_msgs/msg/detail
[1.239s] -- Up-to-date: /home/GTL/apaul/ros2_hw1/install/task_manager_msgs/include/task_manager_msgs/task_manager_msgs/msg/detail/task_parameter__rosidl_typesupport_introspection_cpp.hpp
[1.240s] -- Up-to-date: /home/GTL/apaul/ros2_hw1/install/task_manager_msgs/include/task_manager_msgs/task_manager_msgs/msg/detail/encapsulated_message__rosidl_typesupport_introspection_cpp.hpp
[1.241s] -- Up-to-date: /home/GTL/apaul/ros2_hw1/install/task_manager_msgs/include/task_manager_msgs/task_manager_msgs/msg/detail/task_status__rosidl_typesupport_introspection_cpp.hpp
[1.241s] -- Up-to-date: /home/GTL/apaul/ros2_hw1/install/task_manager_msgs/include/task_manager_msgs/task_manager_msgs/msg/detail/encapsulated_message__type_support.cpp
[1.241s] -- Up-to-date: /home/GTL/apaul/ros2_hw1/install/task_manager_msgs/include/task_manager_msgs/task_manager_msgs/msg/detail/sync_status__type_support.cpp
[1.241s] -- Up-to-date: /home/GTL/apaul/ros2_hw1/install/task_manager_msgs/include/task_manager_msgs/task_manager_msgs/msg/detail/sync_status__rosidl_typesupport_introspection_cpp.hpp
[1.241s] -- Up-to-date: /home/GTL/apaul/ros2_hw1/install/task_manager_msgs/include/task_manager_msgs/task_manager_msgs/msg/detail/task_description__rosidl_typesupport_introspection_cpp.hpp
[1.242s] -- Up-to-date: /home/GTL/apaul/ros2_hw1/install/task_manager_msgs/include/task_manager_msgs/task_manager_msgs/msg/detail/task_config__type_support.cpp
[1.242s] -- Up-to-date: /home/GTL/apaul/ros2_hw1/install/task_manager_msgs/include/task_manager_msgs/task_manager_msgs/msg/detail/task_description__type_support.cpp
[1.242s] -- Up-to-date: /home/GTL/apaul/ros2_hw1/install/task_manager_msgs/include/task_manager_msgs/task_manager_msgs/msg/detail/task_config__rosidl_typesupport_introspection_cpp.hpp
[1.242s] -- Up-to-date: /home/GTL/apaul/ros2_hw1/install/task_manager_msgs/include/task_manager_msgs/task_manager_msgs/msg/detail/task_status__type_support.cpp
[1.242s] -- Up-to-date: /home/GTL/apaul/ros2_hw1/install/task_manager_msgs/include/task_manager_msgs/task_manager_msgs/msg/detail/task_parameter__type_support.cpp
[1.242s] -- Up-to-date: /home/GTL/apaul/ros2_hw1/install/task_manager_msgs/include/task_manager_msgs/task_manager_msgs/srv
[1.243s] -- Up-to-date: /home/GTL/apaul/ros2_hw1/install/task_manager_msgs/include/task_manager_msgs/task_manager_msgs/srv/detail
[1.244s] -- Up-to-date: /home/GTL/apaul/ros2_hw1/install/task_manager_msgs/include/task_manager_msgs/task_manager_msgs/srv/detail/get_all_task_status__rosidl_typesupport_introspection_cpp.hpp
[1.244s] -- Up-to-date: /home/GTL/apaul/ros2_hw1/install/task_manager_msgs/include/task_manager_msgs/task_manager_msgs/srv/detail/start_task__rosidl_typesupport_introspection_cpp.hpp
[1.244s] -- Up-to-date: /home/GTL/apaul/ros2_hw1/install/task_manager_msgs/include/task_manager_msgs/task_manager_msgs/srv/detail/start_task__type_support.cpp
[1.245s] -- Up-to-date: /home/GTL/apaul/ros2_hw1/install/task_manager_msgs/include/task_manager_msgs/task_manager_msgs/srv/detail/get_all_task_status__type_support.cpp
[1.245s] -- Up-to-date: /home/GTL/apaul/ros2_hw1/install/task_manager_msgs/include/task_manager_msgs/task_manager_msgs/srv/detail/stop_task__rosidl_typesupport_introspection_cpp.hpp
[1.245s] -- Up-to-date: /home/GTL/apaul/ros2_hw1/install/task_manager_msgs/include/task_manager_msgs/task_manager_msgs/srv/detail/stop_task__type_support.cpp
[1.246s] -- Up-to-date: /home/GTL/apaul/ros2_hw1/install/task_manager_msgs/include/task_manager_msgs/task_manager_msgs/srv/detail/get_task_list__type_support.cpp
[1.246s] -- Up-to-date: /home/GTL/apaul/ros2_hw1/install/task_manager_msgs/include/task_manager_msgs/task_manager_msgs/srv/detail/get_task_list__rosidl_typesupport_introspection_cpp.hpp
[1.247s] -- Up-to-date: /home/GTL/apaul/ros2_hw1/install/task_manager_msgs/lib/libtask_manager_msgs__rosidl_typesupport_introspection_cpp.so
[1.250s] -- Up-to-date: /home/GTL/apaul/ros2_hw1/install/task_manager_msgs/lib/libtask_manager_msgs__rosidl_typesupport_cpp.so
[1.252s] -- Up-to-date: /home/GTL/apaul/ros2_hw1/install/task_manager_msgs/share/task_manager_msgs/environment/pythonpath.sh
[1.252s] -- Up-to-date: /home/GTL/apaul/ros2_hw1/install/task_manager_msgs/share/task_manager_msgs/environment/pythonpath.dsv
[1.252s] -- Up-to-date: /home/GTL/apaul/ros2_hw1/install/task_manager_msgs/local/lib/python3.10/dist-packages/task_manager_msgs-0.0.0-py3.10.egg-info
[1.254s] -- Installing: /home/GTL/apaul/ros2_hw1/install/task_manager_msgs/local/lib/python3.10/dist-packages/task_manager_msgs-0.0.0-py3.10.egg-info/dependency_links.txt
[1.258s] -- Installing: /home/GTL/apaul/ros2_hw1/install/task_manager_msgs/local/lib/python3.10/dist-packages/task_manager_msgs-0.0.0-py3.10.egg-info/top_level.txt
[1.266s] -- Installing: /home/GTL/apaul/ros2_hw1/install/task_manager_msgs/local/lib/python3.10/dist-packages/task_manager_msgs-0.0.0-py3.10.egg-info/PKG-INFO
[1.267s] -- Installing: /home/GTL/apaul/ros2_hw1/install/task_manager_msgs/local/lib/python3.10/dist-packages/task_manager_msgs-0.0.0-py3.10.egg-info/SOURCES.txt
[1.272s] -- Up-to-date: /home/GTL/apaul/ros2_hw1/install/task_manager_msgs/local/lib/python3.10/dist-packages/task_manager_msgs
[1.272s] -- Up-to-date: /home/GTL/apaul/ros2_hw1/install/task_manager_msgs/local/lib/python3.10/dist-packages/task_manager_msgs/msg
[1.278s] -- Up-to-date: /home/GTL/apaul/ros2_hw1/install/task_manager_msgs/local/lib/python3.10/dist-packages/task_manager_msgs/msg/_encapsulated_message_s.c
[1.278s] -- Up-to-date: /home/GTL/apaul/ros2_hw1/install/task_manager_msgs/local/lib/python3.10/dist-packages/task_manager_msgs/msg/_task_description_s.c
[1.278s] -- Up-to-date: /home/GTL/apaul/ros2_hw1/install/task_manager_msgs/local/lib/python3.10/dist-packages/task_manager_msgs/msg/_task_parameter.py
[1.278s] -- Up-to-date: /home/GTL/apaul/ros2_hw1/install/task_manager_msgs/local/lib/python3.10/dist-packages/task_manager_msgs/msg/_sync_status_s.c
[1.278s] -- Up-to-date: /home/GTL/apaul/ros2_hw1/install/task_manager_msgs/local/lib/python3.10/dist-packages/task_manager_msgs/msg/_task_config.py
[1.278s] -- Up-to-date: /home/GTL/apaul/ros2_hw1/install/task_manager_msgs/local/lib/python3.10/dist-packages/task_manager_msgs/msg/_task_parameter_s.c
[1.278s] -- Up-to-date: /home/GTL/apaul/ros2_hw1/install/task_manager_msgs/local/lib/python3.10/dist-packages/task_manager_msgs/msg/_task_status.py
[1.278s] -- Up-to-date: /home/GTL/apaul/ros2_hw1/install/task_manager_msgs/local/lib/python3.10/dist-packages/task_manager_msgs/msg/_task_description.py
[1.278s] -- Up-to-date: /home/GTL/apaul/ros2_hw1/install/task_manager_msgs/local/lib/python3.10/dist-packages/task_manager_msgs/msg/__init__.py
[1.278s] -- Up-to-date: /home/GTL/apaul/ros2_hw1/install/task_manager_msgs/local/lib/python3.10/dist-packages/task_manager_msgs/msg/_sync_status.py
[1.278s] -- Up-to-date: /home/GTL/apaul/ros2_hw1/install/task_manager_msgs/local/lib/python3.10/dist-packages/task_manager_msgs/msg/_encapsulated_message.py
[1.278s] -- Up-to-date: /home/GTL/apaul/ros2_hw1/install/task_manager_msgs/local/lib/python3.10/dist-packages/task_manager_msgs/msg/_task_config_s.c
[1.279s] -- Up-to-date: /home/GTL/apaul/ros2_hw1/install/task_manager_msgs/local/lib/python3.10/dist-packages/task_manager_msgs/msg/_task_status_s.c
[1.279s] -- Up-to-date: /home/GTL/apaul/ros2_hw1/install/task_manager_msgs/local/lib/python3.10/dist-packages/task_manager_msgs/task_manager_msgs_s__rosidl_typesupport_introspection_c.cpython-310-x86_64-linux-gnu.so
[1.279s] -- Up-to-date: /home/GTL/apaul/ros2_hw1/install/task_manager_msgs/local/lib/python3.10/dist-packages/task_manager_msgs/_task_manager_msgs_s.ep.rosidl_typesupport_introspection_c.c
[1.279s] -- Up-to-date: /home/GTL/apaul/ros2_hw1/install/task_manager_msgs/local/lib/python3.10/dist-packages/task_manager_msgs/__init__.py
[1.279s] -- Up-to-date: /home/GTL/apaul/ros2_hw1/install/task_manager_msgs/local/lib/python3.10/dist-packages/task_manager_msgs/_task_manager_msgs_s.ep.rosidl_typesupport_c.c
[1.279s] -- Up-to-date: /home/GTL/apaul/ros2_hw1/install/task_manager_msgs/local/lib/python3.10/dist-packages/task_manager_msgs/task_manager_msgs_s__rosidl_typesupport_c.cpython-310-x86_64-linux-gnu.so
[1.279s] -- Up-to-date: /home/GTL/apaul/ros2_hw1/install/task_manager_msgs/local/lib/python3.10/dist-packages/task_manager_msgs/srv
[1.279s] -- Up-to-date: /home/GTL/apaul/ros2_hw1/install/task_manager_msgs/local/lib/python3.10/dist-packages/task_manager_msgs/srv/_stop_task_s.c
[1.279s] -- Up-to-date: /home/GTL/apaul/ros2_hw1/install/task_manager_msgs/local/lib/python3.10/dist-packages/task_manager_msgs/srv/_start_task_s.c
[1.280s] -- Up-to-date: /home/GTL/apaul/ros2_hw1/install/task_manager_msgs/local/lib/python3.10/dist-packages/task_manager_msgs/srv/_get_all_task_status_s.c
[1.280s] -- Up-to-date: /home/GTL/apaul/ros2_hw1/install/task_manager_msgs/local/lib/python3.10/dist-packages/task_manager_msgs/srv/_get_task_list.py
[1.280s] -- Up-to-date: /home/GTL/apaul/ros2_hw1/install/task_manager_msgs/local/lib/python3.10/dist-packages/task_manager_msgs/srv/__init__.py
[1.280s] -- Up-to-date: /home/GTL/apaul/ros2_hw1/install/task_manager_msgs/local/lib/python3.10/dist-packages/task_manager_msgs/srv/_get_all_task_status.py
[1.281s] -- Up-to-date: /home/GTL/apaul/ros2_hw1/install/task_manager_msgs/local/lib/python3.10/dist-packages/task_manager_msgs/srv/_stop_task.py
[1.281s] -- Up-to-date: /home/GTL/apaul/ros2_hw1/install/task_manager_msgs/local/lib/python3.10/dist-packages/task_manager_msgs/srv/_get_task_list_s.c
[1.281s] -- Up-to-date: /home/GTL/apaul/ros2_hw1/install/task_manager_msgs/local/lib/python3.10/dist-packages/task_manager_msgs/srv/_start_task.py
[1.281s] -- Up-to-date: /home/GTL/apaul/ros2_hw1/install/task_manager_msgs/local/lib/python3.10/dist-packages/task_manager_msgs/_task_manager_msgs_s.ep.rosidl_typesupport_fastrtps_c.c
[1.282s] -- Up-to-date: /home/GTL/apaul/ros2_hw1/install/task_manager_msgs/local/lib/python3.10/dist-packages/task_manager_msgs/task_manager_msgs_s__rosidl_typesupport_fastrtps_c.cpython-310-x86_64-linux-gnu.so
[1.283s] -- Up-to-date: /home/GTL/apaul/ros2_hw1/install/task_manager_msgs/local/lib/python3.10/dist-packages/task_manager_msgs/libtask_manager_msgs__rosidl_generator_py.so
[1.323s] Listing '/home/GTL/apaul/ros2_hw1/install/task_manager_msgs/local/lib/python3.10/dist-packages/task_manager_msgs'...
[1.323s] Listing '/home/GTL/apaul/ros2_hw1/install/task_manager_msgs/local/lib/python3.10/dist-packages/task_manager_msgs/msg'...
[1.323s] Listing '/home/GTL/apaul/ros2_hw1/install/task_manager_msgs/local/lib/python3.10/dist-packages/task_manager_msgs/srv'...
[1.326s] -- Up-to-date: /home/GTL/apaul/ros2_hw1/install/task_manager_msgs/local/lib/python3.10/dist-packages/task_manager_msgs/task_manager_msgs_s__rosidl_typesupport_fastrtps_c.cpython-310-x86_64-linux-gnu.so
[1.330s] -- Up-to-date: /home/GTL/apaul/ros2_hw1/install/task_manager_msgs/local/lib/python3.10/dist-packages/task_manager_msgs/task_manager_msgs_s__rosidl_typesupport_introspection_c.cpython-310-x86_64-linux-gnu.so
[1.334s] -- Up-to-date: /home/GTL/apaul/ros2_hw1/install/task_manager_msgs/local/lib/python3.10/dist-packages/task_manager_msgs/task_manager_msgs_s__rosidl_typesupport_c.cpython-310-x86_64-linux-gnu.so
[1.337s] -- Up-to-date: /home/GTL/apaul/ros2_hw1/install/task_manager_msgs/lib/libtask_manager_msgs__rosidl_generator_py.so
[1.340s] -- Up-to-date: /home/GTL/apaul/ros2_hw1/install/task_manager_msgs/share/task_manager_msgs/srv/GetAllTaskStatus.idl
[1.340s] -- Up-to-date: /home/GTL/apaul/ros2_hw1/install/task_manager_msgs/share/task_manager_msgs/srv/StartTask.idl
[1.340s] -- Up-to-date: /home/GTL/apaul/ros2_hw1/install/task_manager_msgs/share/task_manager_msgs/srv/StopTask.idl
[1.340s] -- Up-to-date: /home/GTL/apaul/ros2_hw1/install/task_manager_msgs/share/task_manager_msgs/srv/GetTaskList.idl
[1.340s] -- Up-to-date: /home/GTL/apaul/ros2_hw1/install/task_manager_msgs/share/task_manager_msgs/msg/TaskDescription.idl
[1.341s] -- Up-to-date: /home/GTL/apaul/ros2_hw1/install/task_manager_msgs/share/task_manager_msgs/msg/TaskParameter.idl
[1.341s] -- Up-to-date: /home/GTL/apaul/ros2_hw1/install/task_manager_msgs/share/task_manager_msgs/msg/TaskStatus.idl
[1.341s] -- Up-to-date: /home/GTL/apaul/ros2_hw1/install/task_manager_msgs/share/task_manager_msgs/msg/TaskConfig.idl
[1.341s] -- Up-to-date: /home/GTL/apaul/ros2_hw1/install/task_manager_msgs/share/task_manager_msgs/msg/SyncStatus.idl
[1.341s] -- Up-to-date: /home/GTL/apaul/ros2_hw1/install/task_manager_msgs/share/task_manager_msgs/msg/EncapsulatedMessage.idl
[1.342s] -- Up-to-date: /home/GTL/apaul/ros2_hw1/install/task_manager_msgs/share/task_manager_msgs/srv/GetAllTaskStatus.srv
[1.342s] -- Up-to-date: /home/GTL/apaul/ros2_hw1/install/task_manager_msgs/share/task_manager_msgs/srv/GetAllTaskStatus_Request.msg
[1.342s] -- Up-to-date: /home/GTL/apaul/ros2_hw1/install/task_manager_msgs/share/task_manager_msgs/srv/GetAllTaskStatus_Response.msg
[1.343s] -- Up-to-date: /home/GTL/apaul/ros2_hw1/install/task_manager_msgs/share/task_manager_msgs/srv/StartTask.srv
[1.343s] -- Up-to-date: /home/GTL/apaul/ros2_hw1/install/task_manager_msgs/share/task_manager_msgs/srv/StartTask_Request.msg
[1.343s] -- Up-to-date: /home/GTL/apaul/ros2_hw1/install/task_manager_msgs/share/task_manager_msgs/srv/StartTask_Response.msg
[1.343s] -- Up-to-date: /home/GTL/apaul/ros2_hw1/install/task_manager_msgs/share/task_manager_msgs/srv/StopTask.srv
[1.344s] -- Up-to-date: /home/GTL/apaul/ros2_hw1/install/task_manager_msgs/share/task_manager_msgs/srv/StopTask_Request.msg
[1.344s] -- Up-to-date: /home/GTL/apaul/ros2_hw1/install/task_manager_msgs/share/task_manager_msgs/srv/StopTask_Response.msg
[1.344s] -- Up-to-date: /home/GTL/apaul/ros2_hw1/install/task_manager_msgs/share/task_manager_msgs/srv/GetTaskList.srv
[1.344s] -- Up-to-date: /home/GTL/apaul/ros2_hw1/install/task_manager_msgs/share/task_manager_msgs/srv/GetTaskList_Request.msg
[1.345s] -- Up-to-date: /home/GTL/apaul/ros2_hw1/install/task_manager_msgs/share/task_manager_msgs/srv/GetTaskList_Response.msg
[1.345s] -- Up-to-date: /home/GTL/apaul/ros2_hw1/install/task_manager_msgs/share/task_manager_msgs/msg/TaskDescription.msg
[1.345s] -- Up-to-date: /home/GTL/apaul/ros2_hw1/install/task_manager_msgs/share/task_manager_msgs/msg/TaskParameter.msg
[1.346s] -- Up-to-date: /home/GTL/apaul/ros2_hw1/install/task_manager_msgs/share/task_manager_msgs/msg/TaskStatus.msg
[1.346s] -- Up-to-date: /home/GTL/apaul/ros2_hw1/install/task_manager_msgs/share/task_manager_msgs/msg/TaskConfig.msg
[1.346s] -- Up-to-date: /home/GTL/apaul/ros2_hw1/install/task_manager_msgs/share/task_manager_msgs/msg/SyncStatus.msg
[1.346s] -- Up-to-date: /home/GTL/apaul/ros2_hw1/install/task_manager_msgs/share/task_manager_msgs/msg/EncapsulatedMessage.msg
[1.347s] -- Up-to-date: /home/GTL/apaul/ros2_hw1/install/task_manager_msgs/lib/task_manager_msgs/task_manager_msgs_encapsulate
[1.350s] -- Up-to-date: /home/GTL/apaul/ros2_hw1/install/task_manager_msgs/share/ament_index/resource_index/package_run_dependencies/task_manager_msgs
[1.350s] -- Up-to-date: /home/GTL/apaul/ros2_hw1/install/task_manager_msgs/share/ament_index/resource_index/parent_prefix_path/task_manager_msgs
[1.350s] -- Up-to-date: /home/GTL/apaul/ros2_hw1/install/task_manager_msgs/share/task_manager_msgs/environment/ament_prefix_path.sh
[1.350s] -- Up-to-date: /home/GTL/apaul/ros2_hw1/install/task_manager_msgs/share/task_manager_msgs/environment/ament_prefix_path.dsv
[1.351s] -- Up-to-date: /home/GTL/apaul/ros2_hw1/install/task_manager_msgs/share/task_manager_msgs/environment/path.sh
[1.351s] -- Up-to-date: /home/GTL/apaul/ros2_hw1/install/task_manager_msgs/share/task_manager_msgs/environment/path.dsv
[1.351s] -- Up-to-date: /home/GTL/apaul/ros2_hw1/install/task_manager_msgs/share/task_manager_msgs/local_setup.bash
[1.351s] -- Up-to-date: /home/GTL/apaul/ros2_hw1/install/task_manager_msgs/share/task_manager_msgs/local_setup.sh
[1.352s] -- Up-to-date: /home/GTL/apaul/ros2_hw1/install/task_manager_msgs/share/task_manager_msgs/local_setup.zsh
[1.352s] -- Up-to-date: /home/GTL/apaul/ros2_hw1/install/task_manager_msgs/share/task_manager_msgs/local_setup.dsv
[1.352s] -- Installing: /home/GTL/apaul/ros2_hw1/install/task_manager_msgs/share/task_manager_msgs/package.dsv
[1.358s] -- Up-to-date: /home/GTL/apaul/ros2_hw1/install/task_manager_msgs/share/ament_index/resource_index/packages/task_manager_msgs
[1.358s] -- Up-to-date: /home/GTL/apaul/ros2_hw1/install/task_manager_msgs/share/task_manager_msgs/cmake/export_task_manager_msgs__rosidl_generator_cExport.cmake
[1.358s] -- Up-to-date: /home/GTL/apaul/ros2_hw1/install/task_manager_msgs/share/task_manager_msgs/cmake/export_task_manager_msgs__rosidl_generator_cExport-noconfig.cmake
[1.358s] -- Up-to-date: /home/GTL/apaul/ros2_hw1/install/task_manager_msgs/share/task_manager_msgs/cmake/export_task_manager_msgs__rosidl_typesupport_fastrtps_cExport.cmake
[1.358s] -- Up-to-date: /home/GTL/apaul/ros2_hw1/install/task_manager_msgs/share/task_manager_msgs/cmake/export_task_manager_msgs__rosidl_typesupport_fastrtps_cExport-noconfig.cmake
[1.359s] -- Up-to-date: /home/GTL/apaul/ros2_hw1/install/task_manager_msgs/share/task_manager_msgs/cmake/export_task_manager_msgs__rosidl_generator_cppExport.cmake
[1.360s] -- Up-to-date: /home/GTL/apaul/ros2_hw1/install/task_manager_msgs/share/task_manager_msgs/cmake/export_task_manager_msgs__rosidl_typesupport_fastrtps_cppExport.cmake
[1.360s] -- Up-to-date: /home/GTL/apaul/ros2_hw1/install/task_manager_msgs/share/task_manager_msgs/cmake/export_task_manager_msgs__rosidl_typesupport_fastrtps_cppExport-noconfig.cmake
[1.361s] -- Up-to-date: /home/GTL/apaul/ros2_hw1/install/task_manager_msgs/share/task_manager_msgs/cmake/task_manager_msgs__rosidl_typesupport_introspection_cExport.cmake
[1.361s] -- Up-to-date: /home/GTL/apaul/ros2_hw1/install/task_manager_msgs/share/task_manager_msgs/cmake/task_manager_msgs__rosidl_typesupport_introspection_cExport-noconfig.cmake
[1.362s] -- Up-to-date: /home/GTL/apaul/ros2_hw1/install/task_manager_msgs/share/task_manager_msgs/cmake/task_manager_msgs__rosidl_typesupport_cExport.cmake
[1.362s] -- Up-to-date: /home/GTL/apaul/ros2_hw1/install/task_manager_msgs/share/task_manager_msgs/cmake/task_manager_msgs__rosidl_typesupport_cExport-noconfig.cmake
[1.363s] -- Up-to-date: /home/GTL/apaul/ros2_hw1/install/task_manager_msgs/share/task_manager_msgs/cmake/task_manager_msgs__rosidl_typesupport_introspection_cppExport.cmake
[1.363s] -- Up-to-date: /home/GTL/apaul/ros2_hw1/install/task_manager_msgs/share/task_manager_msgs/cmake/task_manager_msgs__rosidl_typesupport_introspection_cppExport-noconfig.cmake
[1.364s] -- Up-to-date: /home/GTL/apaul/ros2_hw1/install/task_manager_msgs/share/task_manager_msgs/cmake/task_manager_msgs__rosidl_typesupport_cppExport.cmake
[1.364s] -- Up-to-date: /home/GTL/apaul/ros2_hw1/install/task_manager_msgs/share/task_manager_msgs/cmake/task_manager_msgs__rosidl_typesupport_cppExport-noconfig.cmake
[1.365s] -- Up-to-date: /home/GTL/apaul/ros2_hw1/install/task_manager_msgs/share/task_manager_msgs/cmake/export_task_manager_msgs__rosidl_generator_pyExport.cmake
[1.365s] -- Up-to-date: /home/GTL/apaul/ros2_hw1/install/task_manager_msgs/share/task_manager_msgs/cmake/export_task_manager_msgs__rosidl_generator_pyExport-noconfig.cmake
[1.366s] -- Up-to-date: /home/GTL/apaul/ros2_hw1/install/task_manager_msgs/share/task_manager_msgs/cmake/rosidl_cmake-extras.cmake
[1.366s] -- Up-to-date: /home/GTL/apaul/ros2_hw1/install/task_manager_msgs/share/task_manager_msgs/cmake/ament_cmake_export_dependencies-extras.cmake
[1.366s] -- Up-to-date: /home/GTL/apaul/ros2_hw1/install/task_manager_msgs/share/task_manager_msgs/cmake/ament_cmake_export_include_directories-extras.cmake
[1.366s] -- Up-to-date: /home/GTL/apaul/ros2_hw1/install/task_manager_msgs/share/task_manager_msgs/cmake/ament_cmake_export_libraries-extras.cmake
[1.367s] -- Up-to-date: /home/GTL/apaul/ros2_hw1/install/task_manager_msgs/share/task_manager_msgs/cmake/ament_cmake_export_targets-extras.cmake
[1.367s] -- Up-to-date: /home/GTL/apaul/ros2_hw1/install/task_manager_msgs/share/task_manager_msgs/cmake/rosidl_cmake_export_typesupport_targets-extras.cmake
[1.367s] -- Up-to-date: /home/GTL/apaul/ros2_hw1/install/task_manager_msgs/share/task_manager_msgs/cmake/rosidl_cmake_export_typesupport_libraries-extras.cmake
[1.368s] -- Up-to-date: /home/GTL/apaul/ros2_hw1/install/task_manager_msgs/share/task_manager_msgs/cmake/task_manager_msgsConfig.cmake
[1.368s] -- Up-to-date: /home/GTL/apaul/ros2_hw1/install/task_manager_msgs/share/task_manager_msgs/cmake/task_manager_msgsConfig-version.cmake
[1.368s] -- Up-to-date: /home/GTL/apaul/ros2_hw1/install/task_manager_msgs/share/task_manager_msgs/package.xml
[1.429s] Invoked command in '/home/GTL/apaul/ros2_hw1/build/task_manager_msgs' returned '0': CMAKE_PREFIX_PATH=/opt/ros/humble /usr/bin/cmake --install /home/GTL/apaul/ros2_hw1/build/task_manager_msgs
