[1.107s] Invoking command in '/home/GTL/apaul/ros2_hw1/build/vrep4_helpers': CMAKE_PREFIX_PATH=${CMAKE_PREFIX_PATH}:/home/GTL/apaul/ros2_hw1/install/vrep_ros_teleop:/home/GTL/apaul/ros2_hw1/install/task_manager_client_py:/home/GTL/apaul/ros2_hw1/install/ar_slam_base:/home/GTL/apaul/ros2_hw1/install/ar_loc_base:/home/GTL/apaul/ros2_hw1/install/rover_driver_base:/home/GTL/apaul/ros2_hw1/install/keyboard_teleop:/home/GTL/apaul/ros2_hw1/install/face_detect_base:/home/GTL/apaul/ros2_hw1/install/button_server:/home/GTL/apaul/ros2_hw1/install/ar_mapping_base:/opt/ros/humble /usr/bin/cmake --build /home/GTL/apaul/ros2_hw1/build/vrep4_helpers -- -j16 -l16
[1.195s] [ 50%] Built target clock_repeat
[1.204s] [100%] Built target image_flip
[1.447s] Invoked command in '/home/GTL/apaul/ros2_hw1/build/vrep4_helpers' returned '0': CMAKE_PREFIX_PATH=${CMAKE_PREFIX_PATH}:/home/GTL/apaul/ros2_hw1/install/vrep_ros_teleop:/home/GTL/apaul/ros2_hw1/install/task_manager_client_py:/home/GTL/apaul/ros2_hw1/install/ar_slam_base:/home/GTL/apaul/ros2_hw1/install/ar_loc_base:/home/GTL/apaul/ros2_hw1/install/rover_driver_base:/home/GTL/apaul/ros2_hw1/install/keyboard_teleop:/home/GTL/apaul/ros2_hw1/install/face_detect_base:/home/GTL/apaul/ros2_hw1/install/button_server:/home/GTL/apaul/ros2_hw1/install/ar_mapping_base:/opt/ros/humble /usr/bin/cmake --build /home/GTL/apaul/ros2_hw1/build/vrep4_helpers -- -j16 -l16
[1.479s] Invoking command in '/home/GTL/apaul/ros2_hw1/build/vrep4_helpers': CMAKE_PREFIX_PATH=${CMAKE_PREFIX_PATH}:/home/GTL/apaul/ros2_hw1/install/vrep_ros_teleop:/home/GTL/apaul/ros2_hw1/install/task_manager_client_py:/home/GTL/apaul/ros2_hw1/install/ar_slam_base:/home/GTL/apaul/ros2_hw1/install/ar_loc_base:/home/GTL/apaul/ros2_hw1/install/rover_driver_base:/home/GTL/apaul/ros2_hw1/install/keyboard_teleop:/home/GTL/apaul/ros2_hw1/install/face_detect_base:/home/GTL/apaul/ros2_hw1/install/button_server:/home/GTL/apaul/ros2_hw1/install/ar_mapping_base:/opt/ros/humble /usr/bin/cmake --install /home/GTL/apaul/ros2_hw1/build/vrep4_helpers
[1.492s] -- Install configuration: ""
[1.526s] -- Up-to-date: /home/GTL/apaul/ros2_hw1/install/vrep4_helpers/lib/vrep4_helpers/image_flip
[1.561s] -- Up-to-date: /home/GTL/apaul/ros2_hw1/install/vrep4_helpers/lib/vrep4_helpers/clock_repeat
[1.562s] -- Up-to-date: /home/GTL/apaul/ros2_hw1/install/vrep4_helpers/share/vrep4_helpers
[1.563s] -- Up-to-date: /home/GTL/apaul/ros2_hw1/install/vrep4_helpers/share/vrep4_helpers/kinect_pc.launch.py
[1.564s] -- Up-to-date: /home/GTL/apaul/ros2_hw1/install/vrep4_helpers/share/vrep4_helpers/kinect_pc_min.launch.py
[1.564s] -- Up-to-date: /home/GTL/apaul/ros2_hw1/install/vrep4_helpers/share/vrep4_helpers/__pycache__
[1.566s] -- Up-to-date: /home/GTL/apaul/ros2_hw1/install/vrep4_helpers/share/vrep4_helpers/__pycache__/kinect_pc_min.launch.cpython-310.pyc
[1.566s] -- Up-to-date: /home/GTL/apaul/ros2_hw1/install/vrep4_helpers/share/ament_index/resource_index/package_run_dependencies/vrep4_helpers
[1.566s] -- Up-to-date: /home/GTL/apaul/ros2_hw1/install/vrep4_helpers/share/ament_index/resource_index/parent_prefix_path/vrep4_helpers
[1.567s] -- Installing: /home/GTL/apaul/ros2_hw1/install/vrep4_helpers/share/vrep4_helpers/environment/ament_prefix_path.sh
[1.570s] -- Up-to-date: /home/GTL/apaul/ros2_hw1/install/vrep4_helpers/share/vrep4_helpers/environment/ament_prefix_path.dsv
[1.571s] -- Installing: /home/GTL/apaul/ros2_hw1/install/vrep4_helpers/share/vrep4_helpers/environment/path.sh
[1.574s] -- Up-to-date: /home/GTL/apaul/ros2_hw1/install/vrep4_helpers/share/vrep4_helpers/environment/path.dsv
[1.574s] -- Up-to-date: /home/GTL/apaul/ros2_hw1/install/vrep4_helpers/share/vrep4_helpers/local_setup.bash
[1.575s] -- Up-to-date: /home/GTL/apaul/ros2_hw1/install/vrep4_helpers/share/vrep4_helpers/local_setup.sh
[1.575s] -- Up-to-date: /home/GTL/apaul/ros2_hw1/install/vrep4_helpers/share/vrep4_helpers/local_setup.zsh
[1.576s] -- Up-to-date: /home/GTL/apaul/ros2_hw1/install/vrep4_helpers/share/vrep4_helpers/local_setup.dsv
[1.577s] -- Installing: /home/GTL/apaul/ros2_hw1/install/vrep4_helpers/share/vrep4_helpers/package.dsv
[1.580s] -- Up-to-date: /home/GTL/apaul/ros2_hw1/install/vrep4_helpers/share/ament_index/resource_index/packages/vrep4_helpers
[1.580s] -- Up-to-date: /home/GTL/apaul/ros2_hw1/install/vrep4_helpers/share/vrep4_helpers/cmake/vrep4_helpersConfig.cmake
[1.581s] -- Up-to-date: /home/GTL/apaul/ros2_hw1/install/vrep4_helpers/share/vrep4_helpers/cmake/vrep4_helpersConfig-version.cmake
[1.581s] -- Up-to-date: /home/GTL/apaul/ros2_hw1/install/vrep4_helpers/share/vrep4_helpers/package.xml
[1.629s] Invoked command in '/home/GTL/apaul/ros2_hw1/build/vrep4_helpers' returned '0': CMAKE_PREFIX_PATH=${CMAKE_PREFIX_PATH}:/home/GTL/apaul/ros2_hw1/install/vrep_ros_teleop:/home/GTL/apaul/ros2_hw1/install/task_manager_client_py:/home/GTL/apaul/ros2_hw1/install/ar_slam_base:/home/GTL/apaul/ros2_hw1/install/ar_loc_base:/home/GTL/apaul/ros2_hw1/install/rover_driver_base:/home/GTL/apaul/ros2_hw1/install/keyboard_teleop:/home/GTL/apaul/ros2_hw1/install/face_detect_base:/home/GTL/apaul/ros2_hw1/install/button_server:/home/GTL/apaul/ros2_hw1/install/ar_mapping_base:/opt/ros/humble /usr/bin/cmake --install /home/GTL/apaul/ros2_hw1/build/vrep4_helpers
