[0.634s] Invoking command in '/home/GTL/apaul/ros2_hw1/build/joy_pack': CMAKE_PREFIX_PATH=/opt/ros/humble /usr/bin/cmake --build /home/GTL/apaul/ros2_hw1/build/joy_pack -- -j16 -l16
[1.071s] [100%] Built target joy_node
[1.262s] Invoked command in '/home/GTL/apaul/ros2_hw1/build/joy_pack' returned '0': CMAKE_PREFIX_PATH=/opt/ros/humble /usr/bin/cmake --build /home/GTL/apaul/ros2_hw1/build/joy_pack -- -j16 -l16
[1.302s] Invoking command in '/home/GTL/apaul/ros2_hw1/build/joy_pack': CMAKE_PREFIX_PATH=/opt/ros/humble /usr/bin/cmake --install /home/GTL/apaul/ros2_hw1/build/joy_pack
[1.310s] -- Install configuration: ""
[1.310s] -- Up-to-date: /home/GTL/apaul/ros2_hw1/install/joy_pack/lib/joy_pack/joy_node
[1.311s] -- Up-to-date: /home/GTL/apaul/ros2_hw1/install/joy_pack/share/ament_index/resource_index/package_run_dependencies/joy_pack
[1.315s] -- Up-to-date: /home/GTL/apaul/ros2_hw1/install/joy_pack/share/ament_index/resource_index/parent_prefix_path/joy_pack
[1.315s] -- Up-to-date: /home/GTL/apaul/ros2_hw1/install/joy_pack/share/joy_pack/environment/ament_prefix_path.sh
[1.315s] -- Up-to-date: /home/GTL/apaul/ros2_hw1/install/joy_pack/share/joy_pack/environment/ament_prefix_path.dsv
[1.316s] -- Up-to-date: /home/GTL/apaul/ros2_hw1/install/joy_pack/share/joy_pack/environment/path.sh
[1.316s] -- Up-to-date: /home/GTL/apaul/ros2_hw1/install/joy_pack/share/joy_pack/environment/path.dsv
[1.316s] -- Up-to-date: /home/GTL/apaul/ros2_hw1/install/joy_pack/share/joy_pack/local_setup.bash
[1.316s] -- Up-to-date: /home/GTL/apaul/ros2_hw1/install/joy_pack/share/joy_pack/local_setup.sh
[1.316s] -- Up-to-date: /home/GTL/apaul/ros2_hw1/install/joy_pack/share/joy_pack/local_setup.zsh
[1.316s] -- Up-to-date: /home/GTL/apaul/ros2_hw1/install/joy_pack/share/joy_pack/local_setup.dsv
[1.316s] -- Installing: /home/GTL/apaul/ros2_hw1/install/joy_pack/share/joy_pack/package.dsv
[1.323s] -- Up-to-date: /home/GTL/apaul/ros2_hw1/install/joy_pack/share/ament_index/resource_index/packages/joy_pack
[1.323s] -- Up-to-date: /home/GTL/apaul/ros2_hw1/install/joy_pack/share/joy_pack/cmake/joy_packConfig.cmake
[1.323s] -- Up-to-date: /home/GTL/apaul/ros2_hw1/install/joy_pack/share/joy_pack/cmake/joy_packConfig-version.cmake
[1.323s] -- Up-to-date: /home/GTL/apaul/ros2_hw1/install/joy_pack/share/joy_pack/package.xml
[1.367s] Invoked command in '/home/GTL/apaul/ros2_hw1/build/joy_pack' returned '0': CMAKE_PREFIX_PATH=/opt/ros/humble /usr/bin/cmake --install /home/GTL/apaul/ros2_hw1/build/joy_pack
