[0.000000] (-) TimerEvent: {}
[0.000081] (collision_avoidance_base) JobQueued: {'identifier': 'collision_avoidance_base', 'dependencies': OrderedDict()}
[0.000115] (face_detect_base) JobQueued: {'identifier': 'face_detect_base', 'dependencies': OrderedDict()}
[0.000126] (joy_pack) JobQueued: {'identifier': 'joy_pack', 'dependencies': OrderedDict()}
[0.000135] (keyboard_teleop) JobQueued: {'identifier': 'keyboard_teleop', 'dependencies': OrderedDict()}
[0.000143] (vrep4_helpers) JobQueued: {'identifier': 'vrep4_helpers', 'dependencies': OrderedDict()}
[0.000151] (collision_avoidance_base) JobStarted: {'identifier': 'collision_avoidance_base'}
[0.008137] (face_detect_base) JobStarted: {'identifier': 'face_detect_base'}
[0.030904] (joy_pack) JobStarted: {'identifier': 'joy_pack'}
[0.037290] (keyboard_teleop) JobStarted: {'identifier': 'keyboard_teleop'}
[0.055494] (vrep4_helpers) JobStarted: {'identifier': 'vrep4_helpers'}
[0.065889] (collision_avoidance_base) JobProgress: {'identifier': 'collision_avoidance_base', 'progress': 'cmake'}
[0.070122] (collision_avoidance_base) JobProgress: {'identifier': 'collision_avoidance_base', 'progress': 'build'}
[0.070878] (collision_avoidance_base) Command: {'cmd': ['/usr/bin/cmake', '--build', '/home/GTL/apaul/ros2_hw1/build/collision_avoidance_base', '--', '-j16', '-l16'], 'cwd': '/home/GTL/apaul/ros2_hw1/build/collision_avoidance_base', 'env': OrderedDict([('USER', 'apaul'), ('XDG_SESSION_TYPE', 'x11'), ('SHLVL', '1'), ('LD_LIBRARY_PATH', '/usr/lib/x86_64-linux-gnu/gazebo-11/plugins:/opt/ros/humble/opt/rviz_ogre_vendor/lib:/opt/ros/humble/lib/x86_64-linux-gnu:/opt/ros/humble/lib'), ('HOME', '/home/GTL/apaul'), ('CYCLONEDDS_URI', '/cs-share/pradalier/gtlpc_cyclonedds.xml'), ('OLDPWD', '/home/GTL/apaul/ros2_hw1/src'), ('DESKTOP_SESSION', 'ubuntu'), ('ROS_PYTHON_VERSION', '3'), ('GNOME_SHELL_SESSION_MODE', 'ubuntu'), ('GTK_MODULES', 'gail:atk-bridge'), ('MANAGERPID', '1071145'), ('SYSTEMD_EXEC_PID', '1071585'), ('DBUS_SESSION_BUS_ADDRESS', 'unix:path=/run/user/37726/bus'), ('COLORTERM', 'truecolor'), ('TERMINATOR_DBUS_NAME', 'net.tenshu.Terminator23558193cd9818af7fe4d2c2f5bd9d00f'), ('GIO_LAUNCHED_DESKTOP_FILE_PID', '1071980'), ('COLCON_PREFIX_PATH', '/home/GTL/apaul/ros2_hw1/src/vrep4_helpers/install'), ('ROS_DISTRO', 'humble'), ('GTK_IM_MODULE', 'ibus'), ('LOGNAME', 'apaul'), ('JOURNAL_STREAM', '8:2246850'), ('_', '/usr/bin/colcon'), ('ROS_VERSION', '2'), ('XDG_SESSION_CLASS', 'user'), ('USERNAME', 'apaul'), ('TERM', 'xterm-256color'), ('GNOME_DESKTOP_SESSION_ID', 'this-is-deprecated'), ('ROS_LOCALHOST_ONLY', '0'), ('WINDOWPATH', '2'), ('PATH', '/opt/ros/humble/bin:/usr/local/sbin:/usr/local/bin:/usr/sbin:/usr/bin:/sbin:/bin:/usr/games:/usr/local/games:/snap/bin:/snap/bin'), ('SESSION_MANAGER', 'local/gtlpc106.georgiatech-metz.fr:@/tmp/.ICE-unix/1071391,unix/gtlpc106.georgiatech-metz.fr:/tmp/.ICE-unix/1071391'), ('INVOCATION_ID', 'e137ece9deb944cba058841357979c47'), ('XDG_MENU_PREFIX', 'gnome-'), ('XDG_RUNTIME_DIR', '/run/user/37726'), ('DISPLAY', ':1'), ('TERMINATOR_DBUS_PATH', '/net/tenshu/Terminator2'), ('LANG', 'en_US.UTF-8'), ('XDG_CURRENT_DESKTOP', 'ubuntu:GNOME'), ('IBUS_DISABLE_SNOOPER', '1'), ('RMW_IMPLEMENTATION', 'rmw_cyclonedds_cpp'), ('XMODIFIERS', '@im=ibus'), ('XDG_SESSION_DESKTOP', 'ubuntu'), ('XAUTHORITY', '/run/user/37726/gdm/Xauthority'), ('SSH_AGENT_LAUNCHER', 'gnome-keyring'), ('SSH_AUTH_SOCK', '/run/user/37726/keyring/ssh'), ('ROS_DOMAIN_ID', '56'), ('AMENT_PREFIX_PATH', '/home/GTL/apaul/ros2_hw1/src/vrep4_helpers/install/vrep4_helpers:/opt/ros/humble'), ('SHELL', '/bin/bash'), ('TERMINATOR_UUID', 'urn:uuid:e973c28b-d7f8-47e2-b349-dd28fc28971e'), ('KRB5CCNAME', 'FILE:/tmp/krb5cc_37726'), ('QT_ACCESSIBILITY', '1'), ('GDMSESSION', 'ubuntu'), ('GPG_AGENT_INFO', '/run/user/37726/gnupg/S.gpg-agent:0:1'), ('QT_IM_MODULE', 'ibus'), ('PWD', '/home/GTL/apaul/ros2_hw1/build/collision_avoidance_base'), ('XDG_CONFIG_DIRS', '/etc/xdg/xdg-ubuntu:/etc/xdg'), ('XDG_DATA_DIRS', '/usr/share/ubuntu:/usr/share/gnome:/usr/local/share/:/usr/share/:/var/lib/snapd/desktop'), ('PYTHONPATH', '/opt/ros/humble/lib/python3.10/site-packages:/opt/ros/humble/local/lib/python3.10/dist-packages'), ('COLCON', '1'), ('VTE_VERSION', '6800'), ('CMAKE_PREFIX_PATH', '/home/GTL/apaul/ros2_hw1/src/vrep4_helpers/install/vrep4_helpers:/opt/ros/humble')]), 'shell': False}
[0.098061] (-) TimerEvent: {}
[0.198298] (-) TimerEvent: {}
[0.271984] (joy_pack) JobProgress: {'identifier': 'joy_pack', 'progress': 'cmake'}
[0.275651] (joy_pack) JobProgress: {'identifier': 'joy_pack', 'progress': 'build'}
[0.276157] (joy_pack) Command: {'cmd': ['/usr/bin/cmake', '--build', '/home/GTL/apaul/ros2_hw1/build/joy_pack', '--', '-j16', '-l16'], 'cwd': '/home/GTL/apaul/ros2_hw1/build/joy_pack', 'env': OrderedDict([('USER', 'apaul'), ('XDG_SESSION_TYPE', 'x11'), ('SHLVL', '1'), ('LD_LIBRARY_PATH', '/usr/lib/x86_64-linux-gnu/gazebo-11/plugins:/opt/ros/humble/opt/rviz_ogre_vendor/lib:/opt/ros/humble/lib/x86_64-linux-gnu:/opt/ros/humble/lib'), ('HOME', '/home/GTL/apaul'), ('CYCLONEDDS_URI', '/cs-share/pradalier/gtlpc_cyclonedds.xml'), ('OLDPWD', '/home/GTL/apaul/ros2_hw1/src'), ('DESKTOP_SESSION', 'ubuntu'), ('ROS_PYTHON_VERSION', '3'), ('GNOME_SHELL_SESSION_MODE', 'ubuntu'), ('GTK_MODULES', 'gail:atk-bridge'), ('MANAGERPID', '1071145'), ('SYSTEMD_EXEC_PID', '1071585'), ('DBUS_SESSION_BUS_ADDRESS', 'unix:path=/run/user/37726/bus'), ('COLORTERM', 'truecolor'), ('TERMINATOR_DBUS_NAME', 'net.tenshu.Terminator23558193cd9818af7fe4d2c2f5bd9d00f'), ('GIO_LAUNCHED_DESKTOP_FILE_PID', '1071980'), ('COLCON_PREFIX_PATH', '/home/GTL/apaul/ros2_hw1/src/vrep4_helpers/install'), ('ROS_DISTRO', 'humble'), ('GTK_IM_MODULE', 'ibus'), ('LOGNAME', 'apaul'), ('JOURNAL_STREAM', '8:2246850'), ('_', '/usr/bin/colcon'), ('ROS_VERSION', '2'), ('XDG_SESSION_CLASS', 'user'), ('USERNAME', 'apaul'), ('TERM', 'xterm-256color'), ('GNOME_DESKTOP_SESSION_ID', 'this-is-deprecated'), ('ROS_LOCALHOST_ONLY', '0'), ('WINDOWPATH', '2'), ('PATH', '/opt/ros/humble/bin:/usr/local/sbin:/usr/local/bin:/usr/sbin:/usr/bin:/sbin:/bin:/usr/games:/usr/local/games:/snap/bin:/snap/bin'), ('SESSION_MANAGER', 'local/gtlpc106.georgiatech-metz.fr:@/tmp/.ICE-unix/1071391,unix/gtlpc106.georgiatech-metz.fr:/tmp/.ICE-unix/1071391'), ('INVOCATION_ID', 'e137ece9deb944cba058841357979c47'), ('XDG_MENU_PREFIX', 'gnome-'), ('XDG_RUNTIME_DIR', '/run/user/37726'), ('DISPLAY', ':1'), ('TERMINATOR_DBUS_PATH', '/net/tenshu/Terminator2'), ('LANG', 'en_US.UTF-8'), ('XDG_CURRENT_DESKTOP', 'ubuntu:GNOME'), ('IBUS_DISABLE_SNOOPER', '1'), ('RMW_IMPLEMENTATION', 'rmw_cyclonedds_cpp'), ('XMODIFIERS', '@im=ibus'), ('XDG_SESSION_DESKTOP', 'ubuntu'), ('XAUTHORITY', '/run/user/37726/gdm/Xauthority'), ('SSH_AGENT_LAUNCHER', 'gnome-keyring'), ('SSH_AUTH_SOCK', '/run/user/37726/keyring/ssh'), ('ROS_DOMAIN_ID', '56'), ('AMENT_PREFIX_PATH', '/home/GTL/apaul/ros2_hw1/src/vrep4_helpers/install/vrep4_helpers:/opt/ros/humble'), ('SHELL', '/bin/bash'), ('TERMINATOR_UUID', 'urn:uuid:e973c28b-d7f8-47e2-b349-dd28fc28971e'), ('KRB5CCNAME', 'FILE:/tmp/krb5cc_37726'), ('QT_ACCESSIBILITY', '1'), ('GDMSESSION', 'ubuntu'), ('GPG_AGENT_INFO', '/run/user/37726/gnupg/S.gpg-agent:0:1'), ('QT_IM_MODULE', 'ibus'), ('PWD', '/home/GTL/apaul/ros2_hw1/build/joy_pack'), ('XDG_CONFIG_DIRS', '/etc/xdg/xdg-ubuntu:/etc/xdg'), ('XDG_DATA_DIRS', '/usr/share/ubuntu:/usr/share/gnome:/usr/local/share/:/usr/share/:/var/lib/snapd/desktop'), ('PYTHONPATH', '/opt/ros/humble/lib/python3.10/site-packages:/opt/ros/humble/local/lib/python3.10/dist-packages'), ('COLCON', '1'), ('VTE_VERSION', '6800'), ('CMAKE_PREFIX_PATH', '/home/GTL/apaul/ros2_hw1/src/vrep4_helpers/install/vrep4_helpers:/opt/ros/humble')]), 'shell': False}
[0.298396] (-) TimerEvent: {}
[0.398632] (-) TimerEvent: {}
[0.486330] (collision_avoidance_base) StdoutLine: {'line': b'\x1b[35m\x1b[1mConsolidate compiler generated dependencies of target collision_avoidance_base\x1b[0m\n'}
[0.486490] (collision_avoidance_base) StdoutLine: {'line': b'[100%] Built target collision_avoidance_base\n'}
[0.486535] (joy_pack) StdoutLine: {'line': b'\x1b[35m\x1b[1mConsolidate compiler generated dependencies of target joy_node\x1b[0m\n'}
[0.486696] (joy_pack) StdoutLine: {'line': b'[100%] Built target joy_node\n'}
[0.487166] (collision_avoidance_base) CommandEnded: {'returncode': 0}
[0.494832] (vrep4_helpers) JobProgress: {'identifier': 'vrep4_helpers', 'progress': 'cmake'}
[0.498162] (vrep4_helpers) Command: {'cmd': ['/usr/bin/cmake', '/home/GTL/apaul/ros2_hw1/src/vrep4_helpers', '-DCMAKE_INSTALL_PREFIX=/home/GTL/apaul/ros2_hw1/install/vrep4_helpers'], 'cwd': '/home/GTL/apaul/ros2_hw1/build/vrep4_helpers', 'env': OrderedDict([('USER', 'apaul'), ('XDG_SESSION_TYPE', 'x11'), ('SHLVL', '1'), ('LD_LIBRARY_PATH', '/usr/lib/x86_64-linux-gnu/gazebo-11/plugins:/opt/ros/humble/opt/rviz_ogre_vendor/lib:/opt/ros/humble/lib/x86_64-linux-gnu:/opt/ros/humble/lib'), ('HOME', '/home/GTL/apaul'), ('CYCLONEDDS_URI', '/cs-share/pradalier/gtlpc_cyclonedds.xml'), ('OLDPWD', '/home/GTL/apaul/ros2_hw1/src'), ('DESKTOP_SESSION', 'ubuntu'), ('ROS_PYTHON_VERSION', '3'), ('GNOME_SHELL_SESSION_MODE', 'ubuntu'), ('GTK_MODULES', 'gail:atk-bridge'), ('MANAGERPID', '1071145'), ('SYSTEMD_EXEC_PID', '1071585'), ('DBUS_SESSION_BUS_ADDRESS', 'unix:path=/run/user/37726/bus'), ('COLORTERM', 'truecolor'), ('TERMINATOR_DBUS_NAME', 'net.tenshu.Terminator23558193cd9818af7fe4d2c2f5bd9d00f'), ('GIO_LAUNCHED_DESKTOP_FILE_PID', '1071980'), ('COLCON_PREFIX_PATH', '/home/GTL/apaul/ros2_hw1/src/vrep4_helpers/install'), ('ROS_DISTRO', 'humble'), ('GTK_IM_MODULE', 'ibus'), ('LOGNAME', 'apaul'), ('JOURNAL_STREAM', '8:2246850'), ('_', '/usr/bin/colcon'), ('ROS_VERSION', '2'), ('XDG_SESSION_CLASS', 'user'), ('USERNAME', 'apaul'), ('TERM', 'xterm-256color'), ('GNOME_DESKTOP_SESSION_ID', 'this-is-deprecated'), ('ROS_LOCALHOST_ONLY', '0'), ('WINDOWPATH', '2'), ('PATH', '/opt/ros/humble/bin:/usr/local/sbin:/usr/local/bin:/usr/sbin:/usr/bin:/sbin:/bin:/usr/games:/usr/local/games:/snap/bin:/snap/bin'), ('SESSION_MANAGER', 'local/gtlpc106.georgiatech-metz.fr:@/tmp/.ICE-unix/1071391,unix/gtlpc106.georgiatech-metz.fr:/tmp/.ICE-unix/1071391'), ('INVOCATION_ID', 'e137ece9deb944cba058841357979c47'), ('XDG_MENU_PREFIX', 'gnome-'), ('XDG_RUNTIME_DIR', '/run/user/37726'), ('DISPLAY', ':1'), ('TERMINATOR_DBUS_PATH', '/net/tenshu/Terminator2'), ('LANG', 'en_US.UTF-8'), ('XDG_CURRENT_DESKTOP', 'ubuntu:GNOME'), ('IBUS_DISABLE_SNOOPER', '1'), ('RMW_IMPLEMENTATION', 'rmw_cyclonedds_cpp'), ('XMODIFIERS', '@im=ibus'), ('XDG_SESSION_DESKTOP', 'ubuntu'), ('XAUTHORITY', '/run/user/37726/gdm/Xauthority'), ('SSH_AGENT_LAUNCHER', 'gnome-keyring'), ('SSH_AUTH_SOCK', '/run/user/37726/keyring/ssh'), ('ROS_DOMAIN_ID', '56'), ('AMENT_PREFIX_PATH', '/home/GTL/apaul/ros2_hw1/src/vrep4_helpers/install/vrep4_helpers:/opt/ros/humble'), ('SHELL', '/bin/bash'), ('TERMINATOR_UUID', 'urn:uuid:e973c28b-d7f8-47e2-b349-dd28fc28971e'), ('KRB5CCNAME', 'FILE:/tmp/krb5cc_37726'), ('QT_ACCESSIBILITY', '1'), ('GDMSESSION', 'ubuntu'), ('GPG_AGENT_INFO', '/run/user/37726/gnupg/S.gpg-agent:0:1'), ('QT_IM_MODULE', 'ibus'), ('PWD', '/home/GTL/apaul/ros2_hw1/build/vrep4_helpers'), ('XDG_CONFIG_DIRS', '/etc/xdg/xdg-ubuntu:/etc/xdg'), ('XDG_DATA_DIRS', '/usr/share/ubuntu:/usr/share/gnome:/usr/local/share/:/usr/share/:/var/lib/snapd/desktop'), ('PYTHONPATH', '/opt/ros/humble/lib/python3.10/site-packages:/opt/ros/humble/local/lib/python3.10/dist-packages'), ('COLCON', '1'), ('VTE_VERSION', '6800'), ('CMAKE_PREFIX_PATH', '/home/GTL/apaul/ros2_hw1/src/vrep4_helpers/install/vrep4_helpers:/opt/ros/humble')]), 'shell': False}
[0.520244] (-) TimerEvent: {}
[0.520338] (joy_pack) CommandEnded: {'returncode': 0}
[0.536889] (joy_pack) JobProgress: {'identifier': 'joy_pack', 'progress': 'install'}
[0.541815] (joy_pack) Command: {'cmd': ['/usr/bin/cmake', '--install', '/home/GTL/apaul/ros2_hw1/build/joy_pack'], 'cwd': '/home/GTL/apaul/ros2_hw1/build/joy_pack', 'env': OrderedDict([('USER', 'apaul'), ('XDG_SESSION_TYPE', 'x11'), ('SHLVL', '1'), ('LD_LIBRARY_PATH', '/usr/lib/x86_64-linux-gnu/gazebo-11/plugins:/opt/ros/humble/opt/rviz_ogre_vendor/lib:/opt/ros/humble/lib/x86_64-linux-gnu:/opt/ros/humble/lib'), ('HOME', '/home/GTL/apaul'), ('CYCLONEDDS_URI', '/cs-share/pradalier/gtlpc_cyclonedds.xml'), ('OLDPWD', '/home/GTL/apaul/ros2_hw1/src'), ('DESKTOP_SESSION', 'ubuntu'), ('ROS_PYTHON_VERSION', '3'), ('GNOME_SHELL_SESSION_MODE', 'ubuntu'), ('GTK_MODULES', 'gail:atk-bridge'), ('MANAGERPID', '1071145'), ('SYSTEMD_EXEC_PID', '1071585'), ('DBUS_SESSION_BUS_ADDRESS', 'unix:path=/run/user/37726/bus'), ('COLORTERM', 'truecolor'), ('TERMINATOR_DBUS_NAME', 'net.tenshu.Terminator23558193cd9818af7fe4d2c2f5bd9d00f'), ('GIO_LAUNCHED_DESKTOP_FILE_PID', '1071980'), ('COLCON_PREFIX_PATH', '/home/GTL/apaul/ros2_hw1/src/vrep4_helpers/install'), ('ROS_DISTRO', 'humble'), ('GTK_IM_MODULE', 'ibus'), ('LOGNAME', 'apaul'), ('JOURNAL_STREAM', '8:2246850'), ('_', '/usr/bin/colcon'), ('ROS_VERSION', '2'), ('XDG_SESSION_CLASS', 'user'), ('USERNAME', 'apaul'), ('TERM', 'xterm-256color'), ('GNOME_DESKTOP_SESSION_ID', 'this-is-deprecated'), ('ROS_LOCALHOST_ONLY', '0'), ('WINDOWPATH', '2'), ('PATH', '/opt/ros/humble/bin:/usr/local/sbin:/usr/local/bin:/usr/sbin:/usr/bin:/sbin:/bin:/usr/games:/usr/local/games:/snap/bin:/snap/bin'), ('SESSION_MANAGER', 'local/gtlpc106.georgiatech-metz.fr:@/tmp/.ICE-unix/1071391,unix/gtlpc106.georgiatech-metz.fr:/tmp/.ICE-unix/1071391'), ('INVOCATION_ID', 'e137ece9deb944cba058841357979c47'), ('XDG_MENU_PREFIX', 'gnome-'), ('XDG_RUNTIME_DIR', '/run/user/37726'), ('DISPLAY', ':1'), ('TERMINATOR_DBUS_PATH', '/net/tenshu/Terminator2'), ('LANG', 'en_US.UTF-8'), ('XDG_CURRENT_DESKTOP', 'ubuntu:GNOME'), ('IBUS_DISABLE_SNOOPER', '1'), ('RMW_IMPLEMENTATION', 'rmw_cyclonedds_cpp'), ('XMODIFIERS', '@im=ibus'), ('XDG_SESSION_DESKTOP', 'ubuntu'), ('XAUTHORITY', '/run/user/37726/gdm/Xauthority'), ('SSH_AGENT_LAUNCHER', 'gnome-keyring'), ('SSH_AUTH_SOCK', '/run/user/37726/keyring/ssh'), ('ROS_DOMAIN_ID', '56'), ('AMENT_PREFIX_PATH', '/home/GTL/apaul/ros2_hw1/src/vrep4_helpers/install/vrep4_helpers:/opt/ros/humble'), ('SHELL', '/bin/bash'), ('TERMINATOR_UUID', 'urn:uuid:e973c28b-d7f8-47e2-b349-dd28fc28971e'), ('KRB5CCNAME', 'FILE:/tmp/krb5cc_37726'), ('QT_ACCESSIBILITY', '1'), ('GDMSESSION', 'ubuntu'), ('GPG_AGENT_INFO', '/run/user/37726/gnupg/S.gpg-agent:0:1'), ('QT_IM_MODULE', 'ibus'), ('PWD', '/home/GTL/apaul/ros2_hw1/build/joy_pack'), ('XDG_CONFIG_DIRS', '/etc/xdg/xdg-ubuntu:/etc/xdg'), ('XDG_DATA_DIRS', '/usr/share/ubuntu:/usr/share/gnome:/usr/local/share/:/usr/share/:/var/lib/snapd/desktop'), ('PYTHONPATH', '/opt/ros/humble/lib/python3.10/site-packages:/opt/ros/humble/local/lib/python3.10/dist-packages'), ('COLCON', '1'), ('VTE_VERSION', '6800'), ('CMAKE_PREFIX_PATH', '/home/GTL/apaul/ros2_hw1/src/vrep4_helpers/install/vrep4_helpers:/opt/ros/humble')]), 'shell': False}
[0.542870] (collision_avoidance_base) JobProgress: {'identifier': 'collision_avoidance_base', 'progress': 'install'}
[0.543388] (collision_avoidance_base) Command: {'cmd': ['/usr/bin/cmake', '--install', '/home/GTL/apaul/ros2_hw1/build/collision_avoidance_base'], 'cwd': '/home/GTL/apaul/ros2_hw1/build/collision_avoidance_base', 'env': OrderedDict([('USER', 'apaul'), ('XDG_SESSION_TYPE', 'x11'), ('SHLVL', '1'), ('LD_LIBRARY_PATH', '/usr/lib/x86_64-linux-gnu/gazebo-11/plugins:/opt/ros/humble/opt/rviz_ogre_vendor/lib:/opt/ros/humble/lib/x86_64-linux-gnu:/opt/ros/humble/lib'), ('HOME', '/home/GTL/apaul'), ('CYCLONEDDS_URI', '/cs-share/pradalier/gtlpc_cyclonedds.xml'), ('OLDPWD', '/home/GTL/apaul/ros2_hw1/src'), ('DESKTOP_SESSION', 'ubuntu'), ('ROS_PYTHON_VERSION', '3'), ('GNOME_SHELL_SESSION_MODE', 'ubuntu'), ('GTK_MODULES', 'gail:atk-bridge'), ('MANAGERPID', '1071145'), ('SYSTEMD_EXEC_PID', '1071585'), ('DBUS_SESSION_BUS_ADDRESS', 'unix:path=/run/user/37726/bus'), ('COLORTERM', 'truecolor'), ('TERMINATOR_DBUS_NAME', 'net.tenshu.Terminator23558193cd9818af7fe4d2c2f5bd9d00f'), ('GIO_LAUNCHED_DESKTOP_FILE_PID', '1071980'), ('COLCON_PREFIX_PATH', '/home/GTL/apaul/ros2_hw1/src/vrep4_helpers/install'), ('ROS_DISTRO', 'humble'), ('GTK_IM_MODULE', 'ibus'), ('LOGNAME', 'apaul'), ('JOURNAL_STREAM', '8:2246850'), ('_', '/usr/bin/colcon'), ('ROS_VERSION', '2'), ('XDG_SESSION_CLASS', 'user'), ('USERNAME', 'apaul'), ('TERM', 'xterm-256color'), ('GNOME_DESKTOP_SESSION_ID', 'this-is-deprecated'), ('ROS_LOCALHOST_ONLY', '0'), ('WINDOWPATH', '2'), ('PATH', '/opt/ros/humble/bin:/usr/local/sbin:/usr/local/bin:/usr/sbin:/usr/bin:/sbin:/bin:/usr/games:/usr/local/games:/snap/bin:/snap/bin'), ('SESSION_MANAGER', 'local/gtlpc106.georgiatech-metz.fr:@/tmp/.ICE-unix/1071391,unix/gtlpc106.georgiatech-metz.fr:/tmp/.ICE-unix/1071391'), ('INVOCATION_ID', 'e137ece9deb944cba058841357979c47'), ('XDG_MENU_PREFIX', 'gnome-'), ('XDG_RUNTIME_DIR', '/run/user/37726'), ('DISPLAY', ':1'), ('TERMINATOR_DBUS_PATH', '/net/tenshu/Terminator2'), ('LANG', 'en_US.UTF-8'), ('XDG_CURRENT_DESKTOP', 'ubuntu:GNOME'), ('IBUS_DISABLE_SNOOPER', '1'), ('RMW_IMPLEMENTATION', 'rmw_cyclonedds_cpp'), ('XMODIFIERS', '@im=ibus'), ('XDG_SESSION_DESKTOP', 'ubuntu'), ('XAUTHORITY', '/run/user/37726/gdm/Xauthority'), ('SSH_AGENT_LAUNCHER', 'gnome-keyring'), ('SSH_AUTH_SOCK', '/run/user/37726/keyring/ssh'), ('ROS_DOMAIN_ID', '56'), ('AMENT_PREFIX_PATH', '/home/GTL/apaul/ros2_hw1/src/vrep4_helpers/install/vrep4_helpers:/opt/ros/humble'), ('SHELL', '/bin/bash'), ('TERMINATOR_UUID', 'urn:uuid:e973c28b-d7f8-47e2-b349-dd28fc28971e'), ('KRB5CCNAME', 'FILE:/tmp/krb5cc_37726'), ('QT_ACCESSIBILITY', '1'), ('GDMSESSION', 'ubuntu'), ('GPG_AGENT_INFO', '/run/user/37726/gnupg/S.gpg-agent:0:1'), ('QT_IM_MODULE', 'ibus'), ('PWD', '/home/GTL/apaul/ros2_hw1/build/collision_avoidance_base'), ('XDG_CONFIG_DIRS', '/etc/xdg/xdg-ubuntu:/etc/xdg'), ('XDG_DATA_DIRS', '/usr/share/ubuntu:/usr/share/gnome:/usr/local/share/:/usr/share/:/var/lib/snapd/desktop'), ('PYTHONPATH', '/opt/ros/humble/lib/python3.10/site-packages:/opt/ros/humble/local/lib/python3.10/dist-packages'), ('COLCON', '1'), ('VTE_VERSION', '6800'), ('CMAKE_PREFIX_PATH', '/home/GTL/apaul/ros2_hw1/src/vrep4_helpers/install/vrep4_helpers:/opt/ros/humble')]), 'shell': False}
[0.546981] (joy_pack) StdoutLine: {'line': b'-- Install configuration: ""\n'}
[0.548197] (joy_pack) StdoutLine: {'line': b'-- Up-to-date: /home/GTL/apaul/ros2_hw1/install/joy_pack/lib/joy_pack/joy_node\n'}
[0.549249] (collision_avoidance_base) StdoutLine: {'line': b'-- Install configuration: ""\n'}
[0.550420] (joy_pack) StdoutLine: {'line': b'-- Up-to-date: /home/GTL/apaul/ros2_hw1/install/joy_pack/share/ament_index/resource_index/package_run_dependencies/joy_pack\n'}
[0.550557] (collision_avoidance_base) StdoutLine: {'line': b'-- Up-to-date: /home/GTL/apaul/ros2_hw1/install/collision_avoidance_base/lib/collision_avoidance_base/collision_avoidance_base\n'}
[0.551111] (joy_pack) StdoutLine: {'line': b'-- Up-to-date: /home/GTL/apaul/ros2_hw1/install/joy_pack/share/ament_index/resource_index/parent_prefix_path/joy_pack\n'}
[0.551949] (joy_pack) StdoutLine: {'line': b'-- Up-to-date: /home/GTL/apaul/ros2_hw1/install/joy_pack/share/joy_pack/environment/ament_prefix_path.sh\n'}
[0.552090] (collision_avoidance_base) StdoutLine: {'line': b'-- Up-to-date: /home/GTL/apaul/ros2_hw1/install/collision_avoidance_base/share/collision_avoidance_base\n'}
[0.552450] (joy_pack) StdoutLine: {'line': b'-- Up-to-date: /home/GTL/apaul/ros2_hw1/install/joy_pack/share/joy_pack/environment/ament_prefix_path.dsv\n'}
[0.552828] (joy_pack) StdoutLine: {'line': b'-- Up-to-date: /home/GTL/apaul/ros2_hw1/install/joy_pack/share/joy_pack/environment/path.sh\n'}
[0.553136] (collision_avoidance_base) StdoutLine: {'line': b'-- Up-to-date: /home/GTL/apaul/ros2_hw1/install/collision_avoidance_base/share/collision_avoidance_base/ca_auto.launch.py\n'}
[0.553432] (joy_pack) StdoutLine: {'line': b'-- Up-to-date: /home/GTL/apaul/ros2_hw1/install/joy_pack/share/joy_pack/environment/path.dsv\n'}
[0.553856] (collision_avoidance_base) StdoutLine: {'line': b'-- Up-to-date: /home/GTL/apaul/ros2_hw1/install/collision_avoidance_base/share/collision_avoidance_base/ca.launch.py\n'}
[0.553895] (joy_pack) StdoutLine: {'line': b'-- Up-to-date: /home/GTL/apaul/ros2_hw1/install/joy_pack/share/joy_pack/local_setup.bash\n'}
[0.554423] (joy_pack) StdoutLine: {'line': b'-- Up-to-date: /home/GTL/apaul/ros2_hw1/install/joy_pack/share/joy_pack/local_setup.sh\n'}
[0.554825] (joy_pack) StdoutLine: {'line': b'-- Up-to-date: /home/GTL/apaul/ros2_hw1/install/joy_pack/share/joy_pack/local_setup.zsh\n'}
[0.554988] (collision_avoidance_base) StdoutLine: {'line': b'-- Up-to-date: /home/GTL/apaul/ros2_hw1/install/collision_avoidance_base/share/ament_index/resource_index/package_run_dependencies/collision_avoidance_base\n'}
[0.555488] (joy_pack) StdoutLine: {'line': b'-- Up-to-date: /home/GTL/apaul/ros2_hw1/install/joy_pack/share/joy_pack/local_setup.dsv\n'}
[0.555634] (collision_avoidance_base) StdoutLine: {'line': b'-- Up-to-date: /home/GTL/apaul/ros2_hw1/install/collision_avoidance_base/share/ament_index/resource_index/parent_prefix_path/collision_avoidance_base\n'}
[0.556147] (joy_pack) StdoutLine: {'line': b'-- Installing: /home/GTL/apaul/ros2_hw1/install/joy_pack/share/joy_pack/package.dsv\n'}
[0.556356] (collision_avoidance_base) StdoutLine: {'line': b'-- Up-to-date: /home/GTL/apaul/ros2_hw1/install/collision_avoidance_base/share/collision_avoidance_base/environment/ament_prefix_path.sh\n'}
[0.557110] (collision_avoidance_base) StdoutLine: {'line': b'-- Up-to-date: /home/GTL/apaul/ros2_hw1/install/collision_avoidance_base/share/collision_avoidance_base/environment/ament_prefix_path.dsv\n'}
[0.557988] (collision_avoidance_base) StdoutLine: {'line': b'-- Up-to-date: /home/GTL/apaul/ros2_hw1/install/collision_avoidance_base/share/collision_avoidance_base/environment/path.sh\n'}
[0.558605] (collision_avoidance_base) StdoutLine: {'line': b'-- Up-to-date: /home/GTL/apaul/ros2_hw1/install/collision_avoidance_base/share/collision_avoidance_base/environment/path.dsv\n'}
[0.559243] (collision_avoidance_base) StdoutLine: {'line': b'-- Up-to-date: /home/GTL/apaul/ros2_hw1/install/collision_avoidance_base/share/collision_avoidance_base/local_setup.bash\n'}
[0.559747] (collision_avoidance_base) StdoutLine: {'line': b'-- Up-to-date: /home/GTL/apaul/ros2_hw1/install/collision_avoidance_base/share/collision_avoidance_base/local_setup.sh\n'}
[0.560211] (collision_avoidance_base) StdoutLine: {'line': b'-- Up-to-date: /home/GTL/apaul/ros2_hw1/install/collision_avoidance_base/share/collision_avoidance_base/local_setup.zsh\n'}
[0.560593] (joy_pack) StdoutLine: {'line': b'-- Up-to-date: /home/GTL/apaul/ros2_hw1/install/joy_pack/share/ament_index/resource_index/packages/joy_pack\n'}
[0.560937] (collision_avoidance_base) StdoutLine: {'line': b'-- Up-to-date: /home/GTL/apaul/ros2_hw1/install/collision_avoidance_base/share/collision_avoidance_base/local_setup.dsv\n'}
[0.561210] (joy_pack) StdoutLine: {'line': b'-- Up-to-date: /home/GTL/apaul/ros2_hw1/install/joy_pack/share/joy_pack/cmake/joy_packConfig.cmake\n'}
[0.561606] (collision_avoidance_base) StdoutLine: {'line': b'-- Installing: /home/GTL/apaul/ros2_hw1/install/collision_avoidance_base/share/collision_avoidance_base/package.dsv\n'}
[0.561659] (joy_pack) StdoutLine: {'line': b'-- Up-to-date: /home/GTL/apaul/ros2_hw1/install/joy_pack/share/joy_pack/cmake/joy_packConfig-version.cmake\n'}
[0.562080] (joy_pack) StdoutLine: {'line': b'-- Up-to-date: /home/GTL/apaul/ros2_hw1/install/joy_pack/share/joy_pack/package.xml\n'}
[0.564612] (joy_pack) CommandEnded: {'returncode': 0}
[0.566185] (collision_avoidance_base) StdoutLine: {'line': b'-- Up-to-date: /home/GTL/apaul/ros2_hw1/install/collision_avoidance_base/share/ament_index/resource_index/packages/collision_avoidance_base\n'}
[0.566982] (collision_avoidance_base) StdoutLine: {'line': b'-- Up-to-date: /home/GTL/apaul/ros2_hw1/install/collision_avoidance_base/share/collision_avoidance_base/cmake/collision_avoidance_baseConfig.cmake\n'}
[0.567428] (collision_avoidance_base) StdoutLine: {'line': b'-- Up-to-date: /home/GTL/apaul/ros2_hw1/install/collision_avoidance_base/share/collision_avoidance_base/cmake/collision_avoidance_baseConfig-version.cmake\n'}
[0.568019] (collision_avoidance_base) StdoutLine: {'line': b'-- Up-to-date: /home/GTL/apaul/ros2_hw1/install/collision_avoidance_base/share/collision_avoidance_base/package.xml\n'}
[0.586282] (vrep4_helpers) StdoutLine: {'line': b'-- The C compiler identification is GNU 11.4.0\n'}
[0.592072] (collision_avoidance_base) CommandEnded: {'returncode': 0}
[0.620327] (-) TimerEvent: {}
[0.634314] (joy_pack) JobEnded: {'identifier': 'joy_pack', 'rc': 0}
[0.639259] (vrep4_helpers) StdoutLine: {'line': b'-- The CXX compiler identification is GNU 11.4.0\n'}
[0.648008] (vrep4_helpers) StdoutLine: {'line': b'-- Detecting C compiler ABI info\n'}
[0.651480] (collision_avoidance_base) JobEnded: {'identifier': 'collision_avoidance_base', 'rc': 0}
[0.720413] (-) TimerEvent: {}
[0.769132] (vrep4_helpers) StdoutLine: {'line': b'-- Detecting C compiler ABI info - done\n'}
[0.777871] (vrep4_helpers) StdoutLine: {'line': b'-- Check for working C compiler: /usr/bin/cc - skipped\n'}
[0.778087] (vrep4_helpers) StdoutLine: {'line': b'-- Detecting C compile features\n'}
[0.778235] (vrep4_helpers) StdoutLine: {'line': b'-- Detecting C compile features - done\n'}
[0.789367] (vrep4_helpers) StdoutLine: {'line': b'-- Detecting CXX compiler ABI info\n'}
[0.808769] (face_detect_base) Command: {'cmd': ['/usr/bin/python3', '-W', 'ignore:setup.py install is deprecated', 'setup.py', 'egg_info', '--egg-base', '../../build/face_detect_base', 'build', '--build-base', '/home/GTL/apaul/ros2_hw1/build/face_detect_base/build', 'install', '--record', '/home/GTL/apaul/ros2_hw1/build/face_detect_base/install.log', '--single-version-externally-managed', 'install_data'], 'cwd': '/home/GTL/apaul/ros2_hw1/src/face_detect_base', 'env': {'USER': 'apaul', 'XDG_SESSION_TYPE': 'x11', 'SHLVL': '1', 'LD_LIBRARY_PATH': '/usr/lib/x86_64-linux-gnu/gazebo-11/plugins:/opt/ros/humble/opt/rviz_ogre_vendor/lib:/opt/ros/humble/lib/x86_64-linux-gnu:/opt/ros/humble/lib', 'HOME': '/home/GTL/apaul', 'CYCLONEDDS_URI': '/cs-share/pradalier/gtlpc_cyclonedds.xml', 'OLDPWD': '/home/GTL/apaul/ros2_hw1/src', 'DESKTOP_SESSION': 'ubuntu', 'ROS_PYTHON_VERSION': '3', 'GNOME_SHELL_SESSION_MODE': 'ubuntu', 'GTK_MODULES': 'gail:atk-bridge', 'MANAGERPID': '1071145', 'SYSTEMD_EXEC_PID': '1071585', 'DBUS_SESSION_BUS_ADDRESS': 'unix:path=/run/user/37726/bus', 'COLORTERM': 'truecolor', 'TERMINATOR_DBUS_NAME': 'net.tenshu.Terminator23558193cd9818af7fe4d2c2f5bd9d00f', 'GIO_LAUNCHED_DESKTOP_FILE_PID': '1071980', 'COLCON_PREFIX_PATH': '/home/GTL/apaul/ros2_hw1/src/vrep4_helpers/install', 'ROS_DISTRO': 'humble', 'GTK_IM_MODULE': 'ibus', 'LOGNAME': 'apaul', 'JOURNAL_STREAM': '8:2246850', '_': '/usr/bin/colcon', 'ROS_VERSION': '2', 'XDG_SESSION_CLASS': 'user', 'USERNAME': 'apaul', 'TERM': 'xterm-256color', 'GNOME_DESKTOP_SESSION_ID': 'this-is-deprecated', 'ROS_LOCALHOST_ONLY': '0', 'WINDOWPATH': '2', 'PATH': '/opt/ros/humble/bin:/usr/local/sbin:/usr/local/bin:/usr/sbin:/usr/bin:/sbin:/bin:/usr/games:/usr/local/games:/snap/bin:/snap/bin', 'SESSION_MANAGER': 'local/gtlpc106.georgiatech-metz.fr:@/tmp/.ICE-unix/1071391,unix/gtlpc106.georgiatech-metz.fr:/tmp/.ICE-unix/1071391', 'INVOCATION_ID': 'e137ece9deb944cba058841357979c47', 'XDG_MENU_PREFIX': 'gnome-', 'XDG_RUNTIME_DIR': '/run/user/37726', 'DISPLAY': ':1', 'TERMINATOR_DBUS_PATH': '/net/tenshu/Terminator2', 'LANG': 'en_US.UTF-8', 'XDG_CURRENT_DESKTOP': 'ubuntu:GNOME', 'IBUS_DISABLE_SNOOPER': '1', 'RMW_IMPLEMENTATION': 'rmw_cyclonedds_cpp', 'XMODIFIERS': '@im=ibus', 'XDG_SESSION_DESKTOP': 'ubuntu', 'XAUTHORITY': '/run/user/37726/gdm/Xauthority', 'SSH_AGENT_LAUNCHER': 'gnome-keyring', 'SSH_AUTH_SOCK': '/run/user/37726/keyring/ssh', 'ROS_DOMAIN_ID': '56', 'AMENT_PREFIX_PATH': '/home/GTL/apaul/ros2_hw1/src/vrep4_helpers/install/vrep4_helpers:/opt/ros/humble', 'SHELL': '/bin/bash', 'TERMINATOR_UUID': 'urn:uuid:e973c28b-d7f8-47e2-b349-dd28fc28971e', 'KRB5CCNAME': 'FILE:/tmp/krb5cc_37726', 'QT_ACCESSIBILITY': '1', 'GDMSESSION': 'ubuntu', 'GPG_AGENT_INFO': '/run/user/37726/gnupg/S.gpg-agent:0:1', 'QT_IM_MODULE': 'ibus', 'PWD': '/home/GTL/apaul/ros2_hw1/build/face_detect_base', 'XDG_CONFIG_DIRS': '/etc/xdg/xdg-ubuntu:/etc/xdg', 'XDG_DATA_DIRS': '/usr/share/ubuntu:/usr/share/gnome:/usr/local/share/:/usr/share/:/var/lib/snapd/desktop', 'PYTHONPATH': '/home/GTL/apaul/ros2_hw1/build/face_detect_base/prefix_override:/usr/lib/python3/dist-packages/colcon_core/task/python/colcon_distutils_commands:/home/GTL/apaul/ros2_hw1/install/face_detect_base/lib/python3.10/site-packages:/opt/ros/humble/lib/python3.10/site-packages:/opt/ros/humble/local/lib/python3.10/dist-packages', 'COLCON': '1', 'VTE_VERSION': '6800', 'CMAKE_PREFIX_PATH': '/home/GTL/apaul/ros2_hw1/src/vrep4_helpers/install/vrep4_helpers'}, 'shell': False}
[0.815655] (keyboard_teleop) Command: {'cmd': ['/usr/bin/python3', '-W', 'ignore:setup.py install is deprecated', 'setup.py', 'egg_info', '--egg-base', '../../build/keyboard_teleop', 'build', '--build-base', '/home/GTL/apaul/ros2_hw1/build/keyboard_teleop/build', 'install', '--record', '/home/GTL/apaul/ros2_hw1/build/keyboard_teleop/install.log', '--single-version-externally-managed', 'install_data'], 'cwd': '/home/GTL/apaul/ros2_hw1/src/keyboard_teleop', 'env': {'USER': 'apaul', 'XDG_SESSION_TYPE': 'x11', 'SHLVL': '1', 'LD_LIBRARY_PATH': '/usr/lib/x86_64-linux-gnu/gazebo-11/plugins:/opt/ros/humble/opt/rviz_ogre_vendor/lib:/opt/ros/humble/lib/x86_64-linux-gnu:/opt/ros/humble/lib', 'HOME': '/home/GTL/apaul', 'CYCLONEDDS_URI': '/cs-share/pradalier/gtlpc_cyclonedds.xml', 'OLDPWD': '/home/GTL/apaul/ros2_hw1/src', 'DESKTOP_SESSION': 'ubuntu', 'ROS_PYTHON_VERSION': '3', 'GNOME_SHELL_SESSION_MODE': 'ubuntu', 'GTK_MODULES': 'gail:atk-bridge', 'MANAGERPID': '1071145', 'SYSTEMD_EXEC_PID': '1071585', 'DBUS_SESSION_BUS_ADDRESS': 'unix:path=/run/user/37726/bus', 'COLORTERM': 'truecolor', 'TERMINATOR_DBUS_NAME': 'net.tenshu.Terminator23558193cd9818af7fe4d2c2f5bd9d00f', 'GIO_LAUNCHED_DESKTOP_FILE_PID': '1071980', 'COLCON_PREFIX_PATH': '/home/GTL/apaul/ros2_hw1/src/vrep4_helpers/install', 'ROS_DISTRO': 'humble', 'GTK_IM_MODULE': 'ibus', 'LOGNAME': 'apaul', 'JOURNAL_STREAM': '8:2246850', '_': '/usr/bin/colcon', 'ROS_VERSION': '2', 'XDG_SESSION_CLASS': 'user', 'USERNAME': 'apaul', 'TERM': 'xterm-256color', 'GNOME_DESKTOP_SESSION_ID': 'this-is-deprecated', 'ROS_LOCALHOST_ONLY': '0', 'WINDOWPATH': '2', 'PATH': '/opt/ros/humble/bin:/usr/local/sbin:/usr/local/bin:/usr/sbin:/usr/bin:/sbin:/bin:/usr/games:/usr/local/games:/snap/bin:/snap/bin', 'SESSION_MANAGER': 'local/gtlpc106.georgiatech-metz.fr:@/tmp/.ICE-unix/1071391,unix/gtlpc106.georgiatech-metz.fr:/tmp/.ICE-unix/1071391', 'INVOCATION_ID': 'e137ece9deb944cba058841357979c47', 'XDG_MENU_PREFIX': 'gnome-', 'XDG_RUNTIME_DIR': '/run/user/37726', 'DISPLAY': ':1', 'TERMINATOR_DBUS_PATH': '/net/tenshu/Terminator2', 'LANG': 'en_US.UTF-8', 'XDG_CURRENT_DESKTOP': 'ubuntu:GNOME', 'IBUS_DISABLE_SNOOPER': '1', 'RMW_IMPLEMENTATION': 'rmw_cyclonedds_cpp', 'XMODIFIERS': '@im=ibus', 'XDG_SESSION_DESKTOP': 'ubuntu', 'XAUTHORITY': '/run/user/37726/gdm/Xauthority', 'SSH_AGENT_LAUNCHER': 'gnome-keyring', 'SSH_AUTH_SOCK': '/run/user/37726/keyring/ssh', 'ROS_DOMAIN_ID': '56', 'AMENT_PREFIX_PATH': '/home/GTL/apaul/ros2_hw1/src/vrep4_helpers/install/vrep4_helpers:/opt/ros/humble', 'SHELL': '/bin/bash', 'TERMINATOR_UUID': 'urn:uuid:e973c28b-d7f8-47e2-b349-dd28fc28971e', 'KRB5CCNAME': 'FILE:/tmp/krb5cc_37726', 'QT_ACCESSIBILITY': '1', 'GDMSESSION': 'ubuntu', 'GPG_AGENT_INFO': '/run/user/37726/gnupg/S.gpg-agent:0:1', 'QT_IM_MODULE': 'ibus', 'PWD': '/home/GTL/apaul/ros2_hw1/build/keyboard_teleop', 'XDG_CONFIG_DIRS': '/etc/xdg/xdg-ubuntu:/etc/xdg', 'XDG_DATA_DIRS': '/usr/share/ubuntu:/usr/share/gnome:/usr/local/share/:/usr/share/:/var/lib/snapd/desktop', 'PYTHONPATH': '/home/GTL/apaul/ros2_hw1/build/keyboard_teleop/prefix_override:/usr/lib/python3/dist-packages/colcon_core/task/python/colcon_distutils_commands:/home/GTL/apaul/ros2_hw1/install/keyboard_teleop/lib/python3.10/site-packages:/opt/ros/humble/lib/python3.10/site-packages:/opt/ros/humble/local/lib/python3.10/dist-packages', 'COLCON': '1', 'VTE_VERSION': '6800', 'CMAKE_PREFIX_PATH': '/home/GTL/apaul/ros2_hw1/src/vrep4_helpers/install/vrep4_helpers'}, 'shell': False}
[0.820469] (-) TimerEvent: {}
[0.907510] (vrep4_helpers) StdoutLine: {'line': b'-- Detecting CXX compiler ABI info - done\n'}
[0.916241] (vrep4_helpers) StdoutLine: {'line': b'-- Check for working CXX compiler: /usr/bin/c++ - skipped\n'}
[0.916428] (vrep4_helpers) StdoutLine: {'line': b'-- Detecting CXX compile features\n'}
[0.916751] (vrep4_helpers) StdoutLine: {'line': b'-- Detecting CXX compile features - done\n'}
[0.920536] (-) TimerEvent: {}
[0.927866] (vrep4_helpers) StdoutLine: {'line': b'-- Found ament_cmake: 1.3.10 (/opt/ros/humble/share/ament_cmake/cmake)\n'}
[0.984935] (face_detect_base) StdoutLine: {'line': b'running egg_info\n'}
[0.985825] (face_detect_base) StdoutLine: {'line': b'creating ../../build/face_detect_base/face_detect_base.egg-info\n'}
[0.986392] (keyboard_teleop) StdoutLine: {'line': b'running egg_info\n'}
[0.987037] (keyboard_teleop) StdoutLine: {'line': b'creating ../../build/keyboard_teleop/keyboard_teleop.egg-info\n'}
[0.987119] (face_detect_base) StdoutLine: {'line': b'writing ../../build/face_detect_base/face_detect_base.egg-info/PKG-INFO\n'}
[0.988069] (keyboard_teleop) StdoutLine: {'line': b'writing ../../build/keyboard_teleop/keyboard_teleop.egg-info/PKG-INFO\n'}
[0.990472] (face_detect_base) StdoutLine: {'line': b'writing dependency_links to ../../build/face_detect_base/face_detect_base.egg-info/dependency_links.txt\n'}
[0.991233] (keyboard_teleop) StdoutLine: {'line': b'writing dependency_links to ../../build/keyboard_teleop/keyboard_teleop.egg-info/dependency_links.txt\n'}
[0.991871] (face_detect_base) StdoutLine: {'line': b'writing entry points to ../../build/face_detect_base/face_detect_base.egg-info/entry_points.txt\n'}
[0.992530] (keyboard_teleop) StdoutLine: {'line': b'writing entry points to ../../build/keyboard_teleop/keyboard_teleop.egg-info/entry_points.txt\n'}
[0.993022] (face_detect_base) StdoutLine: {'line': b'writing requirements to ../../build/face_detect_base/face_detect_base.egg-info/requires.txt\n'}
[0.993764] (keyboard_teleop) StdoutLine: {'line': b'writing requirements to ../../build/keyboard_teleop/keyboard_teleop.egg-info/requires.txt\n'}
[0.993838] (face_detect_base) StdoutLine: {'line': b'writing top-level names to ../../build/face_detect_base/face_detect_base.egg-info/top_level.txt\n'}
[0.994827] (keyboard_teleop) StdoutLine: {'line': b'writing top-level names to ../../build/keyboard_teleop/keyboard_teleop.egg-info/top_level.txt\n'}
[0.995352] (face_detect_base) StdoutLine: {'line': b"writing manifest file '../../build/face_detect_base/face_detect_base.egg-info/SOURCES.txt'\n"}
[0.996328] (keyboard_teleop) StdoutLine: {'line': b"writing manifest file '../../build/keyboard_teleop/keyboard_teleop.egg-info/SOURCES.txt'\n"}
[0.999710] (face_detect_base) StdoutLine: {'line': b"reading manifest file '../../build/face_detect_base/face_detect_base.egg-info/SOURCES.txt'\n"}
[1.000432] (keyboard_teleop) StdoutLine: {'line': b"reading manifest file '../../build/keyboard_teleop/keyboard_teleop.egg-info/SOURCES.txt'\n"}
[1.001339] (face_detect_base) StdoutLine: {'line': b"writing manifest file '../../build/face_detect_base/face_detect_base.egg-info/SOURCES.txt'\n"}
[1.001936] (keyboard_teleop) StdoutLine: {'line': b"writing manifest file '../../build/keyboard_teleop/keyboard_teleop.egg-info/SOURCES.txt'\n"}
[1.002146] (face_detect_base) StdoutLine: {'line': b'running build\n'}
[1.002200] (face_detect_base) StdoutLine: {'line': b'running build_py\n'}
[1.002696] (keyboard_teleop) StdoutLine: {'line': b'running build\n'}
[1.002765] (keyboard_teleop) StdoutLine: {'line': b'running build_py\n'}
[1.002803] (face_detect_base) StdoutLine: {'line': b'creating /home/GTL/apaul/ros2_hw1/build/face_detect_base/build\n'}
[1.003094] (face_detect_base) StdoutLine: {'line': b'creating /home/GTL/apaul/ros2_hw1/build/face_detect_base/build/lib\n'}
[1.003257] (keyboard_teleop) StdoutLine: {'line': b'creating /home/GTL/apaul/ros2_hw1/build/keyboard_teleop/build\n'}
[1.003722] (keyboard_teleop) StdoutLine: {'line': b'creating /home/GTL/apaul/ros2_hw1/build/keyboard_teleop/build/lib\n'}
[1.004083] (face_detect_base) StdoutLine: {'line': b'creating /home/GTL/apaul/ros2_hw1/build/face_detect_base/build/lib/face_detect_base\n'}
[1.004480] (keyboard_teleop) StdoutLine: {'line': b'creating /home/GTL/apaul/ros2_hw1/build/keyboard_teleop/build/lib/keyboard_teleop\n'}
[1.005374] (face_detect_base) StdoutLine: {'line': b'copying face_detect_base/face_detect_node.py -> /home/GTL/apaul/ros2_hw1/build/face_detect_base/build/lib/face_detect_base\n'}
[1.005621] (keyboard_teleop) StdoutLine: {'line': b'copying keyboard_teleop/teleop.py -> /home/GTL/apaul/ros2_hw1/build/keyboard_teleop/build/lib/keyboard_teleop\n'}
[1.007419] (face_detect_base) StdoutLine: {'line': b'copying face_detect_base/__init__.py -> /home/GTL/apaul/ros2_hw1/build/face_detect_base/build/lib/face_detect_base\n'}
[1.007995] (keyboard_teleop) StdoutLine: {'line': b'copying keyboard_teleop/__init__.py -> /home/GTL/apaul/ros2_hw1/build/keyboard_teleop/build/lib/keyboard_teleop\n'}
[1.008726] (face_detect_base) StdoutLine: {'line': b'running install\n'}
[1.008953] (face_detect_base) StdoutLine: {'line': b'running install_lib\n'}
[1.009417] (keyboard_teleop) StdoutLine: {'line': b'copying keyboard_teleop/keyboard_joy.py -> /home/GTL/apaul/ros2_hw1/build/keyboard_teleop/build/lib/keyboard_teleop\n'}
[1.010916] (face_detect_base) StdoutLine: {'line': b'creating /home/GTL/apaul/ros2_hw1/install/face_detect_base/lib/python3.10/site-packages/face_detect_base\n'}
[1.011654] (keyboard_teleop) StdoutLine: {'line': b'running install\n'}
[1.011876] (keyboard_teleop) StdoutLine: {'line': b'running install_lib\n'}
[1.012059] (face_detect_base) StdoutLine: {'line': b'copying /home/GTL/apaul/ros2_hw1/build/face_detect_base/build/lib/face_detect_base/face_detect_node.py -> /home/GTL/apaul/ros2_hw1/install/face_detect_base/lib/python3.10/site-packages/face_detect_base\n'}
[1.013686] (keyboard_teleop) StdoutLine: {'line': b'creating /home/GTL/apaul/ros2_hw1/install/keyboard_teleop/lib/python3.10/site-packages/keyboard_teleop\n'}
[1.014272] (face_detect_base) StdoutLine: {'line': b'copying /home/GTL/apaul/ros2_hw1/build/face_detect_base/build/lib/face_detect_base/__init__.py -> /home/GTL/apaul/ros2_hw1/install/face_detect_base/lib/python3.10/site-packages/face_detect_base\n'}
[1.014665] (keyboard_teleop) StdoutLine: {'line': b'copying /home/GTL/apaul/ros2_hw1/build/keyboard_teleop/build/lib/keyboard_teleop/teleop.py -> /home/GTL/apaul/ros2_hw1/install/keyboard_teleop/lib/python3.10/site-packages/keyboard_teleop\n'}
[1.016732] (face_detect_base) StdoutLine: {'line': b'byte-compiling /home/GTL/apaul/ros2_hw1/install/face_detect_base/lib/python3.10/site-packages/face_detect_base/face_detect_node.py to face_detect_node.cpython-310.pyc\n'}
[1.016803] (keyboard_teleop) StdoutLine: {'line': b'copying /home/GTL/apaul/ros2_hw1/build/keyboard_teleop/build/lib/keyboard_teleop/__init__.py -> /home/GTL/apaul/ros2_hw1/install/keyboard_teleop/lib/python3.10/site-packages/keyboard_teleop\n'}
[1.018347] (keyboard_teleop) StdoutLine: {'line': b'copying /home/GTL/apaul/ros2_hw1/build/keyboard_teleop/build/lib/keyboard_teleop/keyboard_joy.py -> /home/GTL/apaul/ros2_hw1/install/keyboard_teleop/lib/python3.10/site-packages/keyboard_teleop\n'}
[1.019685] (face_detect_base) StdoutLine: {'line': b'byte-compiling /home/GTL/apaul/ros2_hw1/install/face_detect_base/lib/python3.10/site-packages/face_detect_base/__init__.py to __init__.cpython-310.pyc\n'}
[1.020634] (-) TimerEvent: {}
[1.020790] (keyboard_teleop) StdoutLine: {'line': b'byte-compiling /home/GTL/apaul/ros2_hw1/install/keyboard_teleop/lib/python3.10/site-packages/keyboard_teleop/teleop.py to teleop.cpython-310.pyc\n'}
[1.021780] (face_detect_base) StdoutLine: {'line': b'running install_data\n'}
[1.022009] (face_detect_base) StdoutLine: {'line': b'creating /home/GTL/apaul/ros2_hw1/install/face_detect_base/share/ament_index\n'}
[1.022480] (face_detect_base) StdoutLine: {'line': b'creating /home/GTL/apaul/ros2_hw1/install/face_detect_base/share/ament_index/resource_index\n'}
[1.023339] (face_detect_base) StdoutLine: {'line': b'creating /home/GTL/apaul/ros2_hw1/install/face_detect_base/share/ament_index/resource_index/packages\n'}
[1.023913] (keyboard_teleop) StdoutLine: {'line': b'byte-compiling /home/GTL/apaul/ros2_hw1/install/keyboard_teleop/lib/python3.10/site-packages/keyboard_teleop/__init__.py to __init__.cpython-310.pyc\n'}
[1.024576] (face_detect_base) StdoutLine: {'line': b'copying resource/face_detect_base -> /home/GTL/apaul/ros2_hw1/install/face_detect_base/share/ament_index/resource_index/packages\n'}
[1.025944] (keyboard_teleop) StdoutLine: {'line': b'byte-compiling /home/GTL/apaul/ros2_hw1/install/keyboard_teleop/lib/python3.10/site-packages/keyboard_teleop/keyboard_joy.py to keyboard_joy.cpython-310.pyc\n'}
[1.026424] (face_detect_base) StdoutLine: {'line': b'copying package.xml -> /home/GTL/apaul/ros2_hw1/install/face_detect_base/share/face_detect_base\n'}
[1.027959] (vrep4_helpers) StdoutLine: {'line': b'-- Found Python3: /usr/bin/python3 (found version "3.10.12") found components: Interpreter \n'}
[1.028445] (face_detect_base) StdoutLine: {'line': b'copying launch/face_detect.launch.py -> /home/GTL/apaul/ros2_hw1/install/face_detect_base/share/face_detect_base\n'}
[1.028705] (keyboard_teleop) StdoutLine: {'line': b'running install_data\n'}
[1.029020] (keyboard_teleop) StdoutLine: {'line': b'creating /home/GTL/apaul/ros2_hw1/install/keyboard_teleop/share/ament_index\n'}
[1.029601] (keyboard_teleop) StdoutLine: {'line': b'creating /home/GTL/apaul/ros2_hw1/install/keyboard_teleop/share/ament_index/resource_index\n'}
[1.030302] (face_detect_base) StdoutLine: {'line': b'running install_egg_info\n'}
[1.030412] (keyboard_teleop) StdoutLine: {'line': b'creating /home/GTL/apaul/ros2_hw1/install/keyboard_teleop/share/ament_index/resource_index/packages\n'}
[1.031753] (keyboard_teleop) StdoutLine: {'line': b'copying resource/keyboard_teleop -> /home/GTL/apaul/ros2_hw1/install/keyboard_teleop/share/ament_index/resource_index/packages\n'}
[1.032086] (face_detect_base) StdoutLine: {'line': b'Copying ../../build/face_detect_base/face_detect_base.egg-info to /home/GTL/apaul/ros2_hw1/install/face_detect_base/lib/python3.10/site-packages/face_detect_base-0.0.0-py3.10.egg-info\n'}
[1.033520] (keyboard_teleop) StdoutLine: {'line': b'copying package.xml -> /home/GTL/apaul/ros2_hw1/install/keyboard_teleop/share/keyboard_teleop\n'}
[1.034991] (keyboard_teleop) StdoutLine: {'line': b'running install_egg_info\n'}
[1.036807] (keyboard_teleop) StdoutLine: {'line': b'Copying ../../build/keyboard_teleop/keyboard_teleop.egg-info to /home/GTL/apaul/ros2_hw1/install/keyboard_teleop/lib/python3.10/site-packages/keyboard_teleop-0.0.0-py3.10.egg-info\n'}
[1.049488] (face_detect_base) StdoutLine: {'line': b'running install_scripts\n'}
[1.055252] (keyboard_teleop) StdoutLine: {'line': b'running install_scripts\n'}
[1.063851] (face_detect_base) StdoutLine: {'line': b'Installing face_detect_node script to /home/GTL/apaul/ros2_hw1/install/face_detect_base/lib/face_detect_base\n'}
[1.066734] (face_detect_base) StdoutLine: {'line': b"writing list of installed files to '/home/GTL/apaul/ros2_hw1/build/face_detect_base/install.log'\n"}
[1.069782] (keyboard_teleop) StdoutLine: {'line': b'Installing keyboard_joystick_node script to /home/GTL/apaul/ros2_hw1/install/keyboard_teleop/lib/keyboard_teleop\n'}
[1.073009] (keyboard_teleop) StdoutLine: {'line': b'Installing keyboard_teleop_node script to /home/GTL/apaul/ros2_hw1/install/keyboard_teleop/lib/keyboard_teleop\n'}
[1.075223] (keyboard_teleop) StdoutLine: {'line': b"writing list of installed files to '/home/GTL/apaul/ros2_hw1/build/keyboard_teleop/install.log'\n"}
[1.086478] (face_detect_base) CommandEnded: {'returncode': 0}
[1.113705] (face_detect_base) JobEnded: {'identifier': 'face_detect_base', 'rc': 0}
[1.116606] (keyboard_teleop) CommandEnded: {'returncode': 0}
[1.120724] (-) TimerEvent: {}
[1.139661] (vrep4_helpers) StdoutLine: {'line': b'-- Found depth_image_proc: 3.0.6 (/opt/ros/humble/share/depth_image_proc/cmake)\n'}
[1.141855] (keyboard_teleop) JobEnded: {'identifier': 'keyboard_teleop', 'rc': 0}
[1.216141] (vrep4_helpers) StdoutLine: {'line': b'-- Found rosidl_generator_c: 3.1.5 (/opt/ros/humble/share/rosidl_generator_c/cmake)\n'}
[1.220798] (-) TimerEvent: {}
[1.227804] (vrep4_helpers) StdoutLine: {'line': b'-- Found rosidl_adapter: 3.1.5 (/opt/ros/humble/share/rosidl_adapter/cmake)\n'}
[1.241398] (vrep4_helpers) StdoutLine: {'line': b'-- Found rosidl_generator_cpp: 3.1.5 (/opt/ros/humble/share/rosidl_generator_cpp/cmake)\n'}
[1.258330] (vrep4_helpers) StdoutLine: {'line': b'-- Using all available rosidl_typesupport_c: rosidl_typesupport_fastrtps_c;rosidl_typesupport_introspection_c\n'}
[1.280588] (vrep4_helpers) StdoutLine: {'line': b'-- Using all available rosidl_typesupport_cpp: rosidl_typesupport_fastrtps_cpp;rosidl_typesupport_introspection_cpp\n'}
[1.320929] (-) TimerEvent: {}
[1.421178] (-) TimerEvent: {}
[1.422102] (vrep4_helpers) StdoutLine: {'line': b'-- Found rmw_implementation_cmake: 6.1.2 (/opt/ros/humble/share/rmw_implementation_cmake/cmake)\n'}
[1.427829] (vrep4_helpers) StdoutLine: {'line': b'-- Found rmw_cyclonedds_cpp: 1.3.4 (/opt/ros/humble/share/rmw_cyclonedds_cpp/cmake)\n'}
[1.459580] (vrep4_helpers) StdoutLine: {'line': b"-- Using RMW implementation 'rmw_cyclonedds_cpp' as default\n"}
[1.482972] (vrep4_helpers) StdoutLine: {'line': b'-- Looking for pthread.h\n'}
[1.521264] (-) TimerEvent: {}
[1.602733] (vrep4_helpers) StdoutLine: {'line': b'-- Looking for pthread.h - found\n'}
[1.605274] (vrep4_helpers) StdoutLine: {'line': b'-- Performing Test CMAKE_HAVE_LIBC_PTHREAD\n'}
[1.621343] (-) TimerEvent: {}
[1.721552] (-) TimerEvent: {}
[1.723591] (vrep4_helpers) StdoutLine: {'line': b'-- Performing Test CMAKE_HAVE_LIBC_PTHREAD - Success\n'}
[1.725075] (vrep4_helpers) StdoutLine: {'line': b'-- Found Threads: TRUE  \n'}
[1.821675] (-) TimerEvent: {}
[1.921936] (-) TimerEvent: {}
[1.970577] (vrep4_helpers) StdoutLine: {'line': b'-- Found ament_lint_auto: 0.12.11 (/opt/ros/humble/share/ament_lint_auto/cmake)\n'}
[2.022055] (-) TimerEvent: {}
[2.122302] (-) TimerEvent: {}
[2.222555] (-) TimerEvent: {}
[2.245461] (vrep4_helpers) StdoutLine: {'line': b"-- Added test 'cppcheck' to perform static code analysis on C / C++ code\n"}
[2.245767] (vrep4_helpers) StdoutLine: {'line': b'-- Configured cppcheck include dirs: $<BUILD_INTERFACE:/home/GTL/apaul/ros2_hw1/src/vrep4_helpers/include>\n'}
[2.245826] (vrep4_helpers) StdoutLine: {'line': b'-- Configured cppcheck exclude dirs and/or files: \n'}
[2.265759] (vrep4_helpers) StdoutLine: {'line': b"-- Added test 'flake8' to check Python code syntax and style conventions\n"}
[2.299352] (vrep4_helpers) StdoutLine: {'line': b"-- Added test 'lint_cmake' to check CMake code style\n"}
[2.318166] (vrep4_helpers) StdoutLine: {'line': b"-- Added test 'pep257' to check Python code against some of the docstring style conventions in PEP 257\n"}
[2.322644] (-) TimerEvent: {}
[2.422825] (-) TimerEvent: {}
[2.454273] (vrep4_helpers) StdoutLine: {'line': b"-- Added test 'uncrustify' to check C / C++ code style\n"}
[2.454400] (vrep4_helpers) StdoutLine: {'line': b'-- Configured uncrustify additional arguments: \n'}
[2.475152] (vrep4_helpers) StdoutLine: {'line': b"-- Added test 'xmllint' to check XML markup files\n"}
[2.495420] (vrep4_helpers) StdoutLine: {'line': b'-- Configuring done\n'}
[2.522917] (-) TimerEvent: {}
[2.623103] (-) TimerEvent: {}
[2.637864] (vrep4_helpers) StdoutLine: {'line': b'-- Generating done\n'}
[2.659298] (vrep4_helpers) StdoutLine: {'line': b'-- Build files have been written to: /home/GTL/apaul/ros2_hw1/build/vrep4_helpers\n'}
[2.666008] (vrep4_helpers) CommandEnded: {'returncode': 0}
[2.667108] (vrep4_helpers) JobProgress: {'identifier': 'vrep4_helpers', 'progress': 'build'}
[2.667711] (vrep4_helpers) Command: {'cmd': ['/usr/bin/cmake', '--build', '/home/GTL/apaul/ros2_hw1/build/vrep4_helpers', '--', '-j16', '-l16'], 'cwd': '/home/GTL/apaul/ros2_hw1/build/vrep4_helpers', 'env': OrderedDict([('USER', 'apaul'), ('XDG_SESSION_TYPE', 'x11'), ('SHLVL', '1'), ('LD_LIBRARY_PATH', '/usr/lib/x86_64-linux-gnu/gazebo-11/plugins:/opt/ros/humble/opt/rviz_ogre_vendor/lib:/opt/ros/humble/lib/x86_64-linux-gnu:/opt/ros/humble/lib'), ('HOME', '/home/GTL/apaul'), ('CYCLONEDDS_URI', '/cs-share/pradalier/gtlpc_cyclonedds.xml'), ('OLDPWD', '/home/GTL/apaul/ros2_hw1/src'), ('DESKTOP_SESSION', 'ubuntu'), ('ROS_PYTHON_VERSION', '3'), ('GNOME_SHELL_SESSION_MODE', 'ubuntu'), ('GTK_MODULES', 'gail:atk-bridge'), ('MANAGERPID', '1071145'), ('SYSTEMD_EXEC_PID', '1071585'), ('DBUS_SESSION_BUS_ADDRESS', 'unix:path=/run/user/37726/bus'), ('COLORTERM', 'truecolor'), ('TERMINATOR_DBUS_NAME', 'net.tenshu.Terminator23558193cd9818af7fe4d2c2f5bd9d00f'), ('GIO_LAUNCHED_DESKTOP_FILE_PID', '1071980'), ('COLCON_PREFIX_PATH', '/home/GTL/apaul/ros2_hw1/src/vrep4_helpers/install'), ('ROS_DISTRO', 'humble'), ('GTK_IM_MODULE', 'ibus'), ('LOGNAME', 'apaul'), ('JOURNAL_STREAM', '8:2246850'), ('_', '/usr/bin/colcon'), ('ROS_VERSION', '2'), ('XDG_SESSION_CLASS', 'user'), ('USERNAME', 'apaul'), ('TERM', 'xterm-256color'), ('GNOME_DESKTOP_SESSION_ID', 'this-is-deprecated'), ('ROS_LOCALHOST_ONLY', '0'), ('WINDOWPATH', '2'), ('PATH', '/opt/ros/humble/bin:/usr/local/sbin:/usr/local/bin:/usr/sbin:/usr/bin:/sbin:/bin:/usr/games:/usr/local/games:/snap/bin:/snap/bin'), ('SESSION_MANAGER', 'local/gtlpc106.georgiatech-metz.fr:@/tmp/.ICE-unix/1071391,unix/gtlpc106.georgiatech-metz.fr:/tmp/.ICE-unix/1071391'), ('INVOCATION_ID', 'e137ece9deb944cba058841357979c47'), ('XDG_MENU_PREFIX', 'gnome-'), ('XDG_RUNTIME_DIR', '/run/user/37726'), ('DISPLAY', ':1'), ('TERMINATOR_DBUS_PATH', '/net/tenshu/Terminator2'), ('LANG', 'en_US.UTF-8'), ('XDG_CURRENT_DESKTOP', 'ubuntu:GNOME'), ('IBUS_DISABLE_SNOOPER', '1'), ('RMW_IMPLEMENTATION', 'rmw_cyclonedds_cpp'), ('XMODIFIERS', '@im=ibus'), ('XDG_SESSION_DESKTOP', 'ubuntu'), ('XAUTHORITY', '/run/user/37726/gdm/Xauthority'), ('SSH_AGENT_LAUNCHER', 'gnome-keyring'), ('SSH_AUTH_SOCK', '/run/user/37726/keyring/ssh'), ('ROS_DOMAIN_ID', '56'), ('AMENT_PREFIX_PATH', '/home/GTL/apaul/ros2_hw1/src/vrep4_helpers/install/vrep4_helpers:/opt/ros/humble'), ('SHELL', '/bin/bash'), ('TERMINATOR_UUID', 'urn:uuid:e973c28b-d7f8-47e2-b349-dd28fc28971e'), ('KRB5CCNAME', 'FILE:/tmp/krb5cc_37726'), ('QT_ACCESSIBILITY', '1'), ('GDMSESSION', 'ubuntu'), ('GPG_AGENT_INFO', '/run/user/37726/gnupg/S.gpg-agent:0:1'), ('QT_IM_MODULE', 'ibus'), ('PWD', '/home/GTL/apaul/ros2_hw1/build/vrep4_helpers'), ('XDG_CONFIG_DIRS', '/etc/xdg/xdg-ubuntu:/etc/xdg'), ('XDG_DATA_DIRS', '/usr/share/ubuntu:/usr/share/gnome:/usr/local/share/:/usr/share/:/var/lib/snapd/desktop'), ('PYTHONPATH', '/opt/ros/humble/lib/python3.10/site-packages:/opt/ros/humble/local/lib/python3.10/dist-packages'), ('COLCON', '1'), ('VTE_VERSION', '6800'), ('CMAKE_PREFIX_PATH', '/home/GTL/apaul/ros2_hw1/src/vrep4_helpers/install/vrep4_helpers:/opt/ros/humble')]), 'shell': False}
[2.721944] (vrep4_helpers) StdoutLine: {'line': b'[ 50%] \x1b[32mBuilding CXX object CMakeFiles/clock_repeat.dir/src/clock_repeat.cpp.o\x1b[0m\n'}
[2.722131] (vrep4_helpers) StdoutLine: {'line': b'[ 50%] \x1b[32mBuilding CXX object CMakeFiles/image_flip.dir/src/image_flip.cpp.o\x1b[0m\n'}
[2.723181] (-) TimerEvent: {}
[2.823396] (-) TimerEvent: {}
[2.923638] (-) TimerEvent: {}
[3.023908] (-) TimerEvent: {}
[3.124195] (-) TimerEvent: {}
[3.224492] (-) TimerEvent: {}
[3.324749] (-) TimerEvent: {}
[3.425015] (-) TimerEvent: {}
[3.525292] (-) TimerEvent: {}
[3.625574] (-) TimerEvent: {}
[3.725858] (-) TimerEvent: {}
[3.826142] (-) TimerEvent: {}
[3.926427] (-) TimerEvent: {}
[4.026702] (-) TimerEvent: {}
[4.126942] (-) TimerEvent: {}
[4.227219] (-) TimerEvent: {}
[4.327486] (-) TimerEvent: {}
[4.427723] (-) TimerEvent: {}
[4.527985] (-) TimerEvent: {}
[4.628255] (-) TimerEvent: {}
[4.728540] (-) TimerEvent: {}
[4.828789] (-) TimerEvent: {}
[4.929066] (-) TimerEvent: {}
[5.029332] (-) TimerEvent: {}
[5.129610] (-) TimerEvent: {}
[5.229857] (-) TimerEvent: {}
[5.330079] (-) TimerEvent: {}
[5.430336] (-) TimerEvent: {}
[5.530588] (-) TimerEvent: {}
[5.630853] (-) TimerEvent: {}
[5.693849] (vrep4_helpers) StdoutLine: {'line': b'[ 75%] \x1b[32m\x1b[1mLinking CXX executable image_flip\x1b[0m\n'}
[5.730980] (-) TimerEvent: {}
[5.831268] (-) TimerEvent: {}
[5.931570] (-) TimerEvent: {}
[6.031844] (-) TimerEvent: {}
[6.109948] (vrep4_helpers) StdoutLine: {'line': b'[ 75%] Built target image_flip\n'}
[6.131974] (-) TimerEvent: {}
[6.232258] (-) TimerEvent: {}
[6.332524] (-) TimerEvent: {}
[6.432847] (-) TimerEvent: {}
[6.533135] (-) TimerEvent: {}
[6.633415] (-) TimerEvent: {}
[6.733689] (-) TimerEvent: {}
[6.833968] (-) TimerEvent: {}
[6.934296] (-) TimerEvent: {}
[7.034635] (-) TimerEvent: {}
[7.134903] (-) TimerEvent: {}
[7.235157] (-) TimerEvent: {}
[7.335415] (-) TimerEvent: {}
[7.435687] (-) TimerEvent: {}
[7.535915] (-) TimerEvent: {}
[7.636169] (-) TimerEvent: {}
[7.736463] (-) TimerEvent: {}
[7.836723] (-) TimerEvent: {}
[7.936965] (-) TimerEvent: {}
[8.037229] (-) TimerEvent: {}
[8.137499] (-) TimerEvent: {}
[8.237760] (-) TimerEvent: {}
[8.338033] (-) TimerEvent: {}
[8.438294] (-) TimerEvent: {}
[8.538553] (-) TimerEvent: {}
[8.638808] (-) TimerEvent: {}
[8.739063] (-) TimerEvent: {}
[8.839321] (-) TimerEvent: {}
[8.939588] (-) TimerEvent: {}
[9.039855] (-) TimerEvent: {}
[9.140117] (-) TimerEvent: {}
[9.240335] (-) TimerEvent: {}
[9.340557] (-) TimerEvent: {}
[9.440838] (-) TimerEvent: {}
[9.541093] (-) TimerEvent: {}
[9.641347] (-) TimerEvent: {}
[9.741600] (-) TimerEvent: {}
[9.841853] (-) TimerEvent: {}
[9.942111] (-) TimerEvent: {}
[10.042367] (-) TimerEvent: {}
[10.142624] (-) TimerEvent: {}
[10.242875] (-) TimerEvent: {}
[10.343130] (-) TimerEvent: {}
[10.443382] (-) TimerEvent: {}
[10.543651] (-) TimerEvent: {}
[10.643912] (-) TimerEvent: {}
[10.744151] (-) TimerEvent: {}
[10.844418] (-) TimerEvent: {}
[10.944655] (-) TimerEvent: {}
[11.044892] (-) TimerEvent: {}
[11.145131] (-) TimerEvent: {}
[11.245403] (-) TimerEvent: {}
[11.345667] (-) TimerEvent: {}
[11.445926] (-) TimerEvent: {}
[11.546180] (-) TimerEvent: {}
[11.646447] (-) TimerEvent: {}
[11.746708] (-) TimerEvent: {}
[11.846964] (-) TimerEvent: {}
[11.947235] (-) TimerEvent: {}
[12.047495] (-) TimerEvent: {}
[12.147752] (-) TimerEvent: {}
[12.248004] (-) TimerEvent: {}
[12.348272] (-) TimerEvent: {}
[12.448543] (-) TimerEvent: {}
[12.548795] (-) TimerEvent: {}
[12.628055] (vrep4_helpers) StdoutLine: {'line': b'[100%] \x1b[32m\x1b[1mLinking CXX executable clock_repeat\x1b[0m\n'}
[12.648887] (-) TimerEvent: {}
[12.749144] (-) TimerEvent: {}
[12.849389] (-) TimerEvent: {}
[12.949659] (-) TimerEvent: {}
[13.049887] (-) TimerEvent: {}
[13.150142] (-) TimerEvent: {}
[13.173451] (vrep4_helpers) StdoutLine: {'line': b'[100%] Built target clock_repeat\n'}
[13.184226] (vrep4_helpers) CommandEnded: {'returncode': 0}
[13.203302] (vrep4_helpers) JobProgress: {'identifier': 'vrep4_helpers', 'progress': 'install'}
[13.204215] (vrep4_helpers) Command: {'cmd': ['/usr/bin/cmake', '--install', '/home/GTL/apaul/ros2_hw1/build/vrep4_helpers'], 'cwd': '/home/GTL/apaul/ros2_hw1/build/vrep4_helpers', 'env': OrderedDict([('USER', 'apaul'), ('XDG_SESSION_TYPE', 'x11'), ('SHLVL', '1'), ('LD_LIBRARY_PATH', '/usr/lib/x86_64-linux-gnu/gazebo-11/plugins:/opt/ros/humble/opt/rviz_ogre_vendor/lib:/opt/ros/humble/lib/x86_64-linux-gnu:/opt/ros/humble/lib'), ('HOME', '/home/GTL/apaul'), ('CYCLONEDDS_URI', '/cs-share/pradalier/gtlpc_cyclonedds.xml'), ('OLDPWD', '/home/GTL/apaul/ros2_hw1/src'), ('DESKTOP_SESSION', 'ubuntu'), ('ROS_PYTHON_VERSION', '3'), ('GNOME_SHELL_SESSION_MODE', 'ubuntu'), ('GTK_MODULES', 'gail:atk-bridge'), ('MANAGERPID', '1071145'), ('SYSTEMD_EXEC_PID', '1071585'), ('DBUS_SESSION_BUS_ADDRESS', 'unix:path=/run/user/37726/bus'), ('COLORTERM', 'truecolor'), ('TERMINATOR_DBUS_NAME', 'net.tenshu.Terminator23558193cd9818af7fe4d2c2f5bd9d00f'), ('GIO_LAUNCHED_DESKTOP_FILE_PID', '1071980'), ('COLCON_PREFIX_PATH', '/home/GTL/apaul/ros2_hw1/src/vrep4_helpers/install'), ('ROS_DISTRO', 'humble'), ('GTK_IM_MODULE', 'ibus'), ('LOGNAME', 'apaul'), ('JOURNAL_STREAM', '8:2246850'), ('_', '/usr/bin/colcon'), ('ROS_VERSION', '2'), ('XDG_SESSION_CLASS', 'user'), ('USERNAME', 'apaul'), ('TERM', 'xterm-256color'), ('GNOME_DESKTOP_SESSION_ID', 'this-is-deprecated'), ('ROS_LOCALHOST_ONLY', '0'), ('WINDOWPATH', '2'), ('PATH', '/opt/ros/humble/bin:/usr/local/sbin:/usr/local/bin:/usr/sbin:/usr/bin:/sbin:/bin:/usr/games:/usr/local/games:/snap/bin:/snap/bin'), ('SESSION_MANAGER', 'local/gtlpc106.georgiatech-metz.fr:@/tmp/.ICE-unix/1071391,unix/gtlpc106.georgiatech-metz.fr:/tmp/.ICE-unix/1071391'), ('INVOCATION_ID', 'e137ece9deb944cba058841357979c47'), ('XDG_MENU_PREFIX', 'gnome-'), ('XDG_RUNTIME_DIR', '/run/user/37726'), ('DISPLAY', ':1'), ('TERMINATOR_DBUS_PATH', '/net/tenshu/Terminator2'), ('LANG', 'en_US.UTF-8'), ('XDG_CURRENT_DESKTOP', 'ubuntu:GNOME'), ('IBUS_DISABLE_SNOOPER', '1'), ('RMW_IMPLEMENTATION', 'rmw_cyclonedds_cpp'), ('XMODIFIERS', '@im=ibus'), ('XDG_SESSION_DESKTOP', 'ubuntu'), ('XAUTHORITY', '/run/user/37726/gdm/Xauthority'), ('SSH_AGENT_LAUNCHER', 'gnome-keyring'), ('SSH_AUTH_SOCK', '/run/user/37726/keyring/ssh'), ('ROS_DOMAIN_ID', '56'), ('AMENT_PREFIX_PATH', '/home/GTL/apaul/ros2_hw1/src/vrep4_helpers/install/vrep4_helpers:/opt/ros/humble'), ('SHELL', '/bin/bash'), ('TERMINATOR_UUID', 'urn:uuid:e973c28b-d7f8-47e2-b349-dd28fc28971e'), ('KRB5CCNAME', 'FILE:/tmp/krb5cc_37726'), ('QT_ACCESSIBILITY', '1'), ('GDMSESSION', 'ubuntu'), ('GPG_AGENT_INFO', '/run/user/37726/gnupg/S.gpg-agent:0:1'), ('QT_IM_MODULE', 'ibus'), ('PWD', '/home/GTL/apaul/ros2_hw1/build/vrep4_helpers'), ('XDG_CONFIG_DIRS', '/etc/xdg/xdg-ubuntu:/etc/xdg'), ('XDG_DATA_DIRS', '/usr/share/ubuntu:/usr/share/gnome:/usr/local/share/:/usr/share/:/var/lib/snapd/desktop'), ('PYTHONPATH', '/opt/ros/humble/lib/python3.10/site-packages:/opt/ros/humble/local/lib/python3.10/dist-packages'), ('COLCON', '1'), ('VTE_VERSION', '6800'), ('CMAKE_PREFIX_PATH', '/home/GTL/apaul/ros2_hw1/src/vrep4_helpers/install/vrep4_helpers:/opt/ros/humble')]), 'shell': False}
[13.211113] (vrep4_helpers) StdoutLine: {'line': b'-- Install configuration: ""\n'}
[13.217973] (vrep4_helpers) StdoutLine: {'line': b'-- Installing: /home/GTL/apaul/ros2_hw1/install/vrep4_helpers/lib/vrep4_helpers/image_flip\n'}
[13.235994] (vrep4_helpers) StdoutLine: {'line': b'-- Set runtime path of "/home/GTL/apaul/ros2_hw1/install/vrep4_helpers/lib/vrep4_helpers/image_flip" to ""\n'}
[13.236931] (vrep4_helpers) StdoutLine: {'line': b'-- Installing: /home/GTL/apaul/ros2_hw1/install/vrep4_helpers/lib/vrep4_helpers/clock_repeat\n'}
[13.250263] (-) TimerEvent: {}
[13.347497] (vrep4_helpers) StdoutLine: {'line': b'-- Set runtime path of "/home/GTL/apaul/ros2_hw1/install/vrep4_helpers/lib/vrep4_helpers/clock_repeat" to ""\n'}
[13.348044] (vrep4_helpers) StdoutLine: {'line': b'-- Installing: /home/GTL/apaul/ros2_hw1/install/vrep4_helpers/share/vrep4_helpers\n'}
[13.350331] (-) TimerEvent: {}
[13.351511] (vrep4_helpers) StdoutLine: {'line': b'-- Installing: /home/GTL/apaul/ros2_hw1/install/vrep4_helpers/share/vrep4_helpers/kinect_pc.launch.py\n'}
[13.371651] (vrep4_helpers) StdoutLine: {'line': b'-- Installing: /home/GTL/apaul/ros2_hw1/install/vrep4_helpers/share/vrep4_helpers/kinect_pc_min.launch.py\n'}
[13.381013] (vrep4_helpers) StdoutLine: {'line': b'-- Installing: /home/GTL/apaul/ros2_hw1/install/vrep4_helpers/share/ament_index/resource_index/package_run_dependencies/vrep4_helpers\n'}
[13.388487] (vrep4_helpers) StdoutLine: {'line': b'-- Installing: /home/GTL/apaul/ros2_hw1/install/vrep4_helpers/share/ament_index/resource_index/parent_prefix_path/vrep4_helpers\n'}
[13.394790] (vrep4_helpers) StdoutLine: {'line': b'-- Installing: /home/GTL/apaul/ros2_hw1/install/vrep4_helpers/share/vrep4_helpers/environment/ament_prefix_path.sh\n'}
[13.398406] (vrep4_helpers) StdoutLine: {'line': b'-- Installing: /home/GTL/apaul/ros2_hw1/install/vrep4_helpers/share/vrep4_helpers/environment/ament_prefix_path.dsv\n'}
[13.401826] (vrep4_helpers) StdoutLine: {'line': b'-- Installing: /home/GTL/apaul/ros2_hw1/install/vrep4_helpers/share/vrep4_helpers/environment/path.sh\n'}
[13.405572] (vrep4_helpers) StdoutLine: {'line': b'-- Installing: /home/GTL/apaul/ros2_hw1/install/vrep4_helpers/share/vrep4_helpers/environment/path.dsv\n'}
[13.409068] (vrep4_helpers) StdoutLine: {'line': b'-- Installing: /home/GTL/apaul/ros2_hw1/install/vrep4_helpers/share/vrep4_helpers/local_setup.bash\n'}
[13.412844] (vrep4_helpers) StdoutLine: {'line': b'-- Installing: /home/GTL/apaul/ros2_hw1/install/vrep4_helpers/share/vrep4_helpers/local_setup.sh\n'}
[13.416825] (vrep4_helpers) StdoutLine: {'line': b'-- Installing: /home/GTL/apaul/ros2_hw1/install/vrep4_helpers/share/vrep4_helpers/local_setup.zsh\n'}
[13.421103] (vrep4_helpers) StdoutLine: {'line': b'-- Installing: /home/GTL/apaul/ros2_hw1/install/vrep4_helpers/share/vrep4_helpers/local_setup.dsv\n'}
[13.424976] (vrep4_helpers) StdoutLine: {'line': b'-- Installing: /home/GTL/apaul/ros2_hw1/install/vrep4_helpers/share/vrep4_helpers/package.dsv\n'}
[13.431890] (vrep4_helpers) StdoutLine: {'line': b'-- Installing: /home/GTL/apaul/ros2_hw1/install/vrep4_helpers/share/ament_index/resource_index/packages/vrep4_helpers\n'}
[13.436971] (vrep4_helpers) StdoutLine: {'line': b'-- Installing: /home/GTL/apaul/ros2_hw1/install/vrep4_helpers/share/vrep4_helpers/cmake/vrep4_helpersConfig.cmake\n'}
[13.441397] (vrep4_helpers) StdoutLine: {'line': b'-- Installing: /home/GTL/apaul/ros2_hw1/install/vrep4_helpers/share/vrep4_helpers/cmake/vrep4_helpersConfig-version.cmake\n'}
[13.445169] (vrep4_helpers) StdoutLine: {'line': b'-- Installing: /home/GTL/apaul/ros2_hw1/install/vrep4_helpers/share/vrep4_helpers/package.xml\n'}
[13.450427] (-) TimerEvent: {}
[13.451524] (vrep4_helpers) CommandEnded: {'returncode': 0}
[13.524687] (vrep4_helpers) JobEnded: {'identifier': 'vrep4_helpers', 'rc': 0}
[13.526752] (-) EventReactorShutdown: {}
