[0.057s] Invoking command in '/home/GTL/apaul/ros2_hw1/build/task_manager_msgs': CMAKE_PREFIX_PATH=/opt/ros/humble /usr/bin/cmake --build /home/GTL/apaul/ros2_hw1/build/task_manager_msgs -- -j16 -l16
[0.460s] [  0%] Built target task_manager_msgs__cpp
[0.460s] [ 12%] Built target task_manager_msgs__rosidl_generator_c
[0.460s] [ 42%] Built target task_manager_msgs__rosidl_typesupport_cpp
[0.460s] [ 54%] Built target task_manager_msgs__rosidl_typesupport_introspection_cpp
[0.460s] [ 59%] Built target task_manager_msgs__rosidl_typesupport_fastrtps_cpp
[0.460s] [ 80%] Built target task_manager_msgs__rosidl_typesupport_c
[0.460s] [ 81%] Built target task_manager_msgs__rosidl_typesupport_introspection_c
[0.460s] [ 82%] Built target task_manager_msgs__rosidl_typesupport_fastrtps_c
[0.460s] [ 82%] Built target ament_cmake_python_copy_task_manager_msgs
[0.460s] [ 82%] Built target task_manager_msgs
[0.460s] [ 83%] Built target task_manager_msgs__py
[0.460s] [ 85%] Built target task_manager_msgs_encapsulate
[0.460s] [ 95%] Built target task_manager_msgs__rosidl_generator_py
[0.460s] [ 99%] Built target task_manager_msgs__rosidl_typesupport_fastrtps_c__pyext
[0.460s] [100%] Built target task_manager_msgs__rosidl_typesupport_c__pyext
[0.460s] [100%] Built target task_manager_msgs__rosidl_typesupport_introspection_c__pyext
[0.460s] running egg_info
[0.460s] writing task_manager_msgs.egg-info/PKG-INFO
[0.460s] writing dependency_links to task_manager_msgs.egg-info/dependency_links.txt
[0.460s] writing top-level names to task_manager_msgs.egg-info/top_level.txt
[0.460s] reading manifest file 'task_manager_msgs.egg-info/SOURCES.txt'
[0.460s] writing manifest file 'task_manager_msgs.egg-info/SOURCES.txt'
[0.460s] [100%] Built target ament_cmake_python_build_task_manager_msgs_egg
[0.654s] Invoked command in '/home/GTL/apaul/ros2_hw1/build/task_manager_msgs' returned '0': CMAKE_PREFIX_PATH=/opt/ros/humble /usr/bin/cmake --build /home/GTL/apaul/ros2_hw1/build/task_manager_msgs -- -j16 -l16
[0.765s] Invoking command in '/home/GTL/apaul/ros2_hw1/build/task_manager_msgs': CMAKE_PREFIX_PATH=/opt/ros/humble /usr/bin/cmake --install /home/GTL/apaul/ros2_hw1/build/task_manager_msgs
[0.773s] -- Install configuration: ""
[0.773s] -- Up-to-date: /home/GTL/apaul/ros2_hw1/install/task_manager_msgs/share/ament_index/resource_index/rosidl_interfaces/task_manager_msgs
[0.773s] -- Up-to-date: /home/GTL/apaul/ros2_hw1/install/task_manager_msgs/include/task_manager_msgs/task_manager_msgs
[0.774s] -- Up-to-date: /home/GTL/apaul/ros2_hw1/install/task_manager_msgs/include/task_manager_msgs/task_manager_msgs/msg
[0.775s] -- Up-to-date: /home/GTL/apaul/ros2_hw1/install/task_manager_msgs/include/task_manager_msgs/task_manager_msgs/msg/task_status.h
[0.775s] -- Up-to-date: /home/GTL/apaul/ros2_hw1/install/task_manager_msgs/include/task_manager_msgs/task_manager_msgs/msg/sync_status.h
[0.775s] -- Up-to-date: /home/GTL/apaul/ros2_hw1/install/task_manager_msgs/include/task_manager_msgs/task_manager_msgs/msg/detail
[0.776s] -- Up-to-date: /home/GTL/apaul/ros2_hw1/install/task_manager_msgs/include/task_manager_msgs/task_manager_msgs/msg/detail/task_parameter__functions.c
[0.777s] -- Up-to-date: /home/GTL/apaul/ros2_hw1/install/task_manager_msgs/include/task_manager_msgs/task_manager_msgs/msg/detail/task_description__struct.h
[0.777s] -- Up-to-date: /home/GTL/apaul/ros2_hw1/install/task_manager_msgs/include/task_manager_msgs/task_manager_msgs/msg/detail/task_description__type_support.h
[0.777s] -- Up-to-date: /home/GTL/apaul/ros2_hw1/install/task_manager_msgs/include/task_manager_msgs/task_manager_msgs/msg/detail/task_parameter__functions.h
[0.777s] -- Up-to-date: /home/GTL/apaul/ros2_hw1/install/task_manager_msgs/include/task_manager_msgs/task_manager_msgs/msg/detail/task_parameter__type_support.h
[0.778s] -- Up-to-date: /home/GTL/apaul/ros2_hw1/install/task_manager_msgs/include/task_manager_msgs/task_manager_msgs/msg/detail/sync_status__type_support.h
[0.778s] -- Up-to-date: /home/GTL/apaul/ros2_hw1/install/task_manager_msgs/include/task_manager_msgs/task_manager_msgs/msg/detail/task_config__struct.h
[0.778s] -- Up-to-date: /home/GTL/apaul/ros2_hw1/install/task_manager_msgs/include/task_manager_msgs/task_manager_msgs/msg/detail/encapsulated_message__functions.c
[0.778s] -- Up-to-date: /home/GTL/apaul/ros2_hw1/install/task_manager_msgs/include/task_manager_msgs/task_manager_msgs/msg/detail/task_description__functions.c
[0.779s] -- Up-to-date: /home/GTL/apaul/ros2_hw1/install/task_manager_msgs/include/task_manager_msgs/task_manager_msgs/msg/detail/task_config__type_support.h
[0.779s] -- Up-to-date: /home/GTL/apaul/ros2_hw1/install/task_manager_msgs/include/task_manager_msgs/task_manager_msgs/msg/detail/task_status__functions.c
[0.779s] -- Up-to-date: /home/GTL/apaul/ros2_hw1/install/task_manager_msgs/include/task_manager_msgs/task_manager_msgs/msg/detail/encapsulated_message__functions.h
[0.780s] -- Up-to-date: /home/GTL/apaul/ros2_hw1/install/task_manager_msgs/include/task_manager_msgs/task_manager_msgs/msg/detail/task_status__struct.h
[0.780s] -- Up-to-date: /home/GTL/apaul/ros2_hw1/install/task_manager_msgs/include/task_manager_msgs/task_manager_msgs/msg/detail/task_config__functions.h
[0.780s] -- Up-to-date: /home/GTL/apaul/ros2_hw1/install/task_manager_msgs/include/task_manager_msgs/task_manager_msgs/msg/detail/encapsulated_message__type_support.h
[0.780s] -- Up-to-date: /home/GTL/apaul/ros2_hw1/install/task_manager_msgs/include/task_manager_msgs/task_manager_msgs/msg/detail/sync_status__struct.h
[0.781s] -- Up-to-date: /home/GTL/apaul/ros2_hw1/install/task_manager_msgs/include/task_manager_msgs/task_manager_msgs/msg/detail/task_parameter__struct.h
[0.781s] -- Up-to-date: /home/GTL/apaul/ros2_hw1/install/task_manager_msgs/include/task_manager_msgs/task_manager_msgs/msg/detail/task_config__functions.c
[0.781s] -- Up-to-date: /home/GTL/apaul/ros2_hw1/install/task_manager_msgs/include/task_manager_msgs/task_manager_msgs/msg/detail/sync_status__functions.c
[0.781s] -- Up-to-date: /home/GTL/apaul/ros2_hw1/install/task_manager_msgs/include/task_manager_msgs/task_manager_msgs/msg/detail/task_status__type_support.h
[0.782s] -- Up-to-date: /home/GTL/apaul/ros2_hw1/install/task_manager_msgs/include/task_manager_msgs/task_manager_msgs/msg/detail/task_description__functions.h
[0.782s] -- Up-to-date: /home/GTL/apaul/ros2_hw1/install/task_manager_msgs/include/task_manager_msgs/task_manager_msgs/msg/detail/sync_status__functions.h
[0.782s] -- Up-to-date: /home/GTL/apaul/ros2_hw1/install/task_manager_msgs/include/task_manager_msgs/task_manager_msgs/msg/detail/encapsulated_message__struct.h
[0.783s] -- Up-to-date: /home/GTL/apaul/ros2_hw1/install/task_manager_msgs/include/task_manager_msgs/task_manager_msgs/msg/detail/task_status__functions.h
[0.783s] -- Up-to-date: /home/GTL/apaul/ros2_hw1/install/task_manager_msgs/include/task_manager_msgs/task_manager_msgs/msg/rosidl_generator_c__visibility_control.h
[0.783s] -- Up-to-date: /home/GTL/apaul/ros2_hw1/install/task_manager_msgs/include/task_manager_msgs/task_manager_msgs/msg/encapsulated_message.h
[0.783s] -- Up-to-date: /home/GTL/apaul/ros2_hw1/install/task_manager_msgs/include/task_manager_msgs/task_manager_msgs/msg/task_parameter.h
[0.784s] -- Up-to-date: /home/GTL/apaul/ros2_hw1/install/task_manager_msgs/include/task_manager_msgs/task_manager_msgs/msg/task_description.h
[0.784s] -- Up-to-date: /home/GTL/apaul/ros2_hw1/install/task_manager_msgs/include/task_manager_msgs/task_manager_msgs/msg/task_config.h
[0.784s] -- Up-to-date: /home/GTL/apaul/ros2_hw1/install/task_manager_msgs/include/task_manager_msgs/task_manager_msgs/srv
[0.785s] -- Up-to-date: /home/GTL/apaul/ros2_hw1/install/task_manager_msgs/include/task_manager_msgs/task_manager_msgs/srv/stop_task.h
[0.785s] -- Up-to-date: /home/GTL/apaul/ros2_hw1/install/task_manager_msgs/include/task_manager_msgs/task_manager_msgs/srv/detail
[0.786s] -- Up-to-date: /home/GTL/apaul/ros2_hw1/install/task_manager_msgs/include/task_manager_msgs/task_manager_msgs/srv/detail/stop_task__functions.c
[0.786s] -- Up-to-date: /home/GTL/apaul/ros2_hw1/install/task_manager_msgs/include/task_manager_msgs/task_manager_msgs/srv/detail/get_task_list__struct.h
[0.786s] -- Up-to-date: /home/GTL/apaul/ros2_hw1/install/task_manager_msgs/include/task_manager_msgs/task_manager_msgs/srv/detail/get_all_task_status__functions.h
[0.787s] -- Up-to-date: /home/GTL/apaul/ros2_hw1/install/task_manager_msgs/include/task_manager_msgs/task_manager_msgs/srv/detail/stop_task__struct.h
[0.787s] -- Up-to-date: /home/GTL/apaul/ros2_hw1/install/task_manager_msgs/include/task_manager_msgs/task_manager_msgs/srv/detail/start_task__functions.c
[0.787s] -- Up-to-date: /home/GTL/apaul/ros2_hw1/install/task_manager_msgs/include/task_manager_msgs/task_manager_msgs/srv/detail/get_all_task_status__type_support.h
[0.787s] -- Up-to-date: /home/GTL/apaul/ros2_hw1/install/task_manager_msgs/include/task_manager_msgs/task_manager_msgs/srv/detail/get_all_task_status__functions.c
[0.788s] -- Up-to-date: /home/GTL/apaul/ros2_hw1/install/task_manager_msgs/include/task_manager_msgs/task_manager_msgs/srv/detail/get_task_list__functions.c
[0.788s] -- Up-to-date: /home/GTL/apaul/ros2_hw1/install/task_manager_msgs/include/task_manager_msgs/task_manager_msgs/srv/detail/get_task_list__functions.h
[0.788s] -- Up-to-date: /home/GTL/apaul/ros2_hw1/install/task_manager_msgs/include/task_manager_msgs/task_manager_msgs/srv/detail/start_task__struct.h
[0.788s] -- Up-to-date: /home/GTL/apaul/ros2_hw1/install/task_manager_msgs/include/task_manager_msgs/task_manager_msgs/srv/detail/stop_task__functions.h
[0.789s] -- Up-to-date: /home/GTL/apaul/ros2_hw1/install/task_manager_msgs/include/task_manager_msgs/task_manager_msgs/srv/detail/get_task_list__type_support.h
[0.789s] -- Up-to-date: /home/GTL/apaul/ros2_hw1/install/task_manager_msgs/include/task_manager_msgs/task_manager_msgs/srv/detail/get_all_task_status__struct.h
[0.789s] -- Up-to-date: /home/GTL/apaul/ros2_hw1/install/task_manager_msgs/include/task_manager_msgs/task_manager_msgs/srv/detail/stop_task__type_support.h
[0.789s] -- Up-to-date: /home/GTL/apaul/ros2_hw1/install/task_manager_msgs/include/task_manager_msgs/task_manager_msgs/srv/detail/start_task__type_support.h
[0.790s] -- Up-to-date: /home/GTL/apaul/ros2_hw1/install/task_manager_msgs/include/task_manager_msgs/task_manager_msgs/srv/detail/start_task__functions.h
[0.790s] -- Up-to-date: /home/GTL/apaul/ros2_hw1/install/task_manager_msgs/include/task_manager_msgs/task_manager_msgs/srv/get_task_list.h
[0.790s] -- Up-to-date: /home/GTL/apaul/ros2_hw1/install/task_manager_msgs/include/task_manager_msgs/task_manager_msgs/srv/start_task.h
[0.790s] -- Up-to-date: /home/GTL/apaul/ros2_hw1/install/task_manager_msgs/include/task_manager_msgs/task_manager_msgs/srv/get_all_task_status.h
[0.791s] -- Up-to-date: /home/GTL/apaul/ros2_hw1/install/task_manager_msgs/share/task_manager_msgs/environment/library_path.sh
[0.791s] -- Up-to-date: /home/GTL/apaul/ros2_hw1/install/task_manager_msgs/share/task_manager_msgs/environment/library_path.dsv
[0.797s] -- Up-to-date: /home/GTL/apaul/ros2_hw1/install/task_manager_msgs/lib/libtask_manager_msgs__rosidl_generator_c.so
[0.797s] -- Up-to-date: /home/GTL/apaul/ros2_hw1/install/task_manager_msgs/include/task_manager_msgs/task_manager_msgs
[0.797s] -- Up-to-date: /home/GTL/apaul/ros2_hw1/install/task_manager_msgs/include/task_manager_msgs/task_manager_msgs/msg
[0.797s] -- Up-to-date: /home/GTL/apaul/ros2_hw1/install/task_manager_msgs/include/task_manager_msgs/task_manager_msgs/msg/detail
[0.797s] -- Up-to-date: /home/GTL/apaul/ros2_hw1/install/task_manager_msgs/include/task_manager_msgs/task_manager_msgs/msg/detail/task_config__rosidl_typesupport_fastrtps_c.h
[0.797s] -- Up-to-date: /home/GTL/apaul/ros2_hw1/install/task_manager_msgs/include/task_manager_msgs/task_manager_msgs/msg/detail/sync_status__rosidl_typesupport_fastrtps_c.h
[0.797s] -- Up-to-date: /home/GTL/apaul/ros2_hw1/install/task_manager_msgs/include/task_manager_msgs/task_manager_msgs/msg/detail/task_description__rosidl_typesupport_fastrtps_c.h
[0.798s] -- Up-to-date: /home/GTL/apaul/ros2_hw1/install/task_manager_msgs/include/task_manager_msgs/task_manager_msgs/msg/detail/task_status__rosidl_typesupport_fastrtps_c.h
[0.798s] -- Up-to-date: /home/GTL/apaul/ros2_hw1/install/task_manager_msgs/include/task_manager_msgs/task_manager_msgs/msg/detail/encapsulated_message__rosidl_typesupport_fastrtps_c.h
[0.798s] -- Up-to-date: /home/GTL/apaul/ros2_hw1/install/task_manager_msgs/include/task_manager_msgs/task_manager_msgs/msg/detail/task_parameter__rosidl_typesupport_fastrtps_c.h
[0.798s] -- Up-to-date: /home/GTL/apaul/ros2_hw1/install/task_manager_msgs/include/task_manager_msgs/task_manager_msgs/msg/rosidl_typesupport_fastrtps_c__visibility_control.h
[0.798s] -- Up-to-date: /home/GTL/apaul/ros2_hw1/install/task_manager_msgs/include/task_manager_msgs/task_manager_msgs/srv
[0.799s] -- Up-to-date: /home/GTL/apaul/ros2_hw1/install/task_manager_msgs/include/task_manager_msgs/task_manager_msgs/srv/detail
[0.800s] -- Up-to-date: /home/GTL/apaul/ros2_hw1/install/task_manager_msgs/include/task_manager_msgs/task_manager_msgs/srv/detail/get_all_task_status__rosidl_typesupport_fastrtps_c.h
[0.800s] -- Up-to-date: /home/GTL/apaul/ros2_hw1/install/task_manager_msgs/include/task_manager_msgs/task_manager_msgs/srv/detail/start_task__rosidl_typesupport_fastrtps_c.h
[0.800s] -- Up-to-date: /home/GTL/apaul/ros2_hw1/install/task_manager_msgs/include/task_manager_msgs/task_manager_msgs/srv/detail/get_task_list__rosidl_typesupport_fastrtps_c.h
[0.800s] -- Up-to-date: /home/GTL/apaul/ros2_hw1/install/task_manager_msgs/include/task_manager_msgs/task_manager_msgs/srv/detail/stop_task__rosidl_typesupport_fastrtps_c.h
[0.801s] -- Up-to-date: /home/GTL/apaul/ros2_hw1/install/task_manager_msgs/lib/libtask_manager_msgs__rosidl_typesupport_fastrtps_c.so
[0.802s] -- Up-to-date: /home/GTL/apaul/ros2_hw1/install/task_manager_msgs/include/task_manager_msgs/task_manager_msgs
[0.803s] -- Up-to-date: /home/GTL/apaul/ros2_hw1/install/task_manager_msgs/include/task_manager_msgs/task_manager_msgs/msg
[0.803s] -- Up-to-date: /home/GTL/apaul/ros2_hw1/install/task_manager_msgs/include/task_manager_msgs/task_manager_msgs/msg/sync_status.hpp
[0.803s] -- Up-to-date: /home/GTL/apaul/ros2_hw1/install/task_manager_msgs/include/task_manager_msgs/task_manager_msgs/msg/encapsulated_message.hpp
[0.804s] -- Up-to-date: /home/GTL/apaul/ros2_hw1/install/task_manager_msgs/include/task_manager_msgs/task_manager_msgs/msg/detail
[0.804s] -- Up-to-date: /home/GTL/apaul/ros2_hw1/install/task_manager_msgs/include/task_manager_msgs/task_manager_msgs/msg/detail/encapsulated_message__struct.hpp
[0.805s] -- Up-to-date: /home/GTL/apaul/ros2_hw1/install/task_manager_msgs/include/task_manager_msgs/task_manager_msgs/msg/detail/task_config__traits.hpp
[0.805s] -- Up-to-date: /home/GTL/apaul/ros2_hw1/install/task_manager_msgs/include/task_manager_msgs/task_manager_msgs/msg/detail/task_config__type_support.hpp
[0.805s] -- Up-to-date: /home/GTL/apaul/ros2_hw1/install/task_manager_msgs/include/task_manager_msgs/task_manager_msgs/msg/detail/sync_status__builder.hpp
[0.805s] -- Up-to-date: /home/GTL/apaul/ros2_hw1/install/task_manager_msgs/include/task_manager_msgs/task_manager_msgs/msg/detail/sync_status__traits.hpp
[0.805s] -- Up-to-date: /home/GTL/apaul/ros2_hw1/install/task_manager_msgs/include/task_manager_msgs/task_manager_msgs/msg/detail/task_config__builder.hpp
[0.806s] -- Up-to-date: /home/GTL/apaul/ros2_hw1/install/task_manager_msgs/include/task_manager_msgs/task_manager_msgs/msg/detail/task_status__builder.hpp
[0.806s] -- Up-to-date: /home/GTL/apaul/ros2_hw1/install/task_manager_msgs/include/task_manager_msgs/task_manager_msgs/msg/detail/task_description__struct.hpp
[0.806s] -- Up-to-date: /home/GTL/apaul/ros2_hw1/install/task_manager_msgs/include/task_manager_msgs/task_manager_msgs/msg/detail/encapsulated_message__traits.hpp
[0.806s] -- Up-to-date: /home/GTL/apaul/ros2_hw1/install/task_manager_msgs/include/task_manager_msgs/task_manager_msgs/msg/detail/encapsulated_message__builder.hpp
[0.806s] -- Up-to-date: /home/GTL/apaul/ros2_hw1/install/task_manager_msgs/include/task_manager_msgs/task_manager_msgs/msg/detail/task_config__struct.hpp
[0.807s] -- Up-to-date: /home/GTL/apaul/ros2_hw1/install/task_manager_msgs/include/task_manager_msgs/task_manager_msgs/msg/detail/encapsulated_message__type_support.hpp
[0.807s] -- Up-to-date: /home/GTL/apaul/ros2_hw1/install/task_manager_msgs/include/task_manager_msgs/task_manager_msgs/msg/detail/sync_status__struct.hpp
[0.807s] -- Up-to-date: /home/GTL/apaul/ros2_hw1/install/task_manager_msgs/include/task_manager_msgs/task_manager_msgs/msg/detail/task_status__type_support.hpp
[0.807s] -- Up-to-date: /home/GTL/apaul/ros2_hw1/install/task_manager_msgs/include/task_manager_msgs/task_manager_msgs/msg/detail/task_status__struct.hpp
[0.808s] -- Up-to-date: /home/GTL/apaul/ros2_hw1/install/task_manager_msgs/include/task_manager_msgs/task_manager_msgs/msg/detail/task_description__type_support.hpp
[0.808s] -- Up-to-date: /home/GTL/apaul/ros2_hw1/install/task_manager_msgs/include/task_manager_msgs/task_manager_msgs/msg/detail/task_status__traits.hpp
[0.808s] -- Up-to-date: /home/GTL/apaul/ros2_hw1/install/task_manager_msgs/include/task_manager_msgs/task_manager_msgs/msg/detail/task_description__traits.hpp
[0.808s] -- Up-to-date: /home/GTL/apaul/ros2_hw1/install/task_manager_msgs/include/task_manager_msgs/task_manager_msgs/msg/detail/task_description__builder.hpp
[0.809s] -- Up-to-date: /home/GTL/apaul/ros2_hw1/install/task_manager_msgs/include/task_manager_msgs/task_manager_msgs/msg/detail/task_parameter__traits.hpp
[0.809s] -- Up-to-date: /home/GTL/apaul/ros2_hw1/install/task_manager_msgs/include/task_manager_msgs/task_manager_msgs/msg/detail/task_parameter__type_support.hpp
[0.809s] -- Up-to-date: /home/GTL/apaul/ros2_hw1/install/task_manager_msgs/include/task_manager_msgs/task_manager_msgs/msg/detail/task_parameter__builder.hpp
[0.809s] -- Up-to-date: /home/GTL/apaul/ros2_hw1/install/task_manager_msgs/include/task_manager_msgs/task_manager_msgs/msg/detail/task_parameter__struct.hpp
[0.810s] -- Up-to-date: /home/GTL/apaul/ros2_hw1/install/task_manager_msgs/include/task_manager_msgs/task_manager_msgs/msg/detail/sync_status__type_support.hpp
[0.810s] -- Up-to-date: /home/GTL/apaul/ros2_hw1/install/task_manager_msgs/include/task_manager_msgs/task_manager_msgs/msg/task_config.hpp
[0.810s] -- Up-to-date: /home/GTL/apaul/ros2_hw1/install/task_manager_msgs/include/task_manager_msgs/task_manager_msgs/msg/task_parameter.hpp
[0.811s] -- Up-to-date: /home/GTL/apaul/ros2_hw1/install/task_manager_msgs/include/task_manager_msgs/task_manager_msgs/msg/task_status.hpp
[0.811s] -- Up-to-date: /home/GTL/apaul/ros2_hw1/install/task_manager_msgs/include/task_manager_msgs/task_manager_msgs/msg/rosidl_generator_cpp__visibility_control.hpp
[0.811s] -- Up-to-date: /home/GTL/apaul/ros2_hw1/install/task_manager_msgs/include/task_manager_msgs/task_manager_msgs/msg/task_description.hpp
[0.811s] -- Up-to-date: /home/GTL/apaul/ros2_hw1/install/task_manager_msgs/include/task_manager_msgs/task_manager_msgs/srv
[0.812s] -- Up-to-date: /home/GTL/apaul/ros2_hw1/install/task_manager_msgs/include/task_manager_msgs/task_manager_msgs/srv/get_task_list.hpp
[0.812s] -- Up-to-date: /home/GTL/apaul/ros2_hw1/install/task_manager_msgs/include/task_manager_msgs/task_manager_msgs/srv/stop_task.hpp
[0.812s] -- Up-to-date: /home/GTL/apaul/ros2_hw1/install/task_manager_msgs/include/task_manager_msgs/task_manager_msgs/srv/detail
[0.813s] -- Up-to-date: /home/GTL/apaul/ros2_hw1/install/task_manager_msgs/include/task_manager_msgs/task_manager_msgs/srv/detail/stop_task__traits.hpp
[0.813s] -- Up-to-date: /home/GTL/apaul/ros2_hw1/install/task_manager_msgs/include/task_manager_msgs/task_manager_msgs/srv/detail/get_all_task_status__struct.hpp
[0.813s] -- Up-to-date: /home/GTL/apaul/ros2_hw1/install/task_manager_msgs/include/task_manager_msgs/task_manager_msgs/srv/detail/start_task__builder.hpp
[0.814s] -- Up-to-date: /home/GTL/apaul/ros2_hw1/install/task_manager_msgs/include/task_manager_msgs/task_manager_msgs/srv/detail/get_all_task_status__type_support.hpp
[0.814s] -- Up-to-date: /home/GTL/apaul/ros2_hw1/install/task_manager_msgs/include/task_manager_msgs/task_manager_msgs/srv/detail/get_task_list__struct.hpp
[0.814s] -- Up-to-date: /home/GTL/apaul/ros2_hw1/install/task_manager_msgs/include/task_manager_msgs/task_manager_msgs/srv/detail/get_all_task_status__builder.hpp
[0.815s] -- Up-to-date: /home/GTL/apaul/ros2_hw1/install/task_manager_msgs/include/task_manager_msgs/task_manager_msgs/srv/detail/stop_task__type_support.hpp
[0.815s] -- Up-to-date: /home/GTL/apaul/ros2_hw1/install/task_manager_msgs/include/task_manager_msgs/task_manager_msgs/srv/detail/start_task__type_support.hpp
[0.815s] -- Up-to-date: /home/GTL/apaul/ros2_hw1/install/task_manager_msgs/include/task_manager_msgs/task_manager_msgs/srv/detail/stop_task__struct.hpp
[0.816s] -- Up-to-date: /home/GTL/apaul/ros2_hw1/install/task_manager_msgs/include/task_manager_msgs/task_manager_msgs/srv/detail/start_task__traits.hpp
[0.816s] -- Up-to-date: /home/GTL/apaul/ros2_hw1/install/task_manager_msgs/include/task_manager_msgs/task_manager_msgs/srv/detail/stop_task__builder.hpp
[0.816s] -- Up-to-date: /home/GTL/apaul/ros2_hw1/install/task_manager_msgs/include/task_manager_msgs/task_manager_msgs/srv/detail/start_task__struct.hpp
[0.816s] -- Up-to-date: /home/GTL/apaul/ros2_hw1/install/task_manager_msgs/include/task_manager_msgs/task_manager_msgs/srv/detail/get_task_list__traits.hpp
[0.817s] -- Up-to-date: /home/GTL/apaul/ros2_hw1/install/task_manager_msgs/include/task_manager_msgs/task_manager_msgs/srv/detail/get_task_list__type_support.hpp
[0.817s] -- Up-to-date: /home/GTL/apaul/ros2_hw1/install/task_manager_msgs/include/task_manager_msgs/task_manager_msgs/srv/detail/get_all_task_status__traits.hpp
[0.817s] -- Up-to-date: /home/GTL/apaul/ros2_hw1/install/task_manager_msgs/include/task_manager_msgs/task_manager_msgs/srv/detail/get_task_list__builder.hpp
[0.817s] -- Up-to-date: /home/GTL/apaul/ros2_hw1/install/task_manager_msgs/include/task_manager_msgs/task_manager_msgs/srv/start_task.hpp
[0.818s] -- Up-to-date: /home/GTL/apaul/ros2_hw1/install/task_manager_msgs/include/task_manager_msgs/task_manager_msgs/srv/get_all_task_status.hpp
[0.818s] -- Up-to-date: /home/GTL/apaul/ros2_hw1/install/task_manager_msgs/include/task_manager_msgs/task_manager_msgs
[0.819s] -- Up-to-date: /home/GTL/apaul/ros2_hw1/install/task_manager_msgs/include/task_manager_msgs/task_manager_msgs/msg
[0.819s] -- Up-to-date: /home/GTL/apaul/ros2_hw1/install/task_manager_msgs/include/task_manager_msgs/task_manager_msgs/msg/detail
[0.820s] -- Up-to-date: /home/GTL/apaul/ros2_hw1/install/task_manager_msgs/include/task_manager_msgs/task_manager_msgs/msg/detail/task_config__rosidl_typesupport_fastrtps_cpp.hpp
[0.820s] -- Up-to-date: /home/GTL/apaul/ros2_hw1/install/task_manager_msgs/include/task_manager_msgs/task_manager_msgs/msg/detail/dds_fastrtps
[0.820s] -- Up-to-date: /home/GTL/apaul/ros2_hw1/install/task_manager_msgs/include/task_manager_msgs/task_manager_msgs/msg/detail/encapsulated_message__rosidl_typesupport_fastrtps_cpp.hpp
[0.820s] -- Up-to-date: /home/GTL/apaul/ros2_hw1/install/task_manager_msgs/include/task_manager_msgs/task_manager_msgs/msg/detail/task_description__rosidl_typesupport_fastrtps_cpp.hpp
[0.821s] -- Up-to-date: /home/GTL/apaul/ros2_hw1/install/task_manager_msgs/include/task_manager_msgs/task_manager_msgs/msg/detail/task_status__rosidl_typesupport_fastrtps_cpp.hpp
[0.821s] -- Up-to-date: /home/GTL/apaul/ros2_hw1/install/task_manager_msgs/include/task_manager_msgs/task_manager_msgs/msg/detail/sync_status__rosidl_typesupport_fastrtps_cpp.hpp
[0.821s] -- Up-to-date: /home/GTL/apaul/ros2_hw1/install/task_manager_msgs/include/task_manager_msgs/task_manager_msgs/msg/detail/task_parameter__rosidl_typesupport_fastrtps_cpp.hpp
[0.821s] -- Up-to-date: /home/GTL/apaul/ros2_hw1/install/task_manager_msgs/include/task_manager_msgs/task_manager_msgs/msg/rosidl_typesupport_fastrtps_cpp__visibility_control.h
[0.821s] -- Up-to-date: /home/GTL/apaul/ros2_hw1/install/task_manager_msgs/include/task_manager_msgs/task_manager_msgs/srv
[0.822s] -- Up-to-date: /home/GTL/apaul/ros2_hw1/install/task_manager_msgs/include/task_manager_msgs/task_manager_msgs/srv/detail
[0.823s] -- Up-to-date: /home/GTL/apaul/ros2_hw1/install/task_manager_msgs/include/task_manager_msgs/task_manager_msgs/srv/detail/get_task_list__rosidl_typesupport_fastrtps_cpp.hpp
[0.823s] -- Up-to-date: /home/GTL/apaul/ros2_hw1/install/task_manager_msgs/include/task_manager_msgs/task_manager_msgs/srv/detail/start_task__rosidl_typesupport_fastrtps_cpp.hpp
[0.823s] -- Up-to-date: /home/GTL/apaul/ros2_hw1/install/task_manager_msgs/include/task_manager_msgs/task_manager_msgs/srv/detail/get_all_task_status__rosidl_typesupport_fastrtps_cpp.hpp
[0.823s] -- Up-to-date: /home/GTL/apaul/ros2_hw1/install/task_manager_msgs/include/task_manager_msgs/task_manager_msgs/srv/detail/dds_fastrtps
[0.824s] -- Up-to-date: /home/GTL/apaul/ros2_hw1/install/task_manager_msgs/include/task_manager_msgs/task_manager_msgs/srv/detail/stop_task__rosidl_typesupport_fastrtps_cpp.hpp
[0.824s] -- Up-to-date: /home/GTL/apaul/ros2_hw1/install/task_manager_msgs/lib/libtask_manager_msgs__rosidl_typesupport_fastrtps_cpp.so
[0.825s] -- Up-to-date: /home/GTL/apaul/ros2_hw1/install/task_manager_msgs/include/task_manager_msgs/task_manager_msgs
[0.826s] -- Up-to-date: /home/GTL/apaul/ros2_hw1/install/task_manager_msgs/include/task_manager_msgs/task_manager_msgs/msg
[0.826s] -- Up-to-date: /home/GTL/apaul/ros2_hw1/install/task_manager_msgs/include/task_manager_msgs/task_manager_msgs/msg/detail
[0.827s] -- Up-to-date: /home/GTL/apaul/ros2_hw1/install/task_manager_msgs/include/task_manager_msgs/task_manager_msgs/msg/detail/task_parameter__type_support.c
[0.828s] -- Up-to-date: /home/GTL/apaul/ros2_hw1/install/task_manager_msgs/include/task_manager_msgs/task_manager_msgs/msg/detail/task_parameter__rosidl_typesupport_introspection_c.h
[0.828s] -- Up-to-date: /home/GTL/apaul/ros2_hw1/install/task_manager_msgs/include/task_manager_msgs/task_manager_msgs/msg/detail/encapsulated_message__rosidl_typesupport_introspection_c.h
[0.828s] -- Up-to-date: /home/GTL/apaul/ros2_hw1/install/task_manager_msgs/include/task_manager_msgs/task_manager_msgs/msg/detail/sync_status__type_support.c
[0.829s] -- Up-to-date: /home/GTL/apaul/ros2_hw1/install/task_manager_msgs/include/task_manager_msgs/task_manager_msgs/msg/detail/task_description__type_support.c
[0.829s] -- Up-to-date: /home/GTL/apaul/ros2_hw1/install/task_manager_msgs/include/task_manager_msgs/task_manager_msgs/msg/detail/sync_status__rosidl_typesupport_introspection_c.h
[0.829s] -- Up-to-date: /home/GTL/apaul/ros2_hw1/install/task_manager_msgs/include/task_manager_msgs/task_manager_msgs/msg/detail/task_config__type_support.c
[0.829s] -- Up-to-date: /home/GTL/apaul/ros2_hw1/install/task_manager_msgs/include/task_manager_msgs/task_manager_msgs/msg/detail/task_description__rosidl_typesupport_introspection_c.h
[0.830s] -- Up-to-date: /home/GTL/apaul/ros2_hw1/install/task_manager_msgs/include/task_manager_msgs/task_manager_msgs/msg/detail/task_status__rosidl_typesupport_introspection_c.h
[0.831s] -- Up-to-date: /home/GTL/apaul/ros2_hw1/install/task_manager_msgs/include/task_manager_msgs/task_manager_msgs/msg/detail/task_config__rosidl_typesupport_introspection_c.h
[0.831s] -- Up-to-date: /home/GTL/apaul/ros2_hw1/install/task_manager_msgs/include/task_manager_msgs/task_manager_msgs/msg/detail/task_status__type_support.c
[0.831s] -- Up-to-date: /home/GTL/apaul/ros2_hw1/install/task_manager_msgs/include/task_manager_msgs/task_manager_msgs/msg/detail/encapsulated_message__type_support.c
[0.831s] -- Up-to-date: /home/GTL/apaul/ros2_hw1/install/task_manager_msgs/include/task_manager_msgs/task_manager_msgs/msg/rosidl_typesupport_introspection_c__visibility_control.h
[0.831s] -- Up-to-date: /home/GTL/apaul/ros2_hw1/install/task_manager_msgs/include/task_manager_msgs/task_manager_msgs/srv
[0.832s] -- Up-to-date: /home/GTL/apaul/ros2_hw1/install/task_manager_msgs/include/task_manager_msgs/task_manager_msgs/srv/detail
[0.833s] -- Up-to-date: /home/GTL/apaul/ros2_hw1/install/task_manager_msgs/include/task_manager_msgs/task_manager_msgs/srv/detail/start_task__type_support.c
[0.833s] -- Up-to-date: /home/GTL/apaul/ros2_hw1/install/task_manager_msgs/include/task_manager_msgs/task_manager_msgs/srv/detail/get_all_task_status__rosidl_typesupport_introspection_c.h
[0.833s] -- Up-to-date: /home/GTL/apaul/ros2_hw1/install/task_manager_msgs/include/task_manager_msgs/task_manager_msgs/srv/detail/get_all_task_status__type_support.c
[0.834s] -- Up-to-date: /home/GTL/apaul/ros2_hw1/install/task_manager_msgs/include/task_manager_msgs/task_manager_msgs/srv/detail/start_task__rosidl_typesupport_introspection_c.h
[0.834s] -- Up-to-date: /home/GTL/apaul/ros2_hw1/install/task_manager_msgs/include/task_manager_msgs/task_manager_msgs/srv/detail/stop_task__type_support.c
[0.834s] -- Up-to-date: /home/GTL/apaul/ros2_hw1/install/task_manager_msgs/include/task_manager_msgs/task_manager_msgs/srv/detail/get_task_list__rosidl_typesupport_introspection_c.h
[0.835s] -- Up-to-date: /home/GTL/apaul/ros2_hw1/install/task_manager_msgs/include/task_manager_msgs/task_manager_msgs/srv/detail/stop_task__rosidl_typesupport_introspection_c.h
[0.835s] -- Up-to-date: /home/GTL/apaul/ros2_hw1/install/task_manager_msgs/include/task_manager_msgs/task_manager_msgs/srv/detail/get_task_list__type_support.c
[0.835s] -- Up-to-date: /home/GTL/apaul/ros2_hw1/install/task_manager_msgs/lib/libtask_manager_msgs__rosidl_typesupport_introspection_c.so
[0.837s] -- Up-to-date: /home/GTL/apaul/ros2_hw1/install/task_manager_msgs/lib/libtask_manager_msgs__rosidl_typesupport_c.so
[0.837s] -- Up-to-date: /home/GTL/apaul/ros2_hw1/install/task_manager_msgs/include/task_manager_msgs/task_manager_msgs
[0.838s] -- Up-to-date: /home/GTL/apaul/ros2_hw1/install/task_manager_msgs/include/task_manager_msgs/task_manager_msgs/msg
[0.839s] -- Up-to-date: /home/GTL/apaul/ros2_hw1/install/task_manager_msgs/include/task_manager_msgs/task_manager_msgs/msg/detail
[0.839s] -- Up-to-date: /home/GTL/apaul/ros2_hw1/install/task_manager_msgs/include/task_manager_msgs/task_manager_msgs/msg/detail/task_parameter__rosidl_typesupport_introspection_cpp.hpp
[0.839s] -- Up-to-date: /home/GTL/apaul/ros2_hw1/install/task_manager_msgs/include/task_manager_msgs/task_manager_msgs/msg/detail/encapsulated_message__rosidl_typesupport_introspection_cpp.hpp
[0.840s] -- Up-to-date: /home/GTL/apaul/ros2_hw1/install/task_manager_msgs/include/task_manager_msgs/task_manager_msgs/msg/detail/task_status__rosidl_typesupport_introspection_cpp.hpp
[0.840s] -- Up-to-date: /home/GTL/apaul/ros2_hw1/install/task_manager_msgs/include/task_manager_msgs/task_manager_msgs/msg/detail/encapsulated_message__type_support.cpp
[0.840s] -- Up-to-date: /home/GTL/apaul/ros2_hw1/install/task_manager_msgs/include/task_manager_msgs/task_manager_msgs/msg/detail/sync_status__type_support.cpp
[0.840s] -- Up-to-date: /home/GTL/apaul/ros2_hw1/install/task_manager_msgs/include/task_manager_msgs/task_manager_msgs/msg/detail/sync_status__rosidl_typesupport_introspection_cpp.hpp
[0.840s] -- Up-to-date: /home/GTL/apaul/ros2_hw1/install/task_manager_msgs/include/task_manager_msgs/task_manager_msgs/msg/detail/task_description__rosidl_typesupport_introspection_cpp.hpp
[0.841s] -- Up-to-date: /home/GTL/apaul/ros2_hw1/install/task_manager_msgs/include/task_manager_msgs/task_manager_msgs/msg/detail/task_config__type_support.cpp
[0.841s] -- Up-to-date: /home/GTL/apaul/ros2_hw1/install/task_manager_msgs/include/task_manager_msgs/task_manager_msgs/msg/detail/task_description__type_support.cpp
[0.841s] -- Up-to-date: /home/GTL/apaul/ros2_hw1/install/task_manager_msgs/include/task_manager_msgs/task_manager_msgs/msg/detail/task_config__rosidl_typesupport_introspection_cpp.hpp
[0.841s] -- Up-to-date: /home/GTL/apaul/ros2_hw1/install/task_manager_msgs/include/task_manager_msgs/task_manager_msgs/msg/detail/task_status__type_support.cpp
[0.842s] -- Up-to-date: /home/GTL/apaul/ros2_hw1/install/task_manager_msgs/include/task_manager_msgs/task_manager_msgs/msg/detail/task_parameter__type_support.cpp
[0.842s] -- Up-to-date: /home/GTL/apaul/ros2_hw1/install/task_manager_msgs/include/task_manager_msgs/task_manager_msgs/srv
[0.842s] -- Up-to-date: /home/GTL/apaul/ros2_hw1/install/task_manager_msgs/include/task_manager_msgs/task_manager_msgs/srv/detail
[0.843s] -- Up-to-date: /home/GTL/apaul/ros2_hw1/install/task_manager_msgs/include/task_manager_msgs/task_manager_msgs/srv/detail/get_all_task_status__rosidl_typesupport_introspection_cpp.hpp
[0.843s] -- Up-to-date: /home/GTL/apaul/ros2_hw1/install/task_manager_msgs/include/task_manager_msgs/task_manager_msgs/srv/detail/start_task__rosidl_typesupport_introspection_cpp.hpp
[0.843s] -- Up-to-date: /home/GTL/apaul/ros2_hw1/install/task_manager_msgs/include/task_manager_msgs/task_manager_msgs/srv/detail/start_task__type_support.cpp
[0.844s] -- Up-to-date: /home/GTL/apaul/ros2_hw1/install/task_manager_msgs/include/task_manager_msgs/task_manager_msgs/srv/detail/get_all_task_status__type_support.cpp
[0.844s] -- Up-to-date: /home/GTL/apaul/ros2_hw1/install/task_manager_msgs/include/task_manager_msgs/task_manager_msgs/srv/detail/stop_task__rosidl_typesupport_introspection_cpp.hpp
[0.844s] -- Up-to-date: /home/GTL/apaul/ros2_hw1/install/task_manager_msgs/include/task_manager_msgs/task_manager_msgs/srv/detail/stop_task__type_support.cpp
[0.844s] -- Up-to-date: /home/GTL/apaul/ros2_hw1/install/task_manager_msgs/include/task_manager_msgs/task_manager_msgs/srv/detail/get_task_list__type_support.cpp
[0.845s] -- Up-to-date: /home/GTL/apaul/ros2_hw1/install/task_manager_msgs/include/task_manager_msgs/task_manager_msgs/srv/detail/get_task_list__rosidl_typesupport_introspection_cpp.hpp
[0.845s] -- Up-to-date: /home/GTL/apaul/ros2_hw1/install/task_manager_msgs/lib/libtask_manager_msgs__rosidl_typesupport_introspection_cpp.so
[0.847s] -- Up-to-date: /home/GTL/apaul/ros2_hw1/install/task_manager_msgs/lib/libtask_manager_msgs__rosidl_typesupport_cpp.so
[0.847s] -- Up-to-date: /home/GTL/apaul/ros2_hw1/install/task_manager_msgs/share/task_manager_msgs/environment/pythonpath.sh
[0.848s] -- Up-to-date: /home/GTL/apaul/ros2_hw1/install/task_manager_msgs/share/task_manager_msgs/environment/pythonpath.dsv
[0.848s] -- Up-to-date: /home/GTL/apaul/ros2_hw1/install/task_manager_msgs/local/lib/python3.10/dist-packages/task_manager_msgs-0.0.0-py3.10.egg-info
[0.848s] -- Installing: /home/GTL/apaul/ros2_hw1/install/task_manager_msgs/local/lib/python3.10/dist-packages/task_manager_msgs-0.0.0-py3.10.egg-info/dependency_links.txt
[0.852s] -- Installing: /home/GTL/apaul/ros2_hw1/install/task_manager_msgs/local/lib/python3.10/dist-packages/task_manager_msgs-0.0.0-py3.10.egg-info/top_level.txt
[0.855s] -- Installing: /home/GTL/apaul/ros2_hw1/install/task_manager_msgs/local/lib/python3.10/dist-packages/task_manager_msgs-0.0.0-py3.10.egg-info/PKG-INFO
[0.858s] -- Installing: /home/GTL/apaul/ros2_hw1/install/task_manager_msgs/local/lib/python3.10/dist-packages/task_manager_msgs-0.0.0-py3.10.egg-info/SOURCES.txt
[0.862s] -- Up-to-date: /home/GTL/apaul/ros2_hw1/install/task_manager_msgs/local/lib/python3.10/dist-packages/task_manager_msgs
[0.862s] -- Up-to-date: /home/GTL/apaul/ros2_hw1/install/task_manager_msgs/local/lib/python3.10/dist-packages/task_manager_msgs/msg
[0.869s] -- Up-to-date: /home/GTL/apaul/ros2_hw1/install/task_manager_msgs/local/lib/python3.10/dist-packages/task_manager_msgs/msg/_encapsulated_message_s.c
[0.870s] -- Up-to-date: /home/GTL/apaul/ros2_hw1/install/task_manager_msgs/local/lib/python3.10/dist-packages/task_manager_msgs/msg/_task_description_s.c
[0.870s] -- Up-to-date: /home/GTL/apaul/ros2_hw1/install/task_manager_msgs/local/lib/python3.10/dist-packages/task_manager_msgs/msg/_task_parameter.py
[0.870s] -- Up-to-date: /home/GTL/apaul/ros2_hw1/install/task_manager_msgs/local/lib/python3.10/dist-packages/task_manager_msgs/msg/_sync_status_s.c
[0.870s] -- Up-to-date: /home/GTL/apaul/ros2_hw1/install/task_manager_msgs/local/lib/python3.10/dist-packages/task_manager_msgs/msg/_task_config.py
[0.870s] -- Up-to-date: /home/GTL/apaul/ros2_hw1/install/task_manager_msgs/local/lib/python3.10/dist-packages/task_manager_msgs/msg/_task_parameter_s.c
[0.870s] -- Up-to-date: /home/GTL/apaul/ros2_hw1/install/task_manager_msgs/local/lib/python3.10/dist-packages/task_manager_msgs/msg/_task_status.py
[0.870s] -- Up-to-date: /home/GTL/apaul/ros2_hw1/install/task_manager_msgs/local/lib/python3.10/dist-packages/task_manager_msgs/msg/_task_description.py
[0.870s] -- Up-to-date: /home/GTL/apaul/ros2_hw1/install/task_manager_msgs/local/lib/python3.10/dist-packages/task_manager_msgs/msg/__init__.py
[0.870s] -- Up-to-date: /home/GTL/apaul/ros2_hw1/install/task_manager_msgs/local/lib/python3.10/dist-packages/task_manager_msgs/msg/_sync_status.py
[0.870s] -- Up-to-date: /home/GTL/apaul/ros2_hw1/install/task_manager_msgs/local/lib/python3.10/dist-packages/task_manager_msgs/msg/_encapsulated_message.py
[0.871s] -- Up-to-date: /home/GTL/apaul/ros2_hw1/install/task_manager_msgs/local/lib/python3.10/dist-packages/task_manager_msgs/msg/_task_config_s.c
[0.871s] -- Up-to-date: /home/GTL/apaul/ros2_hw1/install/task_manager_msgs/local/lib/python3.10/dist-packages/task_manager_msgs/msg/_task_status_s.c
[0.871s] -- Up-to-date: /home/GTL/apaul/ros2_hw1/install/task_manager_msgs/local/lib/python3.10/dist-packages/task_manager_msgs/task_manager_msgs_s__rosidl_typesupport_introspection_c.cpython-310-x86_64-linux-gnu.so
[0.871s] -- Up-to-date: /home/GTL/apaul/ros2_hw1/install/task_manager_msgs/local/lib/python3.10/dist-packages/task_manager_msgs/_task_manager_msgs_s.ep.rosidl_typesupport_introspection_c.c
[0.871s] -- Up-to-date: /home/GTL/apaul/ros2_hw1/install/task_manager_msgs/local/lib/python3.10/dist-packages/task_manager_msgs/__init__.py
[0.871s] -- Up-to-date: /home/GTL/apaul/ros2_hw1/install/task_manager_msgs/local/lib/python3.10/dist-packages/task_manager_msgs/_task_manager_msgs_s.ep.rosidl_typesupport_c.c
[0.871s] -- Up-to-date: /home/GTL/apaul/ros2_hw1/install/task_manager_msgs/local/lib/python3.10/dist-packages/task_manager_msgs/task_manager_msgs_s__rosidl_typesupport_c.cpython-310-x86_64-linux-gnu.so
[0.871s] -- Up-to-date: /home/GTL/apaul/ros2_hw1/install/task_manager_msgs/local/lib/python3.10/dist-packages/task_manager_msgs/srv
[0.871s] -- Up-to-date: /home/GTL/apaul/ros2_hw1/install/task_manager_msgs/local/lib/python3.10/dist-packages/task_manager_msgs/srv/_stop_task_s.c
[0.871s] -- Up-to-date: /home/GTL/apaul/ros2_hw1/install/task_manager_msgs/local/lib/python3.10/dist-packages/task_manager_msgs/srv/_start_task_s.c
[0.871s] -- Up-to-date: /home/GTL/apaul/ros2_hw1/install/task_manager_msgs/local/lib/python3.10/dist-packages/task_manager_msgs/srv/_get_all_task_status_s.c
[0.872s] -- Up-to-date: /home/GTL/apaul/ros2_hw1/install/task_manager_msgs/local/lib/python3.10/dist-packages/task_manager_msgs/srv/_get_task_list.py
[0.872s] -- Up-to-date: /home/GTL/apaul/ros2_hw1/install/task_manager_msgs/local/lib/python3.10/dist-packages/task_manager_msgs/srv/__init__.py
[0.872s] -- Up-to-date: /home/GTL/apaul/ros2_hw1/install/task_manager_msgs/local/lib/python3.10/dist-packages/task_manager_msgs/srv/_get_all_task_status.py
[0.873s] -- Up-to-date: /home/GTL/apaul/ros2_hw1/install/task_manager_msgs/local/lib/python3.10/dist-packages/task_manager_msgs/srv/_stop_task.py
[0.873s] -- Up-to-date: /home/GTL/apaul/ros2_hw1/install/task_manager_msgs/local/lib/python3.10/dist-packages/task_manager_msgs/srv/_get_task_list_s.c
[0.873s] -- Up-to-date: /home/GTL/apaul/ros2_hw1/install/task_manager_msgs/local/lib/python3.10/dist-packages/task_manager_msgs/srv/_start_task.py
[0.873s] -- Up-to-date: /home/GTL/apaul/ros2_hw1/install/task_manager_msgs/local/lib/python3.10/dist-packages/task_manager_msgs/_task_manager_msgs_s.ep.rosidl_typesupport_fastrtps_c.c
[0.873s] -- Up-to-date: /home/GTL/apaul/ros2_hw1/install/task_manager_msgs/local/lib/python3.10/dist-packages/task_manager_msgs/task_manager_msgs_s__rosidl_typesupport_fastrtps_c.cpython-310-x86_64-linux-gnu.so
[0.874s] -- Up-to-date: /home/GTL/apaul/ros2_hw1/install/task_manager_msgs/local/lib/python3.10/dist-packages/task_manager_msgs/libtask_manager_msgs__rosidl_generator_py.so
[0.900s] Listing '/home/GTL/apaul/ros2_hw1/install/task_manager_msgs/local/lib/python3.10/dist-packages/task_manager_msgs'...
[0.900s] Listing '/home/GTL/apaul/ros2_hw1/install/task_manager_msgs/local/lib/python3.10/dist-packages/task_manager_msgs/msg'...
[0.900s] Listing '/home/GTL/apaul/ros2_hw1/install/task_manager_msgs/local/lib/python3.10/dist-packages/task_manager_msgs/srv'...
[0.905s] -- Up-to-date: /home/GTL/apaul/ros2_hw1/install/task_manager_msgs/local/lib/python3.10/dist-packages/task_manager_msgs/task_manager_msgs_s__rosidl_typesupport_fastrtps_c.cpython-310-x86_64-linux-gnu.so
[0.906s] -- Up-to-date: /home/GTL/apaul/ros2_hw1/install/task_manager_msgs/local/lib/python3.10/dist-packages/task_manager_msgs/task_manager_msgs_s__rosidl_typesupport_introspection_c.cpython-310-x86_64-linux-gnu.so
[0.909s] -- Up-to-date: /home/GTL/apaul/ros2_hw1/install/task_manager_msgs/local/lib/python3.10/dist-packages/task_manager_msgs/task_manager_msgs_s__rosidl_typesupport_c.cpython-310-x86_64-linux-gnu.so
[0.910s] -- Up-to-date: /home/GTL/apaul/ros2_hw1/install/task_manager_msgs/lib/libtask_manager_msgs__rosidl_generator_py.so
[0.911s] -- Up-to-date: /home/GTL/apaul/ros2_hw1/install/task_manager_msgs/share/task_manager_msgs/srv/GetAllTaskStatus.idl
[0.911s] -- Up-to-date: /home/GTL/apaul/ros2_hw1/install/task_manager_msgs/share/task_manager_msgs/srv/StartTask.idl
[0.911s] -- Up-to-date: /home/GTL/apaul/ros2_hw1/install/task_manager_msgs/share/task_manager_msgs/srv/StopTask.idl
[0.911s] -- Up-to-date: /home/GTL/apaul/ros2_hw1/install/task_manager_msgs/share/task_manager_msgs/srv/GetTaskList.idl
[0.912s] -- Up-to-date: /home/GTL/apaul/ros2_hw1/install/task_manager_msgs/share/task_manager_msgs/msg/TaskDescription.idl
[0.912s] -- Up-to-date: /home/GTL/apaul/ros2_hw1/install/task_manager_msgs/share/task_manager_msgs/msg/TaskParameter.idl
[0.912s] -- Up-to-date: /home/GTL/apaul/ros2_hw1/install/task_manager_msgs/share/task_manager_msgs/msg/TaskStatus.idl
[0.912s] -- Up-to-date: /home/GTL/apaul/ros2_hw1/install/task_manager_msgs/share/task_manager_msgs/msg/TaskConfig.idl
[0.913s] -- Up-to-date: /home/GTL/apaul/ros2_hw1/install/task_manager_msgs/share/task_manager_msgs/msg/SyncStatus.idl
[0.913s] -- Up-to-date: /home/GTL/apaul/ros2_hw1/install/task_manager_msgs/share/task_manager_msgs/msg/EncapsulatedMessage.idl
[0.913s] -- Up-to-date: /home/GTL/apaul/ros2_hw1/install/task_manager_msgs/share/task_manager_msgs/srv/GetAllTaskStatus.srv
[0.913s] -- Up-to-date: /home/GTL/apaul/ros2_hw1/install/task_manager_msgs/share/task_manager_msgs/srv/GetAllTaskStatus_Request.msg
[0.914s] -- Up-to-date: /home/GTL/apaul/ros2_hw1/install/task_manager_msgs/share/task_manager_msgs/srv/GetAllTaskStatus_Response.msg
[0.914s] -- Up-to-date: /home/GTL/apaul/ros2_hw1/install/task_manager_msgs/share/task_manager_msgs/srv/StartTask.srv
[0.914s] -- Up-to-date: /home/GTL/apaul/ros2_hw1/install/task_manager_msgs/share/task_manager_msgs/srv/StartTask_Request.msg
[0.914s] -- Up-to-date: /home/GTL/apaul/ros2_hw1/install/task_manager_msgs/share/task_manager_msgs/srv/StartTask_Response.msg
[0.915s] -- Up-to-date: /home/GTL/apaul/ros2_hw1/install/task_manager_msgs/share/task_manager_msgs/srv/StopTask.srv
[0.915s] -- Up-to-date: /home/GTL/apaul/ros2_hw1/install/task_manager_msgs/share/task_manager_msgs/srv/StopTask_Request.msg
[0.915s] -- Up-to-date: /home/GTL/apaul/ros2_hw1/install/task_manager_msgs/share/task_manager_msgs/srv/StopTask_Response.msg
[0.916s] -- Up-to-date: /home/GTL/apaul/ros2_hw1/install/task_manager_msgs/share/task_manager_msgs/srv/GetTaskList.srv
[0.916s] -- Up-to-date: /home/GTL/apaul/ros2_hw1/install/task_manager_msgs/share/task_manager_msgs/srv/GetTaskList_Request.msg
[0.916s] -- Up-to-date: /home/GTL/apaul/ros2_hw1/install/task_manager_msgs/share/task_manager_msgs/srv/GetTaskList_Response.msg
[0.916s] -- Up-to-date: /home/GTL/apaul/ros2_hw1/install/task_manager_msgs/share/task_manager_msgs/msg/TaskDescription.msg
[0.916s] -- Up-to-date: /home/GTL/apaul/ros2_hw1/install/task_manager_msgs/share/task_manager_msgs/msg/TaskParameter.msg
[0.917s] -- Up-to-date: /home/GTL/apaul/ros2_hw1/install/task_manager_msgs/share/task_manager_msgs/msg/TaskStatus.msg
[0.917s] -- Up-to-date: /home/GTL/apaul/ros2_hw1/install/task_manager_msgs/share/task_manager_msgs/msg/TaskConfig.msg
[0.917s] -- Up-to-date: /home/GTL/apaul/ros2_hw1/install/task_manager_msgs/share/task_manager_msgs/msg/SyncStatus.msg
[0.917s] -- Up-to-date: /home/GTL/apaul/ros2_hw1/install/task_manager_msgs/share/task_manager_msgs/msg/EncapsulatedMessage.msg
[0.918s] -- Up-to-date: /home/GTL/apaul/ros2_hw1/install/task_manager_msgs/lib/task_manager_msgs/task_manager_msgs_encapsulate
[0.919s] -- Up-to-date: /home/GTL/apaul/ros2_hw1/install/task_manager_msgs/share/ament_index/resource_index/package_run_dependencies/task_manager_msgs
[0.919s] -- Up-to-date: /home/GTL/apaul/ros2_hw1/install/task_manager_msgs/share/ament_index/resource_index/parent_prefix_path/task_manager_msgs
[0.919s] -- Up-to-date: /home/GTL/apaul/ros2_hw1/install/task_manager_msgs/share/task_manager_msgs/environment/ament_prefix_path.sh
[0.920s] -- Up-to-date: /home/GTL/apaul/ros2_hw1/install/task_manager_msgs/share/task_manager_msgs/environment/ament_prefix_path.dsv
[0.920s] -- Up-to-date: /home/GTL/apaul/ros2_hw1/install/task_manager_msgs/share/task_manager_msgs/environment/path.sh
[0.920s] -- Up-to-date: /home/GTL/apaul/ros2_hw1/install/task_manager_msgs/share/task_manager_msgs/environment/path.dsv
[0.920s] -- Up-to-date: /home/GTL/apaul/ros2_hw1/install/task_manager_msgs/share/task_manager_msgs/local_setup.bash
[0.921s] -- Up-to-date: /home/GTL/apaul/ros2_hw1/install/task_manager_msgs/share/task_manager_msgs/local_setup.sh
[0.921s] -- Up-to-date: /home/GTL/apaul/ros2_hw1/install/task_manager_msgs/share/task_manager_msgs/local_setup.zsh
[0.921s] -- Up-to-date: /home/GTL/apaul/ros2_hw1/install/task_manager_msgs/share/task_manager_msgs/local_setup.dsv
[0.921s] -- Installing: /home/GTL/apaul/ros2_hw1/install/task_manager_msgs/share/task_manager_msgs/package.dsv
[0.925s] -- Up-to-date: /home/GTL/apaul/ros2_hw1/install/task_manager_msgs/share/ament_index/resource_index/packages/task_manager_msgs
[0.926s] -- Up-to-date: /home/GTL/apaul/ros2_hw1/install/task_manager_msgs/share/task_manager_msgs/cmake/export_task_manager_msgs__rosidl_generator_cExport.cmake
[0.926s] -- Up-to-date: /home/GTL/apaul/ros2_hw1/install/task_manager_msgs/share/task_manager_msgs/cmake/export_task_manager_msgs__rosidl_generator_cExport-noconfig.cmake
[0.927s] -- Up-to-date: /home/GTL/apaul/ros2_hw1/install/task_manager_msgs/share/task_manager_msgs/cmake/export_task_manager_msgs__rosidl_typesupport_fastrtps_cExport.cmake
[0.928s] -- Up-to-date: /home/GTL/apaul/ros2_hw1/install/task_manager_msgs/share/task_manager_msgs/cmake/export_task_manager_msgs__rosidl_typesupport_fastrtps_cExport-noconfig.cmake
[0.929s] -- Up-to-date: /home/GTL/apaul/ros2_hw1/install/task_manager_msgs/share/task_manager_msgs/cmake/export_task_manager_msgs__rosidl_generator_cppExport.cmake
[0.930s] -- Up-to-date: /home/GTL/apaul/ros2_hw1/install/task_manager_msgs/share/task_manager_msgs/cmake/export_task_manager_msgs__rosidl_typesupport_fastrtps_cppExport.cmake
[0.930s] -- Up-to-date: /home/GTL/apaul/ros2_hw1/install/task_manager_msgs/share/task_manager_msgs/cmake/export_task_manager_msgs__rosidl_typesupport_fastrtps_cppExport-noconfig.cmake
[0.931s] -- Up-to-date: /home/GTL/apaul/ros2_hw1/install/task_manager_msgs/share/task_manager_msgs/cmake/task_manager_msgs__rosidl_typesupport_introspection_cExport.cmake
[0.932s] -- Up-to-date: /home/GTL/apaul/ros2_hw1/install/task_manager_msgs/share/task_manager_msgs/cmake/task_manager_msgs__rosidl_typesupport_introspection_cExport-noconfig.cmake
[0.933s] -- Up-to-date: /home/GTL/apaul/ros2_hw1/install/task_manager_msgs/share/task_manager_msgs/cmake/task_manager_msgs__rosidl_typesupport_cExport.cmake
[0.938s] -- Up-to-date: /home/GTL/apaul/ros2_hw1/install/task_manager_msgs/share/task_manager_msgs/cmake/task_manager_msgs__rosidl_typesupport_cExport-noconfig.cmake
[0.938s] -- Up-to-date: /home/GTL/apaul/ros2_hw1/install/task_manager_msgs/share/task_manager_msgs/cmake/task_manager_msgs__rosidl_typesupport_introspection_cppExport.cmake
[0.938s] -- Up-to-date: /home/GTL/apaul/ros2_hw1/install/task_manager_msgs/share/task_manager_msgs/cmake/task_manager_msgs__rosidl_typesupport_introspection_cppExport-noconfig.cmake
[0.938s] -- Up-to-date: /home/GTL/apaul/ros2_hw1/install/task_manager_msgs/share/task_manager_msgs/cmake/task_manager_msgs__rosidl_typesupport_cppExport.cmake
[0.939s] -- Up-to-date: /home/GTL/apaul/ros2_hw1/install/task_manager_msgs/share/task_manager_msgs/cmake/task_manager_msgs__rosidl_typesupport_cppExport-noconfig.cmake
[0.939s] -- Up-to-date: /home/GTL/apaul/ros2_hw1/install/task_manager_msgs/share/task_manager_msgs/cmake/export_task_manager_msgs__rosidl_generator_pyExport.cmake
[0.939s] -- Up-to-date: /home/GTL/apaul/ros2_hw1/install/task_manager_msgs/share/task_manager_msgs/cmake/export_task_manager_msgs__rosidl_generator_pyExport-noconfig.cmake
[0.940s] -- Up-to-date: /home/GTL/apaul/ros2_hw1/install/task_manager_msgs/share/task_manager_msgs/cmake/rosidl_cmake-extras.cmake
[0.940s] -- Up-to-date: /home/GTL/apaul/ros2_hw1/install/task_manager_msgs/share/task_manager_msgs/cmake/ament_cmake_export_dependencies-extras.cmake
[0.940s] -- Up-to-date: /home/GTL/apaul/ros2_hw1/install/task_manager_msgs/share/task_manager_msgs/cmake/ament_cmake_export_include_directories-extras.cmake
[0.940s] -- Up-to-date: /home/GTL/apaul/ros2_hw1/install/task_manager_msgs/share/task_manager_msgs/cmake/ament_cmake_export_libraries-extras.cmake
[0.941s] -- Up-to-date: /home/GTL/apaul/ros2_hw1/install/task_manager_msgs/share/task_manager_msgs/cmake/ament_cmake_export_targets-extras.cmake
[0.941s] -- Up-to-date: /home/GTL/apaul/ros2_hw1/install/task_manager_msgs/share/task_manager_msgs/cmake/rosidl_cmake_export_typesupport_targets-extras.cmake
[0.941s] -- Up-to-date: /home/GTL/apaul/ros2_hw1/install/task_manager_msgs/share/task_manager_msgs/cmake/rosidl_cmake_export_typesupport_libraries-extras.cmake
[0.942s] -- Up-to-date: /home/GTL/apaul/ros2_hw1/install/task_manager_msgs/share/task_manager_msgs/cmake/task_manager_msgsConfig.cmake
[0.942s] -- Up-to-date: /home/GTL/apaul/ros2_hw1/install/task_manager_msgs/share/task_manager_msgs/cmake/task_manager_msgsConfig-version.cmake
[0.942s] -- Up-to-date: /home/GTL/apaul/ros2_hw1/install/task_manager_msgs/share/task_manager_msgs/package.xml
[1.003s] Invoked command in '/home/GTL/apaul/ros2_hw1/build/task_manager_msgs' returned '0': CMAKE_PREFIX_PATH=/opt/ros/humble /usr/bin/cmake --install /home/GTL/apaul/ros2_hw1/build/task_manager_msgs
