[1.525s] Invoking command in '/home/GTL/apaul/ros2_hw1/src/rover_driver_base': PYTHONPATH=/home/GTL/apaul/ros2_hw1/build/rover_driver_base/prefix_override:/usr/lib/python3/dist-packages/colcon_core/task/python/colcon_distutils_commands:/home/GTL/apaul/ros2_hw1/install/rover_driver_base/lib/python3.10/site-packages:${PYTHONPATH} /usr/bin/python3 -W ignore:setup.py install is deprecated setup.py egg_info --egg-base ../../build/rover_driver_base build --build-base /home/GTL/apaul/ros2_hw1/build/rover_driver_base/build install --record /home/GTL/apaul/ros2_hw1/build/rover_driver_base/install.log --single-version-externally-managed install_data
[1.729s] running egg_info
[1.730s] writing ../../build/rover_driver_base/rover_driver_base.egg-info/PKG-INFO
[1.730s] writing dependency_links to ../../build/rover_driver_base/rover_driver_base.egg-info/dependency_links.txt
[1.731s] writing entry points to ../../build/rover_driver_base/rover_driver_base.egg-info/entry_points.txt
[1.732s] writing requirements to ../../build/rover_driver_base/rover_driver_base.egg-info/requires.txt
[1.732s] writing top-level names to ../../build/rover_driver_base/rover_driver_base.egg-info/top_level.txt
[1.735s] reading manifest file '../../build/rover_driver_base/rover_driver_base.egg-info/SOURCES.txt'
[1.737s] writing manifest file '../../build/rover_driver_base/rover_driver_base.egg-info/SOURCES.txt'
[1.737s] running build
[1.737s] running build_py
[1.738s] running install
[1.738s] running install_lib
[1.739s] running install_data
[1.739s] running install_egg_info
[1.741s] removing '/home/GTL/apaul/ros2_hw1/install/rover_driver_base/lib/python3.10/site-packages/rover_driver_base-0.0.0-py3.10.egg-info' (and everything under it)
[1.743s] Copying ../../build/rover_driver_base/rover_driver_base.egg-info to /home/GTL/apaul/ros2_hw1/install/rover_driver_base/lib/python3.10/site-packages/rover_driver_base-0.0.0-py3.10.egg-info
[1.760s] running install_scripts
[1.788s] Installing rover_command_node script to /home/GTL/apaul/ros2_hw1/install/rover_driver_base/lib/rover_driver_base
[1.791s] Installing rover_odom_node script to /home/GTL/apaul/ros2_hw1/install/rover_driver_base/lib/rover_driver_base
[1.794s] writing list of installed files to '/home/GTL/apaul/ros2_hw1/build/rover_driver_base/install.log'
[1.942s] Invoked command in '/home/GTL/apaul/ros2_hw1/src/rover_driver_base' returned '0': PYTHONPATH=/home/GTL/apaul/ros2_hw1/build/rover_driver_base/prefix_override:/usr/lib/python3/dist-packages/colcon_core/task/python/colcon_distutils_commands:/home/GTL/apaul/ros2_hw1/install/rover_driver_base/lib/python3.10/site-packages:${PYTHONPATH} /usr/bin/python3 -W ignore:setup.py install is deprecated setup.py egg_info --egg-base ../../build/rover_driver_base build --build-base /home/GTL/apaul/ros2_hw1/build/rover_driver_base/build install --record /home/GTL/apaul/ros2_hw1/build/rover_driver_base/install.log --single-version-externally-managed install_data
