[1.074s] Invoking command in '/home/GTL/apaul/ros2_hw1/src/face_detect_base': PYTHONPATH=/home/GTL/apaul/ros2_hw1/build/face_detect_base/prefix_override:/usr/lib/python3/dist-packages/colcon_core/task/python/colcon_distutils_commands:/home/GTL/apaul/ros2_hw1/install/face_detect_base/lib/python3.10/site-packages:${PYTHONPATH} /usr/bin/python3 -W ignore:setup.py install is deprecated setup.py egg_info --egg-base ../../build/face_detect_base build --build-base /home/GTL/apaul/ros2_hw1/build/face_detect_base/build install --record /home/GTL/apaul/ros2_hw1/build/face_detect_base/install.log --single-version-externally-managed install_data
[1.251s] running egg_info
[1.252s] writing ../../build/face_detect_base/face_detect_base.egg-info/PKG-INFO
[1.253s] writing dependency_links to ../../build/face_detect_base/face_detect_base.egg-info/dependency_links.txt
[1.254s] writing entry points to ../../build/face_detect_base/face_detect_base.egg-info/entry_points.txt
[1.255s] writing requirements to ../../build/face_detect_base/face_detect_base.egg-info/requires.txt
[1.256s] writing top-level names to ../../build/face_detect_base/face_detect_base.egg-info/top_level.txt
[1.260s] reading manifest file '../../build/face_detect_base/face_detect_base.egg-info/SOURCES.txt'
[1.261s] writing manifest file '../../build/face_detect_base/face_detect_base.egg-info/SOURCES.txt'
[1.262s] running build
[1.262s] running build_py
[1.263s] copying face_detect_base/face_detect_node.py -> /home/GTL/apaul/ros2_hw1/build/face_detect_base/build/lib/face_detect_base
[1.266s] running install
[1.266s] running install_lib
[1.268s] copying /home/GTL/apaul/ros2_hw1/build/face_detect_base/build/lib/face_detect_base/face_detect_node.py -> /home/GTL/apaul/ros2_hw1/install/face_detect_base/lib/python3.10/site-packages/face_detect_base
[1.271s] byte-compiling /home/GTL/apaul/ros2_hw1/install/face_detect_base/lib/python3.10/site-packages/face_detect_base/face_detect_node.py to face_detect_node.cpython-310.pyc
[1.292s] running install_data
[1.293s] running install_egg_info
[1.295s] removing '/home/GTL/apaul/ros2_hw1/install/face_detect_base/lib/python3.10/site-packages/face_detect_base-0.0.0-py3.10.egg-info' (and everything under it)
[1.298s] Copying ../../build/face_detect_base/face_detect_base.egg-info to /home/GTL/apaul/ros2_hw1/install/face_detect_base/lib/python3.10/site-packages/face_detect_base-0.0.0-py3.10.egg-info
[1.318s] running install_scripts
[1.333s] Installing face_detect_node script to /home/GTL/apaul/ros2_hw1/install/face_detect_base/lib/face_detect_base
[1.335s] writing list of installed files to '/home/GTL/apaul/ros2_hw1/build/face_detect_base/install.log'
[1.364s] Invoked command in '/home/GTL/apaul/ros2_hw1/src/face_detect_base' returned '0': PYTHONPATH=/home/GTL/apaul/ros2_hw1/build/face_detect_base/prefix_override:/usr/lib/python3/dist-packages/colcon_core/task/python/colcon_distutils_commands:/home/GTL/apaul/ros2_hw1/install/face_detect_base/lib/python3.10/site-packages:${PYTHONPATH} /usr/bin/python3 -W ignore:setup.py install is deprecated setup.py egg_info --egg-base ../../build/face_detect_base build --build-base /home/GTL/apaul/ros2_hw1/build/face_detect_base/build install --record /home/GTL/apaul/ros2_hw1/build/face_detect_base/install.log --single-version-externally-managed install_data
