[1.028s] Invoking command in '/home/GTL/apaul/ros2_hw1/src/ros_task_manager/src/button_server': PYTHONPATH=/home/GTL/apaul/ros2_hw1/build/button_server/prefix_override:/usr/lib/python3/dist-packages/colcon_core/task/python/colcon_distutils_commands:/home/GTL/apaul/ros2_hw1/install/button_server/lib/python3.10/site-packages:${PYTHONPATH} /usr/bin/python3 -W ignore:setup.py install is deprecated setup.py egg_info --egg-base ../../../../build/button_server build --build-base /home/GTL/apaul/ros2_hw1/build/button_server/build install --record /home/GTL/apaul/ros2_hw1/build/button_server/install.log --single-version-externally-managed install_data
[1.209s] running egg_info
[1.210s] writing ../../../../build/button_server/button_server.egg-info/PKG-INFO
[1.212s] writing dependency_links to ../../../../build/button_server/button_server.egg-info/dependency_links.txt
[1.214s] writing entry points to ../../../../build/button_server/button_server.egg-info/entry_points.txt
[1.215s] writing requirements to ../../../../build/button_server/button_server.egg-info/requires.txt
[1.216s] writing top-level names to ../../../../build/button_server/button_server.egg-info/top_level.txt
[1.228s] reading manifest file '../../../../build/button_server/button_server.egg-info/SOURCES.txt'
[1.230s] writing manifest file '../../../../build/button_server/button_server.egg-info/SOURCES.txt'
[1.230s] running build
[1.230s] running build_py
[1.233s] running build_scripts
[1.233s] running install
[1.233s] running install_lib
[1.239s] running install_data
[1.242s] running install_egg_info
[1.243s] removing '/home/GTL/apaul/ros2_hw1/install/button_server/lib/python3.10/site-packages/button_server-0.0.0-py3.10.egg-info' (and everything under it)
[1.248s] Copying ../../../../build/button_server/button_server.egg-info to /home/GTL/apaul/ros2_hw1/install/button_server/lib/python3.10/site-packages/button_server-0.0.0-py3.10.egg-info
[1.269s] running install_scripts
[1.282s] changing mode of /home/GTL/apaul/ros2_hw1/install/button_server/lib/button_server/button_server_node to 775
[1.283s] writing list of installed files to '/home/GTL/apaul/ros2_hw1/build/button_server/install.log'
[1.371s] Invoked command in '/home/GTL/apaul/ros2_hw1/src/ros_task_manager/src/button_server' returned '0': PYTHONPATH=/home/GTL/apaul/ros2_hw1/build/button_server/prefix_override:/usr/lib/python3/dist-packages/colcon_core/task/python/colcon_distutils_commands:/home/GTL/apaul/ros2_hw1/install/button_server/lib/python3.10/site-packages:${PYTHONPATH} /usr/bin/python3 -W ignore:setup.py install is deprecated setup.py egg_info --egg-base ../../../../build/button_server build --build-base /home/GTL/apaul/ros2_hw1/build/button_server/build install --record /home/GTL/apaul/ros2_hw1/build/button_server/install.log --single-version-externally-managed install_data
