[0.112s] Invoking command in '/home/GTL/apaul/ros2_hw1/build/cs7630_msgs': CMAKE_PREFIX_PATH=/opt/ros/humble /usr/bin/cmake --build /home/GTL/apaul/ros2_hw1/build/cs7630_msgs -- -j16 -l16
[0.968s] [  2%] Built target cs7630_msgs__cpp
[0.968s] [ 12%] Built target cs7630_msgs__rosidl_generator_c
[0.968s] [ 55%] Built target cs7630_msgs__rosidl_typesupport_fastrtps_cpp
[0.968s] [ 44%] Built target cs7630_msgs__rosidl_typesupport_cpp
[0.968s] [ 55%] Built target cs7630_msgs__rosidl_typesupport_introspection_cpp
[0.968s] [ 74%] Built target cs7630_msgs__rosidl_typesupport_c
[0.968s] [ 76%] Built target cs7630_msgs__rosidl_typesupport_fastrtps_c
[0.968s] [ 76%] Built target cs7630_msgs__rosidl_typesupport_introspection_c
[0.968s] [ 76%] Built target ament_cmake_python_copy_cs7630_msgs
[0.968s] [ 76%] Built target cs7630_msgs
[0.968s] [ 78%] Built target cs7630_msgs__py
[0.969s] [ 87%] Built target cs7630_msgs__rosidl_generator_py
[0.969s] [100%] Built target cs7630_msgs__rosidl_typesupport_fastrtps_c__pyext
[0.969s] [100%] Built target cs7630_msgs__rosidl_typesupport_introspection_c__pyext
[0.969s] [100%] Built target cs7630_msgs__rosidl_typesupport_c__pyext
[0.969s] running egg_info
[0.969s] writing cs7630_msgs.egg-info/PKG-INFO
[0.969s] writing dependency_links to cs7630_msgs.egg-info/dependency_links.txt
[0.969s] writing top-level names to cs7630_msgs.egg-info/top_level.txt
[0.969s] reading manifest file 'cs7630_msgs.egg-info/SOURCES.txt'
[0.969s] writing manifest file 'cs7630_msgs.egg-info/SOURCES.txt'
[0.969s] [100%] Built target ament_cmake_python_build_cs7630_msgs_egg
[1.166s] Invoked command in '/home/GTL/apaul/ros2_hw1/build/cs7630_msgs' returned '0': CMAKE_PREFIX_PATH=/opt/ros/humble /usr/bin/cmake --build /home/GTL/apaul/ros2_hw1/build/cs7630_msgs -- -j16 -l16
[1.231s] Invoking command in '/home/GTL/apaul/ros2_hw1/build/cs7630_msgs': CMAKE_PREFIX_PATH=/opt/ros/humble /usr/bin/cmake --install /home/GTL/apaul/ros2_hw1/build/cs7630_msgs
[1.249s] -- Install configuration: ""
[1.249s] -- Up-to-date: /home/GTL/apaul/ros2_hw1/install/cs7630_msgs/share/ament_index/resource_index/rosidl_interfaces/cs7630_msgs
[1.249s] -- Up-to-date: /home/GTL/apaul/ros2_hw1/install/cs7630_msgs/include/cs7630_msgs/cs7630_msgs
[1.249s] -- Up-to-date: /home/GTL/apaul/ros2_hw1/install/cs7630_msgs/include/cs7630_msgs/cs7630_msgs/msg
[1.249s] -- Up-to-date: /home/GTL/apaul/ros2_hw1/install/cs7630_msgs/include/cs7630_msgs/cs7630_msgs/msg/trajectory.h
[1.250s] -- Up-to-date: /home/GTL/apaul/ros2_hw1/install/cs7630_msgs/include/cs7630_msgs/cs7630_msgs/msg/roi_array.h
[1.250s] -- Up-to-date: /home/GTL/apaul/ros2_hw1/install/cs7630_msgs/include/cs7630_msgs/cs7630_msgs/msg/detail
[1.250s] -- Up-to-date: /home/GTL/apaul/ros2_hw1/install/cs7630_msgs/include/cs7630_msgs/cs7630_msgs/msg/detail/trajectory_element__functions.h
[1.250s] -- Up-to-date: /home/GTL/apaul/ros2_hw1/install/cs7630_msgs/include/cs7630_msgs/cs7630_msgs/msg/detail/trajectory_element__functions.c
[1.250s] -- Up-to-date: /home/GTL/apaul/ros2_hw1/install/cs7630_msgs/include/cs7630_msgs/cs7630_msgs/msg/detail/trajectory__struct.h
[1.250s] -- Up-to-date: /home/GTL/apaul/ros2_hw1/install/cs7630_msgs/include/cs7630_msgs/cs7630_msgs/msg/detail/roi_array__type_support.h
[1.250s] -- Up-to-date: /home/GTL/apaul/ros2_hw1/install/cs7630_msgs/include/cs7630_msgs/cs7630_msgs/msg/detail/trajectory__functions.c
[1.251s] -- Up-to-date: /home/GTL/apaul/ros2_hw1/install/cs7630_msgs/include/cs7630_msgs/cs7630_msgs/msg/detail/trajectory_element__type_support.h
[1.251s] -- Up-to-date: /home/GTL/apaul/ros2_hw1/install/cs7630_msgs/include/cs7630_msgs/cs7630_msgs/msg/detail/trajectory__functions.h
[1.251s] -- Up-to-date: /home/GTL/apaul/ros2_hw1/install/cs7630_msgs/include/cs7630_msgs/cs7630_msgs/msg/detail/roi_array__functions.c
[1.252s] -- Up-to-date: /home/GTL/apaul/ros2_hw1/install/cs7630_msgs/include/cs7630_msgs/cs7630_msgs/msg/detail/trajectory__type_support.h
[1.252s] -- Up-to-date: /home/GTL/apaul/ros2_hw1/install/cs7630_msgs/include/cs7630_msgs/cs7630_msgs/msg/detail/roi_array__functions.h
[1.252s] -- Up-to-date: /home/GTL/apaul/ros2_hw1/install/cs7630_msgs/include/cs7630_msgs/cs7630_msgs/msg/detail/roi_array__struct.h
[1.253s] -- Up-to-date: /home/GTL/apaul/ros2_hw1/install/cs7630_msgs/include/cs7630_msgs/cs7630_msgs/msg/detail/trajectory_element__struct.h
[1.253s] -- Up-to-date: /home/GTL/apaul/ros2_hw1/install/cs7630_msgs/include/cs7630_msgs/cs7630_msgs/msg/rosidl_generator_c__visibility_control.h
[1.254s] -- Up-to-date: /home/GTL/apaul/ros2_hw1/install/cs7630_msgs/include/cs7630_msgs/cs7630_msgs/msg/trajectory_element.h
[1.256s] -- Up-to-date: /home/GTL/apaul/ros2_hw1/install/cs7630_msgs/share/cs7630_msgs/environment/library_path.sh
[1.256s] -- Up-to-date: /home/GTL/apaul/ros2_hw1/install/cs7630_msgs/share/cs7630_msgs/environment/library_path.dsv
[1.258s] -- Up-to-date: /home/GTL/apaul/ros2_hw1/install/cs7630_msgs/lib/libcs7630_msgs__rosidl_generator_c.so
[1.261s] -- Up-to-date: /home/GTL/apaul/ros2_hw1/install/cs7630_msgs/include/cs7630_msgs/cs7630_msgs
[1.262s] -- Up-to-date: /home/GTL/apaul/ros2_hw1/install/cs7630_msgs/include/cs7630_msgs/cs7630_msgs/msg
[1.263s] -- Up-to-date: /home/GTL/apaul/ros2_hw1/install/cs7630_msgs/include/cs7630_msgs/cs7630_msgs/msg/detail
[1.265s] -- Up-to-date: /home/GTL/apaul/ros2_hw1/install/cs7630_msgs/include/cs7630_msgs/cs7630_msgs/msg/detail/trajectory_element__rosidl_typesupport_fastrtps_c.h
[1.265s] -- Up-to-date: /home/GTL/apaul/ros2_hw1/install/cs7630_msgs/include/cs7630_msgs/cs7630_msgs/msg/detail/trajectory__rosidl_typesupport_fastrtps_c.h
[1.266s] -- Up-to-date: /home/GTL/apaul/ros2_hw1/install/cs7630_msgs/include/cs7630_msgs/cs7630_msgs/msg/detail/roi_array__rosidl_typesupport_fastrtps_c.h
[1.266s] -- Up-to-date: /home/GTL/apaul/ros2_hw1/install/cs7630_msgs/include/cs7630_msgs/cs7630_msgs/msg/rosidl_typesupport_fastrtps_c__visibility_control.h
[1.268s] -- Up-to-date: /home/GTL/apaul/ros2_hw1/install/cs7630_msgs/lib/libcs7630_msgs__rosidl_typesupport_fastrtps_c.so
[1.270s] -- Up-to-date: /home/GTL/apaul/ros2_hw1/install/cs7630_msgs/include/cs7630_msgs/cs7630_msgs
[1.271s] -- Up-to-date: /home/GTL/apaul/ros2_hw1/install/cs7630_msgs/include/cs7630_msgs/cs7630_msgs/msg
[1.273s] -- Up-to-date: /home/GTL/apaul/ros2_hw1/install/cs7630_msgs/include/cs7630_msgs/cs7630_msgs/msg/detail
[1.274s] -- Up-to-date: /home/GTL/apaul/ros2_hw1/install/cs7630_msgs/include/cs7630_msgs/cs7630_msgs/msg/detail/trajectory_element__struct.hpp
[1.275s] -- Up-to-date: /home/GTL/apaul/ros2_hw1/install/cs7630_msgs/include/cs7630_msgs/cs7630_msgs/msg/detail/trajectory_element__traits.hpp
[1.275s] -- Up-to-date: /home/GTL/apaul/ros2_hw1/install/cs7630_msgs/include/cs7630_msgs/cs7630_msgs/msg/detail/trajectory__builder.hpp
[1.276s] -- Up-to-date: /home/GTL/apaul/ros2_hw1/install/cs7630_msgs/include/cs7630_msgs/cs7630_msgs/msg/detail/roi_array__struct.hpp
[1.277s] -- Up-to-date: /home/GTL/apaul/ros2_hw1/install/cs7630_msgs/include/cs7630_msgs/cs7630_msgs/msg/detail/trajectory_element__builder.hpp
[1.277s] -- Up-to-date: /home/GTL/apaul/ros2_hw1/install/cs7630_msgs/include/cs7630_msgs/cs7630_msgs/msg/detail/roi_array__builder.hpp
[1.279s] -- Up-to-date: /home/GTL/apaul/ros2_hw1/install/cs7630_msgs/include/cs7630_msgs/cs7630_msgs/msg/detail/trajectory__struct.hpp
[1.280s] -- Up-to-date: /home/GTL/apaul/ros2_hw1/install/cs7630_msgs/include/cs7630_msgs/cs7630_msgs/msg/detail/trajectory__traits.hpp
[1.280s] -- Up-to-date: /home/GTL/apaul/ros2_hw1/install/cs7630_msgs/include/cs7630_msgs/cs7630_msgs/msg/detail/roi_array__traits.hpp
[1.280s] -- Up-to-date: /home/GTL/apaul/ros2_hw1/install/cs7630_msgs/include/cs7630_msgs/cs7630_msgs/msg/roi_array.hpp
[1.281s] -- Up-to-date: /home/GTL/apaul/ros2_hw1/install/cs7630_msgs/include/cs7630_msgs/cs7630_msgs/msg/trajectory.hpp
[1.281s] -- Up-to-date: /home/GTL/apaul/ros2_hw1/install/cs7630_msgs/include/cs7630_msgs/cs7630_msgs/msg/trajectory_element.hpp
[1.281s] -- Up-to-date: /home/GTL/apaul/ros2_hw1/install/cs7630_msgs/include/cs7630_msgs/cs7630_msgs
[1.283s] -- Up-to-date: /home/GTL/apaul/ros2_hw1/install/cs7630_msgs/include/cs7630_msgs/cs7630_msgs/msg
[1.284s] -- Up-to-date: /home/GTL/apaul/ros2_hw1/install/cs7630_msgs/include/cs7630_msgs/cs7630_msgs/msg/detail
[1.285s] -- Up-to-date: /home/GTL/apaul/ros2_hw1/install/cs7630_msgs/include/cs7630_msgs/cs7630_msgs/msg/detail/roi_array__rosidl_typesupport_fastrtps_cpp.hpp
[1.286s] -- Up-to-date: /home/GTL/apaul/ros2_hw1/install/cs7630_msgs/include/cs7630_msgs/cs7630_msgs/msg/detail/dds_fastrtps
[1.287s] -- Up-to-date: /home/GTL/apaul/ros2_hw1/install/cs7630_msgs/include/cs7630_msgs/cs7630_msgs/msg/detail/trajectory_element__rosidl_typesupport_fastrtps_cpp.hpp
[1.288s] -- Up-to-date: /home/GTL/apaul/ros2_hw1/install/cs7630_msgs/include/cs7630_msgs/cs7630_msgs/msg/detail/trajectory__rosidl_typesupport_fastrtps_cpp.hpp
[1.288s] -- Up-to-date: /home/GTL/apaul/ros2_hw1/install/cs7630_msgs/include/cs7630_msgs/cs7630_msgs/msg/rosidl_typesupport_fastrtps_cpp__visibility_control.h
[1.289s] -- Up-to-date: /home/GTL/apaul/ros2_hw1/install/cs7630_msgs/lib/libcs7630_msgs__rosidl_typesupport_fastrtps_cpp.so
[1.292s] -- Up-to-date: /home/GTL/apaul/ros2_hw1/install/cs7630_msgs/include/cs7630_msgs/cs7630_msgs
[1.293s] -- Up-to-date: /home/GTL/apaul/ros2_hw1/install/cs7630_msgs/include/cs7630_msgs/cs7630_msgs/msg
[1.295s] -- Up-to-date: /home/GTL/apaul/ros2_hw1/install/cs7630_msgs/include/cs7630_msgs/cs7630_msgs/msg/detail
[1.308s] -- Up-to-date: /home/GTL/apaul/ros2_hw1/install/cs7630_msgs/include/cs7630_msgs/cs7630_msgs/msg/detail/roi_array__rosidl_typesupport_introspection_c.h
[1.309s] -- Up-to-date: /home/GTL/apaul/ros2_hw1/install/cs7630_msgs/include/cs7630_msgs/cs7630_msgs/msg/detail/trajectory_element__rosidl_typesupport_introspection_c.h
[1.309s] -- Up-to-date: /home/GTL/apaul/ros2_hw1/install/cs7630_msgs/include/cs7630_msgs/cs7630_msgs/msg/detail/roi_array__type_support.c
[1.309s] -- Up-to-date: /home/GTL/apaul/ros2_hw1/install/cs7630_msgs/include/cs7630_msgs/cs7630_msgs/msg/detail/trajectory__rosidl_typesupport_introspection_c.h
[1.309s] -- Up-to-date: /home/GTL/apaul/ros2_hw1/install/cs7630_msgs/include/cs7630_msgs/cs7630_msgs/msg/detail/trajectory_element__type_support.c
[1.309s] -- Up-to-date: /home/GTL/apaul/ros2_hw1/install/cs7630_msgs/include/cs7630_msgs/cs7630_msgs/msg/detail/trajectory__type_support.c
[1.309s] -- Up-to-date: /home/GTL/apaul/ros2_hw1/install/cs7630_msgs/include/cs7630_msgs/cs7630_msgs/msg/rosidl_typesupport_introspection_c__visibility_control.h
[1.309s] -- Up-to-date: /home/GTL/apaul/ros2_hw1/install/cs7630_msgs/lib/libcs7630_msgs__rosidl_typesupport_introspection_c.so
[1.309s] -- Up-to-date: /home/GTL/apaul/ros2_hw1/install/cs7630_msgs/lib/libcs7630_msgs__rosidl_typesupport_c.so
[1.309s] -- Up-to-date: /home/GTL/apaul/ros2_hw1/install/cs7630_msgs/include/cs7630_msgs/cs7630_msgs
[1.309s] -- Up-to-date: /home/GTL/apaul/ros2_hw1/install/cs7630_msgs/include/cs7630_msgs/cs7630_msgs/msg
[1.313s] -- Up-to-date: /home/GTL/apaul/ros2_hw1/install/cs7630_msgs/include/cs7630_msgs/cs7630_msgs/msg/detail
[1.313s] -- Up-to-date: /home/GTL/apaul/ros2_hw1/install/cs7630_msgs/include/cs7630_msgs/cs7630_msgs/msg/detail/roi_array__type_support.cpp
[1.313s] -- Up-to-date: /home/GTL/apaul/ros2_hw1/install/cs7630_msgs/include/cs7630_msgs/cs7630_msgs/msg/detail/trajectory_element__rosidl_typesupport_introspection_cpp.hpp
[1.314s] -- Up-to-date: /home/GTL/apaul/ros2_hw1/install/cs7630_msgs/include/cs7630_msgs/cs7630_msgs/msg/detail/roi_array__rosidl_typesupport_introspection_cpp.hpp
[1.314s] -- Up-to-date: /home/GTL/apaul/ros2_hw1/install/cs7630_msgs/include/cs7630_msgs/cs7630_msgs/msg/detail/trajectory__rosidl_typesupport_introspection_cpp.hpp
[1.315s] -- Up-to-date: /home/GTL/apaul/ros2_hw1/install/cs7630_msgs/include/cs7630_msgs/cs7630_msgs/msg/detail/trajectory_element__type_support.cpp
[1.315s] -- Up-to-date: /home/GTL/apaul/ros2_hw1/install/cs7630_msgs/include/cs7630_msgs/cs7630_msgs/msg/detail/trajectory__type_support.cpp
[1.315s] -- Up-to-date: /home/GTL/apaul/ros2_hw1/install/cs7630_msgs/lib/libcs7630_msgs__rosidl_typesupport_introspection_cpp.so
[1.318s] -- Up-to-date: /home/GTL/apaul/ros2_hw1/install/cs7630_msgs/lib/libcs7630_msgs__rosidl_typesupport_cpp.so
[1.321s] -- Up-to-date: /home/GTL/apaul/ros2_hw1/install/cs7630_msgs/share/cs7630_msgs/environment/pythonpath.sh
[1.322s] -- Up-to-date: /home/GTL/apaul/ros2_hw1/install/cs7630_msgs/share/cs7630_msgs/environment/pythonpath.dsv
[1.324s] -- Up-to-date: /home/GTL/apaul/ros2_hw1/install/cs7630_msgs/local/lib/python3.10/dist-packages/cs7630_msgs-0.0.0-py3.10.egg-info
[1.325s] -- Installing: /home/GTL/apaul/ros2_hw1/install/cs7630_msgs/local/lib/python3.10/dist-packages/cs7630_msgs-0.0.0-py3.10.egg-info/dependency_links.txt
[1.331s] -- Installing: /home/GTL/apaul/ros2_hw1/install/cs7630_msgs/local/lib/python3.10/dist-packages/cs7630_msgs-0.0.0-py3.10.egg-info/top_level.txt
[1.336s] -- Installing: /home/GTL/apaul/ros2_hw1/install/cs7630_msgs/local/lib/python3.10/dist-packages/cs7630_msgs-0.0.0-py3.10.egg-info/PKG-INFO
[1.346s] -- Installing: /home/GTL/apaul/ros2_hw1/install/cs7630_msgs/local/lib/python3.10/dist-packages/cs7630_msgs-0.0.0-py3.10.egg-info/SOURCES.txt
[1.347s] -- Up-to-date: /home/GTL/apaul/ros2_hw1/install/cs7630_msgs/local/lib/python3.10/dist-packages/cs7630_msgs
[1.348s] -- Up-to-date: /home/GTL/apaul/ros2_hw1/install/cs7630_msgs/local/lib/python3.10/dist-packages/cs7630_msgs/msg
[1.349s] -- Up-to-date: /home/GTL/apaul/ros2_hw1/install/cs7630_msgs/local/lib/python3.10/dist-packages/cs7630_msgs/msg/_trajectory.py
[1.349s] -- Up-to-date: /home/GTL/apaul/ros2_hw1/install/cs7630_msgs/local/lib/python3.10/dist-packages/cs7630_msgs/msg/_roi_array_s.c
[1.350s] -- Up-to-date: /home/GTL/apaul/ros2_hw1/install/cs7630_msgs/local/lib/python3.10/dist-packages/cs7630_msgs/msg/_roi_array.py
[1.351s] -- Up-to-date: /home/GTL/apaul/ros2_hw1/install/cs7630_msgs/local/lib/python3.10/dist-packages/cs7630_msgs/msg/_trajectory_s.c
[1.352s] -- Up-to-date: /home/GTL/apaul/ros2_hw1/install/cs7630_msgs/local/lib/python3.10/dist-packages/cs7630_msgs/msg/__init__.py
[1.352s] -- Up-to-date: /home/GTL/apaul/ros2_hw1/install/cs7630_msgs/local/lib/python3.10/dist-packages/cs7630_msgs/msg/_trajectory_element_s.c
[1.353s] -- Up-to-date: /home/GTL/apaul/ros2_hw1/install/cs7630_msgs/local/lib/python3.10/dist-packages/cs7630_msgs/msg/_trajectory_element.py
[1.354s] -- Up-to-date: /home/GTL/apaul/ros2_hw1/install/cs7630_msgs/local/lib/python3.10/dist-packages/cs7630_msgs/cs7630_msgs_s__rosidl_typesupport_c.cpython-310-x86_64-linux-gnu.so
[1.355s] -- Up-to-date: /home/GTL/apaul/ros2_hw1/install/cs7630_msgs/local/lib/python3.10/dist-packages/cs7630_msgs/libcs7630_msgs__rosidl_generator_py.so
[1.355s] -- Up-to-date: /home/GTL/apaul/ros2_hw1/install/cs7630_msgs/local/lib/python3.10/dist-packages/cs7630_msgs/cs7630_msgs_s__rosidl_typesupport_fastrtps_c.cpython-310-x86_64-linux-gnu.so
[1.356s] -- Up-to-date: /home/GTL/apaul/ros2_hw1/install/cs7630_msgs/local/lib/python3.10/dist-packages/cs7630_msgs/_cs7630_msgs_s.ep.rosidl_typesupport_c.c
[1.357s] -- Up-to-date: /home/GTL/apaul/ros2_hw1/install/cs7630_msgs/local/lib/python3.10/dist-packages/cs7630_msgs/cs7630_msgs_s__rosidl_typesupport_introspection_c.cpython-310-x86_64-linux-gnu.so
[1.357s] -- Up-to-date: /home/GTL/apaul/ros2_hw1/install/cs7630_msgs/local/lib/python3.10/dist-packages/cs7630_msgs/_cs7630_msgs_s.ep.rosidl_typesupport_fastrtps_c.c
[1.358s] -- Up-to-date: /home/GTL/apaul/ros2_hw1/install/cs7630_msgs/local/lib/python3.10/dist-packages/cs7630_msgs/__init__.py
[1.359s] -- Up-to-date: /home/GTL/apaul/ros2_hw1/install/cs7630_msgs/local/lib/python3.10/dist-packages/cs7630_msgs/_cs7630_msgs_s.ep.rosidl_typesupport_introspection_c.c
[1.386s] Listing '/home/GTL/apaul/ros2_hw1/install/cs7630_msgs/local/lib/python3.10/dist-packages/cs7630_msgs'...
[1.386s] Listing '/home/GTL/apaul/ros2_hw1/install/cs7630_msgs/local/lib/python3.10/dist-packages/cs7630_msgs/msg'...
[1.392s] -- Up-to-date: /home/GTL/apaul/ros2_hw1/install/cs7630_msgs/local/lib/python3.10/dist-packages/cs7630_msgs/cs7630_msgs_s__rosidl_typesupport_fastrtps_c.cpython-310-x86_64-linux-gnu.so
[1.395s] -- Up-to-date: /home/GTL/apaul/ros2_hw1/install/cs7630_msgs/local/lib/python3.10/dist-packages/cs7630_msgs/cs7630_msgs_s__rosidl_typesupport_introspection_c.cpython-310-x86_64-linux-gnu.so
[1.399s] -- Up-to-date: /home/GTL/apaul/ros2_hw1/install/cs7630_msgs/local/lib/python3.10/dist-packages/cs7630_msgs/cs7630_msgs_s__rosidl_typesupport_c.cpython-310-x86_64-linux-gnu.so
[1.402s] -- Up-to-date: /home/GTL/apaul/ros2_hw1/install/cs7630_msgs/lib/libcs7630_msgs__rosidl_generator_py.so
[1.406s] -- Up-to-date: /home/GTL/apaul/ros2_hw1/install/cs7630_msgs/share/cs7630_msgs/msg/ROIArray.idl
[1.407s] -- Up-to-date: /home/GTL/apaul/ros2_hw1/install/cs7630_msgs/share/cs7630_msgs/msg/Trajectory.idl
[1.407s] -- Up-to-date: /home/GTL/apaul/ros2_hw1/install/cs7630_msgs/share/cs7630_msgs/msg/TrajectoryElement.idl
[1.408s] -- Up-to-date: /home/GTL/apaul/ros2_hw1/install/cs7630_msgs/share/cs7630_msgs/msg/ROIArray.msg
[1.409s] -- Up-to-date: /home/GTL/apaul/ros2_hw1/install/cs7630_msgs/share/cs7630_msgs/msg/Trajectory.msg
[1.410s] -- Up-to-date: /home/GTL/apaul/ros2_hw1/install/cs7630_msgs/share/cs7630_msgs/msg/TrajectoryElement.msg
[1.411s] -- Up-to-date: /home/GTL/apaul/ros2_hw1/install/cs7630_msgs/share/ament_index/resource_index/package_run_dependencies/cs7630_msgs
[1.412s] -- Up-to-date: /home/GTL/apaul/ros2_hw1/install/cs7630_msgs/share/ament_index/resource_index/parent_prefix_path/cs7630_msgs
[1.413s] -- Up-to-date: /home/GTL/apaul/ros2_hw1/install/cs7630_msgs/share/cs7630_msgs/environment/ament_prefix_path.sh
[1.419s] -- Up-to-date: /home/GTL/apaul/ros2_hw1/install/cs7630_msgs/share/cs7630_msgs/environment/ament_prefix_path.dsv
[1.419s] -- Up-to-date: /home/GTL/apaul/ros2_hw1/install/cs7630_msgs/share/cs7630_msgs/environment/path.sh
[1.419s] -- Up-to-date: /home/GTL/apaul/ros2_hw1/install/cs7630_msgs/share/cs7630_msgs/environment/path.dsv
[1.419s] -- Up-to-date: /home/GTL/apaul/ros2_hw1/install/cs7630_msgs/share/cs7630_msgs/local_setup.bash
[1.419s] -- Up-to-date: /home/GTL/apaul/ros2_hw1/install/cs7630_msgs/share/cs7630_msgs/local_setup.sh
[1.419s] -- Up-to-date: /home/GTL/apaul/ros2_hw1/install/cs7630_msgs/share/cs7630_msgs/local_setup.zsh
[1.420s] -- Up-to-date: /home/GTL/apaul/ros2_hw1/install/cs7630_msgs/share/cs7630_msgs/local_setup.dsv
[1.420s] -- Installing: /home/GTL/apaul/ros2_hw1/install/cs7630_msgs/share/cs7630_msgs/package.dsv
[1.427s] -- Up-to-date: /home/GTL/apaul/ros2_hw1/install/cs7630_msgs/share/ament_index/resource_index/packages/cs7630_msgs
[1.430s] -- Up-to-date: /home/GTL/apaul/ros2_hw1/install/cs7630_msgs/share/cs7630_msgs/cmake/export_cs7630_msgs__rosidl_generator_cExport.cmake
[1.431s] -- Up-to-date: /home/GTL/apaul/ros2_hw1/install/cs7630_msgs/share/cs7630_msgs/cmake/export_cs7630_msgs__rosidl_generator_cExport-noconfig.cmake
[1.433s] -- Up-to-date: /home/GTL/apaul/ros2_hw1/install/cs7630_msgs/share/cs7630_msgs/cmake/export_cs7630_msgs__rosidl_typesupport_fastrtps_cExport.cmake
[1.434s] -- Up-to-date: /home/GTL/apaul/ros2_hw1/install/cs7630_msgs/share/cs7630_msgs/cmake/export_cs7630_msgs__rosidl_typesupport_fastrtps_cExport-noconfig.cmake
[1.435s] -- Up-to-date: /home/GTL/apaul/ros2_hw1/install/cs7630_msgs/share/cs7630_msgs/cmake/export_cs7630_msgs__rosidl_generator_cppExport.cmake
[1.437s] -- Up-to-date: /home/GTL/apaul/ros2_hw1/install/cs7630_msgs/share/cs7630_msgs/cmake/export_cs7630_msgs__rosidl_typesupport_fastrtps_cppExport.cmake
[1.438s] -- Up-to-date: /home/GTL/apaul/ros2_hw1/install/cs7630_msgs/share/cs7630_msgs/cmake/export_cs7630_msgs__rosidl_typesupport_fastrtps_cppExport-noconfig.cmake
[1.439s] -- Up-to-date: /home/GTL/apaul/ros2_hw1/install/cs7630_msgs/share/cs7630_msgs/cmake/cs7630_msgs__rosidl_typesupport_introspection_cExport.cmake
[1.440s] -- Up-to-date: /home/GTL/apaul/ros2_hw1/install/cs7630_msgs/share/cs7630_msgs/cmake/cs7630_msgs__rosidl_typesupport_introspection_cExport-noconfig.cmake
[1.442s] -- Up-to-date: /home/GTL/apaul/ros2_hw1/install/cs7630_msgs/share/cs7630_msgs/cmake/cs7630_msgs__rosidl_typesupport_cExport.cmake
[1.443s] -- Up-to-date: /home/GTL/apaul/ros2_hw1/install/cs7630_msgs/share/cs7630_msgs/cmake/cs7630_msgs__rosidl_typesupport_cExport-noconfig.cmake
[1.445s] -- Up-to-date: /home/GTL/apaul/ros2_hw1/install/cs7630_msgs/share/cs7630_msgs/cmake/cs7630_msgs__rosidl_typesupport_introspection_cppExport.cmake
[1.445s] -- Up-to-date: /home/GTL/apaul/ros2_hw1/install/cs7630_msgs/share/cs7630_msgs/cmake/cs7630_msgs__rosidl_typesupport_introspection_cppExport-noconfig.cmake
[1.447s] -- Up-to-date: /home/GTL/apaul/ros2_hw1/install/cs7630_msgs/share/cs7630_msgs/cmake/cs7630_msgs__rosidl_typesupport_cppExport.cmake
[1.447s] -- Up-to-date: /home/GTL/apaul/ros2_hw1/install/cs7630_msgs/share/cs7630_msgs/cmake/cs7630_msgs__rosidl_typesupport_cppExport-noconfig.cmake
[1.449s] -- Up-to-date: /home/GTL/apaul/ros2_hw1/install/cs7630_msgs/share/cs7630_msgs/cmake/export_cs7630_msgs__rosidl_generator_pyExport.cmake
[1.450s] -- Up-to-date: /home/GTL/apaul/ros2_hw1/install/cs7630_msgs/share/cs7630_msgs/cmake/export_cs7630_msgs__rosidl_generator_pyExport-noconfig.cmake
[1.450s] -- Up-to-date: /home/GTL/apaul/ros2_hw1/install/cs7630_msgs/share/cs7630_msgs/cmake/rosidl_cmake-extras.cmake
[1.451s] -- Up-to-date: /home/GTL/apaul/ros2_hw1/install/cs7630_msgs/share/cs7630_msgs/cmake/ament_cmake_export_dependencies-extras.cmake
[1.452s] -- Up-to-date: /home/GTL/apaul/ros2_hw1/install/cs7630_msgs/share/cs7630_msgs/cmake/ament_cmake_export_include_directories-extras.cmake
[1.453s] -- Up-to-date: /home/GTL/apaul/ros2_hw1/install/cs7630_msgs/share/cs7630_msgs/cmake/ament_cmake_export_libraries-extras.cmake
[1.453s] -- Up-to-date: /home/GTL/apaul/ros2_hw1/install/cs7630_msgs/share/cs7630_msgs/cmake/ament_cmake_export_targets-extras.cmake
[1.454s] -- Up-to-date: /home/GTL/apaul/ros2_hw1/install/cs7630_msgs/share/cs7630_msgs/cmake/rosidl_cmake_export_typesupport_targets-extras.cmake
[1.454s] -- Up-to-date: /home/GTL/apaul/ros2_hw1/install/cs7630_msgs/share/cs7630_msgs/cmake/rosidl_cmake_export_typesupport_libraries-extras.cmake
[1.455s] -- Up-to-date: /home/GTL/apaul/ros2_hw1/install/cs7630_msgs/share/cs7630_msgs/cmake/cs7630_msgsConfig.cmake
[1.455s] -- Up-to-date: /home/GTL/apaul/ros2_hw1/install/cs7630_msgs/share/cs7630_msgs/cmake/cs7630_msgsConfig-version.cmake
[1.458s] -- Up-to-date: /home/GTL/apaul/ros2_hw1/install/cs7630_msgs/share/cs7630_msgs/package.xml
[1.585s] Invoked command in '/home/GTL/apaul/ros2_hw1/build/cs7630_msgs' returned '0': CMAKE_PREFIX_PATH=/opt/ros/humble /usr/bin/cmake --install /home/GTL/apaul/ros2_hw1/build/cs7630_msgs
