[0.297s] Invoking command in '/home/GTL/pcastere/ros_hw1/ros2_hw1/build/joy_pack': CMAKE_PREFIX_PATH=/opt/ros/humble /usr/bin/cmake --build /home/GTL/pcastere/ros_hw1/ros2_hw1/build/joy_pack -- -j16 -l16
[0.682s] [100%] Built target joy_node
[0.879s] Invoked command in '/home/GTL/pcastere/ros_hw1/ros2_hw1/build/joy_pack' returned '0': CMAKE_PREFIX_PATH=/opt/ros/humble /usr/bin/cmake --build /home/GTL/pcastere/ros_hw1/ros2_hw1/build/joy_pack -- -j16 -l16
[0.915s] Invoking command in '/home/GTL/pcastere/ros_hw1/ros2_hw1/build/joy_pack': CMAKE_PREFIX_PATH=/opt/ros/humble /usr/bin/cmake --install /home/GTL/pcastere/ros_hw1/ros2_hw1/build/joy_pack
[0.924s] -- Install configuration: ""
[0.924s] -- Up-to-date: /home/GTL/pcastere/ros_hw1/ros2_hw1/install/joy_pack/lib/joy_pack/joy_node
[0.924s] -- Up-to-date: /home/GTL/pcastere/ros_hw1/ros2_hw1/install/joy_pack/share/ament_index/resource_index/package_run_dependencies/joy_pack
[0.924s] -- Up-to-date: /home/GTL/pcastere/ros_hw1/ros2_hw1/install/joy_pack/share/ament_index/resource_index/parent_prefix_path/joy_pack
[0.925s] -- Up-to-date: /home/GTL/pcastere/ros_hw1/ros2_hw1/install/joy_pack/share/joy_pack/environment/ament_prefix_path.sh
[0.925s] -- Up-to-date: /home/GTL/pcastere/ros_hw1/ros2_hw1/install/joy_pack/share/joy_pack/environment/ament_prefix_path.dsv
[0.926s] -- Up-to-date: /home/GTL/pcastere/ros_hw1/ros2_hw1/install/joy_pack/share/joy_pack/environment/path.sh
[0.926s] -- Up-to-date: /home/GTL/pcastere/ros_hw1/ros2_hw1/install/joy_pack/share/joy_pack/environment/path.dsv
[0.927s] -- Up-to-date: /home/GTL/pcastere/ros_hw1/ros2_hw1/install/joy_pack/share/joy_pack/local_setup.bash
[0.927s] -- Up-to-date: /home/GTL/pcastere/ros_hw1/ros2_hw1/install/joy_pack/share/joy_pack/local_setup.sh
[0.928s] -- Up-to-date: /home/GTL/pcastere/ros_hw1/ros2_hw1/install/joy_pack/share/joy_pack/local_setup.zsh
[0.928s] -- Up-to-date: /home/GTL/pcastere/ros_hw1/ros2_hw1/install/joy_pack/share/joy_pack/local_setup.dsv
[0.929s] -- Installing: /home/GTL/pcastere/ros_hw1/ros2_hw1/install/joy_pack/share/joy_pack/package.dsv
[0.933s] -- Up-to-date: /home/GTL/pcastere/ros_hw1/ros2_hw1/install/joy_pack/share/ament_index/resource_index/packages/joy_pack
[0.939s] -- Up-to-date: /home/GTL/pcastere/ros_hw1/ros2_hw1/install/joy_pack/share/joy_pack/cmake/joy_packConfig.cmake
[0.939s] -- Up-to-date: /home/GTL/pcastere/ros_hw1/ros2_hw1/install/joy_pack/share/joy_pack/cmake/joy_packConfig-version.cmake
[0.939s] -- Up-to-date: /home/GTL/pcastere/ros_hw1/ros2_hw1/install/joy_pack/share/joy_pack/package.xml
[0.941s] Invoked command in '/home/GTL/pcastere/ros_hw1/ros2_hw1/build/joy_pack' returned '0': CMAKE_PREFIX_PATH=/opt/ros/humble /usr/bin/cmake --install /home/GTL/pcastere/ros_hw1/ros2_hw1/build/joy_pack
