[0.019s] Invoking command in '/home/GTL/apaul/ros2_hw1/src/joy_pack/build/joy_pack': CMAKE_PREFIX_PATH=/opt/ros/humble /usr/bin/cmake /home/GTL/apaul/ros2_hw1/src/joy_pack -DCMAKE_INSTALL_PREFIX=/home/GTL/apaul/ros2_hw1/src/joy_pack/install/joy_pack
[0.022s] -- Found ament_cmake: 1.3.10 (/opt/ros/humble/share/ament_cmake/cmake)
[0.111s] -- Found rclcpp: 16.0.10 (/opt/ros/humble/share/rclcpp/cmake)
[0.136s] -- Found rosidl_generator_c: 3.1.5 (/opt/ros/humble/share/rosidl_generator_c/cmake)
[0.139s] -- Found rosidl_adapter: 3.1.5 (/opt/ros/humble/share/rosidl_adapter/cmake)
[0.144s] -- Found rosidl_generator_cpp: 3.1.5 (/opt/ros/humble/share/rosidl_generator_cpp/cmake)
[0.152s] -- Using all available rosidl_typesupport_c: rosidl_typesupport_fastrtps_c;rosidl_typesupport_introspection_c
[0.161s] -- Using all available rosidl_typesupport_cpp: rosidl_typesupport_fastrtps_cpp;rosidl_typesupport_introspection_cpp
[0.186s] -- Found rmw_implementation_cmake: 6.1.2 (/opt/ros/humble/share/rmw_implementation_cmake/cmake)
[0.187s] -- Found rmw_cyclonedds_cpp: 1.3.4 (/opt/ros/humble/share/rmw_cyclonedds_cpp/cmake)
[0.199s] -- Using RMW implementation 'rmw_cyclonedds_cpp' as default
[0.212s] -- Looking for pthread.h
[0.332s] -- Looking for pthread.h - found
[0.335s] -- Performing Test CMAKE_HAVE_LIBC_PTHREAD
[0.451s] -- Performing Test CMAKE_HAVE_LIBC_PTHREAD - Success
[0.452s] -- Found Threads: TRUE  
[0.483s] -- Found ament_lint_auto: 0.12.11 (/opt/ros/humble/share/ament_lint_auto/cmake)
[0.654s] -- Added test 'cppcheck' to perform static code analysis on C / C++ code
[0.654s] -- Configured cppcheck include dirs: 
[0.654s] -- Configured cppcheck exclude dirs and/or files: 
[0.667s] -- Added test 'flake8' to check Python code syntax and style conventions
[0.689s] -- Added test 'lint_cmake' to check CMake code style
[0.704s] -- Added test 'pep257' to check Python code against some of the docstring style conventions in PEP 257
[0.782s] -- Added test 'uncrustify' to check C / C++ code style
[0.782s] -- Configured uncrustify additional arguments: 
[0.796s] -- Added test 'xmllint' to check XML markup files
[0.814s] -- Configuring done
[0.932s] -- Generating done
[0.950s] -- Build files have been written to: /home/GTL/apaul/ros2_hw1/src/joy_pack/build/joy_pack
[0.954s] Invoked command in '/home/GTL/apaul/ros2_hw1/src/joy_pack/build/joy_pack' returned '0': CMAKE_PREFIX_PATH=/opt/ros/humble /usr/bin/cmake /home/GTL/apaul/ros2_hw1/src/joy_pack -DCMAKE_INSTALL_PREFIX=/home/GTL/apaul/ros2_hw1/src/joy_pack/install/joy_pack
[0.958s] Invoking command in '/home/GTL/apaul/ros2_hw1/src/joy_pack/build/joy_pack': CMAKE_PREFIX_PATH=/opt/ros/humble /usr/bin/cmake --build /home/GTL/apaul/ros2_hw1/src/joy_pack/build/joy_pack -- -j16 -l16
[1.017s] [ 50%] [32mBuilding CXX object CMakeFiles/listener.dir/src/joy_function.cpp.o[0m
[1.126s] [01m[K/home/GTL/apaul/ros2_hw1/src/joy_pack/src/joy_function.cpp:7:10:[m[K [01;31m[Kfatal error: [m[Ksensor_msgs/msg/joy.hpp: No such file or directory
[1.126s]     7 | #include [01;31m[K"sensor_msgs/msg/joy.hpp"[m[K
[1.126s]       |          [01;31m[K^~~~~~~~~~~~~~~~~~~~~~~~~[m[K
[1.126s] compilation terminated.
[1.128s] gmake[2]: *** [CMakeFiles/listener.dir/build.make:76: CMakeFiles/listener.dir/src/joy_function.cpp.o] Error 1
[1.128s] gmake[1]: *** [CMakeFiles/Makefile2:137: CMakeFiles/listener.dir/all] Error 2
[1.128s] gmake: *** [Makefile:146: all] Error 2
[1.129s] Invoked command in '/home/GTL/apaul/ros2_hw1/src/joy_pack/build/joy_pack' returned '2': CMAKE_PREFIX_PATH=/opt/ros/humble /usr/bin/cmake --build /home/GTL/apaul/ros2_hw1/src/joy_pack/build/joy_pack -- -j16 -l16
