[1.364s] Invoking command in '/home/GTL/apaul/ros2_hw1/src/ros_task_manager/src/button_server': PYTHONPATH=/home/GTL/apaul/ros2_hw1/build/button_server/prefix_override:/usr/lib/python3/dist-packages/colcon_core/task/python/colcon_distutils_commands:/home/GTL/apaul/ros2_hw1/install/button_server/lib/python3.10/site-packages:${PYTHONPATH} /usr/bin/python3 -W ignore:setup.py install is deprecated setup.py egg_info --egg-base ../../../../build/button_server build --build-base /home/GTL/apaul/ros2_hw1/build/button_server/build install --record /home/GTL/apaul/ros2_hw1/build/button_server/install.log --single-version-externally-managed install_data
[1.544s] running egg_info
[1.545s] writing ../../../../build/button_server/button_server.egg-info/PKG-INFO
[1.547s] writing dependency_links to ../../../../build/button_server/button_server.egg-info/dependency_links.txt
[1.549s] writing entry points to ../../../../build/button_server/button_server.egg-info/entry_points.txt
[1.550s] writing requirements to ../../../../build/button_server/button_server.egg-info/requires.txt
[1.551s] writing top-level names to ../../../../build/button_server/button_server.egg-info/top_level.txt
[1.558s] reading manifest file '../../../../build/button_server/button_server.egg-info/SOURCES.txt'
[1.560s] writing manifest file '../../../../build/button_server/button_server.egg-info/SOURCES.txt'
[1.561s] running build
[1.561s] running build_py
[1.562s] running build_scripts
[1.562s] running install
[1.562s] running install_lib
[1.564s] running install_data
[1.564s] running install_egg_info
[1.565s] removing '/home/GTL/apaul/ros2_hw1/install/button_server/lib/python3.10/site-packages/button_server-0.0.0-py3.10.egg-info' (and everything under it)
[1.568s] Copying ../../../../build/button_server/button_server.egg-info to /home/GTL/apaul/ros2_hw1/install/button_server/lib/python3.10/site-packages/button_server-0.0.0-py3.10.egg-info
[1.592s] running install_scripts
[1.605s] changing mode of /home/GTL/apaul/ros2_hw1/install/button_server/lib/button_server/button_server_node to 775
[1.606s] writing list of installed files to '/home/GTL/apaul/ros2_hw1/build/button_server/install.log'
[1.650s] Invoked command in '/home/GTL/apaul/ros2_hw1/src/ros_task_manager/src/button_server' returned '0': PYTHONPATH=/home/GTL/apaul/ros2_hw1/build/button_server/prefix_override:/usr/lib/python3/dist-packages/colcon_core/task/python/colcon_distutils_commands:/home/GTL/apaul/ros2_hw1/install/button_server/lib/python3.10/site-packages:${PYTHONPATH} /usr/bin/python3 -W ignore:setup.py install is deprecated setup.py egg_info --egg-base ../../../../build/button_server build --build-base /home/GTL/apaul/ros2_hw1/build/button_server/build install --record /home/GTL/apaul/ros2_hw1/build/button_server/install.log --single-version-externally-managed install_data
