[0.177s] Invoking command in '/home/GTL/pcastere/ros_hw1/ros2_hw1/build/cs7630_msgs': CMAKE_PREFIX_PATH=${CMAKE_PREFIX_PATH}:/home/GTL/pcastere/ros_hw1/ros2_hw1/install/vrep_ros_teleop:/home/GTL/pcastere/ros_hw1/ros2_hw1/install/task_manager_client_py:/home/GTL/pcastere/ros_hw1/ros2_hw1/install/rover_driver_base:/home/GTL/pcastere/ros_hw1/ros2_hw1/install/keyboard_teleop:/home/GTL/pcastere/ros_hw1/ros2_hw1/install/face_detect_base:/home/GTL/pcastere/ros_hw1/ros2_hw1/install/button_server:/opt/ros/humble /usr/bin/cmake --build /home/GTL/pcastere/ros_hw1/ros2_hw1/build/cs7630_msgs -- -j16 -l16
[0.954s] [  2%] Built target cs7630_msgs__cpp
[0.954s] [ 12%] Built target cs7630_msgs__rosidl_generator_c
[0.954s] [ 51%] Built target cs7630_msgs__rosidl_typesupport_introspection_cpp
[0.954s] [ 51%] Built target cs7630_msgs__rosidl_typesupport_cpp
[0.954s] [ 57%] Built target cs7630_msgs__rosidl_typesupport_fastrtps_cpp
[0.954s] [ 76%] Built target cs7630_msgs__rosidl_typesupport_c
[0.954s] [ 76%] Built target cs7630_msgs__rosidl_typesupport_introspection_c
[0.954s] [ 76%] Built target cs7630_msgs__rosidl_typesupport_fastrtps_c
[0.954s] [ 76%] Built target ament_cmake_python_copy_cs7630_msgs
[0.954s] [ 76%] Built target cs7630_msgs
[0.954s] [ 78%] Built target cs7630_msgs__py
[0.954s] [ 87%] Built target cs7630_msgs__rosidl_generator_py
[0.954s] [ 95%] Built target cs7630_msgs__rosidl_typesupport_c__pyext
[0.954s] [ 97%] Built target cs7630_msgs__rosidl_typesupport_introspection_c__pyext
[0.954s] [100%] Built target cs7630_msgs__rosidl_typesupport_fastrtps_c__pyext
[0.954s] running egg_info
[0.954s] writing cs7630_msgs.egg-info/PKG-INFO
[0.954s] writing dependency_links to cs7630_msgs.egg-info/dependency_links.txt
[0.954s] writing top-level names to cs7630_msgs.egg-info/top_level.txt
[0.954s] reading manifest file 'cs7630_msgs.egg-info/SOURCES.txt'
[0.954s] writing manifest file 'cs7630_msgs.egg-info/SOURCES.txt'
[0.954s] [100%] Built target ament_cmake_python_build_cs7630_msgs_egg
[1.204s] Invoked command in '/home/GTL/pcastere/ros_hw1/ros2_hw1/build/cs7630_msgs' returned '0': CMAKE_PREFIX_PATH=${CMAKE_PREFIX_PATH}:/home/GTL/pcastere/ros_hw1/ros2_hw1/install/vrep_ros_teleop:/home/GTL/pcastere/ros_hw1/ros2_hw1/install/task_manager_client_py:/home/GTL/pcastere/ros_hw1/ros2_hw1/install/rover_driver_base:/home/GTL/pcastere/ros_hw1/ros2_hw1/install/keyboard_teleop:/home/GTL/pcastere/ros_hw1/ros2_hw1/install/face_detect_base:/home/GTL/pcastere/ros_hw1/ros2_hw1/install/button_server:/opt/ros/humble /usr/bin/cmake --build /home/GTL/pcastere/ros_hw1/ros2_hw1/build/cs7630_msgs -- -j16 -l16
[1.276s] Invoking command in '/home/GTL/pcastere/ros_hw1/ros2_hw1/build/cs7630_msgs': CMAKE_PREFIX_PATH=${CMAKE_PREFIX_PATH}:/home/GTL/pcastere/ros_hw1/ros2_hw1/install/vrep_ros_teleop:/home/GTL/pcastere/ros_hw1/ros2_hw1/install/task_manager_client_py:/home/GTL/pcastere/ros_hw1/ros2_hw1/install/rover_driver_base:/home/GTL/pcastere/ros_hw1/ros2_hw1/install/keyboard_teleop:/home/GTL/pcastere/ros_hw1/ros2_hw1/install/face_detect_base:/home/GTL/pcastere/ros_hw1/ros2_hw1/install/button_server:/opt/ros/humble /usr/bin/cmake --install /home/GTL/pcastere/ros_hw1/ros2_hw1/build/cs7630_msgs
[1.282s] -- Install configuration: ""
[1.282s] -- Up-to-date: /home/GTL/pcastere/ros_hw1/ros2_hw1/install/cs7630_msgs/share/ament_index/resource_index/rosidl_interfaces/cs7630_msgs
[1.283s] -- Up-to-date: /home/GTL/pcastere/ros_hw1/ros2_hw1/install/cs7630_msgs/include/cs7630_msgs/cs7630_msgs
[1.285s] -- Up-to-date: /home/GTL/pcastere/ros_hw1/ros2_hw1/install/cs7630_msgs/include/cs7630_msgs/cs7630_msgs/msg
[1.285s] -- Up-to-date: /home/GTL/pcastere/ros_hw1/ros2_hw1/install/cs7630_msgs/include/cs7630_msgs/cs7630_msgs/msg/trajectory.h
[1.286s] -- Up-to-date: /home/GTL/pcastere/ros_hw1/ros2_hw1/install/cs7630_msgs/include/cs7630_msgs/cs7630_msgs/msg/roi_array.h
[1.286s] -- Up-to-date: /home/GTL/pcastere/ros_hw1/ros2_hw1/install/cs7630_msgs/include/cs7630_msgs/cs7630_msgs/msg/detail
[1.288s] -- Up-to-date: /home/GTL/pcastere/ros_hw1/ros2_hw1/install/cs7630_msgs/include/cs7630_msgs/cs7630_msgs/msg/detail/trajectory_element__functions.h
[1.288s] -- Up-to-date: /home/GTL/pcastere/ros_hw1/ros2_hw1/install/cs7630_msgs/include/cs7630_msgs/cs7630_msgs/msg/detail/trajectory_element__functions.c
[1.289s] -- Up-to-date: /home/GTL/pcastere/ros_hw1/ros2_hw1/install/cs7630_msgs/include/cs7630_msgs/cs7630_msgs/msg/detail/trajectory__struct.h
[1.289s] -- Up-to-date: /home/GTL/pcastere/ros_hw1/ros2_hw1/install/cs7630_msgs/include/cs7630_msgs/cs7630_msgs/msg/detail/roi_array__type_support.h
[1.290s] -- Up-to-date: /home/GTL/pcastere/ros_hw1/ros2_hw1/install/cs7630_msgs/include/cs7630_msgs/cs7630_msgs/msg/detail/trajectory__functions.c
[1.290s] -- Up-to-date: /home/GTL/pcastere/ros_hw1/ros2_hw1/install/cs7630_msgs/include/cs7630_msgs/cs7630_msgs/msg/detail/trajectory_element__type_support.h
[1.291s] -- Up-to-date: /home/GTL/pcastere/ros_hw1/ros2_hw1/install/cs7630_msgs/include/cs7630_msgs/cs7630_msgs/msg/detail/trajectory__functions.h
[1.292s] -- Up-to-date: /home/GTL/pcastere/ros_hw1/ros2_hw1/install/cs7630_msgs/include/cs7630_msgs/cs7630_msgs/msg/detail/roi_array__functions.c
[1.292s] -- Up-to-date: /home/GTL/pcastere/ros_hw1/ros2_hw1/install/cs7630_msgs/include/cs7630_msgs/cs7630_msgs/msg/detail/trajectory__type_support.h
[1.292s] -- Up-to-date: /home/GTL/pcastere/ros_hw1/ros2_hw1/install/cs7630_msgs/include/cs7630_msgs/cs7630_msgs/msg/detail/roi_array__functions.h
[1.293s] -- Up-to-date: /home/GTL/pcastere/ros_hw1/ros2_hw1/install/cs7630_msgs/include/cs7630_msgs/cs7630_msgs/msg/detail/roi_array__struct.h
[1.294s] -- Up-to-date: /home/GTL/pcastere/ros_hw1/ros2_hw1/install/cs7630_msgs/include/cs7630_msgs/cs7630_msgs/msg/detail/trajectory_element__struct.h
[1.294s] -- Up-to-date: /home/GTL/pcastere/ros_hw1/ros2_hw1/install/cs7630_msgs/include/cs7630_msgs/cs7630_msgs/msg/rosidl_generator_c__visibility_control.h
[1.295s] -- Up-to-date: /home/GTL/pcastere/ros_hw1/ros2_hw1/install/cs7630_msgs/include/cs7630_msgs/cs7630_msgs/msg/trajectory_element.h
[1.295s] -- Up-to-date: /home/GTL/pcastere/ros_hw1/ros2_hw1/install/cs7630_msgs/share/cs7630_msgs/environment/library_path.sh
[1.297s] -- Up-to-date: /home/GTL/pcastere/ros_hw1/ros2_hw1/install/cs7630_msgs/share/cs7630_msgs/environment/library_path.dsv
[1.297s] -- Up-to-date: /home/GTL/pcastere/ros_hw1/ros2_hw1/install/cs7630_msgs/lib/libcs7630_msgs__rosidl_generator_c.so
[1.299s] -- Up-to-date: /home/GTL/pcastere/ros_hw1/ros2_hw1/install/cs7630_msgs/include/cs7630_msgs/cs7630_msgs
[1.300s] -- Up-to-date: /home/GTL/pcastere/ros_hw1/ros2_hw1/install/cs7630_msgs/include/cs7630_msgs/cs7630_msgs/msg
[1.301s] -- Up-to-date: /home/GTL/pcastere/ros_hw1/ros2_hw1/install/cs7630_msgs/include/cs7630_msgs/cs7630_msgs/msg/detail
[1.302s] -- Up-to-date: /home/GTL/pcastere/ros_hw1/ros2_hw1/install/cs7630_msgs/include/cs7630_msgs/cs7630_msgs/msg/detail/trajectory_element__rosidl_typesupport_fastrtps_c.h
[1.302s] -- Up-to-date: /home/GTL/pcastere/ros_hw1/ros2_hw1/install/cs7630_msgs/include/cs7630_msgs/cs7630_msgs/msg/detail/trajectory__rosidl_typesupport_fastrtps_c.h
[1.303s] -- Up-to-date: /home/GTL/pcastere/ros_hw1/ros2_hw1/install/cs7630_msgs/include/cs7630_msgs/cs7630_msgs/msg/detail/roi_array__rosidl_typesupport_fastrtps_c.h
[1.304s] -- Up-to-date: /home/GTL/pcastere/ros_hw1/ros2_hw1/install/cs7630_msgs/include/cs7630_msgs/cs7630_msgs/msg/rosidl_typesupport_fastrtps_c__visibility_control.h
[1.304s] -- Up-to-date: /home/GTL/pcastere/ros_hw1/ros2_hw1/install/cs7630_msgs/lib/libcs7630_msgs__rosidl_typesupport_fastrtps_c.so
[1.306s] -- Up-to-date: /home/GTL/pcastere/ros_hw1/ros2_hw1/install/cs7630_msgs/include/cs7630_msgs/cs7630_msgs
[1.306s] -- Up-to-date: /home/GTL/pcastere/ros_hw1/ros2_hw1/install/cs7630_msgs/include/cs7630_msgs/cs7630_msgs/msg
[1.307s] -- Up-to-date: /home/GTL/pcastere/ros_hw1/ros2_hw1/install/cs7630_msgs/include/cs7630_msgs/cs7630_msgs/msg/detail
[1.316s] -- Up-to-date: /home/GTL/pcastere/ros_hw1/ros2_hw1/install/cs7630_msgs/include/cs7630_msgs/cs7630_msgs/msg/detail/trajectory_element__struct.hpp
[1.316s] -- Up-to-date: /home/GTL/pcastere/ros_hw1/ros2_hw1/install/cs7630_msgs/include/cs7630_msgs/cs7630_msgs/msg/detail/trajectory_element__traits.hpp
[1.316s] -- Up-to-date: /home/GTL/pcastere/ros_hw1/ros2_hw1/install/cs7630_msgs/include/cs7630_msgs/cs7630_msgs/msg/detail/trajectory__builder.hpp
[1.316s] -- Up-to-date: /home/GTL/pcastere/ros_hw1/ros2_hw1/install/cs7630_msgs/include/cs7630_msgs/cs7630_msgs/msg/detail/roi_array__struct.hpp
[1.316s] -- Up-to-date: /home/GTL/pcastere/ros_hw1/ros2_hw1/install/cs7630_msgs/include/cs7630_msgs/cs7630_msgs/msg/detail/trajectory_element__builder.hpp
[1.316s] -- Up-to-date: /home/GTL/pcastere/ros_hw1/ros2_hw1/install/cs7630_msgs/include/cs7630_msgs/cs7630_msgs/msg/detail/roi_array__builder.hpp
[1.316s] -- Up-to-date: /home/GTL/pcastere/ros_hw1/ros2_hw1/install/cs7630_msgs/include/cs7630_msgs/cs7630_msgs/msg/detail/trajectory__struct.hpp
[1.316s] -- Up-to-date: /home/GTL/pcastere/ros_hw1/ros2_hw1/install/cs7630_msgs/include/cs7630_msgs/cs7630_msgs/msg/detail/trajectory__traits.hpp
[1.316s] -- Up-to-date: /home/GTL/pcastere/ros_hw1/ros2_hw1/install/cs7630_msgs/include/cs7630_msgs/cs7630_msgs/msg/detail/roi_array__traits.hpp
[1.316s] -- Up-to-date: /home/GTL/pcastere/ros_hw1/ros2_hw1/install/cs7630_msgs/include/cs7630_msgs/cs7630_msgs/msg/roi_array.hpp
[1.316s] -- Up-to-date: /home/GTL/pcastere/ros_hw1/ros2_hw1/install/cs7630_msgs/include/cs7630_msgs/cs7630_msgs/msg/trajectory.hpp
[1.316s] -- Up-to-date: /home/GTL/pcastere/ros_hw1/ros2_hw1/install/cs7630_msgs/include/cs7630_msgs/cs7630_msgs/msg/trajectory_element.hpp
[1.317s] -- Up-to-date: /home/GTL/pcastere/ros_hw1/ros2_hw1/install/cs7630_msgs/include/cs7630_msgs/cs7630_msgs
[1.318s] -- Up-to-date: /home/GTL/pcastere/ros_hw1/ros2_hw1/install/cs7630_msgs/include/cs7630_msgs/cs7630_msgs/msg
[1.318s] -- Up-to-date: /home/GTL/pcastere/ros_hw1/ros2_hw1/install/cs7630_msgs/include/cs7630_msgs/cs7630_msgs/msg/detail
[1.319s] -- Up-to-date: /home/GTL/pcastere/ros_hw1/ros2_hw1/install/cs7630_msgs/include/cs7630_msgs/cs7630_msgs/msg/detail/roi_array__rosidl_typesupport_fastrtps_cpp.hpp
[1.319s] -- Up-to-date: /home/GTL/pcastere/ros_hw1/ros2_hw1/install/cs7630_msgs/include/cs7630_msgs/cs7630_msgs/msg/detail/dds_fastrtps
[1.321s] -- Up-to-date: /home/GTL/pcastere/ros_hw1/ros2_hw1/install/cs7630_msgs/include/cs7630_msgs/cs7630_msgs/msg/detail/trajectory_element__rosidl_typesupport_fastrtps_cpp.hpp
[1.321s] -- Up-to-date: /home/GTL/pcastere/ros_hw1/ros2_hw1/install/cs7630_msgs/include/cs7630_msgs/cs7630_msgs/msg/detail/trajectory__rosidl_typesupport_fastrtps_cpp.hpp
[1.322s] -- Up-to-date: /home/GTL/pcastere/ros_hw1/ros2_hw1/install/cs7630_msgs/include/cs7630_msgs/cs7630_msgs/msg/rosidl_typesupport_fastrtps_cpp__visibility_control.h
[1.323s] -- Up-to-date: /home/GTL/pcastere/ros_hw1/ros2_hw1/install/cs7630_msgs/lib/libcs7630_msgs__rosidl_typesupport_fastrtps_cpp.so
[1.324s] -- Up-to-date: /home/GTL/pcastere/ros_hw1/ros2_hw1/install/cs7630_msgs/include/cs7630_msgs/cs7630_msgs
[1.325s] -- Up-to-date: /home/GTL/pcastere/ros_hw1/ros2_hw1/install/cs7630_msgs/include/cs7630_msgs/cs7630_msgs/msg
[1.326s] -- Up-to-date: /home/GTL/pcastere/ros_hw1/ros2_hw1/install/cs7630_msgs/include/cs7630_msgs/cs7630_msgs/msg/detail
[1.327s] -- Up-to-date: /home/GTL/pcastere/ros_hw1/ros2_hw1/install/cs7630_msgs/include/cs7630_msgs/cs7630_msgs/msg/detail/roi_array__rosidl_typesupport_introspection_c.h
[1.327s] -- Up-to-date: /home/GTL/pcastere/ros_hw1/ros2_hw1/install/cs7630_msgs/include/cs7630_msgs/cs7630_msgs/msg/detail/trajectory_element__rosidl_typesupport_introspection_c.h
[1.328s] -- Up-to-date: /home/GTL/pcastere/ros_hw1/ros2_hw1/install/cs7630_msgs/include/cs7630_msgs/cs7630_msgs/msg/detail/roi_array__type_support.c
[1.329s] -- Up-to-date: /home/GTL/pcastere/ros_hw1/ros2_hw1/install/cs7630_msgs/include/cs7630_msgs/cs7630_msgs/msg/detail/trajectory__rosidl_typesupport_introspection_c.h
[1.329s] -- Up-to-date: /home/GTL/pcastere/ros_hw1/ros2_hw1/install/cs7630_msgs/include/cs7630_msgs/cs7630_msgs/msg/detail/trajectory_element__type_support.c
[1.330s] -- Up-to-date: /home/GTL/pcastere/ros_hw1/ros2_hw1/install/cs7630_msgs/include/cs7630_msgs/cs7630_msgs/msg/detail/trajectory__type_support.c
[1.331s] -- Up-to-date: /home/GTL/pcastere/ros_hw1/ros2_hw1/install/cs7630_msgs/include/cs7630_msgs/cs7630_msgs/msg/rosidl_typesupport_introspection_c__visibility_control.h
[1.332s] -- Up-to-date: /home/GTL/pcastere/ros_hw1/ros2_hw1/install/cs7630_msgs/lib/libcs7630_msgs__rosidl_typesupport_introspection_c.so
[1.333s] -- Up-to-date: /home/GTL/pcastere/ros_hw1/ros2_hw1/install/cs7630_msgs/lib/libcs7630_msgs__rosidl_typesupport_c.so
[1.334s] -- Up-to-date: /home/GTL/pcastere/ros_hw1/ros2_hw1/install/cs7630_msgs/include/cs7630_msgs/cs7630_msgs
[1.335s] -- Up-to-date: /home/GTL/pcastere/ros_hw1/ros2_hw1/install/cs7630_msgs/include/cs7630_msgs/cs7630_msgs/msg
[1.336s] -- Up-to-date: /home/GTL/pcastere/ros_hw1/ros2_hw1/install/cs7630_msgs/include/cs7630_msgs/cs7630_msgs/msg/detail
[1.337s] -- Up-to-date: /home/GTL/pcastere/ros_hw1/ros2_hw1/install/cs7630_msgs/include/cs7630_msgs/cs7630_msgs/msg/detail/roi_array__type_support.cpp
[1.337s] -- Up-to-date: /home/GTL/pcastere/ros_hw1/ros2_hw1/install/cs7630_msgs/include/cs7630_msgs/cs7630_msgs/msg/detail/trajectory_element__rosidl_typesupport_introspection_cpp.hpp
[1.338s] -- Up-to-date: /home/GTL/pcastere/ros_hw1/ros2_hw1/install/cs7630_msgs/include/cs7630_msgs/cs7630_msgs/msg/detail/roi_array__rosidl_typesupport_introspection_cpp.hpp
[1.338s] -- Up-to-date: /home/GTL/pcastere/ros_hw1/ros2_hw1/install/cs7630_msgs/include/cs7630_msgs/cs7630_msgs/msg/detail/trajectory__rosidl_typesupport_introspection_cpp.hpp
[1.339s] -- Up-to-date: /home/GTL/pcastere/ros_hw1/ros2_hw1/install/cs7630_msgs/include/cs7630_msgs/cs7630_msgs/msg/detail/trajectory_element__type_support.cpp
[1.339s] -- Up-to-date: /home/GTL/pcastere/ros_hw1/ros2_hw1/install/cs7630_msgs/include/cs7630_msgs/cs7630_msgs/msg/detail/trajectory__type_support.cpp
[1.345s] -- Up-to-date: /home/GTL/pcastere/ros_hw1/ros2_hw1/install/cs7630_msgs/lib/libcs7630_msgs__rosidl_typesupport_introspection_cpp.so
[1.345s] -- Up-to-date: /home/GTL/pcastere/ros_hw1/ros2_hw1/install/cs7630_msgs/lib/libcs7630_msgs__rosidl_typesupport_cpp.so
[1.345s] -- Up-to-date: /home/GTL/pcastere/ros_hw1/ros2_hw1/install/cs7630_msgs/share/cs7630_msgs/environment/pythonpath.sh
[1.347s] -- Up-to-date: /home/GTL/pcastere/ros_hw1/ros2_hw1/install/cs7630_msgs/share/cs7630_msgs/environment/pythonpath.dsv
[1.347s] -- Up-to-date: /home/GTL/pcastere/ros_hw1/ros2_hw1/install/cs7630_msgs/local/lib/python3.10/dist-packages/cs7630_msgs-0.0.0-py3.10.egg-info
[1.348s] -- Installing: /home/GTL/pcastere/ros_hw1/ros2_hw1/install/cs7630_msgs/local/lib/python3.10/dist-packages/cs7630_msgs-0.0.0-py3.10.egg-info/dependency_links.txt
[1.353s] -- Installing: /home/GTL/pcastere/ros_hw1/ros2_hw1/install/cs7630_msgs/local/lib/python3.10/dist-packages/cs7630_msgs-0.0.0-py3.10.egg-info/top_level.txt
[1.357s] -- Installing: /home/GTL/pcastere/ros_hw1/ros2_hw1/install/cs7630_msgs/local/lib/python3.10/dist-packages/cs7630_msgs-0.0.0-py3.10.egg-info/PKG-INFO
[1.362s] -- Installing: /home/GTL/pcastere/ros_hw1/ros2_hw1/install/cs7630_msgs/local/lib/python3.10/dist-packages/cs7630_msgs-0.0.0-py3.10.egg-info/SOURCES.txt
[1.367s] -- Up-to-date: /home/GTL/pcastere/ros_hw1/ros2_hw1/install/cs7630_msgs/local/lib/python3.10/dist-packages/cs7630_msgs
[1.368s] -- Up-to-date: /home/GTL/pcastere/ros_hw1/ros2_hw1/install/cs7630_msgs/local/lib/python3.10/dist-packages/cs7630_msgs/msg
[1.369s] -- Up-to-date: /home/GTL/pcastere/ros_hw1/ros2_hw1/install/cs7630_msgs/local/lib/python3.10/dist-packages/cs7630_msgs/msg/_trajectory.py
[1.373s] -- Up-to-date: /home/GTL/pcastere/ros_hw1/ros2_hw1/install/cs7630_msgs/local/lib/python3.10/dist-packages/cs7630_msgs/msg/_roi_array_s.c
[1.373s] -- Up-to-date: /home/GTL/pcastere/ros_hw1/ros2_hw1/install/cs7630_msgs/local/lib/python3.10/dist-packages/cs7630_msgs/msg/_roi_array.py
[1.373s] -- Up-to-date: /home/GTL/pcastere/ros_hw1/ros2_hw1/install/cs7630_msgs/local/lib/python3.10/dist-packages/cs7630_msgs/msg/_trajectory_s.c
[1.373s] -- Up-to-date: /home/GTL/pcastere/ros_hw1/ros2_hw1/install/cs7630_msgs/local/lib/python3.10/dist-packages/cs7630_msgs/msg/__init__.py
[1.373s] -- Up-to-date: /home/GTL/pcastere/ros_hw1/ros2_hw1/install/cs7630_msgs/local/lib/python3.10/dist-packages/cs7630_msgs/msg/_trajectory_element_s.c
[1.373s] -- Up-to-date: /home/GTL/pcastere/ros_hw1/ros2_hw1/install/cs7630_msgs/local/lib/python3.10/dist-packages/cs7630_msgs/msg/_trajectory_element.py
[1.373s] -- Up-to-date: /home/GTL/pcastere/ros_hw1/ros2_hw1/install/cs7630_msgs/local/lib/python3.10/dist-packages/cs7630_msgs/cs7630_msgs_s__rosidl_typesupport_c.cpython-310-x86_64-linux-gnu.so
[1.373s] -- Up-to-date: /home/GTL/pcastere/ros_hw1/ros2_hw1/install/cs7630_msgs/local/lib/python3.10/dist-packages/cs7630_msgs/libcs7630_msgs__rosidl_generator_py.so
[1.375s] -- Up-to-date: /home/GTL/pcastere/ros_hw1/ros2_hw1/install/cs7630_msgs/local/lib/python3.10/dist-packages/cs7630_msgs/cs7630_msgs_s__rosidl_typesupport_fastrtps_c.cpython-310-x86_64-linux-gnu.so
[1.375s] -- Up-to-date: /home/GTL/pcastere/ros_hw1/ros2_hw1/install/cs7630_msgs/local/lib/python3.10/dist-packages/cs7630_msgs/_cs7630_msgs_s.ep.rosidl_typesupport_c.c
[1.375s] -- Up-to-date: /home/GTL/pcastere/ros_hw1/ros2_hw1/install/cs7630_msgs/local/lib/python3.10/dist-packages/cs7630_msgs/cs7630_msgs_s__rosidl_typesupport_introspection_c.cpython-310-x86_64-linux-gnu.so
[1.375s] -- Up-to-date: /home/GTL/pcastere/ros_hw1/ros2_hw1/install/cs7630_msgs/local/lib/python3.10/dist-packages/cs7630_msgs/_cs7630_msgs_s.ep.rosidl_typesupport_fastrtps_c.c
[1.376s] -- Up-to-date: /home/GTL/pcastere/ros_hw1/ros2_hw1/install/cs7630_msgs/local/lib/python3.10/dist-packages/cs7630_msgs/__init__.py
[1.376s] -- Up-to-date: /home/GTL/pcastere/ros_hw1/ros2_hw1/install/cs7630_msgs/local/lib/python3.10/dist-packages/cs7630_msgs/_cs7630_msgs_s.ep.rosidl_typesupport_introspection_c.c
[1.408s] Listing '/home/GTL/pcastere/ros_hw1/ros2_hw1/install/cs7630_msgs/local/lib/python3.10/dist-packages/cs7630_msgs'...
[1.409s] Listing '/home/GTL/pcastere/ros_hw1/ros2_hw1/install/cs7630_msgs/local/lib/python3.10/dist-packages/cs7630_msgs/msg'...
[1.412s] -- Up-to-date: /home/GTL/pcastere/ros_hw1/ros2_hw1/install/cs7630_msgs/local/lib/python3.10/dist-packages/cs7630_msgs/cs7630_msgs_s__rosidl_typesupport_fastrtps_c.cpython-310-x86_64-linux-gnu.so
[1.414s] -- Up-to-date: /home/GTL/pcastere/ros_hw1/ros2_hw1/install/cs7630_msgs/local/lib/python3.10/dist-packages/cs7630_msgs/cs7630_msgs_s__rosidl_typesupport_introspection_c.cpython-310-x86_64-linux-gnu.so
[1.416s] -- Up-to-date: /home/GTL/pcastere/ros_hw1/ros2_hw1/install/cs7630_msgs/local/lib/python3.10/dist-packages/cs7630_msgs/cs7630_msgs_s__rosidl_typesupport_c.cpython-310-x86_64-linux-gnu.so
[1.418s] -- Up-to-date: /home/GTL/pcastere/ros_hw1/ros2_hw1/install/cs7630_msgs/lib/libcs7630_msgs__rosidl_generator_py.so
[1.420s] -- Up-to-date: /home/GTL/pcastere/ros_hw1/ros2_hw1/install/cs7630_msgs/share/cs7630_msgs/msg/ROIArray.idl
[1.420s] -- Up-to-date: /home/GTL/pcastere/ros_hw1/ros2_hw1/install/cs7630_msgs/share/cs7630_msgs/msg/Trajectory.idl
[1.421s] -- Up-to-date: /home/GTL/pcastere/ros_hw1/ros2_hw1/install/cs7630_msgs/share/cs7630_msgs/msg/TrajectoryElement.idl
[1.421s] -- Up-to-date: /home/GTL/pcastere/ros_hw1/ros2_hw1/install/cs7630_msgs/share/cs7630_msgs/msg/ROIArray.msg
[1.422s] -- Up-to-date: /home/GTL/pcastere/ros_hw1/ros2_hw1/install/cs7630_msgs/share/cs7630_msgs/msg/Trajectory.msg
[1.423s] -- Up-to-date: /home/GTL/pcastere/ros_hw1/ros2_hw1/install/cs7630_msgs/share/cs7630_msgs/msg/TrajectoryElement.msg
[1.423s] -- Up-to-date: /home/GTL/pcastere/ros_hw1/ros2_hw1/install/cs7630_msgs/share/ament_index/resource_index/package_run_dependencies/cs7630_msgs
[1.426s] -- Up-to-date: /home/GTL/pcastere/ros_hw1/ros2_hw1/install/cs7630_msgs/share/ament_index/resource_index/parent_prefix_path/cs7630_msgs
[1.426s] -- Up-to-date: /home/GTL/pcastere/ros_hw1/ros2_hw1/install/cs7630_msgs/share/cs7630_msgs/environment/ament_prefix_path.sh
[1.427s] -- Up-to-date: /home/GTL/pcastere/ros_hw1/ros2_hw1/install/cs7630_msgs/share/cs7630_msgs/environment/ament_prefix_path.dsv
[1.428s] -- Up-to-date: /home/GTL/pcastere/ros_hw1/ros2_hw1/install/cs7630_msgs/share/cs7630_msgs/environment/path.sh
[1.428s] -- Up-to-date: /home/GTL/pcastere/ros_hw1/ros2_hw1/install/cs7630_msgs/share/cs7630_msgs/environment/path.dsv
[1.428s] -- Up-to-date: /home/GTL/pcastere/ros_hw1/ros2_hw1/install/cs7630_msgs/share/cs7630_msgs/local_setup.bash
[1.428s] -- Up-to-date: /home/GTL/pcastere/ros_hw1/ros2_hw1/install/cs7630_msgs/share/cs7630_msgs/local_setup.sh
[1.429s] -- Up-to-date: /home/GTL/pcastere/ros_hw1/ros2_hw1/install/cs7630_msgs/share/cs7630_msgs/local_setup.zsh
[1.430s] -- Up-to-date: /home/GTL/pcastere/ros_hw1/ros2_hw1/install/cs7630_msgs/share/cs7630_msgs/local_setup.dsv
[1.431s] -- Installing: /home/GTL/pcastere/ros_hw1/ros2_hw1/install/cs7630_msgs/share/cs7630_msgs/package.dsv
[1.436s] -- Up-to-date: /home/GTL/pcastere/ros_hw1/ros2_hw1/install/cs7630_msgs/share/ament_index/resource_index/packages/cs7630_msgs
[1.439s] -- Up-to-date: /home/GTL/pcastere/ros_hw1/ros2_hw1/install/cs7630_msgs/share/cs7630_msgs/cmake/export_cs7630_msgs__rosidl_generator_cExport.cmake
[1.441s] -- Up-to-date: /home/GTL/pcastere/ros_hw1/ros2_hw1/install/cs7630_msgs/share/cs7630_msgs/cmake/export_cs7630_msgs__rosidl_generator_cExport-noconfig.cmake
[1.442s] -- Up-to-date: /home/GTL/pcastere/ros_hw1/ros2_hw1/install/cs7630_msgs/share/cs7630_msgs/cmake/export_cs7630_msgs__rosidl_typesupport_fastrtps_cExport.cmake
[1.443s] -- Up-to-date: /home/GTL/pcastere/ros_hw1/ros2_hw1/install/cs7630_msgs/share/cs7630_msgs/cmake/export_cs7630_msgs__rosidl_typesupport_fastrtps_cExport-noconfig.cmake
[1.444s] -- Up-to-date: /home/GTL/pcastere/ros_hw1/ros2_hw1/install/cs7630_msgs/share/cs7630_msgs/cmake/export_cs7630_msgs__rosidl_generator_cppExport.cmake
[1.446s] -- Up-to-date: /home/GTL/pcastere/ros_hw1/ros2_hw1/install/cs7630_msgs/share/cs7630_msgs/cmake/export_cs7630_msgs__rosidl_typesupport_fastrtps_cppExport.cmake
[1.447s] -- Up-to-date: /home/GTL/pcastere/ros_hw1/ros2_hw1/install/cs7630_msgs/share/cs7630_msgs/cmake/export_cs7630_msgs__rosidl_typesupport_fastrtps_cppExport-noconfig.cmake
[1.449s] -- Up-to-date: /home/GTL/pcastere/ros_hw1/ros2_hw1/install/cs7630_msgs/share/cs7630_msgs/cmake/cs7630_msgs__rosidl_typesupport_introspection_cExport.cmake
[1.450s] -- Up-to-date: /home/GTL/pcastere/ros_hw1/ros2_hw1/install/cs7630_msgs/share/cs7630_msgs/cmake/cs7630_msgs__rosidl_typesupport_introspection_cExport-noconfig.cmake
[1.452s] -- Up-to-date: /home/GTL/pcastere/ros_hw1/ros2_hw1/install/cs7630_msgs/share/cs7630_msgs/cmake/cs7630_msgs__rosidl_typesupport_cExport.cmake
[1.453s] -- Up-to-date: /home/GTL/pcastere/ros_hw1/ros2_hw1/install/cs7630_msgs/share/cs7630_msgs/cmake/cs7630_msgs__rosidl_typesupport_cExport-noconfig.cmake
[1.456s] -- Up-to-date: /home/GTL/pcastere/ros_hw1/ros2_hw1/install/cs7630_msgs/share/cs7630_msgs/cmake/cs7630_msgs__rosidl_typesupport_introspection_cppExport.cmake
[1.456s] -- Up-to-date: /home/GTL/pcastere/ros_hw1/ros2_hw1/install/cs7630_msgs/share/cs7630_msgs/cmake/cs7630_msgs__rosidl_typesupport_introspection_cppExport-noconfig.cmake
[1.457s] -- Up-to-date: /home/GTL/pcastere/ros_hw1/ros2_hw1/install/cs7630_msgs/share/cs7630_msgs/cmake/cs7630_msgs__rosidl_typesupport_cppExport.cmake
[1.457s] -- Up-to-date: /home/GTL/pcastere/ros_hw1/ros2_hw1/install/cs7630_msgs/share/cs7630_msgs/cmake/cs7630_msgs__rosidl_typesupport_cppExport-noconfig.cmake
[1.459s] -- Up-to-date: /home/GTL/pcastere/ros_hw1/ros2_hw1/install/cs7630_msgs/share/cs7630_msgs/cmake/export_cs7630_msgs__rosidl_generator_pyExport.cmake
[1.460s] -- Up-to-date: /home/GTL/pcastere/ros_hw1/ros2_hw1/install/cs7630_msgs/share/cs7630_msgs/cmake/export_cs7630_msgs__rosidl_generator_pyExport-noconfig.cmake
[1.461s] -- Up-to-date: /home/GTL/pcastere/ros_hw1/ros2_hw1/install/cs7630_msgs/share/cs7630_msgs/cmake/rosidl_cmake-extras.cmake
[1.461s] -- Up-to-date: /home/GTL/pcastere/ros_hw1/ros2_hw1/install/cs7630_msgs/share/cs7630_msgs/cmake/ament_cmake_export_dependencies-extras.cmake
[1.462s] -- Up-to-date: /home/GTL/pcastere/ros_hw1/ros2_hw1/install/cs7630_msgs/share/cs7630_msgs/cmake/ament_cmake_export_include_directories-extras.cmake
[1.462s] -- Up-to-date: /home/GTL/pcastere/ros_hw1/ros2_hw1/install/cs7630_msgs/share/cs7630_msgs/cmake/ament_cmake_export_libraries-extras.cmake
[1.463s] -- Up-to-date: /home/GTL/pcastere/ros_hw1/ros2_hw1/install/cs7630_msgs/share/cs7630_msgs/cmake/ament_cmake_export_targets-extras.cmake
[1.464s] -- Up-to-date: /home/GTL/pcastere/ros_hw1/ros2_hw1/install/cs7630_msgs/share/cs7630_msgs/cmake/rosidl_cmake_export_typesupport_targets-extras.cmake
[1.464s] -- Up-to-date: /home/GTL/pcastere/ros_hw1/ros2_hw1/install/cs7630_msgs/share/cs7630_msgs/cmake/rosidl_cmake_export_typesupport_libraries-extras.cmake
[1.465s] -- Up-to-date: /home/GTL/pcastere/ros_hw1/ros2_hw1/install/cs7630_msgs/share/cs7630_msgs/cmake/cs7630_msgsConfig.cmake
[1.465s] -- Up-to-date: /home/GTL/pcastere/ros_hw1/ros2_hw1/install/cs7630_msgs/share/cs7630_msgs/cmake/cs7630_msgsConfig-version.cmake
[1.466s] -- Up-to-date: /home/GTL/pcastere/ros_hw1/ros2_hw1/install/cs7630_msgs/share/cs7630_msgs/package.xml
[1.527s] Invoked command in '/home/GTL/pcastere/ros_hw1/ros2_hw1/build/cs7630_msgs' returned '0': CMAKE_PREFIX_PATH=${CMAKE_PREFIX_PATH}:/home/GTL/pcastere/ros_hw1/ros2_hw1/install/vrep_ros_teleop:/home/GTL/pcastere/ros_hw1/ros2_hw1/install/task_manager_client_py:/home/GTL/pcastere/ros_hw1/ros2_hw1/install/rover_driver_base:/home/GTL/pcastere/ros_hw1/ros2_hw1/install/keyboard_teleop:/home/GTL/pcastere/ros_hw1/ros2_hw1/install/face_detect_base:/home/GTL/pcastere/ros_hw1/ros2_hw1/install/button_server:/opt/ros/humble /usr/bin/cmake --install /home/GTL/pcastere/ros_hw1/ros2_hw1/build/cs7630_msgs
