[0.232s] Invoking command in '/home/GTL/apaul/ros2_hw1/build/joy_pack': CMAKE_PREFIX_PATH=/opt/ros/humble /usr/bin/cmake --build /home/GTL/apaul/ros2_hw1/build/joy_pack -- -j16 -l16
[0.425s] [100%] Built target joy_node
[0.613s] Invoked command in '/home/GTL/apaul/ros2_hw1/build/joy_pack' returned '0': CMAKE_PREFIX_PATH=/opt/ros/humble /usr/bin/cmake --build /home/GTL/apaul/ros2_hw1/build/joy_pack -- -j16 -l16
[0.639s] Invoking command in '/home/GTL/apaul/ros2_hw1/build/joy_pack': CMAKE_PREFIX_PATH=/opt/ros/humble /usr/bin/cmake --install /home/GTL/apaul/ros2_hw1/build/joy_pack
[0.644s] -- Install configuration: ""
[0.644s] -- Up-to-date: /home/GTL/apaul/ros2_hw1/install/joy_pack/lib/joy_pack/joy_node
[0.644s] -- Up-to-date: /home/GTL/apaul/ros2_hw1/install/joy_pack/share/ament_index/resource_index/package_run_dependencies/joy_pack
[0.645s] -- Up-to-date: /home/GTL/apaul/ros2_hw1/install/joy_pack/share/ament_index/resource_index/parent_prefix_path/joy_pack
[0.645s] -- Up-to-date: /home/GTL/apaul/ros2_hw1/install/joy_pack/share/joy_pack/environment/ament_prefix_path.sh
[0.645s] -- Up-to-date: /home/GTL/apaul/ros2_hw1/install/joy_pack/share/joy_pack/environment/ament_prefix_path.dsv
[0.646s] -- Up-to-date: /home/GTL/apaul/ros2_hw1/install/joy_pack/share/joy_pack/environment/path.sh
[0.646s] -- Up-to-date: /home/GTL/apaul/ros2_hw1/install/joy_pack/share/joy_pack/environment/path.dsv
[0.646s] -- Up-to-date: /home/GTL/apaul/ros2_hw1/install/joy_pack/share/joy_pack/local_setup.bash
[0.647s] -- Up-to-date: /home/GTL/apaul/ros2_hw1/install/joy_pack/share/joy_pack/local_setup.sh
[0.647s] -- Up-to-date: /home/GTL/apaul/ros2_hw1/install/joy_pack/share/joy_pack/local_setup.zsh
[0.647s] -- Up-to-date: /home/GTL/apaul/ros2_hw1/install/joy_pack/share/joy_pack/local_setup.dsv
[0.648s] -- Installing: /home/GTL/apaul/ros2_hw1/install/joy_pack/share/joy_pack/package.dsv
[0.652s] -- Up-to-date: /home/GTL/apaul/ros2_hw1/install/joy_pack/share/ament_index/resource_index/packages/joy_pack
[0.652s] -- Up-to-date: /home/GTL/apaul/ros2_hw1/install/joy_pack/share/joy_pack/cmake/joy_packConfig.cmake
[0.652s] -- Up-to-date: /home/GTL/apaul/ros2_hw1/install/joy_pack/share/joy_pack/cmake/joy_packConfig-version.cmake
[0.653s] -- Up-to-date: /home/GTL/apaul/ros2_hw1/install/joy_pack/share/joy_pack/package.xml
[0.655s] Invoked command in '/home/GTL/apaul/ros2_hw1/build/joy_pack' returned '0': CMAKE_PREFIX_PATH=/opt/ros/humble /usr/bin/cmake --install /home/GTL/apaul/ros2_hw1/build/joy_pack
