[0.284s] Invoking command in '/home/GTL/pcastere/ros_hw1/ros2_hw1/build/joy_pack': CMAKE_PREFIX_PATH=/opt/ros/humble /usr/bin/cmake /home/GTL/pcastere/ros_hw1/ros2_hw1/src/joy_pack -DCMAKE_INSTALL_PREFIX=/home/GTL/pcastere/ros_hw1/ros2_hw1/install/joy_pack
[0.486s] -- The C compiler identification is GNU 11.4.0
[0.486s] -- The CXX compiler identification is GNU 11.4.0
[0.486s] -- Detecting C compiler ABI info
[0.532s] -- Detecting C compiler ABI info - done
[0.539s] -- Check for working C compiler: /usr/bin/cc - skipped
[0.540s] -- Detecting C compile features
[0.540s] -- Detecting C compile features - done
[0.549s] -- Detecting CXX compiler ABI info
[0.666s] -- Detecting CXX compiler ABI info - done
[0.675s] -- Check for working CXX compiler: /usr/bin/c++ - skipped
[0.676s] -- Detecting CXX compile features
[0.676s] -- Detecting CXX compile features - done
[0.693s] -- Found ament_cmake: 1.3.10 (/opt/ros/humble/share/ament_cmake/cmake)
[0.790s] -- Found Python3: /usr/bin/python3 (found version "3.10.12") found components: Interpreter 
[0.873s] -- Found rclcpp: 16.0.10 (/opt/ros/humble/share/rclcpp/cmake)
[0.901s] -- Found rosidl_generator_c: 3.1.5 (/opt/ros/humble/share/rosidl_generator_c/cmake)
[0.904s] -- Found rosidl_adapter: 3.1.5 (/opt/ros/humble/share/rosidl_adapter/cmake)
[0.910s] -- Found rosidl_generator_cpp: 3.1.5 (/opt/ros/humble/share/rosidl_generator_cpp/cmake)
[0.918s] -- Using all available rosidl_typesupport_c: rosidl_typesupport_fastrtps_c;rosidl_typesupport_introspection_c
[0.928s] -- Using all available rosidl_typesupport_cpp: rosidl_typesupport_fastrtps_cpp;rosidl_typesupport_introspection_cpp
[0.958s] -- Found rmw_implementation_cmake: 6.1.2 (/opt/ros/humble/share/rmw_implementation_cmake/cmake)
[0.959s] -- Found rmw_cyclonedds_cpp: 1.3.4 (/opt/ros/humble/share/rmw_cyclonedds_cpp/cmake)
[0.973s] -- Using RMW implementation 'rmw_cyclonedds_cpp' as default
[0.983s] -- Looking for pthread.h
[1.112s] -- Looking for pthread.h - found
[1.114s] -- Performing Test CMAKE_HAVE_LIBC_PTHREAD
[1.229s] -- Performing Test CMAKE_HAVE_LIBC_PTHREAD - Success
[1.230s] -- Found Threads: TRUE  
[1.265s] -- Found sensor_msgs: 4.2.4 (/opt/ros/humble/share/sensor_msgs/cmake)
[1.286s] -- Found ament_lint_auto: 0.12.11 (/opt/ros/humble/share/ament_lint_auto/cmake)
[1.537s] -- Added test 'cppcheck' to perform static code analysis on C / C++ code
[1.537s] -- Configured cppcheck include dirs: 
[1.537s] -- Configured cppcheck exclude dirs and/or files: 
[1.555s] -- Added test 'flake8' to check Python code syntax and style conventions
[1.583s] -- Added test 'lint_cmake' to check CMake code style
[1.600s] -- Added test 'pep257' to check Python code against some of the docstring style conventions in PEP 257
[1.721s] -- Added test 'uncrustify' to check C / C++ code style
[1.721s] -- Configured uncrustify additional arguments: 
[1.736s] -- Added test 'xmllint' to check XML markup files
[1.755s] -- Configuring done
[1.908s] -- Generating done
[1.926s] -- Build files have been written to: /home/GTL/pcastere/ros_hw1/ros2_hw1/build/joy_pack
[1.932s] Invoked command in '/home/GTL/pcastere/ros_hw1/ros2_hw1/build/joy_pack' returned '0': CMAKE_PREFIX_PATH=/opt/ros/humble /usr/bin/cmake /home/GTL/pcastere/ros_hw1/ros2_hw1/src/joy_pack -DCMAKE_INSTALL_PREFIX=/home/GTL/pcastere/ros_hw1/ros2_hw1/install/joy_pack
[1.942s] Invoking command in '/home/GTL/pcastere/ros_hw1/ros2_hw1/build/joy_pack': CMAKE_PREFIX_PATH=/opt/ros/humble /usr/bin/cmake --build /home/GTL/pcastere/ros_hw1/ros2_hw1/build/joy_pack -- -j16 -l16
[1.991s] [ 50%] [32mBuilding CXX object CMakeFiles/joy_node.dir/src/joy_function.cpp.o[0m
[14.051s] [100%] [32m[1mLinking CXX executable joy_node[0m
[14.380s] [100%] Built target joy_node
[14.389s] Invoked command in '/home/GTL/pcastere/ros_hw1/ros2_hw1/build/joy_pack' returned '0': CMAKE_PREFIX_PATH=/opt/ros/humble /usr/bin/cmake --build /home/GTL/pcastere/ros_hw1/ros2_hw1/build/joy_pack -- -j16 -l16
[14.409s] Invoking command in '/home/GTL/pcastere/ros_hw1/ros2_hw1/build/joy_pack': CMAKE_PREFIX_PATH=/opt/ros/humble /usr/bin/cmake --install /home/GTL/pcastere/ros_hw1/ros2_hw1/build/joy_pack
[14.418s] -- Install configuration: ""
[14.423s] -- Installing: /home/GTL/pcastere/ros_hw1/ros2_hw1/install/joy_pack/lib/joy_pack/joy_node
[14.462s] -- Set runtime path of "/home/GTL/pcastere/ros_hw1/ros2_hw1/install/joy_pack/lib/joy_pack/joy_node" to ""
[14.468s] -- Installing: /home/GTL/pcastere/ros_hw1/ros2_hw1/install/joy_pack/share/ament_index/resource_index/package_run_dependencies/joy_pack
[14.475s] -- Installing: /home/GTL/pcastere/ros_hw1/ros2_hw1/install/joy_pack/share/ament_index/resource_index/parent_prefix_path/joy_pack
[14.482s] -- Installing: /home/GTL/pcastere/ros_hw1/ros2_hw1/install/joy_pack/share/joy_pack/environment/ament_prefix_path.sh
[14.486s] -- Installing: /home/GTL/pcastere/ros_hw1/ros2_hw1/install/joy_pack/share/joy_pack/environment/ament_prefix_path.dsv
[14.490s] -- Installing: /home/GTL/pcastere/ros_hw1/ros2_hw1/install/joy_pack/share/joy_pack/environment/path.sh
[14.494s] -- Installing: /home/GTL/pcastere/ros_hw1/ros2_hw1/install/joy_pack/share/joy_pack/environment/path.dsv
[14.497s] -- Installing: /home/GTL/pcastere/ros_hw1/ros2_hw1/install/joy_pack/share/joy_pack/local_setup.bash
[14.501s] -- Installing: /home/GTL/pcastere/ros_hw1/ros2_hw1/install/joy_pack/share/joy_pack/local_setup.sh
[14.505s] -- Installing: /home/GTL/pcastere/ros_hw1/ros2_hw1/install/joy_pack/share/joy_pack/local_setup.zsh
[14.509s] -- Installing: /home/GTL/pcastere/ros_hw1/ros2_hw1/install/joy_pack/share/joy_pack/local_setup.dsv
[14.513s] -- Installing: /home/GTL/pcastere/ros_hw1/ros2_hw1/install/joy_pack/share/joy_pack/package.dsv
[14.521s] -- Installing: /home/GTL/pcastere/ros_hw1/ros2_hw1/install/joy_pack/share/ament_index/resource_index/packages/joy_pack
[14.527s] -- Installing: /home/GTL/pcastere/ros_hw1/ros2_hw1/install/joy_pack/share/joy_pack/cmake/joy_packConfig.cmake
[14.530s] -- Installing: /home/GTL/pcastere/ros_hw1/ros2_hw1/install/joy_pack/share/joy_pack/cmake/joy_packConfig-version.cmake
[14.535s] -- Installing: /home/GTL/pcastere/ros_hw1/ros2_hw1/install/joy_pack/share/joy_pack/package.xml
[14.541s] Invoked command in '/home/GTL/pcastere/ros_hw1/ros2_hw1/build/joy_pack' returned '0': CMAKE_PREFIX_PATH=/opt/ros/humble /usr/bin/cmake --install /home/GTL/pcastere/ros_hw1/ros2_hw1/build/joy_pack
