[35m[1mConsolidate compiler generated dependencies of target obstacle_avoidance_base[0m
[100%] Built target obstacle_avoidance_base
-- Install configuration: ""
-- Up-to-date: /home/GTL/apaul/ros2_hw1/install/obstacle_avoidance_base/lib/obstacle_avoidance_base/obstacle_avoidance_base
-- Up-to-date: /home/GTL/apaul/ros2_hw1/install/obstacle_avoidance_base/share/obstacle_avoidance_base
-- Up-to-date: /home/GTL/apaul/ros2_hw1/install/obstacle_avoidance_base/share/obstacle_avoidance_base/teleop_mux_planner_oa.launch.py
-- Installing: /home/GTL/apaul/ros2_hw1/install/obstacle_avoidance_base/share/obstacle_avoidance_base/teleop_mux_oa.launch.py
-- Up-to-date: /home/GTL/apaul/ros2_hw1/install/obstacle_avoidance_base/share/ament_index/resource_index/package_run_dependencies/obstacle_avoidance_base
-- Up-to-date: /home/GTL/apaul/ros2_hw1/install/obstacle_avoidance_base/share/ament_index/resource_index/parent_prefix_path/obstacle_avoidance_base
-- Up-to-date: /home/GTL/apaul/ros2_hw1/install/obstacle_avoidance_base/share/obstacle_avoidance_base/environment/ament_prefix_path.sh
-- Up-to-date: /home/GTL/apaul/ros2_hw1/install/obstacle_avoidance_base/share/obstacle_avoidance_base/environment/ament_prefix_path.dsv
-- Up-to-date: /home/GTL/apaul/ros2_hw1/install/obstacle_avoidance_base/share/obstacle_avoidance_base/environment/path.sh
-- Up-to-date: /home/GTL/apaul/ros2_hw1/install/obstacle_avoidance_base/share/obstacle_avoidance_base/environment/path.dsv
-- Up-to-date: /home/GTL/apaul/ros2_hw1/install/obstacle_avoidance_base/share/obstacle_avoidance_base/local_setup.bash
-- Up-to-date: /home/GTL/apaul/ros2_hw1/install/obstacle_avoidance_base/share/obstacle_avoidance_base/local_setup.sh
-- Up-to-date: /home/GTL/apaul/ros2_hw1/install/obstacle_avoidance_base/share/obstacle_avoidance_base/local_setup.zsh
-- Up-to-date: /home/GTL/apaul/ros2_hw1/install/obstacle_avoidance_base/share/obstacle_avoidance_base/local_setup.dsv
-- Installing: /home/GTL/apaul/ros2_hw1/install/obstacle_avoidance_base/share/obstacle_avoidance_base/package.dsv
-- Up-to-date: /home/GTL/apaul/ros2_hw1/install/obstacle_avoidance_base/share/ament_index/resource_index/packages/obstacle_avoidance_base
-- Up-to-date: /home/GTL/apaul/ros2_hw1/install/obstacle_avoidance_base/share/obstacle_avoidance_base/cmake/obstacle_avoidance_baseConfig.cmake
-- Up-to-date: /home/GTL/apaul/ros2_hw1/install/obstacle_avoidance_base/share/obstacle_avoidance_base/cmake/obstacle_avoidance_baseConfig-version.cmake
-- Up-to-date: /home/GTL/apaul/ros2_hw1/install/obstacle_avoidance_base/share/obstacle_avoidance_base/package.xml
