[0.020s] Invoking command in '/home/GTL/apaul/ros2_hw1/src/joy_pack/build/joy_pack': CMAKE_PREFIX_PATH=/opt/ros/humble /usr/bin/cmake /home/GTL/apaul/ros2_hw1/src/joy_pack -DCMAKE_INSTALL_PREFIX=/home/GTL/apaul/ros2_hw1/src/joy_pack/install/joy_pack
[0.081s] -- The C compiler identification is GNU 11.4.0
[0.139s] -- The CXX compiler identification is GNU 11.4.0
[0.150s] -- Detecting C compiler ABI info
[0.277s] -- Detecting C compiler ABI info - done
[0.286s] -- Check for working C compiler: /usr/bin/cc - skipped
[0.286s] -- Detecting C compile features
[0.287s] -- Detecting C compile features - done
[0.297s] -- Detecting CXX compiler ABI info
[0.425s] -- Detecting CXX compiler ABI info - done
[0.434s] -- Check for working CXX compiler: /usr/bin/c++ - skipped
[0.434s] -- Detecting CXX compile features
[0.435s] -- Detecting CXX compile features - done
[0.444s] -- Found ament_cmake: 1.3.10 (/opt/ros/humble/share/ament_cmake/cmake)
[0.534s] -- Found Python3: /usr/bin/python3 (found version "3.10.12") found components: Interpreter 
[0.619s] [31mCMake Error at /opt/ros/humble/share/ament_cmake_target_dependencies/cmake/ament_target_dependencies.cmake:77 (message):
[0.620s]   ament_target_dependencies() the passed package name 'rclcpp' was not found
[0.620s]   before
[0.620s] Call Stack (most recent call first):
[0.620s]   CMakeLists.txt:14 (ament_target_dependencies)
[0.620s] 
[0.620s] [0m
[0.620s] -- Configuring incomplete, errors occurred!
[0.621s] See also "/home/GTL/apaul/ros2_hw1/src/joy_pack/build/joy_pack/CMakeFiles/CMakeOutput.log".
[0.628s] Invoked command in '/home/GTL/apaul/ros2_hw1/src/joy_pack/build/joy_pack' returned '1': CMAKE_PREFIX_PATH=/opt/ros/humble /usr/bin/cmake /home/GTL/apaul/ros2_hw1/src/joy_pack -DCMAKE_INSTALL_PREFIX=/home/GTL/apaul/ros2_hw1/src/joy_pack/install/joy_pack
