[0.064s] Invoking command in '/home/GTL/apaul/ros2_hw1/build/task_manager_lib': CMAKE_PREFIX_PATH=/home/GTL/apaul/ros2_hw1/install/task_manager_msgs:/home/GTL/apaul/ros2_hw1/install/vrep4_helpers:/home/GTL/apaul/ros2_hw1/install/task_manager_sync:/home/GTL/apaul/ros2_hw1/install/floor_nav:/home/GTL/apaul/ros2_hw1/install/task_manager_nav2:/home/GTL/apaul/ros2_hw1/install/task_manager_lib:/home/GTL/apaul/ros2_hw1/install/joy_pack:/home/GTL/apaul/ros2_hw1/install/face_msg:/home/GTL/apaul/ros2_hw1/install/cs7630_msgs:/home/GTL/apaul/ros2_hw1/install/collision_avoidance_base:/home/GTL/apaul/ros2_hw1/install/vrep_ros_teleop:/home/GTL/apaul/ros2_hw1/install/task_manager_client_py:/home/GTL/apaul/ros2_hw1/install/keyboard_teleop:/home/GTL/apaul/ros2_hw1/install/face_detect_base:/home/GTL/apaul/ros2_hw1/install/button_server:/opt/ros/humble LD_LIBRARY_PATH=/home/GTL/apaul/ros2_hw1/install/task_manager_msgs/lib:/home/GTL/apaul/ros2_hw1/install/task_manager_sync/lib:/home/GTL/apaul/ros2_hw1/install/task_manager_lib/lib:/home/GTL/apaul/ros2_hw1/install/face_msg/lib:/home/GTL/apaul/ros2_hw1/install/cs7630_msgs/lib:/usr/lib/x86_64-linux-gnu/gazebo-11/plugins:/opt/ros/humble/opt/rviz_ogre_vendor/lib:/opt/ros/humble/lib/x86_64-linux-gnu:/opt/ros/humble/lib /usr/bin/cmake --build /home/GTL/apaul/ros2_hw1/build/task_manager_lib -- -j16 -l16
[0.178s] [100%] Built target task_manager_lib
[0.325s] Invoked command in '/home/GTL/apaul/ros2_hw1/build/task_manager_lib' returned '0': CMAKE_PREFIX_PATH=/home/GTL/apaul/ros2_hw1/install/task_manager_msgs:/home/GTL/apaul/ros2_hw1/install/vrep4_helpers:/home/GTL/apaul/ros2_hw1/install/task_manager_sync:/home/GTL/apaul/ros2_hw1/install/floor_nav:/home/GTL/apaul/ros2_hw1/install/task_manager_nav2:/home/GTL/apaul/ros2_hw1/install/task_manager_lib:/home/GTL/apaul/ros2_hw1/install/joy_pack:/home/GTL/apaul/ros2_hw1/install/face_msg:/home/GTL/apaul/ros2_hw1/install/cs7630_msgs:/home/GTL/apaul/ros2_hw1/install/collision_avoidance_base:/home/GTL/apaul/ros2_hw1/install/vrep_ros_teleop:/home/GTL/apaul/ros2_hw1/install/task_manager_client_py:/home/GTL/apaul/ros2_hw1/install/keyboard_teleop:/home/GTL/apaul/ros2_hw1/install/face_detect_base:/home/GTL/apaul/ros2_hw1/install/button_server:/opt/ros/humble LD_LIBRARY_PATH=/home/GTL/apaul/ros2_hw1/install/task_manager_msgs/lib:/home/GTL/apaul/ros2_hw1/install/task_manager_sync/lib:/home/GTL/apaul/ros2_hw1/install/task_manager_lib/lib:/home/GTL/apaul/ros2_hw1/install/face_msg/lib:/home/GTL/apaul/ros2_hw1/install/cs7630_msgs/lib:/usr/lib/x86_64-linux-gnu/gazebo-11/plugins:/opt/ros/humble/opt/rviz_ogre_vendor/lib:/opt/ros/humble/lib/x86_64-linux-gnu:/opt/ros/humble/lib /usr/bin/cmake --build /home/GTL/apaul/ros2_hw1/build/task_manager_lib -- -j16 -l16
[0.350s] Invoking command in '/home/GTL/apaul/ros2_hw1/build/task_manager_lib': CMAKE_PREFIX_PATH=/home/GTL/apaul/ros2_hw1/install/task_manager_msgs:/home/GTL/apaul/ros2_hw1/install/vrep4_helpers:/home/GTL/apaul/ros2_hw1/install/task_manager_sync:/home/GTL/apaul/ros2_hw1/install/floor_nav:/home/GTL/apaul/ros2_hw1/install/task_manager_nav2:/home/GTL/apaul/ros2_hw1/install/task_manager_lib:/home/GTL/apaul/ros2_hw1/install/joy_pack:/home/GTL/apaul/ros2_hw1/install/face_msg:/home/GTL/apaul/ros2_hw1/install/cs7630_msgs:/home/GTL/apaul/ros2_hw1/install/collision_avoidance_base:/home/GTL/apaul/ros2_hw1/install/vrep_ros_teleop:/home/GTL/apaul/ros2_hw1/install/task_manager_client_py:/home/GTL/apaul/ros2_hw1/install/keyboard_teleop:/home/GTL/apaul/ros2_hw1/install/face_detect_base:/home/GTL/apaul/ros2_hw1/install/button_server:/opt/ros/humble LD_LIBRARY_PATH=/home/GTL/apaul/ros2_hw1/install/task_manager_msgs/lib:/home/GTL/apaul/ros2_hw1/install/task_manager_sync/lib:/home/GTL/apaul/ros2_hw1/install/task_manager_lib/lib:/home/GTL/apaul/ros2_hw1/install/face_msg/lib:/home/GTL/apaul/ros2_hw1/install/cs7630_msgs/lib:/usr/lib/x86_64-linux-gnu/gazebo-11/plugins:/opt/ros/humble/opt/rviz_ogre_vendor/lib:/opt/ros/humble/lib/x86_64-linux-gnu:/opt/ros/humble/lib /usr/bin/cmake --install /home/GTL/apaul/ros2_hw1/build/task_manager_lib
[0.355s] -- Install configuration: ""
[0.356s] -- Up-to-date: /home/GTL/apaul/ros2_hw1/install/task_manager_lib/lib/libtask_manager_lib.so
[0.358s] -- Up-to-date: /home/GTL/apaul/ros2_hw1/install/task_manager_lib/include/task_manager_lib
[0.360s] -- Up-to-date: /home/GTL/apaul/ros2_hw1/install/task_manager_lib/include/task_manager_lib/TaskServerDefault.h
[0.360s] -- Up-to-date: /home/GTL/apaul/ros2_hw1/install/task_manager_lib/include/task_manager_lib/TaskWaitDefault.h
[0.362s] -- Up-to-date: /home/GTL/apaul/ros2_hw1/install/task_manager_lib/include/task_manager_lib/TaskClient.h
[0.363s] -- Up-to-date: /home/GTL/apaul/ros2_hw1/install/task_manager_lib/include/task_manager_lib/ServiceStorage.h
[0.363s] -- Up-to-date: /home/GTL/apaul/ros2_hw1/install/task_manager_lib/include/task_manager_lib/TaskScheduler.h
[0.365s] -- Up-to-date: /home/GTL/apaul/ros2_hw1/install/task_manager_lib/include/task_manager_lib/DynamicTask.h
[0.365s] -- Up-to-date: /home/GTL/apaul/ros2_hw1/install/task_manager_lib/include/task_manager_lib/TaskEnvironment.h
[0.366s] -- Up-to-date: /home/GTL/apaul/ros2_hw1/install/task_manager_lib/include/task_manager_lib/TaskInstance.h
[0.367s] -- Up-to-date: /home/GTL/apaul/ros2_hw1/install/task_manager_lib/include/task_manager_lib/ParameterList.h
[0.368s] -- Up-to-date: /home/GTL/apaul/ros2_hw1/install/task_manager_lib/include/task_manager_lib/TaskIdleDefault.h
[0.370s] -- Up-to-date: /home/GTL/apaul/ros2_hw1/install/task_manager_lib/include/task_manager_lib/TaskServiceGeneric.h
[0.371s] -- Up-to-date: /home/GTL/apaul/ros2_hw1/install/task_manager_lib/include/task_manager_lib/TaskParameterDefinition.h
[0.371s] -- Up-to-date: /home/GTL/apaul/ros2_hw1/install/task_manager_lib/include/task_manager_lib/TaskSystem.h
[0.372s] -- Up-to-date: /home/GTL/apaul/ros2_hw1/install/task_manager_lib/include/task_manager_lib/TaskDefinition.h
[0.373s] -- Up-to-date: /home/GTL/apaul/ros2_hw1/install/task_manager_lib/include/task_manager_lib/TaskConfig.h
[0.373s] -- Up-to-date: /home/GTL/apaul/ros2_hw1/install/task_manager_lib/include/task_manager_lib/TaskActionGeneric.h
[0.374s] -- Up-to-date: /home/GTL/apaul/ros2_hw1/install/task_manager_lib/share/task_manager_lib/environment/library_path.sh
[0.376s] -- Up-to-date: /home/GTL/apaul/ros2_hw1/install/task_manager_lib/share/task_manager_lib/environment/library_path.dsv
[0.376s] -- Up-to-date: /home/GTL/apaul/ros2_hw1/install/task_manager_lib/share/ament_index/resource_index/package_run_dependencies/task_manager_lib
[0.378s] -- Up-to-date: /home/GTL/apaul/ros2_hw1/install/task_manager_lib/share/ament_index/resource_index/parent_prefix_path/task_manager_lib
[0.378s] -- Up-to-date: /home/GTL/apaul/ros2_hw1/install/task_manager_lib/share/task_manager_lib/environment/ament_prefix_path.sh
[0.380s] -- Up-to-date: /home/GTL/apaul/ros2_hw1/install/task_manager_lib/share/task_manager_lib/environment/ament_prefix_path.dsv
[0.380s] -- Up-to-date: /home/GTL/apaul/ros2_hw1/install/task_manager_lib/share/task_manager_lib/environment/path.sh
[0.382s] -- Up-to-date: /home/GTL/apaul/ros2_hw1/install/task_manager_lib/share/task_manager_lib/environment/path.dsv
[0.383s] -- Up-to-date: /home/GTL/apaul/ros2_hw1/install/task_manager_lib/share/task_manager_lib/local_setup.bash
[0.383s] -- Up-to-date: /home/GTL/apaul/ros2_hw1/install/task_manager_lib/share/task_manager_lib/local_setup.sh
[0.385s] -- Up-to-date: /home/GTL/apaul/ros2_hw1/install/task_manager_lib/share/task_manager_lib/local_setup.zsh
[0.385s] -- Up-to-date: /home/GTL/apaul/ros2_hw1/install/task_manager_lib/share/task_manager_lib/local_setup.dsv
[0.387s] -- Installing: /home/GTL/apaul/ros2_hw1/install/task_manager_lib/share/task_manager_lib/package.dsv
[0.395s] -- Up-to-date: /home/GTL/apaul/ros2_hw1/install/task_manager_lib/share/ament_index/resource_index/packages/task_manager_lib
[0.397s] -- Up-to-date: /home/GTL/apaul/ros2_hw1/install/task_manager_lib/share/task_manager_lib/cmake/ament_cmake_export_dependencies-extras.cmake
[0.398s] -- Up-to-date: /home/GTL/apaul/ros2_hw1/install/task_manager_lib/share/task_manager_lib/cmake/ament_cmake_export_include_directories-extras.cmake
[0.399s] -- Up-to-date: /home/GTL/apaul/ros2_hw1/install/task_manager_lib/share/task_manager_lib/cmake/ament_cmake_export_libraries-extras.cmake
[0.400s] -- Up-to-date: /home/GTL/apaul/ros2_hw1/install/task_manager_lib/share/task_manager_lib/cmake/task_manager_libConfig.cmake
[0.401s] -- Up-to-date: /home/GTL/apaul/ros2_hw1/install/task_manager_lib/share/task_manager_lib/cmake/task_manager_libConfig-version.cmake
[0.401s] -- Up-to-date: /home/GTL/apaul/ros2_hw1/install/task_manager_lib/share/task_manager_lib/package.xml
[0.407s] Invoked command in '/home/GTL/apaul/ros2_hw1/build/task_manager_lib' returned '0': CMAKE_PREFIX_PATH=/home/GTL/apaul/ros2_hw1/install/task_manager_msgs:/home/GTL/apaul/ros2_hw1/install/vrep4_helpers:/home/GTL/apaul/ros2_hw1/install/task_manager_sync:/home/GTL/apaul/ros2_hw1/install/floor_nav:/home/GTL/apaul/ros2_hw1/install/task_manager_nav2:/home/GTL/apaul/ros2_hw1/install/task_manager_lib:/home/GTL/apaul/ros2_hw1/install/joy_pack:/home/GTL/apaul/ros2_hw1/install/face_msg:/home/GTL/apaul/ros2_hw1/install/cs7630_msgs:/home/GTL/apaul/ros2_hw1/install/collision_avoidance_base:/home/GTL/apaul/ros2_hw1/install/vrep_ros_teleop:/home/GTL/apaul/ros2_hw1/install/task_manager_client_py:/home/GTL/apaul/ros2_hw1/install/keyboard_teleop:/home/GTL/apaul/ros2_hw1/install/face_detect_base:/home/GTL/apaul/ros2_hw1/install/button_server:/opt/ros/humble LD_LIBRARY_PATH=/home/GTL/apaul/ros2_hw1/install/task_manager_msgs/lib:/home/GTL/apaul/ros2_hw1/install/task_manager_sync/lib:/home/GTL/apaul/ros2_hw1/install/task_manager_lib/lib:/home/GTL/apaul/ros2_hw1/install/face_msg/lib:/home/GTL/apaul/ros2_hw1/install/cs7630_msgs/lib:/usr/lib/x86_64-linux-gnu/gazebo-11/plugins:/opt/ros/humble/opt/rviz_ogre_vendor/lib:/opt/ros/humble/lib/x86_64-linux-gnu:/opt/ros/humble/lib /usr/bin/cmake --install /home/GTL/apaul/ros2_hw1/build/task_manager_lib
