[0.240s] Invoking command in '/home/GTL/pcastere/ros_hw1/ros2_hw1/build/task_manager_msgs': CMAKE_PREFIX_PATH=${CMAKE_PREFIX_PATH}:/home/GTL/pcastere/ros_hw1/ros2_hw1/install/vrep_ros_teleop:/home/GTL/pcastere/ros_hw1/ros2_hw1/install/task_manager_client_py:/home/GTL/pcastere/ros_hw1/ros2_hw1/install/rover_driver_base:/home/GTL/pcastere/ros_hw1/ros2_hw1/install/keyboard_teleop:/home/GTL/pcastere/ros_hw1/ros2_hw1/install/face_detect_base:/home/GTL/pcastere/ros_hw1/ros2_hw1/install/button_server:/opt/ros/humble /usr/bin/cmake --build /home/GTL/pcastere/ros_hw1/ros2_hw1/build/task_manager_msgs -- -j16 -l16
[1.579s] [  0%] Built target task_manager_msgs__cpp
[1.579s] [35m[1mConsolidate compiler generated dependencies of target task_manager_msgs__rosidl_generator_c[0m
[1.579s] [35m[1mConsolidate compiler generated dependencies of target task_manager_msgs__rosidl_typesupport_cpp[0m
[1.579s] [ 12%] Built target task_manager_msgs__rosidl_generator_c
[1.579s] [35m[1mConsolidate compiler generated dependencies of target task_manager_msgs__rosidl_typesupport_fastrtps_cpp[0m
[1.579s] [35m[1mConsolidate compiler generated dependencies of target task_manager_msgs__rosidl_typesupport_introspection_c[0m
[1.579s] [ 23%] Built target task_manager_msgs__rosidl_typesupport_cpp
[1.579s] [35m[1mConsolidate compiler generated dependencies of target task_manager_msgs__rosidl_typesupport_introspection_cpp[0m
[1.579s] [35m[1mConsolidate compiler generated dependencies of target task_manager_msgs__rosidl_typesupport_c[0m
[1.580s] [ 41%] Built target task_manager_msgs__rosidl_typesupport_fastrtps_cpp
[1.580s] [ 51%] Built target task_manager_msgs__rosidl_typesupport_introspection_c
[1.580s] [ 70%] Built target task_manager_msgs__rosidl_typesupport_c
[1.580s] [ 70%] Built target task_manager_msgs__rosidl_typesupport_introspection_cpp
[1.580s] [35m[1mConsolidate compiler generated dependencies of target task_manager_msgs__rosidl_typesupport_fastrtps_c[0m
[1.580s] [ 70%] Built target ament_cmake_python_copy_task_manager_msgs
[1.580s] [ 82%] Built target task_manager_msgs__rosidl_typesupport_fastrtps_c
[1.580s] [ 82%] Built target task_manager_msgs
[1.580s] [35m[1mConsolidate compiler generated dependencies of target task_manager_msgs_encapsulate[0m
[1.580s] [ 83%] Built target task_manager_msgs__py
[1.580s] [35m[1mConsolidate compiler generated dependencies of target task_manager_msgs__rosidl_generator_py[0m
[1.580s] [ 85%] Built target task_manager_msgs_encapsulate
[1.580s] [ 95%] Built target task_manager_msgs__rosidl_generator_py
[1.580s] [35m[1mConsolidate compiler generated dependencies of target task_manager_msgs__rosidl_typesupport_c__pyext[0m
[1.580s] [35m[1mConsolidate compiler generated dependencies of target task_manager_msgs__rosidl_typesupport_introspection_c__pyext[0m
[1.580s] [35m[1mConsolidate compiler generated dependencies of target task_manager_msgs__rosidl_typesupport_fastrtps_c__pyext[0m
[1.580s] [ 96%] Built target task_manager_msgs__rosidl_typesupport_fastrtps_c__pyext
[1.580s] [ 98%] Built target task_manager_msgs__rosidl_typesupport_introspection_c__pyext
[1.580s] running egg_info
[1.580s] writing task_manager_msgs.egg-info/PKG-INFO
[1.580s] writing dependency_links to task_manager_msgs.egg-info/dependency_links.txt
[1.580s] writing top-level names to task_manager_msgs.egg-info/top_level.txt
[1.580s] [100%] Built target task_manager_msgs__rosidl_typesupport_c__pyext
[1.580s] reading manifest file 'task_manager_msgs.egg-info/SOURCES.txt'
[1.580s] writing manifest file 'task_manager_msgs.egg-info/SOURCES.txt'
[1.580s] [100%] Built target ament_cmake_python_build_task_manager_msgs_egg
[1.839s] Invoked command in '/home/GTL/pcastere/ros_hw1/ros2_hw1/build/task_manager_msgs' returned '0': CMAKE_PREFIX_PATH=${CMAKE_PREFIX_PATH}:/home/GTL/pcastere/ros_hw1/ros2_hw1/install/vrep_ros_teleop:/home/GTL/pcastere/ros_hw1/ros2_hw1/install/task_manager_client_py:/home/GTL/pcastere/ros_hw1/ros2_hw1/install/rover_driver_base:/home/GTL/pcastere/ros_hw1/ros2_hw1/install/keyboard_teleop:/home/GTL/pcastere/ros_hw1/ros2_hw1/install/face_detect_base:/home/GTL/pcastere/ros_hw1/ros2_hw1/install/button_server:/opt/ros/humble /usr/bin/cmake --build /home/GTL/pcastere/ros_hw1/ros2_hw1/build/task_manager_msgs -- -j16 -l16
[2.012s] Invoking command in '/home/GTL/pcastere/ros_hw1/ros2_hw1/build/task_manager_msgs': CMAKE_PREFIX_PATH=${CMAKE_PREFIX_PATH}:/home/GTL/pcastere/ros_hw1/ros2_hw1/install/vrep_ros_teleop:/home/GTL/pcastere/ros_hw1/ros2_hw1/install/task_manager_client_py:/home/GTL/pcastere/ros_hw1/ros2_hw1/install/rover_driver_base:/home/GTL/pcastere/ros_hw1/ros2_hw1/install/keyboard_teleop:/home/GTL/pcastere/ros_hw1/ros2_hw1/install/face_detect_base:/home/GTL/pcastere/ros_hw1/ros2_hw1/install/button_server:/opt/ros/humble /usr/bin/cmake --install /home/GTL/pcastere/ros_hw1/ros2_hw1/build/task_manager_msgs
[2.031s] -- Install configuration: ""
[2.031s] -- Up-to-date: /home/GTL/pcastere/ros_hw1/ros2_hw1/install/task_manager_msgs/share/ament_index/resource_index/rosidl_interfaces/task_manager_msgs
[2.031s] -- Up-to-date: /home/GTL/pcastere/ros_hw1/ros2_hw1/install/task_manager_msgs/include/task_manager_msgs/task_manager_msgs
[2.031s] -- Up-to-date: /home/GTL/pcastere/ros_hw1/ros2_hw1/install/task_manager_msgs/include/task_manager_msgs/task_manager_msgs/msg
[2.031s] -- Up-to-date: /home/GTL/pcastere/ros_hw1/ros2_hw1/install/task_manager_msgs/include/task_manager_msgs/task_manager_msgs/msg/task_status.h
[2.031s] -- Up-to-date: /home/GTL/pcastere/ros_hw1/ros2_hw1/install/task_manager_msgs/include/task_manager_msgs/task_manager_msgs/msg/sync_status.h
[2.031s] -- Up-to-date: /home/GTL/pcastere/ros_hw1/ros2_hw1/install/task_manager_msgs/include/task_manager_msgs/task_manager_msgs/msg/detail
[2.031s] -- Up-to-date: /home/GTL/pcastere/ros_hw1/ros2_hw1/install/task_manager_msgs/include/task_manager_msgs/task_manager_msgs/msg/detail/task_parameter__functions.c
[2.031s] -- Up-to-date: /home/GTL/pcastere/ros_hw1/ros2_hw1/install/task_manager_msgs/include/task_manager_msgs/task_manager_msgs/msg/detail/task_description__struct.h
[2.031s] -- Up-to-date: /home/GTL/pcastere/ros_hw1/ros2_hw1/install/task_manager_msgs/include/task_manager_msgs/task_manager_msgs/msg/detail/task_description__type_support.h
[2.031s] -- Up-to-date: /home/GTL/pcastere/ros_hw1/ros2_hw1/install/task_manager_msgs/include/task_manager_msgs/task_manager_msgs/msg/detail/task_parameter__functions.h
[2.031s] -- Up-to-date: /home/GTL/pcastere/ros_hw1/ros2_hw1/install/task_manager_msgs/include/task_manager_msgs/task_manager_msgs/msg/detail/task_parameter__type_support.h
[2.031s] -- Up-to-date: /home/GTL/pcastere/ros_hw1/ros2_hw1/install/task_manager_msgs/include/task_manager_msgs/task_manager_msgs/msg/detail/sync_status__type_support.h
[2.031s] -- Up-to-date: /home/GTL/pcastere/ros_hw1/ros2_hw1/install/task_manager_msgs/include/task_manager_msgs/task_manager_msgs/msg/detail/task_config__struct.h
[2.031s] -- Up-to-date: /home/GTL/pcastere/ros_hw1/ros2_hw1/install/task_manager_msgs/include/task_manager_msgs/task_manager_msgs/msg/detail/encapsulated_message__functions.c
[2.032s] -- Up-to-date: /home/GTL/pcastere/ros_hw1/ros2_hw1/install/task_manager_msgs/include/task_manager_msgs/task_manager_msgs/msg/detail/task_description__functions.c
[2.032s] -- Up-to-date: /home/GTL/pcastere/ros_hw1/ros2_hw1/install/task_manager_msgs/include/task_manager_msgs/task_manager_msgs/msg/detail/task_config__type_support.h
[2.032s] -- Up-to-date: /home/GTL/pcastere/ros_hw1/ros2_hw1/install/task_manager_msgs/include/task_manager_msgs/task_manager_msgs/msg/detail/task_status__functions.c
[2.032s] -- Up-to-date: /home/GTL/pcastere/ros_hw1/ros2_hw1/install/task_manager_msgs/include/task_manager_msgs/task_manager_msgs/msg/detail/encapsulated_message__functions.h
[2.032s] -- Up-to-date: /home/GTL/pcastere/ros_hw1/ros2_hw1/install/task_manager_msgs/include/task_manager_msgs/task_manager_msgs/msg/detail/task_status__struct.h
[2.032s] -- Up-to-date: /home/GTL/pcastere/ros_hw1/ros2_hw1/install/task_manager_msgs/include/task_manager_msgs/task_manager_msgs/msg/detail/task_config__functions.h
[2.032s] -- Up-to-date: /home/GTL/pcastere/ros_hw1/ros2_hw1/install/task_manager_msgs/include/task_manager_msgs/task_manager_msgs/msg/detail/encapsulated_message__type_support.h
[2.032s] -- Up-to-date: /home/GTL/pcastere/ros_hw1/ros2_hw1/install/task_manager_msgs/include/task_manager_msgs/task_manager_msgs/msg/detail/sync_status__struct.h
[2.032s] -- Up-to-date: /home/GTL/pcastere/ros_hw1/ros2_hw1/install/task_manager_msgs/include/task_manager_msgs/task_manager_msgs/msg/detail/task_parameter__struct.h
[2.032s] -- Up-to-date: /home/GTL/pcastere/ros_hw1/ros2_hw1/install/task_manager_msgs/include/task_manager_msgs/task_manager_msgs/msg/detail/task_config__functions.c
[2.032s] -- Up-to-date: /home/GTL/pcastere/ros_hw1/ros2_hw1/install/task_manager_msgs/include/task_manager_msgs/task_manager_msgs/msg/detail/sync_status__functions.c
[2.032s] -- Up-to-date: /home/GTL/pcastere/ros_hw1/ros2_hw1/install/task_manager_msgs/include/task_manager_msgs/task_manager_msgs/msg/detail/task_status__type_support.h
[2.032s] -- Up-to-date: /home/GTL/pcastere/ros_hw1/ros2_hw1/install/task_manager_msgs/include/task_manager_msgs/task_manager_msgs/msg/detail/task_description__functions.h
[2.032s] -- Up-to-date: /home/GTL/pcastere/ros_hw1/ros2_hw1/install/task_manager_msgs/include/task_manager_msgs/task_manager_msgs/msg/detail/sync_status__functions.h
[2.032s] -- Up-to-date: /home/GTL/pcastere/ros_hw1/ros2_hw1/install/task_manager_msgs/include/task_manager_msgs/task_manager_msgs/msg/detail/encapsulated_message__struct.h
[2.032s] -- Up-to-date: /home/GTL/pcastere/ros_hw1/ros2_hw1/install/task_manager_msgs/include/task_manager_msgs/task_manager_msgs/msg/detail/task_status__functions.h
[2.032s] -- Up-to-date: /home/GTL/pcastere/ros_hw1/ros2_hw1/install/task_manager_msgs/include/task_manager_msgs/task_manager_msgs/msg/rosidl_generator_c__visibility_control.h
[2.032s] -- Up-to-date: /home/GTL/pcastere/ros_hw1/ros2_hw1/install/task_manager_msgs/include/task_manager_msgs/task_manager_msgs/msg/encapsulated_message.h
[2.032s] -- Up-to-date: /home/GTL/pcastere/ros_hw1/ros2_hw1/install/task_manager_msgs/include/task_manager_msgs/task_manager_msgs/msg/task_parameter.h
[2.032s] -- Up-to-date: /home/GTL/pcastere/ros_hw1/ros2_hw1/install/task_manager_msgs/include/task_manager_msgs/task_manager_msgs/msg/task_description.h
[2.032s] -- Up-to-date: /home/GTL/pcastere/ros_hw1/ros2_hw1/install/task_manager_msgs/include/task_manager_msgs/task_manager_msgs/msg/task_config.h
[2.032s] -- Up-to-date: /home/GTL/pcastere/ros_hw1/ros2_hw1/install/task_manager_msgs/include/task_manager_msgs/task_manager_msgs/srv
[2.032s] -- Up-to-date: /home/GTL/pcastere/ros_hw1/ros2_hw1/install/task_manager_msgs/include/task_manager_msgs/task_manager_msgs/srv/stop_task.h
[2.032s] -- Up-to-date: /home/GTL/pcastere/ros_hw1/ros2_hw1/install/task_manager_msgs/include/task_manager_msgs/task_manager_msgs/srv/detail
[2.033s] -- Up-to-date: /home/GTL/pcastere/ros_hw1/ros2_hw1/install/task_manager_msgs/include/task_manager_msgs/task_manager_msgs/srv/detail/stop_task__functions.c
[2.033s] -- Up-to-date: /home/GTL/pcastere/ros_hw1/ros2_hw1/install/task_manager_msgs/include/task_manager_msgs/task_manager_msgs/srv/detail/get_task_list__struct.h
[2.033s] -- Up-to-date: /home/GTL/pcastere/ros_hw1/ros2_hw1/install/task_manager_msgs/include/task_manager_msgs/task_manager_msgs/srv/detail/get_all_task_status__functions.h
[2.033s] -- Up-to-date: /home/GTL/pcastere/ros_hw1/ros2_hw1/install/task_manager_msgs/include/task_manager_msgs/task_manager_msgs/srv/detail/stop_task__struct.h
[2.034s] -- Up-to-date: /home/GTL/pcastere/ros_hw1/ros2_hw1/install/task_manager_msgs/include/task_manager_msgs/task_manager_msgs/srv/detail/start_task__functions.c
[2.034s] -- Up-to-date: /home/GTL/pcastere/ros_hw1/ros2_hw1/install/task_manager_msgs/include/task_manager_msgs/task_manager_msgs/srv/detail/get_all_task_status__type_support.h
[2.034s] -- Up-to-date: /home/GTL/pcastere/ros_hw1/ros2_hw1/install/task_manager_msgs/include/task_manager_msgs/task_manager_msgs/srv/detail/get_all_task_status__functions.c
[2.034s] -- Up-to-date: /home/GTL/pcastere/ros_hw1/ros2_hw1/install/task_manager_msgs/include/task_manager_msgs/task_manager_msgs/srv/detail/get_task_list__functions.c
[2.035s] -- Up-to-date: /home/GTL/pcastere/ros_hw1/ros2_hw1/install/task_manager_msgs/include/task_manager_msgs/task_manager_msgs/srv/detail/get_task_list__functions.h
[2.035s] -- Up-to-date: /home/GTL/pcastere/ros_hw1/ros2_hw1/install/task_manager_msgs/include/task_manager_msgs/task_manager_msgs/srv/detail/start_task__struct.h
[2.035s] -- Up-to-date: /home/GTL/pcastere/ros_hw1/ros2_hw1/install/task_manager_msgs/include/task_manager_msgs/task_manager_msgs/srv/detail/stop_task__functions.h
[2.035s] -- Up-to-date: /home/GTL/pcastere/ros_hw1/ros2_hw1/install/task_manager_msgs/include/task_manager_msgs/task_manager_msgs/srv/detail/get_task_list__type_support.h
[2.036s] -- Up-to-date: /home/GTL/pcastere/ros_hw1/ros2_hw1/install/task_manager_msgs/include/task_manager_msgs/task_manager_msgs/srv/detail/get_all_task_status__struct.h
[2.036s] -- Up-to-date: /home/GTL/pcastere/ros_hw1/ros2_hw1/install/task_manager_msgs/include/task_manager_msgs/task_manager_msgs/srv/detail/stop_task__type_support.h
[2.036s] -- Up-to-date: /home/GTL/pcastere/ros_hw1/ros2_hw1/install/task_manager_msgs/include/task_manager_msgs/task_manager_msgs/srv/detail/start_task__type_support.h
[2.036s] -- Up-to-date: /home/GTL/pcastere/ros_hw1/ros2_hw1/install/task_manager_msgs/include/task_manager_msgs/task_manager_msgs/srv/detail/start_task__functions.h
[2.036s] -- Up-to-date: /home/GTL/pcastere/ros_hw1/ros2_hw1/install/task_manager_msgs/include/task_manager_msgs/task_manager_msgs/srv/get_task_list.h
[2.037s] -- Up-to-date: /home/GTL/pcastere/ros_hw1/ros2_hw1/install/task_manager_msgs/include/task_manager_msgs/task_manager_msgs/srv/start_task.h
[2.037s] -- Up-to-date: /home/GTL/pcastere/ros_hw1/ros2_hw1/install/task_manager_msgs/include/task_manager_msgs/task_manager_msgs/srv/get_all_task_status.h
[2.037s] -- Up-to-date: /home/GTL/pcastere/ros_hw1/ros2_hw1/install/task_manager_msgs/share/task_manager_msgs/environment/library_path.sh
[2.037s] -- Up-to-date: /home/GTL/pcastere/ros_hw1/ros2_hw1/install/task_manager_msgs/share/task_manager_msgs/environment/library_path.dsv
[2.052s] -- Up-to-date: /home/GTL/pcastere/ros_hw1/ros2_hw1/install/task_manager_msgs/lib/libtask_manager_msgs__rosidl_generator_c.so
[2.052s] -- Up-to-date: /home/GTL/pcastere/ros_hw1/ros2_hw1/install/task_manager_msgs/include/task_manager_msgs/task_manager_msgs
[2.053s] -- Up-to-date: /home/GTL/pcastere/ros_hw1/ros2_hw1/install/task_manager_msgs/include/task_manager_msgs/task_manager_msgs/msg
[2.053s] -- Up-to-date: /home/GTL/pcastere/ros_hw1/ros2_hw1/install/task_manager_msgs/include/task_manager_msgs/task_manager_msgs/msg/detail
[2.054s] -- Up-to-date: /home/GTL/pcastere/ros_hw1/ros2_hw1/install/task_manager_msgs/include/task_manager_msgs/task_manager_msgs/msg/detail/task_config__rosidl_typesupport_fastrtps_c.h
[2.054s] -- Up-to-date: /home/GTL/pcastere/ros_hw1/ros2_hw1/install/task_manager_msgs/include/task_manager_msgs/task_manager_msgs/msg/detail/sync_status__rosidl_typesupport_fastrtps_c.h
[2.054s] -- Up-to-date: /home/GTL/pcastere/ros_hw1/ros2_hw1/install/task_manager_msgs/include/task_manager_msgs/task_manager_msgs/msg/detail/task_description__rosidl_typesupport_fastrtps_c.h
[2.054s] -- Up-to-date: /home/GTL/pcastere/ros_hw1/ros2_hw1/install/task_manager_msgs/include/task_manager_msgs/task_manager_msgs/msg/detail/task_status__rosidl_typesupport_fastrtps_c.h
[2.055s] -- Up-to-date: /home/GTL/pcastere/ros_hw1/ros2_hw1/install/task_manager_msgs/include/task_manager_msgs/task_manager_msgs/msg/detail/encapsulated_message__rosidl_typesupport_fastrtps_c.h
[2.055s] -- Up-to-date: /home/GTL/pcastere/ros_hw1/ros2_hw1/install/task_manager_msgs/include/task_manager_msgs/task_manager_msgs/msg/detail/task_parameter__rosidl_typesupport_fastrtps_c.h
[2.055s] -- Up-to-date: /home/GTL/pcastere/ros_hw1/ros2_hw1/install/task_manager_msgs/include/task_manager_msgs/task_manager_msgs/msg/rosidl_typesupport_fastrtps_c__visibility_control.h
[2.055s] -- Up-to-date: /home/GTL/pcastere/ros_hw1/ros2_hw1/install/task_manager_msgs/include/task_manager_msgs/task_manager_msgs/srv
[2.056s] -- Up-to-date: /home/GTL/pcastere/ros_hw1/ros2_hw1/install/task_manager_msgs/include/task_manager_msgs/task_manager_msgs/srv/detail
[2.056s] -- Up-to-date: /home/GTL/pcastere/ros_hw1/ros2_hw1/install/task_manager_msgs/include/task_manager_msgs/task_manager_msgs/srv/detail/get_all_task_status__rosidl_typesupport_fastrtps_c.h
[2.056s] -- Up-to-date: /home/GTL/pcastere/ros_hw1/ros2_hw1/install/task_manager_msgs/include/task_manager_msgs/task_manager_msgs/srv/detail/start_task__rosidl_typesupport_fastrtps_c.h
[2.057s] -- Up-to-date: /home/GTL/pcastere/ros_hw1/ros2_hw1/install/task_manager_msgs/include/task_manager_msgs/task_manager_msgs/srv/detail/get_task_list__rosidl_typesupport_fastrtps_c.h
[2.057s] -- Up-to-date: /home/GTL/pcastere/ros_hw1/ros2_hw1/install/task_manager_msgs/include/task_manager_msgs/task_manager_msgs/srv/detail/stop_task__rosidl_typesupport_fastrtps_c.h
[2.080s] -- Up-to-date: /home/GTL/pcastere/ros_hw1/ros2_hw1/install/task_manager_msgs/lib/libtask_manager_msgs__rosidl_typesupport_fastrtps_c.so
[2.081s] -- Up-to-date: /home/GTL/pcastere/ros_hw1/ros2_hw1/install/task_manager_msgs/include/task_manager_msgs/task_manager_msgs
[2.082s] -- Up-to-date: /home/GTL/pcastere/ros_hw1/ros2_hw1/install/task_manager_msgs/include/task_manager_msgs/task_manager_msgs/msg
[2.082s] -- Up-to-date: /home/GTL/pcastere/ros_hw1/ros2_hw1/install/task_manager_msgs/include/task_manager_msgs/task_manager_msgs/msg/sync_status.hpp
[2.082s] -- Up-to-date: /home/GTL/pcastere/ros_hw1/ros2_hw1/install/task_manager_msgs/include/task_manager_msgs/task_manager_msgs/msg/encapsulated_message.hpp
[2.083s] -- Up-to-date: /home/GTL/pcastere/ros_hw1/ros2_hw1/install/task_manager_msgs/include/task_manager_msgs/task_manager_msgs/msg/detail
[2.083s] -- Up-to-date: /home/GTL/pcastere/ros_hw1/ros2_hw1/install/task_manager_msgs/include/task_manager_msgs/task_manager_msgs/msg/detail/encapsulated_message__struct.hpp
[2.083s] -- Up-to-date: /home/GTL/pcastere/ros_hw1/ros2_hw1/install/task_manager_msgs/include/task_manager_msgs/task_manager_msgs/msg/detail/task_config__traits.hpp
[2.084s] -- Up-to-date: /home/GTL/pcastere/ros_hw1/ros2_hw1/install/task_manager_msgs/include/task_manager_msgs/task_manager_msgs/msg/detail/sync_status__builder.hpp
[2.084s] -- Up-to-date: /home/GTL/pcastere/ros_hw1/ros2_hw1/install/task_manager_msgs/include/task_manager_msgs/task_manager_msgs/msg/detail/sync_status__traits.hpp
[2.084s] -- Up-to-date: /home/GTL/pcastere/ros_hw1/ros2_hw1/install/task_manager_msgs/include/task_manager_msgs/task_manager_msgs/msg/detail/task_config__builder.hpp
[2.084s] -- Up-to-date: /home/GTL/pcastere/ros_hw1/ros2_hw1/install/task_manager_msgs/include/task_manager_msgs/task_manager_msgs/msg/detail/task_status__builder.hpp
[2.084s] -- Up-to-date: /home/GTL/pcastere/ros_hw1/ros2_hw1/install/task_manager_msgs/include/task_manager_msgs/task_manager_msgs/msg/detail/task_description__struct.hpp
[2.085s] -- Up-to-date: /home/GTL/pcastere/ros_hw1/ros2_hw1/install/task_manager_msgs/include/task_manager_msgs/task_manager_msgs/msg/detail/encapsulated_message__traits.hpp
[2.085s] -- Up-to-date: /home/GTL/pcastere/ros_hw1/ros2_hw1/install/task_manager_msgs/include/task_manager_msgs/task_manager_msgs/msg/detail/encapsulated_message__builder.hpp
[2.085s] -- Up-to-date: /home/GTL/pcastere/ros_hw1/ros2_hw1/install/task_manager_msgs/include/task_manager_msgs/task_manager_msgs/msg/detail/task_config__struct.hpp
[2.086s] -- Up-to-date: /home/GTL/pcastere/ros_hw1/ros2_hw1/install/task_manager_msgs/include/task_manager_msgs/task_manager_msgs/msg/detail/sync_status__struct.hpp
[2.086s] -- Up-to-date: /home/GTL/pcastere/ros_hw1/ros2_hw1/install/task_manager_msgs/include/task_manager_msgs/task_manager_msgs/msg/detail/task_status__struct.hpp
[2.086s] -- Up-to-date: /home/GTL/pcastere/ros_hw1/ros2_hw1/install/task_manager_msgs/include/task_manager_msgs/task_manager_msgs/msg/detail/task_status__traits.hpp
[2.086s] -- Up-to-date: /home/GTL/pcastere/ros_hw1/ros2_hw1/install/task_manager_msgs/include/task_manager_msgs/task_manager_msgs/msg/detail/task_description__traits.hpp
[2.087s] -- Up-to-date: /home/GTL/pcastere/ros_hw1/ros2_hw1/install/task_manager_msgs/include/task_manager_msgs/task_manager_msgs/msg/detail/task_description__builder.hpp
[2.087s] -- Up-to-date: /home/GTL/pcastere/ros_hw1/ros2_hw1/install/task_manager_msgs/include/task_manager_msgs/task_manager_msgs/msg/detail/task_parameter__traits.hpp
[2.087s] -- Up-to-date: /home/GTL/pcastere/ros_hw1/ros2_hw1/install/task_manager_msgs/include/task_manager_msgs/task_manager_msgs/msg/detail/task_parameter__builder.hpp
[2.087s] -- Up-to-date: /home/GTL/pcastere/ros_hw1/ros2_hw1/install/task_manager_msgs/include/task_manager_msgs/task_manager_msgs/msg/detail/task_parameter__struct.hpp
[2.087s] -- Up-to-date: /home/GTL/pcastere/ros_hw1/ros2_hw1/install/task_manager_msgs/include/task_manager_msgs/task_manager_msgs/msg/task_config.hpp
[2.088s] -- Up-to-date: /home/GTL/pcastere/ros_hw1/ros2_hw1/install/task_manager_msgs/include/task_manager_msgs/task_manager_msgs/msg/task_parameter.hpp
[2.088s] -- Up-to-date: /home/GTL/pcastere/ros_hw1/ros2_hw1/install/task_manager_msgs/include/task_manager_msgs/task_manager_msgs/msg/task_status.hpp
[2.088s] -- Up-to-date: /home/GTL/pcastere/ros_hw1/ros2_hw1/install/task_manager_msgs/include/task_manager_msgs/task_manager_msgs/msg/task_description.hpp
[2.088s] -- Up-to-date: /home/GTL/pcastere/ros_hw1/ros2_hw1/install/task_manager_msgs/include/task_manager_msgs/task_manager_msgs/srv
[2.089s] -- Up-to-date: /home/GTL/pcastere/ros_hw1/ros2_hw1/install/task_manager_msgs/include/task_manager_msgs/task_manager_msgs/srv/get_task_list.hpp
[2.089s] -- Up-to-date: /home/GTL/pcastere/ros_hw1/ros2_hw1/install/task_manager_msgs/include/task_manager_msgs/task_manager_msgs/srv/stop_task.hpp
[2.090s] -- Up-to-date: /home/GTL/pcastere/ros_hw1/ros2_hw1/install/task_manager_msgs/include/task_manager_msgs/task_manager_msgs/srv/detail
[2.090s] -- Up-to-date: /home/GTL/pcastere/ros_hw1/ros2_hw1/install/task_manager_msgs/include/task_manager_msgs/task_manager_msgs/srv/detail/stop_task__traits.hpp
[2.090s] -- Up-to-date: /home/GTL/pcastere/ros_hw1/ros2_hw1/install/task_manager_msgs/include/task_manager_msgs/task_manager_msgs/srv/detail/get_all_task_status__struct.hpp
[2.091s] -- Up-to-date: /home/GTL/pcastere/ros_hw1/ros2_hw1/install/task_manager_msgs/include/task_manager_msgs/task_manager_msgs/srv/detail/start_task__builder.hpp
[2.091s] -- Up-to-date: /home/GTL/pcastere/ros_hw1/ros2_hw1/install/task_manager_msgs/include/task_manager_msgs/task_manager_msgs/srv/detail/get_task_list__struct.hpp
[2.091s] -- Up-to-date: /home/GTL/pcastere/ros_hw1/ros2_hw1/install/task_manager_msgs/include/task_manager_msgs/task_manager_msgs/srv/detail/get_all_task_status__builder.hpp
[2.092s] -- Up-to-date: /home/GTL/pcastere/ros_hw1/ros2_hw1/install/task_manager_msgs/include/task_manager_msgs/task_manager_msgs/srv/detail/stop_task__struct.hpp
[2.092s] -- Up-to-date: /home/GTL/pcastere/ros_hw1/ros2_hw1/install/task_manager_msgs/include/task_manager_msgs/task_manager_msgs/srv/detail/start_task__traits.hpp
[2.092s] -- Up-to-date: /home/GTL/pcastere/ros_hw1/ros2_hw1/install/task_manager_msgs/include/task_manager_msgs/task_manager_msgs/srv/detail/stop_task__builder.hpp
[2.092s] -- Up-to-date: /home/GTL/pcastere/ros_hw1/ros2_hw1/install/task_manager_msgs/include/task_manager_msgs/task_manager_msgs/srv/detail/start_task__struct.hpp
[2.093s] -- Up-to-date: /home/GTL/pcastere/ros_hw1/ros2_hw1/install/task_manager_msgs/include/task_manager_msgs/task_manager_msgs/srv/detail/get_task_list__traits.hpp
[2.093s] -- Up-to-date: /home/GTL/pcastere/ros_hw1/ros2_hw1/install/task_manager_msgs/include/task_manager_msgs/task_manager_msgs/srv/detail/get_all_task_status__traits.hpp
[2.093s] -- Up-to-date: /home/GTL/pcastere/ros_hw1/ros2_hw1/install/task_manager_msgs/include/task_manager_msgs/task_manager_msgs/srv/detail/get_task_list__builder.hpp
[2.093s] -- Up-to-date: /home/GTL/pcastere/ros_hw1/ros2_hw1/install/task_manager_msgs/include/task_manager_msgs/task_manager_msgs/srv/start_task.hpp
[2.094s] -- Up-to-date: /home/GTL/pcastere/ros_hw1/ros2_hw1/install/task_manager_msgs/include/task_manager_msgs/task_manager_msgs/srv/get_all_task_status.hpp
[2.094s] -- Up-to-date: /home/GTL/pcastere/ros_hw1/ros2_hw1/install/task_manager_msgs/include/task_manager_msgs/task_manager_msgs
[2.095s] -- Up-to-date: /home/GTL/pcastere/ros_hw1/ros2_hw1/install/task_manager_msgs/include/task_manager_msgs/task_manager_msgs/msg
[2.096s] -- Up-to-date: /home/GTL/pcastere/ros_hw1/ros2_hw1/install/task_manager_msgs/include/task_manager_msgs/task_manager_msgs/msg/detail
[2.097s] -- Up-to-date: /home/GTL/pcastere/ros_hw1/ros2_hw1/install/task_manager_msgs/include/task_manager_msgs/task_manager_msgs/msg/detail/task_config__rosidl_typesupport_fastrtps_cpp.hpp
[2.097s] -- Up-to-date: /home/GTL/pcastere/ros_hw1/ros2_hw1/install/task_manager_msgs/include/task_manager_msgs/task_manager_msgs/msg/detail/dds_fastrtps
[2.098s] -- Up-to-date: /home/GTL/pcastere/ros_hw1/ros2_hw1/install/task_manager_msgs/include/task_manager_msgs/task_manager_msgs/msg/detail/encapsulated_message__rosidl_typesupport_fastrtps_cpp.hpp
[2.099s] -- Up-to-date: /home/GTL/pcastere/ros_hw1/ros2_hw1/install/task_manager_msgs/include/task_manager_msgs/task_manager_msgs/msg/detail/task_description__rosidl_typesupport_fastrtps_cpp.hpp
[2.099s] -- Up-to-date: /home/GTL/pcastere/ros_hw1/ros2_hw1/install/task_manager_msgs/include/task_manager_msgs/task_manager_msgs/msg/detail/task_status__rosidl_typesupport_fastrtps_cpp.hpp
[2.099s] -- Up-to-date: /home/GTL/pcastere/ros_hw1/ros2_hw1/install/task_manager_msgs/include/task_manager_msgs/task_manager_msgs/msg/detail/sync_status__rosidl_typesupport_fastrtps_cpp.hpp
[2.099s] -- Up-to-date: /home/GTL/pcastere/ros_hw1/ros2_hw1/install/task_manager_msgs/include/task_manager_msgs/task_manager_msgs/msg/detail/task_parameter__rosidl_typesupport_fastrtps_cpp.hpp
[2.099s] -- Up-to-date: /home/GTL/pcastere/ros_hw1/ros2_hw1/install/task_manager_msgs/include/task_manager_msgs/task_manager_msgs/msg/rosidl_typesupport_fastrtps_cpp__visibility_control.h
[2.099s] -- Up-to-date: /home/GTL/pcastere/ros_hw1/ros2_hw1/install/task_manager_msgs/include/task_manager_msgs/task_manager_msgs/srv
[2.100s] -- Up-to-date: /home/GTL/pcastere/ros_hw1/ros2_hw1/install/task_manager_msgs/include/task_manager_msgs/task_manager_msgs/srv/detail
[2.101s] -- Up-to-date: /home/GTL/pcastere/ros_hw1/ros2_hw1/install/task_manager_msgs/include/task_manager_msgs/task_manager_msgs/srv/detail/get_task_list__rosidl_typesupport_fastrtps_cpp.hpp
[2.101s] -- Up-to-date: /home/GTL/pcastere/ros_hw1/ros2_hw1/install/task_manager_msgs/include/task_manager_msgs/task_manager_msgs/srv/detail/start_task__rosidl_typesupport_fastrtps_cpp.hpp
[2.101s] -- Up-to-date: /home/GTL/pcastere/ros_hw1/ros2_hw1/install/task_manager_msgs/include/task_manager_msgs/task_manager_msgs/srv/detail/get_all_task_status__rosidl_typesupport_fastrtps_cpp.hpp
[2.101s] -- Up-to-date: /home/GTL/pcastere/ros_hw1/ros2_hw1/install/task_manager_msgs/include/task_manager_msgs/task_manager_msgs/srv/detail/dds_fastrtps
[2.102s] -- Up-to-date: /home/GTL/pcastere/ros_hw1/ros2_hw1/install/task_manager_msgs/include/task_manager_msgs/task_manager_msgs/srv/detail/stop_task__rosidl_typesupport_fastrtps_cpp.hpp
[2.138s] -- Up-to-date: /home/GTL/pcastere/ros_hw1/ros2_hw1/install/task_manager_msgs/lib/libtask_manager_msgs__rosidl_typesupport_fastrtps_cpp.so
[2.140s] -- Up-to-date: /home/GTL/pcastere/ros_hw1/ros2_hw1/install/task_manager_msgs/include/task_manager_msgs/task_manager_msgs
[2.140s] -- Up-to-date: /home/GTL/pcastere/ros_hw1/ros2_hw1/install/task_manager_msgs/include/task_manager_msgs/task_manager_msgs/msg
[2.141s] -- Up-to-date: /home/GTL/pcastere/ros_hw1/ros2_hw1/install/task_manager_msgs/include/task_manager_msgs/task_manager_msgs/msg/detail
[2.142s] -- Up-to-date: /home/GTL/pcastere/ros_hw1/ros2_hw1/install/task_manager_msgs/include/task_manager_msgs/task_manager_msgs/msg/detail/task_parameter__type_support.c
[2.142s] -- Up-to-date: /home/GTL/pcastere/ros_hw1/ros2_hw1/install/task_manager_msgs/include/task_manager_msgs/task_manager_msgs/msg/detail/task_parameter__rosidl_typesupport_introspection_c.h
[2.142s] -- Up-to-date: /home/GTL/pcastere/ros_hw1/ros2_hw1/install/task_manager_msgs/include/task_manager_msgs/task_manager_msgs/msg/detail/encapsulated_message__rosidl_typesupport_introspection_c.h
[2.143s] -- Up-to-date: /home/GTL/pcastere/ros_hw1/ros2_hw1/install/task_manager_msgs/include/task_manager_msgs/task_manager_msgs/msg/detail/sync_status__type_support.c
[2.143s] -- Up-to-date: /home/GTL/pcastere/ros_hw1/ros2_hw1/install/task_manager_msgs/include/task_manager_msgs/task_manager_msgs/msg/detail/task_description__type_support.c
[2.143s] -- Up-to-date: /home/GTL/pcastere/ros_hw1/ros2_hw1/install/task_manager_msgs/include/task_manager_msgs/task_manager_msgs/msg/detail/sync_status__rosidl_typesupport_introspection_c.h
[2.144s] -- Up-to-date: /home/GTL/pcastere/ros_hw1/ros2_hw1/install/task_manager_msgs/include/task_manager_msgs/task_manager_msgs/msg/detail/task_config__type_support.c
[2.144s] -- Up-to-date: /home/GTL/pcastere/ros_hw1/ros2_hw1/install/task_manager_msgs/include/task_manager_msgs/task_manager_msgs/msg/detail/task_description__rosidl_typesupport_introspection_c.h
[2.144s] -- Up-to-date: /home/GTL/pcastere/ros_hw1/ros2_hw1/install/task_manager_msgs/include/task_manager_msgs/task_manager_msgs/msg/detail/task_status__rosidl_typesupport_introspection_c.h
[2.145s] -- Up-to-date: /home/GTL/pcastere/ros_hw1/ros2_hw1/install/task_manager_msgs/include/task_manager_msgs/task_manager_msgs/msg/detail/task_config__rosidl_typesupport_introspection_c.h
[2.145s] -- Up-to-date: /home/GTL/pcastere/ros_hw1/ros2_hw1/install/task_manager_msgs/include/task_manager_msgs/task_manager_msgs/msg/detail/task_status__type_support.c
[2.145s] -- Up-to-date: /home/GTL/pcastere/ros_hw1/ros2_hw1/install/task_manager_msgs/include/task_manager_msgs/task_manager_msgs/msg/detail/encapsulated_message__type_support.c
[2.146s] -- Up-to-date: /home/GTL/pcastere/ros_hw1/ros2_hw1/install/task_manager_msgs/include/task_manager_msgs/task_manager_msgs/msg/rosidl_typesupport_introspection_c__visibility_control.h
[2.146s] -- Up-to-date: /home/GTL/pcastere/ros_hw1/ros2_hw1/install/task_manager_msgs/include/task_manager_msgs/task_manager_msgs/srv
[2.147s] -- Up-to-date: /home/GTL/pcastere/ros_hw1/ros2_hw1/install/task_manager_msgs/include/task_manager_msgs/task_manager_msgs/srv/detail
[2.147s] -- Up-to-date: /home/GTL/pcastere/ros_hw1/ros2_hw1/install/task_manager_msgs/include/task_manager_msgs/task_manager_msgs/srv/detail/start_task__type_support.c
[2.147s] -- Up-to-date: /home/GTL/pcastere/ros_hw1/ros2_hw1/install/task_manager_msgs/include/task_manager_msgs/task_manager_msgs/srv/detail/get_all_task_status__rosidl_typesupport_introspection_c.h
[2.148s] -- Up-to-date: /home/GTL/pcastere/ros_hw1/ros2_hw1/install/task_manager_msgs/include/task_manager_msgs/task_manager_msgs/srv/detail/get_all_task_status__type_support.c
[2.148s] -- Up-to-date: /home/GTL/pcastere/ros_hw1/ros2_hw1/install/task_manager_msgs/include/task_manager_msgs/task_manager_msgs/srv/detail/start_task__rosidl_typesupport_introspection_c.h
[2.148s] -- Up-to-date: /home/GTL/pcastere/ros_hw1/ros2_hw1/install/task_manager_msgs/include/task_manager_msgs/task_manager_msgs/srv/detail/stop_task__type_support.c
[2.149s] -- Up-to-date: /home/GTL/pcastere/ros_hw1/ros2_hw1/install/task_manager_msgs/include/task_manager_msgs/task_manager_msgs/srv/detail/get_task_list__rosidl_typesupport_introspection_c.h
[2.149s] -- Up-to-date: /home/GTL/pcastere/ros_hw1/ros2_hw1/install/task_manager_msgs/include/task_manager_msgs/task_manager_msgs/srv/detail/stop_task__rosidl_typesupport_introspection_c.h
[2.149s] -- Up-to-date: /home/GTL/pcastere/ros_hw1/ros2_hw1/install/task_manager_msgs/include/task_manager_msgs/task_manager_msgs/srv/detail/get_task_list__type_support.c
[2.162s] -- Up-to-date: /home/GTL/pcastere/ros_hw1/ros2_hw1/install/task_manager_msgs/lib/libtask_manager_msgs__rosidl_typesupport_introspection_c.so
[2.171s] -- Up-to-date: /home/GTL/pcastere/ros_hw1/ros2_hw1/install/task_manager_msgs/lib/libtask_manager_msgs__rosidl_typesupport_c.so
[2.172s] -- Up-to-date: /home/GTL/pcastere/ros_hw1/ros2_hw1/install/task_manager_msgs/include/task_manager_msgs/task_manager_msgs
[2.173s] -- Up-to-date: /home/GTL/pcastere/ros_hw1/ros2_hw1/install/task_manager_msgs/include/task_manager_msgs/task_manager_msgs/msg
[2.173s] -- Up-to-date: /home/GTL/pcastere/ros_hw1/ros2_hw1/install/task_manager_msgs/include/task_manager_msgs/task_manager_msgs/msg/detail
[2.174s] -- Up-to-date: /home/GTL/pcastere/ros_hw1/ros2_hw1/install/task_manager_msgs/include/task_manager_msgs/task_manager_msgs/msg/detail/task_parameter__rosidl_typesupport_introspection_cpp.hpp
[2.174s] -- Up-to-date: /home/GTL/pcastere/ros_hw1/ros2_hw1/install/task_manager_msgs/include/task_manager_msgs/task_manager_msgs/msg/detail/encapsulated_message__rosidl_typesupport_introspection_cpp.hpp
[2.174s] -- Up-to-date: /home/GTL/pcastere/ros_hw1/ros2_hw1/install/task_manager_msgs/include/task_manager_msgs/task_manager_msgs/msg/detail/task_status__rosidl_typesupport_introspection_cpp.hpp
[2.174s] -- Up-to-date: /home/GTL/pcastere/ros_hw1/ros2_hw1/install/task_manager_msgs/include/task_manager_msgs/task_manager_msgs/msg/detail/encapsulated_message__type_support.cpp
[2.175s] -- Up-to-date: /home/GTL/pcastere/ros_hw1/ros2_hw1/install/task_manager_msgs/include/task_manager_msgs/task_manager_msgs/msg/detail/sync_status__type_support.cpp
[2.175s] -- Up-to-date: /home/GTL/pcastere/ros_hw1/ros2_hw1/install/task_manager_msgs/include/task_manager_msgs/task_manager_msgs/msg/detail/sync_status__rosidl_typesupport_introspection_cpp.hpp
[2.175s] -- Up-to-date: /home/GTL/pcastere/ros_hw1/ros2_hw1/install/task_manager_msgs/include/task_manager_msgs/task_manager_msgs/msg/detail/task_description__rosidl_typesupport_introspection_cpp.hpp
[2.175s] -- Up-to-date: /home/GTL/pcastere/ros_hw1/ros2_hw1/install/task_manager_msgs/include/task_manager_msgs/task_manager_msgs/msg/detail/task_config__type_support.cpp
[2.175s] -- Up-to-date: /home/GTL/pcastere/ros_hw1/ros2_hw1/install/task_manager_msgs/include/task_manager_msgs/task_manager_msgs/msg/detail/task_description__type_support.cpp
[2.176s] -- Up-to-date: /home/GTL/pcastere/ros_hw1/ros2_hw1/install/task_manager_msgs/include/task_manager_msgs/task_manager_msgs/msg/detail/task_config__rosidl_typesupport_introspection_cpp.hpp
[2.176s] -- Up-to-date: /home/GTL/pcastere/ros_hw1/ros2_hw1/install/task_manager_msgs/include/task_manager_msgs/task_manager_msgs/msg/detail/task_status__type_support.cpp
[2.176s] -- Up-to-date: /home/GTL/pcastere/ros_hw1/ros2_hw1/install/task_manager_msgs/include/task_manager_msgs/task_manager_msgs/msg/detail/task_parameter__type_support.cpp
[2.176s] -- Up-to-date: /home/GTL/pcastere/ros_hw1/ros2_hw1/install/task_manager_msgs/include/task_manager_msgs/task_manager_msgs/srv
[2.177s] -- Up-to-date: /home/GTL/pcastere/ros_hw1/ros2_hw1/install/task_manager_msgs/include/task_manager_msgs/task_manager_msgs/srv/detail
[2.178s] -- Up-to-date: /home/GTL/pcastere/ros_hw1/ros2_hw1/install/task_manager_msgs/include/task_manager_msgs/task_manager_msgs/srv/detail/get_all_task_status__rosidl_typesupport_introspection_cpp.hpp
[2.178s] -- Up-to-date: /home/GTL/pcastere/ros_hw1/ros2_hw1/install/task_manager_msgs/include/task_manager_msgs/task_manager_msgs/srv/detail/start_task__rosidl_typesupport_introspection_cpp.hpp
[2.178s] -- Up-to-date: /home/GTL/pcastere/ros_hw1/ros2_hw1/install/task_manager_msgs/include/task_manager_msgs/task_manager_msgs/srv/detail/start_task__type_support.cpp
[2.178s] -- Up-to-date: /home/GTL/pcastere/ros_hw1/ros2_hw1/install/task_manager_msgs/include/task_manager_msgs/task_manager_msgs/srv/detail/get_all_task_status__type_support.cpp
[2.178s] -- Up-to-date: /home/GTL/pcastere/ros_hw1/ros2_hw1/install/task_manager_msgs/include/task_manager_msgs/task_manager_msgs/srv/detail/stop_task__rosidl_typesupport_introspection_cpp.hpp
[2.179s] -- Up-to-date: /home/GTL/pcastere/ros_hw1/ros2_hw1/install/task_manager_msgs/include/task_manager_msgs/task_manager_msgs/srv/detail/stop_task__type_support.cpp
[2.179s] -- Up-to-date: /home/GTL/pcastere/ros_hw1/ros2_hw1/install/task_manager_msgs/include/task_manager_msgs/task_manager_msgs/srv/detail/get_task_list__type_support.cpp
[2.179s] -- Up-to-date: /home/GTL/pcastere/ros_hw1/ros2_hw1/install/task_manager_msgs/include/task_manager_msgs/task_manager_msgs/srv/detail/get_task_list__rosidl_typesupport_introspection_cpp.hpp
[2.238s] -- Up-to-date: /home/GTL/pcastere/ros_hw1/ros2_hw1/install/task_manager_msgs/lib/libtask_manager_msgs__rosidl_typesupport_introspection_cpp.so
[2.303s] -- Up-to-date: /home/GTL/pcastere/ros_hw1/ros2_hw1/install/task_manager_msgs/lib/libtask_manager_msgs__rosidl_typesupport_cpp.so
[2.303s] -- Up-to-date: /home/GTL/pcastere/ros_hw1/ros2_hw1/install/task_manager_msgs/share/task_manager_msgs/environment/pythonpath.sh
[2.303s] -- Up-to-date: /home/GTL/pcastere/ros_hw1/ros2_hw1/install/task_manager_msgs/share/task_manager_msgs/environment/pythonpath.dsv
[2.303s] -- Up-to-date: /home/GTL/pcastere/ros_hw1/ros2_hw1/install/task_manager_msgs/local/lib/python3.10/dist-packages/task_manager_msgs-0.0.0-py3.10.egg-info
[2.303s] -- Installing: /home/GTL/pcastere/ros_hw1/ros2_hw1/install/task_manager_msgs/local/lib/python3.10/dist-packages/task_manager_msgs-0.0.0-py3.10.egg-info/dependency_links.txt
[2.306s] -- Installing: /home/GTL/pcastere/ros_hw1/ros2_hw1/install/task_manager_msgs/local/lib/python3.10/dist-packages/task_manager_msgs-0.0.0-py3.10.egg-info/top_level.txt
[2.310s] -- Installing: /home/GTL/pcastere/ros_hw1/ros2_hw1/install/task_manager_msgs/local/lib/python3.10/dist-packages/task_manager_msgs-0.0.0-py3.10.egg-info/PKG-INFO
[2.313s] -- Installing: /home/GTL/pcastere/ros_hw1/ros2_hw1/install/task_manager_msgs/local/lib/python3.10/dist-packages/task_manager_msgs-0.0.0-py3.10.egg-info/SOURCES.txt
[2.317s] -- Up-to-date: /home/GTL/pcastere/ros_hw1/ros2_hw1/install/task_manager_msgs/local/lib/python3.10/dist-packages/task_manager_msgs
[2.318s] -- Up-to-date: /home/GTL/pcastere/ros_hw1/ros2_hw1/install/task_manager_msgs/local/lib/python3.10/dist-packages/task_manager_msgs/msg
[2.319s] -- Up-to-date: /home/GTL/pcastere/ros_hw1/ros2_hw1/install/task_manager_msgs/local/lib/python3.10/dist-packages/task_manager_msgs/msg/_encapsulated_message_s.c
[2.319s] -- Up-to-date: /home/GTL/pcastere/ros_hw1/ros2_hw1/install/task_manager_msgs/local/lib/python3.10/dist-packages/task_manager_msgs/msg/_task_description_s.c
[2.320s] -- Up-to-date: /home/GTL/pcastere/ros_hw1/ros2_hw1/install/task_manager_msgs/local/lib/python3.10/dist-packages/task_manager_msgs/msg/_task_parameter.py
[2.320s] -- Up-to-date: /home/GTL/pcastere/ros_hw1/ros2_hw1/install/task_manager_msgs/local/lib/python3.10/dist-packages/task_manager_msgs/msg/_sync_status_s.c
[2.320s] -- Up-to-date: /home/GTL/pcastere/ros_hw1/ros2_hw1/install/task_manager_msgs/local/lib/python3.10/dist-packages/task_manager_msgs/msg/_task_config.py
[2.320s] -- Up-to-date: /home/GTL/pcastere/ros_hw1/ros2_hw1/install/task_manager_msgs/local/lib/python3.10/dist-packages/task_manager_msgs/msg/_task_parameter_s.c
[2.321s] -- Up-to-date: /home/GTL/pcastere/ros_hw1/ros2_hw1/install/task_manager_msgs/local/lib/python3.10/dist-packages/task_manager_msgs/msg/_task_status.py
[2.321s] -- Up-to-date: /home/GTL/pcastere/ros_hw1/ros2_hw1/install/task_manager_msgs/local/lib/python3.10/dist-packages/task_manager_msgs/msg/_task_description.py
[2.321s] -- Up-to-date: /home/GTL/pcastere/ros_hw1/ros2_hw1/install/task_manager_msgs/local/lib/python3.10/dist-packages/task_manager_msgs/msg/__init__.py
[2.322s] -- Up-to-date: /home/GTL/pcastere/ros_hw1/ros2_hw1/install/task_manager_msgs/local/lib/python3.10/dist-packages/task_manager_msgs/msg/_sync_status.py
[2.322s] -- Up-to-date: /home/GTL/pcastere/ros_hw1/ros2_hw1/install/task_manager_msgs/local/lib/python3.10/dist-packages/task_manager_msgs/msg/_encapsulated_message.py
[2.322s] -- Up-to-date: /home/GTL/pcastere/ros_hw1/ros2_hw1/install/task_manager_msgs/local/lib/python3.10/dist-packages/task_manager_msgs/msg/_task_config_s.c
[2.323s] -- Up-to-date: /home/GTL/pcastere/ros_hw1/ros2_hw1/install/task_manager_msgs/local/lib/python3.10/dist-packages/task_manager_msgs/msg/_task_status_s.c
[2.323s] -- Up-to-date: /home/GTL/pcastere/ros_hw1/ros2_hw1/install/task_manager_msgs/local/lib/python3.10/dist-packages/task_manager_msgs/task_manager_msgs_s__rosidl_typesupport_introspection_c.cpython-310-x86_64-linux-gnu.so
[2.323s] -- Up-to-date: /home/GTL/pcastere/ros_hw1/ros2_hw1/install/task_manager_msgs/local/lib/python3.10/dist-packages/task_manager_msgs/_task_manager_msgs_s.ep.rosidl_typesupport_introspection_c.c
[2.324s] -- Up-to-date: /home/GTL/pcastere/ros_hw1/ros2_hw1/install/task_manager_msgs/local/lib/python3.10/dist-packages/task_manager_msgs/__init__.py
[2.324s] -- Up-to-date: /home/GTL/pcastere/ros_hw1/ros2_hw1/install/task_manager_msgs/local/lib/python3.10/dist-packages/task_manager_msgs/_task_manager_msgs_s.ep.rosidl_typesupport_c.c
[2.324s] -- Up-to-date: /home/GTL/pcastere/ros_hw1/ros2_hw1/install/task_manager_msgs/local/lib/python3.10/dist-packages/task_manager_msgs/task_manager_msgs_s__rosidl_typesupport_c.cpython-310-x86_64-linux-gnu.so
[2.324s] -- Up-to-date: /home/GTL/pcastere/ros_hw1/ros2_hw1/install/task_manager_msgs/local/lib/python3.10/dist-packages/task_manager_msgs/srv
[2.325s] -- Up-to-date: /home/GTL/pcastere/ros_hw1/ros2_hw1/install/task_manager_msgs/local/lib/python3.10/dist-packages/task_manager_msgs/srv/_stop_task_s.c
[2.326s] -- Up-to-date: /home/GTL/pcastere/ros_hw1/ros2_hw1/install/task_manager_msgs/local/lib/python3.10/dist-packages/task_manager_msgs/srv/_start_task_s.c
[2.326s] -- Up-to-date: /home/GTL/pcastere/ros_hw1/ros2_hw1/install/task_manager_msgs/local/lib/python3.10/dist-packages/task_manager_msgs/srv/_get_all_task_status_s.c
[2.326s] -- Up-to-date: /home/GTL/pcastere/ros_hw1/ros2_hw1/install/task_manager_msgs/local/lib/python3.10/dist-packages/task_manager_msgs/srv/_get_task_list.py
[2.326s] -- Up-to-date: /home/GTL/pcastere/ros_hw1/ros2_hw1/install/task_manager_msgs/local/lib/python3.10/dist-packages/task_manager_msgs/srv/__init__.py
[2.327s] -- Up-to-date: /home/GTL/pcastere/ros_hw1/ros2_hw1/install/task_manager_msgs/local/lib/python3.10/dist-packages/task_manager_msgs/srv/_get_all_task_status.py
[2.327s] -- Up-to-date: /home/GTL/pcastere/ros_hw1/ros2_hw1/install/task_manager_msgs/local/lib/python3.10/dist-packages/task_manager_msgs/srv/_stop_task.py
[2.327s] -- Up-to-date: /home/GTL/pcastere/ros_hw1/ros2_hw1/install/task_manager_msgs/local/lib/python3.10/dist-packages/task_manager_msgs/srv/_get_task_list_s.c
[2.328s] -- Up-to-date: /home/GTL/pcastere/ros_hw1/ros2_hw1/install/task_manager_msgs/local/lib/python3.10/dist-packages/task_manager_msgs/srv/_start_task.py
[2.328s] -- Up-to-date: /home/GTL/pcastere/ros_hw1/ros2_hw1/install/task_manager_msgs/local/lib/python3.10/dist-packages/task_manager_msgs/_task_manager_msgs_s.ep.rosidl_typesupport_fastrtps_c.c
[2.328s] -- Up-to-date: /home/GTL/pcastere/ros_hw1/ros2_hw1/install/task_manager_msgs/local/lib/python3.10/dist-packages/task_manager_msgs/task_manager_msgs_s__rosidl_typesupport_fastrtps_c.cpython-310-x86_64-linux-gnu.so
[2.328s] -- Up-to-date: /home/GTL/pcastere/ros_hw1/ros2_hw1/install/task_manager_msgs/local/lib/python3.10/dist-packages/task_manager_msgs/libtask_manager_msgs__rosidl_generator_py.so
[2.389s] Listing '/home/GTL/pcastere/ros_hw1/ros2_hw1/install/task_manager_msgs/local/lib/python3.10/dist-packages/task_manager_msgs'...
[2.389s] Listing '/home/GTL/pcastere/ros_hw1/ros2_hw1/install/task_manager_msgs/local/lib/python3.10/dist-packages/task_manager_msgs/msg'...
[2.389s] Listing '/home/GTL/pcastere/ros_hw1/ros2_hw1/install/task_manager_msgs/local/lib/python3.10/dist-packages/task_manager_msgs/srv'...
[2.393s] -- Up-to-date: /home/GTL/pcastere/ros_hw1/ros2_hw1/install/task_manager_msgs/local/lib/python3.10/dist-packages/task_manager_msgs/task_manager_msgs_s__rosidl_typesupport_fastrtps_c.cpython-310-x86_64-linux-gnu.so
[2.396s] -- Up-to-date: /home/GTL/pcastere/ros_hw1/ros2_hw1/install/task_manager_msgs/local/lib/python3.10/dist-packages/task_manager_msgs/task_manager_msgs_s__rosidl_typesupport_introspection_c.cpython-310-x86_64-linux-gnu.so
[2.400s] -- Up-to-date: /home/GTL/pcastere/ros_hw1/ros2_hw1/install/task_manager_msgs/local/lib/python3.10/dist-packages/task_manager_msgs/task_manager_msgs_s__rosidl_typesupport_c.cpython-310-x86_64-linux-gnu.so
[2.413s] -- Up-to-date: /home/GTL/pcastere/ros_hw1/ros2_hw1/install/task_manager_msgs/lib/libtask_manager_msgs__rosidl_generator_py.so
[2.414s] -- Up-to-date: /home/GTL/pcastere/ros_hw1/ros2_hw1/install/task_manager_msgs/share/task_manager_msgs/srv/GetAllTaskStatus.idl
[2.415s] -- Up-to-date: /home/GTL/pcastere/ros_hw1/ros2_hw1/install/task_manager_msgs/share/task_manager_msgs/srv/StartTask.idl
[2.415s] -- Up-to-date: /home/GTL/pcastere/ros_hw1/ros2_hw1/install/task_manager_msgs/share/task_manager_msgs/srv/StopTask.idl
[2.415s] -- Up-to-date: /home/GTL/pcastere/ros_hw1/ros2_hw1/install/task_manager_msgs/share/task_manager_msgs/srv/GetTaskList.idl
[2.416s] -- Up-to-date: /home/GTL/pcastere/ros_hw1/ros2_hw1/install/task_manager_msgs/share/task_manager_msgs/msg/TaskDescription.idl
[2.416s] -- Up-to-date: /home/GTL/pcastere/ros_hw1/ros2_hw1/install/task_manager_msgs/share/task_manager_msgs/msg/TaskParameter.idl
[2.417s] -- Up-to-date: /home/GTL/pcastere/ros_hw1/ros2_hw1/install/task_manager_msgs/share/task_manager_msgs/msg/TaskStatus.idl
[2.417s] -- Up-to-date: /home/GTL/pcastere/ros_hw1/ros2_hw1/install/task_manager_msgs/share/task_manager_msgs/msg/TaskConfig.idl
[2.417s] -- Up-to-date: /home/GTL/pcastere/ros_hw1/ros2_hw1/install/task_manager_msgs/share/task_manager_msgs/msg/SyncStatus.idl
[2.418s] -- Up-to-date: /home/GTL/pcastere/ros_hw1/ros2_hw1/install/task_manager_msgs/share/task_manager_msgs/msg/EncapsulatedMessage.idl
[2.418s] -- Up-to-date: /home/GTL/pcastere/ros_hw1/ros2_hw1/install/task_manager_msgs/share/task_manager_msgs/srv/GetAllTaskStatus.srv
[2.419s] -- Up-to-date: /home/GTL/pcastere/ros_hw1/ros2_hw1/install/task_manager_msgs/share/task_manager_msgs/srv/GetAllTaskStatus_Request.msg
[2.419s] -- Up-to-date: /home/GTL/pcastere/ros_hw1/ros2_hw1/install/task_manager_msgs/share/task_manager_msgs/srv/GetAllTaskStatus_Response.msg
[2.420s] -- Up-to-date: /home/GTL/pcastere/ros_hw1/ros2_hw1/install/task_manager_msgs/share/task_manager_msgs/srv/StartTask.srv
[2.420s] -- Up-to-date: /home/GTL/pcastere/ros_hw1/ros2_hw1/install/task_manager_msgs/share/task_manager_msgs/srv/StartTask_Request.msg
[2.421s] -- Up-to-date: /home/GTL/pcastere/ros_hw1/ros2_hw1/install/task_manager_msgs/share/task_manager_msgs/srv/StartTask_Response.msg
[2.421s] -- Up-to-date: /home/GTL/pcastere/ros_hw1/ros2_hw1/install/task_manager_msgs/share/task_manager_msgs/srv/StopTask.srv
[2.421s] -- Up-to-date: /home/GTL/pcastere/ros_hw1/ros2_hw1/install/task_manager_msgs/share/task_manager_msgs/srv/StopTask_Request.msg
[2.422s] -- Up-to-date: /home/GTL/pcastere/ros_hw1/ros2_hw1/install/task_manager_msgs/share/task_manager_msgs/srv/StopTask_Response.msg
[2.422s] -- Up-to-date: /home/GTL/pcastere/ros_hw1/ros2_hw1/install/task_manager_msgs/share/task_manager_msgs/srv/GetTaskList.srv
[2.423s] -- Up-to-date: /home/GTL/pcastere/ros_hw1/ros2_hw1/install/task_manager_msgs/share/task_manager_msgs/srv/GetTaskList_Request.msg
[2.424s] -- Up-to-date: /home/GTL/pcastere/ros_hw1/ros2_hw1/install/task_manager_msgs/share/task_manager_msgs/srv/GetTaskList_Response.msg
[2.424s] -- Up-to-date: /home/GTL/pcastere/ros_hw1/ros2_hw1/install/task_manager_msgs/share/task_manager_msgs/msg/TaskDescription.msg
[2.425s] -- Up-to-date: /home/GTL/pcastere/ros_hw1/ros2_hw1/install/task_manager_msgs/share/task_manager_msgs/msg/TaskParameter.msg
[2.426s] -- Up-to-date: /home/GTL/pcastere/ros_hw1/ros2_hw1/install/task_manager_msgs/share/task_manager_msgs/msg/TaskStatus.msg
[2.426s] -- Up-to-date: /home/GTL/pcastere/ros_hw1/ros2_hw1/install/task_manager_msgs/share/task_manager_msgs/msg/TaskConfig.msg
[2.427s] -- Up-to-date: /home/GTL/pcastere/ros_hw1/ros2_hw1/install/task_manager_msgs/share/task_manager_msgs/msg/SyncStatus.msg
[2.428s] -- Up-to-date: /home/GTL/pcastere/ros_hw1/ros2_hw1/install/task_manager_msgs/share/task_manager_msgs/msg/EncapsulatedMessage.msg
[2.431s] -- Up-to-date: /home/GTL/pcastere/ros_hw1/ros2_hw1/install/task_manager_msgs/lib/task_manager_msgs/task_manager_msgs_encapsulate
[2.432s] -- Up-to-date: /home/GTL/pcastere/ros_hw1/ros2_hw1/install/task_manager_msgs/share/ament_index/resource_index/package_run_dependencies/task_manager_msgs
[2.432s] -- Up-to-date: /home/GTL/pcastere/ros_hw1/ros2_hw1/install/task_manager_msgs/share/ament_index/resource_index/parent_prefix_path/task_manager_msgs
[2.432s] -- Installing: /home/GTL/pcastere/ros_hw1/ros2_hw1/install/task_manager_msgs/share/task_manager_msgs/environment/ament_prefix_path.sh
[2.437s] -- Up-to-date: /home/GTL/pcastere/ros_hw1/ros2_hw1/install/task_manager_msgs/share/task_manager_msgs/environment/ament_prefix_path.dsv
[2.437s] -- Installing: /home/GTL/pcastere/ros_hw1/ros2_hw1/install/task_manager_msgs/share/task_manager_msgs/environment/path.sh
[2.441s] -- Up-to-date: /home/GTL/pcastere/ros_hw1/ros2_hw1/install/task_manager_msgs/share/task_manager_msgs/environment/path.dsv
[2.441s] -- Up-to-date: /home/GTL/pcastere/ros_hw1/ros2_hw1/install/task_manager_msgs/share/task_manager_msgs/local_setup.bash
[2.442s] -- Up-to-date: /home/GTL/pcastere/ros_hw1/ros2_hw1/install/task_manager_msgs/share/task_manager_msgs/local_setup.sh
[2.442s] -- Up-to-date: /home/GTL/pcastere/ros_hw1/ros2_hw1/install/task_manager_msgs/share/task_manager_msgs/local_setup.zsh
[2.443s] -- Up-to-date: /home/GTL/pcastere/ros_hw1/ros2_hw1/install/task_manager_msgs/share/task_manager_msgs/local_setup.dsv
[2.443s] -- Installing: /home/GTL/pcastere/ros_hw1/ros2_hw1/install/task_manager_msgs/share/task_manager_msgs/package.dsv
[2.448s] -- Up-to-date: /home/GTL/pcastere/ros_hw1/ros2_hw1/install/task_manager_msgs/share/ament_index/resource_index/packages/task_manager_msgs
[2.451s] -- Up-to-date: /home/GTL/pcastere/ros_hw1/ros2_hw1/install/task_manager_msgs/share/task_manager_msgs/cmake/export_task_manager_msgs__rosidl_generator_cExport.cmake
[2.451s] -- Up-to-date: /home/GTL/pcastere/ros_hw1/ros2_hw1/install/task_manager_msgs/share/task_manager_msgs/cmake/export_task_manager_msgs__rosidl_generator_cExport-noconfig.cmake
[2.454s] -- Up-to-date: /home/GTL/pcastere/ros_hw1/ros2_hw1/install/task_manager_msgs/share/task_manager_msgs/cmake/export_task_manager_msgs__rosidl_typesupport_fastrtps_cExport.cmake
[2.455s] -- Up-to-date: /home/GTL/pcastere/ros_hw1/ros2_hw1/install/task_manager_msgs/share/task_manager_msgs/cmake/export_task_manager_msgs__rosidl_typesupport_fastrtps_cExport-noconfig.cmake
[2.457s] -- Up-to-date: /home/GTL/pcastere/ros_hw1/ros2_hw1/install/task_manager_msgs/share/task_manager_msgs/cmake/export_task_manager_msgs__rosidl_generator_cppExport.cmake
[2.459s] -- Up-to-date: /home/GTL/pcastere/ros_hw1/ros2_hw1/install/task_manager_msgs/share/task_manager_msgs/cmake/export_task_manager_msgs__rosidl_typesupport_fastrtps_cppExport.cmake
[2.459s] -- Up-to-date: /home/GTL/pcastere/ros_hw1/ros2_hw1/install/task_manager_msgs/share/task_manager_msgs/cmake/export_task_manager_msgs__rosidl_typesupport_fastrtps_cppExport-noconfig.cmake
[2.462s] -- Up-to-date: /home/GTL/pcastere/ros_hw1/ros2_hw1/install/task_manager_msgs/share/task_manager_msgs/cmake/task_manager_msgs__rosidl_typesupport_introspection_cExport.cmake
[2.462s] -- Up-to-date: /home/GTL/pcastere/ros_hw1/ros2_hw1/install/task_manager_msgs/share/task_manager_msgs/cmake/task_manager_msgs__rosidl_typesupport_introspection_cExport-noconfig.cmake
[2.465s] -- Up-to-date: /home/GTL/pcastere/ros_hw1/ros2_hw1/install/task_manager_msgs/share/task_manager_msgs/cmake/task_manager_msgs__rosidl_typesupport_cExport.cmake
[2.465s] -- Up-to-date: /home/GTL/pcastere/ros_hw1/ros2_hw1/install/task_manager_msgs/share/task_manager_msgs/cmake/task_manager_msgs__rosidl_typesupport_cExport-noconfig.cmake
[2.468s] -- Up-to-date: /home/GTL/pcastere/ros_hw1/ros2_hw1/install/task_manager_msgs/share/task_manager_msgs/cmake/task_manager_msgs__rosidl_typesupport_introspection_cppExport.cmake
[2.468s] -- Up-to-date: /home/GTL/pcastere/ros_hw1/ros2_hw1/install/task_manager_msgs/share/task_manager_msgs/cmake/task_manager_msgs__rosidl_typesupport_introspection_cppExport-noconfig.cmake
[2.470s] -- Up-to-date: /home/GTL/pcastere/ros_hw1/ros2_hw1/install/task_manager_msgs/share/task_manager_msgs/cmake/task_manager_msgs__rosidl_typesupport_cppExport.cmake
[2.470s] -- Up-to-date: /home/GTL/pcastere/ros_hw1/ros2_hw1/install/task_manager_msgs/share/task_manager_msgs/cmake/task_manager_msgs__rosidl_typesupport_cppExport-noconfig.cmake
[2.472s] -- Up-to-date: /home/GTL/pcastere/ros_hw1/ros2_hw1/install/task_manager_msgs/share/task_manager_msgs/cmake/export_task_manager_msgs__rosidl_generator_pyExport.cmake
[2.473s] -- Up-to-date: /home/GTL/pcastere/ros_hw1/ros2_hw1/install/task_manager_msgs/share/task_manager_msgs/cmake/export_task_manager_msgs__rosidl_generator_pyExport-noconfig.cmake
[2.473s] -- Up-to-date: /home/GTL/pcastere/ros_hw1/ros2_hw1/install/task_manager_msgs/share/task_manager_msgs/cmake/rosidl_cmake-extras.cmake
[2.473s] -- Up-to-date: /home/GTL/pcastere/ros_hw1/ros2_hw1/install/task_manager_msgs/share/task_manager_msgs/cmake/ament_cmake_export_dependencies-extras.cmake
[2.473s] -- Up-to-date: /home/GTL/pcastere/ros_hw1/ros2_hw1/install/task_manager_msgs/share/task_manager_msgs/cmake/ament_cmake_export_include_directories-extras.cmake
[2.473s] -- Up-to-date: /home/GTL/pcastere/ros_hw1/ros2_hw1/install/task_manager_msgs/share/task_manager_msgs/cmake/ament_cmake_export_libraries-extras.cmake
[2.474s] -- Up-to-date: /home/GTL/pcastere/ros_hw1/ros2_hw1/install/task_manager_msgs/share/task_manager_msgs/cmake/ament_cmake_export_targets-extras.cmake
[2.474s] -- Up-to-date: /home/GTL/pcastere/ros_hw1/ros2_hw1/install/task_manager_msgs/share/task_manager_msgs/cmake/rosidl_cmake_export_typesupport_targets-extras.cmake
[2.474s] -- Up-to-date: /home/GTL/pcastere/ros_hw1/ros2_hw1/install/task_manager_msgs/share/task_manager_msgs/cmake/rosidl_cmake_export_typesupport_libraries-extras.cmake
[2.475s] -- Up-to-date: /home/GTL/pcastere/ros_hw1/ros2_hw1/install/task_manager_msgs/share/task_manager_msgs/cmake/task_manager_msgsConfig.cmake
[2.475s] -- Up-to-date: /home/GTL/pcastere/ros_hw1/ros2_hw1/install/task_manager_msgs/share/task_manager_msgs/cmake/task_manager_msgsConfig-version.cmake
[2.475s] -- Up-to-date: /home/GTL/pcastere/ros_hw1/ros2_hw1/install/task_manager_msgs/share/task_manager_msgs/package.xml
[2.674s] Invoked command in '/home/GTL/pcastere/ros_hw1/ros2_hw1/build/task_manager_msgs' returned '0': CMAKE_PREFIX_PATH=${CMAKE_PREFIX_PATH}:/home/GTL/pcastere/ros_hw1/ros2_hw1/install/vrep_ros_teleop:/home/GTL/pcastere/ros_hw1/ros2_hw1/install/task_manager_client_py:/home/GTL/pcastere/ros_hw1/ros2_hw1/install/rover_driver_base:/home/GTL/pcastere/ros_hw1/ros2_hw1/install/keyboard_teleop:/home/GTL/pcastere/ros_hw1/ros2_hw1/install/face_detect_base:/home/GTL/pcastere/ros_hw1/ros2_hw1/install/button_server:/opt/ros/humble /usr/bin/cmake --install /home/GTL/pcastere/ros_hw1/ros2_hw1/build/task_manager_msgs
