[0.689s] Invoking command in '/home/GTL/apaul/ros2_hw1/build/collision_avoidance_base': CMAKE_PREFIX_PATH=/opt/ros/humble /usr/bin/cmake --build /home/GTL/apaul/ros2_hw1/build/collision_avoidance_base -- -j16 -l16
[0.889s] [100%] Built target collision_avoidance_base
[1.078s] Invoked command in '/home/GTL/apaul/ros2_hw1/build/collision_avoidance_base' returned '0': CMAKE_PREFIX_PATH=/opt/ros/humble /usr/bin/cmake --build /home/GTL/apaul/ros2_hw1/build/collision_avoidance_base -- -j16 -l16
[1.117s] Invoking command in '/home/GTL/apaul/ros2_hw1/build/collision_avoidance_base': CMAKE_PREFIX_PATH=/opt/ros/humble /usr/bin/cmake --install /home/GTL/apaul/ros2_hw1/build/collision_avoidance_base
[1.123s] -- Install configuration: ""
[1.124s] -- Up-to-date: /home/GTL/apaul/ros2_hw1/install/collision_avoidance_base/lib/collision_avoidance_base/collision_avoidance_base
[1.131s] -- Up-to-date: /home/GTL/apaul/ros2_hw1/install/collision_avoidance_base/share/collision_avoidance_base
[1.132s] -- Up-to-date: /home/GTL/apaul/ros2_hw1/install/collision_avoidance_base/share/collision_avoidance_base/coll_teleop.launch.py
[1.134s] -- Up-to-date: /home/GTL/apaul/ros2_hw1/install/collision_avoidance_base/share/collision_avoidance_base/ca_auto.launch.py
[1.134s] -- Up-to-date: /home/GTL/apaul/ros2_hw1/install/collision_avoidance_base/share/collision_avoidance_base/ca.launch.py
[1.134s] -- Up-to-date: /home/GTL/apaul/ros2_hw1/install/collision_avoidance_base/share/collision_avoidance_base/__pycache__
[1.134s] -- Up-to-date: /home/GTL/apaul/ros2_hw1/install/collision_avoidance_base/share/collision_avoidance_base/__pycache__/coll_teleop.launch.cpython-310.pyc
[1.134s] -- Up-to-date: /home/GTL/apaul/ros2_hw1/install/collision_avoidance_base/share/collision_avoidance_base/__pycache__/ca.launch.cpython-310.pyc
[1.134s] -- Up-to-date: /home/GTL/apaul/ros2_hw1/install/collision_avoidance_base/share/ament_index/resource_index/package_run_dependencies/collision_avoidance_base
[1.134s] -- Up-to-date: /home/GTL/apaul/ros2_hw1/install/collision_avoidance_base/share/ament_index/resource_index/parent_prefix_path/collision_avoidance_base
[1.134s] -- Up-to-date: /home/GTL/apaul/ros2_hw1/install/collision_avoidance_base/share/collision_avoidance_base/environment/ament_prefix_path.sh
[1.135s] -- Up-to-date: /home/GTL/apaul/ros2_hw1/install/collision_avoidance_base/share/collision_avoidance_base/environment/ament_prefix_path.dsv
[1.135s] -- Up-to-date: /home/GTL/apaul/ros2_hw1/install/collision_avoidance_base/share/collision_avoidance_base/environment/path.sh
[1.135s] -- Up-to-date: /home/GTL/apaul/ros2_hw1/install/collision_avoidance_base/share/collision_avoidance_base/environment/path.dsv
[1.135s] -- Up-to-date: /home/GTL/apaul/ros2_hw1/install/collision_avoidance_base/share/collision_avoidance_base/local_setup.bash
[1.135s] -- Up-to-date: /home/GTL/apaul/ros2_hw1/install/collision_avoidance_base/share/collision_avoidance_base/local_setup.sh
[1.135s] -- Up-to-date: /home/GTL/apaul/ros2_hw1/install/collision_avoidance_base/share/collision_avoidance_base/local_setup.zsh
[1.135s] -- Up-to-date: /home/GTL/apaul/ros2_hw1/install/collision_avoidance_base/share/collision_avoidance_base/local_setup.dsv
[1.135s] -- Installing: /home/GTL/apaul/ros2_hw1/install/collision_avoidance_base/share/collision_avoidance_base/package.dsv
[1.137s] -- Up-to-date: /home/GTL/apaul/ros2_hw1/install/collision_avoidance_base/share/ament_index/resource_index/packages/collision_avoidance_base
[1.137s] -- Up-to-date: /home/GTL/apaul/ros2_hw1/install/collision_avoidance_base/share/collision_avoidance_base/cmake/collision_avoidance_baseConfig.cmake
[1.137s] -- Up-to-date: /home/GTL/apaul/ros2_hw1/install/collision_avoidance_base/share/collision_avoidance_base/cmake/collision_avoidance_baseConfig-version.cmake
[1.137s] -- Up-to-date: /home/GTL/apaul/ros2_hw1/install/collision_avoidance_base/share/collision_avoidance_base/package.xml
[1.179s] Invoked command in '/home/GTL/apaul/ros2_hw1/build/collision_avoidance_base' returned '0': CMAKE_PREFIX_PATH=/opt/ros/humble /usr/bin/cmake --install /home/GTL/apaul/ros2_hw1/build/collision_avoidance_base
