[1.439s] Invoking command in '/home/GTL/pcastere/ros_hw1/ros2_hw1/src/rover_driver_base': PYTHONPATH=/home/GTL/pcastere/ros_hw1/ros2_hw1/build/rover_driver_base/prefix_override:/usr/lib/python3/dist-packages/colcon_core/task/python/colcon_distutils_commands:/home/GTL/pcastere/ros_hw1/ros2_hw1/install/rover_driver_base/lib/python3.10/site-packages:${PYTHONPATH} /usr/bin/python3 -W ignore:setup.py install is deprecated setup.py egg_info --egg-base ../../build/rover_driver_base build --build-base /home/GTL/pcastere/ros_hw1/ros2_hw1/build/rover_driver_base/build install --record /home/GTL/pcastere/ros_hw1/ros2_hw1/build/rover_driver_base/install.log --single-version-externally-managed install_data
[1.634s] running egg_info
[1.634s] writing ../../build/rover_driver_base/rover_driver_base.egg-info/PKG-INFO
[1.635s] writing dependency_links to ../../build/rover_driver_base/rover_driver_base.egg-info/dependency_links.txt
[1.635s] writing entry points to ../../build/rover_driver_base/rover_driver_base.egg-info/entry_points.txt
[1.635s] writing requirements to ../../build/rover_driver_base/rover_driver_base.egg-info/requires.txt
[1.635s] writing top-level names to ../../build/rover_driver_base/rover_driver_base.egg-info/top_level.txt
[1.646s] reading manifest file '../../build/rover_driver_base/rover_driver_base.egg-info/SOURCES.txt'
[1.649s] writing manifest file '../../build/rover_driver_base/rover_driver_base.egg-info/SOURCES.txt'
[1.649s] running build
[1.650s] running build_py
[1.651s] copying rover_driver_base/rover_kinematics.py -> /home/GTL/pcastere/ros_hw1/ros2_hw1/build/rover_driver_base/build/lib/rover_driver_base
[1.654s] running install
[1.654s] running install_lib
[1.656s] copying /home/GTL/pcastere/ros_hw1/ros2_hw1/build/rover_driver_base/build/lib/rover_driver_base/rover_kinematics.py -> /home/GTL/pcastere/ros_hw1/ros2_hw1/install/rover_driver_base/lib/python3.10/site-packages/rover_driver_base
[1.661s] byte-compiling /home/GTL/pcastere/ros_hw1/ros2_hw1/install/rover_driver_base/lib/python3.10/site-packages/rover_driver_base/rover_kinematics.py to rover_kinematics.cpython-310.pyc
[1.664s] running install_data
[1.666s] copying launch/rover_odom.launch.py -> /home/GTL/pcastere/ros_hw1/ros2_hw1/install/rover_driver_base/share/rover_driver_base
[1.668s] running install_egg_info
[1.671s] removing '/home/GTL/pcastere/ros_hw1/ros2_hw1/install/rover_driver_base/lib/python3.10/site-packages/rover_driver_base-0.0.0-py3.10.egg-info' (and everything under it)
[1.674s] Copying ../../build/rover_driver_base/rover_driver_base.egg-info to /home/GTL/pcastere/ros_hw1/ros2_hw1/install/rover_driver_base/lib/python3.10/site-packages/rover_driver_base-0.0.0-py3.10.egg-info
[1.690s] running install_scripts
[1.709s] Installing rover_command_node script to /home/GTL/pcastere/ros_hw1/ros2_hw1/install/rover_driver_base/lib/rover_driver_base
[1.711s] Installing rover_odom_node script to /home/GTL/pcastere/ros_hw1/ros2_hw1/install/rover_driver_base/lib/rover_driver_base
[1.712s] writing list of installed files to '/home/GTL/pcastere/ros_hw1/ros2_hw1/build/rover_driver_base/install.log'
[1.914s] Invoked command in '/home/GTL/pcastere/ros_hw1/ros2_hw1/src/rover_driver_base' returned '0': PYTHONPATH=/home/GTL/pcastere/ros_hw1/ros2_hw1/build/rover_driver_base/prefix_override:/usr/lib/python3/dist-packages/colcon_core/task/python/colcon_distutils_commands:/home/GTL/pcastere/ros_hw1/ros2_hw1/install/rover_driver_base/lib/python3.10/site-packages:${PYTHONPATH} /usr/bin/python3 -W ignore:setup.py install is deprecated setup.py egg_info --egg-base ../../build/rover_driver_base build --build-base /home/GTL/pcastere/ros_hw1/ros2_hw1/build/rover_driver_base/build install --record /home/GTL/pcastere/ros_hw1/ros2_hw1/build/rover_driver_base/install.log --single-version-externally-managed install_data
