[0.492s] Invoking command in '/home/GTL/apaul/ros2_hw1/build/face_msg': CMAKE_PREFIX_PATH=/opt/ros/humble /usr/bin/cmake --build /home/GTL/apaul/ros2_hw1/build/face_msg -- -j16 -l16
[0.915s] [  3%] Built target face_msg__cpp
[0.915s] [ 12%] Built target face_msg__rosidl_generator_c
[0.915s] [ 41%] Built target face_msg__rosidl_typesupport_fastrtps_cpp
[0.915s] [ 41%] Built target face_msg__rosidl_typesupport_introspection_cpp
[0.915s] [ 41%] Built target face_msg__rosidl_typesupport_cpp
[0.915s] [ 70%] Built target face_msg__rosidl_typesupport_fastrtps_c
[0.915s] [ 70%] Built target face_msg__rosidl_typesupport_introspection_c
[0.915s] [ 70%] Built target face_msg__rosidl_typesupport_c
[0.915s] [ 70%] Built target ament_cmake_python_copy_face_msg
[0.915s] [ 70%] Built target face_msg
[0.915s] [ 74%] Built target face_msg__py
[0.915s] [ 80%] Built target face_msg__rosidl_generator_py
[0.916s] [100%] Built target face_msg__rosidl_typesupport_c__pyext
[0.916s] [100%] Built target face_msg__rosidl_typesupport_fastrtps_c__pyext
[0.916s] [100%] Built target face_msg__rosidl_typesupport_introspection_c__pyext
[0.916s] running egg_info
[0.916s] writing face_msg.egg-info/PKG-INFO
[0.916s] writing dependency_links to face_msg.egg-info/dependency_links.txt
[0.916s] writing top-level names to face_msg.egg-info/top_level.txt
[0.916s] reading manifest file 'face_msg.egg-info/SOURCES.txt'
[0.916s] writing manifest file 'face_msg.egg-info/SOURCES.txt'
[0.916s] [100%] Built target ament_cmake_python_build_face_msg_egg
[1.114s] Invoked command in '/home/GTL/apaul/ros2_hw1/build/face_msg' returned '0': CMAKE_PREFIX_PATH=/opt/ros/humble /usr/bin/cmake --build /home/GTL/apaul/ros2_hw1/build/face_msg -- -j16 -l16
[1.163s] Invoking command in '/home/GTL/apaul/ros2_hw1/build/face_msg': CMAKE_PREFIX_PATH=/opt/ros/humble /usr/bin/cmake --install /home/GTL/apaul/ros2_hw1/build/face_msg
[1.173s] -- Install configuration: ""
[1.173s] -- Up-to-date: /home/GTL/apaul/ros2_hw1/install/face_msg/share/ament_index/resource_index/rosidl_interfaces/face_msg
[1.173s] -- Up-to-date: /home/GTL/apaul/ros2_hw1/install/face_msg/include/face_msg/face_msg
[1.173s] -- Up-to-date: /home/GTL/apaul/ros2_hw1/install/face_msg/include/face_msg/face_msg/msg
[1.173s] -- Up-to-date: /home/GTL/apaul/ros2_hw1/install/face_msg/include/face_msg/face_msg/msg/roilist.h
[1.173s] -- Up-to-date: /home/GTL/apaul/ros2_hw1/install/face_msg/include/face_msg/face_msg/msg/detail
[1.174s] -- Up-to-date: /home/GTL/apaul/ros2_hw1/install/face_msg/include/face_msg/face_msg/msg/detail/roilist__type_support.h
[1.183s] -- Up-to-date: /home/GTL/apaul/ros2_hw1/install/face_msg/include/face_msg/face_msg/msg/detail/roilist__struct.h
[1.184s] -- Up-to-date: /home/GTL/apaul/ros2_hw1/install/face_msg/include/face_msg/face_msg/msg/detail/roilist__functions.c
[1.184s] -- Up-to-date: /home/GTL/apaul/ros2_hw1/install/face_msg/include/face_msg/face_msg/msg/detail/roilist__functions.h
[1.184s] -- Up-to-date: /home/GTL/apaul/ros2_hw1/install/face_msg/include/face_msg/face_msg/msg/rosidl_generator_c__visibility_control.h
[1.184s] -- Up-to-date: /home/GTL/apaul/ros2_hw1/install/face_msg/share/face_msg/environment/library_path.sh
[1.184s] -- Up-to-date: /home/GTL/apaul/ros2_hw1/install/face_msg/share/face_msg/environment/library_path.dsv
[1.184s] -- Up-to-date: /home/GTL/apaul/ros2_hw1/install/face_msg/lib/libface_msg__rosidl_generator_c.so
[1.184s] -- Up-to-date: /home/GTL/apaul/ros2_hw1/install/face_msg/include/face_msg/face_msg
[1.186s] -- Up-to-date: /home/GTL/apaul/ros2_hw1/install/face_msg/include/face_msg/face_msg/msg
[1.186s] -- Up-to-date: /home/GTL/apaul/ros2_hw1/install/face_msg/include/face_msg/face_msg/msg/detail
[1.186s] -- Up-to-date: /home/GTL/apaul/ros2_hw1/install/face_msg/include/face_msg/face_msg/msg/detail/roilist__rosidl_typesupport_fastrtps_c.h
[1.186s] -- Up-to-date: /home/GTL/apaul/ros2_hw1/install/face_msg/include/face_msg/face_msg/msg/rosidl_typesupport_fastrtps_c__visibility_control.h
[1.188s] -- Up-to-date: /home/GTL/apaul/ros2_hw1/install/face_msg/lib/libface_msg__rosidl_typesupport_fastrtps_c.so
[1.189s] -- Up-to-date: /home/GTL/apaul/ros2_hw1/install/face_msg/include/face_msg/face_msg
[1.190s] -- Up-to-date: /home/GTL/apaul/ros2_hw1/install/face_msg/include/face_msg/face_msg/msg
[1.191s] -- Up-to-date: /home/GTL/apaul/ros2_hw1/install/face_msg/include/face_msg/face_msg/msg/roilist.hpp
[1.192s] -- Up-to-date: /home/GTL/apaul/ros2_hw1/install/face_msg/include/face_msg/face_msg/msg/detail
[1.193s] -- Up-to-date: /home/GTL/apaul/ros2_hw1/install/face_msg/include/face_msg/face_msg/msg/detail/roilist__struct.hpp
[1.194s] -- Up-to-date: /home/GTL/apaul/ros2_hw1/install/face_msg/include/face_msg/face_msg/msg/detail/roilist__traits.hpp
[1.195s] -- Up-to-date: /home/GTL/apaul/ros2_hw1/install/face_msg/include/face_msg/face_msg/msg/detail/roilist__builder.hpp
[1.195s] -- Up-to-date: /home/GTL/apaul/ros2_hw1/install/face_msg/include/face_msg/face_msg
[1.196s] -- Up-to-date: /home/GTL/apaul/ros2_hw1/install/face_msg/include/face_msg/face_msg/msg
[1.197s] -- Up-to-date: /home/GTL/apaul/ros2_hw1/install/face_msg/include/face_msg/face_msg/msg/detail
[1.197s] -- Up-to-date: /home/GTL/apaul/ros2_hw1/install/face_msg/include/face_msg/face_msg/msg/detail/dds_fastrtps
[1.198s] -- Up-to-date: /home/GTL/apaul/ros2_hw1/install/face_msg/include/face_msg/face_msg/msg/detail/roilist__rosidl_typesupport_fastrtps_cpp.hpp
[1.199s] -- Up-to-date: /home/GTL/apaul/ros2_hw1/install/face_msg/include/face_msg/face_msg/msg/rosidl_typesupport_fastrtps_cpp__visibility_control.h
[1.200s] -- Up-to-date: /home/GTL/apaul/ros2_hw1/install/face_msg/lib/libface_msg__rosidl_typesupport_fastrtps_cpp.so
[1.202s] -- Up-to-date: /home/GTL/apaul/ros2_hw1/install/face_msg/include/face_msg/face_msg
[1.203s] -- Up-to-date: /home/GTL/apaul/ros2_hw1/install/face_msg/include/face_msg/face_msg/msg
[1.203s] -- Up-to-date: /home/GTL/apaul/ros2_hw1/install/face_msg/include/face_msg/face_msg/msg/detail
[1.204s] -- Up-to-date: /home/GTL/apaul/ros2_hw1/install/face_msg/include/face_msg/face_msg/msg/detail/roilist__type_support.c
[1.205s] -- Up-to-date: /home/GTL/apaul/ros2_hw1/install/face_msg/include/face_msg/face_msg/msg/detail/roilist__rosidl_typesupport_introspection_c.h
[1.206s] -- Up-to-date: /home/GTL/apaul/ros2_hw1/install/face_msg/include/face_msg/face_msg/msg/rosidl_typesupport_introspection_c__visibility_control.h
[1.207s] -- Up-to-date: /home/GTL/apaul/ros2_hw1/install/face_msg/lib/libface_msg__rosidl_typesupport_introspection_c.so
[1.210s] -- Up-to-date: /home/GTL/apaul/ros2_hw1/install/face_msg/lib/libface_msg__rosidl_typesupport_c.so
[1.212s] -- Up-to-date: /home/GTL/apaul/ros2_hw1/install/face_msg/include/face_msg/face_msg
[1.213s] -- Up-to-date: /home/GTL/apaul/ros2_hw1/install/face_msg/include/face_msg/face_msg/msg
[1.214s] -- Up-to-date: /home/GTL/apaul/ros2_hw1/install/face_msg/include/face_msg/face_msg/msg/detail
[1.214s] -- Up-to-date: /home/GTL/apaul/ros2_hw1/install/face_msg/include/face_msg/face_msg/msg/detail/roilist__type_support.cpp
[1.214s] -- Up-to-date: /home/GTL/apaul/ros2_hw1/install/face_msg/include/face_msg/face_msg/msg/detail/roilist__rosidl_typesupport_introspection_cpp.hpp
[1.217s] -- Up-to-date: /home/GTL/apaul/ros2_hw1/install/face_msg/lib/libface_msg__rosidl_typesupport_introspection_cpp.so
[1.221s] -- Up-to-date: /home/GTL/apaul/ros2_hw1/install/face_msg/lib/libface_msg__rosidl_typesupport_cpp.so
[1.223s] -- Up-to-date: /home/GTL/apaul/ros2_hw1/install/face_msg/share/face_msg/environment/pythonpath.sh
[1.224s] -- Up-to-date: /home/GTL/apaul/ros2_hw1/install/face_msg/share/face_msg/environment/pythonpath.dsv
[1.225s] -- Up-to-date: /home/GTL/apaul/ros2_hw1/install/face_msg/local/lib/python3.10/dist-packages/face_msg-0.0.0-py3.10.egg-info
[1.226s] -- Installing: /home/GTL/apaul/ros2_hw1/install/face_msg/local/lib/python3.10/dist-packages/face_msg-0.0.0-py3.10.egg-info/dependency_links.txt
[1.235s] -- Installing: /home/GTL/apaul/ros2_hw1/install/face_msg/local/lib/python3.10/dist-packages/face_msg-0.0.0-py3.10.egg-info/top_level.txt
[1.236s] -- Installing: /home/GTL/apaul/ros2_hw1/install/face_msg/local/lib/python3.10/dist-packages/face_msg-0.0.0-py3.10.egg-info/PKG-INFO
[1.241s] -- Installing: /home/GTL/apaul/ros2_hw1/install/face_msg/local/lib/python3.10/dist-packages/face_msg-0.0.0-py3.10.egg-info/SOURCES.txt
[1.245s] -- Up-to-date: /home/GTL/apaul/ros2_hw1/install/face_msg/local/lib/python3.10/dist-packages/face_msg
[1.247s] -- Up-to-date: /home/GTL/apaul/ros2_hw1/install/face_msg/local/lib/python3.10/dist-packages/face_msg/face_msg_s__rosidl_typesupport_c.cpython-310-x86_64-linux-gnu.so
[1.247s] -- Up-to-date: /home/GTL/apaul/ros2_hw1/install/face_msg/local/lib/python3.10/dist-packages/face_msg/face_msg_s__rosidl_typesupport_fastrtps_c.cpython-310-x86_64-linux-gnu.so
[1.248s] -- Up-to-date: /home/GTL/apaul/ros2_hw1/install/face_msg/local/lib/python3.10/dist-packages/face_msg/msg
[1.249s] -- Up-to-date: /home/GTL/apaul/ros2_hw1/install/face_msg/local/lib/python3.10/dist-packages/face_msg/msg/_roilist.py
[1.250s] -- Up-to-date: /home/GTL/apaul/ros2_hw1/install/face_msg/local/lib/python3.10/dist-packages/face_msg/msg/__init__.py
[1.250s] -- Up-to-date: /home/GTL/apaul/ros2_hw1/install/face_msg/local/lib/python3.10/dist-packages/face_msg/msg/_roilist_s.c
[1.250s] -- Up-to-date: /home/GTL/apaul/ros2_hw1/install/face_msg/local/lib/python3.10/dist-packages/face_msg/_face_msg_s.ep.rosidl_typesupport_c.c
[1.251s] -- Up-to-date: /home/GTL/apaul/ros2_hw1/install/face_msg/local/lib/python3.10/dist-packages/face_msg/_face_msg_s.ep.rosidl_typesupport_introspection_c.c
[1.251s] -- Up-to-date: /home/GTL/apaul/ros2_hw1/install/face_msg/local/lib/python3.10/dist-packages/face_msg/__init__.py
[1.253s] -- Up-to-date: /home/GTL/apaul/ros2_hw1/install/face_msg/local/lib/python3.10/dist-packages/face_msg/_face_msg_s.ep.rosidl_typesupport_fastrtps_c.c
[1.253s] -- Up-to-date: /home/GTL/apaul/ros2_hw1/install/face_msg/local/lib/python3.10/dist-packages/face_msg/face_msg_s__rosidl_typesupport_introspection_c.cpython-310-x86_64-linux-gnu.so
[1.253s] -- Up-to-date: /home/GTL/apaul/ros2_hw1/install/face_msg/local/lib/python3.10/dist-packages/face_msg/libface_msg__rosidl_generator_py.so
[1.277s] Listing '/home/GTL/apaul/ros2_hw1/install/face_msg/local/lib/python3.10/dist-packages/face_msg'...
[1.277s] Listing '/home/GTL/apaul/ros2_hw1/install/face_msg/local/lib/python3.10/dist-packages/face_msg/msg'...
[1.284s] -- Up-to-date: /home/GTL/apaul/ros2_hw1/install/face_msg/local/lib/python3.10/dist-packages/face_msg/face_msg_s__rosidl_typesupport_fastrtps_c.cpython-310-x86_64-linux-gnu.so
[1.288s] -- Up-to-date: /home/GTL/apaul/ros2_hw1/install/face_msg/local/lib/python3.10/dist-packages/face_msg/face_msg_s__rosidl_typesupport_introspection_c.cpython-310-x86_64-linux-gnu.so
[1.291s] -- Up-to-date: /home/GTL/apaul/ros2_hw1/install/face_msg/local/lib/python3.10/dist-packages/face_msg/face_msg_s__rosidl_typesupport_c.cpython-310-x86_64-linux-gnu.so
[1.294s] -- Up-to-date: /home/GTL/apaul/ros2_hw1/install/face_msg/lib/libface_msg__rosidl_generator_py.so
[1.297s] -- Up-to-date: /home/GTL/apaul/ros2_hw1/install/face_msg/share/face_msg/msg/Roilist.idl
[1.298s] -- Up-to-date: /home/GTL/apaul/ros2_hw1/install/face_msg/share/face_msg/msg/Roilist.msg
[1.302s] -- Up-to-date: /home/GTL/apaul/ros2_hw1/install/face_msg/share/ament_index/resource_index/package_run_dependencies/face_msg
[1.302s] -- Up-to-date: /home/GTL/apaul/ros2_hw1/install/face_msg/share/ament_index/resource_index/parent_prefix_path/face_msg
[1.302s] -- Up-to-date: /home/GTL/apaul/ros2_hw1/install/face_msg/share/face_msg/environment/ament_prefix_path.sh
[1.302s] -- Up-to-date: /home/GTL/apaul/ros2_hw1/install/face_msg/share/face_msg/environment/ament_prefix_path.dsv
[1.302s] -- Up-to-date: /home/GTL/apaul/ros2_hw1/install/face_msg/share/face_msg/environment/path.sh
[1.303s] -- Up-to-date: /home/GTL/apaul/ros2_hw1/install/face_msg/share/face_msg/environment/path.dsv
[1.304s] -- Up-to-date: /home/GTL/apaul/ros2_hw1/install/face_msg/share/face_msg/local_setup.bash
[1.307s] -- Up-to-date: /home/GTL/apaul/ros2_hw1/install/face_msg/share/face_msg/local_setup.sh
[1.307s] -- Up-to-date: /home/GTL/apaul/ros2_hw1/install/face_msg/share/face_msg/local_setup.zsh
[1.307s] -- Up-to-date: /home/GTL/apaul/ros2_hw1/install/face_msg/share/face_msg/local_setup.dsv
[1.307s] -- Installing: /home/GTL/apaul/ros2_hw1/install/face_msg/share/face_msg/package.dsv
[1.311s] -- Up-to-date: /home/GTL/apaul/ros2_hw1/install/face_msg/share/ament_index/resource_index/packages/face_msg
[1.314s] -- Up-to-date: /home/GTL/apaul/ros2_hw1/install/face_msg/share/face_msg/cmake/export_face_msg__rosidl_generator_cExport.cmake
[1.314s] -- Up-to-date: /home/GTL/apaul/ros2_hw1/install/face_msg/share/face_msg/cmake/export_face_msg__rosidl_generator_cExport-noconfig.cmake
[1.316s] -- Up-to-date: /home/GTL/apaul/ros2_hw1/install/face_msg/share/face_msg/cmake/export_face_msg__rosidl_typesupport_fastrtps_cExport.cmake
[1.317s] -- Up-to-date: /home/GTL/apaul/ros2_hw1/install/face_msg/share/face_msg/cmake/export_face_msg__rosidl_typesupport_fastrtps_cExport-noconfig.cmake
[1.319s] -- Up-to-date: /home/GTL/apaul/ros2_hw1/install/face_msg/share/face_msg/cmake/export_face_msg__rosidl_generator_cppExport.cmake
[1.321s] -- Up-to-date: /home/GTL/apaul/ros2_hw1/install/face_msg/share/face_msg/cmake/export_face_msg__rosidl_typesupport_fastrtps_cppExport.cmake
[1.322s] -- Up-to-date: /home/GTL/apaul/ros2_hw1/install/face_msg/share/face_msg/cmake/export_face_msg__rosidl_typesupport_fastrtps_cppExport-noconfig.cmake
[1.324s] -- Up-to-date: /home/GTL/apaul/ros2_hw1/install/face_msg/share/face_msg/cmake/face_msg__rosidl_typesupport_introspection_cExport.cmake
[1.325s] -- Up-to-date: /home/GTL/apaul/ros2_hw1/install/face_msg/share/face_msg/cmake/face_msg__rosidl_typesupport_introspection_cExport-noconfig.cmake
[1.327s] -- Up-to-date: /home/GTL/apaul/ros2_hw1/install/face_msg/share/face_msg/cmake/face_msg__rosidl_typesupport_cExport.cmake
[1.327s] -- Up-to-date: /home/GTL/apaul/ros2_hw1/install/face_msg/share/face_msg/cmake/face_msg__rosidl_typesupport_cExport-noconfig.cmake
[1.329s] -- Up-to-date: /home/GTL/apaul/ros2_hw1/install/face_msg/share/face_msg/cmake/face_msg__rosidl_typesupport_introspection_cppExport.cmake
[1.330s] -- Up-to-date: /home/GTL/apaul/ros2_hw1/install/face_msg/share/face_msg/cmake/face_msg__rosidl_typesupport_introspection_cppExport-noconfig.cmake
[1.333s] -- Up-to-date: /home/GTL/apaul/ros2_hw1/install/face_msg/share/face_msg/cmake/face_msg__rosidl_typesupport_cppExport.cmake
[1.333s] -- Up-to-date: /home/GTL/apaul/ros2_hw1/install/face_msg/share/face_msg/cmake/face_msg__rosidl_typesupport_cppExport-noconfig.cmake
[1.335s] -- Up-to-date: /home/GTL/apaul/ros2_hw1/install/face_msg/share/face_msg/cmake/export_face_msg__rosidl_generator_pyExport.cmake
[1.335s] -- Up-to-date: /home/GTL/apaul/ros2_hw1/install/face_msg/share/face_msg/cmake/export_face_msg__rosidl_generator_pyExport-noconfig.cmake
[1.336s] -- Up-to-date: /home/GTL/apaul/ros2_hw1/install/face_msg/share/face_msg/cmake/rosidl_cmake-extras.cmake
[1.337s] -- Up-to-date: /home/GTL/apaul/ros2_hw1/install/face_msg/share/face_msg/cmake/ament_cmake_export_dependencies-extras.cmake
[1.337s] -- Up-to-date: /home/GTL/apaul/ros2_hw1/install/face_msg/share/face_msg/cmake/ament_cmake_export_include_directories-extras.cmake
[1.338s] -- Up-to-date: /home/GTL/apaul/ros2_hw1/install/face_msg/share/face_msg/cmake/ament_cmake_export_libraries-extras.cmake
[1.339s] -- Up-to-date: /home/GTL/apaul/ros2_hw1/install/face_msg/share/face_msg/cmake/ament_cmake_export_targets-extras.cmake
[1.339s] -- Up-to-date: /home/GTL/apaul/ros2_hw1/install/face_msg/share/face_msg/cmake/rosidl_cmake_export_typesupport_targets-extras.cmake
[1.340s] -- Up-to-date: /home/GTL/apaul/ros2_hw1/install/face_msg/share/face_msg/cmake/rosidl_cmake_export_typesupport_libraries-extras.cmake
[1.341s] -- Up-to-date: /home/GTL/apaul/ros2_hw1/install/face_msg/share/face_msg/cmake/face_msgConfig.cmake
[1.341s] -- Up-to-date: /home/GTL/apaul/ros2_hw1/install/face_msg/share/face_msg/cmake/face_msgConfig-version.cmake
[1.342s] -- Up-to-date: /home/GTL/apaul/ros2_hw1/install/face_msg/share/face_msg/package.xml
[1.417s] Invoked command in '/home/GTL/apaul/ros2_hw1/build/face_msg' returned '0': CMAKE_PREFIX_PATH=/opt/ros/humble /usr/bin/cmake --install /home/GTL/apaul/ros2_hw1/build/face_msg
