[1.895s] Invoking command in '/home/GTL/apaul/ros2_hw1/src/rover_driver_base': PYTHONPATH=/home/GTL/apaul/ros2_hw1/build/rover_driver_base/prefix_override:/usr/lib/python3/dist-packages/colcon_core/task/python/colcon_distutils_commands:/home/GTL/apaul/ros2_hw1/install/rover_driver_base/lib/python3.10/site-packages:${PYTHONPATH} /usr/bin/python3 -W ignore:setup.py install is deprecated setup.py egg_info --egg-base ../../build/rover_driver_base build --build-base /home/GTL/apaul/ros2_hw1/build/rover_driver_base/build install --record /home/GTL/apaul/ros2_hw1/build/rover_driver_base/install.log --single-version-externally-managed install_data
[2.093s] running egg_info
[2.094s] writing ../../build/rover_driver_base/rover_driver_base.egg-info/PKG-INFO
[2.095s] writing dependency_links to ../../build/rover_driver_base/rover_driver_base.egg-info/dependency_links.txt
[2.096s] writing entry points to ../../build/rover_driver_base/rover_driver_base.egg-info/entry_points.txt
[2.097s] writing requirements to ../../build/rover_driver_base/rover_driver_base.egg-info/requires.txt
[2.097s] writing top-level names to ../../build/rover_driver_base/rover_driver_base.egg-info/top_level.txt
[2.100s] reading manifest file '../../build/rover_driver_base/rover_driver_base.egg-info/SOURCES.txt'
[2.102s] writing manifest file '../../build/rover_driver_base/rover_driver_base.egg-info/SOURCES.txt'
[2.102s] running build
[2.103s] running build_py
[2.103s] running install
[2.104s] running install_lib
[2.105s] running install_data
[2.105s] copying launch/rover_odom.launch.py -> /home/GTL/apaul/ros2_hw1/install/rover_driver_base/share/rover_driver_base
[2.108s] running install_egg_info
[2.109s] removing '/home/GTL/apaul/ros2_hw1/install/rover_driver_base/lib/python3.10/site-packages/rover_driver_base-0.0.0-py3.10.egg-info' (and everything under it)
[2.111s] Copying ../../build/rover_driver_base/rover_driver_base.egg-info to /home/GTL/apaul/ros2_hw1/install/rover_driver_base/lib/python3.10/site-packages/rover_driver_base-0.0.0-py3.10.egg-info
[2.127s] running install_scripts
[2.146s] Installing rover_command_node script to /home/GTL/apaul/ros2_hw1/install/rover_driver_base/lib/rover_driver_base
[2.147s] Installing rover_odom_node script to /home/GTL/apaul/ros2_hw1/install/rover_driver_base/lib/rover_driver_base
[2.148s] writing list of installed files to '/home/GTL/apaul/ros2_hw1/build/rover_driver_base/install.log'
[2.236s] Invoked command in '/home/GTL/apaul/ros2_hw1/src/rover_driver_base' returned '0': PYTHONPATH=/home/GTL/apaul/ros2_hw1/build/rover_driver_base/prefix_override:/usr/lib/python3/dist-packages/colcon_core/task/python/colcon_distutils_commands:/home/GTL/apaul/ros2_hw1/install/rover_driver_base/lib/python3.10/site-packages:${PYTHONPATH} /usr/bin/python3 -W ignore:setup.py install is deprecated setup.py egg_info --egg-base ../../build/rover_driver_base build --build-base /home/GTL/apaul/ros2_hw1/build/rover_driver_base/build install --record /home/GTL/apaul/ros2_hw1/build/rover_driver_base/install.log --single-version-externally-managed install_data
