[0.528s] Invoking command in '/home/GTL/apaul/ros2_hw1/build/wpa_cli_msgs': CMAKE_PREFIX_PATH=/opt/ros/humble /usr/bin/cmake --build /home/GTL/apaul/ros2_hw1/build/wpa_cli_msgs -- -j16 -l16
[1.087s] [  2%] Built target wpa_cli_msgs__cpp
[1.087s] [  2%] Built target ament_cmake_python_copy_wpa_cli_msgs
[1.087s] [35m[1mConsolidate compiler generated dependencies of target wpa_cli_msgs__rosidl_typesupport_introspection_cpp[0m
[1.087s] [ 12%] Built target wpa_cli_msgs__rosidl_typesupport_introspection_cpp
[1.087s] running egg_info
[1.088s] writing wpa_cli_msgs.egg-info/PKG-INFO
[1.088s] writing dependency_links to wpa_cli_msgs.egg-info/dependency_links.txt
[1.088s] writing top-level names to wpa_cli_msgs.egg-info/top_level.txt
[1.088s] reading manifest file 'wpa_cli_msgs.egg-info/SOURCES.txt'
[1.088s] writing manifest file 'wpa_cli_msgs.egg-info/SOURCES.txt'
[1.088s] [ 12%] Built target ament_cmake_python_build_wpa_cli_msgs_egg
[1.088s] [35m[1mConsolidate compiler generated dependencies of target wpa_cli_msgs__rosidl_typesupport_fastrtps_cpp[0m
[1.088s] [ 23%] Built target wpa_cli_msgs__rosidl_typesupport_fastrtps_cpp
[1.088s] [35m[1mConsolidate compiler generated dependencies of target wpa_cli_msgs__rosidl_typesupport_cpp[0m
[1.095s] [ 33%] Built target wpa_cli_msgs__rosidl_typesupport_cpp
[1.111s] [35m[1mConsolidate compiler generated dependencies of target wpa_cli_msgs__rosidl_generator_c[0m
[1.129s] [ 43%] Built target wpa_cli_msgs__rosidl_generator_c
[1.142s] [35m[1mConsolidate compiler generated dependencies of target wpa_cli_msgs__rosidl_typesupport_fastrtps_c[0m
[1.160s] [ 53%] Built target wpa_cli_msgs__rosidl_typesupport_fastrtps_c
[1.172s] [35m[1mConsolidate compiler generated dependencies of target wpa_cli_msgs__rosidl_typesupport_c[0m
[1.187s] [ 64%] Built target wpa_cli_msgs__rosidl_typesupport_c
[1.200s] [35m[1mConsolidate compiler generated dependencies of target wpa_cli_msgs__rosidl_typesupport_introspection_c[0m
[1.335s] [ 74%] Built target wpa_cli_msgs__rosidl_typesupport_introspection_c
[1.354s] [ 74%] Built target wpa_cli_msgs
[1.377s] [ 76%] Built target wpa_cli_msgs__py
[1.400s] [35m[1mConsolidate compiler generated dependencies of target wpa_cli_msgs__rosidl_generator_py[0m
[1.417s] [ 84%] Built target wpa_cli_msgs__rosidl_generator_py
[1.429s] [35m[1mConsolidate compiler generated dependencies of target wpa_cli_msgs__rosidl_typesupport_fastrtps_c__pyext[0m
[1.444s] [ 89%] Built target wpa_cli_msgs__rosidl_typesupport_fastrtps_c__pyext
[1.457s] [35m[1mConsolidate compiler generated dependencies of target wpa_cli_msgs__rosidl_typesupport_c__pyext[0m
[1.497s] [ 94%] Built target wpa_cli_msgs__rosidl_typesupport_c__pyext
[1.515s] [35m[1mConsolidate compiler generated dependencies of target wpa_cli_msgs__rosidl_typesupport_introspection_c__pyext[0m
[1.529s] [100%] Built target wpa_cli_msgs__rosidl_typesupport_introspection_c__pyext
[1.565s] Invoked command in '/home/GTL/apaul/ros2_hw1/build/wpa_cli_msgs' returned '0': CMAKE_PREFIX_PATH=/opt/ros/humble /usr/bin/cmake --build /home/GTL/apaul/ros2_hw1/build/wpa_cli_msgs -- -j16 -l16
[1.659s] Invoking command in '/home/GTL/apaul/ros2_hw1/build/wpa_cli_msgs': CMAKE_PREFIX_PATH=/opt/ros/humble /usr/bin/cmake --install /home/GTL/apaul/ros2_hw1/build/wpa_cli_msgs
[1.664s] -- Install configuration: ""
[1.664s] -- Up-to-date: /home/GTL/apaul/ros2_hw1/install/wpa_cli_msgs/share/ament_index/resource_index/rosidl_interfaces/wpa_cli_msgs
[1.664s] -- Up-to-date: /home/GTL/apaul/ros2_hw1/install/wpa_cli_msgs/include/wpa_cli_msgs/wpa_cli_msgs
[1.665s] -- Up-to-date: /home/GTL/apaul/ros2_hw1/install/wpa_cli_msgs/include/wpa_cli_msgs/wpa_cli_msgs/msg
[1.665s] -- Up-to-date: /home/GTL/apaul/ros2_hw1/install/wpa_cli_msgs/include/wpa_cli_msgs/wpa_cli_msgs/msg/detail
[1.666s] -- Up-to-date: /home/GTL/apaul/ros2_hw1/install/wpa_cli_msgs/include/wpa_cli_msgs/wpa_cli_msgs/msg/detail/network__functions.h
[1.666s] -- Up-to-date: /home/GTL/apaul/ros2_hw1/install/wpa_cli_msgs/include/wpa_cli_msgs/wpa_cli_msgs/msg/detail/network__type_support.h
[1.667s] -- Up-to-date: /home/GTL/apaul/ros2_hw1/install/wpa_cli_msgs/include/wpa_cli_msgs/wpa_cli_msgs/msg/detail/scan__struct.h
[1.668s] -- Up-to-date: /home/GTL/apaul/ros2_hw1/install/wpa_cli_msgs/include/wpa_cli_msgs/wpa_cli_msgs/msg/detail/scan__type_support.h
[1.668s] -- Up-to-date: /home/GTL/apaul/ros2_hw1/install/wpa_cli_msgs/include/wpa_cli_msgs/wpa_cli_msgs/msg/detail/scan__functions.c
[1.668s] -- Up-to-date: /home/GTL/apaul/ros2_hw1/install/wpa_cli_msgs/include/wpa_cli_msgs/wpa_cli_msgs/msg/detail/scan__functions.h
[1.668s] -- Up-to-date: /home/GTL/apaul/ros2_hw1/install/wpa_cli_msgs/include/wpa_cli_msgs/wpa_cli_msgs/msg/detail/network__functions.c
[1.668s] -- Up-to-date: /home/GTL/apaul/ros2_hw1/install/wpa_cli_msgs/include/wpa_cli_msgs/wpa_cli_msgs/msg/detail/network__struct.h
[1.668s] -- Up-to-date: /home/GTL/apaul/ros2_hw1/install/wpa_cli_msgs/include/wpa_cli_msgs/wpa_cli_msgs/msg/rosidl_generator_c__visibility_control.h
[1.669s] -- Up-to-date: /home/GTL/apaul/ros2_hw1/install/wpa_cli_msgs/include/wpa_cli_msgs/wpa_cli_msgs/msg/scan.h
[1.669s] -- Up-to-date: /home/GTL/apaul/ros2_hw1/install/wpa_cli_msgs/include/wpa_cli_msgs/wpa_cli_msgs/msg/network.h
[1.669s] -- Up-to-date: /home/GTL/apaul/ros2_hw1/install/wpa_cli_msgs/share/wpa_cli_msgs/environment/library_path.sh
[1.670s] -- Up-to-date: /home/GTL/apaul/ros2_hw1/install/wpa_cli_msgs/share/wpa_cli_msgs/environment/library_path.dsv
[1.672s] -- Up-to-date: /home/GTL/apaul/ros2_hw1/install/wpa_cli_msgs/lib/libwpa_cli_msgs__rosidl_generator_c.so
[1.674s] -- Up-to-date: /home/GTL/apaul/ros2_hw1/install/wpa_cli_msgs/include/wpa_cli_msgs/wpa_cli_msgs
[1.676s] -- Up-to-date: /home/GTL/apaul/ros2_hw1/install/wpa_cli_msgs/include/wpa_cli_msgs/wpa_cli_msgs/msg
[1.676s] -- Up-to-date: /home/GTL/apaul/ros2_hw1/install/wpa_cli_msgs/include/wpa_cli_msgs/wpa_cli_msgs/msg/detail
[1.676s] -- Up-to-date: /home/GTL/apaul/ros2_hw1/install/wpa_cli_msgs/include/wpa_cli_msgs/wpa_cli_msgs/msg/detail/network__rosidl_typesupport_fastrtps_c.h
[1.676s] -- Up-to-date: /home/GTL/apaul/ros2_hw1/install/wpa_cli_msgs/include/wpa_cli_msgs/wpa_cli_msgs/msg/detail/scan__rosidl_typesupport_fastrtps_c.h
[1.676s] -- Up-to-date: /home/GTL/apaul/ros2_hw1/install/wpa_cli_msgs/include/wpa_cli_msgs/wpa_cli_msgs/msg/rosidl_typesupport_fastrtps_c__visibility_control.h
[1.679s] -- Up-to-date: /home/GTL/apaul/ros2_hw1/install/wpa_cli_msgs/lib/libwpa_cli_msgs__rosidl_typesupport_fastrtps_c.so
[1.682s] -- Up-to-date: /home/GTL/apaul/ros2_hw1/install/wpa_cli_msgs/include/wpa_cli_msgs/wpa_cli_msgs
[1.682s] -- Up-to-date: /home/GTL/apaul/ros2_hw1/install/wpa_cli_msgs/include/wpa_cli_msgs/wpa_cli_msgs/msg
[1.683s] -- Up-to-date: /home/GTL/apaul/ros2_hw1/install/wpa_cli_msgs/include/wpa_cli_msgs/wpa_cli_msgs/msg/detail
[1.684s] -- Up-to-date: /home/GTL/apaul/ros2_hw1/install/wpa_cli_msgs/include/wpa_cli_msgs/wpa_cli_msgs/msg/detail/scan__builder.hpp
[1.685s] -- Up-to-date: /home/GTL/apaul/ros2_hw1/install/wpa_cli_msgs/include/wpa_cli_msgs/wpa_cli_msgs/msg/detail/scan__struct.hpp
[1.685s] -- Up-to-date: /home/GTL/apaul/ros2_hw1/install/wpa_cli_msgs/include/wpa_cli_msgs/wpa_cli_msgs/msg/detail/network__traits.hpp
[1.685s] -- Up-to-date: /home/GTL/apaul/ros2_hw1/install/wpa_cli_msgs/include/wpa_cli_msgs/wpa_cli_msgs/msg/detail/network__struct.hpp
[1.686s] -- Up-to-date: /home/GTL/apaul/ros2_hw1/install/wpa_cli_msgs/include/wpa_cli_msgs/wpa_cli_msgs/msg/detail/network__builder.hpp
[1.686s] -- Up-to-date: /home/GTL/apaul/ros2_hw1/install/wpa_cli_msgs/include/wpa_cli_msgs/wpa_cli_msgs/msg/detail/scan__traits.hpp
[1.686s] -- Up-to-date: /home/GTL/apaul/ros2_hw1/install/wpa_cli_msgs/include/wpa_cli_msgs/wpa_cli_msgs/msg/scan.hpp
[1.686s] -- Up-to-date: /home/GTL/apaul/ros2_hw1/install/wpa_cli_msgs/include/wpa_cli_msgs/wpa_cli_msgs/msg/network.hpp
[1.686s] -- Up-to-date: /home/GTL/apaul/ros2_hw1/install/wpa_cli_msgs/include/wpa_cli_msgs/wpa_cli_msgs
[1.687s] -- Up-to-date: /home/GTL/apaul/ros2_hw1/install/wpa_cli_msgs/include/wpa_cli_msgs/wpa_cli_msgs/msg
[1.688s] -- Up-to-date: /home/GTL/apaul/ros2_hw1/install/wpa_cli_msgs/include/wpa_cli_msgs/wpa_cli_msgs/msg/detail
[1.689s] -- Up-to-date: /home/GTL/apaul/ros2_hw1/install/wpa_cli_msgs/include/wpa_cli_msgs/wpa_cli_msgs/msg/detail/scan__rosidl_typesupport_fastrtps_cpp.hpp
[1.689s] -- Up-to-date: /home/GTL/apaul/ros2_hw1/install/wpa_cli_msgs/include/wpa_cli_msgs/wpa_cli_msgs/msg/detail/dds_fastrtps
[1.689s] -- Up-to-date: /home/GTL/apaul/ros2_hw1/install/wpa_cli_msgs/include/wpa_cli_msgs/wpa_cli_msgs/msg/detail/network__rosidl_typesupport_fastrtps_cpp.hpp
[1.690s] -- Up-to-date: /home/GTL/apaul/ros2_hw1/install/wpa_cli_msgs/include/wpa_cli_msgs/wpa_cli_msgs/msg/rosidl_typesupport_fastrtps_cpp__visibility_control.h
[1.692s] -- Up-to-date: /home/GTL/apaul/ros2_hw1/install/wpa_cli_msgs/lib/libwpa_cli_msgs__rosidl_typesupport_fastrtps_cpp.so
[1.694s] -- Up-to-date: /home/GTL/apaul/ros2_hw1/install/wpa_cli_msgs/include/wpa_cli_msgs/wpa_cli_msgs
[1.694s] -- Up-to-date: /home/GTL/apaul/ros2_hw1/install/wpa_cli_msgs/include/wpa_cli_msgs/wpa_cli_msgs/msg
[1.695s] -- Up-to-date: /home/GTL/apaul/ros2_hw1/install/wpa_cli_msgs/include/wpa_cli_msgs/wpa_cli_msgs/msg/detail
[1.695s] -- Up-to-date: /home/GTL/apaul/ros2_hw1/install/wpa_cli_msgs/include/wpa_cli_msgs/wpa_cli_msgs/msg/detail/network__rosidl_typesupport_introspection_c.h
[1.696s] -- Up-to-date: /home/GTL/apaul/ros2_hw1/install/wpa_cli_msgs/include/wpa_cli_msgs/wpa_cli_msgs/msg/detail/scan__type_support.c
[1.696s] -- Up-to-date: /home/GTL/apaul/ros2_hw1/install/wpa_cli_msgs/include/wpa_cli_msgs/wpa_cli_msgs/msg/detail/network__type_support.c
[1.696s] -- Up-to-date: /home/GTL/apaul/ros2_hw1/install/wpa_cli_msgs/include/wpa_cli_msgs/wpa_cli_msgs/msg/detail/scan__rosidl_typesupport_introspection_c.h
[1.696s] -- Up-to-date: /home/GTL/apaul/ros2_hw1/install/wpa_cli_msgs/include/wpa_cli_msgs/wpa_cli_msgs/msg/rosidl_typesupport_introspection_c__visibility_control.h
[1.698s] -- Up-to-date: /home/GTL/apaul/ros2_hw1/install/wpa_cli_msgs/lib/libwpa_cli_msgs__rosidl_typesupport_introspection_c.so
[1.703s] -- Up-to-date: /home/GTL/apaul/ros2_hw1/install/wpa_cli_msgs/lib/libwpa_cli_msgs__rosidl_typesupport_c.so
[1.703s] -- Up-to-date: /home/GTL/apaul/ros2_hw1/install/wpa_cli_msgs/include/wpa_cli_msgs/wpa_cli_msgs
[1.704s] -- Up-to-date: /home/GTL/apaul/ros2_hw1/install/wpa_cli_msgs/include/wpa_cli_msgs/wpa_cli_msgs/msg
[1.705s] -- Up-to-date: /home/GTL/apaul/ros2_hw1/install/wpa_cli_msgs/include/wpa_cli_msgs/wpa_cli_msgs/msg/detail
[1.714s] -- Up-to-date: /home/GTL/apaul/ros2_hw1/install/wpa_cli_msgs/include/wpa_cli_msgs/wpa_cli_msgs/msg/detail/network__rosidl_typesupport_introspection_cpp.hpp
[1.714s] -- Up-to-date: /home/GTL/apaul/ros2_hw1/install/wpa_cli_msgs/include/wpa_cli_msgs/wpa_cli_msgs/msg/detail/scan__rosidl_typesupport_introspection_cpp.hpp
[1.714s] -- Up-to-date: /home/GTL/apaul/ros2_hw1/install/wpa_cli_msgs/include/wpa_cli_msgs/wpa_cli_msgs/msg/detail/network__type_support.cpp
[1.714s] -- Up-to-date: /home/GTL/apaul/ros2_hw1/install/wpa_cli_msgs/include/wpa_cli_msgs/wpa_cli_msgs/msg/detail/scan__type_support.cpp
[1.714s] -- Up-to-date: /home/GTL/apaul/ros2_hw1/install/wpa_cli_msgs/lib/libwpa_cli_msgs__rosidl_typesupport_introspection_cpp.so
[1.728s] -- Up-to-date: /home/GTL/apaul/ros2_hw1/install/wpa_cli_msgs/lib/libwpa_cli_msgs__rosidl_typesupport_cpp.so
[1.728s] -- Up-to-date: /home/GTL/apaul/ros2_hw1/install/wpa_cli_msgs/share/wpa_cli_msgs/environment/pythonpath.sh
[1.734s] -- Up-to-date: /home/GTL/apaul/ros2_hw1/install/wpa_cli_msgs/share/wpa_cli_msgs/environment/pythonpath.dsv
[1.734s] -- Up-to-date: /home/GTL/apaul/ros2_hw1/install/wpa_cli_msgs/local/lib/python3.10/dist-packages/wpa_cli_msgs-0.0.0-py3.10.egg-info
[1.734s] -- Installing: /home/GTL/apaul/ros2_hw1/install/wpa_cli_msgs/local/lib/python3.10/dist-packages/wpa_cli_msgs-0.0.0-py3.10.egg-info/dependency_links.txt
[1.734s] -- Installing: /home/GTL/apaul/ros2_hw1/install/wpa_cli_msgs/local/lib/python3.10/dist-packages/wpa_cli_msgs-0.0.0-py3.10.egg-info/top_level.txt
[1.734s] -- Installing: /home/GTL/apaul/ros2_hw1/install/wpa_cli_msgs/local/lib/python3.10/dist-packages/wpa_cli_msgs-0.0.0-py3.10.egg-info/PKG-INFO
[1.734s] -- Installing: /home/GTL/apaul/ros2_hw1/install/wpa_cli_msgs/local/lib/python3.10/dist-packages/wpa_cli_msgs-0.0.0-py3.10.egg-info/SOURCES.txt
[1.734s] -- Up-to-date: /home/GTL/apaul/ros2_hw1/install/wpa_cli_msgs/local/lib/python3.10/dist-packages/wpa_cli_msgs
[1.734s] -- Up-to-date: /home/GTL/apaul/ros2_hw1/install/wpa_cli_msgs/local/lib/python3.10/dist-packages/wpa_cli_msgs/wpa_cli_msgs_s__rosidl_typesupport_introspection_c.cpython-310-x86_64-linux-gnu.so
[1.734s] -- Up-to-date: /home/GTL/apaul/ros2_hw1/install/wpa_cli_msgs/local/lib/python3.10/dist-packages/wpa_cli_msgs/_wpa_cli_msgs_s.ep.rosidl_typesupport_introspection_c.c
[1.734s] -- Up-to-date: /home/GTL/apaul/ros2_hw1/install/wpa_cli_msgs/local/lib/python3.10/dist-packages/wpa_cli_msgs/msg
[1.734s] -- Up-to-date: /home/GTL/apaul/ros2_hw1/install/wpa_cli_msgs/local/lib/python3.10/dist-packages/wpa_cli_msgs/msg/_scan.py
[1.734s] -- Up-to-date: /home/GTL/apaul/ros2_hw1/install/wpa_cli_msgs/local/lib/python3.10/dist-packages/wpa_cli_msgs/msg/__init__.py
[1.734s] -- Up-to-date: /home/GTL/apaul/ros2_hw1/install/wpa_cli_msgs/local/lib/python3.10/dist-packages/wpa_cli_msgs/msg/_network_s.c
[1.734s] -- Up-to-date: /home/GTL/apaul/ros2_hw1/install/wpa_cli_msgs/local/lib/python3.10/dist-packages/wpa_cli_msgs/msg/_scan_s.c
[1.734s] -- Up-to-date: /home/GTL/apaul/ros2_hw1/install/wpa_cli_msgs/local/lib/python3.10/dist-packages/wpa_cli_msgs/msg/_network.py
[1.735s] -- Up-to-date: /home/GTL/apaul/ros2_hw1/install/wpa_cli_msgs/local/lib/python3.10/dist-packages/wpa_cli_msgs/_wpa_cli_msgs_s.ep.rosidl_typesupport_c.c
[1.735s] -- Up-to-date: /home/GTL/apaul/ros2_hw1/install/wpa_cli_msgs/local/lib/python3.10/dist-packages/wpa_cli_msgs/wpa_cli_msgs_s__rosidl_typesupport_fastrtps_c.cpython-310-x86_64-linux-gnu.so
[1.735s] -- Up-to-date: /home/GTL/apaul/ros2_hw1/install/wpa_cli_msgs/local/lib/python3.10/dist-packages/wpa_cli_msgs/libwpa_cli_msgs__rosidl_generator_py.so
[1.735s] -- Up-to-date: /home/GTL/apaul/ros2_hw1/install/wpa_cli_msgs/local/lib/python3.10/dist-packages/wpa_cli_msgs/_wpa_cli_msgs_s.ep.rosidl_typesupport_fastrtps_c.c
[1.735s] -- Up-to-date: /home/GTL/apaul/ros2_hw1/install/wpa_cli_msgs/local/lib/python3.10/dist-packages/wpa_cli_msgs/__init__.py
[1.735s] -- Up-to-date: /home/GTL/apaul/ros2_hw1/install/wpa_cli_msgs/local/lib/python3.10/dist-packages/wpa_cli_msgs/wpa_cli_msgs_s__rosidl_typesupport_c.cpython-310-x86_64-linux-gnu.so
[1.764s] Listing '/home/GTL/apaul/ros2_hw1/install/wpa_cli_msgs/local/lib/python3.10/dist-packages/wpa_cli_msgs'...
[1.764s] Listing '/home/GTL/apaul/ros2_hw1/install/wpa_cli_msgs/local/lib/python3.10/dist-packages/wpa_cli_msgs/msg'...
[1.771s] -- Up-to-date: /home/GTL/apaul/ros2_hw1/install/wpa_cli_msgs/local/lib/python3.10/dist-packages/wpa_cli_msgs/wpa_cli_msgs_s__rosidl_typesupport_fastrtps_c.cpython-310-x86_64-linux-gnu.so
[1.774s] -- Up-to-date: /home/GTL/apaul/ros2_hw1/install/wpa_cli_msgs/local/lib/python3.10/dist-packages/wpa_cli_msgs/wpa_cli_msgs_s__rosidl_typesupport_introspection_c.cpython-310-x86_64-linux-gnu.so
[1.778s] -- Up-to-date: /home/GTL/apaul/ros2_hw1/install/wpa_cli_msgs/local/lib/python3.10/dist-packages/wpa_cli_msgs/wpa_cli_msgs_s__rosidl_typesupport_c.cpython-310-x86_64-linux-gnu.so
[1.781s] -- Up-to-date: /home/GTL/apaul/ros2_hw1/install/wpa_cli_msgs/lib/libwpa_cli_msgs__rosidl_generator_py.so
[1.783s] -- Up-to-date: /home/GTL/apaul/ros2_hw1/install/wpa_cli_msgs/share/wpa_cli_msgs/msg/Network.idl
[1.784s] -- Up-to-date: /home/GTL/apaul/ros2_hw1/install/wpa_cli_msgs/share/wpa_cli_msgs/msg/Scan.idl
[1.785s] -- Up-to-date: /home/GTL/apaul/ros2_hw1/install/wpa_cli_msgs/share/wpa_cli_msgs/msg/Network.msg
[1.785s] -- Up-to-date: /home/GTL/apaul/ros2_hw1/install/wpa_cli_msgs/share/wpa_cli_msgs/msg/Scan.msg
[1.785s] -- Up-to-date: /home/GTL/apaul/ros2_hw1/install/wpa_cli_msgs/share/ament_index/resource_index/package_run_dependencies/wpa_cli_msgs
[1.785s] -- Up-to-date: /home/GTL/apaul/ros2_hw1/install/wpa_cli_msgs/share/ament_index/resource_index/parent_prefix_path/wpa_cli_msgs
[1.786s] -- Up-to-date: /home/GTL/apaul/ros2_hw1/install/wpa_cli_msgs/share/wpa_cli_msgs/environment/ament_prefix_path.sh
[1.786s] -- Up-to-date: /home/GTL/apaul/ros2_hw1/install/wpa_cli_msgs/share/wpa_cli_msgs/environment/ament_prefix_path.dsv
[1.786s] -- Up-to-date: /home/GTL/apaul/ros2_hw1/install/wpa_cli_msgs/share/wpa_cli_msgs/environment/path.sh
[1.787s] -- Up-to-date: /home/GTL/apaul/ros2_hw1/install/wpa_cli_msgs/share/wpa_cli_msgs/environment/path.dsv
[1.787s] -- Up-to-date: /home/GTL/apaul/ros2_hw1/install/wpa_cli_msgs/share/wpa_cli_msgs/local_setup.bash
[1.787s] -- Up-to-date: /home/GTL/apaul/ros2_hw1/install/wpa_cli_msgs/share/wpa_cli_msgs/local_setup.sh
[1.788s] -- Up-to-date: /home/GTL/apaul/ros2_hw1/install/wpa_cli_msgs/share/wpa_cli_msgs/local_setup.zsh
[1.788s] -- Up-to-date: /home/GTL/apaul/ros2_hw1/install/wpa_cli_msgs/share/wpa_cli_msgs/local_setup.dsv
[1.789s] -- Installing: /home/GTL/apaul/ros2_hw1/install/wpa_cli_msgs/share/wpa_cli_msgs/package.dsv
[1.792s] -- Up-to-date: /home/GTL/apaul/ros2_hw1/install/wpa_cli_msgs/share/ament_index/resource_index/packages/wpa_cli_msgs
[1.794s] -- Up-to-date: /home/GTL/apaul/ros2_hw1/install/wpa_cli_msgs/share/wpa_cli_msgs/cmake/export_wpa_cli_msgs__rosidl_generator_cExport.cmake
[1.795s] -- Up-to-date: /home/GTL/apaul/ros2_hw1/install/wpa_cli_msgs/share/wpa_cli_msgs/cmake/export_wpa_cli_msgs__rosidl_generator_cExport-noconfig.cmake
[1.796s] -- Up-to-date: /home/GTL/apaul/ros2_hw1/install/wpa_cli_msgs/share/wpa_cli_msgs/cmake/export_wpa_cli_msgs__rosidl_typesupport_fastrtps_cExport.cmake
[1.797s] -- Up-to-date: /home/GTL/apaul/ros2_hw1/install/wpa_cli_msgs/share/wpa_cli_msgs/cmake/export_wpa_cli_msgs__rosidl_typesupport_fastrtps_cExport-noconfig.cmake
[1.799s] -- Up-to-date: /home/GTL/apaul/ros2_hw1/install/wpa_cli_msgs/share/wpa_cli_msgs/cmake/export_wpa_cli_msgs__rosidl_generator_cppExport.cmake
[1.801s] -- Up-to-date: /home/GTL/apaul/ros2_hw1/install/wpa_cli_msgs/share/wpa_cli_msgs/cmake/export_wpa_cli_msgs__rosidl_typesupport_fastrtps_cppExport.cmake
[1.801s] -- Up-to-date: /home/GTL/apaul/ros2_hw1/install/wpa_cli_msgs/share/wpa_cli_msgs/cmake/export_wpa_cli_msgs__rosidl_typesupport_fastrtps_cppExport-noconfig.cmake
[1.803s] -- Up-to-date: /home/GTL/apaul/ros2_hw1/install/wpa_cli_msgs/share/wpa_cli_msgs/cmake/wpa_cli_msgs__rosidl_typesupport_introspection_cExport.cmake
[1.803s] -- Up-to-date: /home/GTL/apaul/ros2_hw1/install/wpa_cli_msgs/share/wpa_cli_msgs/cmake/wpa_cli_msgs__rosidl_typesupport_introspection_cExport-noconfig.cmake
[1.805s] -- Up-to-date: /home/GTL/apaul/ros2_hw1/install/wpa_cli_msgs/share/wpa_cli_msgs/cmake/wpa_cli_msgs__rosidl_typesupport_cExport.cmake
[1.806s] -- Up-to-date: /home/GTL/apaul/ros2_hw1/install/wpa_cli_msgs/share/wpa_cli_msgs/cmake/wpa_cli_msgs__rosidl_typesupport_cExport-noconfig.cmake
[1.808s] -- Up-to-date: /home/GTL/apaul/ros2_hw1/install/wpa_cli_msgs/share/wpa_cli_msgs/cmake/wpa_cli_msgs__rosidl_typesupport_introspection_cppExport.cmake
[1.808s] -- Up-to-date: /home/GTL/apaul/ros2_hw1/install/wpa_cli_msgs/share/wpa_cli_msgs/cmake/wpa_cli_msgs__rosidl_typesupport_introspection_cppExport-noconfig.cmake
[1.810s] -- Up-to-date: /home/GTL/apaul/ros2_hw1/install/wpa_cli_msgs/share/wpa_cli_msgs/cmake/wpa_cli_msgs__rosidl_typesupport_cppExport.cmake
[1.810s] -- Up-to-date: /home/GTL/apaul/ros2_hw1/install/wpa_cli_msgs/share/wpa_cli_msgs/cmake/wpa_cli_msgs__rosidl_typesupport_cppExport-noconfig.cmake
[1.812s] -- Up-to-date: /home/GTL/apaul/ros2_hw1/install/wpa_cli_msgs/share/wpa_cli_msgs/cmake/export_wpa_cli_msgs__rosidl_generator_pyExport.cmake
[1.813s] -- Up-to-date: /home/GTL/apaul/ros2_hw1/install/wpa_cli_msgs/share/wpa_cli_msgs/cmake/export_wpa_cli_msgs__rosidl_generator_pyExport-noconfig.cmake
[1.813s] -- Up-to-date: /home/GTL/apaul/ros2_hw1/install/wpa_cli_msgs/share/wpa_cli_msgs/cmake/rosidl_cmake-extras.cmake
[1.813s] -- Up-to-date: /home/GTL/apaul/ros2_hw1/install/wpa_cli_msgs/share/wpa_cli_msgs/cmake/ament_cmake_export_dependencies-extras.cmake
[1.813s] -- Up-to-date: /home/GTL/apaul/ros2_hw1/install/wpa_cli_msgs/share/wpa_cli_msgs/cmake/ament_cmake_export_include_directories-extras.cmake
[1.814s] -- Up-to-date: /home/GTL/apaul/ros2_hw1/install/wpa_cli_msgs/share/wpa_cli_msgs/cmake/ament_cmake_export_libraries-extras.cmake
[1.814s] -- Up-to-date: /home/GTL/apaul/ros2_hw1/install/wpa_cli_msgs/share/wpa_cli_msgs/cmake/ament_cmake_export_targets-extras.cmake
[1.814s] -- Up-to-date: /home/GTL/apaul/ros2_hw1/install/wpa_cli_msgs/share/wpa_cli_msgs/cmake/rosidl_cmake_export_typesupport_targets-extras.cmake
[1.814s] -- Up-to-date: /home/GTL/apaul/ros2_hw1/install/wpa_cli_msgs/share/wpa_cli_msgs/cmake/rosidl_cmake_export_typesupport_libraries-extras.cmake
[1.815s] -- Up-to-date: /home/GTL/apaul/ros2_hw1/install/wpa_cli_msgs/share/wpa_cli_msgs/cmake/wpa_cli_msgsConfig.cmake
[1.815s] -- Up-to-date: /home/GTL/apaul/ros2_hw1/install/wpa_cli_msgs/share/wpa_cli_msgs/cmake/wpa_cli_msgsConfig-version.cmake
[1.815s] -- Up-to-date: /home/GTL/apaul/ros2_hw1/install/wpa_cli_msgs/share/wpa_cli_msgs/package.xml
[1.984s] Invoked command in '/home/GTL/apaul/ros2_hw1/build/wpa_cli_msgs' returned '0': CMAKE_PREFIX_PATH=/opt/ros/humble /usr/bin/cmake --install /home/GTL/apaul/ros2_hw1/build/wpa_cli_msgs
