[0.000000] (-) TimerEvent: {}
[0.000165] (-) JobUnselected: {'identifier': 'ar_loc_base'}
[0.000183] (-) JobUnselected: {'identifier': 'ar_mapping_base'}
[0.000194] (-) JobUnselected: {'identifier': 'ar_slam_base'}
[0.000203] (-) JobUnselected: {'identifier': 'button_server'}
[0.000212] (-) JobUnselected: {'identifier': 'collision_avoidance_base'}
[0.000221] (-) JobUnselected: {'identifier': 'cs7630_msgs'}
[0.000229] (-) JobUnselected: {'identifier': 'face_detect_base'}
[0.000237] (-) JobUnselected: {'identifier': 'face_msg'}
[0.000246] (-) JobUnselected: {'identifier': 'floor_nav'}
[0.000254] (-) JobUnselected: {'identifier': 'joy_pack'}
[0.000262] (-) JobUnselected: {'identifier': 'keyboard_teleop'}
[0.000270] (-) JobUnselected: {'identifier': 'rover_driver_base'}
[0.000278] (-) JobUnselected: {'identifier': 'task_manager_client_py'}
[0.000286] (-) JobUnselected: {'identifier': 'task_manager_lib'}
[0.000294] (-) JobUnselected: {'identifier': 'task_manager_msgs'}
[0.000302] (-) JobUnselected: {'identifier': 'task_manager_nav2'}
[0.000309] (-) JobUnselected: {'identifier': 'task_manager_sync'}
[0.000317] (-) JobUnselected: {'identifier': 'turtlebot_launch'}
[0.000324] (-) JobUnselected: {'identifier': 'vrep4_helpers'}
[0.000336] (-) JobUnselected: {'identifier': 'vrep_ros_teleop'}
[0.000344] (-) JobUnselected: {'identifier': 'wifi_map_base'}
[0.000352] (-) JobUnselected: {'identifier': 'wpa_cli_msgs'}
[0.000362] (occgrid_planner_base) JobQueued: {'identifier': 'occgrid_planner_base', 'dependencies': OrderedDict([('cs7630_msgs', '/home/GTL/apaul/ros2_hw1/install/cs7630_msgs')])}
[0.000375] (occgrid_planner_base) JobStarted: {'identifier': 'occgrid_planner_base'}
[0.043065] (occgrid_planner_base) JobProgress: {'identifier': 'occgrid_planner_base', 'progress': 'cmake'}
[0.045679] (occgrid_planner_base) JobProgress: {'identifier': 'occgrid_planner_base', 'progress': 'build'}
[0.046422] (occgrid_planner_base) Command: {'cmd': ['/usr/bin/cmake', '--build', '/home/GTL/apaul/ros2_hw1/build/occgrid_planner_base', '--', '-j16', '-l16'], 'cwd': '/home/GTL/apaul/ros2_hw1/build/occgrid_planner_base', 'env': OrderedDict([('USER', 'apaul'), ('XDG_SESSION_TYPE', 'x11'), ('SHLVL', '1'), ('LD_LIBRARY_PATH', '/home/GTL/apaul/ros2_hw1/install/cs7630_msgs/lib:/usr/lib/x86_64-linux-gnu/gazebo-11/plugins:/opt/ros/humble/opt/rviz_ogre_vendor/lib:/opt/ros/humble/lib/x86_64-linux-gnu:/opt/ros/humble/lib'), ('HOME', '/home/GTL/apaul'), ('CYCLONEDDS_URI', '/cs-share/pradalier/gtlpc_cyclonedds.xml'), ('OLDPWD', '/home/GTL/apaul'), ('DESKTOP_SESSION', 'ubuntu'), ('ROS_PYTHON_VERSION', '3'), ('GNOME_SHELL_SESSION_MODE', 'ubuntu'), ('GTK_MODULES', 'gail:atk-bridge'), ('MANAGERPID', '2302'), ('SYSTEMD_EXEC_PID', '2645'), ('DBUS_SESSION_BUS_ADDRESS', 'unix:path=/run/user/37726/bus'), ('COLORTERM', 'truecolor'), ('TERMINATOR_DBUS_NAME', 'net.tenshu.Terminator23558193cd9818af7fe4d2c2f5bd9d00f'), ('GIO_LAUNCHED_DESKTOP_FILE_PID', '3021'), ('ROS_DISTRO', 'humble'), ('GTK_IM_MODULE', 'ibus'), ('LOGNAME', 'apaul'), ('JOURNAL_STREAM', '8:30295'), ('_', '/usr/bin/colcon'), ('ROS_VERSION', '2'), ('XDG_SESSION_CLASS', 'user'), ('USERNAME', 'apaul'), ('TERM', 'xterm-256color'), ('GNOME_DESKTOP_SESSION_ID', 'this-is-deprecated'), ('ROS_LOCALHOST_ONLY', '0'), ('WINDOWPATH', '2'), ('PATH', '/opt/ros/humble/bin:/usr/local/sbin:/usr/local/bin:/usr/sbin:/usr/bin:/sbin:/bin:/usr/games:/usr/local/games:/snap/bin:/snap/bin'), ('SESSION_MANAGER', 'local/gtlpc109.georgiatech-metz.fr:@/tmp/.ICE-unix/2483,unix/gtlpc109.georgiatech-metz.fr:/tmp/.ICE-unix/2483'), ('INVOCATION_ID', 'e44ddce5bfda4fe0ab391ad9343c6bdc'), ('XDG_MENU_PREFIX', 'gnome-'), ('XDG_RUNTIME_DIR', '/run/user/37726'), ('DISPLAY', ':1'), ('TERMINATOR_DBUS_PATH', '/net/tenshu/Terminator2'), ('LANG', 'en_US.UTF-8'), ('XDG_CURRENT_DESKTOP', 'ubuntu:GNOME'), ('IBUS_DISABLE_SNOOPER', '1'), ('RMW_IMPLEMENTATION', 'rmw_cyclonedds_cpp'), ('XMODIFIERS', '@im=ibus'), ('XDG_SESSION_DESKTOP', 'ubuntu'), ('XAUTHORITY', '/run/user/37726/gdm/Xauthority'), ('SSH_AGENT_LAUNCHER', 'gnome-keyring'), ('SSH_AUTH_SOCK', '/run/user/37726/keyring/ssh'), ('ROS_DOMAIN_ID', '59'), ('AMENT_PREFIX_PATH', '/home/GTL/apaul/ros2_hw1/install/cs7630_msgs:/opt/ros/humble'), ('SHELL', '/bin/bash'), ('TERMINATOR_UUID', 'urn:uuid:4254ca58-5fc0-4359-adf9-1351a34b4314'), ('KRB5CCNAME', 'FILE:/tmp/krb5cc_37726'), ('QT_ACCESSIBILITY', '1'), ('GDMSESSION', 'ubuntu'), ('GPG_AGENT_INFO', '/run/user/37726/gnupg/S.gpg-agent:0:1'), ('QT_IM_MODULE', 'ibus'), ('PWD', '/home/GTL/apaul/ros2_hw1/build/occgrid_planner_base'), ('XDG_CONFIG_DIRS', '/etc/xdg/xdg-ubuntu:/etc/xdg'), ('XDG_DATA_DIRS', '/usr/share/ubuntu:/usr/share/gnome:/usr/local/share/:/usr/share/:/var/lib/snapd/desktop'), ('PYTHONPATH', '/home/GTL/apaul/ros2_hw1/install/cs7630_msgs/local/lib/python3.10/dist-packages:/opt/ros/humble/lib/python3.10/site-packages:/opt/ros/humble/local/lib/python3.10/dist-packages'), ('COLCON', '1'), ('VTE_VERSION', '6800'), ('CMAKE_PREFIX_PATH', '/home/GTL/apaul/ros2_hw1/install/cs7630_msgs:/opt/ros/humble')]), 'shell': False}
[0.083715] (occgrid_planner_base) StdoutLine: {'line': b'\x1b[35m\x1b[1mConsolidate compiler generated dependencies of target occgrid_planner_base\x1b[0m\n'}
[0.092858] (occgrid_planner_base) StdoutLine: {'line': b'[ 66%] Built target path_follower_base\n'}
[0.093046] (occgrid_planner_base) StdoutLine: {'line': b'[ 66%] Built target path_optimizer_base\n'}
[0.098910] (-) TimerEvent: {}
[0.124235] (occgrid_planner_base) StdoutLine: {'line': b'[ 83%] \x1b[32mBuilding CXX object CMakeFiles/occgrid_planner_base.dir/src/occgrid_planner.cpp.o\x1b[0m\n'}
[0.199026] (-) TimerEvent: {}
[0.299284] (-) TimerEvent: {}
[0.399548] (-) TimerEvent: {}
[0.499821] (-) TimerEvent: {}
[0.600108] (-) TimerEvent: {}
[0.700368] (-) TimerEvent: {}
[0.800635] (-) TimerEvent: {}
[0.900927] (-) TimerEvent: {}
[1.001156] (-) TimerEvent: {}
[1.101407] (-) TimerEvent: {}
[1.201659] (-) TimerEvent: {}
[1.301914] (-) TimerEvent: {}
[1.402172] (-) TimerEvent: {}
[1.502423] (-) TimerEvent: {}
[1.602700] (-) TimerEvent: {}
[1.702961] (-) TimerEvent: {}
[1.803224] (-) TimerEvent: {}
[1.903495] (-) TimerEvent: {}
[2.003759] (-) TimerEvent: {}
[2.104049] (-) TimerEvent: {}
[2.204312] (-) TimerEvent: {}
[2.304584] (-) TimerEvent: {}
[2.404860] (-) TimerEvent: {}
[2.505152] (-) TimerEvent: {}
[2.605418] (-) TimerEvent: {}
[2.628543] (occgrid_planner_base) StderrLine: {'line': b'\x1b[01m\x1b[K/home/GTL/apaul/ros2_hw1/src/occgrid_planner_base/src/occgrid_planner.cpp:\x1b[m\x1b[K In member function \xe2\x80\x98\x1b[01m\x1b[Kvoid OccupancyGridPlanner::og_callback(nav_msgs::msg::OccupancyGrid_<std::allocator<void> >::SharedPtr)\x1b[m\x1b[K\xe2\x80\x99:\n'}
[2.628697] (occgrid_planner_base) StderrLine: {'line': b'\x1b[01m\x1b[K/home/GTL/apaul/ros2_hw1/src/occgrid_planner_base/src/occgrid_planner.cpp:75:13:\x1b[m\x1b[K \x1b[01;31m\x1b[Kerror: \x1b[m\x1b[K\xe2\x80\x98\x1b[01m\x1b[Kcv::Mat\x1b[m\x1b[K\xe2\x80\x99 is not a template\n'}
[2.628741] (occgrid_planner_base) StderrLine: {'line': b'   75 |             \x1b[01;31m\x1b[Kcv\x1b[m\x1b[K::Mat<uint8_t> og_(info.height, info.width, info.depth, 0xFF);    // ! I modified og_ to be a 3D matrix, now we have 3D for x, y, theta\n'}
[2.628777] (occgrid_planner_base) StderrLine: {'line': b'      |             \x1b[01;31m\x1b[K^~\x1b[m\x1b[K\n'}
[2.633301] (occgrid_planner_base) StderrLine: {'line': b'\x1b[01m\x1b[K/home/GTL/apaul/ros2_hw1/src/occgrid_planner_base/src/occgrid_planner.cpp:75:34:\x1b[m\x1b[K \x1b[01;31m\x1b[Kerror: \x1b[m\x1b[K\xe2\x80\x98\x1b[01m\x1b[Kinfo\x1b[m\x1b[K\xe2\x80\x99 was not declared in this scope; did you mean \xe2\x80\x98\x1b[01m\x1b[Kinfo_\x1b[m\x1b[K\xe2\x80\x99?\n'}
[2.633409] (occgrid_planner_base) StderrLine: {'line': b'   75 |             cv::Mat<uint8_t> og_(\x1b[01;31m\x1b[Kinfo\x1b[m\x1b[K.height, info.width, info.depth, 0xFF);    // ! I modified og_ to be a 3D matrix, now we have 3D for x, y, theta\n'}
[2.633769] (occgrid_planner_base) StderrLine: {'line': b'      |                                  \x1b[01;31m\x1b[K^~~~\x1b[m\x1b[K\n'}
[2.633828] (occgrid_planner_base) StderrLine: {'line': b'      |                                  \x1b[32m\x1b[Kinfo_\x1b[m\x1b[K\n'}
[2.633870] (occgrid_planner_base) StderrLine: {'line': b'\x1b[01m\x1b[K/home/GTL/apaul/ros2_hw1/src/occgrid_planner_base/src/occgrid_planner.cpp:88:32:\x1b[m\x1b[K \x1b[01;31m\x1b[Kerror: \x1b[m\x1b[Kno match for call to \xe2\x80\x98\x1b[01m\x1b[K(cv::Mat) (unsigned int&, unsigned int&)\x1b[m\x1b[K\xe2\x80\x99\n'}
[2.633908] (occgrid_planner_base) StderrLine: {'line': b'   88 |                             \x1b[01;31m\x1b[Kog_(j,i)\x1b[m\x1b[K = FREE;\n'}
[2.633940] (occgrid_planner_base) StderrLine: {'line': b'      |                             \x1b[01;31m\x1b[K~~~^~~~~\x1b[m\x1b[K\n'}
[2.633972] (occgrid_planner_base) StderrLine: {'line': b'In file included from \x1b[01m\x1b[K/usr/include/opencv4/opencv2/core/mat.hpp:3764\x1b[m\x1b[K,\n'}
[2.634004] (occgrid_planner_base) StderrLine: {'line': b'                 from \x1b[01m\x1b[K/usr/include/opencv4/opencv2/core.hpp:58\x1b[m\x1b[K,\n'}
[2.634035] (occgrid_planner_base) StderrLine: {'line': b'                 from \x1b[01m\x1b[K/usr/include/opencv4/opencv2/opencv.hpp:52\x1b[m\x1b[K,\n'}
[2.634067] (occgrid_planner_base) StderrLine: {'line': b'                 from \x1b[01m\x1b[K/home/GTL/apaul/ros2_hw1/src/occgrid_planner_base/src/occgrid_planner.cpp:14\x1b[m\x1b[K:\n'}
[2.634098] (occgrid_planner_base) StderrLine: {'line': b'\x1b[01m\x1b[K/usr/include/opencv4/opencv2/core/mat.inl.hpp:631:5:\x1b[m\x1b[K \x1b[01;36m\x1b[Knote: \x1b[m\x1b[Kcandidate: \xe2\x80\x98\x1b[01m\x1b[Kcv::Mat cv::Mat::operator()(cv::Range, cv::Range) const\x1b[m\x1b[K\xe2\x80\x99\n'}
[2.634130] (occgrid_planner_base) StderrLine: {'line': b'  631 | Mat \x1b[01;36m\x1b[KMat\x1b[m\x1b[K::operator()( Range _rowRange, Range _colRange ) const\n'}
[2.634163] (occgrid_planner_base) StderrLine: {'line': b'      |     \x1b[01;36m\x1b[K^~~\x1b[m\x1b[K\n'}
[2.634194] (occgrid_planner_base) StderrLine: {'line': b'\x1b[01m\x1b[K/usr/include/opencv4/opencv2/core/mat.inl.hpp:631:28:\x1b[m\x1b[K \x1b[01;36m\x1b[Knote: \x1b[m\x1b[K  no known conversion for argument 1 from \xe2\x80\x98\x1b[01m\x1b[Kunsigned int\x1b[m\x1b[K\xe2\x80\x99 to \xe2\x80\x98\x1b[01m\x1b[Kcv::Range\x1b[m\x1b[K\xe2\x80\x99\n'}
[2.634227] (occgrid_planner_base) StderrLine: {'line': b'  631 | Mat Mat::operator()( \x1b[01;36m\x1b[KRange _rowRange\x1b[m\x1b[K, Range _colRange ) const\n'}
[2.634259] (occgrid_planner_base) StderrLine: {'line': b'      |                      \x1b[01;36m\x1b[K~~~~~~^~~~~~~~~\x1b[m\x1b[K\n'}
[2.634290] (occgrid_planner_base) StderrLine: {'line': b'\x1b[01m\x1b[K/usr/include/opencv4/opencv2/core/mat.inl.hpp:637:5:\x1b[m\x1b[K \x1b[01;36m\x1b[Knote: \x1b[m\x1b[Kcandidate: \xe2\x80\x98\x1b[01m\x1b[Kcv::Mat cv::Mat::operator()(const Rect&) const\x1b[m\x1b[K\xe2\x80\x99\n'}
[2.634322] (occgrid_planner_base) StderrLine: {'line': b'  637 | Mat \x1b[01;36m\x1b[KMat\x1b[m\x1b[K::operator()( const Rect& roi ) const\n'}
[2.634353] (occgrid_planner_base) StderrLine: {'line': b'      |     \x1b[01;36m\x1b[K^~~\x1b[m\x1b[K\n'}
[2.634384] (occgrid_planner_base) StderrLine: {'line': b'\x1b[01m\x1b[K/usr/include/opencv4/opencv2/core/mat.inl.hpp:637:5:\x1b[m\x1b[K \x1b[01;36m\x1b[Knote: \x1b[m\x1b[K  candidate expects 1 argument, 2 provided\n'}
[2.634415] (occgrid_planner_base) StderrLine: {'line': b'\x1b[01m\x1b[K/usr/include/opencv4/opencv2/core/mat.inl.hpp:643:5:\x1b[m\x1b[K \x1b[01;36m\x1b[Knote: \x1b[m\x1b[Kcandidate: \xe2\x80\x98\x1b[01m\x1b[Kcv::Mat cv::Mat::operator()(const cv::Range*) const\x1b[m\x1b[K\xe2\x80\x99\n'}
[2.634449] (occgrid_planner_base) StderrLine: {'line': b'  643 | Mat \x1b[01;36m\x1b[KMat\x1b[m\x1b[K::operator()(const Range* ranges) const\n'}
[2.634481] (occgrid_planner_base) StderrLine: {'line': b'      |     \x1b[01;36m\x1b[K^~~\x1b[m\x1b[K\n'}
[2.634513] (occgrid_planner_base) StderrLine: {'line': b'\x1b[01m\x1b[K/usr/include/opencv4/opencv2/core/mat.inl.hpp:643:5:\x1b[m\x1b[K \x1b[01;36m\x1b[Knote: \x1b[m\x1b[K  candidate expects 1 argument, 2 provided\n'}
[2.634545] (occgrid_planner_base) StderrLine: {'line': b'\x1b[01m\x1b[K/usr/include/opencv4/opencv2/core/mat.inl.hpp:649:5:\x1b[m\x1b[K \x1b[01;36m\x1b[Knote: \x1b[m\x1b[Kcandidate: \xe2\x80\x98\x1b[01m\x1b[Kcv::Mat cv::Mat::operator()(const std::vector<cv::Range>&) const\x1b[m\x1b[K\xe2\x80\x99\n'}
[2.634577] (occgrid_planner_base) StderrLine: {'line': b'  649 | Mat \x1b[01;36m\x1b[KMat\x1b[m\x1b[K::operator()(const std::vector<Range>& ranges) const\n'}
[2.634606] (occgrid_planner_base) StderrLine: {'line': b'      |     \x1b[01;36m\x1b[K^~~\x1b[m\x1b[K\n'}
[2.634634] (occgrid_planner_base) StderrLine: {'line': b'\x1b[01m\x1b[K/usr/include/opencv4/opencv2/core/mat.inl.hpp:649:5:\x1b[m\x1b[K \x1b[01;36m\x1b[Knote: \x1b[m\x1b[K  candidate expects 1 argument, 2 provided\n'}
[2.634663] (occgrid_planner_base) StderrLine: {'line': b'\x1b[01m\x1b[K/home/GTL/apaul/ros2_hw1/src/occgrid_planner_base/src/occgrid_planner.cpp:91:32:\x1b[m\x1b[K \x1b[01;31m\x1b[Kerror: \x1b[m\x1b[Kno match for call to \xe2\x80\x98\x1b[01m\x1b[K(cv::Mat) (unsigned int&, unsigned int&)\x1b[m\x1b[K\xe2\x80\x99\n'}
[2.634695] (occgrid_planner_base) StderrLine: {'line': b'   91 |                             \x1b[01;31m\x1b[Kog_(j,i)\x1b[m\x1b[K = OCCUPIED;\n'}
[2.634724] (occgrid_planner_base) StderrLine: {'line': b'      |                             \x1b[01;31m\x1b[K~~~^~~~~\x1b[m\x1b[K\n'}
[2.634752] (occgrid_planner_base) StderrLine: {'line': b'In file included from \x1b[01m\x1b[K/usr/include/opencv4/opencv2/core/mat.hpp:3764\x1b[m\x1b[K,\n'}
[2.634784] (occgrid_planner_base) StderrLine: {'line': b'                 from \x1b[01m\x1b[K/usr/include/opencv4/opencv2/core.hpp:58\x1b[m\x1b[K,\n'}
[2.634813] (occgrid_planner_base) StderrLine: {'line': b'                 from \x1b[01m\x1b[K/usr/include/opencv4/opencv2/opencv.hpp:52\x1b[m\x1b[K,\n'}
[2.634841] (occgrid_planner_base) StderrLine: {'line': b'                 from \x1b[01m\x1b[K/home/GTL/apaul/ros2_hw1/src/occgrid_planner_base/src/occgrid_planner.cpp:14\x1b[m\x1b[K:\n'}
[2.634870] (occgrid_planner_base) StderrLine: {'line': b'\x1b[01m\x1b[K/usr/include/opencv4/opencv2/core/mat.inl.hpp:631:5:\x1b[m\x1b[K \x1b[01;36m\x1b[Knote: \x1b[m\x1b[Kcandidate: \xe2\x80\x98\x1b[01m\x1b[Kcv::Mat cv::Mat::operator()(cv::Range, cv::Range) const\x1b[m\x1b[K\xe2\x80\x99\n'}
[2.634899] (occgrid_planner_base) StderrLine: {'line': b'  631 | Mat \x1b[01;36m\x1b[KMat\x1b[m\x1b[K::operator()( Range _rowRange, Range _colRange ) const\n'}
[2.634929] (occgrid_planner_base) StderrLine: {'line': b'      |     \x1b[01;36m\x1b[K^~~\x1b[m\x1b[K\n'}
[2.634957] (occgrid_planner_base) StderrLine: {'line': b'\x1b[01m\x1b[K/usr/include/opencv4/opencv2/core/mat.inl.hpp:631:28:\x1b[m\x1b[K \x1b[01;36m\x1b[Knote: \x1b[m\x1b[K  no known conversion for argument 1 from \xe2\x80\x98\x1b[01m\x1b[Kunsigned int\x1b[m\x1b[K\xe2\x80\x99 to \xe2\x80\x98\x1b[01m\x1b[Kcv::Range\x1b[m\x1b[K\xe2\x80\x99\n'}
[2.634986] (occgrid_planner_base) StderrLine: {'line': b'  631 | Mat Mat::operator()( \x1b[01;36m\x1b[KRange _rowRange\x1b[m\x1b[K, Range _colRange ) const\n'}
[2.635015] (occgrid_planner_base) StderrLine: {'line': b'      |                      \x1b[01;36m\x1b[K~~~~~~^~~~~~~~~\x1b[m\x1b[K\n'}
[2.635044] (occgrid_planner_base) StderrLine: {'line': b'\x1b[01m\x1b[K/usr/include/opencv4/opencv2/core/mat.inl.hpp:637:5:\x1b[m\x1b[K \x1b[01;36m\x1b[Knote: \x1b[m\x1b[Kcandidate: \xe2\x80\x98\x1b[01m\x1b[Kcv::Mat cv::Mat::operator()(const Rect&) const\x1b[m\x1b[K\xe2\x80\x99\n'}
[2.635072] (occgrid_planner_base) StderrLine: {'line': b'  637 | Mat \x1b[01;36m\x1b[KMat\x1b[m\x1b[K::operator()( const Rect& roi ) const\n'}
[2.635102] (occgrid_planner_base) StderrLine: {'line': b'      |     \x1b[01;36m\x1b[K^~~\x1b[m\x1b[K\n'}
[2.635130] (occgrid_planner_base) StderrLine: {'line': b'\x1b[01m\x1b[K/usr/include/opencv4/opencv2/core/mat.inl.hpp:637:5:\x1b[m\x1b[K \x1b[01;36m\x1b[Knote: \x1b[m\x1b[K  candidate expects 1 argument, 2 provided\n'}
[2.635159] (occgrid_planner_base) StderrLine: {'line': b'\x1b[01m\x1b[K/usr/include/opencv4/opencv2/core/mat.inl.hpp:643:5:\x1b[m\x1b[K \x1b[01;36m\x1b[Knote: \x1b[m\x1b[Kcandidate: \xe2\x80\x98\x1b[01m\x1b[Kcv::Mat cv::Mat::operator()(const cv::Range*) const\x1b[m\x1b[K\xe2\x80\x99\n'}
[2.635191] (occgrid_planner_base) StderrLine: {'line': b'  643 | Mat \x1b[01;36m\x1b[KMat\x1b[m\x1b[K::operator()(const Range* ranges) const\n'}
[2.635219] (occgrid_planner_base) StderrLine: {'line': b'      |     \x1b[01;36m\x1b[K^~~\x1b[m\x1b[K\n'}
[2.635248] (occgrid_planner_base) StderrLine: {'line': b'\x1b[01m\x1b[K/usr/include/opencv4/opencv2/core/mat.inl.hpp:643:5:\x1b[m\x1b[K \x1b[01;36m\x1b[Knote: \x1b[m\x1b[K  candidate expects 1 argument, 2 provided\n'}
[2.635276] (occgrid_planner_base) StderrLine: {'line': b'\x1b[01m\x1b[K/usr/include/opencv4/opencv2/core/mat.inl.hpp:649:5:\x1b[m\x1b[K \x1b[01;36m\x1b[Knote: \x1b[m\x1b[Kcandidate: \xe2\x80\x98\x1b[01m\x1b[Kcv::Mat cv::Mat::operator()(const std::vector<cv::Range>&) const\x1b[m\x1b[K\xe2\x80\x99\n'}
[2.635305] (occgrid_planner_base) StderrLine: {'line': b'  649 | Mat \x1b[01;36m\x1b[KMat\x1b[m\x1b[K::operator()(const std::vector<Range>& ranges) const\n'}
[2.635334] (occgrid_planner_base) StderrLine: {'line': b'      |     \x1b[01;36m\x1b[K^~~\x1b[m\x1b[K\n'}
[2.635362] (occgrid_planner_base) StderrLine: {'line': b'\x1b[01m\x1b[K/usr/include/opencv4/opencv2/core/mat.inl.hpp:649:5:\x1b[m\x1b[K \x1b[01;36m\x1b[Knote: \x1b[m\x1b[K  candidate expects 1 argument, 2 provided\n'}
[2.635391] (occgrid_planner_base) StderrLine: {'line': b'\x1b[01m\x1b[K/home/GTL/apaul/ros2_hw1/src/occgrid_planner_base/src/occgrid_planner.cpp:95:32:\x1b[m\x1b[K \x1b[01;31m\x1b[Kerror: \x1b[m\x1b[Kno match for call to \xe2\x80\x98\x1b[01m\x1b[K(cv::Mat) (unsigned int&, unsigned int&)\x1b[m\x1b[K\xe2\x80\x99\n'}
[2.635421] (occgrid_planner_base) StderrLine: {'line': b'   95 |                             \x1b[01;31m\x1b[Kog_(j,i)\x1b[m\x1b[K = UNKNOWN;\n'}
[2.635449] (occgrid_planner_base) StderrLine: {'line': b'      |                             \x1b[01;31m\x1b[K~~~^~~~~\x1b[m\x1b[K\n'}
[2.635478] (occgrid_planner_base) StderrLine: {'line': b'In file included from \x1b[01m\x1b[K/usr/include/opencv4/opencv2/core/mat.hpp:3764\x1b[m\x1b[K,\n'}
[2.635507] (occgrid_planner_base) StderrLine: {'line': b'                 from \x1b[01m\x1b[K/usr/include/opencv4/opencv2/core.hpp:58\x1b[m\x1b[K,\n'}
[2.635537] (occgrid_planner_base) StderrLine: {'line': b'                 from \x1b[01m\x1b[K/usr/include/opencv4/opencv2/opencv.hpp:52\x1b[m\x1b[K,\n'}
[2.635566] (occgrid_planner_base) StderrLine: {'line': b'                 from \x1b[01m\x1b[K/home/GTL/apaul/ros2_hw1/src/occgrid_planner_base/src/occgrid_planner.cpp:14\x1b[m\x1b[K:\n'}
[2.635595] (occgrid_planner_base) StderrLine: {'line': b'\x1b[01m\x1b[K/usr/include/opencv4/opencv2/core/mat.inl.hpp:631:5:\x1b[m\x1b[K \x1b[01;36m\x1b[Knote: \x1b[m\x1b[Kcandidate: \xe2\x80\x98\x1b[01m\x1b[Kcv::Mat cv::Mat::operator()(cv::Range, cv::Range) const\x1b[m\x1b[K\xe2\x80\x99\n'}
[2.635625] (occgrid_planner_base) StderrLine: {'line': b'  631 | Mat \x1b[01;36m\x1b[KMat\x1b[m\x1b[K::operator()( Range _rowRange, Range _colRange ) const\n'}
[2.635654] (occgrid_planner_base) StderrLine: {'line': b'      |     \x1b[01;36m\x1b[K^~~\x1b[m\x1b[K\n'}
[2.635682] (occgrid_planner_base) StderrLine: {'line': b'\x1b[01m\x1b[K/usr/include/opencv4/opencv2/core/mat.inl.hpp:631:28:\x1b[m\x1b[K \x1b[01;36m\x1b[Knote: \x1b[m\x1b[K  no known conversion for argument 1 from \xe2\x80\x98\x1b[01m\x1b[Kunsigned int\x1b[m\x1b[K\xe2\x80\x99 to \xe2\x80\x98\x1b[01m\x1b[Kcv::Range\x1b[m\x1b[K\xe2\x80\x99\n'}
[2.635711] (occgrid_planner_base) StderrLine: {'line': b'  631 | Mat Mat::operator()( \x1b[01;36m\x1b[KRange _rowRange\x1b[m\x1b[K, Range _colRange ) const\n'}
[2.635740] (occgrid_planner_base) StderrLine: {'line': b'      |                      \x1b[01;36m\x1b[K~~~~~~^~~~~~~~~\x1b[m\x1b[K\n'}
[2.635768] (occgrid_planner_base) StderrLine: {'line': b'\x1b[01m\x1b[K/usr/include/opencv4/opencv2/core/mat.inl.hpp:637:5:\x1b[m\x1b[K \x1b[01;36m\x1b[Knote: \x1b[m\x1b[Kcandidate: \xe2\x80\x98\x1b[01m\x1b[Kcv::Mat cv::Mat::operator()(const Rect&) const\x1b[m\x1b[K\xe2\x80\x99\n'}
[2.635797] (occgrid_planner_base) StderrLine: {'line': b'  637 | Mat \x1b[01;36m\x1b[KMat\x1b[m\x1b[K::operator()( const Rect& roi ) const\n'}
[2.635828] (occgrid_planner_base) StderrLine: {'line': b'      |     \x1b[01;36m\x1b[K^~~\x1b[m\x1b[K\n'}
[2.635857] (occgrid_planner_base) StderrLine: {'line': b'\x1b[01m\x1b[K/usr/include/opencv4/opencv2/core/mat.inl.hpp:637:5:\x1b[m\x1b[K \x1b[01;36m\x1b[Knote: \x1b[m\x1b[K  candidate expects 1 argument, 2 provided\n'}
[2.635888] (occgrid_planner_base) StderrLine: {'line': b'\x1b[01m\x1b[K/usr/include/opencv4/opencv2/core/mat.inl.hpp:643:5:\x1b[m\x1b[K \x1b[01;36m\x1b[Knote: \x1b[m\x1b[Kcandidate: \xe2\x80\x98\x1b[01m\x1b[Kcv::Mat cv::Mat::operator()(const cv::Range*) const\x1b[m\x1b[K\xe2\x80\x99\n'}
[2.635918] (occgrid_planner_base) StderrLine: {'line': b'  643 | Mat \x1b[01;36m\x1b[KMat\x1b[m\x1b[K::operator()(const Range* ranges) const\n'}
[2.635948] (occgrid_planner_base) StderrLine: {'line': b'      |     \x1b[01;36m\x1b[K^~~\x1b[m\x1b[K\n'}
[2.635977] (occgrid_planner_base) StderrLine: {'line': b'\x1b[01m\x1b[K/usr/include/opencv4/opencv2/core/mat.inl.hpp:643:5:\x1b[m\x1b[K \x1b[01;36m\x1b[Knote: \x1b[m\x1b[K  candidate expects 1 argument, 2 provided\n'}
[2.636006] (occgrid_planner_base) StderrLine: {'line': b'\x1b[01m\x1b[K/usr/include/opencv4/opencv2/core/mat.inl.hpp:649:5:\x1b[m\x1b[K \x1b[01;36m\x1b[Knote: \x1b[m\x1b[Kcandidate: \xe2\x80\x98\x1b[01m\x1b[Kcv::Mat cv::Mat::operator()(const std::vector<cv::Range>&) const\x1b[m\x1b[K\xe2\x80\x99\n'}
[2.636035] (occgrid_planner_base) StderrLine: {'line': b'  649 | Mat \x1b[01;36m\x1b[KMat\x1b[m\x1b[K::operator()(const std::vector<Range>& ranges) const\n'}
[2.636063] (occgrid_planner_base) StderrLine: {'line': b'      |     \x1b[01;36m\x1b[K^~~\x1b[m\x1b[K\n'}
[2.636091] (occgrid_planner_base) StderrLine: {'line': b'\x1b[01m\x1b[K/usr/include/opencv4/opencv2/core/mat.inl.hpp:649:5:\x1b[m\x1b[K \x1b[01;36m\x1b[Knote: \x1b[m\x1b[K  candidate expects 1 argument, 2 provided\n'}
[2.636120] (occgrid_planner_base) StderrLine: {'line': b'\x1b[01m\x1b[K/home/GTL/apaul/ros2_hw1/src/occgrid_planner_base/src/occgrid_planner.cpp:99:28:\x1b[m\x1b[K \x1b[01;31m\x1b[Kerror: \x1b[m\x1b[Kno match for call to \xe2\x80\x98\x1b[01m\x1b[K(cv::Mat) (unsigned int&, unsigned int&)\x1b[m\x1b[K\xe2\x80\x99\n'}
[2.636149] (occgrid_planner_base) StderrLine: {'line': b'   99 |                     if (\x1b[01;31m\x1b[Kog_(j,i)\x1b[m\x1b[K != UNKNOWN) {\n'}
[2.636179] (occgrid_planner_base) StderrLine: {'line': b'      |                         \x1b[01;31m\x1b[K~~~^~~~~\x1b[m\x1b[K\n'}
[2.636208] (occgrid_planner_base) StderrLine: {'line': b'In file included from \x1b[01m\x1b[K/usr/include/opencv4/opencv2/core/mat.hpp:3764\x1b[m\x1b[K,\n'}
[2.636236] (occgrid_planner_base) StderrLine: {'line': b'                 from \x1b[01m\x1b[K/usr/include/opencv4/opencv2/core.hpp:58\x1b[m\x1b[K,\n'}
[2.636265] (occgrid_planner_base) StderrLine: {'line': b'                 from \x1b[01m\x1b[K/usr/include/opencv4/opencv2/opencv.hpp:52\x1b[m\x1b[K,\n'}
[2.636292] (occgrid_planner_base) StderrLine: {'line': b'                 from \x1b[01m\x1b[K/home/GTL/apaul/ros2_hw1/src/occgrid_planner_base/src/occgrid_planner.cpp:14\x1b[m\x1b[K:\n'}
[2.636321] (occgrid_planner_base) StderrLine: {'line': b'\x1b[01m\x1b[K/usr/include/opencv4/opencv2/core/mat.inl.hpp:631:5:\x1b[m\x1b[K \x1b[01;36m\x1b[Knote: \x1b[m\x1b[Kcandidate: \xe2\x80\x98\x1b[01m\x1b[Kcv::Mat cv::Mat::operator()(cv::Range, cv::Range) const\x1b[m\x1b[K\xe2\x80\x99\n'}
[2.636350] (occgrid_planner_base) StderrLine: {'line': b'  631 | Mat \x1b[01;36m\x1b[KMat\x1b[m\x1b[K::operator()( Range _rowRange, Range _colRange ) const\n'}
[2.636380] (occgrid_planner_base) StderrLine: {'line': b'      |     \x1b[01;36m\x1b[K^~~\x1b[m\x1b[K\n'}
[2.636409] (occgrid_planner_base) StderrLine: {'line': b'\x1b[01m\x1b[K/usr/include/opencv4/opencv2/core/mat.inl.hpp:631:28:\x1b[m\x1b[K \x1b[01;36m\x1b[Knote: \x1b[m\x1b[K  no known conversion for argument 1 from \xe2\x80\x98\x1b[01m\x1b[Kunsigned int\x1b[m\x1b[K\xe2\x80\x99 to \xe2\x80\x98\x1b[01m\x1b[Kcv::Range\x1b[m\x1b[K\xe2\x80\x99\n'}
[2.636438] (occgrid_planner_base) StderrLine: {'line': b'  631 | Mat Mat::operator()( \x1b[01;36m\x1b[KRange _rowRange\x1b[m\x1b[K, Range _colRange ) const\n'}
[2.636469] (occgrid_planner_base) StderrLine: {'line': b'      |                      \x1b[01;36m\x1b[K~~~~~~^~~~~~~~~\x1b[m\x1b[K\n'}
[2.636498] (occgrid_planner_base) StderrLine: {'line': b'\x1b[01m\x1b[K/usr/include/opencv4/opencv2/core/mat.inl.hpp:637:5:\x1b[m\x1b[K \x1b[01;36m\x1b[Knote: \x1b[m\x1b[Kcandidate: \xe2\x80\x98\x1b[01m\x1b[Kcv::Mat cv::Mat::operator()(const Rect&) const\x1b[m\x1b[K\xe2\x80\x99\n'}
[2.636526] (occgrid_planner_base) StderrLine: {'line': b'  637 | Mat \x1b[01;36m\x1b[KMat\x1b[m\x1b[K::operator()( const Rect& roi ) const\n'}
[2.636555] (occgrid_planner_base) StderrLine: {'line': b'      |     \x1b[01;36m\x1b[K^~~\x1b[m\x1b[K\n'}
[2.636583] (occgrid_planner_base) StderrLine: {'line': b'\x1b[01m\x1b[K/usr/include/opencv4/opencv2/core/mat.inl.hpp:637:5:\x1b[m\x1b[K \x1b[01;36m\x1b[Knote: \x1b[m\x1b[K  candidate expects 1 argument, 2 provided\n'}
[2.636623] (occgrid_planner_base) StderrLine: {'line': b'\x1b[01m\x1b[K/usr/include/opencv4/opencv2/core/mat.inl.hpp:643:5:\x1b[m\x1b[K \x1b[01;36m\x1b[Knote: \x1b[m\x1b[Kcandidate: \xe2\x80\x98\x1b[01m\x1b[Kcv::Mat cv::Mat::operator()(const cv::Range*) const\x1b[m\x1b[K\xe2\x80\x99\n'}
[2.636653] (occgrid_planner_base) StderrLine: {'line': b'  643 | Mat \x1b[01;36m\x1b[KMat\x1b[m\x1b[K::operator()(const Range* ranges) const\n'}
[2.636688] (occgrid_planner_base) StderrLine: {'line': b'      |     \x1b[01;36m\x1b[K^~~\x1b[m\x1b[K\n'}
[2.636717] (occgrid_planner_base) StderrLine: {'line': b'\x1b[01m\x1b[K/usr/include/opencv4/opencv2/core/mat.inl.hpp:643:5:\x1b[m\x1b[K \x1b[01;36m\x1b[Knote: \x1b[m\x1b[K  candidate expects 1 argument, 2 provided\n'}
[2.636746] (occgrid_planner_base) StderrLine: {'line': b'\x1b[01m\x1b[K/usr/include/opencv4/opencv2/core/mat.inl.hpp:649:5:\x1b[m\x1b[K \x1b[01;36m\x1b[Knote: \x1b[m\x1b[Kcandidate: \xe2\x80\x98\x1b[01m\x1b[Kcv::Mat cv::Mat::operator()(const std::vector<cv::Range>&) const\x1b[m\x1b[K\xe2\x80\x99\n'}
[2.636774] (occgrid_planner_base) StderrLine: {'line': b'  649 | Mat \x1b[01;36m\x1b[KMat\x1b[m\x1b[K::operator()(const std::vector<Range>& ranges) const\n'}
[2.636803] (occgrid_planner_base) StderrLine: {'line': b'      |     \x1b[01;36m\x1b[K^~~\x1b[m\x1b[K\n'}
[2.636837] (occgrid_planner_base) StderrLine: {'line': b'\x1b[01m\x1b[K/usr/include/opencv4/opencv2/core/mat.inl.hpp:649:5:\x1b[m\x1b[K \x1b[01;36m\x1b[Knote: \x1b[m\x1b[K  candidate expects 1 argument, 2 provided\n'}
[2.647055] (occgrid_planner_base) StderrLine: {'line': b'\x1b[01m\x1b[K/home/GTL/apaul/ros2_hw1/src/occgrid_planner_base/src/occgrid_planner.cpp:\x1b[m\x1b[K In member function \xe2\x80\x98\x1b[01m\x1b[Kvoid OccupancyGridPlanner::target_callback(geometry_msgs::msg::PoseStamped_<std::allocator<void> >::SharedPtr)\x1b[m\x1b[K\xe2\x80\x99:\n'}
[2.647173] (occgrid_planner_base) StderrLine: {'line': b'\x1b[01m\x1b[K/home/GTL/apaul/ros2_hw1/src/occgrid_planner_base/src/occgrid_planner.cpp:289:40:\x1b[m\x1b[K \x1b[01;31m\x1b[Kerror: \x1b[m\x1b[Kconflicting declaration \xe2\x80\x98\x1b[01m\x1b[Kstd::array<cv::Point3_<int>, 26> neighbours\x1b[m\x1b[K\xe2\x80\x99\n'}
[2.647213] (occgrid_planner_base) StderrLine: {'line': b'  289 |             std::array<cv::Point3i,26> \x1b[01;31m\x1b[Kneighbours\x1b[m\x1b[K = {cv::Point3i(1, 0, 0), cv::Point3i(0, 1, 0), cv::Point3i(0, 0, 1),  // Face neighbors\n'}
[2.647253] (occgrid_planner_base) StderrLine: {'line': b'      |                                        \x1b[01;31m\x1b[K^~~~~~~~~~\x1b[m\x1b[K\n'}
[2.647287] (occgrid_planner_base) StderrLine: {'line': b'\x1b[01m\x1b[K/home/GTL/apaul/ros2_hw1/src/occgrid_planner_base/src/occgrid_planner.cpp:286:37:\x1b[m\x1b[K \x1b[01;36m\x1b[Knote: \x1b[m\x1b[Kprevious declaration as \xe2\x80\x98\x1b[01m\x1b[Kstd::array<cv::Point_<int>, 8> neighbours\x1b[m\x1b[K\xe2\x80\x99\n'}
[2.647322] (occgrid_planner_base) StderrLine: {'line': b'  286 |             std::array<cv::Point,8> \x1b[01;36m\x1b[Kneighbours\x1b[m\x1b[K = {cv::Point(1,0), cv::Point(0,1), cv::Point(-1,0), cv::Point(0, -1),\n'}
[2.647357] (occgrid_planner_base) StderrLine: {'line': b'      |                                     \x1b[01;36m\x1b[K^~~~~~~~~~\x1b[m\x1b[K\n'}
[2.659969] (occgrid_planner_base) StderrLine: {'line': b'\x1b[01m\x1b[K/home/GTL/apaul/ros2_hw1/src/occgrid_planner_base/src/occgrid_planner.cpp:368:42:\x1b[m\x1b[K \x1b[01;31m\x1b[Kerror: \x1b[m\x1b[Kconversion from \xe2\x80\x98\x1b[01m\x1b[KVec<[...],\x1b[01;32m\x1b[K3\x1b[m\x1b[K>\x1b[m\x1b[K\xe2\x80\x99 to non-scalar type \xe2\x80\x98\x1b[01m\x1b[KVec<[...],\x1b[01;32m\x1b[K2\x1b[m\x1b[K>\x1b[m\x1b[K\xe2\x80\x99 requested\n'}
[2.660084] (occgrid_planner_base) StderrLine: {'line': b'  368 |                 cv::Vec2s p = \x1b[01;31m\x1b[Kpredecessor(target.x,target.y)\x1b[m\x1b[K;\n'}
[2.660125] (occgrid_planner_base) StderrLine: {'line': b'      |                               \x1b[01;31m\x1b[K~~~~~~~~~~~^~~~~~~~~~~~~~~~~~~\x1b[m\x1b[K\n'}
[2.705526] (-) TimerEvent: {}
[2.805760] (-) TimerEvent: {}
[2.906026] (-) TimerEvent: {}
[3.006289] (-) TimerEvent: {}
[3.106559] (-) TimerEvent: {}
[3.206824] (-) TimerEvent: {}
[3.307092] (-) TimerEvent: {}
[3.407356] (-) TimerEvent: {}
[3.507617] (-) TimerEvent: {}
[3.607890] (-) TimerEvent: {}
[3.708154] (-) TimerEvent: {}
[3.808423] (-) TimerEvent: {}
[3.908691] (-) TimerEvent: {}
[4.008995] (-) TimerEvent: {}
[4.109284] (-) TimerEvent: {}
[4.209554] (-) TimerEvent: {}
[4.309818] (-) TimerEvent: {}
[4.410081] (-) TimerEvent: {}
[4.510342] (-) TimerEvent: {}
[4.610602] (-) TimerEvent: {}
[4.710856] (-) TimerEvent: {}
[4.811120] (-) TimerEvent: {}
[4.911389] (-) TimerEvent: {}
[5.011670] (-) TimerEvent: {}
[5.111953] (-) TimerEvent: {}
[5.212223] (-) TimerEvent: {}
[5.268752] (occgrid_planner_base) StderrLine: {'line': b'gmake[2]: *** [CMakeFiles/occgrid_planner_base.dir/build.make:76: CMakeFiles/occgrid_planner_base.dir/src/occgrid_planner.cpp.o] Error 1\n'}
[5.269014] (occgrid_planner_base) StderrLine: {'line': b'gmake[1]: *** [CMakeFiles/Makefile2:141: CMakeFiles/occgrid_planner_base.dir/all] Error 2\n'}
[5.269231] (occgrid_planner_base) StderrLine: {'line': b'gmake: *** [Makefile:146: all] Error 2\n'}
[5.270628] (occgrid_planner_base) CommandEnded: {'returncode': 2}
[5.312329] (-) TimerEvent: {}
[5.358728] (occgrid_planner_base) JobEnded: {'identifier': 'occgrid_planner_base', 'rc': 2}
[5.368981] (-) EventReactorShutdown: {}
