[1.642s] Invoking command in '/home/GTL/pcastere/ros_hw1/ros2_hw1/src/keyboard_teleop': PYTHONPATH=/home/GTL/pcastere/ros_hw1/ros2_hw1/build/keyboard_teleop/prefix_override:/usr/lib/python3/dist-packages/colcon_core/task/python/colcon_distutils_commands:/home/GTL/pcastere/ros_hw1/ros2_hw1/install/keyboard_teleop/lib/python3.10/site-packages:${PYTHONPATH} /usr/bin/python3 -W ignore:setup.py install is deprecated -W ignore:easy_install command is deprecated setup.py egg_info --egg-base ../../build/keyboard_teleop build --build-base /home/GTL/pcastere/ros_hw1/ros2_hw1/build/keyboard_teleop/build install --record /home/GTL/pcastere/ros_hw1/ros2_hw1/build/keyboard_teleop/install.log --single-version-externally-managed install_data
[1.876s] running egg_info
[1.877s] writing ../../build/keyboard_teleop/keyboard_teleop.egg-info/PKG-INFO
[1.878s] writing dependency_links to ../../build/keyboard_teleop/keyboard_teleop.egg-info/dependency_links.txt
[1.880s] writing entry points to ../../build/keyboard_teleop/keyboard_teleop.egg-info/entry_points.txt
[1.881s] writing requirements to ../../build/keyboard_teleop/keyboard_teleop.egg-info/requires.txt
[1.882s] writing top-level names to ../../build/keyboard_teleop/keyboard_teleop.egg-info/top_level.txt
[1.888s] reading manifest file '../../build/keyboard_teleop/keyboard_teleop.egg-info/SOURCES.txt'
[1.890s] writing manifest file '../../build/keyboard_teleop/keyboard_teleop.egg-info/SOURCES.txt'
[1.891s] running build
[1.891s] running build_py
[1.894s] running install
[1.895s] running install_lib
[1.899s] running install_data
[1.900s] running install_egg_info
[1.913s] removing '/home/GTL/pcastere/ros_hw1/ros2_hw1/install/keyboard_teleop/lib/python3.10/site-packages/keyboard_teleop-0.0.0-py3.10.egg-info' (and everything under it)
[1.919s] Copying ../../build/keyboard_teleop/keyboard_teleop.egg-info to /home/GTL/pcastere/ros_hw1/ros2_hw1/install/keyboard_teleop/lib/python3.10/site-packages/keyboard_teleop-0.0.0-py3.10.egg-info
[1.943s] running install_scripts
[1.959s] Installing keyboard_joystick_node script to /home/GTL/pcastere/ros_hw1/ros2_hw1/install/keyboard_teleop/lib/keyboard_teleop
[1.961s] Installing keyboard_teleop_node script to /home/GTL/pcastere/ros_hw1/ros2_hw1/install/keyboard_teleop/lib/keyboard_teleop
[1.964s] writing list of installed files to '/home/GTL/pcastere/ros_hw1/ros2_hw1/build/keyboard_teleop/install.log'
[2.038s] Invoked command in '/home/GTL/pcastere/ros_hw1/ros2_hw1/src/keyboard_teleop' returned '0': PYTHONPATH=/home/GTL/pcastere/ros_hw1/ros2_hw1/build/keyboard_teleop/prefix_override:/usr/lib/python3/dist-packages/colcon_core/task/python/colcon_distutils_commands:/home/GTL/pcastere/ros_hw1/ros2_hw1/install/keyboard_teleop/lib/python3.10/site-packages:${PYTHONPATH} /usr/bin/python3 -W ignore:setup.py install is deprecated -W ignore:easy_install command is deprecated setup.py egg_info --egg-base ../../build/keyboard_teleop build --build-base /home/GTL/pcastere/ros_hw1/ros2_hw1/build/keyboard_teleop/build install --record /home/GTL/pcastere/ros_hw1/ros2_hw1/build/keyboard_teleop/install.log --single-version-externally-managed install_data
