[0.207s] Invoking command in '/home/GTL/pcastere/ros_hw1/ros2_hw1/build/cs7630_msgs': CMAKE_PREFIX_PATH=${CMAKE_PREFIX_PATH}:/home/GTL/pcastere/ros_hw1/ros2_hw1/install/vrep_ros_teleop:/home/GTL/pcastere/ros_hw1/ros2_hw1/install/task_manager_client_py:/home/GTL/pcastere/ros_hw1/ros2_hw1/install/rover_driver_base:/home/GTL/pcastere/ros_hw1/ros2_hw1/install/keyboard_teleop:/home/GTL/pcastere/ros_hw1/ros2_hw1/install/face_detect_base:/home/GTL/pcastere/ros_hw1/ros2_hw1/install/button_server:/opt/ros/humble /usr/bin/cmake --build /home/GTL/pcastere/ros_hw1/ros2_hw1/build/cs7630_msgs -- -j16 -l16
[1.026s] [  2%] Built target cs7630_msgs__cpp
[1.026s] [ 12%] Built target cs7630_msgs__rosidl_generator_c
[1.026s] [ 44%] Built target cs7630_msgs__rosidl_typesupport_cpp
[1.026s] [ 55%] Built target cs7630_msgs__rosidl_typesupport_fastrtps_cpp
[1.026s] [ 55%] Built target cs7630_msgs__rosidl_typesupport_introspection_cpp
[1.026s] [ 76%] Built target cs7630_msgs__rosidl_typesupport_c
[1.026s] [ 76%] Built target cs7630_msgs__rosidl_typesupport_introspection_c
[1.026s] [ 76%] Built target cs7630_msgs__rosidl_typesupport_fastrtps_c
[1.026s] [ 76%] Built target ament_cmake_python_copy_cs7630_msgs
[1.026s] [ 76%] Built target cs7630_msgs
[1.026s] [ 78%] Built target cs7630_msgs__py
[1.026s] [ 87%] Built target cs7630_msgs__rosidl_generator_py
[1.026s] [100%] Built target cs7630_msgs__rosidl_typesupport_fastrtps_c__pyext
[1.026s] [100%] Built target cs7630_msgs__rosidl_typesupport_introspection_c__pyext
[1.026s] [100%] Built target cs7630_msgs__rosidl_typesupport_c__pyext
[1.026s] running egg_info
[1.027s] writing cs7630_msgs.egg-info/PKG-INFO
[1.027s] writing dependency_links to cs7630_msgs.egg-info/dependency_links.txt
[1.027s] writing top-level names to cs7630_msgs.egg-info/top_level.txt
[1.027s] reading manifest file 'cs7630_msgs.egg-info/SOURCES.txt'
[1.027s] writing manifest file 'cs7630_msgs.egg-info/SOURCES.txt'
[1.027s] [100%] Built target ament_cmake_python_build_cs7630_msgs_egg
[1.281s] Invoked command in '/home/GTL/pcastere/ros_hw1/ros2_hw1/build/cs7630_msgs' returned '0': CMAKE_PREFIX_PATH=${CMAKE_PREFIX_PATH}:/home/GTL/pcastere/ros_hw1/ros2_hw1/install/vrep_ros_teleop:/home/GTL/pcastere/ros_hw1/ros2_hw1/install/task_manager_client_py:/home/GTL/pcastere/ros_hw1/ros2_hw1/install/rover_driver_base:/home/GTL/pcastere/ros_hw1/ros2_hw1/install/keyboard_teleop:/home/GTL/pcastere/ros_hw1/ros2_hw1/install/face_detect_base:/home/GTL/pcastere/ros_hw1/ros2_hw1/install/button_server:/opt/ros/humble /usr/bin/cmake --build /home/GTL/pcastere/ros_hw1/ros2_hw1/build/cs7630_msgs -- -j16 -l16
[1.357s] Invoking command in '/home/GTL/pcastere/ros_hw1/ros2_hw1/build/cs7630_msgs': CMAKE_PREFIX_PATH=${CMAKE_PREFIX_PATH}:/home/GTL/pcastere/ros_hw1/ros2_hw1/install/vrep_ros_teleop:/home/GTL/pcastere/ros_hw1/ros2_hw1/install/task_manager_client_py:/home/GTL/pcastere/ros_hw1/ros2_hw1/install/rover_driver_base:/home/GTL/pcastere/ros_hw1/ros2_hw1/install/keyboard_teleop:/home/GTL/pcastere/ros_hw1/ros2_hw1/install/face_detect_base:/home/GTL/pcastere/ros_hw1/ros2_hw1/install/button_server:/opt/ros/humble /usr/bin/cmake --install /home/GTL/pcastere/ros_hw1/ros2_hw1/build/cs7630_msgs
[1.366s] -- Install configuration: ""
[1.366s] -- Up-to-date: /home/GTL/pcastere/ros_hw1/ros2_hw1/install/cs7630_msgs/share/ament_index/resource_index/rosidl_interfaces/cs7630_msgs
[1.368s] -- Up-to-date: /home/GTL/pcastere/ros_hw1/ros2_hw1/install/cs7630_msgs/include/cs7630_msgs/cs7630_msgs
[1.369s] -- Up-to-date: /home/GTL/pcastere/ros_hw1/ros2_hw1/install/cs7630_msgs/include/cs7630_msgs/cs7630_msgs/msg
[1.371s] -- Up-to-date: /home/GTL/pcastere/ros_hw1/ros2_hw1/install/cs7630_msgs/include/cs7630_msgs/cs7630_msgs/msg/trajectory.h
[1.372s] -- Up-to-date: /home/GTL/pcastere/ros_hw1/ros2_hw1/install/cs7630_msgs/include/cs7630_msgs/cs7630_msgs/msg/roi_array.h
[1.372s] -- Up-to-date: /home/GTL/pcastere/ros_hw1/ros2_hw1/install/cs7630_msgs/include/cs7630_msgs/cs7630_msgs/msg/detail
[1.374s] -- Up-to-date: /home/GTL/pcastere/ros_hw1/ros2_hw1/install/cs7630_msgs/include/cs7630_msgs/cs7630_msgs/msg/detail/trajectory_element__functions.h
[1.374s] -- Up-to-date: /home/GTL/pcastere/ros_hw1/ros2_hw1/install/cs7630_msgs/include/cs7630_msgs/cs7630_msgs/msg/detail/trajectory_element__functions.c
[1.375s] -- Up-to-date: /home/GTL/pcastere/ros_hw1/ros2_hw1/install/cs7630_msgs/include/cs7630_msgs/cs7630_msgs/msg/detail/trajectory__struct.h
[1.376s] -- Up-to-date: /home/GTL/pcastere/ros_hw1/ros2_hw1/install/cs7630_msgs/include/cs7630_msgs/cs7630_msgs/msg/detail/roi_array__type_support.h
[1.376s] -- Up-to-date: /home/GTL/pcastere/ros_hw1/ros2_hw1/install/cs7630_msgs/include/cs7630_msgs/cs7630_msgs/msg/detail/trajectory__functions.c
[1.377s] -- Up-to-date: /home/GTL/pcastere/ros_hw1/ros2_hw1/install/cs7630_msgs/include/cs7630_msgs/cs7630_msgs/msg/detail/trajectory_element__type_support.h
[1.377s] -- Up-to-date: /home/GTL/pcastere/ros_hw1/ros2_hw1/install/cs7630_msgs/include/cs7630_msgs/cs7630_msgs/msg/detail/trajectory__functions.h
[1.378s] -- Up-to-date: /home/GTL/pcastere/ros_hw1/ros2_hw1/install/cs7630_msgs/include/cs7630_msgs/cs7630_msgs/msg/detail/roi_array__functions.c
[1.379s] -- Up-to-date: /home/GTL/pcastere/ros_hw1/ros2_hw1/install/cs7630_msgs/include/cs7630_msgs/cs7630_msgs/msg/detail/trajectory__type_support.h
[1.379s] -- Up-to-date: /home/GTL/pcastere/ros_hw1/ros2_hw1/install/cs7630_msgs/include/cs7630_msgs/cs7630_msgs/msg/detail/roi_array__functions.h
[1.380s] -- Up-to-date: /home/GTL/pcastere/ros_hw1/ros2_hw1/install/cs7630_msgs/include/cs7630_msgs/cs7630_msgs/msg/detail/roi_array__struct.h
[1.382s] -- Up-to-date: /home/GTL/pcastere/ros_hw1/ros2_hw1/install/cs7630_msgs/include/cs7630_msgs/cs7630_msgs/msg/detail/trajectory_element__struct.h
[1.382s] -- Up-to-date: /home/GTL/pcastere/ros_hw1/ros2_hw1/install/cs7630_msgs/include/cs7630_msgs/cs7630_msgs/msg/rosidl_generator_c__visibility_control.h
[1.382s] -- Up-to-date: /home/GTL/pcastere/ros_hw1/ros2_hw1/install/cs7630_msgs/include/cs7630_msgs/cs7630_msgs/msg/trajectory_element.h
[1.384s] -- Up-to-date: /home/GTL/pcastere/ros_hw1/ros2_hw1/install/cs7630_msgs/share/cs7630_msgs/environment/library_path.sh
[1.385s] -- Up-to-date: /home/GTL/pcastere/ros_hw1/ros2_hw1/install/cs7630_msgs/share/cs7630_msgs/environment/library_path.dsv
[1.387s] -- Up-to-date: /home/GTL/pcastere/ros_hw1/ros2_hw1/install/cs7630_msgs/lib/libcs7630_msgs__rosidl_generator_c.so
[1.388s] -- Up-to-date: /home/GTL/pcastere/ros_hw1/ros2_hw1/install/cs7630_msgs/include/cs7630_msgs/cs7630_msgs
[1.389s] -- Up-to-date: /home/GTL/pcastere/ros_hw1/ros2_hw1/install/cs7630_msgs/include/cs7630_msgs/cs7630_msgs/msg
[1.390s] -- Up-to-date: /home/GTL/pcastere/ros_hw1/ros2_hw1/install/cs7630_msgs/include/cs7630_msgs/cs7630_msgs/msg/detail
[1.392s] -- Up-to-date: /home/GTL/pcastere/ros_hw1/ros2_hw1/install/cs7630_msgs/include/cs7630_msgs/cs7630_msgs/msg/detail/trajectory_element__rosidl_typesupport_fastrtps_c.h
[1.393s] -- Up-to-date: /home/GTL/pcastere/ros_hw1/ros2_hw1/install/cs7630_msgs/include/cs7630_msgs/cs7630_msgs/msg/detail/trajectory__rosidl_typesupport_fastrtps_c.h
[1.394s] -- Up-to-date: /home/GTL/pcastere/ros_hw1/ros2_hw1/install/cs7630_msgs/include/cs7630_msgs/cs7630_msgs/msg/detail/roi_array__rosidl_typesupport_fastrtps_c.h
[1.394s] -- Up-to-date: /home/GTL/pcastere/ros_hw1/ros2_hw1/install/cs7630_msgs/include/cs7630_msgs/cs7630_msgs/msg/rosidl_typesupport_fastrtps_c__visibility_control.h
[1.404s] -- Up-to-date: /home/GTL/pcastere/ros_hw1/ros2_hw1/install/cs7630_msgs/lib/libcs7630_msgs__rosidl_typesupport_fastrtps_c.so
[1.404s] -- Up-to-date: /home/GTL/pcastere/ros_hw1/ros2_hw1/install/cs7630_msgs/include/cs7630_msgs/cs7630_msgs
[1.404s] -- Up-to-date: /home/GTL/pcastere/ros_hw1/ros2_hw1/install/cs7630_msgs/include/cs7630_msgs/cs7630_msgs/msg
[1.404s] -- Up-to-date: /home/GTL/pcastere/ros_hw1/ros2_hw1/install/cs7630_msgs/include/cs7630_msgs/cs7630_msgs/msg/detail
[1.404s] -- Up-to-date: /home/GTL/pcastere/ros_hw1/ros2_hw1/install/cs7630_msgs/include/cs7630_msgs/cs7630_msgs/msg/detail/trajectory_element__struct.hpp
[1.404s] -- Up-to-date: /home/GTL/pcastere/ros_hw1/ros2_hw1/install/cs7630_msgs/include/cs7630_msgs/cs7630_msgs/msg/detail/trajectory_element__traits.hpp
[1.404s] -- Up-to-date: /home/GTL/pcastere/ros_hw1/ros2_hw1/install/cs7630_msgs/include/cs7630_msgs/cs7630_msgs/msg/detail/trajectory__builder.hpp
[1.404s] -- Up-to-date: /home/GTL/pcastere/ros_hw1/ros2_hw1/install/cs7630_msgs/include/cs7630_msgs/cs7630_msgs/msg/detail/roi_array__struct.hpp
[1.405s] -- Up-to-date: /home/GTL/pcastere/ros_hw1/ros2_hw1/install/cs7630_msgs/include/cs7630_msgs/cs7630_msgs/msg/detail/trajectory_element__builder.hpp
[1.406s] -- Up-to-date: /home/GTL/pcastere/ros_hw1/ros2_hw1/install/cs7630_msgs/include/cs7630_msgs/cs7630_msgs/msg/detail/roi_array__builder.hpp
[1.406s] -- Up-to-date: /home/GTL/pcastere/ros_hw1/ros2_hw1/install/cs7630_msgs/include/cs7630_msgs/cs7630_msgs/msg/detail/trajectory__struct.hpp
[1.407s] -- Up-to-date: /home/GTL/pcastere/ros_hw1/ros2_hw1/install/cs7630_msgs/include/cs7630_msgs/cs7630_msgs/msg/detail/trajectory__traits.hpp
[1.407s] -- Up-to-date: /home/GTL/pcastere/ros_hw1/ros2_hw1/install/cs7630_msgs/include/cs7630_msgs/cs7630_msgs/msg/detail/roi_array__traits.hpp
[1.408s] -- Up-to-date: /home/GTL/pcastere/ros_hw1/ros2_hw1/install/cs7630_msgs/include/cs7630_msgs/cs7630_msgs/msg/roi_array.hpp
[1.409s] -- Up-to-date: /home/GTL/pcastere/ros_hw1/ros2_hw1/install/cs7630_msgs/include/cs7630_msgs/cs7630_msgs/msg/trajectory.hpp
[1.410s] -- Up-to-date: /home/GTL/pcastere/ros_hw1/ros2_hw1/install/cs7630_msgs/include/cs7630_msgs/cs7630_msgs/msg/trajectory_element.hpp
[1.410s] -- Up-to-date: /home/GTL/pcastere/ros_hw1/ros2_hw1/install/cs7630_msgs/include/cs7630_msgs/cs7630_msgs
[1.412s] -- Up-to-date: /home/GTL/pcastere/ros_hw1/ros2_hw1/install/cs7630_msgs/include/cs7630_msgs/cs7630_msgs/msg
[1.413s] -- Up-to-date: /home/GTL/pcastere/ros_hw1/ros2_hw1/install/cs7630_msgs/include/cs7630_msgs/cs7630_msgs/msg/detail
[1.414s] -- Up-to-date: /home/GTL/pcastere/ros_hw1/ros2_hw1/install/cs7630_msgs/include/cs7630_msgs/cs7630_msgs/msg/detail/roi_array__rosidl_typesupport_fastrtps_cpp.hpp
[1.414s] -- Up-to-date: /home/GTL/pcastere/ros_hw1/ros2_hw1/install/cs7630_msgs/include/cs7630_msgs/cs7630_msgs/msg/detail/dds_fastrtps
[1.415s] -- Up-to-date: /home/GTL/pcastere/ros_hw1/ros2_hw1/install/cs7630_msgs/include/cs7630_msgs/cs7630_msgs/msg/detail/trajectory_element__rosidl_typesupport_fastrtps_cpp.hpp
[1.416s] -- Up-to-date: /home/GTL/pcastere/ros_hw1/ros2_hw1/install/cs7630_msgs/include/cs7630_msgs/cs7630_msgs/msg/detail/trajectory__rosidl_typesupport_fastrtps_cpp.hpp
[1.416s] -- Up-to-date: /home/GTL/pcastere/ros_hw1/ros2_hw1/install/cs7630_msgs/include/cs7630_msgs/cs7630_msgs/msg/rosidl_typesupport_fastrtps_cpp__visibility_control.h
[1.418s] -- Up-to-date: /home/GTL/pcastere/ros_hw1/ros2_hw1/install/cs7630_msgs/lib/libcs7630_msgs__rosidl_typesupport_fastrtps_cpp.so
[1.419s] -- Up-to-date: /home/GTL/pcastere/ros_hw1/ros2_hw1/install/cs7630_msgs/include/cs7630_msgs/cs7630_msgs
[1.421s] -- Up-to-date: /home/GTL/pcastere/ros_hw1/ros2_hw1/install/cs7630_msgs/include/cs7630_msgs/cs7630_msgs/msg
[1.422s] -- Up-to-date: /home/GTL/pcastere/ros_hw1/ros2_hw1/install/cs7630_msgs/include/cs7630_msgs/cs7630_msgs/msg/detail
[1.423s] -- Up-to-date: /home/GTL/pcastere/ros_hw1/ros2_hw1/install/cs7630_msgs/include/cs7630_msgs/cs7630_msgs/msg/detail/roi_array__rosidl_typesupport_introspection_c.h
[1.424s] -- Up-to-date: /home/GTL/pcastere/ros_hw1/ros2_hw1/install/cs7630_msgs/include/cs7630_msgs/cs7630_msgs/msg/detail/trajectory_element__rosidl_typesupport_introspection_c.h
[1.425s] -- Up-to-date: /home/GTL/pcastere/ros_hw1/ros2_hw1/install/cs7630_msgs/include/cs7630_msgs/cs7630_msgs/msg/detail/roi_array__type_support.c
[1.425s] -- Up-to-date: /home/GTL/pcastere/ros_hw1/ros2_hw1/install/cs7630_msgs/include/cs7630_msgs/cs7630_msgs/msg/detail/trajectory__rosidl_typesupport_introspection_c.h
[1.426s] -- Up-to-date: /home/GTL/pcastere/ros_hw1/ros2_hw1/install/cs7630_msgs/include/cs7630_msgs/cs7630_msgs/msg/detail/trajectory_element__type_support.c
[1.427s] -- Up-to-date: /home/GTL/pcastere/ros_hw1/ros2_hw1/install/cs7630_msgs/include/cs7630_msgs/cs7630_msgs/msg/detail/trajectory__type_support.c
[1.427s] -- Up-to-date: /home/GTL/pcastere/ros_hw1/ros2_hw1/install/cs7630_msgs/include/cs7630_msgs/cs7630_msgs/msg/rosidl_typesupport_introspection_c__visibility_control.h
[1.428s] -- Up-to-date: /home/GTL/pcastere/ros_hw1/ros2_hw1/install/cs7630_msgs/lib/libcs7630_msgs__rosidl_typesupport_introspection_c.so
[1.431s] -- Up-to-date: /home/GTL/pcastere/ros_hw1/ros2_hw1/install/cs7630_msgs/lib/libcs7630_msgs__rosidl_typesupport_c.so
[1.436s] -- Up-to-date: /home/GTL/pcastere/ros_hw1/ros2_hw1/install/cs7630_msgs/include/cs7630_msgs/cs7630_msgs
[1.436s] -- Up-to-date: /home/GTL/pcastere/ros_hw1/ros2_hw1/install/cs7630_msgs/include/cs7630_msgs/cs7630_msgs/msg
[1.436s] -- Up-to-date: /home/GTL/pcastere/ros_hw1/ros2_hw1/install/cs7630_msgs/include/cs7630_msgs/cs7630_msgs/msg/detail
[1.436s] -- Up-to-date: /home/GTL/pcastere/ros_hw1/ros2_hw1/install/cs7630_msgs/include/cs7630_msgs/cs7630_msgs/msg/detail/roi_array__type_support.cpp
[1.437s] -- Up-to-date: /home/GTL/pcastere/ros_hw1/ros2_hw1/install/cs7630_msgs/include/cs7630_msgs/cs7630_msgs/msg/detail/trajectory_element__rosidl_typesupport_introspection_cpp.hpp
[1.437s] -- Up-to-date: /home/GTL/pcastere/ros_hw1/ros2_hw1/install/cs7630_msgs/include/cs7630_msgs/cs7630_msgs/msg/detail/roi_array__rosidl_typesupport_introspection_cpp.hpp
[1.438s] -- Up-to-date: /home/GTL/pcastere/ros_hw1/ros2_hw1/install/cs7630_msgs/include/cs7630_msgs/cs7630_msgs/msg/detail/trajectory__rosidl_typesupport_introspection_cpp.hpp
[1.439s] -- Up-to-date: /home/GTL/pcastere/ros_hw1/ros2_hw1/install/cs7630_msgs/include/cs7630_msgs/cs7630_msgs/msg/detail/trajectory_element__type_support.cpp
[1.439s] -- Up-to-date: /home/GTL/pcastere/ros_hw1/ros2_hw1/install/cs7630_msgs/include/cs7630_msgs/cs7630_msgs/msg/detail/trajectory__type_support.cpp
[1.441s] -- Up-to-date: /home/GTL/pcastere/ros_hw1/ros2_hw1/install/cs7630_msgs/lib/libcs7630_msgs__rosidl_typesupport_introspection_cpp.so
[1.444s] -- Up-to-date: /home/GTL/pcastere/ros_hw1/ros2_hw1/install/cs7630_msgs/lib/libcs7630_msgs__rosidl_typesupport_cpp.so
[1.445s] -- Up-to-date: /home/GTL/pcastere/ros_hw1/ros2_hw1/install/cs7630_msgs/share/cs7630_msgs/environment/pythonpath.sh
[1.447s] -- Up-to-date: /home/GTL/pcastere/ros_hw1/ros2_hw1/install/cs7630_msgs/share/cs7630_msgs/environment/pythonpath.dsv
[1.447s] -- Up-to-date: /home/GTL/pcastere/ros_hw1/ros2_hw1/install/cs7630_msgs/local/lib/python3.10/dist-packages/cs7630_msgs-0.0.0-py3.10.egg-info
[1.448s] -- Installing: /home/GTL/pcastere/ros_hw1/ros2_hw1/install/cs7630_msgs/local/lib/python3.10/dist-packages/cs7630_msgs-0.0.0-py3.10.egg-info/dependency_links.txt
[1.454s] -- Installing: /home/GTL/pcastere/ros_hw1/ros2_hw1/install/cs7630_msgs/local/lib/python3.10/dist-packages/cs7630_msgs-0.0.0-py3.10.egg-info/top_level.txt
[1.459s] -- Installing: /home/GTL/pcastere/ros_hw1/ros2_hw1/install/cs7630_msgs/local/lib/python3.10/dist-packages/cs7630_msgs-0.0.0-py3.10.egg-info/PKG-INFO
[1.464s] -- Installing: /home/GTL/pcastere/ros_hw1/ros2_hw1/install/cs7630_msgs/local/lib/python3.10/dist-packages/cs7630_msgs-0.0.0-py3.10.egg-info/SOURCES.txt
[1.470s] -- Up-to-date: /home/GTL/pcastere/ros_hw1/ros2_hw1/install/cs7630_msgs/local/lib/python3.10/dist-packages/cs7630_msgs
[1.472s] -- Up-to-date: /home/GTL/pcastere/ros_hw1/ros2_hw1/install/cs7630_msgs/local/lib/python3.10/dist-packages/cs7630_msgs/msg
[1.473s] -- Up-to-date: /home/GTL/pcastere/ros_hw1/ros2_hw1/install/cs7630_msgs/local/lib/python3.10/dist-packages/cs7630_msgs/msg/_trajectory.py
[1.474s] -- Up-to-date: /home/GTL/pcastere/ros_hw1/ros2_hw1/install/cs7630_msgs/local/lib/python3.10/dist-packages/cs7630_msgs/msg/_roi_array_s.c
[1.475s] -- Up-to-date: /home/GTL/pcastere/ros_hw1/ros2_hw1/install/cs7630_msgs/local/lib/python3.10/dist-packages/cs7630_msgs/msg/_roi_array.py
[1.476s] -- Up-to-date: /home/GTL/pcastere/ros_hw1/ros2_hw1/install/cs7630_msgs/local/lib/python3.10/dist-packages/cs7630_msgs/msg/_trajectory_s.c
[1.476s] -- Up-to-date: /home/GTL/pcastere/ros_hw1/ros2_hw1/install/cs7630_msgs/local/lib/python3.10/dist-packages/cs7630_msgs/msg/__init__.py
[1.477s] -- Up-to-date: /home/GTL/pcastere/ros_hw1/ros2_hw1/install/cs7630_msgs/local/lib/python3.10/dist-packages/cs7630_msgs/msg/_trajectory_element_s.c
[1.478s] -- Up-to-date: /home/GTL/pcastere/ros_hw1/ros2_hw1/install/cs7630_msgs/local/lib/python3.10/dist-packages/cs7630_msgs/msg/_trajectory_element.py
[1.479s] -- Up-to-date: /home/GTL/pcastere/ros_hw1/ros2_hw1/install/cs7630_msgs/local/lib/python3.10/dist-packages/cs7630_msgs/cs7630_msgs_s__rosidl_typesupport_c.cpython-310-x86_64-linux-gnu.so
[1.480s] -- Up-to-date: /home/GTL/pcastere/ros_hw1/ros2_hw1/install/cs7630_msgs/local/lib/python3.10/dist-packages/cs7630_msgs/libcs7630_msgs__rosidl_generator_py.so
[1.481s] -- Up-to-date: /home/GTL/pcastere/ros_hw1/ros2_hw1/install/cs7630_msgs/local/lib/python3.10/dist-packages/cs7630_msgs/cs7630_msgs_s__rosidl_typesupport_fastrtps_c.cpython-310-x86_64-linux-gnu.so
[1.482s] -- Up-to-date: /home/GTL/pcastere/ros_hw1/ros2_hw1/install/cs7630_msgs/local/lib/python3.10/dist-packages/cs7630_msgs/_cs7630_msgs_s.ep.rosidl_typesupport_c.c
[1.482s] -- Up-to-date: /home/GTL/pcastere/ros_hw1/ros2_hw1/install/cs7630_msgs/local/lib/python3.10/dist-packages/cs7630_msgs/cs7630_msgs_s__rosidl_typesupport_introspection_c.cpython-310-x86_64-linux-gnu.so
[1.483s] -- Up-to-date: /home/GTL/pcastere/ros_hw1/ros2_hw1/install/cs7630_msgs/local/lib/python3.10/dist-packages/cs7630_msgs/_cs7630_msgs_s.ep.rosidl_typesupport_fastrtps_c.c
[1.484s] -- Up-to-date: /home/GTL/pcastere/ros_hw1/ros2_hw1/install/cs7630_msgs/local/lib/python3.10/dist-packages/cs7630_msgs/__init__.py
[1.485s] -- Up-to-date: /home/GTL/pcastere/ros_hw1/ros2_hw1/install/cs7630_msgs/local/lib/python3.10/dist-packages/cs7630_msgs/_cs7630_msgs_s.ep.rosidl_typesupport_introspection_c.c
[1.522s] Listing '/home/GTL/pcastere/ros_hw1/ros2_hw1/install/cs7630_msgs/local/lib/python3.10/dist-packages/cs7630_msgs'...
[1.522s] Listing '/home/GTL/pcastere/ros_hw1/ros2_hw1/install/cs7630_msgs/local/lib/python3.10/dist-packages/cs7630_msgs/msg'...
[1.527s] -- Up-to-date: /home/GTL/pcastere/ros_hw1/ros2_hw1/install/cs7630_msgs/local/lib/python3.10/dist-packages/cs7630_msgs/cs7630_msgs_s__rosidl_typesupport_fastrtps_c.cpython-310-x86_64-linux-gnu.so
[1.529s] -- Up-to-date: /home/GTL/pcastere/ros_hw1/ros2_hw1/install/cs7630_msgs/local/lib/python3.10/dist-packages/cs7630_msgs/cs7630_msgs_s__rosidl_typesupport_introspection_c.cpython-310-x86_64-linux-gnu.so
[1.534s] -- Up-to-date: /home/GTL/pcastere/ros_hw1/ros2_hw1/install/cs7630_msgs/local/lib/python3.10/dist-packages/cs7630_msgs/cs7630_msgs_s__rosidl_typesupport_c.cpython-310-x86_64-linux-gnu.so
[1.534s] -- Up-to-date: /home/GTL/pcastere/ros_hw1/ros2_hw1/install/cs7630_msgs/lib/libcs7630_msgs__rosidl_generator_py.so
[1.537s] -- Up-to-date: /home/GTL/pcastere/ros_hw1/ros2_hw1/install/cs7630_msgs/share/cs7630_msgs/msg/ROIArray.idl
[1.538s] -- Up-to-date: /home/GTL/pcastere/ros_hw1/ros2_hw1/install/cs7630_msgs/share/cs7630_msgs/msg/Trajectory.idl
[1.539s] -- Up-to-date: /home/GTL/pcastere/ros_hw1/ros2_hw1/install/cs7630_msgs/share/cs7630_msgs/msg/TrajectoryElement.idl
[1.539s] -- Up-to-date: /home/GTL/pcastere/ros_hw1/ros2_hw1/install/cs7630_msgs/share/cs7630_msgs/msg/ROIArray.msg
[1.540s] -- Up-to-date: /home/GTL/pcastere/ros_hw1/ros2_hw1/install/cs7630_msgs/share/cs7630_msgs/msg/Trajectory.msg
[1.541s] -- Up-to-date: /home/GTL/pcastere/ros_hw1/ros2_hw1/install/cs7630_msgs/share/cs7630_msgs/msg/TrajectoryElement.msg
[1.541s] -- Up-to-date: /home/GTL/pcastere/ros_hw1/ros2_hw1/install/cs7630_msgs/share/ament_index/resource_index/package_run_dependencies/cs7630_msgs
[1.542s] -- Up-to-date: /home/GTL/pcastere/ros_hw1/ros2_hw1/install/cs7630_msgs/share/ament_index/resource_index/parent_prefix_path/cs7630_msgs
[1.543s] -- Up-to-date: /home/GTL/pcastere/ros_hw1/ros2_hw1/install/cs7630_msgs/share/cs7630_msgs/environment/ament_prefix_path.sh
[1.544s] -- Up-to-date: /home/GTL/pcastere/ros_hw1/ros2_hw1/install/cs7630_msgs/share/cs7630_msgs/environment/ament_prefix_path.dsv
[1.544s] -- Up-to-date: /home/GTL/pcastere/ros_hw1/ros2_hw1/install/cs7630_msgs/share/cs7630_msgs/environment/path.sh
[1.545s] -- Up-to-date: /home/GTL/pcastere/ros_hw1/ros2_hw1/install/cs7630_msgs/share/cs7630_msgs/environment/path.dsv
[1.546s] -- Up-to-date: /home/GTL/pcastere/ros_hw1/ros2_hw1/install/cs7630_msgs/share/cs7630_msgs/local_setup.bash
[1.547s] -- Up-to-date: /home/GTL/pcastere/ros_hw1/ros2_hw1/install/cs7630_msgs/share/cs7630_msgs/local_setup.sh
[1.547s] -- Up-to-date: /home/GTL/pcastere/ros_hw1/ros2_hw1/install/cs7630_msgs/share/cs7630_msgs/local_setup.zsh
[1.548s] -- Up-to-date: /home/GTL/pcastere/ros_hw1/ros2_hw1/install/cs7630_msgs/share/cs7630_msgs/local_setup.dsv
[1.550s] -- Installing: /home/GTL/pcastere/ros_hw1/ros2_hw1/install/cs7630_msgs/share/cs7630_msgs/package.dsv
[1.555s] -- Up-to-date: /home/GTL/pcastere/ros_hw1/ros2_hw1/install/cs7630_msgs/share/ament_index/resource_index/packages/cs7630_msgs
[1.558s] -- Up-to-date: /home/GTL/pcastere/ros_hw1/ros2_hw1/install/cs7630_msgs/share/cs7630_msgs/cmake/export_cs7630_msgs__rosidl_generator_cExport.cmake
[1.559s] -- Up-to-date: /home/GTL/pcastere/ros_hw1/ros2_hw1/install/cs7630_msgs/share/cs7630_msgs/cmake/export_cs7630_msgs__rosidl_generator_cExport-noconfig.cmake
[1.561s] -- Up-to-date: /home/GTL/pcastere/ros_hw1/ros2_hw1/install/cs7630_msgs/share/cs7630_msgs/cmake/export_cs7630_msgs__rosidl_typesupport_fastrtps_cExport.cmake
[1.562s] -- Up-to-date: /home/GTL/pcastere/ros_hw1/ros2_hw1/install/cs7630_msgs/share/cs7630_msgs/cmake/export_cs7630_msgs__rosidl_typesupport_fastrtps_cExport-noconfig.cmake
[1.564s] -- Up-to-date: /home/GTL/pcastere/ros_hw1/ros2_hw1/install/cs7630_msgs/share/cs7630_msgs/cmake/export_cs7630_msgs__rosidl_generator_cppExport.cmake
[1.565s] -- Up-to-date: /home/GTL/pcastere/ros_hw1/ros2_hw1/install/cs7630_msgs/share/cs7630_msgs/cmake/export_cs7630_msgs__rosidl_typesupport_fastrtps_cppExport.cmake
[1.567s] -- Up-to-date: /home/GTL/pcastere/ros_hw1/ros2_hw1/install/cs7630_msgs/share/cs7630_msgs/cmake/export_cs7630_msgs__rosidl_typesupport_fastrtps_cppExport-noconfig.cmake
[1.569s] -- Up-to-date: /home/GTL/pcastere/ros_hw1/ros2_hw1/install/cs7630_msgs/share/cs7630_msgs/cmake/cs7630_msgs__rosidl_typesupport_introspection_cExport.cmake
[1.570s] -- Up-to-date: /home/GTL/pcastere/ros_hw1/ros2_hw1/install/cs7630_msgs/share/cs7630_msgs/cmake/cs7630_msgs__rosidl_typesupport_introspection_cExport-noconfig.cmake
[1.572s] -- Up-to-date: /home/GTL/pcastere/ros_hw1/ros2_hw1/install/cs7630_msgs/share/cs7630_msgs/cmake/cs7630_msgs__rosidl_typesupport_cExport.cmake
[1.573s] -- Up-to-date: /home/GTL/pcastere/ros_hw1/ros2_hw1/install/cs7630_msgs/share/cs7630_msgs/cmake/cs7630_msgs__rosidl_typesupport_cExport-noconfig.cmake
[1.574s] -- Up-to-date: /home/GTL/pcastere/ros_hw1/ros2_hw1/install/cs7630_msgs/share/cs7630_msgs/cmake/cs7630_msgs__rosidl_typesupport_introspection_cppExport.cmake
[1.575s] -- Up-to-date: /home/GTL/pcastere/ros_hw1/ros2_hw1/install/cs7630_msgs/share/cs7630_msgs/cmake/cs7630_msgs__rosidl_typesupport_introspection_cppExport-noconfig.cmake
[1.577s] -- Up-to-date: /home/GTL/pcastere/ros_hw1/ros2_hw1/install/cs7630_msgs/share/cs7630_msgs/cmake/cs7630_msgs__rosidl_typesupport_cppExport.cmake
[1.578s] -- Up-to-date: /home/GTL/pcastere/ros_hw1/ros2_hw1/install/cs7630_msgs/share/cs7630_msgs/cmake/cs7630_msgs__rosidl_typesupport_cppExport-noconfig.cmake
[1.580s] -- Up-to-date: /home/GTL/pcastere/ros_hw1/ros2_hw1/install/cs7630_msgs/share/cs7630_msgs/cmake/export_cs7630_msgs__rosidl_generator_pyExport.cmake
[1.581s] -- Up-to-date: /home/GTL/pcastere/ros_hw1/ros2_hw1/install/cs7630_msgs/share/cs7630_msgs/cmake/export_cs7630_msgs__rosidl_generator_pyExport-noconfig.cmake
[1.582s] -- Up-to-date: /home/GTL/pcastere/ros_hw1/ros2_hw1/install/cs7630_msgs/share/cs7630_msgs/cmake/rosidl_cmake-extras.cmake
[1.583s] -- Up-to-date: /home/GTL/pcastere/ros_hw1/ros2_hw1/install/cs7630_msgs/share/cs7630_msgs/cmake/ament_cmake_export_dependencies-extras.cmake
[1.583s] -- Up-to-date: /home/GTL/pcastere/ros_hw1/ros2_hw1/install/cs7630_msgs/share/cs7630_msgs/cmake/ament_cmake_export_include_directories-extras.cmake
[1.584s] -- Up-to-date: /home/GTL/pcastere/ros_hw1/ros2_hw1/install/cs7630_msgs/share/cs7630_msgs/cmake/ament_cmake_export_libraries-extras.cmake
[1.585s] -- Up-to-date: /home/GTL/pcastere/ros_hw1/ros2_hw1/install/cs7630_msgs/share/cs7630_msgs/cmake/ament_cmake_export_targets-extras.cmake
[1.585s] -- Up-to-date: /home/GTL/pcastere/ros_hw1/ros2_hw1/install/cs7630_msgs/share/cs7630_msgs/cmake/rosidl_cmake_export_typesupport_targets-extras.cmake
[1.586s] -- Up-to-date: /home/GTL/pcastere/ros_hw1/ros2_hw1/install/cs7630_msgs/share/cs7630_msgs/cmake/rosidl_cmake_export_typesupport_libraries-extras.cmake
[1.587s] -- Up-to-date: /home/GTL/pcastere/ros_hw1/ros2_hw1/install/cs7630_msgs/share/cs7630_msgs/cmake/cs7630_msgsConfig.cmake
[1.587s] -- Up-to-date: /home/GTL/pcastere/ros_hw1/ros2_hw1/install/cs7630_msgs/share/cs7630_msgs/cmake/cs7630_msgsConfig-version.cmake
[1.588s] -- Up-to-date: /home/GTL/pcastere/ros_hw1/ros2_hw1/install/cs7630_msgs/share/cs7630_msgs/package.xml
[1.604s] Invoked command in '/home/GTL/pcastere/ros_hw1/ros2_hw1/build/cs7630_msgs' returned '0': CMAKE_PREFIX_PATH=${CMAKE_PREFIX_PATH}:/home/GTL/pcastere/ros_hw1/ros2_hw1/install/vrep_ros_teleop:/home/GTL/pcastere/ros_hw1/ros2_hw1/install/task_manager_client_py:/home/GTL/pcastere/ros_hw1/ros2_hw1/install/rover_driver_base:/home/GTL/pcastere/ros_hw1/ros2_hw1/install/keyboard_teleop:/home/GTL/pcastere/ros_hw1/ros2_hw1/install/face_detect_base:/home/GTL/pcastere/ros_hw1/ros2_hw1/install/button_server:/opt/ros/humble /usr/bin/cmake --install /home/GTL/pcastere/ros_hw1/ros2_hw1/build/cs7630_msgs
