[1.795s] Invoking command in '/home/GTL/pcastere/ros_hw1/ros2_hw1/src/vrep_ros_teleop': PYTHONPATH=/home/GTL/pcastere/ros_hw1/ros2_hw1/build/vrep_ros_teleop/prefix_override:/usr/lib/python3/dist-packages/colcon_core/task/python/colcon_distutils_commands:/home/GTL/pcastere/ros_hw1/ros2_hw1/install/vrep_ros_teleop/lib/python3.10/site-packages:${PYTHONPATH} /usr/bin/python3 -W ignore:setup.py install is deprecated setup.py egg_info --egg-base ../../build/vrep_ros_teleop build --build-base /home/GTL/pcastere/ros_hw1/ros2_hw1/build/vrep_ros_teleop/build install --record /home/GTL/pcastere/ros_hw1/ros2_hw1/build/vrep_ros_teleop/install.log --single-version-externally-managed install_data
[2.035s] running egg_info
[2.036s] writing ../../build/vrep_ros_teleop/vrep_ros_teleop.egg-info/PKG-INFO
[2.036s] writing dependency_links to ../../build/vrep_ros_teleop/vrep_ros_teleop.egg-info/dependency_links.txt
[2.037s] writing entry points to ../../build/vrep_ros_teleop/vrep_ros_teleop.egg-info/entry_points.txt
[2.038s] writing requirements to ../../build/vrep_ros_teleop/vrep_ros_teleop.egg-info/requires.txt
[2.038s] writing top-level names to ../../build/vrep_ros_teleop/vrep_ros_teleop.egg-info/top_level.txt
[2.041s] reading manifest file '../../build/vrep_ros_teleop/vrep_ros_teleop.egg-info/SOURCES.txt'
[2.043s] writing manifest file '../../build/vrep_ros_teleop/vrep_ros_teleop.egg-info/SOURCES.txt'
[2.043s] running build
[2.044s] running build_py
[2.045s] running install
[2.045s] running install_lib
[2.050s] running install_data
[2.050s] running install_egg_info
[2.050s] removing '/home/GTL/pcastere/ros_hw1/ros2_hw1/install/vrep_ros_teleop/lib/python3.10/site-packages/vrep_ros_teleop-0.0.0-py3.10.egg-info' (and everything under it)
[2.050s] Copying ../../build/vrep_ros_teleop/vrep_ros_teleop.egg-info to /home/GTL/pcastere/ros_hw1/ros2_hw1/install/vrep_ros_teleop/lib/python3.10/site-packages/vrep_ros_teleop-0.0.0-py3.10.egg-info
[2.065s] running install_scripts
[2.089s] Installing teleop_mux_node script to /home/GTL/pcastere/ros_hw1/ros2_hw1/install/vrep_ros_teleop/lib/vrep_ros_teleop
[2.089s] Installing teleop_node script to /home/GTL/pcastere/ros_hw1/ros2_hw1/install/vrep_ros_teleop/lib/vrep_ros_teleop
[2.089s] writing list of installed files to '/home/GTL/pcastere/ros_hw1/ros2_hw1/build/vrep_ros_teleop/install.log'
[2.165s] Invoked command in '/home/GTL/pcastere/ros_hw1/ros2_hw1/src/vrep_ros_teleop' returned '0': PYTHONPATH=/home/GTL/pcastere/ros_hw1/ros2_hw1/build/vrep_ros_teleop/prefix_override:/usr/lib/python3/dist-packages/colcon_core/task/python/colcon_distutils_commands:/home/GTL/pcastere/ros_hw1/ros2_hw1/install/vrep_ros_teleop/lib/python3.10/site-packages:${PYTHONPATH} /usr/bin/python3 -W ignore:setup.py install is deprecated setup.py egg_info --egg-base ../../build/vrep_ros_teleop build --build-base /home/GTL/pcastere/ros_hw1/ros2_hw1/build/vrep_ros_teleop/build install --record /home/GTL/pcastere/ros_hw1/ros2_hw1/build/vrep_ros_teleop/install.log --single-version-externally-managed install_data
