[0.071s] Invoking command in '/home/GTL/apaul/ros2_hw1/build/floor_nav': AMENT_PREFIX_PATH=/home/GTL/apaul/ros2_hw1/install/task_manager_nav2:/home/GTL/apaul/ros2_hw1/install/task_manager_lib:/home/GTL/apaul/ros2_hw1/install/task_manager_msgs:/home/GTL/apaul/ros2_hw1/install/face_msg:/home/GTL/apaul/ros2_hw1/install/cs7630_msgs:${AMENT_PREFIX_PATH} CMAKE_PREFIX_PATH=/home/GTL/apaul/ros2_hw1/install/task_manager_nav2:/home/GTL/apaul/ros2_hw1/install/task_manager_lib:/home/GTL/apaul/ros2_hw1/install/task_manager_msgs:/home/GTL/apaul/ros2_hw1/install/face_msg:/home/GTL/apaul/ros2_hw1/install/cs7630_msgs:/opt/ros/humble LD_LIBRARY_PATH=/home/GTL/apaul/ros2_hw1/install/task_manager_lib/lib:/home/GTL/apaul/ros2_hw1/install/task_manager_msgs/lib:/home/GTL/apaul/ros2_hw1/install/face_msg/lib:/home/GTL/apaul/ros2_hw1/install/cs7630_msgs/lib:${LD_LIBRARY_PATH} PYTHONPATH=/home/GTL/apaul/ros2_hw1/install/task_manager_msgs/local/lib/python3.10/dist-packages:/home/GTL/apaul/ros2_hw1/install/face_msg/local/lib/python3.10/dist-packages:/home/GTL/apaul/ros2_hw1/install/cs7630_msgs/local/lib/python3.10/dist-packages:${PYTHONPATH} /usr/bin/cmake --build /home/GTL/apaul/ros2_hw1/build/floor_nav -- -j16 -l16
[0.165s] [35m[1mConsolidate compiler generated dependencies of target floornav_TaskGoToPose[0m
[0.213s] [  3%] [32mBuilding CXX object CMakeFiles/floornav_TaskTrigger.dir/tasks/TaskTrigger.cpp.o[0m
[0.219s] [ 12%] [32mBuilding CXX object CMakeFiles/floornav_TaskGoTo.dir/tasks/TaskGoTo.cpp.o[0m
[0.219s] [ 12%] [32mBuilding CXX object CMakeFiles/floornav_TaskSetBool.dir/tasks/TaskSetBool.cpp.o[0m
[0.220s] [ 12%] [32mBuilding CXX object CMakeFiles/floornav_TaskNav2.dir/tasks/TaskNav2.cpp.o[0m
[0.226s] [ 29%] [32mBuilding CXX object CMakeFiles/floornav_TaskSetHeading.dir/tasks/TaskSetHeading.cpp.o[0m
[0.227s] [ 29%] [32mBuilding CXX object CMakeFiles/floornav_TaskConstant.dir/tasks/TaskConstant.cpp.o[0m
[0.227s] [ 29%] [32mBuilding CXX object CMakeFiles/floornav_TaskWaitForROI.dir/tasks/TaskWaitForROI.cpp.o[0m
[0.227s] [ 29%] [32mBuilding CXX object CMakeFiles/floornav_task_server.dir/src/task_server.cpp.o[0m
[0.228s] [ 32%] [32mBuilding CXX object CMakeFiles/floornav_TaskStareAtFace.dir/tasks/TaskStareAtFace.cpp.o[0m
[0.228s] [ 32%] [32mBuilding CXX object CMakeFiles/floornav_task_server.dir/src/SimTasksEnv.cpp.o[0m
[0.231s] [ 35%] [32mBuilding CXX object CMakeFiles/floornav_TaskGoToPose.dir/tasks/TaskGoToPose.cpp.o[0m
[0.234s] [ 38%] [32mBuilding CXX object CMakeFiles/floornav_TaskAutoDock.dir/tasks/TaskAutoDock.cpp.o[0m
[0.237s] [ 41%] [32mBuilding CXX object CMakeFiles/floornav_TaskSetMux.dir/tasks/TaskSetMux.cpp.o[0m
[0.239s] [ 45%] [32mBuilding CXX object CMakeFiles/floornav_TaskWaitForFace.dir/tasks/TaskWaitForFace.cpp.o[0m
[0.245s] [ 48%] [32mBuilding CXX object CMakeFiles/floornav_TaskWander.dir/tasks/TaskWander.cpp.o[0m
[0.249s] [ 51%] [32mBuilding CXX object CMakeFiles/floornav_TaskPlanTo.dir/tasks/TaskPlanTo.cpp.o[0m
[58.729s] [ 54%] [32m[1mLinking CXX shared library libfloornav_TaskSetBool.so[0m
[58.734s] [ 61%] [32m[1mLinking CXX shared library libfloornav_TaskGoToPose.so[0m
[58.734s] [ 61%] [32m[1mLinking CXX shared library libfloornav_TaskSetHeading.so[0m
[59.315s] [ 64%] [32m[1mLinking CXX shared library libfloornav_TaskTrigger.so[0m
[60.205s] [ 67%] [32m[1mLinking CXX shared library libfloornav_TaskWaitForFace.so[0m
[60.594s] [ 70%] [32m[1mLinking CXX shared library libfloornav_TaskWander.so[0m
[60.925s] [ 74%] [32m[1mLinking CXX shared library libfloornav_TaskSetMux.so[0m
[63.053s] [ 77%] [32m[1mLinking CXX shared library libfloornav_TaskNav2.so[0m
[65.974s] [ 80%] [32m[1mLinking CXX shared library libfloornav_TaskWaitForROI.so[0m
[66.170s] [ 83%] [32m[1mLinking CXX shared library libfloornav_TaskStareAtFace.so[0m
[67.341s] [ 87%] [32m[1mLinking CXX shared library libfloornav_TaskAutoDock.so[0m
[69.065s] [ 90%] [32m[1mLinking CXX shared library libfloornav_TaskConstant.so[0m
[69.420s] [ 93%] [32m[1mLinking CXX shared library libfloornav_TaskGoTo.so[0m
[73.355s] gmake[2]: *** Deleting file 'libfloornav_TaskGoTo.so'
[73.355s] gmake[2]: *** Deleting file 'libfloornav_TaskNav2.so'
[73.355s] gmake[2]: *** Deleting file 'libfloornav_TaskSetBool.so'
[73.355s] gmake[2]: *** Deleting file 'libfloornav_TaskStareAtFace.so'
[73.356s] gmake[2]: *** Deleting file 'libfloornav_TaskSetHeading.so'
[73.356s] gmake[2]: *** Deleting file 'libfloornav_TaskWaitForROI.so'
[73.356s] gmake[2]: *** Deleting file 'libfloornav_TaskGoToPose.so'
[73.356s] gmake[2]: *** Deleting file 'libfloornav_TaskSetMux.so'
[73.356s] gmake[2]: *** Deleting file 'libfloornav_TaskConstant.so'
[73.356s] gmake[2]: *** Deleting file 'libfloornav_TaskAutoDock.so'
[73.356s] gmake[2]: *** Deleting file 'libfloornav_TaskWaitForFace.so'
[73.356s] gmake[2]: *** [CMakeFiles/floornav_task_server.dir/build.make:76: CMakeFiles/floornav_task_server.dir/src/task_server.cpp.o] Interrupt
[73.356s] gmake[2]: *** [CMakeFiles/floornav_task_server.dir/build.make:90: CMakeFiles/floornav_task_server.dir/src/SimTasksEnv.cpp.o] Interrupt
[73.356s] gmake[2]: *** [CMakeFiles/floornav_TaskNav2.dir/build.make:4864: libfloornav_TaskNav2.so] Interrupt
[73.356s] gmake[2]: *** Deleting file 'libfloornav_TaskTrigger.so'
[73.356s] gmake[2]: *** Deleting file 'libfloornav_TaskWander.so'
[73.356s] gmake[2]: *** [CMakeFiles/floornav_TaskPlanTo.dir/build.make:76: CMakeFiles/floornav_TaskPlanTo.dir/tasks/TaskPlanTo.cpp.o] Interrupt
[73.356s] gmake[2]: *** [CMakeFiles/floornav_TaskGoTo.dir/build.make:4652: libfloornav_TaskGoTo.so] Interrupt
[73.356s] gmake[1]: *** [CMakeFiles/Makefile2:191: CMakeFiles/floornav_TaskNav2.dir/all] Interrupt
[73.356s] gmake[1]: *** [CMakeFiles/Makefile2:347: CMakeFiles/floornav_TaskGoTo.dir/all] Interrupt
[73.356s] gmake[1]: *** [CMakeFiles/Makefile2:165: CMakeFiles/floornav_task_server.dir/all] Interrupt
[73.357s] gmake[2]: *** [CMakeFiles/floornav_TaskSetBool.dir/build.make:4652: libfloornav_TaskSetBool.so] Interrupt
[73.357s] gmake[2]: *** [CMakeFiles/floornav_TaskSetHeading.dir/build.make:4652: libfloornav_TaskSetHeading.so] Interrupt
[73.357s] gmake[1]: *** [CMakeFiles/Makefile2:399: CMakeFiles/floornav_TaskPlanTo.dir/all] Interrupt
[73.357s] gmake[2]: *** [CMakeFiles/floornav_TaskStareAtFace.dir/build.make:4652: libfloornav_TaskStareAtFace.so] Interrupt
[73.357s] gmake[2]: *** [CMakeFiles/floornav_TaskWaitForROI.dir/build.make:4652: libfloornav_TaskWaitForROI.so] Interrupt
[73.357s] gmake[2]: *** [CMakeFiles/floornav_TaskGoToPose.dir/build.make:4652: libfloornav_TaskGoToPose.so] Interrupt
[73.368s] gmake[1]: *** [CMakeFiles/Makefile2:269: CMakeFiles/floornav_TaskSetBool.dir/all] Interrupt
[73.371s] gmake[1]: *** [CMakeFiles/Makefile2:373: CMakeFiles/floornav_TaskSetHeading.dir/all] Interrupt
[73.371s] gmake[2]: *** [CMakeFiles/floornav_TaskSetMux.dir/build.make:4652: libfloornav_TaskSetMux.so] Interrupt
[73.371s] gmake[2]: *** [CMakeFiles/floornav_TaskConstant.dir/build.make:4652: libfloornav_TaskConstant.so] Interrupt
[73.371s] gmake[1]: *** [CMakeFiles/Makefile2:321: CMakeFiles/floornav_TaskGoToPose.dir/all] Interrupt
[73.371s] gmake[1]: *** [CMakeFiles/Makefile2:477: CMakeFiles/floornav_TaskStareAtFace.dir/all] Interrupt
[73.371s] gmake[2]: *** [CMakeFiles/floornav_TaskAutoDock.dir/build.make:5268: libfloornav_TaskAutoDock.so] Interrupt
[73.372s] gmake[1]: *** [CMakeFiles/Makefile2:425: CMakeFiles/floornav_TaskWaitForROI.dir/all] Interrupt
[73.372s] gmake[2]: *** [CMakeFiles/floornav_TaskWaitForFace.dir/build.make:4652: libfloornav_TaskWaitForFace.so] Interrupt
[73.372s] gmake[2]: *** wait: No child processes.  Stop.
[73.372s] gmake[2]: *** Waiting for unfinished jobs....
[73.372s] gmake[1]: *** [CMakeFiles/Makefile2:295: CMakeFiles/floornav_TaskConstant.dir/all] Interrupt
[73.372s] gmake[2]: *** wait: No child processes.  Stop.
[73.372s] gmake[2]: *** [CMakeFiles/floornav_TaskWander.dir/build.make:4652: libfloornav_TaskWander.so] Interrupt
[73.372s] gmake[1]: *** [CMakeFiles/Makefile2:529: CMakeFiles/floornav_TaskAutoDock.dir/all] Interrupt
[73.379s] gmake[1]: *** [CMakeFiles/Makefile2:243: CMakeFiles/floornav_TaskTrigger.dir/all] Error 2
[73.379s] gmake[1]: *** [CMakeFiles/Makefile2:217: CMakeFiles/floornav_TaskSetMux.dir/all] Interrupt
[73.379s] gmake[1]: *** [CMakeFiles/Makefile2:451: CMakeFiles/floornav_TaskWaitForFace.dir/all] Interrupt
[73.379s] gmake[1]: *** [CMakeFiles/Makefile2:503: CMakeFiles/floornav_TaskWander.dir/all] Interrupt
[73.379s] gmake: *** [Makefile:146: all] Interrupt
[73.449s] Invoked command in '/home/GTL/apaul/ros2_hw1/build/floor_nav' returned '-2': AMENT_PREFIX_PATH=/home/GTL/apaul/ros2_hw1/install/task_manager_nav2:/home/GTL/apaul/ros2_hw1/install/task_manager_lib:/home/GTL/apaul/ros2_hw1/install/task_manager_msgs:/home/GTL/apaul/ros2_hw1/install/face_msg:/home/GTL/apaul/ros2_hw1/install/cs7630_msgs:${AMENT_PREFIX_PATH} CMAKE_PREFIX_PATH=/home/GTL/apaul/ros2_hw1/install/task_manager_nav2:/home/GTL/apaul/ros2_hw1/install/task_manager_lib:/home/GTL/apaul/ros2_hw1/install/task_manager_msgs:/home/GTL/apaul/ros2_hw1/install/face_msg:/home/GTL/apaul/ros2_hw1/install/cs7630_msgs:/opt/ros/humble LD_LIBRARY_PATH=/home/GTL/apaul/ros2_hw1/install/task_manager_lib/lib:/home/GTL/apaul/ros2_hw1/install/task_manager_msgs/lib:/home/GTL/apaul/ros2_hw1/install/face_msg/lib:/home/GTL/apaul/ros2_hw1/install/cs7630_msgs/lib:${LD_LIBRARY_PATH} PYTHONPATH=/home/GTL/apaul/ros2_hw1/install/task_manager_msgs/local/lib/python3.10/dist-packages:/home/GTL/apaul/ros2_hw1/install/face_msg/local/lib/python3.10/dist-packages:/home/GTL/apaul/ros2_hw1/install/cs7630_msgs/local/lib/python3.10/dist-packages:${PYTHONPATH} /usr/bin/cmake --build /home/GTL/apaul/ros2_hw1/build/floor_nav -- -j16 -l16
