[0.948s] Invoking command in '/home/GTL/apaul/ros2_hw1/src/ar_loc_base': AMENT_PREFIX_PATH=/home/GTL/apaul/ros2_hw1/install/rover_driver_base:${AMENT_PREFIX_PATH} PYTHONPATH=/home/GTL/apaul/ros2_hw1/build/ar_loc_base/prefix_override:/usr/lib/python3/dist-packages/colcon_core/task/python/colcon_distutils_commands:/home/GTL/apaul/ros2_hw1/install/ar_loc_base/lib/python3.10/site-packages:/home/GTL/apaul/ros2_hw1/install/rover_driver_base/lib/python3.10/site-packages:${PYTHONPATH} /usr/bin/python3 -W ignore:setup.py install is deprecated setup.py egg_info --egg-base ../../build/ar_loc_base build --build-base /home/GTL/apaul/ros2_hw1/build/ar_loc_base/build install --record /home/GTL/apaul/ros2_hw1/build/ar_loc_base/install.log --single-version-externally-managed install_data
[1.170s] running egg_info
[1.171s] writing ../../build/ar_loc_base/ar_loc_base.egg-info/PKG-INFO
[1.172s] writing dependency_links to ../../build/ar_loc_base/ar_loc_base.egg-info/dependency_links.txt
[1.172s] writing entry points to ../../build/ar_loc_base/ar_loc_base.egg-info/entry_points.txt
[1.173s] writing requirements to ../../build/ar_loc_base/ar_loc_base.egg-info/requires.txt
[1.174s] writing top-level names to ../../build/ar_loc_base/ar_loc_base.egg-info/top_level.txt
[1.177s] reading manifest file '../../build/ar_loc_base/ar_loc_base.egg-info/SOURCES.txt'
[1.179s] writing manifest file '../../build/ar_loc_base/ar_loc_base.egg-info/SOURCES.txt'
[1.179s] running build
[1.179s] running build_py
[1.180s] copying ar_loc_base/rover_kf.py -> /home/GTL/apaul/ros2_hw1/build/ar_loc_base/build/lib/ar_loc_base
[1.182s] running install
[1.182s] running install_lib
[1.183s] copying /home/GTL/apaul/ros2_hw1/build/ar_loc_base/build/lib/ar_loc_base/rover_kf.py -> /home/GTL/apaul/ros2_hw1/install/ar_loc_base/lib/python3.10/site-packages/ar_loc_base
[1.186s] byte-compiling /home/GTL/apaul/ros2_hw1/install/ar_loc_base/lib/python3.10/site-packages/ar_loc_base/rover_kf.py to rover_kf.cpython-310.pyc
[1.203s] running install_data
[1.203s] running install_egg_info
[1.203s] removing '/home/GTL/apaul/ros2_hw1/install/ar_loc_base/lib/python3.10/site-packages/ar_loc_base-0.0.0-py3.10.egg-info' (and everything under it)
[1.203s] Copying ../../build/ar_loc_base/ar_loc_base.egg-info to /home/GTL/apaul/ros2_hw1/install/ar_loc_base/lib/python3.10/site-packages/ar_loc_base-0.0.0-py3.10.egg-info
[1.221s] running install_scripts
[1.235s] Installing ar_loc_node script to /home/GTL/apaul/ros2_hw1/install/ar_loc_base/lib/ar_loc_base
[1.237s] writing list of installed files to '/home/GTL/apaul/ros2_hw1/build/ar_loc_base/install.log'
[1.259s] Invoked command in '/home/GTL/apaul/ros2_hw1/src/ar_loc_base' returned '0': AMENT_PREFIX_PATH=/home/GTL/apaul/ros2_hw1/install/rover_driver_base:${AMENT_PREFIX_PATH} PYTHONPATH=/home/GTL/apaul/ros2_hw1/build/ar_loc_base/prefix_override:/usr/lib/python3/dist-packages/colcon_core/task/python/colcon_distutils_commands:/home/GTL/apaul/ros2_hw1/install/ar_loc_base/lib/python3.10/site-packages:/home/GTL/apaul/ros2_hw1/install/rover_driver_base/lib/python3.10/site-packages:${PYTHONPATH} /usr/bin/python3 -W ignore:setup.py install is deprecated setup.py egg_info --egg-base ../../build/ar_loc_base build --build-base /home/GTL/apaul/ros2_hw1/build/ar_loc_base/build install --record /home/GTL/apaul/ros2_hw1/build/ar_loc_base/install.log --single-version-externally-managed install_data
