[1.002s] Invoking command in '/home/GTL/apaul/ros2_hw1/src/face_detect_base': PYTHONPATH=/home/GTL/apaul/ros2_hw1/build/face_detect_base/prefix_override:/usr/lib/python3/dist-packages/colcon_core/task/python/colcon_distutils_commands:/home/GTL/apaul/ros2_hw1/install/face_detect_base/lib/python3.10/site-packages:${PYTHONPATH} /usr/bin/python3 -W ignore:setup.py install is deprecated setup.py egg_info --egg-base ../../build/face_detect_base build --build-base /home/GTL/apaul/ros2_hw1/build/face_detect_base/build install --record /home/GTL/apaul/ros2_hw1/build/face_detect_base/install.log --single-version-externally-managed install_data
[1.182s] running egg_info
[1.183s] writing ../../build/face_detect_base/face_detect_base.egg-info/PKG-INFO
[1.183s] writing dependency_links to ../../build/face_detect_base/face_detect_base.egg-info/dependency_links.txt
[1.185s] writing entry points to ../../build/face_detect_base/face_detect_base.egg-info/entry_points.txt
[1.186s] writing requirements to ../../build/face_detect_base/face_detect_base.egg-info/requires.txt
[1.186s] writing top-level names to ../../build/face_detect_base/face_detect_base.egg-info/top_level.txt
[1.190s] reading manifest file '../../build/face_detect_base/face_detect_base.egg-info/SOURCES.txt'
[1.191s] writing manifest file '../../build/face_detect_base/face_detect_base.egg-info/SOURCES.txt'
[1.192s] running build
[1.192s] running build_py
[1.193s] running install
[1.193s] running install_lib
[1.195s] running install_data
[1.195s] running install_egg_info
[1.197s] removing '/home/GTL/apaul/ros2_hw1/install/face_detect_base/lib/python3.10/site-packages/face_detect_base-0.0.0-py3.10.egg-info' (and everything under it)
[1.199s] Copying ../../build/face_detect_base/face_detect_base.egg-info to /home/GTL/apaul/ros2_hw1/install/face_detect_base/lib/python3.10/site-packages/face_detect_base-0.0.0-py3.10.egg-info
[1.217s] running install_scripts
[1.232s] Installing face_detect_node script to /home/GTL/apaul/ros2_hw1/install/face_detect_base/lib/face_detect_base
[1.234s] writing list of installed files to '/home/GTL/apaul/ros2_hw1/build/face_detect_base/install.log'
[1.279s] Invoked command in '/home/GTL/apaul/ros2_hw1/src/face_detect_base' returned '0': PYTHONPATH=/home/GTL/apaul/ros2_hw1/build/face_detect_base/prefix_override:/usr/lib/python3/dist-packages/colcon_core/task/python/colcon_distutils_commands:/home/GTL/apaul/ros2_hw1/install/face_detect_base/lib/python3.10/site-packages:${PYTHONPATH} /usr/bin/python3 -W ignore:setup.py install is deprecated setup.py egg_info --egg-base ../../build/face_detect_base build --build-base /home/GTL/apaul/ros2_hw1/build/face_detect_base/build install --record /home/GTL/apaul/ros2_hw1/build/face_detect_base/install.log --single-version-externally-managed install_data
