[0.074s] DEBUG:colcon:Command line arguments: ['/usr/bin/colcon', 'build']
[0.074s] DEBUG:colcon:Parsed command line arguments: Namespace(log_base=None, log_level=None, verb_name='build', build_base='build', install_base='install', merge_install=False, symlink_install=False, test_result_base=None, continue_on_error=False, executor='parallel', parallel_workers=16, event_handlers=None, ignore_user_meta=False, metas=['./colcon.meta'], base_paths=['.'], packages_ignore=None, packages_ignore_regex=None, paths=None, packages_up_to=None, packages_up_to_regex=None, packages_above=None, packages_above_and_dependencies=None, packages_above_depth=None, packages_select_by_dep=None, packages_skip_by_dep=None, packages_skip_up_to=None, packages_select_build_failed=False, packages_skip_build_finished=False, packages_select_test_failures=False, packages_skip_test_passed=False, packages_select=None, packages_skip=None, packages_select_regex=None, packages_skip_regex=None, packages_start=None, packages_end=None, allow_overriding=[], cmake_args=None, cmake_target=None, cmake_target_skip_unavailable=False, cmake_clean_cache=False, cmake_clean_first=False, cmake_force_configure=False, ament_cmake_args=None, catkin_cmake_args=None, catkin_skip_building_tests=False, verb_parser=<colcon_defaults.argument_parser.defaults.DefaultArgumentsDecorator object at 0x7fdfe2f65780>, verb_extension=<colcon_core.verb.build.BuildVerb object at 0x7fdfe2f650c0>, main=<bound method BuildVerb.main of <colcon_core.verb.build.BuildVerb object at 0x7fdfe2f650c0>>)
[0.211s] Level 1:colcon.colcon_core.package_discovery:discover_packages(colcon_meta) check parameters
[0.211s] Level 1:colcon.colcon_core.package_discovery:discover_packages(recursive) check parameters
[0.211s] Level 1:colcon.colcon_core.package_discovery:discover_packages(ignore) check parameters
[0.211s] Level 1:colcon.colcon_core.package_discovery:discover_packages(path) check parameters
[0.211s] Level 1:colcon.colcon_core.package_discovery:discover_packages(colcon_meta) discover
[0.211s] Level 1:colcon.colcon_core.package_discovery:discover_packages(recursive) discover
[0.211s] INFO:colcon.colcon_core.package_discovery:Crawling recursively for packages in '/home/GTL/apaul/ros2_hw1'
[0.212s] Level 1:colcon.colcon_core.package_identification:_identify(.) by extensions ['ignore', 'ignore_ament_install']
[0.212s] Level 1:colcon.colcon_core.package_identification:_identify(.) by extension 'ignore'
[0.212s] Level 1:colcon.colcon_core.package_identification:_identify(.) by extension 'ignore_ament_install'
[0.212s] Level 1:colcon.colcon_core.package_identification:_identify(.) by extensions ['colcon_pkg']
[0.212s] Level 1:colcon.colcon_core.package_identification:_identify(.) by extension 'colcon_pkg'
[0.212s] Level 1:colcon.colcon_core.package_identification:_identify(.) by extensions ['colcon_meta']
[0.212s] Level 1:colcon.colcon_core.package_identification:_identify(.) by extension 'colcon_meta'
[0.212s] Level 1:colcon.colcon_core.package_identification:_identify(.) by extensions ['ros']
[0.212s] Level 1:colcon.colcon_core.package_identification:_identify(.) by extension 'ros'
[0.219s] Level 1:colcon.colcon_core.package_identification:_identify(.) by extensions ['cmake', 'python']
[0.219s] Level 1:colcon.colcon_core.package_identification:_identify(.) by extension 'cmake'
[0.219s] Level 1:colcon.colcon_core.package_identification:_identify(.) by extension 'python'
[0.219s] Level 1:colcon.colcon_core.package_identification:_identify(.) by extensions ['python_setup_py']
[0.219s] Level 1:colcon.colcon_core.package_identification:_identify(.) by extension 'python_setup_py'
[0.220s] Level 1:colcon.colcon_core.package_identification:_identify(build) by extensions ['ignore', 'ignore_ament_install']
[0.220s] Level 1:colcon.colcon_core.package_identification:_identify(build) by extension 'ignore'
[0.220s] Level 1:colcon.colcon_core.package_identification:_identify(build) ignored
[0.221s] Level 1:colcon.colcon_core.package_identification:_identify(install) by extensions ['ignore', 'ignore_ament_install']
[0.221s] Level 1:colcon.colcon_core.package_identification:_identify(install) by extension 'ignore'
[0.221s] Level 1:colcon.colcon_core.package_identification:_identify(install) ignored
[0.223s] Level 1:colcon.colcon_core.package_identification:_identify(log) by extensions ['ignore', 'ignore_ament_install']
[0.223s] Level 1:colcon.colcon_core.package_identification:_identify(log) by extension 'ignore'
[0.223s] Level 1:colcon.colcon_core.package_identification:_identify(log) ignored
[0.224s] Level 1:colcon.colcon_core.package_identification:_identify(src) by extensions ['ignore', 'ignore_ament_install']
[0.224s] Level 1:colcon.colcon_core.package_identification:_identify(src) by extension 'ignore'
[0.224s] Level 1:colcon.colcon_core.package_identification:_identify(src) by extension 'ignore_ament_install'
[0.224s] Level 1:colcon.colcon_core.package_identification:_identify(src) by extensions ['colcon_pkg']
[0.224s] Level 1:colcon.colcon_core.package_identification:_identify(src) by extension 'colcon_pkg'
[0.224s] Level 1:colcon.colcon_core.package_identification:_identify(src) by extensions ['colcon_meta']
[0.224s] Level 1:colcon.colcon_core.package_identification:_identify(src) by extension 'colcon_meta'
[0.224s] Level 1:colcon.colcon_core.package_identification:_identify(src) by extensions ['ros']
[0.224s] Level 1:colcon.colcon_core.package_identification:_identify(src) by extension 'ros'
[0.224s] Level 1:colcon.colcon_core.package_identification:_identify(src) by extensions ['cmake', 'python']
[0.224s] Level 1:colcon.colcon_core.package_identification:_identify(src) by extension 'cmake'
[0.224s] Level 1:colcon.colcon_core.package_identification:_identify(src) by extension 'python'
[0.224s] Level 1:colcon.colcon_core.package_identification:_identify(src) by extensions ['python_setup_py']
[0.224s] Level 1:colcon.colcon_core.package_identification:_identify(src) by extension 'python_setup_py'
[0.224s] Level 1:colcon.colcon_core.package_identification:_identify(src/collision_avoidance_base) by extensions ['ignore', 'ignore_ament_install']
[0.224s] Level 1:colcon.colcon_core.package_identification:_identify(src/collision_avoidance_base) by extension 'ignore'
[0.224s] Level 1:colcon.colcon_core.package_identification:_identify(src/collision_avoidance_base) by extension 'ignore_ament_install'
[0.224s] Level 1:colcon.colcon_core.package_identification:_identify(src/collision_avoidance_base) by extensions ['colcon_pkg']
[0.224s] Level 1:colcon.colcon_core.package_identification:_identify(src/collision_avoidance_base) by extension 'colcon_pkg'
[0.224s] Level 1:colcon.colcon_core.package_identification:_identify(src/collision_avoidance_base) by extensions ['colcon_meta']
[0.225s] Level 1:colcon.colcon_core.package_identification:_identify(src/collision_avoidance_base) by extension 'colcon_meta'
[0.225s] Level 1:colcon.colcon_core.package_identification:_identify(src/collision_avoidance_base) by extensions ['ros']
[0.225s] Level 1:colcon.colcon_core.package_identification:_identify(src/collision_avoidance_base) by extension 'ros'
[0.227s] DEBUG:colcon.colcon_core.package_identification:Package 'src/collision_avoidance_base' with type 'ros.ament_cmake' and name 'collision_avoidance_base'
[0.228s] Level 1:colcon.colcon_core.package_identification:_identify(src/face_detect_base) by extensions ['ignore', 'ignore_ament_install']
[0.228s] Level 1:colcon.colcon_core.package_identification:_identify(src/face_detect_base) by extension 'ignore'
[0.228s] Level 1:colcon.colcon_core.package_identification:_identify(src/face_detect_base) by extension 'ignore_ament_install'
[0.228s] Level 1:colcon.colcon_core.package_identification:_identify(src/face_detect_base) by extensions ['colcon_pkg']
[0.228s] Level 1:colcon.colcon_core.package_identification:_identify(src/face_detect_base) by extension 'colcon_pkg'
[0.228s] Level 1:colcon.colcon_core.package_identification:_identify(src/face_detect_base) by extensions ['colcon_meta']
[0.228s] Level 1:colcon.colcon_core.package_identification:_identify(src/face_detect_base) by extension 'colcon_meta'
[0.228s] Level 1:colcon.colcon_core.package_identification:_identify(src/face_detect_base) by extensions ['ros']
[0.228s] Level 1:colcon.colcon_core.package_identification:_identify(src/face_detect_base) by extension 'ros'
[0.229s] DEBUG:colcon.colcon_core.package_identification:Package 'src/face_detect_base' with type 'ros.ament_python' and name 'face_detect_base'
[0.230s] Level 1:colcon.colcon_core.package_identification:_identify(src/face_msg) by extensions ['ignore', 'ignore_ament_install']
[0.230s] Level 1:colcon.colcon_core.package_identification:_identify(src/face_msg) by extension 'ignore'
[0.230s] Level 1:colcon.colcon_core.package_identification:_identify(src/face_msg) by extension 'ignore_ament_install'
[0.230s] Level 1:colcon.colcon_core.package_identification:_identify(src/face_msg) by extensions ['colcon_pkg']
[0.230s] Level 1:colcon.colcon_core.package_identification:_identify(src/face_msg) by extension 'colcon_pkg'
[0.230s] Level 1:colcon.colcon_core.package_identification:_identify(src/face_msg) by extensions ['colcon_meta']
[0.230s] Level 1:colcon.colcon_core.package_identification:_identify(src/face_msg) by extension 'colcon_meta'
[0.230s] Level 1:colcon.colcon_core.package_identification:_identify(src/face_msg) by extensions ['ros']
[0.230s] Level 1:colcon.colcon_core.package_identification:_identify(src/face_msg) by extension 'ros'
[0.231s] DEBUG:colcon.colcon_core.package_identification:Package 'src/face_msg' with type 'ros.ament_cmake' and name 'face_msg'
[0.232s] Level 1:colcon.colcon_core.package_identification:_identify(src/install) by extensions ['ignore', 'ignore_ament_install']
[0.232s] Level 1:colcon.colcon_core.package_identification:_identify(src/install) by extension 'ignore'
[0.232s] Level 1:colcon.colcon_core.package_identification:_identify(src/install) ignored
[0.233s] Level 1:colcon.colcon_core.package_identification:_identify(src/joy_pack) by extensions ['ignore', 'ignore_ament_install']
[0.233s] Level 1:colcon.colcon_core.package_identification:_identify(src/joy_pack) by extension 'ignore'
[0.233s] Level 1:colcon.colcon_core.package_identification:_identify(src/joy_pack) by extension 'ignore_ament_install'
[0.233s] Level 1:colcon.colcon_core.package_identification:_identify(src/joy_pack) by extensions ['colcon_pkg']
[0.233s] Level 1:colcon.colcon_core.package_identification:_identify(src/joy_pack) by extension 'colcon_pkg'
[0.233s] Level 1:colcon.colcon_core.package_identification:_identify(src/joy_pack) by extensions ['colcon_meta']
[0.233s] Level 1:colcon.colcon_core.package_identification:_identify(src/joy_pack) by extension 'colcon_meta'
[0.233s] Level 1:colcon.colcon_core.package_identification:_identify(src/joy_pack) by extensions ['ros']
[0.233s] Level 1:colcon.colcon_core.package_identification:_identify(src/joy_pack) by extension 'ros'
[0.235s] DEBUG:colcon.colcon_core.package_identification:Package 'src/joy_pack' with type 'ros.ament_cmake' and name 'joy_pack'
[0.235s] Level 1:colcon.colcon_core.package_identification:_identify(src/keyboard_teleop) by extensions ['ignore', 'ignore_ament_install']
[0.235s] Level 1:colcon.colcon_core.package_identification:_identify(src/keyboard_teleop) by extension 'ignore'
[0.235s] Level 1:colcon.colcon_core.package_identification:_identify(src/keyboard_teleop) by extension 'ignore_ament_install'
[0.235s] Level 1:colcon.colcon_core.package_identification:_identify(src/keyboard_teleop) by extensions ['colcon_pkg']
[0.235s] Level 1:colcon.colcon_core.package_identification:_identify(src/keyboard_teleop) by extension 'colcon_pkg'
[0.235s] Level 1:colcon.colcon_core.package_identification:_identify(src/keyboard_teleop) by extensions ['colcon_meta']
[0.235s] Level 1:colcon.colcon_core.package_identification:_identify(src/keyboard_teleop) by extension 'colcon_meta'
[0.235s] Level 1:colcon.colcon_core.package_identification:_identify(src/keyboard_teleop) by extensions ['ros']
[0.235s] Level 1:colcon.colcon_core.package_identification:_identify(src/keyboard_teleop) by extension 'ros'
[0.237s] DEBUG:colcon.colcon_core.package_identification:Package 'src/keyboard_teleop' with type 'ros.ament_python' and name 'keyboard_teleop'
[0.239s] Level 1:colcon.colcon_core.package_identification:_identify(src/log) by extensions ['ignore', 'ignore_ament_install']
[0.239s] Level 1:colcon.colcon_core.package_identification:_identify(src/log) by extension 'ignore'
[0.239s] Level 1:colcon.colcon_core.package_identification:_identify(src/log) ignored
[0.239s] Level 1:colcon.colcon_core.package_identification:_identify(src/vrep4_helpers) by extensions ['ignore', 'ignore_ament_install']
[0.239s] Level 1:colcon.colcon_core.package_identification:_identify(src/vrep4_helpers) by extension 'ignore'
[0.239s] Level 1:colcon.colcon_core.package_identification:_identify(src/vrep4_helpers) by extension 'ignore_ament_install'
[0.239s] Level 1:colcon.colcon_core.package_identification:_identify(src/vrep4_helpers) by extensions ['colcon_pkg']
[0.239s] Level 1:colcon.colcon_core.package_identification:_identify(src/vrep4_helpers) by extension 'colcon_pkg'
[0.239s] Level 1:colcon.colcon_core.package_identification:_identify(src/vrep4_helpers) by extensions ['colcon_meta']
[0.239s] Level 1:colcon.colcon_core.package_identification:_identify(src/vrep4_helpers) by extension 'colcon_meta'
[0.239s] Level 1:colcon.colcon_core.package_identification:_identify(src/vrep4_helpers) by extensions ['ros']
[0.239s] Level 1:colcon.colcon_core.package_identification:_identify(src/vrep4_helpers) by extension 'ros'
[0.241s] DEBUG:colcon.colcon_core.package_identification:Package 'src/vrep4_helpers' with type 'ros.ament_cmake' and name 'vrep4_helpers'
[0.241s] Level 1:colcon.colcon_core.package_identification:_identify(src/vrep_ros_teleop) by extensions ['ignore', 'ignore_ament_install']
[0.241s] Level 1:colcon.colcon_core.package_identification:_identify(src/vrep_ros_teleop) by extension 'ignore'
[0.241s] Level 1:colcon.colcon_core.package_identification:_identify(src/vrep_ros_teleop) by extension 'ignore_ament_install'
[0.241s] Level 1:colcon.colcon_core.package_identification:_identify(src/vrep_ros_teleop) by extensions ['colcon_pkg']
[0.241s] Level 1:colcon.colcon_core.package_identification:_identify(src/vrep_ros_teleop) by extension 'colcon_pkg'
[0.241s] Level 1:colcon.colcon_core.package_identification:_identify(src/vrep_ros_teleop) by extensions ['colcon_meta']
[0.241s] Level 1:colcon.colcon_core.package_identification:_identify(src/vrep_ros_teleop) by extension 'colcon_meta'
[0.241s] Level 1:colcon.colcon_core.package_identification:_identify(src/vrep_ros_teleop) by extensions ['ros']
[0.241s] Level 1:colcon.colcon_core.package_identification:_identify(src/vrep_ros_teleop) by extension 'ros'
[0.243s] DEBUG:colcon.colcon_core.package_identification:Package 'src/vrep_ros_teleop' with type 'ros.ament_python' and name 'vrep_ros_teleop'
[0.243s] Level 1:colcon.colcon_core.package_discovery:discover_packages(recursive) using defaults
[0.243s] Level 1:colcon.colcon_core.package_discovery:discover_packages(ignore) discover
[0.243s] Level 1:colcon.colcon_core.package_discovery:discover_packages(ignore) using defaults
[0.243s] Level 1:colcon.colcon_core.package_discovery:discover_packages(path) discover
[0.243s] Level 1:colcon.colcon_core.package_discovery:discover_packages(path) using defaults
[0.266s] Level 1:colcon.colcon_core.package_discovery:discover_packages(prefix_path) check parameters
[0.266s] Level 1:colcon.colcon_core.package_discovery:discover_packages(prefix_path) discover
[0.287s] DEBUG:colcon.colcon_installed_package_information.package_discovery:Found 7 installed packages in /home/GTL/apaul/ros2_hw1/install
[0.288s] DEBUG:colcon.colcon_installed_package_information.package_discovery:Found 407 installed packages in /opt/ros/humble
[0.289s] Level 1:colcon.colcon_core.package_discovery:discover_packages(prefix_path) using defaults
[0.331s] Level 5:colcon.colcon_core.verb:set package 'collision_avoidance_base' build argument 'cmake_args' from command line to 'None'
[0.331s] Level 5:colcon.colcon_core.verb:set package 'collision_avoidance_base' build argument 'cmake_target' from command line to 'None'
[0.331s] Level 5:colcon.colcon_core.verb:set package 'collision_avoidance_base' build argument 'cmake_target_skip_unavailable' from command line to 'False'
[0.331s] Level 5:colcon.colcon_core.verb:set package 'collision_avoidance_base' build argument 'cmake_clean_cache' from command line to 'False'
[0.331s] Level 5:colcon.colcon_core.verb:set package 'collision_avoidance_base' build argument 'cmake_clean_first' from command line to 'False'
[0.331s] Level 5:colcon.colcon_core.verb:set package 'collision_avoidance_base' build argument 'cmake_force_configure' from command line to 'False'
[0.331s] Level 5:colcon.colcon_core.verb:set package 'collision_avoidance_base' build argument 'ament_cmake_args' from command line to 'None'
[0.331s] Level 5:colcon.colcon_core.verb:set package 'collision_avoidance_base' build argument 'catkin_cmake_args' from command line to 'None'
[0.331s] Level 5:colcon.colcon_core.verb:set package 'collision_avoidance_base' build argument 'catkin_skip_building_tests' from command line to 'False'
[0.331s] DEBUG:colcon.colcon_core.verb:Building package 'collision_avoidance_base' with the following arguments: {'ament_cmake_args': None, 'build_base': '/home/GTL/apaul/ros2_hw1/build/collision_avoidance_base', 'catkin_cmake_args': None, 'catkin_skip_building_tests': False, 'cmake_args': None, 'cmake_clean_cache': False, 'cmake_clean_first': False, 'cmake_force_configure': False, 'cmake_target': None, 'cmake_target_skip_unavailable': False, 'install_base': '/home/GTL/apaul/ros2_hw1/install/collision_avoidance_base', 'merge_install': False, 'path': '/home/GTL/apaul/ros2_hw1/src/collision_avoidance_base', 'symlink_install': False, 'test_result_base': None}
[0.331s] Level 5:colcon.colcon_core.verb:set package 'face_detect_base' build argument 'cmake_args' from command line to 'None'
[0.331s] Level 5:colcon.colcon_core.verb:set package 'face_detect_base' build argument 'cmake_target' from command line to 'None'
[0.331s] Level 5:colcon.colcon_core.verb:set package 'face_detect_base' build argument 'cmake_target_skip_unavailable' from command line to 'False'
[0.331s] Level 5:colcon.colcon_core.verb:set package 'face_detect_base' build argument 'cmake_clean_cache' from command line to 'False'
[0.331s] Level 5:colcon.colcon_core.verb:set package 'face_detect_base' build argument 'cmake_clean_first' from command line to 'False'
[0.331s] Level 5:colcon.colcon_core.verb:set package 'face_detect_base' build argument 'cmake_force_configure' from command line to 'False'
[0.331s] Level 5:colcon.colcon_core.verb:set package 'face_detect_base' build argument 'ament_cmake_args' from command line to 'None'
[0.331s] Level 5:colcon.colcon_core.verb:set package 'face_detect_base' build argument 'catkin_cmake_args' from command line to 'None'
[0.331s] Level 5:colcon.colcon_core.verb:set package 'face_detect_base' build argument 'catkin_skip_building_tests' from command line to 'False'
[0.331s] DEBUG:colcon.colcon_core.verb:Building package 'face_detect_base' with the following arguments: {'ament_cmake_args': None, 'build_base': '/home/GTL/apaul/ros2_hw1/build/face_detect_base', 'catkin_cmake_args': None, 'catkin_skip_building_tests': False, 'cmake_args': None, 'cmake_clean_cache': False, 'cmake_clean_first': False, 'cmake_force_configure': False, 'cmake_target': None, 'cmake_target_skip_unavailable': False, 'install_base': '/home/GTL/apaul/ros2_hw1/install/face_detect_base', 'merge_install': False, 'path': '/home/GTL/apaul/ros2_hw1/src/face_detect_base', 'symlink_install': False, 'test_result_base': None}
[0.332s] Level 5:colcon.colcon_core.verb:set package 'face_msg' build argument 'cmake_args' from command line to 'None'
[0.332s] Level 5:colcon.colcon_core.verb:set package 'face_msg' build argument 'cmake_target' from command line to 'None'
[0.332s] Level 5:colcon.colcon_core.verb:set package 'face_msg' build argument 'cmake_target_skip_unavailable' from command line to 'False'
[0.332s] Level 5:colcon.colcon_core.verb:set package 'face_msg' build argument 'cmake_clean_cache' from command line to 'False'
[0.332s] Level 5:colcon.colcon_core.verb:set package 'face_msg' build argument 'cmake_clean_first' from command line to 'False'
[0.332s] Level 5:colcon.colcon_core.verb:set package 'face_msg' build argument 'cmake_force_configure' from command line to 'False'
[0.332s] Level 5:colcon.colcon_core.verb:set package 'face_msg' build argument 'ament_cmake_args' from command line to 'None'
[0.332s] Level 5:colcon.colcon_core.verb:set package 'face_msg' build argument 'catkin_cmake_args' from command line to 'None'
[0.332s] Level 5:colcon.colcon_core.verb:set package 'face_msg' build argument 'catkin_skip_building_tests' from command line to 'False'
[0.332s] DEBUG:colcon.colcon_core.verb:Building package 'face_msg' with the following arguments: {'ament_cmake_args': None, 'build_base': '/home/GTL/apaul/ros2_hw1/build/face_msg', 'catkin_cmake_args': None, 'catkin_skip_building_tests': False, 'cmake_args': None, 'cmake_clean_cache': False, 'cmake_clean_first': False, 'cmake_force_configure': False, 'cmake_target': None, 'cmake_target_skip_unavailable': False, 'install_base': '/home/GTL/apaul/ros2_hw1/install/face_msg', 'merge_install': False, 'path': '/home/GTL/apaul/ros2_hw1/src/face_msg', 'symlink_install': False, 'test_result_base': None}
[0.332s] Level 5:colcon.colcon_core.verb:set package 'joy_pack' build argument 'cmake_args' from command line to 'None'
[0.332s] Level 5:colcon.colcon_core.verb:set package 'joy_pack' build argument 'cmake_target' from command line to 'None'
[0.332s] Level 5:colcon.colcon_core.verb:set package 'joy_pack' build argument 'cmake_target_skip_unavailable' from command line to 'False'
[0.332s] Level 5:colcon.colcon_core.verb:set package 'joy_pack' build argument 'cmake_clean_cache' from command line to 'False'
[0.332s] Level 5:colcon.colcon_core.verb:set package 'joy_pack' build argument 'cmake_clean_first' from command line to 'False'
[0.332s] Level 5:colcon.colcon_core.verb:set package 'joy_pack' build argument 'cmake_force_configure' from command line to 'False'
[0.332s] Level 5:colcon.colcon_core.verb:set package 'joy_pack' build argument 'ament_cmake_args' from command line to 'None'
[0.332s] Level 5:colcon.colcon_core.verb:set package 'joy_pack' build argument 'catkin_cmake_args' from command line to 'None'
[0.332s] Level 5:colcon.colcon_core.verb:set package 'joy_pack' build argument 'catkin_skip_building_tests' from command line to 'False'
[0.332s] DEBUG:colcon.colcon_core.verb:Building package 'joy_pack' with the following arguments: {'ament_cmake_args': None, 'build_base': '/home/GTL/apaul/ros2_hw1/build/joy_pack', 'catkin_cmake_args': None, 'catkin_skip_building_tests': False, 'cmake_args': None, 'cmake_clean_cache': False, 'cmake_clean_first': False, 'cmake_force_configure': False, 'cmake_target': None, 'cmake_target_skip_unavailable': False, 'install_base': '/home/GTL/apaul/ros2_hw1/install/joy_pack', 'merge_install': False, 'path': '/home/GTL/apaul/ros2_hw1/src/joy_pack', 'symlink_install': False, 'test_result_base': None}
[0.332s] Level 5:colcon.colcon_core.verb:set package 'keyboard_teleop' build argument 'cmake_args' from command line to 'None'
[0.332s] Level 5:colcon.colcon_core.verb:set package 'keyboard_teleop' build argument 'cmake_target' from command line to 'None'
[0.332s] Level 5:colcon.colcon_core.verb:set package 'keyboard_teleop' build argument 'cmake_target_skip_unavailable' from command line to 'False'
[0.332s] Level 5:colcon.colcon_core.verb:set package 'keyboard_teleop' build argument 'cmake_clean_cache' from command line to 'False'
[0.332s] Level 5:colcon.colcon_core.verb:set package 'keyboard_teleop' build argument 'cmake_clean_first' from command line to 'False'
[0.332s] Level 5:colcon.colcon_core.verb:set package 'keyboard_teleop' build argument 'cmake_force_configure' from command line to 'False'
[0.332s] Level 5:colcon.colcon_core.verb:set package 'keyboard_teleop' build argument 'ament_cmake_args' from command line to 'None'
[0.332s] Level 5:colcon.colcon_core.verb:set package 'keyboard_teleop' build argument 'catkin_cmake_args' from command line to 'None'
[0.332s] Level 5:colcon.colcon_core.verb:set package 'keyboard_teleop' build argument 'catkin_skip_building_tests' from command line to 'False'
[0.332s] DEBUG:colcon.colcon_core.verb:Building package 'keyboard_teleop' with the following arguments: {'ament_cmake_args': None, 'build_base': '/home/GTL/apaul/ros2_hw1/build/keyboard_teleop', 'catkin_cmake_args': None, 'catkin_skip_building_tests': False, 'cmake_args': None, 'cmake_clean_cache': False, 'cmake_clean_first': False, 'cmake_force_configure': False, 'cmake_target': None, 'cmake_target_skip_unavailable': False, 'install_base': '/home/GTL/apaul/ros2_hw1/install/keyboard_teleop', 'merge_install': False, 'path': '/home/GTL/apaul/ros2_hw1/src/keyboard_teleop', 'symlink_install': False, 'test_result_base': None}
[0.333s] Level 5:colcon.colcon_core.verb:set package 'vrep4_helpers' build argument 'cmake_args' from command line to 'None'
[0.333s] Level 5:colcon.colcon_core.verb:set package 'vrep4_helpers' build argument 'cmake_target' from command line to 'None'
[0.333s] Level 5:colcon.colcon_core.verb:set package 'vrep4_helpers' build argument 'cmake_target_skip_unavailable' from command line to 'False'
[0.333s] Level 5:colcon.colcon_core.verb:set package 'vrep4_helpers' build argument 'cmake_clean_cache' from command line to 'False'
[0.333s] Level 5:colcon.colcon_core.verb:set package 'vrep4_helpers' build argument 'cmake_clean_first' from command line to 'False'
[0.333s] Level 5:colcon.colcon_core.verb:set package 'vrep4_helpers' build argument 'cmake_force_configure' from command line to 'False'
[0.333s] Level 5:colcon.colcon_core.verb:set package 'vrep4_helpers' build argument 'ament_cmake_args' from command line to 'None'
[0.333s] Level 5:colcon.colcon_core.verb:set package 'vrep4_helpers' build argument 'catkin_cmake_args' from command line to 'None'
[0.333s] Level 5:colcon.colcon_core.verb:set package 'vrep4_helpers' build argument 'catkin_skip_building_tests' from command line to 'False'
[0.333s] DEBUG:colcon.colcon_core.verb:Building package 'vrep4_helpers' with the following arguments: {'ament_cmake_args': None, 'build_base': '/home/GTL/apaul/ros2_hw1/build/vrep4_helpers', 'catkin_cmake_args': None, 'catkin_skip_building_tests': False, 'cmake_args': None, 'cmake_clean_cache': False, 'cmake_clean_first': False, 'cmake_force_configure': False, 'cmake_target': None, 'cmake_target_skip_unavailable': False, 'install_base': '/home/GTL/apaul/ros2_hw1/install/vrep4_helpers', 'merge_install': False, 'path': '/home/GTL/apaul/ros2_hw1/src/vrep4_helpers', 'symlink_install': False, 'test_result_base': None}
[0.333s] Level 5:colcon.colcon_core.verb:set package 'vrep_ros_teleop' build argument 'cmake_args' from command line to 'None'
[0.333s] Level 5:colcon.colcon_core.verb:set package 'vrep_ros_teleop' build argument 'cmake_target' from command line to 'None'
[0.333s] Level 5:colcon.colcon_core.verb:set package 'vrep_ros_teleop' build argument 'cmake_target_skip_unavailable' from command line to 'False'
[0.333s] Level 5:colcon.colcon_core.verb:set package 'vrep_ros_teleop' build argument 'cmake_clean_cache' from command line to 'False'
[0.333s] Level 5:colcon.colcon_core.verb:set package 'vrep_ros_teleop' build argument 'cmake_clean_first' from command line to 'False'
[0.333s] Level 5:colcon.colcon_core.verb:set package 'vrep_ros_teleop' build argument 'cmake_force_configure' from command line to 'False'
[0.333s] Level 5:colcon.colcon_core.verb:set package 'vrep_ros_teleop' build argument 'ament_cmake_args' from command line to 'None'
[0.333s] Level 5:colcon.colcon_core.verb:set package 'vrep_ros_teleop' build argument 'catkin_cmake_args' from command line to 'None'
[0.333s] Level 5:colcon.colcon_core.verb:set package 'vrep_ros_teleop' build argument 'catkin_skip_building_tests' from command line to 'False'
[0.333s] DEBUG:colcon.colcon_core.verb:Building package 'vrep_ros_teleop' with the following arguments: {'ament_cmake_args': None, 'build_base': '/home/GTL/apaul/ros2_hw1/build/vrep_ros_teleop', 'catkin_cmake_args': None, 'catkin_skip_building_tests': False, 'cmake_args': None, 'cmake_clean_cache': False, 'cmake_clean_first': False, 'cmake_force_configure': False, 'cmake_target': None, 'cmake_target_skip_unavailable': False, 'install_base': '/home/GTL/apaul/ros2_hw1/install/vrep_ros_teleop', 'merge_install': False, 'path': '/home/GTL/apaul/ros2_hw1/src/vrep_ros_teleop', 'symlink_install': False, 'test_result_base': None}
[0.333s] INFO:colcon.colcon_core.executor:Executing jobs using 'parallel' executor
[0.334s] DEBUG:colcon.colcon_parallel_executor.executor.parallel:run_until_complete
[0.334s] INFO:colcon.colcon_ros.task.ament_cmake.build:Building ROS package in '/home/GTL/apaul/ros2_hw1/src/collision_avoidance_base' with build type 'ament_cmake'
[0.334s] INFO:colcon.colcon_cmake.task.cmake.build:Building CMake package in '/home/GTL/apaul/ros2_hw1/src/collision_avoidance_base'
[0.335s] INFO:colcon.colcon_core.plugin_system:Skipping extension 'colcon_core.shell.bat': Not used on non-Windows systems
[0.335s] INFO:colcon.colcon_core.shell:Skip shell extension 'powershell' for command environment: Not usable outside of PowerShell
[0.335s] DEBUG:colcon.colcon_core.shell:Skip shell extension 'dsv' for command environment
[0.348s] INFO:colcon.colcon_ros.task.ament_python.build:Building ROS package in '/home/GTL/apaul/ros2_hw1/src/face_detect_base' with build type 'ament_python'
[0.348s] Level 1:colcon.colcon_core.shell:create_environment_hook('face_detect_base', 'ament_prefix_path')
[0.348s] INFO:colcon.colcon_core.shell:Creating environment hook '/home/GTL/apaul/ros2_hw1/install/face_detect_base/share/face_detect_base/hook/ament_prefix_path.ps1'
[0.351s] INFO:colcon.colcon_core.shell:Creating environment descriptor '/home/GTL/apaul/ros2_hw1/install/face_detect_base/share/face_detect_base/hook/ament_prefix_path.dsv'
[0.354s] INFO:colcon.colcon_core.shell:Creating environment hook '/home/GTL/apaul/ros2_hw1/install/face_detect_base/share/face_detect_base/hook/ament_prefix_path.sh'
[0.356s] INFO:colcon.colcon_core.shell:Skip shell extension 'powershell' for command environment: Not usable outside of PowerShell
[0.356s] DEBUG:colcon.colcon_core.shell:Skip shell extension 'dsv' for command environment
[0.368s] INFO:colcon.colcon_ros.task.ament_cmake.build:Building ROS package in '/home/GTL/apaul/ros2_hw1/src/face_msg' with build type 'ament_cmake'
[0.368s] INFO:colcon.colcon_cmake.task.cmake.build:Building CMake package in '/home/GTL/apaul/ros2_hw1/src/face_msg'
[0.368s] INFO:colcon.colcon_core.shell:Skip shell extension 'powershell' for command environment: Not usable outside of PowerShell
[0.368s] DEBUG:colcon.colcon_core.shell:Skip shell extension 'dsv' for command environment
[0.377s] INFO:colcon.colcon_ros.task.ament_cmake.build:Building ROS package in '/home/GTL/apaul/ros2_hw1/src/joy_pack' with build type 'ament_cmake'
[0.377s] INFO:colcon.colcon_cmake.task.cmake.build:Building CMake package in '/home/GTL/apaul/ros2_hw1/src/joy_pack'
[0.378s] INFO:colcon.colcon_core.shell:Skip shell extension 'powershell' for command environment: Not usable outside of PowerShell
[0.378s] DEBUG:colcon.colcon_core.shell:Skip shell extension 'dsv' for command environment
[0.387s] INFO:colcon.colcon_ros.task.ament_python.build:Building ROS package in '/home/GTL/apaul/ros2_hw1/src/keyboard_teleop' with build type 'ament_python'
[0.387s] Level 1:colcon.colcon_core.shell:create_environment_hook('keyboard_teleop', 'ament_prefix_path')
[0.388s] INFO:colcon.colcon_core.shell:Creating environment hook '/home/GTL/apaul/ros2_hw1/install/keyboard_teleop/share/keyboard_teleop/hook/ament_prefix_path.ps1'
[0.389s] INFO:colcon.colcon_core.shell:Creating environment descriptor '/home/GTL/apaul/ros2_hw1/install/keyboard_teleop/share/keyboard_teleop/hook/ament_prefix_path.dsv'
[0.391s] INFO:colcon.colcon_core.shell:Creating environment hook '/home/GTL/apaul/ros2_hw1/install/keyboard_teleop/share/keyboard_teleop/hook/ament_prefix_path.sh'
[0.393s] INFO:colcon.colcon_core.shell:Skip shell extension 'powershell' for command environment: Not usable outside of PowerShell
[0.393s] DEBUG:colcon.colcon_core.shell:Skip shell extension 'dsv' for command environment
[0.402s] INFO:colcon.colcon_ros.task.ament_cmake.build:Building ROS package in '/home/GTL/apaul/ros2_hw1/src/vrep4_helpers' with build type 'ament_cmake'
[0.402s] INFO:colcon.colcon_cmake.task.cmake.build:Building CMake package in '/home/GTL/apaul/ros2_hw1/src/vrep4_helpers'
[0.402s] INFO:colcon.colcon_core.shell:Skip shell extension 'powershell' for command environment: Not usable outside of PowerShell
[0.402s] DEBUG:colcon.colcon_core.shell:Skip shell extension 'dsv' for command environment
[0.410s] INFO:colcon.colcon_ros.task.ament_python.build:Building ROS package in '/home/GTL/apaul/ros2_hw1/src/vrep_ros_teleop' with build type 'ament_python'
[0.410s] Level 1:colcon.colcon_core.shell:create_environment_hook('vrep_ros_teleop', 'ament_prefix_path')
[0.410s] INFO:colcon.colcon_core.shell:Creating environment hook '/home/GTL/apaul/ros2_hw1/install/vrep_ros_teleop/share/vrep_ros_teleop/hook/ament_prefix_path.ps1'
[0.412s] INFO:colcon.colcon_core.shell:Creating environment descriptor '/home/GTL/apaul/ros2_hw1/install/vrep_ros_teleop/share/vrep_ros_teleop/hook/ament_prefix_path.dsv'
[0.413s] INFO:colcon.colcon_core.shell:Creating environment hook '/home/GTL/apaul/ros2_hw1/install/vrep_ros_teleop/share/vrep_ros_teleop/hook/ament_prefix_path.sh'
[0.415s] INFO:colcon.colcon_core.shell:Skip shell extension 'powershell' for command environment: Not usable outside of PowerShell
[0.415s] DEBUG:colcon.colcon_core.shell:Skip shell extension 'dsv' for command environment
[0.435s] DEBUG:colcon.colcon_core.event_handler.log_command:Invoking command in '/home/GTL/apaul/ros2_hw1/build/collision_avoidance_base': CMAKE_PREFIX_PATH=${CMAKE_PREFIX_PATH}:/home/GTL/apaul/ros2_hw1/install/vrep_ros_teleop:/home/GTL/apaul/ros2_hw1/install/keyboard_teleop:/home/GTL/apaul/ros2_hw1/install/face_detect_base:/opt/ros/humble /usr/bin/cmake --build /home/GTL/apaul/ros2_hw1/build/collision_avoidance_base -- -j16 -l16
[0.628s] INFO:colcon.colcon_core.task.python.build:Building Python package in '/home/GTL/apaul/ros2_hw1/src/face_detect_base'
[0.628s] INFO:colcon.colcon_core.shell:Skip shell extension 'powershell' for command environment: Not usable outside of PowerShell
[0.628s] DEBUG:colcon.colcon_core.shell:Skip shell extension 'dsv' for command environment
[0.653s] DEBUG:colcon.colcon_core.event_handler.log_command:Invoking command in '/home/GTL/apaul/ros2_hw1/build/face_msg': CMAKE_PREFIX_PATH=${CMAKE_PREFIX_PATH}:/home/GTL/apaul/ros2_hw1/install/vrep_ros_teleop:/home/GTL/apaul/ros2_hw1/install/keyboard_teleop:/home/GTL/apaul/ros2_hw1/install/face_detect_base:/opt/ros/humble /usr/bin/cmake --build /home/GTL/apaul/ros2_hw1/build/face_msg -- -j16 -l16
[0.660s] DEBUG:colcon.colcon_core.event_handler.log_command:Invoking command in '/home/GTL/apaul/ros2_hw1/build/joy_pack': CMAKE_PREFIX_PATH=${CMAKE_PREFIX_PATH}:/home/GTL/apaul/ros2_hw1/install/vrep_ros_teleop:/home/GTL/apaul/ros2_hw1/install/keyboard_teleop:/home/GTL/apaul/ros2_hw1/install/face_detect_base:/opt/ros/humble /usr/bin/cmake --build /home/GTL/apaul/ros2_hw1/build/joy_pack -- -j16 -l16
[0.857s] INFO:colcon.colcon_core.task.python.build:Building Python package in '/home/GTL/apaul/ros2_hw1/src/keyboard_teleop'
[0.857s] INFO:colcon.colcon_core.shell:Skip shell extension 'powershell' for command environment: Not usable outside of PowerShell
[0.857s] DEBUG:colcon.colcon_core.shell:Skip shell extension 'dsv' for command environment
[0.880s] DEBUG:colcon.colcon_core.event_handler.log_command:Invoking command in '/home/GTL/apaul/ros2_hw1/build/vrep4_helpers': CMAKE_PREFIX_PATH=${CMAKE_PREFIX_PATH}:/home/GTL/apaul/ros2_hw1/install/vrep_ros_teleop:/home/GTL/apaul/ros2_hw1/install/keyboard_teleop:/home/GTL/apaul/ros2_hw1/install/face_detect_base:/opt/ros/humble /usr/bin/cmake --build /home/GTL/apaul/ros2_hw1/build/vrep4_helpers -- -j16 -l16
[1.076s] INFO:colcon.colcon_core.task.python.build:Building Python package in '/home/GTL/apaul/ros2_hw1/src/vrep_ros_teleop'
[1.076s] INFO:colcon.colcon_core.shell:Skip shell extension 'powershell' for command environment: Not usable outside of PowerShell
[1.076s] DEBUG:colcon.colcon_core.shell:Skip shell extension 'dsv' for command environment
[1.095s] DEBUG:colcon.colcon_core.event_handler.log_command:Invoked command in '/home/GTL/apaul/ros2_hw1/build/collision_avoidance_base' returned '0': CMAKE_PREFIX_PATH=${CMAKE_PREFIX_PATH}:/home/GTL/apaul/ros2_hw1/install/vrep_ros_teleop:/home/GTL/apaul/ros2_hw1/install/keyboard_teleop:/home/GTL/apaul/ros2_hw1/install/face_detect_base:/opt/ros/humble /usr/bin/cmake --build /home/GTL/apaul/ros2_hw1/build/collision_avoidance_base -- -j16 -l16
[1.098s] DEBUG:colcon.colcon_core.event_handler.log_command:Invoked command in '/home/GTL/apaul/ros2_hw1/build/joy_pack' returned '0': CMAKE_PREFIX_PATH=${CMAKE_PREFIX_PATH}:/home/GTL/apaul/ros2_hw1/install/vrep_ros_teleop:/home/GTL/apaul/ros2_hw1/install/keyboard_teleop:/home/GTL/apaul/ros2_hw1/install/face_detect_base:/opt/ros/humble /usr/bin/cmake --build /home/GTL/apaul/ros2_hw1/build/joy_pack -- -j16 -l16
[1.112s] DEBUG:colcon.colcon_core.event_handler.log_command:Invoked command in '/home/GTL/apaul/ros2_hw1/build/vrep4_helpers' returned '0': CMAKE_PREFIX_PATH=${CMAKE_PREFIX_PATH}:/home/GTL/apaul/ros2_hw1/install/vrep_ros_teleop:/home/GTL/apaul/ros2_hw1/install/keyboard_teleop:/home/GTL/apaul/ros2_hw1/install/face_detect_base:/opt/ros/humble /usr/bin/cmake --build /home/GTL/apaul/ros2_hw1/build/vrep4_helpers -- -j16 -l16
[1.115s] DEBUG:colcon.colcon_core.event_handler.log_command:Invoked command in '/home/GTL/apaul/ros2_hw1/build/face_msg' returned '0': CMAKE_PREFIX_PATH=${CMAKE_PREFIX_PATH}:/home/GTL/apaul/ros2_hw1/install/vrep_ros_teleop:/home/GTL/apaul/ros2_hw1/install/keyboard_teleop:/home/GTL/apaul/ros2_hw1/install/face_detect_base:/opt/ros/humble /usr/bin/cmake --build /home/GTL/apaul/ros2_hw1/build/face_msg -- -j16 -l16
[1.128s] DEBUG:colcon.colcon_core.event_handler.log_command:Invoking command in '/home/GTL/apaul/ros2_hw1/build/collision_avoidance_base': CMAKE_PREFIX_PATH=${CMAKE_PREFIX_PATH}:/home/GTL/apaul/ros2_hw1/install/vrep_ros_teleop:/home/GTL/apaul/ros2_hw1/install/keyboard_teleop:/home/GTL/apaul/ros2_hw1/install/face_detect_base:/opt/ros/humble /usr/bin/cmake --install /home/GTL/apaul/ros2_hw1/build/collision_avoidance_base
[1.130s] DEBUG:colcon.colcon_core.event_handler.log_command:Invoking command in '/home/GTL/apaul/ros2_hw1/build/joy_pack': CMAKE_PREFIX_PATH=${CMAKE_PREFIX_PATH}:/home/GTL/apaul/ros2_hw1/install/vrep_ros_teleop:/home/GTL/apaul/ros2_hw1/install/keyboard_teleop:/home/GTL/apaul/ros2_hw1/install/face_detect_base:/opt/ros/humble /usr/bin/cmake --install /home/GTL/apaul/ros2_hw1/build/joy_pack
[1.135s] DEBUG:colcon.colcon_core.event_handler.log_command:Invoking command in '/home/GTL/apaul/ros2_hw1/build/vrep4_helpers': CMAKE_PREFIX_PATH=${CMAKE_PREFIX_PATH}:/home/GTL/apaul/ros2_hw1/install/vrep_ros_teleop:/home/GTL/apaul/ros2_hw1/install/keyboard_teleop:/home/GTL/apaul/ros2_hw1/install/face_detect_base:/opt/ros/humble /usr/bin/cmake --install /home/GTL/apaul/ros2_hw1/build/vrep4_helpers
[1.151s] DEBUG:colcon.colcon_core.event_handler.log_command:Invoking command in '/home/GTL/apaul/ros2_hw1/build/face_msg': CMAKE_PREFIX_PATH=${CMAKE_PREFIX_PATH}:/home/GTL/apaul/ros2_hw1/install/vrep_ros_teleop:/home/GTL/apaul/ros2_hw1/install/keyboard_teleop:/home/GTL/apaul/ros2_hw1/install/face_detect_base:/opt/ros/humble /usr/bin/cmake --install /home/GTL/apaul/ros2_hw1/build/face_msg
[1.153s] Level 1:colcon.colcon_core.environment:create_environment_scripts_only(joy_pack)
[1.153s] DEBUG:colcon.colcon_core.event_handler.log_command:Invoked command in '/home/GTL/apaul/ros2_hw1/build/joy_pack' returned '0': CMAKE_PREFIX_PATH=${CMAKE_PREFIX_PATH}:/home/GTL/apaul/ros2_hw1/install/vrep_ros_teleop:/home/GTL/apaul/ros2_hw1/install/keyboard_teleop:/home/GTL/apaul/ros2_hw1/install/face_detect_base:/opt/ros/humble /usr/bin/cmake --install /home/GTL/apaul/ros2_hw1/build/joy_pack
[1.154s] Level 1:colcon.colcon_core.environment:checking '/home/GTL/apaul/ros2_hw1/install/joy_pack' for CMake module files
[1.156s] Level 1:colcon.colcon_core.environment:checking '/home/GTL/apaul/ros2_hw1/install/joy_pack' for CMake config files
[1.159s] Level 1:colcon.colcon_core.shell:create_environment_hook('joy_pack', 'cmake_prefix_path')
[1.159s] INFO:colcon.colcon_core.shell:Creating environment hook '/home/GTL/apaul/ros2_hw1/install/joy_pack/share/joy_pack/hook/cmake_prefix_path.ps1'
[1.161s] INFO:colcon.colcon_core.shell:Creating environment descriptor '/home/GTL/apaul/ros2_hw1/install/joy_pack/share/joy_pack/hook/cmake_prefix_path.dsv'
[1.162s] INFO:colcon.colcon_core.shell:Creating environment hook '/home/GTL/apaul/ros2_hw1/install/joy_pack/share/joy_pack/hook/cmake_prefix_path.sh'
[1.164s] Level 1:colcon.colcon_core.environment:checking '/home/GTL/apaul/ros2_hw1/install/joy_pack/lib'
[1.165s] Level 1:colcon.colcon_core.environment:checking '/home/GTL/apaul/ros2_hw1/install/joy_pack/bin'
[1.165s] Level 1:colcon.colcon_core.environment:checking '/home/GTL/apaul/ros2_hw1/install/joy_pack/lib/pkgconfig/joy_pack.pc'
[1.165s] Level 1:colcon.colcon_core.environment:checking '/home/GTL/apaul/ros2_hw1/install/joy_pack/lib/python3.10/site-packages'
[1.165s] Level 1:colcon.colcon_core.environment:checking '/home/GTL/apaul/ros2_hw1/install/joy_pack/bin'
[1.165s] INFO:colcon.colcon_core.shell:Creating package script '/home/GTL/apaul/ros2_hw1/install/joy_pack/share/joy_pack/package.ps1'
[1.167s] INFO:colcon.colcon_core.shell:Creating package descriptor '/home/GTL/apaul/ros2_hw1/install/joy_pack/share/joy_pack/package.dsv'
[1.168s] INFO:colcon.colcon_core.shell:Creating package script '/home/GTL/apaul/ros2_hw1/install/joy_pack/share/joy_pack/package.sh'
[1.169s] INFO:colcon.colcon_core.shell:Creating package script '/home/GTL/apaul/ros2_hw1/install/joy_pack/share/joy_pack/package.bash'
[1.171s] INFO:colcon.colcon_core.shell:Creating package script '/home/GTL/apaul/ros2_hw1/install/joy_pack/share/joy_pack/package.zsh'
[1.172s] Level 1:colcon.colcon_core.environment:create_file_with_runtime_dependencies(/home/GTL/apaul/ros2_hw1/install/joy_pack/share/colcon-core/packages/joy_pack)
[1.179s] Level 1:colcon.colcon_core.environment:create_environment_scripts_only(collision_avoidance_base)
[1.179s] DEBUG:colcon.colcon_core.event_handler.log_command:Invoked command in '/home/GTL/apaul/ros2_hw1/build/collision_avoidance_base' returned '0': CMAKE_PREFIX_PATH=${CMAKE_PREFIX_PATH}:/home/GTL/apaul/ros2_hw1/install/vrep_ros_teleop:/home/GTL/apaul/ros2_hw1/install/keyboard_teleop:/home/GTL/apaul/ros2_hw1/install/face_detect_base:/opt/ros/humble /usr/bin/cmake --install /home/GTL/apaul/ros2_hw1/build/collision_avoidance_base
[1.180s] Level 1:colcon.colcon_core.environment:checking '/home/GTL/apaul/ros2_hw1/install/collision_avoidance_base' for CMake module files
[1.181s] Level 1:colcon.colcon_core.environment:checking '/home/GTL/apaul/ros2_hw1/install/collision_avoidance_base' for CMake config files
[1.184s] Level 1:colcon.colcon_core.shell:create_environment_hook('collision_avoidance_base', 'cmake_prefix_path')
[1.184s] INFO:colcon.colcon_core.shell:Creating environment hook '/home/GTL/apaul/ros2_hw1/install/collision_avoidance_base/share/collision_avoidance_base/hook/cmake_prefix_path.ps1'
[1.185s] INFO:colcon.colcon_core.shell:Creating environment descriptor '/home/GTL/apaul/ros2_hw1/install/collision_avoidance_base/share/collision_avoidance_base/hook/cmake_prefix_path.dsv'
[1.187s] INFO:colcon.colcon_core.shell:Creating environment hook '/home/GTL/apaul/ros2_hw1/install/collision_avoidance_base/share/collision_avoidance_base/hook/cmake_prefix_path.sh'
[1.188s] Level 1:colcon.colcon_core.environment:checking '/home/GTL/apaul/ros2_hw1/install/collision_avoidance_base/lib'
[1.189s] Level 1:colcon.colcon_core.environment:checking '/home/GTL/apaul/ros2_hw1/install/collision_avoidance_base/bin'
[1.189s] Level 1:colcon.colcon_core.environment:checking '/home/GTL/apaul/ros2_hw1/install/collision_avoidance_base/lib/pkgconfig/collision_avoidance_base.pc'
[1.189s] Level 1:colcon.colcon_core.environment:checking '/home/GTL/apaul/ros2_hw1/install/collision_avoidance_base/lib/python3.10/site-packages'
[1.189s] Level 1:colcon.colcon_core.environment:checking '/home/GTL/apaul/ros2_hw1/install/collision_avoidance_base/bin'
[1.189s] INFO:colcon.colcon_core.shell:Creating package script '/home/GTL/apaul/ros2_hw1/install/collision_avoidance_base/share/collision_avoidance_base/package.ps1'
[1.190s] INFO:colcon.colcon_core.shell:Creating package descriptor '/home/GTL/apaul/ros2_hw1/install/collision_avoidance_base/share/collision_avoidance_base/package.dsv'
[1.192s] INFO:colcon.colcon_core.shell:Creating package script '/home/GTL/apaul/ros2_hw1/install/collision_avoidance_base/share/collision_avoidance_base/package.sh'
[1.193s] INFO:colcon.colcon_core.shell:Creating package script '/home/GTL/apaul/ros2_hw1/install/collision_avoidance_base/share/collision_avoidance_base/package.bash'
[1.194s] INFO:colcon.colcon_core.shell:Creating package script '/home/GTL/apaul/ros2_hw1/install/collision_avoidance_base/share/collision_avoidance_base/package.zsh'
[1.195s] Level 1:colcon.colcon_core.environment:create_file_with_runtime_dependencies(/home/GTL/apaul/ros2_hw1/install/collision_avoidance_base/share/colcon-core/packages/collision_avoidance_base)
[1.200s] Level 1:colcon.colcon_core.environment:create_environment_scripts_only(vrep4_helpers)
[1.200s] Level 1:colcon.colcon_core.environment:checking '/home/GTL/apaul/ros2_hw1/install/vrep4_helpers' for CMake module files
[1.200s] DEBUG:colcon.colcon_core.event_handler.log_command:Invoked command in '/home/GTL/apaul/ros2_hw1/build/vrep4_helpers' returned '0': CMAKE_PREFIX_PATH=${CMAKE_PREFIX_PATH}:/home/GTL/apaul/ros2_hw1/install/vrep_ros_teleop:/home/GTL/apaul/ros2_hw1/install/keyboard_teleop:/home/GTL/apaul/ros2_hw1/install/face_detect_base:/opt/ros/humble /usr/bin/cmake --install /home/GTL/apaul/ros2_hw1/build/vrep4_helpers
[1.202s] Level 1:colcon.colcon_core.environment:checking '/home/GTL/apaul/ros2_hw1/install/vrep4_helpers' for CMake config files
[1.203s] Level 1:colcon.colcon_core.shell:create_environment_hook('vrep4_helpers', 'cmake_prefix_path')
[1.204s] INFO:colcon.colcon_core.shell:Creating environment hook '/home/GTL/apaul/ros2_hw1/install/vrep4_helpers/share/vrep4_helpers/hook/cmake_prefix_path.ps1'
[1.205s] INFO:colcon.colcon_core.shell:Creating environment descriptor '/home/GTL/apaul/ros2_hw1/install/vrep4_helpers/share/vrep4_helpers/hook/cmake_prefix_path.dsv'
[1.206s] INFO:colcon.colcon_core.shell:Creating environment hook '/home/GTL/apaul/ros2_hw1/install/vrep4_helpers/share/vrep4_helpers/hook/cmake_prefix_path.sh'
[1.208s] Level 1:colcon.colcon_core.environment:checking '/home/GTL/apaul/ros2_hw1/install/vrep4_helpers/lib'
[1.208s] Level 1:colcon.colcon_core.environment:checking '/home/GTL/apaul/ros2_hw1/install/vrep4_helpers/bin'
[1.208s] Level 1:colcon.colcon_core.environment:checking '/home/GTL/apaul/ros2_hw1/install/vrep4_helpers/lib/pkgconfig/vrep4_helpers.pc'
[1.208s] Level 1:colcon.colcon_core.environment:checking '/home/GTL/apaul/ros2_hw1/install/vrep4_helpers/lib/python3.10/site-packages'
[1.209s] Level 1:colcon.colcon_core.environment:checking '/home/GTL/apaul/ros2_hw1/install/vrep4_helpers/bin'
[1.209s] INFO:colcon.colcon_core.shell:Creating package script '/home/GTL/apaul/ros2_hw1/install/vrep4_helpers/share/vrep4_helpers/package.ps1'
[1.210s] INFO:colcon.colcon_core.shell:Creating package descriptor '/home/GTL/apaul/ros2_hw1/install/vrep4_helpers/share/vrep4_helpers/package.dsv'
[1.211s] INFO:colcon.colcon_core.shell:Creating package script '/home/GTL/apaul/ros2_hw1/install/vrep4_helpers/share/vrep4_helpers/package.sh'
[1.213s] INFO:colcon.colcon_core.shell:Creating package script '/home/GTL/apaul/ros2_hw1/install/vrep4_helpers/share/vrep4_helpers/package.bash'
[1.214s] INFO:colcon.colcon_core.shell:Creating package script '/home/GTL/apaul/ros2_hw1/install/vrep4_helpers/share/vrep4_helpers/package.zsh'
[1.216s] Level 1:colcon.colcon_core.environment:create_file_with_runtime_dependencies(/home/GTL/apaul/ros2_hw1/install/vrep4_helpers/share/colcon-core/packages/vrep4_helpers)
[1.220s] Level 1:colcon.colcon_core.environment:create_environment_scripts_only(joy_pack)
[1.221s] Level 1:colcon.colcon_core.environment:checking '/home/GTL/apaul/ros2_hw1/install/joy_pack' for CMake module files
[1.222s] Level 1:colcon.colcon_core.environment:checking '/home/GTL/apaul/ros2_hw1/install/joy_pack' for CMake config files
[1.225s] Level 1:colcon.colcon_core.shell:create_environment_hook('joy_pack', 'cmake_prefix_path')
[1.226s] INFO:colcon.colcon_core.shell:Creating environment hook '/home/GTL/apaul/ros2_hw1/install/joy_pack/share/joy_pack/hook/cmake_prefix_path.ps1'
[1.227s] INFO:colcon.colcon_core.shell:Creating environment descriptor '/home/GTL/apaul/ros2_hw1/install/joy_pack/share/joy_pack/hook/cmake_prefix_path.dsv'
[1.228s] INFO:colcon.colcon_core.shell:Creating environment hook '/home/GTL/apaul/ros2_hw1/install/joy_pack/share/joy_pack/hook/cmake_prefix_path.sh'
[1.231s] Level 1:colcon.colcon_core.environment:checking '/home/GTL/apaul/ros2_hw1/install/joy_pack/lib'
[1.231s] Level 1:colcon.colcon_core.environment:checking '/home/GTL/apaul/ros2_hw1/install/joy_pack/bin'
[1.231s] Level 1:colcon.colcon_core.environment:checking '/home/GTL/apaul/ros2_hw1/install/joy_pack/lib/pkgconfig/joy_pack.pc'
[1.231s] Level 1:colcon.colcon_core.environment:checking '/home/GTL/apaul/ros2_hw1/install/joy_pack/lib/python3.10/site-packages'
[1.232s] Level 1:colcon.colcon_core.environment:checking '/home/GTL/apaul/ros2_hw1/install/joy_pack/bin'
[1.232s] INFO:colcon.colcon_core.shell:Creating package script '/home/GTL/apaul/ros2_hw1/install/joy_pack/share/joy_pack/package.ps1'
[1.233s] INFO:colcon.colcon_core.shell:Creating package descriptor '/home/GTL/apaul/ros2_hw1/install/joy_pack/share/joy_pack/package.dsv'
[1.235s] INFO:colcon.colcon_core.shell:Creating package script '/home/GTL/apaul/ros2_hw1/install/joy_pack/share/joy_pack/package.sh'
[1.236s] INFO:colcon.colcon_core.shell:Creating package script '/home/GTL/apaul/ros2_hw1/install/joy_pack/share/joy_pack/package.bash'
[1.238s] INFO:colcon.colcon_core.shell:Creating package script '/home/GTL/apaul/ros2_hw1/install/joy_pack/share/joy_pack/package.zsh'
[1.239s] Level 1:colcon.colcon_core.environment:create_file_with_runtime_dependencies(/home/GTL/apaul/ros2_hw1/install/joy_pack/share/colcon-core/packages/joy_pack)
[1.241s] Level 1:colcon.colcon_core.environment:create_environment_scripts_only(collision_avoidance_base)
[1.241s] Level 1:colcon.colcon_core.environment:checking '/home/GTL/apaul/ros2_hw1/install/collision_avoidance_base' for CMake module files
[1.242s] Level 1:colcon.colcon_core.environment:checking '/home/GTL/apaul/ros2_hw1/install/collision_avoidance_base' for CMake config files
[1.244s] Level 1:colcon.colcon_core.shell:create_environment_hook('collision_avoidance_base', 'cmake_prefix_path')
[1.245s] INFO:colcon.colcon_core.shell:Creating environment hook '/home/GTL/apaul/ros2_hw1/install/collision_avoidance_base/share/collision_avoidance_base/hook/cmake_prefix_path.ps1'
[1.246s] INFO:colcon.colcon_core.shell:Creating environment descriptor '/home/GTL/apaul/ros2_hw1/install/collision_avoidance_base/share/collision_avoidance_base/hook/cmake_prefix_path.dsv'
[1.247s] INFO:colcon.colcon_core.shell:Creating environment hook '/home/GTL/apaul/ros2_hw1/install/collision_avoidance_base/share/collision_avoidance_base/hook/cmake_prefix_path.sh'
[1.249s] Level 1:colcon.colcon_core.environment:checking '/home/GTL/apaul/ros2_hw1/install/collision_avoidance_base/lib'
[1.249s] Level 1:colcon.colcon_core.environment:checking '/home/GTL/apaul/ros2_hw1/install/collision_avoidance_base/bin'
[1.249s] Level 1:colcon.colcon_core.environment:checking '/home/GTL/apaul/ros2_hw1/install/collision_avoidance_base/lib/pkgconfig/collision_avoidance_base.pc'
[1.249s] Level 1:colcon.colcon_core.environment:checking '/home/GTL/apaul/ros2_hw1/install/collision_avoidance_base/lib/python3.10/site-packages'
[1.249s] Level 1:colcon.colcon_core.environment:checking '/home/GTL/apaul/ros2_hw1/install/collision_avoidance_base/bin'
[1.249s] INFO:colcon.colcon_core.shell:Creating package script '/home/GTL/apaul/ros2_hw1/install/collision_avoidance_base/share/collision_avoidance_base/package.ps1'
[1.251s] INFO:colcon.colcon_core.shell:Creating package descriptor '/home/GTL/apaul/ros2_hw1/install/collision_avoidance_base/share/collision_avoidance_base/package.dsv'
[1.252s] INFO:colcon.colcon_core.shell:Creating package script '/home/GTL/apaul/ros2_hw1/install/collision_avoidance_base/share/collision_avoidance_base/package.sh'
[1.253s] INFO:colcon.colcon_core.shell:Creating package script '/home/GTL/apaul/ros2_hw1/install/collision_avoidance_base/share/collision_avoidance_base/package.bash'
[1.255s] INFO:colcon.colcon_core.shell:Creating package script '/home/GTL/apaul/ros2_hw1/install/collision_avoidance_base/share/collision_avoidance_base/package.zsh'
[1.256s] Level 1:colcon.colcon_core.environment:create_file_with_runtime_dependencies(/home/GTL/apaul/ros2_hw1/install/collision_avoidance_base/share/colcon-core/packages/collision_avoidance_base)
[1.257s] Level 1:colcon.colcon_core.environment:create_environment_scripts_only(vrep4_helpers)
[1.258s] Level 1:colcon.colcon_core.environment:checking '/home/GTL/apaul/ros2_hw1/install/vrep4_helpers' for CMake module files
[1.259s] Level 1:colcon.colcon_core.environment:checking '/home/GTL/apaul/ros2_hw1/install/vrep4_helpers' for CMake config files
[1.260s] Level 1:colcon.colcon_core.shell:create_environment_hook('vrep4_helpers', 'cmake_prefix_path')
[1.261s] INFO:colcon.colcon_core.shell:Creating environment hook '/home/GTL/apaul/ros2_hw1/install/vrep4_helpers/share/vrep4_helpers/hook/cmake_prefix_path.ps1'
[1.262s] INFO:colcon.colcon_core.shell:Creating environment descriptor '/home/GTL/apaul/ros2_hw1/install/vrep4_helpers/share/vrep4_helpers/hook/cmake_prefix_path.dsv'
[1.263s] INFO:colcon.colcon_core.shell:Creating environment hook '/home/GTL/apaul/ros2_hw1/install/vrep4_helpers/share/vrep4_helpers/hook/cmake_prefix_path.sh'
[1.264s] Level 1:colcon.colcon_core.environment:checking '/home/GTL/apaul/ros2_hw1/install/vrep4_helpers/lib'
[1.264s] Level 1:colcon.colcon_core.environment:checking '/home/GTL/apaul/ros2_hw1/install/vrep4_helpers/bin'
[1.264s] Level 1:colcon.colcon_core.environment:checking '/home/GTL/apaul/ros2_hw1/install/vrep4_helpers/lib/pkgconfig/vrep4_helpers.pc'
[1.265s] Level 1:colcon.colcon_core.environment:checking '/home/GTL/apaul/ros2_hw1/install/vrep4_helpers/lib/python3.10/site-packages'
[1.265s] Level 1:colcon.colcon_core.environment:checking '/home/GTL/apaul/ros2_hw1/install/vrep4_helpers/bin'
[1.265s] INFO:colcon.colcon_core.shell:Creating package script '/home/GTL/apaul/ros2_hw1/install/vrep4_helpers/share/vrep4_helpers/package.ps1'
[1.266s] INFO:colcon.colcon_core.shell:Creating package descriptor '/home/GTL/apaul/ros2_hw1/install/vrep4_helpers/share/vrep4_helpers/package.dsv'
[1.268s] INFO:colcon.colcon_core.shell:Creating package script '/home/GTL/apaul/ros2_hw1/install/vrep4_helpers/share/vrep4_helpers/package.sh'
[1.324s] INFO:colcon.colcon_core.shell:Creating package script '/home/GTL/apaul/ros2_hw1/install/vrep4_helpers/share/vrep4_helpers/package.bash'
[1.325s] INFO:colcon.colcon_core.shell:Creating package script '/home/GTL/apaul/ros2_hw1/install/vrep4_helpers/share/vrep4_helpers/package.zsh'
[1.327s] Level 1:colcon.colcon_core.environment:create_file_with_runtime_dependencies(/home/GTL/apaul/ros2_hw1/install/vrep4_helpers/share/colcon-core/packages/vrep4_helpers)
[1.329s] Level 1:colcon.colcon_core.environment:create_environment_scripts_only(face_msg)
[1.330s] Level 1:colcon.colcon_core.environment:checking '/home/GTL/apaul/ros2_hw1/install/face_msg' for CMake module files
[1.331s] DEBUG:colcon.colcon_core.event_handler.log_command:Invoked command in '/home/GTL/apaul/ros2_hw1/build/face_msg' returned '0': CMAKE_PREFIX_PATH=${CMAKE_PREFIX_PATH}:/home/GTL/apaul/ros2_hw1/install/vrep_ros_teleop:/home/GTL/apaul/ros2_hw1/install/keyboard_teleop:/home/GTL/apaul/ros2_hw1/install/face_detect_base:/opt/ros/humble /usr/bin/cmake --install /home/GTL/apaul/ros2_hw1/build/face_msg
[1.331s] Level 1:colcon.colcon_core.environment:checking '/home/GTL/apaul/ros2_hw1/install/face_msg' for CMake config files
[1.336s] Level 1:colcon.colcon_core.shell:create_environment_hook('face_msg', 'cmake_prefix_path')
[1.336s] INFO:colcon.colcon_core.shell:Creating environment hook '/home/GTL/apaul/ros2_hw1/install/face_msg/share/face_msg/hook/cmake_prefix_path.ps1'
[1.338s] INFO:colcon.colcon_core.shell:Creating environment descriptor '/home/GTL/apaul/ros2_hw1/install/face_msg/share/face_msg/hook/cmake_prefix_path.dsv'
[1.339s] INFO:colcon.colcon_core.shell:Creating environment hook '/home/GTL/apaul/ros2_hw1/install/face_msg/share/face_msg/hook/cmake_prefix_path.sh'
[1.341s] Level 1:colcon.colcon_core.environment:checking '/home/GTL/apaul/ros2_hw1/install/face_msg/lib'
[1.341s] Level 1:colcon.colcon_core.shell:create_environment_hook('face_msg', 'ld_library_path_lib')
[1.342s] INFO:colcon.colcon_core.shell:Creating environment hook '/home/GTL/apaul/ros2_hw1/install/face_msg/share/face_msg/hook/ld_library_path_lib.ps1'
[1.344s] INFO:colcon.colcon_core.shell:Creating environment descriptor '/home/GTL/apaul/ros2_hw1/install/face_msg/share/face_msg/hook/ld_library_path_lib.dsv'
[1.345s] INFO:colcon.colcon_core.shell:Creating environment hook '/home/GTL/apaul/ros2_hw1/install/face_msg/share/face_msg/hook/ld_library_path_lib.sh'
[1.348s] Level 1:colcon.colcon_core.environment:checking '/home/GTL/apaul/ros2_hw1/install/face_msg/bin'
[1.348s] Level 1:colcon.colcon_core.environment:checking '/home/GTL/apaul/ros2_hw1/install/face_msg/lib/pkgconfig/face_msg.pc'
[1.348s] Level 1:colcon.colcon_core.environment:checking '/home/GTL/apaul/ros2_hw1/install/face_msg/lib/python3.10/site-packages'
[1.348s] Level 1:colcon.colcon_core.environment:checking '/home/GTL/apaul/ros2_hw1/install/face_msg/bin'
[1.348s] INFO:colcon.colcon_core.shell:Creating package script '/home/GTL/apaul/ros2_hw1/install/face_msg/share/face_msg/package.ps1'
[1.350s] INFO:colcon.colcon_core.shell:Creating package descriptor '/home/GTL/apaul/ros2_hw1/install/face_msg/share/face_msg/package.dsv'
[1.352s] INFO:colcon.colcon_core.shell:Creating package script '/home/GTL/apaul/ros2_hw1/install/face_msg/share/face_msg/package.sh'
[1.353s] INFO:colcon.colcon_core.shell:Creating package script '/home/GTL/apaul/ros2_hw1/install/face_msg/share/face_msg/package.bash'
[1.355s] INFO:colcon.colcon_core.shell:Creating package script '/home/GTL/apaul/ros2_hw1/install/face_msg/share/face_msg/package.zsh'
[1.356s] Level 1:colcon.colcon_core.environment:create_file_with_runtime_dependencies(/home/GTL/apaul/ros2_hw1/install/face_msg/share/colcon-core/packages/face_msg)
[1.391s] Level 1:colcon.colcon_core.environment:create_environment_scripts_only(face_msg)
[1.391s] Level 1:colcon.colcon_core.environment:checking '/home/GTL/apaul/ros2_hw1/install/face_msg' for CMake module files
[1.392s] Level 1:colcon.colcon_core.environment:checking '/home/GTL/apaul/ros2_hw1/install/face_msg' for CMake config files
[1.397s] Level 1:colcon.colcon_core.shell:create_environment_hook('face_msg', 'cmake_prefix_path')
[1.397s] INFO:colcon.colcon_core.shell:Creating environment hook '/home/GTL/apaul/ros2_hw1/install/face_msg/share/face_msg/hook/cmake_prefix_path.ps1'
[1.399s] INFO:colcon.colcon_core.shell:Creating environment descriptor '/home/GTL/apaul/ros2_hw1/install/face_msg/share/face_msg/hook/cmake_prefix_path.dsv'
[1.400s] INFO:colcon.colcon_core.shell:Creating environment hook '/home/GTL/apaul/ros2_hw1/install/face_msg/share/face_msg/hook/cmake_prefix_path.sh'
[1.402s] Level 1:colcon.colcon_core.environment:checking '/home/GTL/apaul/ros2_hw1/install/face_msg/lib'
[1.403s] Level 1:colcon.colcon_core.shell:create_environment_hook('face_msg', 'ld_library_path_lib')
[1.403s] INFO:colcon.colcon_core.shell:Creating environment hook '/home/GTL/apaul/ros2_hw1/install/face_msg/share/face_msg/hook/ld_library_path_lib.ps1'
[1.404s] INFO:colcon.colcon_core.shell:Creating environment descriptor '/home/GTL/apaul/ros2_hw1/install/face_msg/share/face_msg/hook/ld_library_path_lib.dsv'
[1.406s] INFO:colcon.colcon_core.shell:Creating environment hook '/home/GTL/apaul/ros2_hw1/install/face_msg/share/face_msg/hook/ld_library_path_lib.sh'
[1.407s] Level 1:colcon.colcon_core.environment:checking '/home/GTL/apaul/ros2_hw1/install/face_msg/bin'
[1.407s] Level 1:colcon.colcon_core.environment:checking '/home/GTL/apaul/ros2_hw1/install/face_msg/lib/pkgconfig/face_msg.pc'
[1.408s] Level 1:colcon.colcon_core.environment:checking '/home/GTL/apaul/ros2_hw1/install/face_msg/lib/python3.10/site-packages'
[1.408s] Level 1:colcon.colcon_core.environment:checking '/home/GTL/apaul/ros2_hw1/install/face_msg/bin'
[1.408s] INFO:colcon.colcon_core.shell:Creating package script '/home/GTL/apaul/ros2_hw1/install/face_msg/share/face_msg/package.ps1'
[1.410s] INFO:colcon.colcon_core.shell:Creating package descriptor '/home/GTL/apaul/ros2_hw1/install/face_msg/share/face_msg/package.dsv'
[1.411s] INFO:colcon.colcon_core.shell:Creating package script '/home/GTL/apaul/ros2_hw1/install/face_msg/share/face_msg/package.sh'
[1.413s] INFO:colcon.colcon_core.shell:Creating package script '/home/GTL/apaul/ros2_hw1/install/face_msg/share/face_msg/package.bash'
[1.414s] INFO:colcon.colcon_core.shell:Creating package script '/home/GTL/apaul/ros2_hw1/install/face_msg/share/face_msg/package.zsh'
[1.416s] Level 1:colcon.colcon_core.environment:create_file_with_runtime_dependencies(/home/GTL/apaul/ros2_hw1/install/face_msg/share/colcon-core/packages/face_msg)
[1.546s] DEBUG:colcon.colcon_core.event_handler.log_command:Invoking command in '/home/GTL/apaul/ros2_hw1/src/keyboard_teleop': PYTHONPATH=/home/GTL/apaul/ros2_hw1/build/keyboard_teleop/prefix_override:/usr/lib/python3/dist-packages/colcon_core/task/python/colcon_distutils_commands:/home/GTL/apaul/ros2_hw1/install/keyboard_teleop/lib/python3.10/site-packages:${PYTHONPATH} /usr/bin/python3 -W ignore:setup.py install is deprecated setup.py egg_info --egg-base ../../build/keyboard_teleop build --build-base /home/GTL/apaul/ros2_hw1/build/keyboard_teleop/build install --record /home/GTL/apaul/ros2_hw1/build/keyboard_teleop/install.log --single-version-externally-managed install_data
[1.553s] DEBUG:colcon.colcon_core.event_handler.log_command:Invoking command in '/home/GTL/apaul/ros2_hw1/src/vrep_ros_teleop': PYTHONPATH=/home/GTL/apaul/ros2_hw1/build/vrep_ros_teleop/prefix_override:/usr/lib/python3/dist-packages/colcon_core/task/python/colcon_distutils_commands:/home/GTL/apaul/ros2_hw1/install/vrep_ros_teleop/lib/python3.10/site-packages:${PYTHONPATH} /usr/bin/python3 -W ignore:setup.py install is deprecated setup.py egg_info --egg-base ../../build/vrep_ros_teleop build --build-base /home/GTL/apaul/ros2_hw1/build/vrep_ros_teleop/build install --record /home/GTL/apaul/ros2_hw1/build/vrep_ros_teleop/install.log --single-version-externally-managed install_data
[1.624s] DEBUG:colcon.colcon_core.event_handler.log_command:Invoking command in '/home/GTL/apaul/ros2_hw1/src/face_detect_base': PYTHONPATH=/home/GTL/apaul/ros2_hw1/build/face_detect_base/prefix_override:/usr/lib/python3/dist-packages/colcon_core/task/python/colcon_distutils_commands:/home/GTL/apaul/ros2_hw1/install/face_detect_base/lib/python3.10/site-packages:${PYTHONPATH} /usr/bin/python3 -W ignore:setup.py install is deprecated setup.py egg_info --egg-base ../../build/face_detect_base build --build-base /home/GTL/apaul/ros2_hw1/build/face_detect_base/build install --record /home/GTL/apaul/ros2_hw1/build/face_detect_base/install.log --single-version-externally-managed install_data
[1.808s] Level 1:colcon.colcon_core.environment:checking '/home/GTL/apaul/ros2_hw1/install/keyboard_teleop' for CMake module files
[1.808s] DEBUG:colcon.colcon_core.event_handler.log_command:Invoked command in '/home/GTL/apaul/ros2_hw1/src/keyboard_teleop' returned '0': PYTHONPATH=/home/GTL/apaul/ros2_hw1/build/keyboard_teleop/prefix_override:/usr/lib/python3/dist-packages/colcon_core/task/python/colcon_distutils_commands:/home/GTL/apaul/ros2_hw1/install/keyboard_teleop/lib/python3.10/site-packages:${PYTHONPATH} /usr/bin/python3 -W ignore:setup.py install is deprecated setup.py egg_info --egg-base ../../build/keyboard_teleop build --build-base /home/GTL/apaul/ros2_hw1/build/keyboard_teleop/build install --record /home/GTL/apaul/ros2_hw1/build/keyboard_teleop/install.log --single-version-externally-managed install_data
[1.811s] Level 1:colcon.colcon_core.environment:checking '/home/GTL/apaul/ros2_hw1/install/keyboard_teleop' for CMake config files
[1.816s] Level 1:colcon.colcon_core.environment:checking '/home/GTL/apaul/ros2_hw1/install/keyboard_teleop/lib'
[1.817s] Level 1:colcon.colcon_core.environment:checking '/home/GTL/apaul/ros2_hw1/install/keyboard_teleop/bin'
[1.817s] Level 1:colcon.colcon_core.environment:checking '/home/GTL/apaul/ros2_hw1/install/keyboard_teleop/lib/pkgconfig/keyboard_teleop.pc'
[1.817s] Level 1:colcon.colcon_core.environment:checking '/home/GTL/apaul/ros2_hw1/install/keyboard_teleop/lib/python3.10/site-packages'
[1.817s] Level 1:colcon.colcon_core.shell:create_environment_hook('keyboard_teleop', 'pythonpath')
[1.817s] INFO:colcon.colcon_core.shell:Creating environment hook '/home/GTL/apaul/ros2_hw1/install/keyboard_teleop/share/keyboard_teleop/hook/pythonpath.ps1'
[1.818s] INFO:colcon.colcon_core.shell:Creating environment descriptor '/home/GTL/apaul/ros2_hw1/install/keyboard_teleop/share/keyboard_teleop/hook/pythonpath.dsv'
[1.819s] INFO:colcon.colcon_core.shell:Creating environment hook '/home/GTL/apaul/ros2_hw1/install/keyboard_teleop/share/keyboard_teleop/hook/pythonpath.sh'
[1.821s] Level 1:colcon.colcon_core.environment:checking '/home/GTL/apaul/ros2_hw1/install/keyboard_teleop/bin'
[1.821s] Level 1:colcon.colcon_core.environment:create_environment_scripts_only(keyboard_teleop)
[1.821s] INFO:colcon.colcon_core.shell:Creating package script '/home/GTL/apaul/ros2_hw1/install/keyboard_teleop/share/keyboard_teleop/package.ps1'
[1.822s] INFO:colcon.colcon_core.shell:Creating package descriptor '/home/GTL/apaul/ros2_hw1/install/keyboard_teleop/share/keyboard_teleop/package.dsv'
[1.824s] INFO:colcon.colcon_core.shell:Creating package script '/home/GTL/apaul/ros2_hw1/install/keyboard_teleop/share/keyboard_teleop/package.sh'
[1.825s] INFO:colcon.colcon_core.shell:Creating package script '/home/GTL/apaul/ros2_hw1/install/keyboard_teleop/share/keyboard_teleop/package.bash'
[1.827s] INFO:colcon.colcon_core.shell:Creating package script '/home/GTL/apaul/ros2_hw1/install/keyboard_teleop/share/keyboard_teleop/package.zsh'
[1.828s] Level 1:colcon.colcon_core.environment:create_file_with_runtime_dependencies(/home/GTL/apaul/ros2_hw1/install/keyboard_teleop/share/colcon-core/packages/keyboard_teleop)
[1.829s] Level 1:colcon.colcon_core.environment:checking '/home/GTL/apaul/ros2_hw1/install/vrep_ros_teleop' for CMake module files
[1.831s] Level 1:colcon.colcon_core.environment:checking '/home/GTL/apaul/ros2_hw1/install/vrep_ros_teleop' for CMake config files
[1.832s] DEBUG:colcon.colcon_core.event_handler.log_command:Invoked command in '/home/GTL/apaul/ros2_hw1/src/vrep_ros_teleop' returned '0': PYTHONPATH=/home/GTL/apaul/ros2_hw1/build/vrep_ros_teleop/prefix_override:/usr/lib/python3/dist-packages/colcon_core/task/python/colcon_distutils_commands:/home/GTL/apaul/ros2_hw1/install/vrep_ros_teleop/lib/python3.10/site-packages:${PYTHONPATH} /usr/bin/python3 -W ignore:setup.py install is deprecated setup.py egg_info --egg-base ../../build/vrep_ros_teleop build --build-base /home/GTL/apaul/ros2_hw1/build/vrep_ros_teleop/build install --record /home/GTL/apaul/ros2_hw1/build/vrep_ros_teleop/install.log --single-version-externally-managed install_data
[1.836s] Level 1:colcon.colcon_core.environment:checking '/home/GTL/apaul/ros2_hw1/install/vrep_ros_teleop/lib'
[1.836s] Level 1:colcon.colcon_core.environment:checking '/home/GTL/apaul/ros2_hw1/install/vrep_ros_teleop/bin'
[1.836s] Level 1:colcon.colcon_core.environment:checking '/home/GTL/apaul/ros2_hw1/install/vrep_ros_teleop/lib/pkgconfig/vrep_ros_teleop.pc'
[1.836s] Level 1:colcon.colcon_core.environment:checking '/home/GTL/apaul/ros2_hw1/install/vrep_ros_teleop/lib/python3.10/site-packages'
[1.836s] Level 1:colcon.colcon_core.shell:create_environment_hook('vrep_ros_teleop', 'pythonpath')
[1.836s] INFO:colcon.colcon_core.shell:Creating environment hook '/home/GTL/apaul/ros2_hw1/install/vrep_ros_teleop/share/vrep_ros_teleop/hook/pythonpath.ps1'
[1.837s] INFO:colcon.colcon_core.shell:Creating environment descriptor '/home/GTL/apaul/ros2_hw1/install/vrep_ros_teleop/share/vrep_ros_teleop/hook/pythonpath.dsv'
[1.839s] INFO:colcon.colcon_core.shell:Creating environment hook '/home/GTL/apaul/ros2_hw1/install/vrep_ros_teleop/share/vrep_ros_teleop/hook/pythonpath.sh'
[1.840s] Level 1:colcon.colcon_core.environment:checking '/home/GTL/apaul/ros2_hw1/install/vrep_ros_teleop/bin'
[1.840s] Level 1:colcon.colcon_core.environment:create_environment_scripts_only(vrep_ros_teleop)
[1.841s] INFO:colcon.colcon_core.shell:Creating package script '/home/GTL/apaul/ros2_hw1/install/vrep_ros_teleop/share/vrep_ros_teleop/package.ps1'
[1.842s] INFO:colcon.colcon_core.shell:Creating package descriptor '/home/GTL/apaul/ros2_hw1/install/vrep_ros_teleop/share/vrep_ros_teleop/package.dsv'
[1.843s] INFO:colcon.colcon_core.shell:Creating package script '/home/GTL/apaul/ros2_hw1/install/vrep_ros_teleop/share/vrep_ros_teleop/package.sh'
[1.844s] INFO:colcon.colcon_core.shell:Creating package script '/home/GTL/apaul/ros2_hw1/install/vrep_ros_teleop/share/vrep_ros_teleop/package.bash'
[1.845s] INFO:colcon.colcon_core.shell:Creating package script '/home/GTL/apaul/ros2_hw1/install/vrep_ros_teleop/share/vrep_ros_teleop/package.zsh'
[1.847s] Level 1:colcon.colcon_core.environment:create_file_with_runtime_dependencies(/home/GTL/apaul/ros2_hw1/install/vrep_ros_teleop/share/colcon-core/packages/vrep_ros_teleop)
[1.887s] Level 1:colcon.colcon_core.environment:checking '/home/GTL/apaul/ros2_hw1/install/face_detect_base' for CMake module files
[1.887s] DEBUG:colcon.colcon_core.event_handler.log_command:Invoked command in '/home/GTL/apaul/ros2_hw1/src/face_detect_base' returned '0': PYTHONPATH=/home/GTL/apaul/ros2_hw1/build/face_detect_base/prefix_override:/usr/lib/python3/dist-packages/colcon_core/task/python/colcon_distutils_commands:/home/GTL/apaul/ros2_hw1/install/face_detect_base/lib/python3.10/site-packages:${PYTHONPATH} /usr/bin/python3 -W ignore:setup.py install is deprecated setup.py egg_info --egg-base ../../build/face_detect_base build --build-base /home/GTL/apaul/ros2_hw1/build/face_detect_base/build install --record /home/GTL/apaul/ros2_hw1/build/face_detect_base/install.log --single-version-externally-managed install_data
[1.891s] Level 1:colcon.colcon_core.environment:checking '/home/GTL/apaul/ros2_hw1/install/face_detect_base' for CMake config files
[1.899s] Level 1:colcon.colcon_core.environment:checking '/home/GTL/apaul/ros2_hw1/install/face_detect_base/lib'
[1.899s] Level 1:colcon.colcon_core.environment:checking '/home/GTL/apaul/ros2_hw1/install/face_detect_base/bin'
[1.899s] Level 1:colcon.colcon_core.environment:checking '/home/GTL/apaul/ros2_hw1/install/face_detect_base/lib/pkgconfig/face_detect_base.pc'
[1.899s] Level 1:colcon.colcon_core.environment:checking '/home/GTL/apaul/ros2_hw1/install/face_detect_base/lib/python3.10/site-packages'
[1.899s] Level 1:colcon.colcon_core.shell:create_environment_hook('face_detect_base', 'pythonpath')
[1.899s] INFO:colcon.colcon_core.shell:Creating environment hook '/home/GTL/apaul/ros2_hw1/install/face_detect_base/share/face_detect_base/hook/pythonpath.ps1'
[1.902s] INFO:colcon.colcon_core.shell:Creating environment descriptor '/home/GTL/apaul/ros2_hw1/install/face_detect_base/share/face_detect_base/hook/pythonpath.dsv'
[1.904s] INFO:colcon.colcon_core.shell:Creating environment hook '/home/GTL/apaul/ros2_hw1/install/face_detect_base/share/face_detect_base/hook/pythonpath.sh'
[1.906s] Level 1:colcon.colcon_core.environment:checking '/home/GTL/apaul/ros2_hw1/install/face_detect_base/bin'
[1.906s] Level 1:colcon.colcon_core.environment:create_environment_scripts_only(face_detect_base)
[1.906s] INFO:colcon.colcon_core.shell:Creating package script '/home/GTL/apaul/ros2_hw1/install/face_detect_base/share/face_detect_base/package.ps1'
[1.908s] INFO:colcon.colcon_core.shell:Creating package descriptor '/home/GTL/apaul/ros2_hw1/install/face_detect_base/share/face_detect_base/package.dsv'
[1.910s] INFO:colcon.colcon_core.shell:Creating package script '/home/GTL/apaul/ros2_hw1/install/face_detect_base/share/face_detect_base/package.sh'
[1.912s] INFO:colcon.colcon_core.shell:Creating package script '/home/GTL/apaul/ros2_hw1/install/face_detect_base/share/face_detect_base/package.bash'
[1.914s] INFO:colcon.colcon_core.shell:Creating package script '/home/GTL/apaul/ros2_hw1/install/face_detect_base/share/face_detect_base/package.zsh'
[1.916s] Level 1:colcon.colcon_core.environment:create_file_with_runtime_dependencies(/home/GTL/apaul/ros2_hw1/install/face_detect_base/share/colcon-core/packages/face_detect_base)
[1.918s] DEBUG:colcon.colcon_parallel_executor.executor.parallel:closing loop
[1.918s] DEBUG:colcon.colcon_parallel_executor.executor.parallel:loop closed
[1.918s] DEBUG:colcon.colcon_parallel_executor.executor.parallel:run_until_complete finished with '0'
[1.918s] DEBUG:colcon.colcon_core.event_reactor:joining thread
[1.928s] INFO:colcon.colcon_core.plugin_system:Skipping extension 'colcon_notification.desktop_notification.terminal_notifier': Not used on non-Darwin systems
[1.928s] INFO:colcon.colcon_core.plugin_system:Skipping extension 'colcon_notification.desktop_notification.win32': Not used on non-Windows systems
[1.928s] INFO:colcon.colcon_notification.desktop_notification:Sending desktop notification using 'notify2'
[1.935s] DEBUG:colcon.colcon_core.event_reactor:joined thread
[1.935s] INFO:colcon.colcon_core.shell:Creating prefix script '/home/GTL/apaul/ros2_hw1/install/local_setup.ps1'
[1.938s] INFO:colcon.colcon_core.shell:Creating prefix util module '/home/GTL/apaul/ros2_hw1/install/_local_setup_util_ps1.py'
[1.941s] INFO:colcon.colcon_core.shell:Creating prefix chain script '/home/GTL/apaul/ros2_hw1/install/setup.ps1'
[1.949s] INFO:colcon.colcon_core.shell:Creating prefix script '/home/GTL/apaul/ros2_hw1/install/local_setup.sh'
[1.952s] INFO:colcon.colcon_core.shell:Creating prefix util module '/home/GTL/apaul/ros2_hw1/install/_local_setup_util_sh.py'
[1.954s] INFO:colcon.colcon_core.shell:Creating prefix chain script '/home/GTL/apaul/ros2_hw1/install/setup.sh'
[1.962s] INFO:colcon.colcon_core.shell:Creating prefix script '/home/GTL/apaul/ros2_hw1/install/local_setup.bash'
[1.964s] INFO:colcon.colcon_core.shell:Creating prefix chain script '/home/GTL/apaul/ros2_hw1/install/setup.bash'
[1.971s] INFO:colcon.colcon_core.shell:Creating prefix script '/home/GTL/apaul/ros2_hw1/install/local_setup.zsh'
[1.974s] INFO:colcon.colcon_core.shell:Creating prefix chain script '/home/GTL/apaul/ros2_hw1/install/setup.zsh'
