[0.887s] Invoking command in '/home/GTL/apaul/ros2_hw1/src/ros_task_manager/src/task_manager_client_py': AMENT_PREFIX_PATH=/home/GTL/apaul/ros2_hw1/install/task_manager_msgs:${AMENT_PREFIX_PATH} CMAKE_PREFIX_PATH=/home/GTL/apaul/ros2_hw1/install/task_manager_msgs LD_LIBRARY_PATH=/home/GTL/apaul/ros2_hw1/install/task_manager_msgs/lib:${LD_LIBRARY_PATH} PYTHONPATH=/home/GTL/apaul/ros2_hw1/build/task_manager_client_py/prefix_override:/usr/lib/python3/dist-packages/colcon_core/task/python/colcon_distutils_commands:/home/GTL/apaul/ros2_hw1/install/task_manager_client_py/lib/python3.10/site-packages:/home/GTL/apaul/ros2_hw1/install/task_manager_msgs/local/lib/python3.10/dist-packages:${PYTHONPATH} /usr/bin/python3 -W ignore:setup.py install is deprecated setup.py egg_info --egg-base ../../../../build/task_manager_client_py build --build-base /home/GTL/apaul/ros2_hw1/build/task_manager_client_py/build install --record /home/GTL/apaul/ros2_hw1/build/task_manager_client_py/install.log --install-scripts $base/lib/task_manager_client_py --single-version-externally-managed install_data
[1.123s] /usr/lib/python3/dist-packages/setuptools/dist.py:723: UserWarning: Usage of dash-separated 'script-dir' will not be supported in future versions. Please use the underscore name 'script_dir' instead
[1.123s]   warnings.warn(
[1.134s] running egg_info
[1.135s] writing ../../../../build/task_manager_client_py/task_manager_client_py.egg-info/PKG-INFO
[1.136s] writing dependency_links to ../../../../build/task_manager_client_py/task_manager_client_py.egg-info/dependency_links.txt
[1.138s] writing entry points to ../../../../build/task_manager_client_py/task_manager_client_py.egg-info/entry_points.txt
[1.139s] writing requirements to ../../../../build/task_manager_client_py/task_manager_client_py.egg-info/requires.txt
[1.140s] writing top-level names to ../../../../build/task_manager_client_py/task_manager_client_py.egg-info/top_level.txt
[1.150s] reading manifest file '../../../../build/task_manager_client_py/task_manager_client_py.egg-info/SOURCES.txt'
[1.152s] writing manifest file '../../../../build/task_manager_client_py/task_manager_client_py.egg-info/SOURCES.txt'
[1.153s] running build
[1.153s] running build_py
[1.157s] running build_scripts
[1.158s] running install
[1.158s] running install_lib
[1.164s] running install_data
[1.166s] running install_egg_info
[1.167s] removing '/home/GTL/apaul/ros2_hw1/install/task_manager_client_py/lib/python3.10/site-packages/task_manager_client_py-0.0.0-py3.10.egg-info' (and everything under it)
[1.172s] Copying ../../../../build/task_manager_client_py/task_manager_client_py.egg-info to /home/GTL/apaul/ros2_hw1/install/task_manager_client_py/lib/python3.10/site-packages/task_manager_client_py-0.0.0-py3.10.egg-info
[1.198s] running install_scripts
[1.214s] changing mode of /home/GTL/apaul/ros2_hw1/install/task_manager_client_py/lib/task_manager_client_py/console to 755
[1.215s] changing mode of /home/GTL/apaul/ros2_hw1/install/task_manager_client_py/lib/task_manager_client_py/console.py to 775
[1.216s] Installing tasklist script to /home/GTL/apaul/ros2_hw1/install/task_manager_client_py/lib/task_manager_client_py
[1.219s] writing list of installed files to '/home/GTL/apaul/ros2_hw1/build/task_manager_client_py/install.log'
[1.259s] Invoked command in '/home/GTL/apaul/ros2_hw1/src/ros_task_manager/src/task_manager_client_py' returned '0': AMENT_PREFIX_PATH=/home/GTL/apaul/ros2_hw1/install/task_manager_msgs:${AMENT_PREFIX_PATH} CMAKE_PREFIX_PATH=/home/GTL/apaul/ros2_hw1/install/task_manager_msgs LD_LIBRARY_PATH=/home/GTL/apaul/ros2_hw1/install/task_manager_msgs/lib:${LD_LIBRARY_PATH} PYTHONPATH=/home/GTL/apaul/ros2_hw1/build/task_manager_client_py/prefix_override:/usr/lib/python3/dist-packages/colcon_core/task/python/colcon_distutils_commands:/home/GTL/apaul/ros2_hw1/install/task_manager_client_py/lib/python3.10/site-packages:/home/GTL/apaul/ros2_hw1/install/task_manager_msgs/local/lib/python3.10/dist-packages:${PYTHONPATH} /usr/bin/python3 -W ignore:setup.py install is deprecated setup.py egg_info --egg-base ../../../../build/task_manager_client_py build --build-base /home/GTL/apaul/ros2_hw1/build/task_manager_client_py/build install --record /home/GTL/apaul/ros2_hw1/build/task_manager_client_py/install.log --install-scripts $base/lib/task_manager_client_py --single-version-externally-managed install_data
