[0.027s] Invoking command in '/home/GTL/apaul/ros2_hw1/build/occgrid_planner_base': AMENT_PREFIX_PATH=/home/GTL/apaul/ros2_hw1/install/cs7630_msgs:${AMENT_PREFIX_PATH} CMAKE_PREFIX_PATH=/home/GTL/apaul/ros2_hw1/install/cs7630_msgs:/opt/ros/humble LD_LIBRARY_PATH=/home/GTL/apaul/ros2_hw1/install/cs7630_msgs/lib:${LD_LIBRARY_PATH} PYTHONPATH=/home/GTL/apaul/ros2_hw1/install/cs7630_msgs/local/lib/python3.10/dist-packages:${PYTHONPATH} /usr/bin/cmake --build /home/GTL/apaul/ros2_hw1/build/occgrid_planner_base -- -j16 -l16
[0.076s] [35m[1mConsolidate compiler generated dependencies of target occgrid_planner_base[0m
[0.095s] [ 66%] Built target path_optimizer_base
[0.096s] [ 66%] Built target path_follower_base
[0.121s] [ 83%] [32mBuilding CXX object CMakeFiles/occgrid_planner_base.dir/src/occgrid_planner.cpp.o[0m
[17.966s] [100%] [32m[1mLinking CXX executable occgrid_planner_base[0m
[19.108s] [100%] Built target occgrid_planner_base
[19.118s] Invoked command in '/home/GTL/apaul/ros2_hw1/build/occgrid_planner_base' returned '0': AMENT_PREFIX_PATH=/home/GTL/apaul/ros2_hw1/install/cs7630_msgs:${AMENT_PREFIX_PATH} CMAKE_PREFIX_PATH=/home/GTL/apaul/ros2_hw1/install/cs7630_msgs:/opt/ros/humble LD_LIBRARY_PATH=/home/GTL/apaul/ros2_hw1/install/cs7630_msgs/lib:${LD_LIBRARY_PATH} PYTHONPATH=/home/GTL/apaul/ros2_hw1/install/cs7630_msgs/local/lib/python3.10/dist-packages:${PYTHONPATH} /usr/bin/cmake --build /home/GTL/apaul/ros2_hw1/build/occgrid_planner_base -- -j16 -l16
[19.143s] Invoking command in '/home/GTL/apaul/ros2_hw1/build/occgrid_planner_base': AMENT_PREFIX_PATH=/home/GTL/apaul/ros2_hw1/install/cs7630_msgs:${AMENT_PREFIX_PATH} CMAKE_PREFIX_PATH=/home/GTL/apaul/ros2_hw1/install/cs7630_msgs:/opt/ros/humble LD_LIBRARY_PATH=/home/GTL/apaul/ros2_hw1/install/cs7630_msgs/lib:${LD_LIBRARY_PATH} PYTHONPATH=/home/GTL/apaul/ros2_hw1/install/cs7630_msgs/local/lib/python3.10/dist-packages:${PYTHONPATH} /usr/bin/cmake --install /home/GTL/apaul/ros2_hw1/build/occgrid_planner_base
[19.148s] -- Install configuration: ""
[19.150s] -- Installing: /home/GTL/apaul/ros2_hw1/install/occgrid_planner_base/lib/occgrid_planner_base/occgrid_planner_base
[19.342s] -- Set runtime path of "/home/GTL/apaul/ros2_hw1/install/occgrid_planner_base/lib/occgrid_planner_base/occgrid_planner_base" to ""
[19.343s] -- Up-to-date: /home/GTL/apaul/ros2_hw1/install/occgrid_planner_base/lib/occgrid_planner_base/path_optimizer_base
[19.347s] -- Up-to-date: /home/GTL/apaul/ros2_hw1/install/occgrid_planner_base/lib/occgrid_planner_base/path_follower_base
[19.350s] -- Up-to-date: /home/GTL/apaul/ros2_hw1/install/occgrid_planner_base/share/occgrid_planner_base
[19.352s] -- Up-to-date: /home/GTL/apaul/ros2_hw1/install/occgrid_planner_base/share/occgrid_planner_base/planner.launch.py
[19.353s] -- Up-to-date: /home/GTL/apaul/ros2_hw1/install/occgrid_planner_base/share/occgrid_planner_base/mapper_params_online_sync.yaml
[19.354s] -- Up-to-date: /home/GTL/apaul/ros2_hw1/install/occgrid_planner_base/share/occgrid_planner_base/slam_tb_sync.launch.py
[19.355s] -- Up-to-date: /home/GTL/apaul/ros2_hw1/install/occgrid_planner_base/share/occgrid_planner_base/mapper_params_tb_sync.yaml
[19.356s] -- Up-to-date: /home/GTL/apaul/ros2_hw1/install/occgrid_planner_base/share/occgrid_planner_base/slam_online_sync.launch.py
[19.357s] -- Up-to-date: /home/GTL/apaul/ros2_hw1/install/occgrid_planner_base/share/occgrid_planner_base/__pycache__
[19.358s] -- Up-to-date: /home/GTL/apaul/ros2_hw1/install/occgrid_planner_base/share/occgrid_planner_base/__pycache__/slam_online_sync.launch.cpython-310.pyc
[19.359s] -- Installing: /home/GTL/apaul/ros2_hw1/install/occgrid_planner_base/share/occgrid_planner_base/__pycache__/planner.launch.cpython-310.pyc
[19.365s] -- Up-to-date: /home/GTL/apaul/ros2_hw1/install/occgrid_planner_base/share/ament_index/resource_index/package_run_dependencies/occgrid_planner_base
[19.366s] -- Up-to-date: /home/GTL/apaul/ros2_hw1/install/occgrid_planner_base/share/ament_index/resource_index/parent_prefix_path/occgrid_planner_base
[19.367s] -- Up-to-date: /home/GTL/apaul/ros2_hw1/install/occgrid_planner_base/share/occgrid_planner_base/environment/ament_prefix_path.sh
[19.368s] -- Up-to-date: /home/GTL/apaul/ros2_hw1/install/occgrid_planner_base/share/occgrid_planner_base/environment/ament_prefix_path.dsv
[19.369s] -- Up-to-date: /home/GTL/apaul/ros2_hw1/install/occgrid_planner_base/share/occgrid_planner_base/environment/path.sh
[19.369s] -- Up-to-date: /home/GTL/apaul/ros2_hw1/install/occgrid_planner_base/share/occgrid_planner_base/environment/path.dsv
[19.370s] -- Up-to-date: /home/GTL/apaul/ros2_hw1/install/occgrid_planner_base/share/occgrid_planner_base/local_setup.bash
[19.371s] -- Up-to-date: /home/GTL/apaul/ros2_hw1/install/occgrid_planner_base/share/occgrid_planner_base/local_setup.sh
[19.371s] -- Up-to-date: /home/GTL/apaul/ros2_hw1/install/occgrid_planner_base/share/occgrid_planner_base/local_setup.zsh
[19.372s] -- Up-to-date: /home/GTL/apaul/ros2_hw1/install/occgrid_planner_base/share/occgrid_planner_base/local_setup.dsv
[19.373s] -- Installing: /home/GTL/apaul/ros2_hw1/install/occgrid_planner_base/share/occgrid_planner_base/package.dsv
[19.378s] -- Up-to-date: /home/GTL/apaul/ros2_hw1/install/occgrid_planner_base/share/ament_index/resource_index/packages/occgrid_planner_base
[19.379s] -- Up-to-date: /home/GTL/apaul/ros2_hw1/install/occgrid_planner_base/share/occgrid_planner_base/cmake/occgrid_planner_baseConfig.cmake
[19.379s] -- Up-to-date: /home/GTL/apaul/ros2_hw1/install/occgrid_planner_base/share/occgrid_planner_base/cmake/occgrid_planner_baseConfig-version.cmake
[19.380s] -- Up-to-date: /home/GTL/apaul/ros2_hw1/install/occgrid_planner_base/share/occgrid_planner_base/package.xml
[19.383s] Invoked command in '/home/GTL/apaul/ros2_hw1/build/occgrid_planner_base' returned '0': AMENT_PREFIX_PATH=/home/GTL/apaul/ros2_hw1/install/cs7630_msgs:${AMENT_PREFIX_PATH} CMAKE_PREFIX_PATH=/home/GTL/apaul/ros2_hw1/install/cs7630_msgs:/opt/ros/humble LD_LIBRARY_PATH=/home/GTL/apaul/ros2_hw1/install/cs7630_msgs/lib:${LD_LIBRARY_PATH} PYTHONPATH=/home/GTL/apaul/ros2_hw1/install/cs7630_msgs/local/lib/python3.10/dist-packages:${PYTHONPATH} /usr/bin/cmake --install /home/GTL/apaul/ros2_hw1/build/occgrid_planner_base
