[0.884s] Invoking command in '/home/GTL/apaul/ros2_hw1/src/ar_loc_base': AMENT_PREFIX_PATH=/home/GTL/apaul/ros2_hw1/install/rover_driver_base:${AMENT_PREFIX_PATH} PYTHONPATH=/home/GTL/apaul/ros2_hw1/build/ar_loc_base/prefix_override:/usr/lib/python3/dist-packages/colcon_core/task/python/colcon_distutils_commands:/home/GTL/apaul/ros2_hw1/install/ar_loc_base/lib/python3.10/site-packages:/home/GTL/apaul/ros2_hw1/install/rover_driver_base/lib/python3.10/site-packages:${PYTHONPATH} /usr/bin/python3 -W ignore:setup.py install is deprecated setup.py egg_info --egg-base ../../build/ar_loc_base build --build-base /home/GTL/apaul/ros2_hw1/build/ar_loc_base/build install --record /home/GTL/apaul/ros2_hw1/build/ar_loc_base/install.log --single-version-externally-managed install_data
[1.139s] running egg_info
[1.140s] writing ../../build/ar_loc_base/ar_loc_base.egg-info/PKG-INFO
[1.141s] writing dependency_links to ../../build/ar_loc_base/ar_loc_base.egg-info/dependency_links.txt
[1.142s] writing entry points to ../../build/ar_loc_base/ar_loc_base.egg-info/entry_points.txt
[1.143s] writing requirements to ../../build/ar_loc_base/ar_loc_base.egg-info/requires.txt
[1.144s] writing top-level names to ../../build/ar_loc_base/ar_loc_base.egg-info/top_level.txt
[1.152s] reading manifest file '../../build/ar_loc_base/ar_loc_base.egg-info/SOURCES.txt'
[1.154s] writing manifest file '../../build/ar_loc_base/ar_loc_base.egg-info/SOURCES.txt'
[1.155s] running build
[1.155s] running build_py
[1.159s] running install
[1.159s] running install_lib
[1.165s] running install_data
[1.167s] running install_egg_info
[1.169s] removing '/home/GTL/apaul/ros2_hw1/install/ar_loc_base/lib/python3.10/site-packages/ar_loc_base-0.0.0-py3.10.egg-info' (and everything under it)
[1.174s] Copying ../../build/ar_loc_base/ar_loc_base.egg-info to /home/GTL/apaul/ros2_hw1/install/ar_loc_base/lib/python3.10/site-packages/ar_loc_base-0.0.0-py3.10.egg-info
[1.200s] running install_scripts
[1.216s] Installing ar_loc_node script to /home/GTL/apaul/ros2_hw1/install/ar_loc_base/lib/ar_loc_base
[1.218s] writing list of installed files to '/home/GTL/apaul/ros2_hw1/build/ar_loc_base/install.log'
[1.253s] Invoked command in '/home/GTL/apaul/ros2_hw1/src/ar_loc_base' returned '0': AMENT_PREFIX_PATH=/home/GTL/apaul/ros2_hw1/install/rover_driver_base:${AMENT_PREFIX_PATH} PYTHONPATH=/home/GTL/apaul/ros2_hw1/build/ar_loc_base/prefix_override:/usr/lib/python3/dist-packages/colcon_core/task/python/colcon_distutils_commands:/home/GTL/apaul/ros2_hw1/install/ar_loc_base/lib/python3.10/site-packages:/home/GTL/apaul/ros2_hw1/install/rover_driver_base/lib/python3.10/site-packages:${PYTHONPATH} /usr/bin/python3 -W ignore:setup.py install is deprecated setup.py egg_info --egg-base ../../build/ar_loc_base build --build-base /home/GTL/apaul/ros2_hw1/build/ar_loc_base/build install --record /home/GTL/apaul/ros2_hw1/build/ar_loc_base/install.log --single-version-externally-managed install_data
