[0.037s] Invoking command in '/home/GTL/apaul/ros2_hw1/build/task_manager_nav2': CMAKE_PREFIX_PATH=/home/GTL/apaul/ros2_hw1/install/task_manager_lib:/home/GTL/apaul/ros2_hw1/install/task_manager_msgs:/home/GTL/apaul/ros2_hw1/install/vrep4_helpers:/home/GTL/apaul/ros2_hw1/install/task_manager_sync:/home/GTL/apaul/ros2_hw1/install/floor_nav:/home/GTL/apaul/ros2_hw1/install/task_manager_nav2:/home/GTL/apaul/ros2_hw1/install/joy_pack:/home/GTL/apaul/ros2_hw1/install/face_msg:/home/GTL/apaul/ros2_hw1/install/cs7630_msgs:/home/GTL/apaul/ros2_hw1/install/collision_avoidance_base:/home/GTL/apaul/ros2_hw1/install/vrep_ros_teleop:/home/GTL/apaul/ros2_hw1/install/task_manager_client_py:/home/GTL/apaul/ros2_hw1/install/ar_slam_base:/home/GTL/apaul/ros2_hw1/install/ar_loc_base:/home/GTL/apaul/ros2_hw1/install/rover_driver_base:/home/GTL/apaul/ros2_hw1/install/keyboard_teleop:/home/GTL/apaul/ros2_hw1/install/face_detect_base:/home/GTL/apaul/ros2_hw1/install/button_server:/home/GTL/apaul/ros2_hw1/install/ar_mapping_base:/opt/ros/humble LD_LIBRARY_PATH=/home/GTL/apaul/ros2_hw1/install/task_manager_lib/lib:/home/GTL/apaul/ros2_hw1/install/task_manager_msgs/lib:/home/GTL/apaul/ros2_hw1/install/task_manager_sync/lib:/home/GTL/apaul/ros2_hw1/install/face_msg/lib:/home/GTL/apaul/ros2_hw1/install/cs7630_msgs/lib:/usr/lib/x86_64-linux-gnu/gazebo-11/plugins:/opt/ros/humble/opt/rviz_ogre_vendor/lib:/opt/ros/humble/lib/x86_64-linux-gnu:/opt/ros/humble/lib /usr/bin/cmake /home/GTL/apaul/ros2_hw1/src/ros_task_manager/src/task_manager_nav2 -DCMAKE_INSTALL_PREFIX=/home/GTL/apaul/ros2_hw1/install/task_manager_nav2
[0.098s] -- The C compiler identification is GNU 11.4.0
[0.152s] -- The CXX compiler identification is GNU 11.4.0
[0.162s] -- Detecting C compiler ABI info
[0.269s] -- Detecting C compiler ABI info - done
[0.277s] -- Check for working C compiler: /usr/bin/cc - skipped
[0.277s] -- Detecting C compile features
[0.277s] -- Detecting C compile features - done
[0.284s] -- Detecting CXX compiler ABI info
[0.391s] -- Detecting CXX compiler ABI info - done
[0.400s] -- Check for working CXX compiler: /usr/bin/c++ - skipped
[0.400s] -- Detecting CXX compile features
[0.401s] -- Detecting CXX compile features - done
[0.446s] -- Found ament_cmake: 1.3.10 (/opt/ros/humble/share/ament_cmake/cmake)
[0.655s] -- Found Python3: /usr/bin/python3 (found version "3.10.12") found components: Interpreter 
[1.274s] -- Found nav2_msgs: 1.1.16 (/opt/ros/humble/share/nav2_msgs/cmake)
[1.644s] -- Found rosidl_generator_c: 3.1.5 (/opt/ros/humble/share/rosidl_generator_c/cmake)
[1.724s] -- Found rosidl_adapter: 3.1.5 (/opt/ros/humble/share/rosidl_adapter/cmake)
[1.805s] -- Found rosidl_generator_cpp: 3.1.5 (/opt/ros/humble/share/rosidl_generator_cpp/cmake)
[1.887s] -- Using all available rosidl_typesupport_c: rosidl_typesupport_fastrtps_c;rosidl_typesupport_introspection_c
[2.012s] -- Using all available rosidl_typesupport_cpp: rosidl_typesupport_fastrtps_cpp;rosidl_typesupport_introspection_cpp
[2.358s] -- Found task_manager_lib: 0.0.0 (/home/GTL/apaul/ros2_hw1/install/task_manager_lib/share/task_manager_lib/cmake)
[2.868s] -- Found rmw_implementation_cmake: 6.1.2 (/opt/ros/humble/share/rmw_implementation_cmake/cmake)
[2.908s] -- Found rmw_cyclonedds_cpp: 1.3.4 (/opt/ros/humble/share/rmw_cyclonedds_cpp/cmake)
[3.152s] -- Using RMW implementation 'rmw_cyclonedds_cpp' as default
[3.271s] -- Looking for pthread.h
[3.372s] -- Looking for pthread.h - found
[3.374s] -- Performing Test CMAKE_HAVE_LIBC_PTHREAD
[3.477s] -- Performing Test CMAKE_HAVE_LIBC_PTHREAD - Success
[3.478s] -- Found Threads: TRUE  
[3.802s] -- Found tf2_geometry_msgs: 0.25.8 (/opt/ros/humble/share/tf2_geometry_msgs/cmake)
[3.976s] -- Found eigen3_cmake_module: 0.1.1 (/opt/ros/humble/share/eigen3_cmake_module/cmake)
[3.977s] -- Found Eigen3: TRUE (found version "3.4.0") 
[3.977s] -- Ensuring Eigen3 include directory is part of orocos-kdl CMake target
[4.388s] -- Found ament_lint_auto: 0.12.11 (/opt/ros/humble/share/ament_lint_auto/cmake)
[4.839s] -- Added test 'copyright' to check source files copyright and LICENSE
[4.847s] -- Added test 'cppcheck' to perform static code analysis on C / C++ code
[4.848s] -- Configured cppcheck include dirs: 
[4.848s] -- Configured cppcheck exclude dirs and/or files: 
[4.856s] -- Added test 'cpplint' to check C / C++ code against the Google style
[4.856s] -- Configured cpplint exclude dirs and/or files: 
[4.861s] -- Added test 'lint_cmake' to check CMake code style
[4.870s] -- Added test 'uncrustify' to check C / C++ code style
[4.870s] -- Configured uncrustify additional arguments: 
[4.873s] -- Added test 'xmllint' to check XML markup files
[4.913s] -- Configuring done
[4.979s] -- Generating done
[4.995s] -- Build files have been written to: /home/GTL/apaul/ros2_hw1/build/task_manager_nav2
[5.004s] Invoked command in '/home/GTL/apaul/ros2_hw1/build/task_manager_nav2' returned '0': CMAKE_PREFIX_PATH=/home/GTL/apaul/ros2_hw1/install/task_manager_lib:/home/GTL/apaul/ros2_hw1/install/task_manager_msgs:/home/GTL/apaul/ros2_hw1/install/vrep4_helpers:/home/GTL/apaul/ros2_hw1/install/task_manager_sync:/home/GTL/apaul/ros2_hw1/install/floor_nav:/home/GTL/apaul/ros2_hw1/install/task_manager_nav2:/home/GTL/apaul/ros2_hw1/install/joy_pack:/home/GTL/apaul/ros2_hw1/install/face_msg:/home/GTL/apaul/ros2_hw1/install/cs7630_msgs:/home/GTL/apaul/ros2_hw1/install/collision_avoidance_base:/home/GTL/apaul/ros2_hw1/install/vrep_ros_teleop:/home/GTL/apaul/ros2_hw1/install/task_manager_client_py:/home/GTL/apaul/ros2_hw1/install/ar_slam_base:/home/GTL/apaul/ros2_hw1/install/ar_loc_base:/home/GTL/apaul/ros2_hw1/install/rover_driver_base:/home/GTL/apaul/ros2_hw1/install/keyboard_teleop:/home/GTL/apaul/ros2_hw1/install/face_detect_base:/home/GTL/apaul/ros2_hw1/install/button_server:/home/GTL/apaul/ros2_hw1/install/ar_mapping_base:/opt/ros/humble LD_LIBRARY_PATH=/home/GTL/apaul/ros2_hw1/install/task_manager_lib/lib:/home/GTL/apaul/ros2_hw1/install/task_manager_msgs/lib:/home/GTL/apaul/ros2_hw1/install/task_manager_sync/lib:/home/GTL/apaul/ros2_hw1/install/face_msg/lib:/home/GTL/apaul/ros2_hw1/install/cs7630_msgs/lib:/usr/lib/x86_64-linux-gnu/gazebo-11/plugins:/opt/ros/humble/opt/rviz_ogre_vendor/lib:/opt/ros/humble/lib/x86_64-linux-gnu:/opt/ros/humble/lib /usr/bin/cmake /home/GTL/apaul/ros2_hw1/src/ros_task_manager/src/task_manager_nav2 -DCMAKE_INSTALL_PREFIX=/home/GTL/apaul/ros2_hw1/install/task_manager_nav2
[5.011s] Invoking command in '/home/GTL/apaul/ros2_hw1/build/task_manager_nav2': CMAKE_PREFIX_PATH=/home/GTL/apaul/ros2_hw1/install/task_manager_lib:/home/GTL/apaul/ros2_hw1/install/task_manager_msgs:/home/GTL/apaul/ros2_hw1/install/vrep4_helpers:/home/GTL/apaul/ros2_hw1/install/task_manager_sync:/home/GTL/apaul/ros2_hw1/install/floor_nav:/home/GTL/apaul/ros2_hw1/install/task_manager_nav2:/home/GTL/apaul/ros2_hw1/install/joy_pack:/home/GTL/apaul/ros2_hw1/install/face_msg:/home/GTL/apaul/ros2_hw1/install/cs7630_msgs:/home/GTL/apaul/ros2_hw1/install/collision_avoidance_base:/home/GTL/apaul/ros2_hw1/install/vrep_ros_teleop:/home/GTL/apaul/ros2_hw1/install/task_manager_client_py:/home/GTL/apaul/ros2_hw1/install/ar_slam_base:/home/GTL/apaul/ros2_hw1/install/ar_loc_base:/home/GTL/apaul/ros2_hw1/install/rover_driver_base:/home/GTL/apaul/ros2_hw1/install/keyboard_teleop:/home/GTL/apaul/ros2_hw1/install/face_detect_base:/home/GTL/apaul/ros2_hw1/install/button_server:/home/GTL/apaul/ros2_hw1/install/ar_mapping_base:/opt/ros/humble LD_LIBRARY_PATH=/home/GTL/apaul/ros2_hw1/install/task_manager_lib/lib:/home/GTL/apaul/ros2_hw1/install/task_manager_msgs/lib:/home/GTL/apaul/ros2_hw1/install/task_manager_sync/lib:/home/GTL/apaul/ros2_hw1/install/face_msg/lib:/home/GTL/apaul/ros2_hw1/install/cs7630_msgs/lib:/usr/lib/x86_64-linux-gnu/gazebo-11/plugins:/opt/ros/humble/opt/rviz_ogre_vendor/lib:/opt/ros/humble/lib/x86_64-linux-gnu:/opt/ros/humble/lib /usr/bin/cmake --build /home/GTL/apaul/ros2_hw1/build/task_manager_nav2 -- -j16 -l16
[5.048s] Invoked command in '/home/GTL/apaul/ros2_hw1/build/task_manager_nav2' returned '0': CMAKE_PREFIX_PATH=/home/GTL/apaul/ros2_hw1/install/task_manager_lib:/home/GTL/apaul/ros2_hw1/install/task_manager_msgs:/home/GTL/apaul/ros2_hw1/install/vrep4_helpers:/home/GTL/apaul/ros2_hw1/install/task_manager_sync:/home/GTL/apaul/ros2_hw1/install/floor_nav:/home/GTL/apaul/ros2_hw1/install/task_manager_nav2:/home/GTL/apaul/ros2_hw1/install/joy_pack:/home/GTL/apaul/ros2_hw1/install/face_msg:/home/GTL/apaul/ros2_hw1/install/cs7630_msgs:/home/GTL/apaul/ros2_hw1/install/collision_avoidance_base:/home/GTL/apaul/ros2_hw1/install/vrep_ros_teleop:/home/GTL/apaul/ros2_hw1/install/task_manager_client_py:/home/GTL/apaul/ros2_hw1/install/ar_slam_base:/home/GTL/apaul/ros2_hw1/install/ar_loc_base:/home/GTL/apaul/ros2_hw1/install/rover_driver_base:/home/GTL/apaul/ros2_hw1/install/keyboard_teleop:/home/GTL/apaul/ros2_hw1/install/face_detect_base:/home/GTL/apaul/ros2_hw1/install/button_server:/home/GTL/apaul/ros2_hw1/install/ar_mapping_base:/opt/ros/humble LD_LIBRARY_PATH=/home/GTL/apaul/ros2_hw1/install/task_manager_lib/lib:/home/GTL/apaul/ros2_hw1/install/task_manager_msgs/lib:/home/GTL/apaul/ros2_hw1/install/task_manager_sync/lib:/home/GTL/apaul/ros2_hw1/install/face_msg/lib:/home/GTL/apaul/ros2_hw1/install/cs7630_msgs/lib:/usr/lib/x86_64-linux-gnu/gazebo-11/plugins:/opt/ros/humble/opt/rviz_ogre_vendor/lib:/opt/ros/humble/lib/x86_64-linux-gnu:/opt/ros/humble/lib /usr/bin/cmake --build /home/GTL/apaul/ros2_hw1/build/task_manager_nav2 -- -j16 -l16
[5.067s] Invoking command in '/home/GTL/apaul/ros2_hw1/build/task_manager_nav2': CMAKE_PREFIX_PATH=/home/GTL/apaul/ros2_hw1/install/task_manager_lib:/home/GTL/apaul/ros2_hw1/install/task_manager_msgs:/home/GTL/apaul/ros2_hw1/install/vrep4_helpers:/home/GTL/apaul/ros2_hw1/install/task_manager_sync:/home/GTL/apaul/ros2_hw1/install/floor_nav:/home/GTL/apaul/ros2_hw1/install/task_manager_nav2:/home/GTL/apaul/ros2_hw1/install/joy_pack:/home/GTL/apaul/ros2_hw1/install/face_msg:/home/GTL/apaul/ros2_hw1/install/cs7630_msgs:/home/GTL/apaul/ros2_hw1/install/collision_avoidance_base:/home/GTL/apaul/ros2_hw1/install/vrep_ros_teleop:/home/GTL/apaul/ros2_hw1/install/task_manager_client_py:/home/GTL/apaul/ros2_hw1/install/ar_slam_base:/home/GTL/apaul/ros2_hw1/install/ar_loc_base:/home/GTL/apaul/ros2_hw1/install/rover_driver_base:/home/GTL/apaul/ros2_hw1/install/keyboard_teleop:/home/GTL/apaul/ros2_hw1/install/face_detect_base:/home/GTL/apaul/ros2_hw1/install/button_server:/home/GTL/apaul/ros2_hw1/install/ar_mapping_base:/opt/ros/humble LD_LIBRARY_PATH=/home/GTL/apaul/ros2_hw1/install/task_manager_lib/lib:/home/GTL/apaul/ros2_hw1/install/task_manager_msgs/lib:/home/GTL/apaul/ros2_hw1/install/task_manager_sync/lib:/home/GTL/apaul/ros2_hw1/install/face_msg/lib:/home/GTL/apaul/ros2_hw1/install/cs7630_msgs/lib:/usr/lib/x86_64-linux-gnu/gazebo-11/plugins:/opt/ros/humble/opt/rviz_ogre_vendor/lib:/opt/ros/humble/lib/x86_64-linux-gnu:/opt/ros/humble/lib /usr/bin/cmake --install /home/GTL/apaul/ros2_hw1/build/task_manager_nav2
[5.073s] -- Install configuration: ""
[5.073s] -- Installing: /home/GTL/apaul/ros2_hw1/install/task_manager_nav2/include/task_manager_nav2
[5.078s] -- Installing: /home/GTL/apaul/ros2_hw1/install/task_manager_nav2/include/task_manager_nav2/TaskActionNav2.h
[5.088s] -- Installing: /home/GTL/apaul/ros2_hw1/install/task_manager_nav2/share/ament_index/resource_index/package_run_dependencies/task_manager_nav2
[5.095s] -- Installing: /home/GTL/apaul/ros2_hw1/install/task_manager_nav2/share/ament_index/resource_index/parent_prefix_path/task_manager_nav2
[5.102s] -- Installing: /home/GTL/apaul/ros2_hw1/install/task_manager_nav2/share/task_manager_nav2/environment/ament_prefix_path.sh
[5.106s] -- Installing: /home/GTL/apaul/ros2_hw1/install/task_manager_nav2/share/task_manager_nav2/environment/ament_prefix_path.dsv
[5.110s] -- Installing: /home/GTL/apaul/ros2_hw1/install/task_manager_nav2/share/task_manager_nav2/environment/path.sh
[5.114s] -- Installing: /home/GTL/apaul/ros2_hw1/install/task_manager_nav2/share/task_manager_nav2/environment/path.dsv
[5.117s] -- Installing: /home/GTL/apaul/ros2_hw1/install/task_manager_nav2/share/task_manager_nav2/local_setup.bash
[5.121s] -- Installing: /home/GTL/apaul/ros2_hw1/install/task_manager_nav2/share/task_manager_nav2/local_setup.sh
[5.125s] -- Installing: /home/GTL/apaul/ros2_hw1/install/task_manager_nav2/share/task_manager_nav2/local_setup.zsh
[5.129s] -- Installing: /home/GTL/apaul/ros2_hw1/install/task_manager_nav2/share/task_manager_nav2/local_setup.dsv
[5.133s] -- Installing: /home/GTL/apaul/ros2_hw1/install/task_manager_nav2/share/task_manager_nav2/package.dsv
[5.140s] -- Installing: /home/GTL/apaul/ros2_hw1/install/task_manager_nav2/share/ament_index/resource_index/packages/task_manager_nav2
[5.146s] -- Installing: /home/GTL/apaul/ros2_hw1/install/task_manager_nav2/share/task_manager_nav2/cmake/ament_cmake_export_dependencies-extras.cmake
[5.150s] -- Installing: /home/GTL/apaul/ros2_hw1/install/task_manager_nav2/share/task_manager_nav2/cmake/ament_cmake_export_include_directories-extras.cmake
[5.154s] -- Installing: /home/GTL/apaul/ros2_hw1/install/task_manager_nav2/share/task_manager_nav2/cmake/task_manager_nav2Config.cmake
[5.158s] -- Installing: /home/GTL/apaul/ros2_hw1/install/task_manager_nav2/share/task_manager_nav2/cmake/task_manager_nav2Config-version.cmake
[5.162s] -- Installing: /home/GTL/apaul/ros2_hw1/install/task_manager_nav2/share/task_manager_nav2/package.xml
[5.168s] Invoked command in '/home/GTL/apaul/ros2_hw1/build/task_manager_nav2' returned '0': CMAKE_PREFIX_PATH=/home/GTL/apaul/ros2_hw1/install/task_manager_lib:/home/GTL/apaul/ros2_hw1/install/task_manager_msgs:/home/GTL/apaul/ros2_hw1/install/vrep4_helpers:/home/GTL/apaul/ros2_hw1/install/task_manager_sync:/home/GTL/apaul/ros2_hw1/install/floor_nav:/home/GTL/apaul/ros2_hw1/install/task_manager_nav2:/home/GTL/apaul/ros2_hw1/install/joy_pack:/home/GTL/apaul/ros2_hw1/install/face_msg:/home/GTL/apaul/ros2_hw1/install/cs7630_msgs:/home/GTL/apaul/ros2_hw1/install/collision_avoidance_base:/home/GTL/apaul/ros2_hw1/install/vrep_ros_teleop:/home/GTL/apaul/ros2_hw1/install/task_manager_client_py:/home/GTL/apaul/ros2_hw1/install/ar_slam_base:/home/GTL/apaul/ros2_hw1/install/ar_loc_base:/home/GTL/apaul/ros2_hw1/install/rover_driver_base:/home/GTL/apaul/ros2_hw1/install/keyboard_teleop:/home/GTL/apaul/ros2_hw1/install/face_detect_base:/home/GTL/apaul/ros2_hw1/install/button_server:/home/GTL/apaul/ros2_hw1/install/ar_mapping_base:/opt/ros/humble LD_LIBRARY_PATH=/home/GTL/apaul/ros2_hw1/install/task_manager_lib/lib:/home/GTL/apaul/ros2_hw1/install/task_manager_msgs/lib:/home/GTL/apaul/ros2_hw1/install/task_manager_sync/lib:/home/GTL/apaul/ros2_hw1/install/face_msg/lib:/home/GTL/apaul/ros2_hw1/install/cs7630_msgs/lib:/usr/lib/x86_64-linux-gnu/gazebo-11/plugins:/opt/ros/humble/opt/rviz_ogre_vendor/lib:/opt/ros/humble/lib/x86_64-linux-gnu:/opt/ros/humble/lib /usr/bin/cmake --install /home/GTL/apaul/ros2_hw1/build/task_manager_nav2
