[1.025s] Invoking command in '/home/GTL/apaul/ros2_hw1/src/keyboard_teleop': PYTHONPATH=/home/GTL/apaul/ros2_hw1/build/keyboard_teleop/prefix_override:/usr/lib/python3/dist-packages/colcon_core/task/python/colcon_distutils_commands:/home/GTL/apaul/ros2_hw1/install/keyboard_teleop/lib/python3.10/site-packages:${PYTHONPATH} /usr/bin/python3 -W ignore:setup.py install is deprecated setup.py egg_info --egg-base ../../build/keyboard_teleop build --build-base /home/GTL/apaul/ros2_hw1/build/keyboard_teleop/build install --record /home/GTL/apaul/ros2_hw1/build/keyboard_teleop/install.log --single-version-externally-managed install_data
[1.206s] running egg_info
[1.207s] writing ../../build/keyboard_teleop/keyboard_teleop.egg-info/PKG-INFO
[1.208s] writing dependency_links to ../../build/keyboard_teleop/keyboard_teleop.egg-info/dependency_links.txt
[1.209s] writing entry points to ../../build/keyboard_teleop/keyboard_teleop.egg-info/entry_points.txt
[1.210s] writing requirements to ../../build/keyboard_teleop/keyboard_teleop.egg-info/requires.txt
[1.211s] writing top-level names to ../../build/keyboard_teleop/keyboard_teleop.egg-info/top_level.txt
[1.214s] reading manifest file '../../build/keyboard_teleop/keyboard_teleop.egg-info/SOURCES.txt'
[1.216s] writing manifest file '../../build/keyboard_teleop/keyboard_teleop.egg-info/SOURCES.txt'
[1.217s] running build
[1.217s] running build_py
[1.217s] running install
[1.218s] running install_lib
[1.219s] running install_data
[1.219s] running install_egg_info
[1.220s] removing '/home/GTL/apaul/ros2_hw1/install/keyboard_teleop/lib/python3.10/site-packages/keyboard_teleop-0.0.0-py3.10.egg-info' (and everything under it)
[1.223s] Copying ../../build/keyboard_teleop/keyboard_teleop.egg-info to /home/GTL/apaul/ros2_hw1/install/keyboard_teleop/lib/python3.10/site-packages/keyboard_teleop-0.0.0-py3.10.egg-info
[1.242s] running install_scripts
[1.258s] Installing keyboard_joystick_node script to /home/GTL/apaul/ros2_hw1/install/keyboard_teleop/lib/keyboard_teleop
[1.259s] Installing keyboard_teleop_node script to /home/GTL/apaul/ros2_hw1/install/keyboard_teleop/lib/keyboard_teleop
[1.268s] writing list of installed files to '/home/GTL/apaul/ros2_hw1/build/keyboard_teleop/install.log'
[1.316s] Invoked command in '/home/GTL/apaul/ros2_hw1/src/keyboard_teleop' returned '0': PYTHONPATH=/home/GTL/apaul/ros2_hw1/build/keyboard_teleop/prefix_override:/usr/lib/python3/dist-packages/colcon_core/task/python/colcon_distutils_commands:/home/GTL/apaul/ros2_hw1/install/keyboard_teleop/lib/python3.10/site-packages:${PYTHONPATH} /usr/bin/python3 -W ignore:setup.py install is deprecated setup.py egg_info --egg-base ../../build/keyboard_teleop build --build-base /home/GTL/apaul/ros2_hw1/build/keyboard_teleop/build install --record /home/GTL/apaul/ros2_hw1/build/keyboard_teleop/install.log --single-version-externally-managed install_data
