[0.099s] Invoking command in '/home/GTL/apaul/ros2_hw1/build/floor_nav': CMAKE_PREFIX_PATH=/home/GTL/apaul/ros2_hw1/install/task_manager_nav2:/home/GTL/apaul/ros2_hw1/install/task_manager_lib:/home/GTL/apaul/ros2_hw1/install/task_manager_msgs:/home/GTL/apaul/ros2_hw1/install/face_msg:/home/GTL/apaul/ros2_hw1/install/cs7630_msgs:/home/GTL/apaul/ros2_hw1/install/vrep4_helpers:/home/GTL/apaul/ros2_hw1/install/task_manager_sync:/home/GTL/apaul/ros2_hw1/install/floor_nav:/home/GTL/apaul/ros2_hw1/install/joy_pack:/home/GTL/apaul/ros2_hw1/install/collision_avoidance_base:/home/GTL/apaul/ros2_hw1/install/vrep_ros_teleop:/home/GTL/apaul/ros2_hw1/install/task_manager_client_py:/home/GTL/apaul/ros2_hw1/install/keyboard_teleop:/home/GTL/apaul/ros2_hw1/install/face_detect_base:/home/GTL/apaul/ros2_hw1/install/button_server:/opt/ros/humble LD_LIBRARY_PATH=/home/GTL/apaul/ros2_hw1/install/task_manager_lib/lib:/home/GTL/apaul/ros2_hw1/install/task_manager_msgs/lib:/home/GTL/apaul/ros2_hw1/install/face_msg/lib:/home/GTL/apaul/ros2_hw1/install/cs7630_msgs/lib:/home/GTL/apaul/ros2_hw1/install/task_manager_sync/lib:/usr/lib/x86_64-linux-gnu/gazebo-11/plugins:/opt/ros/humble/opt/rviz_ogre_vendor/lib:/opt/ros/humble/lib/x86_64-linux-gnu:/opt/ros/humble/lib /usr/bin/cmake --build /home/GTL/apaul/ros2_hw1/build/floor_nav -- -j16 -l16
[0.191s] [35m[1mConsolidate compiler generated dependencies of target floornav_TaskGoToPose[0m
[0.281s] [ 32%] Built target floornav_task_server
[0.282s] [ 32%] Built target floornav_TaskTrigger
[0.282s] [ 54%] Built target floornav_TaskGoTo
[0.288s] [ 54%] Built target floornav_TaskStareAtFace
[0.289s] [ 54%] Built target floornav_TaskConstant
[0.289s] [ 74%] Built target floornav_TaskSetMux
[0.292s] [ 74%] Built target floornav_TaskSetBool
[0.292s] [ 74%] Built target floornav_TaskNav2
[0.292s] [ 74%] Built target floornav_TaskWander
[0.293s] [ 87%] Built target floornav_TaskPlanTo
[0.293s] [ 74%] Built target floornav_TaskSetHeading
[0.296s] [ 87%] Built target floornav_TaskWaitForFace
[0.296s] [ 93%] Built target floornav_TaskAutoDock
[0.296s] [ 93%] Built target floornav_TaskWaitForROI
[0.314s] [ 96%] [32mBuilding CXX object CMakeFiles/floornav_TaskGoToPose.dir/tasks/TaskGoToPose.cpp.o[0m
[7.252s] [100%] [32m[1mLinking CXX shared library libfloornav_TaskGoToPose.so[0m
[13.066s] [100%] Built target floornav_TaskGoToPose
[13.085s] Invoked command in '/home/GTL/apaul/ros2_hw1/build/floor_nav' returned '0': CMAKE_PREFIX_PATH=/home/GTL/apaul/ros2_hw1/install/task_manager_nav2:/home/GTL/apaul/ros2_hw1/install/task_manager_lib:/home/GTL/apaul/ros2_hw1/install/task_manager_msgs:/home/GTL/apaul/ros2_hw1/install/face_msg:/home/GTL/apaul/ros2_hw1/install/cs7630_msgs:/home/GTL/apaul/ros2_hw1/install/vrep4_helpers:/home/GTL/apaul/ros2_hw1/install/task_manager_sync:/home/GTL/apaul/ros2_hw1/install/floor_nav:/home/GTL/apaul/ros2_hw1/install/joy_pack:/home/GTL/apaul/ros2_hw1/install/collision_avoidance_base:/home/GTL/apaul/ros2_hw1/install/vrep_ros_teleop:/home/GTL/apaul/ros2_hw1/install/task_manager_client_py:/home/GTL/apaul/ros2_hw1/install/keyboard_teleop:/home/GTL/apaul/ros2_hw1/install/face_detect_base:/home/GTL/apaul/ros2_hw1/install/button_server:/opt/ros/humble LD_LIBRARY_PATH=/home/GTL/apaul/ros2_hw1/install/task_manager_lib/lib:/home/GTL/apaul/ros2_hw1/install/task_manager_msgs/lib:/home/GTL/apaul/ros2_hw1/install/face_msg/lib:/home/GTL/apaul/ros2_hw1/install/cs7630_msgs/lib:/home/GTL/apaul/ros2_hw1/install/task_manager_sync/lib:/usr/lib/x86_64-linux-gnu/gazebo-11/plugins:/opt/ros/humble/opt/rviz_ogre_vendor/lib:/opt/ros/humble/lib/x86_64-linux-gnu:/opt/ros/humble/lib /usr/bin/cmake --build /home/GTL/apaul/ros2_hw1/build/floor_nav -- -j16 -l16
[13.168s] Invoking command in '/home/GTL/apaul/ros2_hw1/build/floor_nav': CMAKE_PREFIX_PATH=/home/GTL/apaul/ros2_hw1/install/task_manager_nav2:/home/GTL/apaul/ros2_hw1/install/task_manager_lib:/home/GTL/apaul/ros2_hw1/install/task_manager_msgs:/home/GTL/apaul/ros2_hw1/install/face_msg:/home/GTL/apaul/ros2_hw1/install/cs7630_msgs:/home/GTL/apaul/ros2_hw1/install/vrep4_helpers:/home/GTL/apaul/ros2_hw1/install/task_manager_sync:/home/GTL/apaul/ros2_hw1/install/floor_nav:/home/GTL/apaul/ros2_hw1/install/joy_pack:/home/GTL/apaul/ros2_hw1/install/collision_avoidance_base:/home/GTL/apaul/ros2_hw1/install/vrep_ros_teleop:/home/GTL/apaul/ros2_hw1/install/task_manager_client_py:/home/GTL/apaul/ros2_hw1/install/keyboard_teleop:/home/GTL/apaul/ros2_hw1/install/face_detect_base:/home/GTL/apaul/ros2_hw1/install/button_server:/opt/ros/humble LD_LIBRARY_PATH=/home/GTL/apaul/ros2_hw1/install/task_manager_lib/lib:/home/GTL/apaul/ros2_hw1/install/task_manager_msgs/lib:/home/GTL/apaul/ros2_hw1/install/face_msg/lib:/home/GTL/apaul/ros2_hw1/install/cs7630_msgs/lib:/home/GTL/apaul/ros2_hw1/install/task_manager_sync/lib:/usr/lib/x86_64-linux-gnu/gazebo-11/plugins:/opt/ros/humble/opt/rviz_ogre_vendor/lib:/opt/ros/humble/lib/x86_64-linux-gnu:/opt/ros/humble/lib /usr/bin/cmake --install /home/GTL/apaul/ros2_hw1/build/floor_nav
[13.176s] -- Install configuration: ""
[13.176s] -- Up-to-date: /home/GTL/apaul/ros2_hw1/install/floor_nav/lib/floor_nav/floornav_task_server
[13.178s] -- Up-to-date: /home/GTL/apaul/ros2_hw1/install/floor_nav/lib/floor_nav/libfloornav_TaskAutoDock.so
[13.180s] -- Up-to-date: /home/GTL/apaul/ros2_hw1/install/floor_nav/lib/floor_nav/libfloornav_TaskWaitForROI.so
[13.181s] -- Up-to-date: /home/GTL/apaul/ros2_hw1/install/floor_nav/lib/floor_nav/libfloornav_TaskWander.so
[13.183s] -- Up-to-date: /home/GTL/apaul/ros2_hw1/install/floor_nav/lib/floor_nav/libfloornav_TaskSetHeading.so
[13.184s] -- Up-to-date: /home/GTL/apaul/ros2_hw1/install/floor_nav/lib/floor_nav/libfloornav_TaskPlanTo.so
[13.186s] -- Up-to-date: /home/GTL/apaul/ros2_hw1/install/floor_nav/lib/floor_nav/libfloornav_TaskGoTo.so
[13.189s] -- Up-to-date: /home/GTL/apaul/ros2_hw1/install/floor_nav/lib/floor_nav/libfloornav_TaskConstant.so
[13.190s] -- Up-to-date: /home/GTL/apaul/ros2_hw1/install/floor_nav/lib/floor_nav/libfloornav_TaskTrigger.so
[13.192s] -- Up-to-date: /home/GTL/apaul/ros2_hw1/install/floor_nav/lib/floor_nav/libfloornav_TaskSetBool.so
[13.193s] -- Up-to-date: /home/GTL/apaul/ros2_hw1/install/floor_nav/lib/floor_nav/libfloornav_TaskSetMux.so
[13.195s] -- Up-to-date: /home/GTL/apaul/ros2_hw1/install/floor_nav/lib/floor_nav/libfloornav_TaskNav2.so
[13.196s] -- Up-to-date: /home/GTL/apaul/ros2_hw1/install/floor_nav/lib/floor_nav/libfloornav_TaskWaitForFace.so
[13.198s] -- Up-to-date: /home/GTL/apaul/ros2_hw1/install/floor_nav/lib/floor_nav/libfloornav_TaskStareAtFace.so
[13.199s] -- Installing: /home/GTL/apaul/ros2_hw1/install/floor_nav/lib/floor_nav/libfloornav_TaskGoToPose.so
[13.235s] -- Set runtime path of "/home/GTL/apaul/ros2_hw1/install/floor_nav/lib/floor_nav/libfloornav_TaskGoToPose.so" to ""
[13.236s] -- Up-to-date: /home/GTL/apaul/ros2_hw1/install/floor_nav/share/floor_nav
[13.237s] -- Up-to-date: /home/GTL/apaul/ros2_hw1/install/floor_nav/share/floor_nav/launch_server_tb.launch.py
[13.237s] -- Up-to-date: /home/GTL/apaul/ros2_hw1/install/floor_nav/share/floor_nav/launch_server_tb.launch
[13.237s] -- Up-to-date: /home/GTL/apaul/ros2_hw1/install/floor_nav/share/floor_nav/__pycache__
[13.238s] -- Up-to-date: /home/GTL/apaul/ros2_hw1/install/floor_nav/share/floor_nav/__pycache__/launch_server_tb.launch.cpython-310.pyc
[13.238s] -- Up-to-date: /home/GTL/apaul/ros2_hw1/install/floor_nav/share/floor_nav/launch_server.launch
[13.238s] -- Up-to-date: /home/GTL/apaul/ros2_hw1/install/floor_nav/lib/floor_nav/graph_forever.py
[13.239s] -- Up-to-date: /home/GTL/apaul/ros2_hw1/install/floor_nav/lib/floor_nav/test_goto.py
[13.239s] -- Up-to-date: /home/GTL/apaul/ros2_hw1/install/floor_nav/lib/floor_nav/test_graph_2d.py
[13.239s] -- Up-to-date: /home/GTL/apaul/ros2_hw1/install/floor_nav/lib/floor_nav/test_graph.py
[13.240s] -- Up-to-date: /home/GTL/apaul/ros2_hw1/install/floor_nav/lib/floor_nav/test_graph-test.py
[13.240s] -- Up-to-date: /home/GTL/apaul/ros2_hw1/install/floor_nav/lib/floor_nav/test_planto.py
[13.240s] -- Up-to-date: /home/GTL/apaul/ros2_hw1/install/floor_nav/lib/floor_nav/test_set_heading.py
[13.241s] -- Up-to-date: /home/GTL/apaul/ros2_hw1/install/floor_nav/lib/floor_nav/test_wander.py
[13.241s] -- Up-to-date: /home/GTL/apaul/ros2_hw1/install/floor_nav/share/ament_index/resource_index/package_run_dependencies/floor_nav
[13.241s] -- Up-to-date: /home/GTL/apaul/ros2_hw1/install/floor_nav/share/ament_index/resource_index/parent_prefix_path/floor_nav
[13.242s] -- Up-to-date: /home/GTL/apaul/ros2_hw1/install/floor_nav/share/floor_nav/environment/ament_prefix_path.sh
[13.242s] -- Up-to-date: /home/GTL/apaul/ros2_hw1/install/floor_nav/share/floor_nav/environment/ament_prefix_path.dsv
[13.242s] -- Up-to-date: /home/GTL/apaul/ros2_hw1/install/floor_nav/share/floor_nav/environment/path.sh
[13.242s] -- Up-to-date: /home/GTL/apaul/ros2_hw1/install/floor_nav/share/floor_nav/environment/path.dsv
[13.243s] -- Up-to-date: /home/GTL/apaul/ros2_hw1/install/floor_nav/share/floor_nav/local_setup.bash
[13.243s] -- Up-to-date: /home/GTL/apaul/ros2_hw1/install/floor_nav/share/floor_nav/local_setup.sh
[13.244s] -- Up-to-date: /home/GTL/apaul/ros2_hw1/install/floor_nav/share/floor_nav/local_setup.zsh
[13.244s] -- Up-to-date: /home/GTL/apaul/ros2_hw1/install/floor_nav/share/floor_nav/local_setup.dsv
[13.244s] -- Installing: /home/GTL/apaul/ros2_hw1/install/floor_nav/share/floor_nav/package.dsv
[13.248s] -- Up-to-date: /home/GTL/apaul/ros2_hw1/install/floor_nav/share/ament_index/resource_index/packages/floor_nav
[13.249s] -- Up-to-date: /home/GTL/apaul/ros2_hw1/install/floor_nav/share/floor_nav/cmake/floor_navConfig.cmake
[13.249s] -- Up-to-date: /home/GTL/apaul/ros2_hw1/install/floor_nav/share/floor_nav/cmake/floor_navConfig-version.cmake
[13.249s] -- Up-to-date: /home/GTL/apaul/ros2_hw1/install/floor_nav/share/floor_nav/package.xml
[13.252s] Invoked command in '/home/GTL/apaul/ros2_hw1/build/floor_nav' returned '0': CMAKE_PREFIX_PATH=/home/GTL/apaul/ros2_hw1/install/task_manager_nav2:/home/GTL/apaul/ros2_hw1/install/task_manager_lib:/home/GTL/apaul/ros2_hw1/install/task_manager_msgs:/home/GTL/apaul/ros2_hw1/install/face_msg:/home/GTL/apaul/ros2_hw1/install/cs7630_msgs:/home/GTL/apaul/ros2_hw1/install/vrep4_helpers:/home/GTL/apaul/ros2_hw1/install/task_manager_sync:/home/GTL/apaul/ros2_hw1/install/floor_nav:/home/GTL/apaul/ros2_hw1/install/joy_pack:/home/GTL/apaul/ros2_hw1/install/collision_avoidance_base:/home/GTL/apaul/ros2_hw1/install/vrep_ros_teleop:/home/GTL/apaul/ros2_hw1/install/task_manager_client_py:/home/GTL/apaul/ros2_hw1/install/keyboard_teleop:/home/GTL/apaul/ros2_hw1/install/face_detect_base:/home/GTL/apaul/ros2_hw1/install/button_server:/opt/ros/humble LD_LIBRARY_PATH=/home/GTL/apaul/ros2_hw1/install/task_manager_lib/lib:/home/GTL/apaul/ros2_hw1/install/task_manager_msgs/lib:/home/GTL/apaul/ros2_hw1/install/face_msg/lib:/home/GTL/apaul/ros2_hw1/install/cs7630_msgs/lib:/home/GTL/apaul/ros2_hw1/install/task_manager_sync/lib:/usr/lib/x86_64-linux-gnu/gazebo-11/plugins:/opt/ros/humble/opt/rviz_ogre_vendor/lib:/opt/ros/humble/lib/x86_64-linux-gnu:/opt/ros/humble/lib /usr/bin/cmake --install /home/GTL/apaul/ros2_hw1/build/floor_nav
