[0.000000] (-) TimerEvent: {}
[0.000188] (-) JobUnselected: {'identifier': 'ar_loc_base'}
[0.000206] (-) JobUnselected: {'identifier': 'ar_mapping_base'}
[0.000217] (-) JobUnselected: {'identifier': 'ar_slam_base'}
[0.000227] (-) JobUnselected: {'identifier': 'button_server'}
[0.000235] (-) JobUnselected: {'identifier': 'collision_avoidance_base'}
[0.000248] (-) JobUnselected: {'identifier': 'cs7630_msgs'}
[0.000257] (-) JobUnselected: {'identifier': 'face_detect_base'}
[0.000265] (-) JobUnselected: {'identifier': 'face_msg'}
[0.000274] (-) JobUnselected: {'identifier': 'floor_nav'}
[0.000282] (-) JobUnselected: {'identifier': 'joy_pack'}
[0.000290] (-) JobUnselected: {'identifier': 'keyboard_teleop'}
[0.000298] (-) JobUnselected: {'identifier': 'obstacle_avoidance_base'}
[0.000306] (-) JobUnselected: {'identifier': 'occgrid_planner_base'}
[0.000314] (-) JobUnselected: {'identifier': 'rover_driver_base'}
[0.000328] (-) JobUnselected: {'identifier': 'task_manager_client_py'}
[0.000336] (-) JobUnselected: {'identifier': 'task_manager_lib'}
[0.000344] (-) JobUnselected: {'identifier': 'task_manager_msgs'}
[0.000353] (-) JobUnselected: {'identifier': 'task_manager_nav2'}
[0.000361] (-) JobUnselected: {'identifier': 'task_manager_sync'}
[0.000369] (-) JobUnselected: {'identifier': 'turtlebot_launch'}
[0.000377] (-) JobUnselected: {'identifier': 'vrep4_helpers'}
[0.000385] (-) JobUnselected: {'identifier': 'vrep_ros_teleop'}
[0.000393] (-) JobUnselected: {'identifier': 'wifi_map_base'}
[0.000401] (-) JobUnselected: {'identifier': 'wpa_cli_msgs'}
[0.000411] (occgrid_planner) JobQueued: {'identifier': 'occgrid_planner', 'dependencies': OrderedDict([('cs7630_msgs', '/home/GTL/apaul/ros2_hw1/install/cs7630_msgs')])}
[0.000426] (occgrid_planner) JobStarted: {'identifier': 'occgrid_planner'}
[0.015317] (occgrid_planner) JobProgress: {'identifier': 'occgrid_planner', 'progress': 'cmake'}
[0.019707] (occgrid_planner) JobProgress: {'identifier': 'occgrid_planner', 'progress': 'build'}
[0.020583] (occgrid_planner) Command: {'cmd': ['/usr/bin/cmake', '--build', '/home/GTL/apaul/ros2_hw1/build/occgrid_planner', '--', '-j16', '-l16'], 'cwd': '/home/GTL/apaul/ros2_hw1/build/occgrid_planner', 'env': OrderedDict([('USER', 'apaul'), ('XDG_SESSION_TYPE', 'x11'), ('SHLVL', '1'), ('LD_LIBRARY_PATH', '/home/GTL/apaul/ros2_hw1/install/cs7630_msgs/lib:/usr/lib/x86_64-linux-gnu/gazebo-11/plugins:/opt/ros/humble/opt/rviz_ogre_vendor/lib:/opt/ros/humble/lib/x86_64-linux-gnu:/opt/ros/humble/lib'), ('HOME', '/home/GTL/apaul'), ('CYCLONEDDS_URI', '/cs-share/pradalier/gtlpc_cyclonedds.xml'), ('OLDPWD', '/home/GTL/apaul'), ('DESKTOP_SESSION', 'ubuntu'), ('ROS_PYTHON_VERSION', '3'), ('GNOME_SHELL_SESSION_MODE', 'ubuntu'), ('GTK_MODULES', 'gail:atk-bridge'), ('MANAGERPID', '2380'), ('SYSTEMD_EXEC_PID', '2724'), ('DBUS_SESSION_BUS_ADDRESS', 'unix:path=/run/user/37726/bus'), ('COLORTERM', 'truecolor'), ('TERMINATOR_DBUS_NAME', 'net.tenshu.Terminator23558193cd9818af7fe4d2c2f5bd9d00f'), ('GIO_LAUNCHED_DESKTOP_FILE_PID', '3111'), ('ROS_DISTRO', 'humble'), ('GTK_IM_MODULE', 'ibus'), ('LOGNAME', 'apaul'), ('JOURNAL_STREAM', '8:21125'), ('_', '/usr/bin/colcon'), ('ROS_VERSION', '2'), ('XDG_SESSION_CLASS', 'user'), ('USERNAME', 'apaul'), ('TERM', 'xterm-256color'), ('GNOME_DESKTOP_SESSION_ID', 'this-is-deprecated'), ('ROS_LOCALHOST_ONLY', '0'), ('WINDOWPATH', '2'), ('PATH', '/opt/ros/humble/bin:/usr/local/sbin:/usr/local/bin:/usr/sbin:/usr/bin:/sbin:/bin:/usr/games:/usr/local/games:/snap/bin:/snap/bin'), ('SESSION_MANAGER', 'local/gtlpc103.georgiatech-metz.fr:@/tmp/.ICE-unix/2560,unix/gtlpc103.georgiatech-metz.fr:/tmp/.ICE-unix/2560'), ('INVOCATION_ID', 'fd165b7b1b8d47f0bc18c79baf35be8d'), ('XDG_MENU_PREFIX', 'gnome-'), ('XDG_RUNTIME_DIR', '/run/user/37726'), ('DISPLAY', ':1'), ('TERMINATOR_DBUS_PATH', '/net/tenshu/Terminator2'), ('LANG', 'en_US.UTF-8'), ('XDG_CURRENT_DESKTOP', 'ubuntu:GNOME'), ('IBUS_DISABLE_SNOOPER', '1'), ('RMW_IMPLEMENTATION', 'rmw_cyclonedds_cpp'), ('XMODIFIERS', '@im=ibus'), ('XDG_SESSION_DESKTOP', 'ubuntu'), ('XAUTHORITY', '/run/user/37726/gdm/Xauthority'), ('SSH_AGENT_LAUNCHER', 'gnome-keyring'), ('SSH_AUTH_SOCK', '/run/user/37726/keyring/ssh'), ('ROS_DOMAIN_ID', '53'), ('AMENT_PREFIX_PATH', '/home/GTL/apaul/ros2_hw1/install/cs7630_msgs:/opt/ros/humble'), ('SHELL', '/bin/bash'), ('TERMINATOR_UUID', 'urn:uuid:a2814dfb-42fb-4bab-aed1-7548fc9fd8a0'), ('KRB5CCNAME', 'FILE:/tmp/krb5cc_37726'), ('QT_ACCESSIBILITY', '1'), ('GDMSESSION', 'ubuntu'), ('GPG_AGENT_INFO', '/run/user/37726/gnupg/S.gpg-agent:0:1'), ('QT_IM_MODULE', 'ibus'), ('PWD', '/home/GTL/apaul/ros2_hw1/build/occgrid_planner'), ('XDG_CONFIG_DIRS', '/etc/xdg/xdg-ubuntu:/etc/xdg'), ('XDG_DATA_DIRS', '/usr/share/ubuntu:/usr/share/gnome:/usr/local/share/:/usr/share/:/var/lib/snapd/desktop'), ('PYTHONPATH', '/home/GTL/apaul/ros2_hw1/install/cs7630_msgs/local/lib/python3.10/dist-packages:/opt/ros/humble/lib/python3.10/site-packages:/opt/ros/humble/local/lib/python3.10/dist-packages'), ('COLCON', '1'), ('VTE_VERSION', '6800'), ('CMAKE_PREFIX_PATH', '/home/GTL/apaul/ros2_hw1/install/cs7630_msgs:/opt/ros/humble')]), 'shell': False}
[0.098453] (-) TimerEvent: {}
[0.198694] (-) TimerEvent: {}
[0.298936] (-) TimerEvent: {}
[0.338351] (occgrid_planner) StdoutLine: {'line': b'[100%] Built target path_optimizer\n'}
[0.338485] (occgrid_planner) StdoutLine: {'line': b'[100%] Built target path_follower\n'}
[0.338530] (occgrid_planner) StdoutLine: {'line': b'[100%] Built target occgrid_planner\n'}
[0.348197] (occgrid_planner) CommandEnded: {'returncode': 0}
[0.367662] (occgrid_planner) JobProgress: {'identifier': 'occgrid_planner', 'progress': 'install'}
[0.373649] (occgrid_planner) Command: {'cmd': ['/usr/bin/cmake', '--install', '/home/GTL/apaul/ros2_hw1/build/occgrid_planner'], 'cwd': '/home/GTL/apaul/ros2_hw1/build/occgrid_planner', 'env': OrderedDict([('USER', 'apaul'), ('XDG_SESSION_TYPE', 'x11'), ('SHLVL', '1'), ('LD_LIBRARY_PATH', '/home/GTL/apaul/ros2_hw1/install/cs7630_msgs/lib:/usr/lib/x86_64-linux-gnu/gazebo-11/plugins:/opt/ros/humble/opt/rviz_ogre_vendor/lib:/opt/ros/humble/lib/x86_64-linux-gnu:/opt/ros/humble/lib'), ('HOME', '/home/GTL/apaul'), ('CYCLONEDDS_URI', '/cs-share/pradalier/gtlpc_cyclonedds.xml'), ('OLDPWD', '/home/GTL/apaul'), ('DESKTOP_SESSION', 'ubuntu'), ('ROS_PYTHON_VERSION', '3'), ('GNOME_SHELL_SESSION_MODE', 'ubuntu'), ('GTK_MODULES', 'gail:atk-bridge'), ('MANAGERPID', '2380'), ('SYSTEMD_EXEC_PID', '2724'), ('DBUS_SESSION_BUS_ADDRESS', 'unix:path=/run/user/37726/bus'), ('COLORTERM', 'truecolor'), ('TERMINATOR_DBUS_NAME', 'net.tenshu.Terminator23558193cd9818af7fe4d2c2f5bd9d00f'), ('GIO_LAUNCHED_DESKTOP_FILE_PID', '3111'), ('ROS_DISTRO', 'humble'), ('GTK_IM_MODULE', 'ibus'), ('LOGNAME', 'apaul'), ('JOURNAL_STREAM', '8:21125'), ('_', '/usr/bin/colcon'), ('ROS_VERSION', '2'), ('XDG_SESSION_CLASS', 'user'), ('USERNAME', 'apaul'), ('TERM', 'xterm-256color'), ('GNOME_DESKTOP_SESSION_ID', 'this-is-deprecated'), ('ROS_LOCALHOST_ONLY', '0'), ('WINDOWPATH', '2'), ('PATH', '/opt/ros/humble/bin:/usr/local/sbin:/usr/local/bin:/usr/sbin:/usr/bin:/sbin:/bin:/usr/games:/usr/local/games:/snap/bin:/snap/bin'), ('SESSION_MANAGER', 'local/gtlpc103.georgiatech-metz.fr:@/tmp/.ICE-unix/2560,unix/gtlpc103.georgiatech-metz.fr:/tmp/.ICE-unix/2560'), ('INVOCATION_ID', 'fd165b7b1b8d47f0bc18c79baf35be8d'), ('XDG_MENU_PREFIX', 'gnome-'), ('XDG_RUNTIME_DIR', '/run/user/37726'), ('DISPLAY', ':1'), ('TERMINATOR_DBUS_PATH', '/net/tenshu/Terminator2'), ('LANG', 'en_US.UTF-8'), ('XDG_CURRENT_DESKTOP', 'ubuntu:GNOME'), ('IBUS_DISABLE_SNOOPER', '1'), ('RMW_IMPLEMENTATION', 'rmw_cyclonedds_cpp'), ('XMODIFIERS', '@im=ibus'), ('XDG_SESSION_DESKTOP', 'ubuntu'), ('XAUTHORITY', '/run/user/37726/gdm/Xauthority'), ('SSH_AGENT_LAUNCHER', 'gnome-keyring'), ('SSH_AUTH_SOCK', '/run/user/37726/keyring/ssh'), ('ROS_DOMAIN_ID', '53'), ('AMENT_PREFIX_PATH', '/home/GTL/apaul/ros2_hw1/install/cs7630_msgs:/opt/ros/humble'), ('SHELL', '/bin/bash'), ('TERMINATOR_UUID', 'urn:uuid:a2814dfb-42fb-4bab-aed1-7548fc9fd8a0'), ('KRB5CCNAME', 'FILE:/tmp/krb5cc_37726'), ('QT_ACCESSIBILITY', '1'), ('GDMSESSION', 'ubuntu'), ('GPG_AGENT_INFO', '/run/user/37726/gnupg/S.gpg-agent:0:1'), ('QT_IM_MODULE', 'ibus'), ('PWD', '/home/GTL/apaul/ros2_hw1/build/occgrid_planner'), ('XDG_CONFIG_DIRS', '/etc/xdg/xdg-ubuntu:/etc/xdg'), ('XDG_DATA_DIRS', '/usr/share/ubuntu:/usr/share/gnome:/usr/local/share/:/usr/share/:/var/lib/snapd/desktop'), ('PYTHONPATH', '/home/GTL/apaul/ros2_hw1/install/cs7630_msgs/local/lib/python3.10/dist-packages:/opt/ros/humble/lib/python3.10/site-packages:/opt/ros/humble/local/lib/python3.10/dist-packages'), ('COLCON', '1'), ('VTE_VERSION', '6800'), ('CMAKE_PREFIX_PATH', '/home/GTL/apaul/ros2_hw1/install/cs7630_msgs:/opt/ros/humble')]), 'shell': False}
[0.379464] (occgrid_planner) StdoutLine: {'line': b'-- Install configuration: ""\n'}
[0.382326] (occgrid_planner) StdoutLine: {'line': b'-- Up-to-date: /home/GTL/apaul/ros2_hw1/install/occgrid_planner/lib/occgrid_planner/occgrid_planner\n'}
[0.387463] (occgrid_planner) StdoutLine: {'line': b'-- Up-to-date: /home/GTL/apaul/ros2_hw1/install/occgrid_planner/lib/occgrid_planner/path_optimizer\n'}
[0.392227] (occgrid_planner) StdoutLine: {'line': b'-- Up-to-date: /home/GTL/apaul/ros2_hw1/install/occgrid_planner/lib/occgrid_planner/path_follower\n'}
[0.394766] (occgrid_planner) StdoutLine: {'line': b'-- Up-to-date: /home/GTL/apaul/ros2_hw1/install/occgrid_planner/share/occgrid_planner\n'}
[0.395750] (occgrid_planner) StdoutLine: {'line': b'-- Up-to-date: /home/GTL/apaul/ros2_hw1/install/occgrid_planner/share/occgrid_planner/planner.launch.py\n'}
[0.396308] (occgrid_planner) StdoutLine: {'line': b'-- Up-to-date: /home/GTL/apaul/ros2_hw1/install/occgrid_planner/share/occgrid_planner/mapper_params_online_sync.yaml\n'}
[0.396802] (occgrid_planner) StdoutLine: {'line': b'-- Up-to-date: /home/GTL/apaul/ros2_hw1/install/occgrid_planner/share/occgrid_planner/slam_tb_sync.launch.py\n'}
[0.397208] (occgrid_planner) StdoutLine: {'line': b'-- Up-to-date: /home/GTL/apaul/ros2_hw1/install/occgrid_planner/share/occgrid_planner/mapper_params_tb_sync.yaml\n'}
[0.397646] (occgrid_planner) StdoutLine: {'line': b'-- Up-to-date: /home/GTL/apaul/ros2_hw1/install/occgrid_planner/share/occgrid_planner/slam_online_sync.launch.py\n'}
[0.397839] (occgrid_planner) StdoutLine: {'line': b'-- Up-to-date: /home/GTL/apaul/ros2_hw1/install/occgrid_planner/share/occgrid_planner/__pycache__\n'}
[0.398802] (occgrid_planner) StdoutLine: {'line': b'-- Up-to-date: /home/GTL/apaul/ros2_hw1/install/occgrid_planner/share/occgrid_planner/__pycache__/slam_online_sync.launch.cpython-310.pyc\n'}
[0.398984] (-) TimerEvent: {}
[0.399295] (occgrid_planner) StdoutLine: {'line': b'-- Up-to-date: /home/GTL/apaul/ros2_hw1/install/occgrid_planner/share/occgrid_planner/__pycache__/slam_tb_sync.launch.cpython-310.pyc\n'}
[0.399972] (occgrid_planner) StdoutLine: {'line': b'-- Up-to-date: /home/GTL/apaul/ros2_hw1/install/occgrid_planner/share/ament_index/resource_index/package_run_dependencies/occgrid_planner\n'}
[0.400566] (occgrid_planner) StdoutLine: {'line': b'-- Up-to-date: /home/GTL/apaul/ros2_hw1/install/occgrid_planner/share/ament_index/resource_index/parent_prefix_path/occgrid_planner\n'}
[0.401052] (occgrid_planner) StdoutLine: {'line': b'-- Up-to-date: /home/GTL/apaul/ros2_hw1/install/occgrid_planner/share/occgrid_planner/environment/ament_prefix_path.sh\n'}
[0.401714] (occgrid_planner) StdoutLine: {'line': b'-- Up-to-date: /home/GTL/apaul/ros2_hw1/install/occgrid_planner/share/occgrid_planner/environment/ament_prefix_path.dsv\n'}
[0.402151] (occgrid_planner) StdoutLine: {'line': b'-- Up-to-date: /home/GTL/apaul/ros2_hw1/install/occgrid_planner/share/occgrid_planner/environment/path.sh\n'}
[0.402797] (occgrid_planner) StdoutLine: {'line': b'-- Up-to-date: /home/GTL/apaul/ros2_hw1/install/occgrid_planner/share/occgrid_planner/environment/path.dsv\n'}
[0.403290] (occgrid_planner) StdoutLine: {'line': b'-- Up-to-date: /home/GTL/apaul/ros2_hw1/install/occgrid_planner/share/occgrid_planner/local_setup.bash\n'}
[0.403880] (occgrid_planner) StdoutLine: {'line': b'-- Up-to-date: /home/GTL/apaul/ros2_hw1/install/occgrid_planner/share/occgrid_planner/local_setup.sh\n'}
[0.404464] (occgrid_planner) StdoutLine: {'line': b'-- Up-to-date: /home/GTL/apaul/ros2_hw1/install/occgrid_planner/share/occgrid_planner/local_setup.zsh\n'}
[0.405102] (occgrid_planner) StdoutLine: {'line': b'-- Up-to-date: /home/GTL/apaul/ros2_hw1/install/occgrid_planner/share/occgrid_planner/local_setup.dsv\n'}
[0.405867] (occgrid_planner) StdoutLine: {'line': b'-- Installing: /home/GTL/apaul/ros2_hw1/install/occgrid_planner/share/occgrid_planner/package.dsv\n'}
[0.410271] (occgrid_planner) StdoutLine: {'line': b'-- Up-to-date: /home/GTL/apaul/ros2_hw1/install/occgrid_planner/share/ament_index/resource_index/packages/occgrid_planner\n'}
[0.410748] (occgrid_planner) StdoutLine: {'line': b'-- Up-to-date: /home/GTL/apaul/ros2_hw1/install/occgrid_planner/share/occgrid_planner/cmake/occgrid_plannerConfig.cmake\n'}
[0.411343] (occgrid_planner) StdoutLine: {'line': b'-- Up-to-date: /home/GTL/apaul/ros2_hw1/install/occgrid_planner/share/occgrid_planner/cmake/occgrid_plannerConfig-version.cmake\n'}
[0.411903] (occgrid_planner) StdoutLine: {'line': b'-- Up-to-date: /home/GTL/apaul/ros2_hw1/install/occgrid_planner/share/occgrid_planner/package.xml\n'}
[0.414531] (occgrid_planner) CommandEnded: {'returncode': 0}
[0.484928] (occgrid_planner) JobEnded: {'identifier': 'occgrid_planner', 'rc': 0}
[0.486758] (-) EventReactorShutdown: {}
